<?xml version="1.0" encoding="utf-8"?>
<TestRun id="2489895e-fed4-46a6-a8dd-8965cada0a2b" name="@devbox 2025-06-24 03:53:51" xmlns="http://microsoft.com/schemas/VisualStudio/TeamTest/2010">
  <Times creation="2025-06-24T03:53:51.1748844+00:00" queuing="2025-06-24T03:53:51.1748845+00:00" start="2025-06-24T03:53:49.8663907+00:00" finish="2025-06-24T03:53:52.5900895+00:00" />
  <TestSettings name="default" id="518fddb9-71b8-41ea-aafa-54721ea448a5">
    <Deployment runDeploymentRoot="_devbox_2025-06-24_03_53_51" />
  </TestSettings>
  <Results>
    <UnitTestResult executionId="5bb26d02-d433-4ebc-9877-81477bab9470" testId="5519bd7e-9166-72fd-aaec-cf2034f21955" testName="ClickUp.Api.Client.Tests.ServiceTests.DocsServiceTests.GetPageAsync_ValidRequest_BuildsUrlAndReturnsPage" computerName="devbox" duration="00:00:00.0110518" startTime="2025-06-24T03:53:51.2336387+00:00" endTime="2025-06-24T03:53:51.2336388+00:00" testType="13cdc9d9-ddb5-4fa4-a97d-d965ccfc6d4b" outcome="Passed" testListId="8c84fa94-04c1-424b-9868-57a2d4851a1d" relativeResultsDirectory="5bb26d02-d433-4ebc-9877-81477bab9470" />
    <UnitTestResult executionId="516670b6-a803-4919-bb02-993e1582e976" testId="1aa2c57e-f447-7f14-49eb-3b9a485b3963" testName="ClickUp.Api.Client.Tests.ServiceTests.DocsServiceTests.SearchDocsAsync_ApiConnectionThrowsTaskCanceledException_PropagatesException" computerName="devbox" duration="00:00:00.0027298" startTime="2025-06-24T03:53:51.4800324+00:00" endTime="2025-06-24T03:53:51.4800324+00:00" testType="13cdc9d9-ddb5-4fa4-a97d-d965ccfc6d4b" outcome="Passed" testListId="8c84fa94-04c1-424b-9868-57a2d4851a1d" relativeResultsDirectory="516670b6-a803-4919-bb02-993e1582e976" />
    <UnitTestResult executionId="d096002b-7b06-4fc7-940d-52592a6f1893" testId="7719e203-2337-c642-9646-c6f6ea3c2fd5" testName="ClickUp.Api.Client.Tests.ServiceTests.CommentServiceTests.GetChatViewCommentsAsync_PassesCancellationTokenToApiConnection" computerName="devbox" duration="00:00:00.0040246" startTime="2025-06-24T03:53:51.3117891+00:00" endTime="2025-06-24T03:53:51.3117892+00:00" testType="13cdc9d9-ddb5-4fa4-a97d-d965ccfc6d4b" outcome="Passed" testListId="8c84fa94-04c1-424b-9868-57a2d4851a1d" relativeResultsDirectory="d096002b-7b06-4fc7-940d-52592a6f1893" />
    <UnitTestResult executionId="a59b1482-5486-4240-9ea6-9564d2fdee25" testId="703a1df5-a316-af5a-074a-213eff12ae62" testName="ClickUp.Api.Client.Tests.ServiceTests.WebhooksServiceTests.UpdateWebhookAsync_ValidRequest_ReturnsUpdatedWebhook" computerName="devbox" duration="00:00:00.0114991" startTime="2025-06-24T03:53:51.5688057+00:00" endTime="2025-06-24T03:53:51.5688057+00:00" testType="13cdc9d9-ddb5-4fa4-a97d-d965ccfc6d4b" outcome="Passed" testListId="8c84fa94-04c1-424b-9868-57a2d4851a1d" relativeResultsDirectory="a59b1482-5486-4240-9ea6-9564d2fdee25" />
    <UnitTestResult executionId="8b68d0be-0663-4fa5-b3f2-ddf9e35c0c27" testId="d035db6c-0fa8-1fa3-79f9-636ffcf58549" testName="ClickUp.Api.Client.Tests.ServiceTests.WorkspacesServiceTests.GetWorkspacePlanAsync_ValidWorkspaceId_ReturnsPlanResponse" computerName="devbox" duration="00:00:00.0062578" startTime="2025-06-24T03:53:51.7404809+00:00" endTime="2025-06-24T03:53:51.7404809+00:00" testType="13cdc9d9-ddb5-4fa4-a97d-d965ccfc6d4b" outcome="Passed" testListId="8c84fa94-04c1-424b-9868-57a2d4851a1d" relativeResultsDirectory="8b68d0be-0663-4fa5-b3f2-ddf9e35c0c27" />
    <UnitTestResult executionId="84a2a220-e0eb-43c8-9a3e-20b8392cfd8f" testId="adc90dd8-5ac7-3bbc-809a-8d948e56efe0" testName="ClickUp.Api.Client.Tests.ServiceTests.ListsServiceTests.DeleteListAsync_PassesCancellationTokenToApiConnection" computerName="devbox" duration="00:00:00.0030406" startTime="2025-06-24T03:53:52.4134501+00:00" endTime="2025-06-24T03:53:52.4134502+00:00" testType="13cdc9d9-ddb5-4fa4-a97d-d965ccfc6d4b" outcome="Passed" testListId="8c84fa94-04c1-424b-9868-57a2d4851a1d" relativeResultsDirectory="84a2a220-e0eb-43c8-9a3e-20b8392cfd8f" />
    <UnitTestResult executionId="12635c3c-483b-4173-8791-d83bc81a1de9" testId="b2f32484-a5e7-baee-136b-ccf738df26ea" testName="ClickUp.Api.Client.Tests.ServiceTests.MembersServiceTests.GetTaskMembersAsync_ApiConnectionThrowsTaskCanceledException_PropagatesException" computerName="devbox" duration="00:00:00.0016286" startTime="2025-06-24T03:53:51.2729049+00:00" endTime="2025-06-24T03:53:51.2729050+00:00" testType="13cdc9d9-ddb5-4fa4-a97d-d965ccfc6d4b" outcome="Passed" testListId="8c84fa94-04c1-424b-9868-57a2d4851a1d" relativeResultsDirectory="12635c3c-483b-4173-8791-d83bc81a1de9" />
    <UnitTestResult executionId="370bd63f-a1d2-434b-b79e-11e96e9857c0" testId="46b65487-d6a5-d890-628a-f9beae9627a1" testName="ClickUp.Api.Client.Tests.ServiceTests.CommentServiceTests.GetChatViewCommentsStreamAsync_IAsyncEnumerable_ReturnsAllComments_WhenMultiplePages" computerName="devbox" duration="00:00:00.0134352" startTime="2025-06-24T03:53:51.2908529+00:00" endTime="2025-06-24T03:53:51.2908530+00:00" testType="13cdc9d9-ddb5-4fa4-a97d-d965ccfc6d4b" outcome="Passed" testListId="8c84fa94-04c1-424b-9868-57a2d4851a1d" relativeResultsDirectory="370bd63f-a1d2-434b-b79e-11e96e9857c0" />
    <UnitTestResult executionId="ca608dab-fa76-4323-8b7e-3cf946035035" testId="725327de-c729-bba1-25ba-e4171c6a328b" testName="ClickUp.Api.Client.Tests.ServiceTests.ChatServiceTests.UpdateChatMessageAsync_ApiConnectionThrowsTaskCanceledException_PropagatesException" computerName="devbox" duration="00:00:00.0030980" startTime="2025-06-24T03:53:52.1199663+00:00" endTime="2025-06-24T03:53:52.1199664+00:00" testType="13cdc9d9-ddb5-4fa4-a97d-d965ccfc6d4b" outcome="Passed" testListId="8c84fa94-04c1-424b-9868-57a2d4851a1d" relativeResultsDirectory="ca608dab-fa76-4323-8b7e-3cf946035035" />
    <UnitTestResult executionId="2f360df1-9a83-4155-b1d1-60812297582d" testId="e494e481-9899-4aff-8ac0-6c2a711a3ba2" testName="ClickUp.Api.Client.Tests.ServiceTests.DocsServiceTests.CreateDocAsync_NullDataInResponse_ThrowsInvalidOperationException" computerName="devbox" duration="00:00:00.0178373" startTime="2025-06-24T03:53:51.1584343+00:00" endTime="2025-06-24T03:53:51.1584343+00:00" testType="13cdc9d9-ddb5-4fa4-a97d-d965ccfc6d4b" outcome="Passed" testListId="8c84fa94-04c1-424b-9868-57a2d4851a1d" relativeResultsDirectory="2f360df1-9a83-4155-b1d1-60812297582d" />
    <UnitTestResult executionId="bece7809-7f1c-4c18-bf7d-e294aa252230" testId="31498882-c4bb-afb1-0108-356ab9517aeb" testName="ClickUp.Api.Client.Tests.ServiceTests.WebhooksServiceTests.UpdateWebhookAsync_PassesCancellationTokenToApiConnection" computerName="devbox" duration="00:00:00.0062132" startTime="2025-06-24T03:53:51.5493033+00:00" endTime="2025-06-24T03:53:51.5493034+00:00" testType="13cdc9d9-ddb5-4fa4-a97d-d965ccfc6d4b" outcome="Passed" testListId="8c84fa94-04c1-424b-9868-57a2d4851a1d" relativeResultsDirectory="bece7809-7f1c-4c18-bf7d-e294aa252230" />
    <UnitTestResult executionId="3a726a7a-5cc2-488e-8dd5-9d890a88f9f0" testId="a08932a6-9369-c308-ac78-803254710165" testName="ClickUp.Api.Client.Tests.ServiceTests.GuestsServiceTests.EditGuestOnWorkspaceAsync_ValidRequest_CallsPutAndReturnsGuest" computerName="devbox" duration="00:00:00.0059949" startTime="2025-06-24T03:53:51.8958307+00:00" endTime="2025-06-24T03:53:51.8958308+00:00" testType="13cdc9d9-ddb5-4fa4-a97d-d965ccfc6d4b" outcome="Passed" testListId="8c84fa94-04c1-424b-9868-57a2d4851a1d" relativeResultsDirectory="3a726a7a-5cc2-488e-8dd5-9d890a88f9f0" />
    <UnitTestResult executionId="b90fdd5e-1719-4c95-a981-b1010e44a5fa" testId="8cb37b60-2322-a77e-5d01-114ce8ef583d" testName="ClickUp.Api.Client.Tests.ServiceTests.ChatServiceTests.CreateDirectMessageChatChannelAsync_ApiError_ThrowsHttpRequestException" computerName="devbox" duration="00:00:00.0078624" startTime="2025-06-24T03:53:51.8345193+00:00" endTime="2025-06-24T03:53:51.8345194+00:00" testType="13cdc9d9-ddb5-4fa4-a97d-d965ccfc6d4b" outcome="Passed" testListId="8c84fa94-04c1-424b-9868-57a2d4851a1d" relativeResultsDirectory="b90fdd5e-1719-4c95-a981-b1010e44a5fa" />
    <UnitTestResult executionId="55f4da8c-b2cb-4747-9fd8-611cac4f7d06" testId="49a40760-165b-b98c-7b83-bcd32656873d" testName="ClickUp.Api.Client.Tests.ServiceTests.ChatServiceTests.GetChatChannelsAsync_ApiError_ThrowsHttpRequestException" computerName="devbox" duration="00:00:00.0084406" startTime="2025-06-24T03:53:51.9685097+00:00" endTime="2025-06-24T03:53:51.9685098+00:00" testType="13cdc9d9-ddb5-4fa4-a97d-d965ccfc6d4b" outcome="Passed" testListId="8c84fa94-04c1-424b-9868-57a2d4851a1d" relativeResultsDirectory="55f4da8c-b2cb-4747-9fd8-611cac4f7d06" />
    <UnitTestResult executionId="ab32f87b-0f92-419f-a489-0a7379850d28" testId="9130ff1c-3d20-6dbc-6548-4a4c26907e23" testName="ClickUp.Api.Client.Tests.ServiceTests.ChatServiceTests.CreateChatChannelAsync_NullResponse_ThrowsInvalidOperationException" computerName="devbox" duration="00:00:00.0025593" startTime="2025-06-24T03:53:52.2226331+00:00" endTime="2025-06-24T03:53:52.2226332+00:00" testType="13cdc9d9-ddb5-4fa4-a97d-d965ccfc6d4b" outcome="Passed" testListId="8c84fa94-04c1-424b-9868-57a2d4851a1d" relativeResultsDirectory="ab32f87b-0f92-419f-a489-0a7379850d28" />
    <UnitTestResult executionId="13f33bd7-fe65-47b2-a2ba-63640c116cc3" testId="b8102875-1530-5ffa-d85f-e540535c1165" testName="ClickUp.Api.Client.Tests.ServiceTests.MembersServiceTests.GetTaskMembersAsync_ApiConnectionThrowsHttpRequestException_PropagatesException" computerName="devbox" duration="00:00:00.0023419" startTime="2025-06-24T03:53:51.2767381+00:00" endTime="2025-06-24T03:53:51.2767382+00:00" testType="13cdc9d9-ddb5-4fa4-a97d-d965ccfc6d4b" outcome="Passed" testListId="8c84fa94-04c1-424b-9868-57a2d4851a1d" relativeResultsDirectory="13f33bd7-fe65-47b2-a2ba-63640c116cc3" />
    <UnitTestResult executionId="00031524-e2fc-4150-bc04-56f046ff2322" testId="e12e7acd-2331-13b9-9d8f-f8f7f7f3c03e" testName="ClickUp.Api.Client.Tests.ServiceTests.TimeTrackingServiceTests.ChangeTimeEntryTagNameAsync_PassesCancellationTokenToApiConnection" computerName="devbox" duration="00:00:00.0052794" startTime="2025-06-24T03:53:51.4170960+00:00" endTime="2025-06-24T03:53:51.4170961+00:00" testType="13cdc9d9-ddb5-4fa4-a97d-d965ccfc6d4b" outcome="Passed" testListId="8c84fa94-04c1-424b-9868-57a2d4851a1d" relativeResultsDirectory="00031524-e2fc-4150-bc04-56f046ff2322" />
    <UnitTestResult executionId="3fc48591-4e6a-4940-9f2e-1a66d74c361d" testId="c061e405-883c-9658-5a6e-a7bf565667ac" testName="ClickUp.Api.Client.Tests.ServiceTests.GoalsServiceTests.UpdateGoalAsync_ApiError_ThrowsHttpRequestException" computerName="devbox" duration="00:00:00.0080313" startTime="2025-06-24T03:53:51.8871866+00:00" endTime="2025-06-24T03:53:51.8871867+00:00" testType="13cdc9d9-ddb5-4fa4-a97d-d965ccfc6d4b" outcome="Passed" testListId="8c84fa94-04c1-424b-9868-57a2d4851a1d" relativeResultsDirectory="3fc48591-4e6a-4940-9f2e-1a66d74c361d" />
    <UnitTestResult executionId="e69f5d4e-2b44-4621-97c6-3944bec87356" testId="28485d5f-48c5-58ca-c218-78fddbd7025c" testName="ClickUp.Api.Client.Tests.ServiceTests.GoalsServiceTests.UpdateGoalAsync_ApiReturnsNullResponse_ThrowsInvalidOperationException" computerName="devbox" duration="00:00:00.0093687" startTime="2025-06-24T03:53:51.9154059+00:00" endTime="2025-06-24T03:53:51.9154060+00:00" testType="13cdc9d9-ddb5-4fa4-a97d-d965ccfc6d4b" outcome="Passed" testListId="8c84fa94-04c1-424b-9868-57a2d4851a1d" relativeResultsDirectory="e69f5d4e-2b44-4621-97c6-3944bec87356" />
    <UnitTestResult executionId="29c5d56e-54dd-40a0-9892-940b77220d38" testId="87f69b82-785e-11d4-2d64-b9fd1097a0f3" testName="ClickUp.Api.Client.Tests.ServiceTests.DocsServiceTests.SearchAllDocsAsync_NoResults_ReturnsEmpty" computerName="devbox" duration="00:00:00.0105468" startTime="2025-06-24T03:53:51.4490913+00:00" endTime="2025-06-24T03:53:51.4490914+00:00" testType="13cdc9d9-ddb5-4fa4-a97d-d965ccfc6d4b" outcome="Passed" testListId="8c84fa94-04c1-424b-9868-57a2d4851a1d" relativeResultsDirectory="29c5d56e-54dd-40a0-9892-940b77220d38" />
    <UnitTestResult executionId="338b8621-0bb8-4c26-8494-d7260f447cab" testId="fe7ac19d-dd0b-cf43-1f4b-31ffc8d755d1" testName="ClickUp.Api.Client.Tests.ServiceTests.DocsServiceTests.GetDocPagesAsync_NullDataInResponse_ReturnsEmptyEnumerable" computerName="devbox" duration="00:00:00.0015950" startTime="2025-06-24T03:53:51.3253365+00:00" endTime="2025-06-24T03:53:51.3253366+00:00" testType="13cdc9d9-ddb5-4fa4-a97d-d965ccfc6d4b" outcome="Passed" testListId="8c84fa94-04c1-424b-9868-57a2d4851a1d" relativeResultsDirectory="338b8621-0bb8-4c26-8494-d7260f447cab" />
    <UnitTestResult executionId="e817e12e-d633-4cbf-9e94-56afe6f359a8" testId="16db33d3-f78a-14af-08ba-1ee180bc20a5" testName="ClickUp.Api.Client.Tests.ServiceTests.ListsServiceTests.GetFolderlessListsAsync_ValidSpaceId_ReturnsLists" computerName="devbox" duration="00:00:00.0065737" startTime="2025-06-24T03:53:52.3985122+00:00" endTime="2025-06-24T03:53:52.3985123+00:00" testType="13cdc9d9-ddb5-4fa4-a97d-d965ccfc6d4b" outcome="Passed" testListId="8c84fa94-04c1-424b-9868-57a2d4851a1d" relativeResultsDirectory="e817e12e-d633-4cbf-9e94-56afe6f359a8" />
    <UnitTestResult executionId="bdf2914f-1684-4e75-97f4-fcb53e5cdcc2" testId="4258fb6c-c2cd-a351-3bea-df12428172b9" testName="ClickUp.Api.Client.Tests.ServiceTests.WorkspacesServiceTests.GetWorkspacePlanAsync_ApiConnectionThrowsTaskCanceledException_PropagatesException" computerName="devbox" duration="00:00:00.0057163" startTime="2025-06-24T03:53:51.7202825+00:00" endTime="2025-06-24T03:53:51.7202826+00:00" testType="13cdc9d9-ddb5-4fa4-a97d-d965ccfc6d4b" outcome="Passed" testListId="8c84fa94-04c1-424b-9868-57a2d4851a1d" relativeResultsDirectory="bdf2914f-1684-4e75-97f4-fcb53e5cdcc2" />
    <UnitTestResult executionId="421c384c-6305-4a96-bc34-995ec9405c7f" testId="eddd9d9b-e083-b446-daa1-21bad430c388" testName="ClickUp.Api.Client.Tests.ServiceTests.TaskServiceTests.GetTaskAsync_ApiConnectionThrowsTaskCanceledException_PropagatesException" computerName="devbox" duration="00:00:00.0049837" startTime="2025-06-24T03:53:52.1189240+00:00" endTime="2025-06-24T03:53:52.1189241+00:00" testType="13cdc9d9-ddb5-4fa4-a97d-d965ccfc6d4b" outcome="Passed" testListId="8c84fa94-04c1-424b-9868-57a2d4851a1d" relativeResultsDirectory="421c384c-6305-4a96-bc34-995ec9405c7f" />
    <UnitTestResult executionId="7b5836e5-1f26-4f1a-bfd0-9ee97f3caa63" testId="574450ea-f124-3a1f-aa8f-f6c0ff788a71" testName="ClickUp.Api.Client.Tests.ServiceTests.GoalsServiceTests.CreateGoalAsync_ApiReturnsNullGoalInResponse_ThrowsInvalidOperationException" computerName="devbox" duration="00:00:00.0045936" startTime="2025-06-24T03:53:51.9441556+00:00" endTime="2025-06-24T03:53:51.9441557+00:00" testType="13cdc9d9-ddb5-4fa4-a97d-d965ccfc6d4b" outcome="Passed" testListId="8c84fa94-04c1-424b-9868-57a2d4851a1d" relativeResultsDirectory="7b5836e5-1f26-4f1a-bfd0-9ee97f3caa63" />
    <UnitTestResult executionId="cdd69813-8edf-4805-bb9e-10dde480f603" testId="53c6727e-4ff3-092e-cdf4-886284bca918" testName="ClickUp.Api.Client.Tests.ServiceTests.ListsServiceTests.CreateListFromTemplateInFolderAsync_ValidRequest_ReturnsList" computerName="devbox" duration="00:00:00.0075599" startTime="2025-06-24T03:53:52.2583265+00:00" endTime="2025-06-24T03:53:52.2583266+00:00" testType="13cdc9d9-ddb5-4fa4-a97d-d965ccfc6d4b" outcome="Passed" testListId="8c84fa94-04c1-424b-9868-57a2d4851a1d" relativeResultsDirectory="cdd69813-8edf-4805-bb9e-10dde480f603" />
    <UnitTestResult executionId="08e441e3-ddf8-4fc8-a63f-6b5738d90f3a" testId="f48b6f9b-b0cd-e131-ab52-256dec0f6231" testName="ClickUp.Api.Client.Tests.ServiceTests.ListsServiceTests.AddTaskToListAsync_PassesCancellationTokenToApiConnection" computerName="devbox" duration="00:00:00.0053124" startTime="2025-06-24T03:53:52.2218945+00:00" endTime="2025-06-24T03:53:52.2218946+00:00" testType="13cdc9d9-ddb5-4fa4-a97d-d965ccfc6d4b" outcome="Passed" testListId="8c84fa94-04c1-424b-9868-57a2d4851a1d" relativeResultsDirectory="08e441e3-ddf8-4fc8-a63f-6b5738d90f3a" />
    <UnitTestResult executionId="c4394b82-0533-4b0e-a15f-d4e0ae9482f4" testId="fa2c12ce-c436-1daf-ffc0-e83345703f4e" testName="ClickUp.Api.Client.Tests.ServiceTests.FoldersServiceTests.DeleteFolderAsync_ApiError_ThrowsHttpRequestException" computerName="devbox" duration="00:00:00.0036636" startTime="2025-06-24T03:53:51.0733073+00:00" endTime="2025-06-24T03:53:51.0733073+00:00" testType="13cdc9d9-ddb5-4fa4-a97d-d965ccfc6d4b" outcome="Passed" testListId="8c84fa94-04c1-424b-9868-57a2d4851a1d" relativeResultsDirectory="c4394b82-0533-4b0e-a15f-d4e0ae9482f4" />
    <UnitTestResult executionId="23c34aeb-137f-42a5-8175-caef6d7508d8" testId="30cbc6c1-e207-9636-2837-013eab9a8ee3" testName="ClickUp.Api.Client.Tests.ServiceTests.CustomFieldsServiceTests.SetCustomFieldValueAsync_PassesCancellationTokenToApiConnection" computerName="devbox" duration="00:00:00.0192082" startTime="2025-06-24T03:53:51.9645394+00:00" endTime="2025-06-24T03:53:51.9645395+00:00" testType="13cdc9d9-ddb5-4fa4-a97d-d965ccfc6d4b" outcome="Passed" testListId="8c84fa94-04c1-424b-9868-57a2d4851a1d" relativeResultsDirectory="23c34aeb-137f-42a5-8175-caef6d7508d8" />
    <UnitTestResult executionId="3087c1e6-828f-4951-8912-8abd9d80c7e5" testId="e8c9d034-4940-a993-5fdb-45ecf9af63fa" testName="ClickUp.Api.Client.Tests.ServiceTests.TimeTrackingServiceTests.AddTagsToTimeEntriesAsync_PassesCancellationTokenToApiConnection" computerName="devbox" duration="00:00:00.0094883" startTime="2025-06-24T03:53:51.3524915+00:00" endTime="2025-06-24T03:53:51.3524915+00:00" testType="13cdc9d9-ddb5-4fa4-a97d-d965ccfc6d4b" outcome="Passed" testListId="8c84fa94-04c1-424b-9868-57a2d4851a1d" relativeResultsDirectory="3087c1e6-828f-4951-8912-8abd9d80c7e5" />
    <UnitTestResult executionId="73820789-d2c4-4a70-aa85-0edbd2c69245" testId="ea5a41f0-3296-5896-9060-90e606cfb0ac" testName="ClickUp.Api.Client.Tests.ServiceTests.GuestsServiceTests.RemoveGuestFromWorkspaceAsync_PassesCancellationTokenToApiConnection" computerName="devbox" duration="00:00:00.0048302" startTime="2025-06-24T03:53:51.8744577+00:00" endTime="2025-06-24T03:53:51.8744578+00:00" testType="13cdc9d9-ddb5-4fa4-a97d-d965ccfc6d4b" outcome="Passed" testListId="8c84fa94-04c1-424b-9868-57a2d4851a1d" relativeResultsDirectory="73820789-d2c4-4a70-aa85-0edbd2c69245" />
    <UnitTestResult executionId="f78b4e7b-6f8c-4724-8c97-97211626c790" testId="9edc3d01-0f4e-9855-faef-f39f06d14cce" testName="ClickUp.Api.Client.Tests.ServiceTests.ListsServiceTests.UpdateListAsync_ApiConnectionThrowsHttpRequestException_PropagatesException" computerName="devbox" duration="00:00:00.0048423" startTime="2025-06-24T03:53:52.1295488+00:00" endTime="2025-06-24T03:53:52.1295489+00:00" testType="13cdc9d9-ddb5-4fa4-a97d-d965ccfc6d4b" outcome="Passed" testListId="8c84fa94-04c1-424b-9868-57a2d4851a1d" relativeResultsDirectory="f78b4e7b-6f8c-4724-8c97-97211626c790" />
    <UnitTestResult executionId="9ce14a64-7513-4446-841f-1f4cb9259a70" testId="7fb93413-a557-7a8d-16c0-74f3d6ddf901" testName="ClickUp.Api.Client.Tests.Models.Serialization.Converters.JsonStringOrNumberConverterTests.Read_WhenJsonIsInteger_ShouldReturnString" computerName="devbox" duration="00:00:00.0001743" startTime="2025-06-24T03:53:52.0532745+00:00" endTime="2025-06-24T03:53:52.0532745+00:00" testType="13cdc9d9-ddb5-4fa4-a97d-d965ccfc6d4b" outcome="Passed" testListId="8c84fa94-04c1-424b-9868-57a2d4851a1d" relativeResultsDirectory="9ce14a64-7513-4446-841f-1f4cb9259a70" />
    <UnitTestResult executionId="6322f63b-b50e-4d7d-a602-43ead0c7d26f" testId="c581f042-8783-656a-7359-34518f36fa24" testName="ClickUp.Api.Client.Tests.ServiceTests.TaskRelationshipsServiceTests.AddTaskLinkAsync_PassesCancellationTokenToApiConnection" computerName="devbox" duration="00:00:00.0138944" startTime="2025-06-24T03:53:51.7463604+00:00" endTime="2025-06-24T03:53:51.7463605+00:00" testType="13cdc9d9-ddb5-4fa4-a97d-d965ccfc6d4b" outcome="Passed" testListId="8c84fa94-04c1-424b-9868-57a2d4851a1d" relativeResultsDirectory="6322f63b-b50e-4d7d-a602-43ead0c7d26f" />
    <UnitTestResult executionId="9202f95b-207a-429e-b10b-f5a567ba74d0" testId="1a6ecfe3-8465-12d2-501e-52aba80255ad" testName="ClickUp.Api.Client.Tests.ServiceTests.AuthorizationServiceTests.GetAuthorizedUserAsync_ValidRequest_ReturnsUser" computerName="devbox" duration="00:00:00.0068625" startTime="2025-06-24T03:53:52.0226458+00:00" endTime="2025-06-24T03:53:52.0226459+00:00" testType="13cdc9d9-ddb5-4fa4-a97d-d965ccfc6d4b" outcome="Passed" testListId="8c84fa94-04c1-424b-9868-57a2d4851a1d" relativeResultsDirectory="9202f95b-207a-429e-b10b-f5a567ba74d0" />
    <UnitTestResult executionId="b08c7571-6175-4d6d-87de-3f9df936478a" testId="b5dc3f22-33c2-3b99-93aa-344fe768da56" testName="ClickUp.Api.Client.Tests.ServiceTests.UsersServiceTests.GetUserFromWorkspaceAsync_ApiConnectionThrowsTaskCanceledException_PropagatesException" computerName="devbox" duration="00:00:00.0036103" startTime="2025-06-24T03:53:52.1255921+00:00" endTime="2025-06-24T03:53:52.1255921+00:00" testType="13cdc9d9-ddb5-4fa4-a97d-d965ccfc6d4b" outcome="Passed" testListId="8c84fa94-04c1-424b-9868-57a2d4851a1d" relativeResultsDirectory="b08c7571-6175-4d6d-87de-3f9df936478a" />
    <UnitTestResult executionId="42b95de2-a4cb-4ab2-a1d0-3127bebaf5ee" testId="ea9488c9-11bc-5c71-e6cc-7c27d8788554" testName="ClickUp.Api.Client.Tests.ServiceTests.TaskChecklistsServiceTests.CreateChecklistAsync_ApiReturnsNullResponse_ThrowsInvalidOperationException" computerName="devbox" duration="00:00:00.0027542" startTime="2025-06-24T03:53:51.0749826+00:00" endTime="2025-06-24T03:53:51.0749827+00:00" testType="13cdc9d9-ddb5-4fa4-a97d-d965ccfc6d4b" outcome="Passed" testListId="8c84fa94-04c1-424b-9868-57a2d4851a1d" relativeResultsDirectory="42b95de2-a4cb-4ab2-a1d0-3127bebaf5ee" />
    <UnitTestResult executionId="b269419c-575f-45ab-8174-ab74570f03d4" testId="00b82c02-2151-2480-b488-fce89b6e3b07" testName="ClickUp.Api.Client.Tests.ServiceTests.ListsServiceTests.CreateListFromTemplateInSpaceAsync_PassesCancellationTokenToApiConnection" computerName="devbox" duration="00:00:00.0196023" startTime="2025-06-24T03:53:52.1045850+00:00" endTime="2025-06-24T03:53:52.1045851+00:00" testType="13cdc9d9-ddb5-4fa4-a97d-d965ccfc6d4b" outcome="Passed" testListId="8c84fa94-04c1-424b-9868-57a2d4851a1d" relativeResultsDirectory="b269419c-575f-45ab-8174-ab74570f03d4" />
    <UnitTestResult executionId="6d987fd9-e54e-4fed-b929-3a382a6530a3" testId="fa893782-5dd8-9c41-a050-49aba0db9ae3" testName="ClickUp.Api.Client.Tests.Models.Serialization.Converters.JsonStringOrNumberConverterTests.Read_WhenJsonIsNull_ShouldReturnNull" computerName="devbox" duration="00:00:00.0002199" startTime="2025-06-24T03:53:52.0529468+00:00" endTime="2025-06-24T03:53:52.0529469+00:00" testType="13cdc9d9-ddb5-4fa4-a97d-d965ccfc6d4b" outcome="Passed" testListId="8c84fa94-04c1-424b-9868-57a2d4851a1d" relativeResultsDirectory="6d987fd9-e54e-4fed-b929-3a382a6530a3" />
    <UnitTestResult executionId="735296d6-c62b-43aa-b369-a3868f82d3e0" testId="f302c799-649b-b0ee-3afd-503e7e99c985" testName="ClickUp.Api.Client.Tests.ServiceTests.TimeTrackingServiceTests.GetTimeEntryHistoryAsync_ApiReturnsResponseWithNullHistory_ReturnsEmptyEnumerable" computerName="devbox" duration="00:00:00.0022554" startTime="2025-06-24T03:53:52.2652633+00:00" endTime="2025-06-24T03:53:52.2652634+00:00" testType="13cdc9d9-ddb5-4fa4-a97d-d965ccfc6d4b" outcome="Passed" testListId="8c84fa94-04c1-424b-9868-57a2d4851a1d" relativeResultsDirectory="735296d6-c62b-43aa-b369-a3868f82d3e0" />
    <UnitTestResult executionId="5e544a7b-bb03-4f1d-89d0-f8dc672b63bb" testId="c7f035c2-1d86-2ff4-146d-6e6c8addec33" testName="ClickUp.Api.Client.Tests.ServiceTests.TaskRelationshipsServiceTests.AddTaskLinkAsync_ValidRequest_ReturnsLinkedTask" computerName="devbox" duration="00:00:00.0080440" startTime="2025-06-24T03:53:51.8219147+00:00" endTime="2025-06-24T03:53:51.8219147+00:00" testType="13cdc9d9-ddb5-4fa4-a97d-d965ccfc6d4b" outcome="Passed" testListId="8c84fa94-04c1-424b-9868-57a2d4851a1d" relativeResultsDirectory="5e544a7b-bb03-4f1d-89d0-f8dc672b63bb" />
    <UnitTestResult executionId="a7837bec-efcd-49ea-8300-53f20d12129a" testId="a5857de3-4c5c-b040-fb8d-0bda53457090" testName="ClickUp.Api.Client.Tests.ServiceTests.ListsServiceTests.CreateFolderlessListAsync_ApiConnectionThrowsTaskCanceledException_PropagatesException" computerName="devbox" duration="00:00:00.0050656" startTime="2025-06-24T03:53:52.1236277+00:00" endTime="2025-06-24T03:53:52.1236278+00:00" testType="13cdc9d9-ddb5-4fa4-a97d-d965ccfc6d4b" outcome="Passed" testListId="8c84fa94-04c1-424b-9868-57a2d4851a1d" relativeResultsDirectory="a7837bec-efcd-49ea-8300-53f20d12129a" />
    <UnitTestResult executionId="03cb948b-8d4a-4e49-8c74-0bd50ca83572" testId="d4f02ca2-cf2b-a903-5171-e8a9873f1fdb" testName="ClickUp.Api.Client.Tests.ServiceTests.ListsServiceTests.CreateFolderlessListAsync_PassesCancellationTokenToApiConnection" computerName="devbox" duration="00:00:00.0097275" startTime="2025-06-24T03:53:52.3535836+00:00" endTime="2025-06-24T03:53:52.3535836+00:00" testType="13cdc9d9-ddb5-4fa4-a97d-d965ccfc6d4b" outcome="Passed" testListId="8c84fa94-04c1-424b-9868-57a2d4851a1d" relativeResultsDirectory="03cb948b-8d4a-4e49-8c74-0bd50ca83572" />
    <UnitTestResult executionId="c429cca7-0c16-4468-9759-102e4816d4e6" testId="dbd63457-4988-d550-ab86-9da65e8ef0c1" testName="ClickUp.Api.Client.Tests.ServiceTests.WebhooksServiceTests.CreateWebhookAsync_ApiConnectionThrowsHttpRequestException_PropagatesException" computerName="devbox" duration="00:00:00.0028456" startTime="2025-06-24T03:53:51.5582878+00:00" endTime="2025-06-24T03:53:51.5582878+00:00" testType="13cdc9d9-ddb5-4fa4-a97d-d965ccfc6d4b" outcome="Passed" testListId="8c84fa94-04c1-424b-9868-57a2d4851a1d" relativeResultsDirectory="c429cca7-0c16-4468-9759-102e4816d4e6" />
    <UnitTestResult executionId="5c334392-9cc2-4839-a905-6d41e7f15b51" testId="ffb609b2-e71e-6830-1f60-49e0153938df" testName="ClickUp.Api.Client.Tests.ServiceTests.TimeTrackingServiceTests.GetTimeEntriesAsyncEnumerableAsync_HandlesApiError" computerName="devbox" duration="00:00:00.0031758" startTime="2025-06-24T03:53:52.2372057+00:00" endTime="2025-06-24T03:53:52.2372057+00:00" testType="13cdc9d9-ddb5-4fa4-a97d-d965ccfc6d4b" outcome="Passed" testListId="8c84fa94-04c1-424b-9868-57a2d4851a1d" relativeResultsDirectory="5c334392-9cc2-4839-a905-6d41e7f15b51" />
    <UnitTestResult executionId="8d5500f0-4811-44c0-a65b-247eb1c3829e" testId="fca4fb8b-d92d-c12c-ce43-4e8f81294e05" testName="ClickUp.Api.Client.Tests.ServiceTests.CommentServiceTests.GetListCommentsStreamAsync_IAsyncEnumerable_HandlesCancellation" computerName="devbox" duration="00:00:00.0059283" startTime="2025-06-24T03:53:51.2338686+00:00" endTime="2025-06-24T03:53:51.2338687+00:00" testType="13cdc9d9-ddb5-4fa4-a97d-d965ccfc6d4b" outcome="Passed" testListId="8c84fa94-04c1-424b-9868-57a2d4851a1d" relativeResultsDirectory="8d5500f0-4811-44c0-a65b-247eb1c3829e" />
    <UnitTestResult executionId="6714b7de-95dd-4e29-8edf-77d430314eee" testId="c283905a-c94a-e35b-3c4e-06b1ee829ec7" testName="ClickUp.Api.Client.Tests.ServiceTests.TimeTrackingServiceTests.GetTimeEntryAsync_ApiConnectionThrowsTaskCanceledException_PropagatesException" computerName="devbox" duration="00:00:00.0016828" startTime="2025-06-24T03:53:51.5587449+00:00" endTime="2025-06-24T03:53:51.5587449+00:00" testType="13cdc9d9-ddb5-4fa4-a97d-d965ccfc6d4b" outcome="Passed" testListId="8c84fa94-04c1-424b-9868-57a2d4851a1d" relativeResultsDirectory="6714b7de-95dd-4e29-8edf-77d430314eee" />
    <UnitTestResult executionId="d3096101-99ef-4afb-a456-e2d921f098cb" testId="a1836fe9-5442-216b-5777-465e396b7d81" testName="ClickUp.Api.Client.Tests.ServiceTests.DocsServiceTests.GetDocPageListingAsync_ApiError_ThrowsHttpRequestException" computerName="devbox" duration="00:00:00.0017935" startTime="2025-06-24T03:53:51.4508258+00:00" endTime="2025-06-24T03:53:51.4508259+00:00" testType="13cdc9d9-ddb5-4fa4-a97d-d965ccfc6d4b" outcome="Passed" testListId="8c84fa94-04c1-424b-9868-57a2d4851a1d" relativeResultsDirectory="d3096101-99ef-4afb-a456-e2d921f098cb" />
    <UnitTestResult executionId="e2d18485-924a-4a9f-8586-565660c2c028" testId="4d40b394-203e-b193-af93-1107e104b241" testName="ClickUp.Api.Client.Tests.ServiceTests.TaskRelationshipsServiceTests.DeleteDependencyAsync_BothDependsOnAndDependencyOf_ThrowsArgumentException" computerName="devbox" duration="00:00:00.0013870" startTime="2025-06-24T03:53:51.8129334+00:00" endTime="2025-06-24T03:53:51.8129335+00:00" testType="13cdc9d9-ddb5-4fa4-a97d-d965ccfc6d4b" outcome="Passed" testListId="8c84fa94-04c1-424b-9868-57a2d4851a1d" relativeResultsDirectory="e2d18485-924a-4a9f-8586-565660c2c028" />
    <UnitTestResult executionId="01fdd5b0-4d03-436c-8042-112ab1172e84" testId="7973c737-8468-2c7a-c554-7b746e076293" testName="ClickUp.Api.Client.Tests.ServiceTests.UserGroupServiceTests.UpdateUserGroupAsync_ApiConnectionThrowsTaskCanceledException_PropagatesException" computerName="devbox" duration="00:00:00.0025048" startTime="2025-06-24T03:53:51.6653041+00:00" endTime="2025-06-24T03:53:51.6653042+00:00" testType="13cdc9d9-ddb5-4fa4-a97d-d965ccfc6d4b" outcome="Passed" testListId="8c84fa94-04c1-424b-9868-57a2d4851a1d" relativeResultsDirectory="01fdd5b0-4d03-436c-8042-112ab1172e84" />
    <UnitTestResult executionId="8328c9bf-74d9-4b15-ad8a-42495bf32292" testId="759a64a9-158e-94d9-6d51-ccb2b6db5855" testName="ClickUp.Api.Client.Tests.ServiceTests.GoalsServiceTests.GetGoalAsync_ValidId_ReturnsGoal" computerName="devbox" duration="00:00:00.0035347" startTime="2025-06-24T03:53:51.9592680+00:00" endTime="2025-06-24T03:53:51.9592681+00:00" testType="13cdc9d9-ddb5-4fa4-a97d-d965ccfc6d4b" outcome="Passed" testListId="8c84fa94-04c1-424b-9868-57a2d4851a1d" relativeResultsDirectory="8328c9bf-74d9-4b15-ad8a-42495bf32292" />
    <UnitTestResult executionId="bd98f085-0489-4940-af79-60d8b35ace62" testId="112fd369-9f78-6ab1-720e-45063c084bcf" testName="ClickUp.Api.Client.Tests.ServiceTests.WorkspacesServiceTests.GetWorkspaceSeatsAsync_ApiReturnsNullResponse_ThrowsInvalidOperationException" computerName="devbox" duration="00:00:00.0058719" startTime="2025-06-24T03:53:51.7160291+00:00" endTime="2025-06-24T03:53:51.7160291+00:00" testType="13cdc9d9-ddb5-4fa4-a97d-d965ccfc6d4b" outcome="Passed" testListId="8c84fa94-04c1-424b-9868-57a2d4851a1d" relativeResultsDirectory="bd98f085-0489-4940-af79-60d8b35ace62" />
    <UnitTestResult executionId="bc1faf18-7f71-41c9-96d1-fab8d5ae8d47" testId="6442377a-2b00-e812-5ab4-2cda87cd60f0" testName="ClickUp.Api.Client.Tests.ServiceTests.RolesServiceTests.GetCustomRolesAsync_WithIncludeMembers_ConstructsCorrectUrl(includeMembers: False, expectedUrl: &quot;team/ws_params/customroles?include_members=false&quot;)" computerName="devbox" duration="00:00:00.0043656" startTime="2025-06-24T03:53:51.4778934+00:00" endTime="2025-06-24T03:53:51.4778935+00:00" testType="13cdc9d9-ddb5-4fa4-a97d-d965ccfc6d4b" outcome="Passed" testListId="8c84fa94-04c1-424b-9868-57a2d4851a1d" relativeResultsDirectory="bc1faf18-7f71-41c9-96d1-fab8d5ae8d47" />
    <UnitTestResult executionId="d31466bb-289e-4aea-a498-89d5245270ee" testId="a7543171-6e4a-824a-11b7-fead58dad668" testName="ClickUp.Api.Client.Tests.Http.ApiConnectionTests.GetAsync_ThrowsCorrectException_ForGeneralErrorStatusCodes(statusCode: Unauthorized, expectedExceptionType: typeof(ClickUp.Api.Client.Models.Exceptions.ClickUpApiAuthenticationException), expectedMessageContent: &quot;Unauthorized&quot;)" computerName="devbox" duration="00:00:00.0007200" startTime="2025-06-24T03:53:51.7179916+00:00" endTime="2025-06-24T03:53:51.7179917+00:00" testType="13cdc9d9-ddb5-4fa4-a97d-d965ccfc6d4b" outcome="Passed" testListId="8c84fa94-04c1-424b-9868-57a2d4851a1d" relativeResultsDirectory="d31466bb-289e-4aea-a498-89d5245270ee" />
    <UnitTestResult executionId="2a600642-eaa1-4ca1-9a75-f0677d5f743d" testId="f61e67de-82a5-a96b-6915-0c05afd4c5fb" testName="ClickUp.Api.Client.Tests.ServiceTests.TaskChecklistsServiceTests.CreateChecklistAsync_ApiReturnsResponseWithNullChecklist_ThrowsInvalidOperationException" computerName="devbox" duration="00:00:00.0097281" startTime="2025-06-24T03:53:51.0743308+00:00" endTime="2025-06-24T03:53:51.0743309+00:00" testType="13cdc9d9-ddb5-4fa4-a97d-d965ccfc6d4b" outcome="Passed" testListId="8c84fa94-04c1-424b-9868-57a2d4851a1d" relativeResultsDirectory="2a600642-eaa1-4ca1-9a75-f0677d5f743d" />
    <UnitTestResult executionId="f260f0e8-e280-4ea6-b5cb-944694818be0" testId="3adb9e95-bf7d-fce9-582e-4589918c8651" testName="ClickUp.Api.Client.Tests.ServiceTests.AuthorizationServiceTests.GetAuthorizedUserAsync_ApiConnectionThrowsTaskCanceledException_PropagatesException" computerName="devbox" duration="00:00:00.0027973" startTime="2025-06-24T03:53:52.0306058+00:00" endTime="2025-06-24T03:53:52.0306059+00:00" testType="13cdc9d9-ddb5-4fa4-a97d-d965ccfc6d4b" outcome="Passed" testListId="8c84fa94-04c1-424b-9868-57a2d4851a1d" relativeResultsDirectory="f260f0e8-e280-4ea6-b5cb-944694818be0" />
    <UnitTestResult executionId="e76e0dd7-2373-4d5d-ace6-b0f78869f9c3" testId="cacfee87-a06a-0e6a-2bd1-b27fa68ce9eb" testName="ClickUp.Api.Client.Tests.ServiceTests.GuestsServiceTests.EditGuestOnWorkspaceAsync_ApiConnectionThrowsTaskCanceledException_PropagatesException" computerName="devbox" duration="00:00:00.0037005" startTime="2025-06-24T03:53:51.9031115+00:00" endTime="2025-06-24T03:53:51.9031116+00:00" testType="13cdc9d9-ddb5-4fa4-a97d-d965ccfc6d4b" outcome="Passed" testListId="8c84fa94-04c1-424b-9868-57a2d4851a1d" relativeResultsDirectory="e76e0dd7-2373-4d5d-ace6-b0f78869f9c3" />
    <UnitTestResult executionId="80fd2b73-9737-46fd-ab3a-9a6d7dcdfbb7" testId="01826418-4acd-c446-dcf6-3d0fe5fda7b0" testName="ClickUp.Api.Client.Tests.ServiceTests.GuestsServiceTests.RemoveGuestFromTaskAsync_NullApiResponse_ThrowsInvalidOperationException" computerName="devbox" duration="00:00:00.0029765" startTime="2025-06-24T03:53:51.8805908+00:00" endTime="2025-06-24T03:53:51.8805909+00:00" testType="13cdc9d9-ddb5-4fa4-a97d-d965ccfc6d4b" outcome="Passed" testListId="8c84fa94-04c1-424b-9868-57a2d4851a1d" relativeResultsDirectory="80fd2b73-9737-46fd-ab3a-9a6d7dcdfbb7" />
    <UnitTestResult executionId="4770b942-5c5e-40c2-a5c0-4a36e3d8aa19" testId="e9886eef-b51d-400f-716a-70c07e1ae074" testName="ClickUp.Api.Client.Tests.ServiceTests.TimeTrackingServiceTests.GetRunningTimeEntryAsync_WithAssigneeUserId_BuildsCorrectUrl" computerName="devbox" duration="00:00:00.0030781" startTime="2025-06-24T03:53:52.2071844+00:00" endTime="2025-06-24T03:53:52.2071845+00:00" testType="13cdc9d9-ddb5-4fa4-a97d-d965ccfc6d4b" outcome="Passed" testListId="8c84fa94-04c1-424b-9868-57a2d4851a1d" relativeResultsDirectory="4770b942-5c5e-40c2-a5c0-4a36e3d8aa19" />
    <UnitTestResult executionId="7cfb70cc-3618-4c87-8863-4a5eda43147f" testId="1ac77b27-42c1-cff1-ba4f-002fe435aeb7" testName="ClickUp.Api.Client.Tests.ServiceTests.TimeTrackingServiceTests.RemoveTagsFromTimeEntriesAsync_ApiConnectionThrowsTaskCanceledException_PropagatesException" computerName="devbox" duration="00:00:00.0021411" startTime="2025-06-24T03:53:52.3849050+00:00" endTime="2025-06-24T03:53:52.3849051+00:00" testType="13cdc9d9-ddb5-4fa4-a97d-d965ccfc6d4b" outcome="Passed" testListId="8c84fa94-04c1-424b-9868-57a2d4851a1d" relativeResultsDirectory="7cfb70cc-3618-4c87-8863-4a5eda43147f" />
    <UnitTestResult executionId="dfc567b3-4b62-4512-8e2f-97ffc393373a" testId="e6784f53-92b9-c672-3ed9-5f40c404e185" testName="ClickUp.Api.Client.Tests.ServiceTests.CommentServiceTests.CreateListCommentAsync_PassesCancellationTokenToApiConnection" computerName="devbox" duration="00:00:00.0127307" startTime="2025-06-24T03:53:51.4576018+00:00" endTime="2025-06-24T03:53:51.4576018+00:00" testType="13cdc9d9-ddb5-4fa4-a97d-d965ccfc6d4b" outcome="Passed" testListId="8c84fa94-04c1-424b-9868-57a2d4851a1d" relativeResultsDirectory="dfc567b3-4b62-4512-8e2f-97ffc393373a" />
    <UnitTestResult executionId="4f50e569-7c36-4a33-845a-97815d386d73" testId="0eff24a5-06f2-da45-55fd-5d93cfe49ac8" testName="ClickUp.Api.Client.Tests.ServiceTests.TagsServiceTests.RemoveTagFromTaskAsync_ApiConnectionThrowsTaskCanceledException_PropagatesException" computerName="devbox" duration="00:00:00.0047533" startTime="2025-06-24T03:53:51.5538011+00:00" endTime="2025-06-24T03:53:51.5538012+00:00" testType="13cdc9d9-ddb5-4fa4-a97d-d965ccfc6d4b" outcome="Passed" testListId="8c84fa94-04c1-424b-9868-57a2d4851a1d" relativeResultsDirectory="4f50e569-7c36-4a33-845a-97815d386d73" />
    <UnitTestResult executionId="d6078d3d-5827-4ead-8ed6-b8cc92874bdc" testId="2fb89daf-6ee3-46a2-c61d-75f4955b9a7b" testName="ClickUp.Api.Client.Tests.ServiceTests.CommentServiceTests.CreateThreadedCommentAsync_ApiConnectionThrowsTaskCanceledException_PropagatesException" computerName="devbox" duration="00:00:00.0029096" startTime="2025-06-24T03:53:51.4270484+00:00" endTime="2025-06-24T03:53:51.4270485+00:00" testType="13cdc9d9-ddb5-4fa4-a97d-d965ccfc6d4b" outcome="Passed" testListId="8c84fa94-04c1-424b-9868-57a2d4851a1d" relativeResultsDirectory="d6078d3d-5827-4ead-8ed6-b8cc92874bdc" />
    <UnitTestResult executionId="165f9730-d775-486d-ba35-12e8c0607bdc" testId="de5d3632-269c-15fc-64aa-2fff5984de26" testName="ClickUp.Api.Client.Tests.ServiceTests.TaskRelationshipsServiceTests.DeleteDependencyAsync_ApiConnectionThrowsHttpRequestException_PropagatesException" computerName="devbox" duration="00:00:00.0017983" startTime="2025-06-24T03:53:51.8005743+00:00" endTime="2025-06-24T03:53:51.8005743+00:00" testType="13cdc9d9-ddb5-4fa4-a97d-d965ccfc6d4b" outcome="Passed" testListId="8c84fa94-04c1-424b-9868-57a2d4851a1d" relativeResultsDirectory="165f9730-d775-486d-ba35-12e8c0607bdc" />
    <UnitTestResult executionId="bfb789f2-7327-45d2-84f9-a263324999b3" testId="67630699-418a-515b-6c7b-74476e1555f9" testName="ClickUp.Api.Client.Tests.ServiceTests.TimeTrackingServiceTests.UpdateTimeEntryAsync_ApiReturnsResponseWithNullData_ThrowsInvalidOperationException" computerName="devbox" duration="00:00:00.0029446" startTime="2025-06-24T03:53:52.2873706+00:00" endTime="2025-06-24T03:53:52.2873706+00:00" testType="13cdc9d9-ddb5-4fa4-a97d-d965ccfc6d4b" outcome="Passed" testListId="8c84fa94-04c1-424b-9868-57a2d4851a1d" relativeResultsDirectory="bfb789f2-7327-45d2-84f9-a263324999b3" />
    <UnitTestResult executionId="4f9392d3-f5a7-44a5-9ec2-29b5b2cba77a" testId="ed8a8a24-2be7-0e16-87d4-1576115f9184" testName="ClickUp.Api.Client.Tests.ServiceTests.ChatServiceTests.CreateChatMessageAsync_ApiError_ThrowsHttpRequestException" computerName="devbox" duration="00:00:00.0044196" startTime="2025-06-24T03:53:52.1000520+00:00" endTime="2025-06-24T03:53:52.1000521+00:00" testType="13cdc9d9-ddb5-4fa4-a97d-d965ccfc6d4b" outcome="Passed" testListId="8c84fa94-04c1-424b-9868-57a2d4851a1d" relativeResultsDirectory="4f9392d3-f5a7-44a5-9ec2-29b5b2cba77a" />
    <UnitTestResult executionId="23dc4688-c250-43ed-9379-91dd531dd075" testId="831c47b6-1e63-26b3-cfc9-7e982b76c0f0" testName="ClickUp.Api.Client.Tests.ServiceTests.DocsServiceTests.GetDocAsync_PassesCancellationTokenToApiConnection" computerName="devbox" duration="00:00:00.0047876" startTime="2025-06-24T03:53:51.3367496+00:00" endTime="2025-06-24T03:53:51.3367497+00:00" testType="13cdc9d9-ddb5-4fa4-a97d-d965ccfc6d4b" outcome="Passed" testListId="8c84fa94-04c1-424b-9868-57a2d4851a1d" relativeResultsDirectory="23dc4688-c250-43ed-9379-91dd531dd075" />
    <UnitTestResult executionId="a1a52010-61f2-4678-a96d-8fdba7bc4a70" testId="145ef69e-0c68-7865-489b-334a0ea4afb1" testName="ClickUp.Api.Client.Tests.ServiceTests.GoalsServiceTests.GetGoalsAsync_PassesCancellationTokenToApiConnection" computerName="devbox" duration="00:00:00.0070192" startTime="2025-06-24T03:53:51.8195158+00:00" endTime="2025-06-24T03:53:51.8195159+00:00" testType="13cdc9d9-ddb5-4fa4-a97d-d965ccfc6d4b" outcome="Passed" testListId="8c84fa94-04c1-424b-9868-57a2d4851a1d" relativeResultsDirectory="a1a52010-61f2-4678-a96d-8fdba7bc4a70" />
    <UnitTestResult executionId="e47a4d47-553d-4cae-9163-c5c5d748255d" testId="6c39e4a4-4987-60d6-4adb-08817185965c" testName="ClickUp.Api.Client.Tests.ServiceTests.AuthorizationServiceTests.GetAccessTokenAsync_ApiConnectionReturnsNull_ReturnsNull" computerName="devbox" duration="00:00:00.0054117" startTime="2025-06-24T03:53:52.0914456+00:00" endTime="2025-06-24T03:53:52.0914457+00:00" testType="13cdc9d9-ddb5-4fa4-a97d-d965ccfc6d4b" outcome="Passed" testListId="8c84fa94-04c1-424b-9868-57a2d4851a1d" relativeResultsDirectory="e47a4d47-553d-4cae-9163-c5c5d748255d" />
    <UnitTestResult executionId="92fdfbf5-2bb4-4f2d-ab23-a568f8209d27" testId="7a8f70ef-f14e-4b6a-be25-56eba0f74c58" testName="ClickUp.Api.Client.Tests.ServiceTests.CommentServiceTests.CreateChatViewCommentAsync_ApiConnectionThrowsTaskCanceledException_PropagatesException" computerName="devbox" duration="00:00:00.0021368" startTime="2025-06-24T03:53:51.2977345+00:00" endTime="2025-06-24T03:53:51.2977345+00:00" testType="13cdc9d9-ddb5-4fa4-a97d-d965ccfc6d4b" outcome="Passed" testListId="8c84fa94-04c1-424b-9868-57a2d4851a1d" relativeResultsDirectory="92fdfbf5-2bb4-4f2d-ab23-a568f8209d27" />
    <UnitTestResult executionId="3ce8f37e-0e2c-4c84-a560-d71064bc17c5" testId="bc0cf908-745b-84bd-9ad4-ff08ec13d089" testName="ClickUp.Api.Client.Tests.ServiceTests.ChatServiceTests.CreateChatChannelAsync_ValidRequest_CallsPostAndReturnsChannel" computerName="devbox" duration="00:00:00.0174554" startTime="2025-06-24T03:53:51.9953493+00:00" endTime="2025-06-24T03:53:51.9953494+00:00" testType="13cdc9d9-ddb5-4fa4-a97d-d965ccfc6d4b" outcome="Passed" testListId="8c84fa94-04c1-424b-9868-57a2d4851a1d" relativeResultsDirectory="3ce8f37e-0e2c-4c84-a560-d71064bc17c5" />
    <UnitTestResult executionId="eed3e7b5-632a-4e48-ab47-6489edb328f8" testId="f877fa82-b666-1ee2-d996-68f2efcc932e" testName="ClickUp.Api.Client.Tests.Http.ApiConnectionTests.GetAsync_ThrowsCorrectException_ForGeneralErrorStatusCodes(statusCode: GatewayTimeout, expectedExceptionType: typeof(ClickUp.Api.Client.Models.Exceptions.ClickUpApiServerException), expectedMessageContent: &quot;Gateway Timeout&quot;)" computerName="devbox" duration="00:00:00.0014185" startTime="2025-06-24T03:53:51.7048014+00:00" endTime="2025-06-24T03:53:51.7048014+00:00" testType="13cdc9d9-ddb5-4fa4-a97d-d965ccfc6d4b" outcome="Passed" testListId="8c84fa94-04c1-424b-9868-57a2d4851a1d" relativeResultsDirectory="eed3e7b5-632a-4e48-ab47-6489edb328f8" />
    <UnitTestResult executionId="72bc82f2-7b57-4079-8297-5c62bee5c06c" testId="99f975e9-90a9-1b95-68e2-bd28016666dc" testName="ClickUp.Api.Client.Tests.ServiceTests.ListsServiceTests.CreateListFromTemplateInFolderAsync_PassesCancellationTokenToApiConnection" computerName="devbox" duration="00:00:00.0041000" startTime="2025-06-24T03:53:52.4073451+00:00" endTime="2025-06-24T03:53:52.4073452+00:00" testType="13cdc9d9-ddb5-4fa4-a97d-d965ccfc6d4b" outcome="Passed" testListId="8c84fa94-04c1-424b-9868-57a2d4851a1d" relativeResultsDirectory="72bc82f2-7b57-4079-8297-5c62bee5c06c" />
    <UnitTestResult executionId="dcc6503a-7414-48d9-9f82-17eb96e9b16f" testId="e21ea325-6311-04ff-ceec-9541daba37da" testName="ClickUp.Api.Client.Tests.ServiceTests.TimeTrackingServiceTests.GetAllTimeEntryTagsAsync_ValidRequest_ReturnsTags" computerName="devbox" duration="00:00:00.0065984" startTime="2025-06-24T03:53:52.2583835+00:00" endTime="2025-06-24T03:53:52.2583835+00:00" testType="13cdc9d9-ddb5-4fa4-a97d-d965ccfc6d4b" outcome="Passed" testListId="8c84fa94-04c1-424b-9868-57a2d4851a1d" relativeResultsDirectory="dcc6503a-7414-48d9-9f82-17eb96e9b16f" />
    <UnitTestResult executionId="23f7d4b9-3915-4a4e-b5f2-4bfc9fac8606" testId="eae42adf-0600-1fec-8fbc-16e6c5032bcd" testName="ClickUp.Api.Client.Tests.ServiceTests.GoalsServiceTests.DeleteKeyResultAsync_ApiError_ThrowsHttpRequestException" computerName="devbox" duration="00:00:00.0100768" startTime="2025-06-24T03:53:51.7968398+00:00" endTime="2025-06-24T03:53:51.7968399+00:00" testType="13cdc9d9-ddb5-4fa4-a97d-d965ccfc6d4b" outcome="Passed" testListId="8c84fa94-04c1-424b-9868-57a2d4851a1d" relativeResultsDirectory="23f7d4b9-3915-4a4e-b5f2-4bfc9fac8606" />
    <UnitTestResult executionId="d7d90cf5-2a26-4ea1-b866-2f1a96e3b562" testId="7166428a-b2c6-d817-221a-e3f6d6f9c367" testName="ClickUp.Api.Client.Tests.ServiceTests.ListsServiceTests.RemoveTaskFromListAsync_ApiConnectionThrowsHttpRequestException_PropagatesException" computerName="devbox" duration="00:00:00.0027129" startTime="2025-06-24T03:53:52.3239922+00:00" endTime="2025-06-24T03:53:52.3239923+00:00" testType="13cdc9d9-ddb5-4fa4-a97d-d965ccfc6d4b" outcome="Passed" testListId="8c84fa94-04c1-424b-9868-57a2d4851a1d" relativeResultsDirectory="d7d90cf5-2a26-4ea1-b866-2f1a96e3b562" />
    <UnitTestResult executionId="4c26ebda-c5d7-4187-9e96-6c41dbe407d8" testId="ff154841-f4c4-3ae0-7856-0ff67226c34e" testName="ClickUp.Api.Client.Tests.ServiceTests.TimeTrackingServiceTests.GetTimeEntriesAsyncEnumerableAsync_ReturnsEmpty_WhenNoEntries" computerName="devbox" duration="00:00:00.0088891" startTime="2025-06-24T03:53:51.3800635+00:00" endTime="2025-06-24T03:53:51.3800635+00:00" testType="13cdc9d9-ddb5-4fa4-a97d-d965ccfc6d4b" outcome="Passed" testListId="8c84fa94-04c1-424b-9868-57a2d4851a1d" relativeResultsDirectory="4c26ebda-c5d7-4187-9e96-6c41dbe407d8" />
    <UnitTestResult executionId="6f961415-5234-4882-8486-9ce57816aabf" testId="8c74a5c7-7577-2a52-606c-e8d97bc53bd8" testName="ClickUp.Api.Client.Tests.ServiceTests.AttachmentsServiceTests.CreateTaskAttachmentAsync_ApiConnectionThrowsTaskCanceledException_PropagatesException" computerName="devbox" duration="00:00:00.0043198" startTime="2025-06-24T03:53:51.7643554+00:00" endTime="2025-06-24T03:53:51.7643555+00:00" testType="13cdc9d9-ddb5-4fa4-a97d-d965ccfc6d4b" outcome="Passed" testListId="8c84fa94-04c1-424b-9868-57a2d4851a1d" relativeResultsDirectory="6f961415-5234-4882-8486-9ce57816aabf" />
    <UnitTestResult executionId="f1be190d-7331-4189-b915-16f8c1e038f0" testId="8f0c0a2e-0c73-8a2d-173e-07e83c810a4b" testName="ClickUp.Api.Client.Tests.ServiceTests.GuestsServiceTests.RemoveGuestFromTaskAsync_NullGuestInResponse_ThrowsInvalidOperationException" computerName="devbox" duration="00:00:00.0032972" startTime="2025-06-24T03:53:52.0227072+00:00" endTime="2025-06-24T03:53:52.0227073+00:00" testType="13cdc9d9-ddb5-4fa4-a97d-d965ccfc6d4b" outcome="Passed" testListId="8c84fa94-04c1-424b-9868-57a2d4851a1d" relativeResultsDirectory="f1be190d-7331-4189-b915-16f8c1e038f0" />
    <UnitTestResult executionId="f511db4c-30e3-4ff3-8741-f7e752ca4290" testId="b9c9e1d8-b3b4-ee70-36b2-55593cbe6424" testName="ClickUp.Api.Client.Tests.ServiceTests.TimeTrackingServiceTests.GetTimeEntriesAsync_ValidRequest_ReturnsTimeEntries" computerName="devbox" duration="00:00:00.0076540" startTime="2025-06-24T03:53:51.5552601+00:00" endTime="2025-06-24T03:53:51.5552602+00:00" testType="13cdc9d9-ddb5-4fa4-a97d-d965ccfc6d4b" outcome="Passed" testListId="8c84fa94-04c1-424b-9868-57a2d4851a1d" relativeResultsDirectory="f511db4c-30e3-4ff3-8741-f7e752ca4290" />
    <UnitTestResult executionId="b60b85f2-0fa6-4855-8128-046f330d6607" testId="bf10d8c3-c00d-cc29-13e7-658749b7f0ea" testName="ClickUp.Api.Client.Tests.ServiceTests.ListsServiceTests.GetListsInFolderAsync_ValidFolderId_ReturnsLists" computerName="devbox" duration="00:00:00.0053438" startTime="2025-06-24T03:53:52.3231005+00:00" endTime="2025-06-24T03:53:52.3231006+00:00" testType="13cdc9d9-ddb5-4fa4-a97d-d965ccfc6d4b" outcome="Passed" testListId="8c84fa94-04c1-424b-9868-57a2d4851a1d" relativeResultsDirectory="b60b85f2-0fa6-4855-8128-046f330d6607" />
    <UnitTestResult executionId="c84e4f06-8066-4b7a-a257-ba68678702af" testId="835da13e-af61-c112-f0d7-c7f33e20a9ab" testName="ClickUp.Api.Client.Tests.ServiceTests.UserGroupServiceTests.CreateUserGroupAsync_ApiReturnsNullResponse_ThrowsInvalidOperationException" computerName="devbox" duration="00:00:00.0046952" startTime="2025-06-24T03:53:51.6953468+00:00" endTime="2025-06-24T03:53:51.6953469+00:00" testType="13cdc9d9-ddb5-4fa4-a97d-d965ccfc6d4b" outcome="Passed" testListId="8c84fa94-04c1-424b-9868-57a2d4851a1d" relativeResultsDirectory="c84e4f06-8066-4b7a-a257-ba68678702af" />
    <UnitTestResult executionId="6f4025d3-e7a5-4be8-b08c-e8fe8de84434" testId="f0f83b5a-596a-0ab8-09af-a0a880cb9a69" testName="ClickUp.Api.Client.Tests.ServiceTests.FoldersServiceTests.GetFolderAsync_ApiConnectionThrowsTaskCanceledException_PropagatesException" computerName="devbox" duration="00:00:00.1002146" startTime="2025-06-24T03:53:50.9732040+00:00" endTime="2025-06-24T03:53:50.9732040+00:00" testType="13cdc9d9-ddb5-4fa4-a97d-d965ccfc6d4b" outcome="Passed" testListId="8c84fa94-04c1-424b-9868-57a2d4851a1d" relativeResultsDirectory="6f4025d3-e7a5-4be8-b08c-e8fe8de84434" />
    <UnitTestResult executionId="ebcfaadf-85ff-413a-9460-0e07c2b087c1" testId="1333ae30-e539-8125-0fa9-c7d494b55731" testName="ClickUp.Api.Client.Tests.ServiceTests.TaskRelationshipsServiceTests.AddTaskLinkAsync_ApiReturnsNullResponse_ReturnsNull" computerName="devbox" duration="00:00:00.0017734" startTime="2025-06-24T03:53:51.7482443+00:00" endTime="2025-06-24T03:53:51.7482443+00:00" testType="13cdc9d9-ddb5-4fa4-a97d-d965ccfc6d4b" outcome="Passed" testListId="8c84fa94-04c1-424b-9868-57a2d4851a1d" relativeResultsDirectory="ebcfaadf-85ff-413a-9460-0e07c2b087c1" />
    <UnitTestResult executionId="dd578667-8baf-4eaf-8078-a2eb6f6d8234" testId="68579825-3ce7-f903-dde4-dce9eb6ac251" testName="ClickUp.Api.Client.Tests.ServiceTests.DocsServiceTests.EditPageAsync_ApiConnectionThrowsTaskCanceledException_PropagatesException" computerName="devbox" duration="00:00:00.0051554" startTime="2025-06-24T03:53:51.2415418+00:00" endTime="2025-06-24T03:53:51.2415419+00:00" testType="13cdc9d9-ddb5-4fa4-a97d-d965ccfc6d4b" outcome="Passed" testListId="8c84fa94-04c1-424b-9868-57a2d4851a1d" relativeResultsDirectory="dd578667-8baf-4eaf-8078-a2eb6f6d8234" />
    <UnitTestResult executionId="7e2cd9ac-e9dd-4c6f-9854-f9521ea3e457" testId="09b274a7-e78e-6020-a04b-64c57df859ed" testName="ClickUp.Api.Client.Tests.ServiceTests.UsersServiceTests.EditUserOnWorkspaceAsync_ApiReturnsNullResponse_ThrowsInvalidOperationException" computerName="devbox" duration="00:00:00.0038384" startTime="2025-06-24T03:53:52.1342489+00:00" endTime="2025-06-24T03:53:52.1342489+00:00" testType="13cdc9d9-ddb5-4fa4-a97d-d965ccfc6d4b" outcome="Passed" testListId="8c84fa94-04c1-424b-9868-57a2d4851a1d" relativeResultsDirectory="7e2cd9ac-e9dd-4c6f-9854-f9521ea3e457" />
    <UnitTestResult executionId="86f1a9ee-5a01-45b6-9f45-7708a3644b2e" testId="7731c593-e1db-42bb-1b62-8967c0817c49" testName="ClickUp.Api.Client.Tests.ServiceTests.ChatServiceTests.GetChatMessageTaggedUsersAsync_ApiConnectionThrowsTaskCanceledException_PropagatesException" computerName="devbox" duration="00:00:00.0018016" startTime="2025-06-24T03:53:52.1894572+00:00" endTime="2025-06-24T03:53:52.1894573+00:00" testType="13cdc9d9-ddb5-4fa4-a97d-d965ccfc6d4b" outcome="Passed" testListId="8c84fa94-04c1-424b-9868-57a2d4851a1d" relativeResultsDirectory="86f1a9ee-5a01-45b6-9f45-7708a3644b2e" />
    <UnitTestResult executionId="d8fbb0cd-4c6f-4a3d-9036-f8400f86249e" testId="280f5e98-f3ab-164f-d4c2-e5cd5ad11a0f" testName="ClickUp.Api.Client.Tests.ServiceTests.GuestsServiceTests.AddGuestToTaskAsync_ValidRequest_CallsPostAndReturnsGuest" computerName="devbox" duration="00:00:00.0094365" startTime="2025-06-24T03:53:51.9184000+00:00" endTime="2025-06-24T03:53:51.9184001+00:00" testType="13cdc9d9-ddb5-4fa4-a97d-d965ccfc6d4b" outcome="Passed" testListId="8c84fa94-04c1-424b-9868-57a2d4851a1d" relativeResultsDirectory="d8fbb0cd-4c6f-4a3d-9036-f8400f86249e" />
    <UnitTestResult executionId="f4206109-179f-4963-9622-482d8d9df4c8" testId="e1d56f19-7b37-5b0e-97d0-17752542f126" testName="ClickUp.Api.Client.Tests.ServiceTests.CustomFieldsServiceTests.GetFolderCustomFieldsAsync_NullResponse_ReturnsEmptyList" computerName="devbox" duration="00:00:00.0017543" startTime="2025-06-24T03:53:51.9182051+00:00" endTime="2025-06-24T03:53:51.9182052+00:00" testType="13cdc9d9-ddb5-4fa4-a97d-d965ccfc6d4b" outcome="Passed" testListId="8c84fa94-04c1-424b-9868-57a2d4851a1d" relativeResultsDirectory="f4206109-179f-4963-9622-482d8d9df4c8" />
    <UnitTestResult executionId="a84ca428-37ea-4926-bc4f-7b58f77e4d6f" testId="0823628a-7c09-b726-d13c-9b0734623f88" testName="ClickUp.Api.Client.Tests.ServiceTests.ChatServiceTests.CreateChatMessageAsync_PassesCancellationTokenToApiConnection" computerName="devbox" duration="00:00:00.0056733" startTime="2025-06-24T03:53:51.9721310+00:00" endTime="2025-06-24T03:53:51.9721311+00:00" testType="13cdc9d9-ddb5-4fa4-a97d-d965ccfc6d4b" outcome="Passed" testListId="8c84fa94-04c1-424b-9868-57a2d4851a1d" relativeResultsDirectory="a84ca428-37ea-4926-bc4f-7b58f77e4d6f" />
    <UnitTestResult executionId="21ee8102-51a3-4878-9bb4-13e058b73e39" testId="897bb1d2-09ef-37c4-bd54-ba1c51cc5c63" testName="ClickUp.Api.Client.Tests.ServiceTests.AuthorizationServiceTests.GetAuthorizedUserAsync_ApiConnectionResponseHasNullUser_ReturnsNull" computerName="devbox" duration="00:00:00.0021947" startTime="2025-06-24T03:53:52.0243906+00:00" endTime="2025-06-24T03:53:52.0243907+00:00" testType="13cdc9d9-ddb5-4fa4-a97d-d965ccfc6d4b" outcome="Passed" testListId="8c84fa94-04c1-424b-9868-57a2d4851a1d" relativeResultsDirectory="21ee8102-51a3-4878-9bb4-13e058b73e39" />
    <UnitTestResult executionId="93364c5a-0712-4a17-a752-738216996acb" testId="076a7cae-ff68-768e-055a-6ca2111b4d3e" testName="ClickUp.Api.Client.Tests.ServiceTests.TimeTrackingServiceTests.RemoveTagsFromTimeEntriesAsync_ApiConnectionThrowsHttpRequestException_PropagatesException" computerName="devbox" duration="00:00:00.0049019" startTime="2025-06-24T03:53:52.2631605+00:00" endTime="2025-06-24T03:53:52.2631605+00:00" testType="13cdc9d9-ddb5-4fa4-a97d-d965ccfc6d4b" outcome="Passed" testListId="8c84fa94-04c1-424b-9868-57a2d4851a1d" relativeResultsDirectory="93364c5a-0712-4a17-a752-738216996acb" />
    <UnitTestResult executionId="9c1d2499-bd18-44a5-92ff-1e32de01d448" testId="36d06b84-6e04-11a0-210f-b3c13e89dcf3" testName="ClickUp.Api.Client.Tests.ServiceTests.ChatServiceTests.CreateLocationChatChannelAsync_NullResponse_ThrowsInvalidOperationException" computerName="devbox" duration="00:00:00.0082761" startTime="2025-06-24T03:53:51.8871319+00:00" endTime="2025-06-24T03:53:51.8871320+00:00" testType="13cdc9d9-ddb5-4fa4-a97d-d965ccfc6d4b" outcome="Passed" testListId="8c84fa94-04c1-424b-9868-57a2d4851a1d" relativeResultsDirectory="9c1d2499-bd18-44a5-92ff-1e32de01d448" />
    <UnitTestResult executionId="86d784cc-9fdc-4d45-98ed-847e5f46ab19" testId="2a0ee772-d72f-6d38-8859-f5a918be0ff7" testName="ClickUp.Api.Client.Tests.ServiceTests.TimeTrackingServiceTests.CreateTimeEntryAsync_ValidRequest_ReturnsTimeEntry" computerName="devbox" duration="00:00:00.0075261" startTime="2025-06-24T03:53:52.2843373+00:00" endTime="2025-06-24T03:53:52.2843374+00:00" testType="13cdc9d9-ddb5-4fa4-a97d-d965ccfc6d4b" outcome="Passed" testListId="8c84fa94-04c1-424b-9868-57a2d4851a1d" relativeResultsDirectory="86d784cc-9fdc-4d45-98ed-847e5f46ab19" />
    <UnitTestResult executionId="c003aecf-f79c-43b4-bd21-e7c6ffba6422" testId="a4b5446d-f249-dc53-eabd-f14a5368a5e4" testName="ClickUp.Api.Client.Tests.ServiceTests.CommentServiceTests.DeleteCommentAsync_ApiConnectionThrowsTaskCanceledException_PropagatesException" computerName="devbox" duration="00:00:00.0037500" startTime="2025-06-24T03:53:51.3429910+00:00" endTime="2025-06-24T03:53:51.3429911+00:00" testType="13cdc9d9-ddb5-4fa4-a97d-d965ccfc6d4b" outcome="Passed" testListId="8c84fa94-04c1-424b-9868-57a2d4851a1d" relativeResultsDirectory="c003aecf-f79c-43b4-bd21-e7c6ffba6422" />
    <UnitTestResult executionId="2c023e4c-e2a9-4580-8fb3-5b7009990906" testId="16fd87ca-abac-693d-a145-e399999aee30" testName="ClickUp.Api.Client.Tests.ServiceTests.FoldersServiceTests.CreateFolderAsync_ApiError_ThrowsHttpRequestException" computerName="devbox" duration="00:00:00.0028782" startTime="2025-06-24T03:53:51.1247195+00:00" endTime="2025-06-24T03:53:51.1247196+00:00" testType="13cdc9d9-ddb5-4fa4-a97d-d965ccfc6d4b" outcome="Passed" testListId="8c84fa94-04c1-424b-9868-57a2d4851a1d" relativeResultsDirectory="2c023e4c-e2a9-4580-8fb3-5b7009990906" />
    <UnitTestResult executionId="33903357-7639-4d09-992e-431608509795" testId="292c6286-4615-62d6-6838-a11ada9076a4" testName="ClickUp.Api.Client.Tests.ServiceTests.ViewsServiceTests.UpdateViewAsync_ApiReturnsNull_ThrowsInvalidOperationException" computerName="devbox" duration="00:00:00.0080202" startTime="2025-06-24T03:53:51.0766709+00:00" endTime="2025-06-24T03:53:51.0766709+00:00" testType="13cdc9d9-ddb5-4fa4-a97d-d965ccfc6d4b" outcome="Passed" testListId="8c84fa94-04c1-424b-9868-57a2d4851a1d" relativeResultsDirectory="33903357-7639-4d09-992e-431608509795" />
    <UnitTestResult executionId="549da88f-a7e3-4b81-93f9-11da9ded0889" testId="ee2735fc-b087-9fcd-716d-143de6e3f5eb" testName="ClickUp.Api.Client.Tests.ServiceTests.WorkspacesServiceTests.GetWorkspaceSeatsAsync_PassesCancellationTokenToApiConnection" computerName="devbox" duration="00:00:00.0041062" startTime="2025-06-24T03:53:51.7326476+00:00" endTime="2025-06-24T03:53:51.7326477+00:00" testType="13cdc9d9-ddb5-4fa4-a97d-d965ccfc6d4b" outcome="Passed" testListId="8c84fa94-04c1-424b-9868-57a2d4851a1d" relativeResultsDirectory="549da88f-a7e3-4b81-93f9-11da9ded0889" />
    <UnitTestResult executionId="34104965-1545-4dfc-a8d8-ae1df474f48d" testId="5d366c36-141d-ee9f-0e5c-a1ebaf18b891" testName="ClickUp.Api.Client.Tests.ServiceTests.ChatServiceTests.CreateChatReactionAsync_PassesCancellationTokenToApiConnection" computerName="devbox" duration="00:00:00.0148844" startTime="2025-06-24T03:53:51.8119306+00:00" endTime="2025-06-24T03:53:51.8119307+00:00" testType="13cdc9d9-ddb5-4fa4-a97d-d965ccfc6d4b" outcome="Passed" testListId="8c84fa94-04c1-424b-9868-57a2d4851a1d" relativeResultsDirectory="34104965-1545-4dfc-a8d8-ae1df474f48d" />
    <UnitTestResult executionId="f32e9ac9-a0ae-4327-a08d-a917d33c3a96" testId="08cd1022-e7e2-5161-140c-058a94b3cf40" testName="ClickUp.Api.Client.Tests.ServiceTests.SpacesServiceTests.UpdateSpaceAsync_ValidRequest_ReturnsUpdatedSpace" computerName="devbox" duration="00:00:00.0272463" startTime="2025-06-24T03:53:51.0741765+00:00" endTime="2025-06-24T03:53:51.0741765+00:00" testType="13cdc9d9-ddb5-4fa4-a97d-d965ccfc6d4b" outcome="Passed" testListId="8c84fa94-04c1-424b-9868-57a2d4851a1d" relativeResultsDirectory="f32e9ac9-a0ae-4327-a08d-a917d33c3a96" />
    <UnitTestResult executionId="2f59c32e-13eb-422b-bf94-46ce8efa84bd" testId="88118fa7-58f0-56eb-6e17-4a676b37d466" testName="ClickUp.Api.Client.Tests.ServiceTests.TaskRelationshipsServiceTests.AddDependencyAsync_NeitherDependsOnNorDependencyOf_ThrowsArgumentException" computerName="devbox" duration="00:00:00.0018491" startTime="2025-06-24T03:53:51.7908422+00:00" endTime="2025-06-24T03:53:51.7908422+00:00" testType="13cdc9d9-ddb5-4fa4-a97d-d965ccfc6d4b" outcome="Passed" testListId="8c84fa94-04c1-424b-9868-57a2d4851a1d" relativeResultsDirectory="2f59c32e-13eb-422b-bf94-46ce8efa84bd" />
    <UnitTestResult executionId="97500f07-c22b-494b-a15a-fd091e348164" testId="b47a9622-5ce0-0e31-06de-1f2bb7588e7f" testName="ClickUp.Api.Client.Tests.Models.Serialization.Converters.JsonStringOrNumberConverterTests.Read_WhenJsonIsScientificNotation_ShouldReturnString" computerName="devbox" duration="00:00:00.0185117" startTime="2025-06-24T03:53:52.0519168+00:00" endTime="2025-06-24T03:53:52.0519168+00:00" testType="13cdc9d9-ddb5-4fa4-a97d-d965ccfc6d4b" outcome="Passed" testListId="8c84fa94-04c1-424b-9868-57a2d4851a1d" relativeResultsDirectory="97500f07-c22b-494b-a15a-fd091e348164" />
    <UnitTestResult executionId="fd2a26ec-0ac3-4503-b3e5-67569fa71847" testId="c6d7e2c8-c69e-63ac-2995-895307cfb489" testName="ClickUp.Api.Client.Tests.ServiceTests.SpacesServiceTests.DeleteSpaceAsync_PassesCancellationTokenToApiConnection" computerName="devbox" duration="00:00:00.0032323" startTime="2025-06-24T03:53:51.0766093+00:00" endTime="2025-06-24T03:53:51.0766094+00:00" testType="13cdc9d9-ddb5-4fa4-a97d-d965ccfc6d4b" outcome="Passed" testListId="8c84fa94-04c1-424b-9868-57a2d4851a1d" relativeResultsDirectory="fd2a26ec-0ac3-4503-b3e5-67569fa71847" />
    <UnitTestResult executionId="2658a66d-5b7b-44d2-891c-20259889f70f" testId="b476c99b-742f-85e5-2038-a681239aadf2" testName="ClickUp.Api.Client.Tests.ServiceTests.CommentServiceTests.DeleteCommentAsync_ValidInput_CallsApiConnectionDeleteAsyncWithCorrectParameters" computerName="devbox" duration="00:00:00.0037079" startTime="2025-06-24T03:53:51.3054476+00:00" endTime="2025-06-24T03:53:51.3054477+00:00" testType="13cdc9d9-ddb5-4fa4-a97d-d965ccfc6d4b" outcome="Passed" testListId="8c84fa94-04c1-424b-9868-57a2d4851a1d" relativeResultsDirectory="2658a66d-5b7b-44d2-891c-20259889f70f" />
    <UnitTestResult executionId="bea93722-adba-4814-8959-c698b0b87df0" testId="ae2d07de-feee-fcc6-8805-b90a829fa024" testName="ClickUp.Api.Client.Tests.ServiceTests.TimeTrackingServiceTests.StopTimeEntryAsync_PassesCancellationTokenToApiConnection" computerName="devbox" duration="00:00:00.0048832" startTime="2025-06-24T03:53:52.3690154+00:00" endTime="2025-06-24T03:53:52.3690155+00:00" testType="13cdc9d9-ddb5-4fa4-a97d-d965ccfc6d4b" outcome="Passed" testListId="8c84fa94-04c1-424b-9868-57a2d4851a1d" relativeResultsDirectory="bea93722-adba-4814-8959-c698b0b87df0" />
    <UnitTestResult executionId="af41e93b-56ee-43ad-9f17-7822b3567352" testId="9415dd1f-0072-fe71-547a-377104a39855" testName="ClickUp.Api.Client.Tests.ServiceTests.WorkspacesServiceTests.GetWorkspacePlanAsync_PassesCancellationTokenToApiConnection" computerName="devbox" duration="00:00:00.0040489" startTime="2025-06-24T03:53:51.7448086+00:00" endTime="2025-06-24T03:53:51.7448086+00:00" testType="13cdc9d9-ddb5-4fa4-a97d-d965ccfc6d4b" outcome="Passed" testListId="8c84fa94-04c1-424b-9868-57a2d4851a1d" relativeResultsDirectory="af41e93b-56ee-43ad-9f17-7822b3567352" />
    <UnitTestResult executionId="902ac052-254e-4ca4-97f1-357d19bd2cbf" testId="38077e4a-1987-20ec-135a-13e02775b25f" testName="ClickUp.Api.Client.Tests.ServiceTests.TagsServiceTests.EditSpaceTagAsync_ValidRequest_ReturnsUpdatedTag" computerName="devbox" duration="00:00:00.0123014" startTime="2025-06-24T03:53:51.6829144+00:00" endTime="2025-06-24T03:53:51.6829145+00:00" testType="13cdc9d9-ddb5-4fa4-a97d-d965ccfc6d4b" outcome="Passed" testListId="8c84fa94-04c1-424b-9868-57a2d4851a1d" relativeResultsDirectory="902ac052-254e-4ca4-97f1-357d19bd2cbf" />
    <UnitTestResult executionId="0f279ee4-3413-495b-98b3-773d055d88ab" testId="b0aedc6f-1baf-8832-331d-f35a8e0d267f" testName="ClickUp.Api.Client.Tests.ServiceTests.ListsServiceTests.UpdateListAsync_ApiReturnsNullResponse_ThrowsInvalidOperationException" computerName="devbox" duration="00:00:00.0023682" startTime="2025-06-24T03:53:52.3025301+00:00" endTime="2025-06-24T03:53:52.3025302+00:00" testType="13cdc9d9-ddb5-4fa4-a97d-d965ccfc6d4b" outcome="Passed" testListId="8c84fa94-04c1-424b-9868-57a2d4851a1d" relativeResultsDirectory="0f279ee4-3413-495b-98b3-773d055d88ab" />
    <UnitTestResult executionId="a67856d6-f4cd-4e96-9e5d-4b4306ff2f32" testId="ff8e5368-8586-954c-9206-ce80c08a8e42" testName="ClickUp.Api.Client.Tests.ServiceTests.CommentServiceTests.CreateChatViewCommentAsync_ValidInput_CallsApiConnectionPostAsyncWithCorrectParameters" computerName="devbox" duration="00:00:00.0048950" startTime="2025-06-24T03:53:51.2691887+00:00" endTime="2025-06-24T03:53:51.2691888+00:00" testType="13cdc9d9-ddb5-4fa4-a97d-d965ccfc6d4b" outcome="Passed" testListId="8c84fa94-04c1-424b-9868-57a2d4851a1d" relativeResultsDirectory="a67856d6-f4cd-4e96-9e5d-4b4306ff2f32" />
    <UnitTestResult executionId="4daf744c-7ce7-45a6-a3a4-9ebafe126fb9" testId="b31d7064-e5e6-7fa8-8b45-ebefa2aa8589" testName="ClickUp.Api.Client.Tests.ServiceTests.ChatServiceTests.GetChatChannelMembersAsync_ApiError_ThrowsHttpRequestException" computerName="devbox" duration="00:00:00.0022223" startTime="2025-06-24T03:53:51.9307440+00:00" endTime="2025-06-24T03:53:51.9307441+00:00" testType="13cdc9d9-ddb5-4fa4-a97d-d965ccfc6d4b" outcome="Passed" testListId="8c84fa94-04c1-424b-9868-57a2d4851a1d" relativeResultsDirectory="4daf744c-7ce7-45a6-a3a4-9ebafe126fb9" />
    <UnitTestResult executionId="ee320b40-4780-43f5-b217-20807e213c98" testId="7e1f1d35-e167-a7a3-ef29-ab516cd5247c" testName="ClickUp.Api.Client.Tests.ServiceTests.CustomFieldsServiceTests.RemoveCustomFieldValueAsync_PassesCancellationTokenToApiConnection" computerName="devbox" duration="00:00:00.0063408" startTime="2025-06-24T03:53:51.8942973+00:00" endTime="2025-06-24T03:53:51.8942974+00:00" testType="13cdc9d9-ddb5-4fa4-a97d-d965ccfc6d4b" outcome="Passed" testListId="8c84fa94-04c1-424b-9868-57a2d4851a1d" relativeResultsDirectory="ee320b40-4780-43f5-b217-20807e213c98" />
    <UnitTestResult executionId="fc683ba2-95c7-45df-9fdc-8f6851f9c883" testId="a87ff5e5-9b1d-5210-f1d7-074df30d80a7" testName="ClickUp.Api.Client.Tests.ServiceTests.CustomFieldsServiceTests.GetAccessibleCustomFieldsAsync_ValidListId_BuildsCorrectUrlAndReturnsFields" computerName="devbox" duration="00:00:00.0064859" startTime="2025-06-24T03:53:51.9713726+00:00" endTime="2025-06-24T03:53:51.9713727+00:00" testType="13cdc9d9-ddb5-4fa4-a97d-d965ccfc6d4b" outcome="Passed" testListId="8c84fa94-04c1-424b-9868-57a2d4851a1d" relativeResultsDirectory="fc683ba2-95c7-45df-9fdc-8f6851f9c883" />
    <UnitTestResult executionId="c3431a22-e8b1-43cb-a286-3b427ae2ea65" testId="72fdaf0f-a6ec-0124-7913-bcb625625cca" testName="ClickUp.Api.Client.Tests.ServiceTests.ChatServiceTests.CreateReplyMessageAsync_PassesCancellationTokenToApiConnection" computerName="devbox" duration="00:00:00.0099122" startTime="2025-06-24T03:53:52.0370426+00:00" endTime="2025-06-24T03:53:52.0370427+00:00" testType="13cdc9d9-ddb5-4fa4-a97d-d965ccfc6d4b" outcome="Passed" testListId="8c84fa94-04c1-424b-9868-57a2d4851a1d" relativeResultsDirectory="c3431a22-e8b1-43cb-a286-3b427ae2ea65" />
    <UnitTestResult executionId="bf2cb806-6279-415a-a20e-0cfa24df3d97" testId="b43043ee-a97b-ce0d-b146-a66bef5ed3c0" testName="ClickUp.Api.Client.Tests.ServiceTests.UserGroupServiceTests.UpdateUserGroupAsync_ApiReturnsNullResponse_ThrowsInvalidOperationException" computerName="devbox" duration="00:00:00.0031188" startTime="2025-06-24T03:53:51.6628748+00:00" endTime="2025-06-24T03:53:51.6628749+00:00" testType="13cdc9d9-ddb5-4fa4-a97d-d965ccfc6d4b" outcome="Passed" testListId="8c84fa94-04c1-424b-9868-57a2d4851a1d" relativeResultsDirectory="bf2cb806-6279-415a-a20e-0cfa24df3d97" />
    <UnitTestResult executionId="f99ea66f-89b2-476f-8312-fd3bab90f8d1" testId="6f8c638a-8549-3215-0ce5-427f31429e66" testName="ClickUp.Api.Client.Tests.ServiceTests.TagsServiceTests.CreateSpaceTagAsync_ApiConnectionThrowsHttpRequestException_PropagatesException" computerName="devbox" duration="00:00:00.0027949" startTime="2025-06-24T03:53:51.5381075+00:00" endTime="2025-06-24T03:53:51.5381076+00:00" testType="13cdc9d9-ddb5-4fa4-a97d-d965ccfc6d4b" outcome="Passed" testListId="8c84fa94-04c1-424b-9868-57a2d4851a1d" relativeResultsDirectory="f99ea66f-89b2-476f-8312-fd3bab90f8d1" />
    <UnitTestResult executionId="6e33cf49-7aa9-4042-8a26-55b0f9df265a" testId="b2d4b964-f22a-8748-fa80-0fa6155a715e" testName="ClickUp.Api.Client.Tests.ServiceTests.ListsServiceTests.GetListAsync_ValidListId_ReturnsList" computerName="devbox" duration="00:00:00.0034120" startTime="2025-06-24T03:53:52.2267135+00:00" endTime="2025-06-24T03:53:52.2267136+00:00" testType="13cdc9d9-ddb5-4fa4-a97d-d965ccfc6d4b" outcome="Passed" testListId="8c84fa94-04c1-424b-9868-57a2d4851a1d" relativeResultsDirectory="6e33cf49-7aa9-4042-8a26-55b0f9df265a" />
    <UnitTestResult executionId="7a72f754-3596-4032-8a5f-9dd68333557a" testId="cfffaa5c-f039-1e50-80e4-a0c83b100e2e" testName="ClickUp.Api.Client.Tests.ServiceTests.GuestsServiceTests.AddGuestToFolderAsync_ApiError_ThrowsHttpRequestException" computerName="devbox" duration="00:00:00.0055438" startTime="2025-06-24T03:53:51.9496007+00:00" endTime="2025-06-24T03:53:51.9496008+00:00" testType="13cdc9d9-ddb5-4fa4-a97d-d965ccfc6d4b" outcome="Passed" testListId="8c84fa94-04c1-424b-9868-57a2d4851a1d" relativeResultsDirectory="7a72f754-3596-4032-8a5f-9dd68333557a" />
    <UnitTestResult executionId="288edef6-c9a6-4700-abc7-877c69413c5c" testId="1d56fabf-6545-86bf-c7d3-9fcbf11a9191" testName="ClickUp.Api.Client.Tests.ServiceTests.ChatServiceTests.DeleteChatReactionAsync_ApiConnectionThrowsTaskCanceledException_PropagatesException" computerName="devbox" duration="00:00:00.0026644" startTime="2025-06-24T03:53:52.2969780+00:00" endTime="2025-06-24T03:53:52.2969781+00:00" testType="13cdc9d9-ddb5-4fa4-a97d-d965ccfc6d4b" outcome="Passed" testListId="8c84fa94-04c1-424b-9868-57a2d4851a1d" relativeResultsDirectory="288edef6-c9a6-4700-abc7-877c69413c5c" />
    <UnitTestResult executionId="102dd843-73c8-4ef9-8b40-3436bde3e8da" testId="9740645e-2eff-51b8-67f0-1df7cf8acb83" testName="ClickUp.Api.Client.Tests.ServiceTests.CommentServiceTests.GetTaskCommentsAsync_IAsyncEnumerable_HandlesCancellation" computerName="devbox" duration="00:00:00.0216436" startTime="2025-06-24T03:53:51.2113112+00:00" endTime="2025-06-24T03:53:51.2113113+00:00" testType="13cdc9d9-ddb5-4fa4-a97d-d965ccfc6d4b" outcome="Passed" testListId="8c84fa94-04c1-424b-9868-57a2d4851a1d" relativeResultsDirectory="102dd843-73c8-4ef9-8b40-3436bde3e8da" />
    <UnitTestResult executionId="c78e499f-884a-4696-ba06-c07b165d0ef4" testId="31a1065a-ac19-32b8-35df-25a464c51606" testName="ClickUp.Api.Client.Tests.Models.Entities.CustomFieldValueTests.Deserialize_DropdownFieldValue_Correctly" computerName="devbox" duration="00:00:00.0002893" startTime="2025-06-24T03:53:51.5069955+00:00" endTime="2025-06-24T03:53:51.5069955+00:00" testType="13cdc9d9-ddb5-4fa4-a97d-d965ccfc6d4b" outcome="Passed" testListId="8c84fa94-04c1-424b-9868-57a2d4851a1d" relativeResultsDirectory="c78e499f-884a-4696-ba06-c07b165d0ef4" />
    <UnitTestResult executionId="557b8d7b-098c-4899-ad93-b79bf4a702ae" testId="a7724b9a-291c-c2c0-28d6-ba145c64e34d" testName="ClickUp.Api.Client.Tests.ServiceTests.FoldersServiceTests.CreateFolderFromTemplateAsync_ApiReturnsNull_ThrowsInvalidOperationException" computerName="devbox" duration="00:00:00.0027248" startTime="2025-06-24T03:53:51.0772483+00:00" endTime="2025-06-24T03:53:51.0772484+00:00" testType="13cdc9d9-ddb5-4fa4-a97d-d965ccfc6d4b" outcome="Passed" testListId="8c84fa94-04c1-424b-9868-57a2d4851a1d" relativeResultsDirectory="557b8d7b-098c-4899-ad93-b79bf4a702ae" />
    <UnitTestResult executionId="f2000c0a-258f-415f-9b57-22cda64d71c0" testId="d40b57a6-c538-1a9a-79a2-8126658cdaff" testName="ClickUp.Api.Client.Tests.ServiceTests.MembersServiceTests.GetListMembersAsync_ValidListId_ReturnsMembers" computerName="devbox" duration="00:00:00.0098365" startTime="2025-06-24T03:53:51.2543334+00:00" endTime="2025-06-24T03:53:51.2543335+00:00" testType="13cdc9d9-ddb5-4fa4-a97d-d965ccfc6d4b" outcome="Passed" testListId="8c84fa94-04c1-424b-9868-57a2d4851a1d" relativeResultsDirectory="f2000c0a-258f-415f-9b57-22cda64d71c0" />
    <UnitTestResult executionId="adfdd779-05da-48a7-a9db-2c33a3c4843d" testId="15deeb6b-5d37-c838-f818-dea1e0f2459c" testName="ClickUp.Api.Client.Tests.ServiceTests.WebhooksServiceTests.DeleteWebhookAsync_ValidWebhookId_CallsDeleteAsync" computerName="devbox" duration="00:00:00.0054770" startTime="2025-06-24T03:53:51.5261350+00:00" endTime="2025-06-24T03:53:51.5261350+00:00" testType="13cdc9d9-ddb5-4fa4-a97d-d965ccfc6d4b" outcome="Passed" testListId="8c84fa94-04c1-424b-9868-57a2d4851a1d" relativeResultsDirectory="adfdd779-05da-48a7-a9db-2c33a3c4843d" />
    <UnitTestResult executionId="ff4bf750-3023-451d-a15f-de5d5fb07de5" testId="2068bcf3-f1be-2c88-7e58-ec00f3a317b8" testName="ClickUp.Api.Client.Tests.ServiceTests.DocsServiceTests.SearchDocsAsync_ValidRequest_BuildsCorrectUrlAndReturnsResponse" computerName="devbox" duration="00:00:00.0041475" startTime="2025-06-24T03:53:51.3310166+00:00" endTime="2025-06-24T03:53:51.3310167+00:00" testType="13cdc9d9-ddb5-4fa4-a97d-d965ccfc6d4b" outcome="Passed" testListId="8c84fa94-04c1-424b-9868-57a2d4851a1d" relativeResultsDirectory="ff4bf750-3023-451d-a15f-de5d5fb07de5" />
    <UnitTestResult executionId="bcfc4d8f-6b6c-4deb-8ba6-84343f95fca2" testId="8e599e60-ab89-4b35-a0ff-6f9eb7d0e6aa" testName="ClickUp.Api.Client.Tests.ServiceTests.ChatServiceTests.GetChatMessageRepliesAsync_NullResponse_ThrowsInvalidOperationException" computerName="devbox" duration="00:00:00.0075029" startTime="2025-06-24T03:53:51.8276206+00:00" endTime="2025-06-24T03:53:51.8276207+00:00" testType="13cdc9d9-ddb5-4fa4-a97d-d965ccfc6d4b" outcome="Passed" testListId="8c84fa94-04c1-424b-9868-57a2d4851a1d" relativeResultsDirectory="bcfc4d8f-6b6c-4deb-8ba6-84343f95fca2" />
    <UnitTestResult executionId="0051f807-93d7-4592-8e34-90763fd16c39" testId="85184259-d996-ead8-1ad9-399123e3fa94" testName="ClickUp.Api.Client.Tests.ServiceTests.UsersServiceTests.RemoveUserFromWorkspaceAsync_ValidRequest_CallsDeleteAsync" computerName="devbox" duration="00:00:00.0048396" startTime="2025-06-24T03:53:52.1403113+00:00" endTime="2025-06-24T03:53:52.1403113+00:00" testType="13cdc9d9-ddb5-4fa4-a97d-d965ccfc6d4b" outcome="Passed" testListId="8c84fa94-04c1-424b-9868-57a2d4851a1d" relativeResultsDirectory="0051f807-93d7-4592-8e34-90763fd16c39" />
    <UnitTestResult executionId="562d1510-8105-4880-825e-11c348991799" testId="a705d7b1-9f2a-33f9-8926-8e198d0223f0" testName="ClickUp.Api.Client.Tests.ServiceTests.ViewsServiceTests.DeleteViewAsync_ValidViewId_CallsDeleteAndCompletes" computerName="devbox" duration="00:00:00.0064499" startTime="2025-06-24T03:53:51.0744940+00:00" endTime="2025-06-24T03:53:51.0744941+00:00" testType="13cdc9d9-ddb5-4fa4-a97d-d965ccfc6d4b" outcome="Passed" testListId="8c84fa94-04c1-424b-9868-57a2d4851a1d" relativeResultsDirectory="562d1510-8105-4880-825e-11c348991799" />
    <UnitTestResult executionId="711e2560-6c03-4af2-9387-ac70e3799915" testId="ef21dcdc-7a4c-1a08-c883-d07825afb5e5" testName="ClickUp.Api.Client.Tests.ServiceTests.ChatServiceTests.GetChatMessageRepliesAsync_PassesCancellationTokenToApiConnection" computerName="devbox" duration="00:00:00.0086629" startTime="2025-06-24T03:53:52.0909094+00:00" endTime="2025-06-24T03:53:52.0909095+00:00" testType="13cdc9d9-ddb5-4fa4-a97d-d965ccfc6d4b" outcome="Passed" testListId="8c84fa94-04c1-424b-9868-57a2d4851a1d" relativeResultsDirectory="711e2560-6c03-4af2-9387-ac70e3799915" />
    <UnitTestResult executionId="5c759ac6-c8a9-4d7e-8d19-4122087bce70" testId="84b8ed57-41d6-2128-cf45-76c917cb0395" testName="ClickUp.Api.Client.Tests.ServiceTests.MembersServiceTests.GetListMembersAsync_ApiConnectionThrowsTaskCanceledException_PropagatesException" computerName="devbox" duration="00:00:00.0020784" startTime="2025-06-24T03:53:51.2687187+00:00" endTime="2025-06-24T03:53:51.2687188+00:00" testType="13cdc9d9-ddb5-4fa4-a97d-d965ccfc6d4b" outcome="Passed" testListId="8c84fa94-04c1-424b-9868-57a2d4851a1d" relativeResultsDirectory="5c759ac6-c8a9-4d7e-8d19-4122087bce70" />
    <UnitTestResult executionId="baa88826-3d39-402f-be2d-be23d34b6dbe" testId="a5a77c23-3fc3-73eb-726a-706853169a5b" testName="ClickUp.Api.Client.Tests.Integration.AuthorizationServiceIntegrationTests.GetAuthorizedUserAsync_WithInvalidToken_ThrowsClickUpApiAuthenticationException" computerName="devbox" duration="00:00:00.0010000" startTime="2025-06-24T03:53:50.8745023+00:00" endTime="2025-06-24T03:53:50.8745023+00:00" testType="13cdc9d9-ddb5-4fa4-a97d-d965ccfc6d4b" outcome="Failed" testListId="8c84fa94-04c1-424b-9868-57a2d4851a1d" relativeResultsDirectory="baa88826-3d39-402f-be2d-be23d34b6dbe">
      <Output>
        <ErrorInfo>
          <Message>System.InvalidOperationException : ClickUp API PersonalAccessToken not configured for integration tests. Set via User Secrets (e.g., 'ClickUpApi:PersonalAccessToken') or Environment Variables (e.g., 'ClickUpApi__PersonalAccessToken').</Message>
          <StackTrace>   at ClickUp.Api.Client.Tests.Integration.IntegrationTestBase..ctor() in /app/src/ClickUp.Api.Client.Tests/Integration/IntegrationTestBase.cs:line 28
   at ClickUp.Api.Client.Tests.Integration.AuthorizationServiceIntegrationTests..ctor(ITestOutputHelper output) in /app/src/ClickUp.Api.Client.Tests/Integration/AuthorizationServiceIntegrationTests.cs:line 19
   at InvokeStub_AuthorizationServiceIntegrationTests..ctor(Object, Span`1)
   at System.Reflection.MethodBaseInvoker.InvokeWithOneArg(Object obj, BindingFlags invokeAttr, Binder binder, Object[] parameters, CultureInfo culture)</StackTrace>
        </ErrorInfo>
      </Output>
    </UnitTestResult>
    <UnitTestResult executionId="38d314aa-9cd6-410e-b2e6-922c637a476a" testId="173cddce-20b5-b1cf-f1bb-6e624f03b3b2" testName="ClickUp.Api.Client.Tests.ServiceTests.SpacesServiceTests.GetSpacesAsync_ApiReturnsResponseWithNullSpaces_ReturnsEmptyEnumerable" computerName="devbox" duration="00:00:00.0016157" startTime="2025-06-24T03:53:51.1355673+00:00" endTime="2025-06-24T03:53:51.1355674+00:00" testType="13cdc9d9-ddb5-4fa4-a97d-d965ccfc6d4b" outcome="Passed" testListId="8c84fa94-04c1-424b-9868-57a2d4851a1d" relativeResultsDirectory="38d314aa-9cd6-410e-b2e6-922c637a476a" />
    <UnitTestResult executionId="356fa838-4804-4b01-9451-a4e6b78c5bac" testId="569bfaae-0410-8771-222d-4bb8137ef450" testName="ClickUp.Api.Client.Tests.ServiceTests.TaskRelationshipsServiceTests.DeleteTaskLinkAsync_ApiConnectionThrowsTaskCanceledException_PropagatesException" computerName="devbox" duration="00:00:00.0028471" startTime="2025-06-24T03:53:51.7664709+00:00" endTime="2025-06-24T03:53:51.7664710+00:00" testType="13cdc9d9-ddb5-4fa4-a97d-d965ccfc6d4b" outcome="Passed" testListId="8c84fa94-04c1-424b-9868-57a2d4851a1d" relativeResultsDirectory="356fa838-4804-4b01-9451-a4e6b78c5bac" />
    <UnitTestResult executionId="8f43b232-7c2e-42b5-9552-027dd499e3fe" testId="3e153557-6ec4-cb92-cb2d-9aa00fa5afac" testName="ClickUp.Api.Client.Tests.ServiceTests.ChatServiceTests.CreateChatReactionAsync_NullResponse_ThrowsInvalidOperationException" computerName="devbox" duration="00:00:00.0029426" startTime="2025-06-24T03:53:52.3087022+00:00" endTime="2025-06-24T03:53:52.3087023+00:00" testType="13cdc9d9-ddb5-4fa4-a97d-d965ccfc6d4b" outcome="Passed" testListId="8c84fa94-04c1-424b-9868-57a2d4851a1d" relativeResultsDirectory="8f43b232-7c2e-42b5-9552-027dd499e3fe" />
    <UnitTestResult executionId="00c74ca7-a7ec-420b-b53c-7521f80582cd" testId="b44a823b-fb1a-dc2e-eaad-b63c00487d51" testName="ClickUp.Api.Client.Tests.ServiceTests.GuestsServiceTests.InviteGuestToWorkspaceAsync_ValidRequest_CallsPostAndReturnsResponse" computerName="devbox" duration="00:00:00.0049590" startTime="2025-06-24T03:53:51.9961164+00:00" endTime="2025-06-24T03:53:51.9961165+00:00" testType="13cdc9d9-ddb5-4fa4-a97d-d965ccfc6d4b" outcome="Passed" testListId="8c84fa94-04c1-424b-9868-57a2d4851a1d" relativeResultsDirectory="00c74ca7-a7ec-420b-b53c-7521f80582cd" />
    <UnitTestResult executionId="0afd378a-b143-4780-8446-effaa1303bbb" testId="5f07255c-d5cd-c0df-f7ee-814cf222be88" testName="ClickUp.Api.Client.Tests.ServiceTests.MembersServiceTests.GetTaskMembersAsync_PassesCancellationTokenToApiConnection" computerName="devbox" duration="00:00:00.0117956" startTime="2025-06-24T03:53:51.2445246+00:00" endTime="2025-06-24T03:53:51.2445247+00:00" testType="13cdc9d9-ddb5-4fa4-a97d-d965ccfc6d4b" outcome="Passed" testListId="8c84fa94-04c1-424b-9868-57a2d4851a1d" relativeResultsDirectory="0afd378a-b143-4780-8446-effaa1303bbb" />
    <UnitTestResult executionId="bcaae479-d8a1-4863-81fb-3f36c1629110" testId="e53e156b-129a-c92c-df82-35500b563cae" testName="ClickUp.Api.Client.Tests.ServiceTests.CommentServiceTests.CreateTaskCommentAsync_ApiConnectionReturnsNull_ThrowsInvalidOperationException" computerName="devbox" duration="00:00:00.0043148" startTime="2025-06-24T03:53:51.3191722+00:00" endTime="2025-06-24T03:53:51.3191723+00:00" testType="13cdc9d9-ddb5-4fa4-a97d-d965ccfc6d4b" outcome="Passed" testListId="8c84fa94-04c1-424b-9868-57a2d4851a1d" relativeResultsDirectory="bcaae479-d8a1-4863-81fb-3f36c1629110" />
    <UnitTestResult executionId="0bc1eadd-1675-478d-9839-edaeb056d50f" testId="19627d26-5122-0b52-adb2-09b422d28326" testName="ClickUp.Api.Client.Tests.ServiceTests.ChatServiceTests.GetChatMessagesAsync_ApiConnectionThrowsTaskCanceledException_PropagatesException" computerName="devbox" duration="00:00:00.0019145" startTime="2025-06-24T03:53:51.9581357+00:00" endTime="2025-06-24T03:53:51.9581358+00:00" testType="13cdc9d9-ddb5-4fa4-a97d-d965ccfc6d4b" outcome="Passed" testListId="8c84fa94-04c1-424b-9868-57a2d4851a1d" relativeResultsDirectory="0bc1eadd-1675-478d-9839-edaeb056d50f" />
    <UnitTestResult executionId="baf155d3-6754-47d3-9823-609a223a155a" testId="e18052c4-2700-62d1-b690-f3526c7f4366" testName="ClickUp.Api.Client.Tests.ServiceTests.ListsServiceTests.CreateListFromTemplateInSpaceAsync_ValidRequest_ReturnsList" computerName="devbox" duration="00:00:00.0055113" startTime="2025-06-24T03:53:52.4267690+00:00" endTime="2025-06-24T03:53:52.4267690+00:00" testType="13cdc9d9-ddb5-4fa4-a97d-d965ccfc6d4b" outcome="Passed" testListId="8c84fa94-04c1-424b-9868-57a2d4851a1d" relativeResultsDirectory="baf155d3-6754-47d3-9823-609a223a155a" />
    <UnitTestResult executionId="d8aa382c-2a94-4037-9e00-dc325ecd3cdf" testId="98655471-90f4-59e7-525f-c8084b359d9f" testName="ClickUp.Api.Client.Tests.ServiceTests.TemplatesServiceTests.GetTaskTemplatesAsync_PassesCancellationTokenToApiConnection" computerName="devbox" duration="00:00:00.0040294" startTime="2025-06-24T03:53:51.4986519+00:00" endTime="2025-06-24T03:53:51.4986520+00:00" testType="13cdc9d9-ddb5-4fa4-a97d-d965ccfc6d4b" outcome="Passed" testListId="8c84fa94-04c1-424b-9868-57a2d4851a1d" relativeResultsDirectory="d8aa382c-2a94-4037-9e00-dc325ecd3cdf" />
    <UnitTestResult executionId="00bcdfaa-8353-484b-9a01-0a9fb063b6c6" testId="4bb0600b-7552-bec3-f9e2-bd119f76cea4" testName="ClickUp.Api.Client.Tests.ServiceTests.TimeTrackingServiceTests.AddTagsToTimeEntriesAsync_ApiConnectionThrowsTaskCanceledException_PropagatesException" computerName="devbox" duration="00:00:00.0043838" startTime="2025-06-24T03:53:51.4925097+00:00" endTime="2025-06-24T03:53:51.4925098+00:00" testType="13cdc9d9-ddb5-4fa4-a97d-d965ccfc6d4b" outcome="Passed" testListId="8c84fa94-04c1-424b-9868-57a2d4851a1d" relativeResultsDirectory="00bcdfaa-8353-484b-9a01-0a9fb063b6c6" />
    <UnitTestResult executionId="5d69bbe9-964f-4b17-a304-f5c6055930c3" testId="5a411fd8-004a-df54-9143-f411c3f3fc8b" testName="ClickUp.Api.Client.Tests.ServiceTests.UsersServiceTests.GetUserFromWorkspaceAsync_ApiReturnsResponseWithNullMember_ThrowsInvalidOperationException" computerName="devbox" duration="00:00:00.0033423" startTime="2025-06-24T03:53:52.1831509+00:00" endTime="2025-06-24T03:53:52.1831510+00:00" testType="13cdc9d9-ddb5-4fa4-a97d-d965ccfc6d4b" outcome="Passed" testListId="8c84fa94-04c1-424b-9868-57a2d4851a1d" relativeResultsDirectory="5d69bbe9-964f-4b17-a304-f5c6055930c3" />
    <UnitTestResult executionId="534a9bcd-d39b-4a47-a3c5-f93fae97017e" testId="668bee19-e221-0a44-1d56-52288964742b" testName="ClickUp.Api.Client.Tests.ServiceTests.DocsServiceTests.CreateDocAsync_ApiConnectionThrowsTaskCanceledException_PropagatesException" computerName="devbox" duration="00:00:00.0028191" startTime="2025-06-24T03:53:51.4240235+00:00" endTime="2025-06-24T03:53:51.4240236+00:00" testType="13cdc9d9-ddb5-4fa4-a97d-d965ccfc6d4b" outcome="Passed" testListId="8c84fa94-04c1-424b-9868-57a2d4851a1d" relativeResultsDirectory="534a9bcd-d39b-4a47-a3c5-f93fae97017e" />
    <UnitTestResult executionId="b403fad9-95fd-4415-a85a-ffd083ed32ce" testId="b04f067e-538f-45ea-ca52-c8528853dc98" testName="ClickUp.Api.Client.Tests.ServiceTests.GuestsServiceTests.GetGuestAsync_ApiError_ThrowsHttpRequestException" computerName="devbox" duration="00:00:00.0018597" startTime="2025-06-24T03:53:51.7767658+00:00" endTime="2025-06-24T03:53:51.7767659+00:00" testType="13cdc9d9-ddb5-4fa4-a97d-d965ccfc6d4b" outcome="Passed" testListId="8c84fa94-04c1-424b-9868-57a2d4851a1d" relativeResultsDirectory="b403fad9-95fd-4415-a85a-ffd083ed32ce" />
    <UnitTestResult executionId="0a22b25d-b170-4368-80c1-af9c329106e4" testId="69dddec3-7578-2080-835c-667dbf4daafa" testName="ClickUp.Api.Client.Tests.ServiceTests.DocsServiceTests.GetDocPageListingAsync_PassesCancellationTokenToApiConnection" computerName="devbox" duration="00:00:00.0057639" startTime="2025-06-24T03:53:51.2764917+00:00" endTime="2025-06-24T03:53:51.2764918+00:00" testType="13cdc9d9-ddb5-4fa4-a97d-d965ccfc6d4b" outcome="Passed" testListId="8c84fa94-04c1-424b-9868-57a2d4851a1d" relativeResultsDirectory="0a22b25d-b170-4368-80c1-af9c329106e4" />
    <UnitTestResult executionId="e43c2c0c-7944-4f1f-b7c9-7e65889a3f13" testId="cb3cc0e0-9cb2-567a-9243-195b46400359" testName="ClickUp.Api.Client.Tests.ServiceTests.TagsServiceTests.GetSpaceTagsAsync_ApiConnectionThrowsTaskCanceledException_PropagatesException" computerName="devbox" duration="00:00:00.0024499" startTime="2025-06-24T03:53:51.7221703+00:00" endTime="2025-06-24T03:53:51.7221704+00:00" testType="13cdc9d9-ddb5-4fa4-a97d-d965ccfc6d4b" outcome="Passed" testListId="8c84fa94-04c1-424b-9868-57a2d4851a1d" relativeResultsDirectory="e43c2c0c-7944-4f1f-b7c9-7e65889a3f13" />
    <UnitTestResult executionId="6b5ad95f-8bea-4782-b12f-05a6c2631e2f" testId="9f2e3f3a-64e7-258f-cd9a-6969b9d16624" testName="ClickUp.Api.Client.Tests.ServiceTests.SpacesServiceTests.GetSpaceAsync_ApiReturnsNullResponse_ThrowsInvalidOperationException" computerName="devbox" duration="00:00:00.0046545" startTime="2025-06-24T03:53:51.1288356+00:00" endTime="2025-06-24T03:53:51.1288357+00:00" testType="13cdc9d9-ddb5-4fa4-a97d-d965ccfc6d4b" outcome="Passed" testListId="8c84fa94-04c1-424b-9868-57a2d4851a1d" relativeResultsDirectory="6b5ad95f-8bea-4782-b12f-05a6c2631e2f" />
    <UnitTestResult executionId="ad578a4a-9a8f-4b8d-a75a-c9bd4079fdf1" testId="a27c1579-1f50-a3d6-b5ce-a40bc3aa10aa" testName="ClickUp.Api.Client.Tests.ServiceTests.TaskChecklistsServiceTests.CreateChecklistItemAsync_ApiConnectionThrowsTaskCanceledException_PropagatesException" computerName="devbox" duration="00:00:00.0031215" startTime="2025-06-24T03:53:51.0758408+00:00" endTime="2025-06-24T03:53:51.0758408+00:00" testType="13cdc9d9-ddb5-4fa4-a97d-d965ccfc6d4b" outcome="Passed" testListId="8c84fa94-04c1-424b-9868-57a2d4851a1d" relativeResultsDirectory="ad578a4a-9a8f-4b8d-a75a-c9bd4079fdf1" />
    <UnitTestResult executionId="05112317-6d76-4592-b481-52a63ac84271" testId="99aa1ae7-f783-a977-8317-5f1ee410306e" testName="ClickUp.Api.Client.Tests.ServiceTests.TagsServiceTests.AddTagToTaskAsync_ApiConnectionThrowsHttpRequestException_PropagatesException" computerName="devbox" duration="00:00:00.0028113" startTime="2025-06-24T03:53:51.6621036+00:00" endTime="2025-06-24T03:53:51.6621037+00:00" testType="13cdc9d9-ddb5-4fa4-a97d-d965ccfc6d4b" outcome="Passed" testListId="8c84fa94-04c1-424b-9868-57a2d4851a1d" relativeResultsDirectory="05112317-6d76-4592-b481-52a63ac84271" />
    <UnitTestResult executionId="6827d5c4-761f-4195-b3e1-d6186cb6bc28" testId="d0eb5381-36bb-6765-acec-28e247a9a321" testName="ClickUp.Api.Client.Tests.ServiceTests.AttachmentsServiceTests.CreateTaskAttachmentAsync_ValidInput_CallsApiConnectionPostMultipartAsync" computerName="devbox" duration="00:00:00.0052521" startTime="2025-06-24T03:53:51.7700910+00:00" endTime="2025-06-24T03:53:51.7700911+00:00" testType="13cdc9d9-ddb5-4fa4-a97d-d965ccfc6d4b" outcome="Passed" testListId="8c84fa94-04c1-424b-9868-57a2d4851a1d" relativeResultsDirectory="6827d5c4-761f-4195-b3e1-d6186cb6bc28" />
    <UnitTestResult executionId="38bcadcf-3ba9-4d01-98cf-0388ebea2e14" testId="b6f51341-a030-7010-92b4-f1c1a8bc9169" testName="ClickUp.Api.Client.Tests.ServiceTests.WorkspacesServiceTests.GetWorkspaceSeatsAsync_ValidWorkspaceId_ReturnsSeatsResponse" computerName="devbox" duration="00:00:00.0039798" startTime="2025-06-24T03:53:51.7486121+00:00" endTime="2025-06-24T03:53:51.7486122+00:00" testType="13cdc9d9-ddb5-4fa4-a97d-d965ccfc6d4b" outcome="Passed" testListId="8c84fa94-04c1-424b-9868-57a2d4851a1d" relativeResultsDirectory="38bcadcf-3ba9-4d01-98cf-0388ebea2e14" />
    <UnitTestResult executionId="4325271b-570a-4de5-946c-57e1829d78e1" testId="dfa86d51-ee16-240f-a412-26f6a168a649" testName="ClickUp.Api.Client.Tests.ServiceTests.GuestsServiceTests.AddGuestToListAsync_ApiError_ThrowsHttpRequestException" computerName="devbox" duration="00:00:00.0034661" startTime="2025-06-24T03:53:51.9908591+00:00" endTime="2025-06-24T03:53:51.9908591+00:00" testType="13cdc9d9-ddb5-4fa4-a97d-d965ccfc6d4b" outcome="Passed" testListId="8c84fa94-04c1-424b-9868-57a2d4851a1d" relativeResultsDirectory="4325271b-570a-4de5-946c-57e1829d78e1" />
    <UnitTestResult executionId="4333f7a8-8f97-46a6-a439-c8b3ef25f9d6" testId="a6095f80-0334-edb4-2e89-a759c9293c61" testName="ClickUp.Api.Client.Tests.ServiceTests.AuthorizationServiceTests.GetAuthorizedWorkspacesAsync_ApiConnectionThrowsTaskCanceledException_PropagatesException" computerName="devbox" duration="00:00:00.0027440" startTime="2025-06-24T03:53:52.0933580+00:00" endTime="2025-06-24T03:53:52.0933581+00:00" testType="13cdc9d9-ddb5-4fa4-a97d-d965ccfc6d4b" outcome="Passed" testListId="8c84fa94-04c1-424b-9868-57a2d4851a1d" relativeResultsDirectory="4333f7a8-8f97-46a6-a439-c8b3ef25f9d6" />
    <UnitTestResult executionId="1e362dd5-8a34-415a-9a7d-089c8ace6037" testId="b4f6f39f-3841-4d5c-7777-c2dcf6f49b62" testName="ClickUp.Api.Client.Tests.ServiceTests.ListsServiceTests.GetFolderlessListsAsync_ApiConnectionThrowsTaskCanceledException_PropagatesException" computerName="devbox" duration="00:00:00.0021740" startTime="2025-06-24T03:53:52.3832815+00:00" endTime="2025-06-24T03:53:52.3832816+00:00" testType="13cdc9d9-ddb5-4fa4-a97d-d965ccfc6d4b" outcome="Passed" testListId="8c84fa94-04c1-424b-9868-57a2d4851a1d" relativeResultsDirectory="1e362dd5-8a34-415a-9a7d-089c8ace6037" />
    <UnitTestResult executionId="a1edea1f-8e88-496f-a044-fdea0478133a" testId="7f903fd8-7c94-6024-9ea6-9245d052b5b8" testName="ClickUp.Api.Client.Tests.ServiceTests.ChatServiceTests.CreateReplyMessageAsync_ApiConnectionThrowsTaskCanceledException_PropagatesException" computerName="devbox" duration="00:00:00.0026876" startTime="2025-06-24T03:53:52.1462993+00:00" endTime="2025-06-24T03:53:52.1462994+00:00" testType="13cdc9d9-ddb5-4fa4-a97d-d965ccfc6d4b" outcome="Passed" testListId="8c84fa94-04c1-424b-9868-57a2d4851a1d" relativeResultsDirectory="a1edea1f-8e88-496f-a044-fdea0478133a" />
    <UnitTestResult executionId="19a0bef8-afc1-4fae-96ce-c2e0cea64f93" testId="76c2b4cc-ba0a-5bcb-2c62-73d653a66d47" testName="ClickUp.Api.Client.Tests.Http.AuthenticationDelegatingHandlerTests.Constructor_WithInvalidApiKey_ShouldThrowArgumentNullException(invalidApiKey: &quot; &quot;)" computerName="devbox" duration="00:00:00.0007097" startTime="2025-06-24T03:53:51.2262080+00:00" endTime="2025-06-24T03:53:51.2262081+00:00" testType="13cdc9d9-ddb5-4fa4-a97d-d965ccfc6d4b" outcome="Passed" testListId="8c84fa94-04c1-424b-9868-57a2d4851a1d" relativeResultsDirectory="19a0bef8-afc1-4fae-96ce-c2e0cea64f93" />
    <UnitTestResult executionId="7a73a939-1a9d-47fa-a1e0-266253fa9955" testId="a7ce0cf7-cff4-9872-af69-4eef992b93b8" testName="ClickUp.Api.Client.Tests.ServiceTests.TimeTrackingServiceTests.GetTimeEntryHistoryAsync_ApiConnectionThrowsTaskCanceledException_PropagatesException" computerName="devbox" duration="00:00:00.0061716" startTime="2025-06-24T03:53:51.4507280+00:00" endTime="2025-06-24T03:53:51.4507281+00:00" testType="13cdc9d9-ddb5-4fa4-a97d-d965ccfc6d4b" outcome="Passed" testListId="8c84fa94-04c1-424b-9868-57a2d4851a1d" relativeResultsDirectory="7a73a939-1a9d-47fa-a1e0-266253fa9955" />
    <UnitTestResult executionId="4a7e7a43-b2f2-4fa5-9ce2-02b20d3c1c57" testId="10c50b8f-bcc8-df8e-e0b7-8d550856f9b0" testName="ClickUp.Api.Client.Tests.ServiceTests.SpacesServiceTests.UpdateSpaceAsync_ApiConnectionThrowsHttpRequestException_PropagatesException" computerName="devbox" duration="00:00:00.0058459" startTime="2025-06-24T03:53:51.0744126+00:00" endTime="2025-06-24T03:53:51.0744127+00:00" testType="13cdc9d9-ddb5-4fa4-a97d-d965ccfc6d4b" outcome="Passed" testListId="8c84fa94-04c1-424b-9868-57a2d4851a1d" relativeResultsDirectory="4a7e7a43-b2f2-4fa5-9ce2-02b20d3c1c57" />
    <UnitTestResult executionId="0edd6d32-5af1-49b9-bf05-bbd26cf6b418" testId="6db6db1d-1177-c8ea-5cf3-de091ac6501f" testName="ClickUp.Api.Client.Tests.ServiceTests.ChatServiceTests.GetChatChannelsAsync_PassesCancellationTokenToApiConnection" computerName="devbox" duration="00:00:00.0037232" startTime="2025-06-24T03:53:52.2135015+00:00" endTime="2025-06-24T03:53:52.2135016+00:00" testType="13cdc9d9-ddb5-4fa4-a97d-d965ccfc6d4b" outcome="Passed" testListId="8c84fa94-04c1-424b-9868-57a2d4851a1d" relativeResultsDirectory="0edd6d32-5af1-49b9-bf05-bbd26cf6b418" />
    <UnitTestResult executionId="0a79a6bc-2155-4235-a69b-e4e1c6e55917" testId="20034fd8-e7e6-9f59-86b8-581519456825" testName="ClickUp.Api.Client.Tests.ServiceTests.TagsServiceTests.RemoveTagFromTaskAsync_PassesCancellationTokenToApiConnection" computerName="devbox" duration="00:00:00.0075449" startTime="2025-06-24T03:53:51.7203443+00:00" endTime="2025-06-24T03:53:51.7203444+00:00" testType="13cdc9d9-ddb5-4fa4-a97d-d965ccfc6d4b" outcome="Passed" testListId="8c84fa94-04c1-424b-9868-57a2d4851a1d" relativeResultsDirectory="0a79a6bc-2155-4235-a69b-e4e1c6e55917" />
    <UnitTestResult executionId="04f9fafa-8f37-4bbc-b97a-64ed56b2febf" testId="0cf6b1ac-325e-ac64-fd36-574ae75b25e5" testName="ClickUp.Api.Client.Tests.ServiceTests.FoldersServiceTests.GetFoldersAsync_ApiError_ThrowsHttpRequestException" computerName="devbox" duration="00:00:00.0075659" startTime="2025-06-24T03:53:51.0796785+00:00" endTime="2025-06-24T03:53:51.0796786+00:00" testType="13cdc9d9-ddb5-4fa4-a97d-d965ccfc6d4b" outcome="Passed" testListId="8c84fa94-04c1-424b-9868-57a2d4851a1d" relativeResultsDirectory="04f9fafa-8f37-4bbc-b97a-64ed56b2febf" />
    <UnitTestResult executionId="8fc9de94-b7db-48ae-8f2f-a29a4a508b22" testId="706d4ec4-0adc-57c9-3071-10e90fc0f70f" testName="ClickUp.Api.Client.Tests.ServiceTests.GoalsServiceTests.GetGoalsAsync_IncludeCompletedNull_BuildsCorrectUrl" computerName="devbox" duration="00:00:00.0034912" startTime="2025-06-24T03:53:51.8480004+00:00" endTime="2025-06-24T03:53:51.8480005+00:00" testType="13cdc9d9-ddb5-4fa4-a97d-d965ccfc6d4b" outcome="Passed" testListId="8c84fa94-04c1-424b-9868-57a2d4851a1d" relativeResultsDirectory="8fc9de94-b7db-48ae-8f2f-a29a4a508b22" />
    <UnitTestResult executionId="0645e493-42f5-4b3a-8839-f9d61dd27d06" testId="7f3958b9-1f8d-6baf-a1fe-2fb06fcdfede" testName="ClickUp.Api.Client.Tests.ServiceTests.UsersServiceTests.RemoveUserFromWorkspaceAsync_PassesCancellationTokenToApiConnection" computerName="devbox" duration="00:00:00.0082753" startTime="2025-06-24T03:53:52.1732078+00:00" endTime="2025-06-24T03:53:52.1732079+00:00" testType="13cdc9d9-ddb5-4fa4-a97d-d965ccfc6d4b" outcome="Passed" testListId="8c84fa94-04c1-424b-9868-57a2d4851a1d" relativeResultsDirectory="0645e493-42f5-4b3a-8839-f9d61dd27d06" />
    <UnitTestResult executionId="56798497-c968-4fd0-b1df-498ab83a79c9" testId="74562e14-cc5c-a9c9-1979-f6ded4eaa05c" testName="ClickUp.Api.Client.Tests.ServiceTests.CommentServiceTests.CreateListCommentAsync_ApiConnectionThrowsTaskCanceledException_PropagatesException" computerName="devbox" duration="00:00:00.0029513" startTime="2025-06-24T03:53:51.3583757+00:00" endTime="2025-06-24T03:53:51.3583757+00:00" testType="13cdc9d9-ddb5-4fa4-a97d-d965ccfc6d4b" outcome="Passed" testListId="8c84fa94-04c1-424b-9868-57a2d4851a1d" relativeResultsDirectory="56798497-c968-4fd0-b1df-498ab83a79c9" />
    <UnitTestResult executionId="427224cc-0f9b-42bc-8887-486270bec0c7" testId="cc867c7c-0d5c-801d-c7c1-fb77450424f9" testName="ClickUp.Api.Client.Tests.ServiceTests.ListsServiceTests.CreateFolderlessListAsync_ApiReturnsNullResponse_ThrowsInvalidOperationException" computerName="devbox" duration="00:00:00.0030920" startTime="2025-06-24T03:53:52.2391609+00:00" endTime="2025-06-24T03:53:52.2391610+00:00" testType="13cdc9d9-ddb5-4fa4-a97d-d965ccfc6d4b" outcome="Passed" testListId="8c84fa94-04c1-424b-9868-57a2d4851a1d" relativeResultsDirectory="427224cc-0f9b-42bc-8887-486270bec0c7" />
    <UnitTestResult executionId="ce94d666-6757-40ec-8c71-1e4dbd5ef78b" testId="30bc3756-0d13-9f03-5c94-49181b7b2f53" testName="ClickUp.Api.Client.Tests.ServiceTests.FoldersServiceTests.GetFoldersAsync_ApiConnectionThrowsTaskCanceledException_PropagatesException" computerName="devbox" duration="00:00:00.0013929" startTime="2025-06-24T03:53:51.1330328+00:00" endTime="2025-06-24T03:53:51.1330328+00:00" testType="13cdc9d9-ddb5-4fa4-a97d-d965ccfc6d4b" outcome="Passed" testListId="8c84fa94-04c1-424b-9868-57a2d4851a1d" relativeResultsDirectory="ce94d666-6757-40ec-8c71-1e4dbd5ef78b" />
    <UnitTestResult executionId="8a986456-3fa0-4a14-9c0d-1c9579e5a885" testId="f13914a9-e3c4-4f53-b448-c11020d7474c" testName="ClickUp.Api.Client.Tests.ServiceTests.ListsServiceTests.CreateListInFolderAsync_ApiConnectionThrowsHttpRequestException_PropagatesException" computerName="devbox" duration="00:00:00.0029531" startTime="2025-06-24T03:53:52.1428284+00:00" endTime="2025-06-24T03:53:52.1428284+00:00" testType="13cdc9d9-ddb5-4fa4-a97d-d965ccfc6d4b" outcome="Passed" testListId="8c84fa94-04c1-424b-9868-57a2d4851a1d" relativeResultsDirectory="8a986456-3fa0-4a14-9c0d-1c9579e5a885" />
    <UnitTestResult executionId="b06853ab-fda0-4d18-b729-8a5c8f9d0584" testId="114b0c56-3cd9-6e29-2cb9-d244c016d012" testName="ClickUp.Api.Client.Tests.ServiceTests.GuestsServiceTests.RemoveGuestFromFolderAsync_ApiConnectionThrowsTaskCanceledException_PropagatesException" computerName="devbox" duration="00:00:00.0045817" startTime="2025-06-24T03:53:51.8185202+00:00" endTime="2025-06-24T03:53:51.8185203+00:00" testType="13cdc9d9-ddb5-4fa4-a97d-d965ccfc6d4b" outcome="Passed" testListId="8c84fa94-04c1-424b-9868-57a2d4851a1d" relativeResultsDirectory="b06853ab-fda0-4d18-b729-8a5c8f9d0584" />
    <UnitTestResult executionId="4b770b1d-f6dc-4c3a-af8a-f22d05944182" testId="5a736385-92f4-596a-42c3-9ac76ed35208" testName="ClickUp.Api.Client.Tests.ServiceTests.ListsServiceTests.GetListsInFolderAsync_ApiReturnsNullResponse_ReturnsEmptyEnumerable" computerName="devbox" duration="00:00:00.0019887" startTime="2025-06-24T03:53:52.3755258+00:00" endTime="2025-06-24T03:53:52.3755259+00:00" testType="13cdc9d9-ddb5-4fa4-a97d-d965ccfc6d4b" outcome="Passed" testListId="8c84fa94-04c1-424b-9868-57a2d4851a1d" relativeResultsDirectory="4b770b1d-f6dc-4c3a-af8a-f22d05944182" />
    <UnitTestResult executionId="de120f4a-e53a-440b-99b5-3f71dc14afa6" testId="9173bdb8-0644-720d-11dc-acce7b1baa61" testName="ClickUp.Api.Client.Tests.Http.AuthenticationDelegatingHandlerTests.Constructor_WithInvalidApiKey_ShouldThrowArgumentNullException(invalidApiKey: null)" computerName="devbox" duration="00:00:00.0000229" startTime="2025-06-24T03:53:51.2262898+00:00" endTime="2025-06-24T03:53:51.2262899+00:00" testType="13cdc9d9-ddb5-4fa4-a97d-d965ccfc6d4b" outcome="Passed" testListId="8c84fa94-04c1-424b-9868-57a2d4851a1d" relativeResultsDirectory="de120f4a-e53a-440b-99b5-3f71dc14afa6" />
    <UnitTestResult executionId="1d681380-9cad-4342-8349-d65ead41cb20" testId="45f226c6-a7fb-f0c5-2b54-879f9f02343b" testName="ClickUp.Api.Client.Tests.ServiceTests.TimeTrackingServiceTests.GetRunningTimeEntryAsync_ApiConnectionThrowsTaskCanceledException_PropagatesException" computerName="devbox" duration="00:00:00.0055748" startTime="2025-06-24T03:53:51.5465932+00:00" endTime="2025-06-24T03:53:51.5465933+00:00" testType="13cdc9d9-ddb5-4fa4-a97d-d965ccfc6d4b" outcome="Passed" testListId="8c84fa94-04c1-424b-9868-57a2d4851a1d" relativeResultsDirectory="1d681380-9cad-4342-8349-d65ead41cb20" />
    <UnitTestResult executionId="cd578b22-4d89-403b-a72b-df73c2aec058" testId="613be7f4-a7a7-5395-df61-0abb70eb195e" testName="ClickUp.Api.Client.Tests.ServiceTests.AttachmentsServiceTests.CreateTaskAttachmentAsync_ApiConnectionThrowsException_PropagatesException" computerName="devbox" duration="00:00:00.0038885" startTime="2025-06-24T03:53:51.7754562+00:00" endTime="2025-06-24T03:53:51.7754562+00:00" testType="13cdc9d9-ddb5-4fa4-a97d-d965ccfc6d4b" outcome="Passed" testListId="8c84fa94-04c1-424b-9868-57a2d4851a1d" relativeResultsDirectory="cd578b22-4d89-403b-a72b-df73c2aec058" />
    <UnitTestResult executionId="7db37340-7bc1-4b24-aa35-6e09f4de7bf6" testId="5c7bd3fb-81ff-1ac2-6d57-8d1e80a09522" testName="ClickUp.Api.Client.Tests.ServiceTests.ChatServiceTests.UpdateChatChannelAsync_PassesCancellationTokenToApiConnection" computerName="devbox" duration="00:00:00.0076136" startTime="2025-06-24T03:53:52.2447199+00:00" endTime="2025-06-24T03:53:52.2447200+00:00" testType="13cdc9d9-ddb5-4fa4-a97d-d965ccfc6d4b" outcome="Passed" testListId="8c84fa94-04c1-424b-9868-57a2d4851a1d" relativeResultsDirectory="7db37340-7bc1-4b24-aa35-6e09f4de7bf6" />
    <UnitTestResult executionId="60016c1d-5eb3-4896-8cb2-74088410de72" testId="a3e51ec7-b3af-413f-6ae4-8f1fbff3734c" testName="ClickUp.Api.Client.Tests.ServiceTests.ChatServiceTests.GetChatMessageRepliesAsync_ApiError_ThrowsHttpRequestException" computerName="devbox" duration="00:00:00.0024002" startTime="2025-06-24T03:53:52.2494547+00:00" endTime="2025-06-24T03:53:52.2494548+00:00" testType="13cdc9d9-ddb5-4fa4-a97d-d965ccfc6d4b" outcome="Passed" testListId="8c84fa94-04c1-424b-9868-57a2d4851a1d" relativeResultsDirectory="60016c1d-5eb3-4896-8cb2-74088410de72" />
    <UnitTestResult executionId="e4c1416f-3600-462b-a40d-d9d383e8630a" testId="8b526042-2739-8ce1-d8f4-c1bf02014643" testName="ClickUp.Api.Client.Tests.ServiceTests.UsersServiceTests.EditUserOnWorkspaceAsync_ApiConnectionThrowsTaskCanceledException_PropagatesException" computerName="devbox" duration="00:00:00.0025077" startTime="2025-06-24T03:53:52.1587708+00:00" endTime="2025-06-24T03:53:52.1587708+00:00" testType="13cdc9d9-ddb5-4fa4-a97d-d965ccfc6d4b" outcome="Passed" testListId="8c84fa94-04c1-424b-9868-57a2d4851a1d" relativeResultsDirectory="e4c1416f-3600-462b-a40d-d9d383e8630a" />
    <UnitTestResult executionId="624f8692-636c-4005-96cc-da710a840d5e" testId="ad134f43-af46-ffb4-1224-9d0f96b1191a" testName="ClickUp.Api.Client.Tests.Models.Entities.CustomFieldValueTests.Deserialize_LabelsFieldValue_Correctly" computerName="devbox" duration="00:00:00.0005010" startTime="2025-06-24T03:53:51.5086468+00:00" endTime="2025-06-24T03:53:51.5086469+00:00" testType="13cdc9d9-ddb5-4fa4-a97d-d965ccfc6d4b" outcome="Passed" testListId="8c84fa94-04c1-424b-9868-57a2d4851a1d" relativeResultsDirectory="624f8692-636c-4005-96cc-da710a840d5e" />
    <UnitTestResult executionId="7ea0f3fd-d8a0-4787-8b22-ca0c498fced5" testId="ae8f0629-548d-85f5-1896-27263638cd5d" testName="ClickUp.Api.Client.Tests.ServiceTests.TaskChecklistsServiceTests.CreateChecklistAsync_ApiConnectionThrowsHttpRequestException_PropagatesException" computerName="devbox" duration="00:00:00.0025907" startTime="2025-06-24T03:53:51.0743740+00:00" endTime="2025-06-24T03:53:51.0743741+00:00" testType="13cdc9d9-ddb5-4fa4-a97d-d965ccfc6d4b" outcome="Passed" testListId="8c84fa94-04c1-424b-9868-57a2d4851a1d" relativeResultsDirectory="7ea0f3fd-d8a0-4787-8b22-ca0c498fced5" />
    <UnitTestResult executionId="6cafb807-d639-470d-8392-7418fdf5c7f6" testId="c00a10e7-76a8-0ad0-ac0a-20828a92aa3c" testName="ClickUp.Api.Client.Tests.ServiceTests.FoldersServiceTests.DeleteFolderAsync_ApiConnectionThrowsTaskCanceledException_PropagatesException" computerName="devbox" duration="00:00:00.0062830" startTime="2025-06-24T03:53:51.0696877+00:00" endTime="2025-06-24T03:53:51.0696878+00:00" testType="13cdc9d9-ddb5-4fa4-a97d-d965ccfc6d4b" outcome="Passed" testListId="8c84fa94-04c1-424b-9868-57a2d4851a1d" relativeResultsDirectory="6cafb807-d639-470d-8392-7418fdf5c7f6" />
    <UnitTestResult executionId="aaa5c620-ce9c-4042-bf1e-7d16ab8def9a" testId="343cb0e1-1417-cf7e-abff-eab562d84b81" testName="ClickUp.Api.Client.Tests.ServiceTests.TimeTrackingServiceTests.CreateTimeEntryAsync_ApiConnectionThrowsHttpRequestException_PropagatesException" computerName="devbox" duration="00:00:00.0024977" startTime="2025-06-24T03:53:52.3811631+00:00" endTime="2025-06-24T03:53:52.3811632+00:00" testType="13cdc9d9-ddb5-4fa4-a97d-d965ccfc6d4b" outcome="Passed" testListId="8c84fa94-04c1-424b-9868-57a2d4851a1d" relativeResultsDirectory="aaa5c620-ce9c-4042-bf1e-7d16ab8def9a" />
    <UnitTestResult executionId="6b32fbbe-271c-44fe-8c33-b7818f315894" testId="c130309f-793c-3c54-1997-75ff6d96554c" testName="ClickUp.Api.Client.Tests.ServiceTests.ChatServiceTests.CreateLocationChatChannelAsync_ApiError_ThrowsHttpRequestException" computerName="devbox" duration="00:00:00.0022384" startTime="2025-06-24T03:53:52.0708447+00:00" endTime="2025-06-24T03:53:52.0708448+00:00" testType="13cdc9d9-ddb5-4fa4-a97d-d965ccfc6d4b" outcome="Passed" testListId="8c84fa94-04c1-424b-9868-57a2d4851a1d" relativeResultsDirectory="6b32fbbe-271c-44fe-8c33-b7818f315894" />
    <UnitTestResult executionId="6c997667-c258-465a-89ad-f906b91d455a" testId="c64906e5-891b-d070-0323-c95ffdca0dd5" testName="ClickUp.Api.Client.Tests.ServiceTests.UsersServiceTests.EditUserOnWorkspaceAsync_PassesCancellationTokenToApiConnection" computerName="devbox" duration="00:00:00.0054879" startTime="2025-06-24T03:53:52.1879060+00:00" endTime="2025-06-24T03:53:52.1879061+00:00" testType="13cdc9d9-ddb5-4fa4-a97d-d965ccfc6d4b" outcome="Passed" testListId="8c84fa94-04c1-424b-9868-57a2d4851a1d" relativeResultsDirectory="6c997667-c258-465a-89ad-f906b91d455a" />
    <UnitTestResult executionId="9aa98ec6-2a84-47d4-98d1-fc9017c1b8f2" testId="10d6ca3f-1b9d-a635-ebd2-3e7bab601eee" testName="ClickUp.Api.Client.Tests.ServiceTests.ChatServiceTests.GetChatMessageReactionsAsync_ApiError_ThrowsHttpRequestException" computerName="devbox" duration="00:00:00.0066833" startTime="2025-06-24T03:53:52.0570566+00:00" endTime="2025-06-24T03:53:52.0570567+00:00" testType="13cdc9d9-ddb5-4fa4-a97d-d965ccfc6d4b" outcome="Passed" testListId="8c84fa94-04c1-424b-9868-57a2d4851a1d" relativeResultsDirectory="9aa98ec6-2a84-47d4-98d1-fc9017c1b8f2" />
    <UnitTestResult executionId="e097a85d-521b-426a-a529-d5ce2f46c550" testId="2532a0e0-d26a-c0fc-c5f7-f06b4858b91b" testName="ClickUp.Api.Client.Tests.Integration.AuthorizationServiceIntegrationTests.GetAuthorizedWorkspacesAsync_WithValidToken_ReturnsWorkspaces" computerName="devbox" duration="00:00:00.0010000" startTime="2025-06-24T03:53:50.8682812+00:00" endTime="2025-06-24T03:53:50.8683437+00:00" testType="13cdc9d9-ddb5-4fa4-a97d-d965ccfc6d4b" outcome="Failed" testListId="8c84fa94-04c1-424b-9868-57a2d4851a1d" relativeResultsDirectory="e097a85d-521b-426a-a529-d5ce2f46c550">
      <Output>
        <ErrorInfo>
          <Message>System.InvalidOperationException : ClickUp API PersonalAccessToken not configured for integration tests. Set via User Secrets (e.g., 'ClickUpApi:PersonalAccessToken') or Environment Variables (e.g., 'ClickUpApi__PersonalAccessToken').</Message>
          <StackTrace>   at ClickUp.Api.Client.Tests.Integration.IntegrationTestBase..ctor() in /app/src/ClickUp.Api.Client.Tests/Integration/IntegrationTestBase.cs:line 28
   at ClickUp.Api.Client.Tests.Integration.AuthorizationServiceIntegrationTests..ctor(ITestOutputHelper output) in /app/src/ClickUp.Api.Client.Tests/Integration/AuthorizationServiceIntegrationTests.cs:line 19
   at System.RuntimeMethodHandle.InvokeMethod(Object target, Void** arguments, Signature sig, Boolean isConstructor)
   at System.Reflection.MethodBaseInvoker.InvokeDirectByRefWithFewArgs(Object obj, Span`1 copyOfArgs, BindingFlags invokeAttr)</StackTrace>
        </ErrorInfo>
      </Output>
    </UnitTestResult>
    <UnitTestResult executionId="ef3e93a1-ffe0-43f4-9d80-a67343abec5d" testId="efa20886-c864-a3ce-f5ed-40c64826a507" testName="ClickUp.Api.Client.Tests.ServiceTests.ChatServiceTests.DeleteChatChannelAsync_ValidRequest_CallsDelete" computerName="devbox" duration="00:00:00.0106121" startTime="2025-06-24T03:53:51.7968984+00:00" endTime="2025-06-24T03:53:51.7968985+00:00" testType="13cdc9d9-ddb5-4fa4-a97d-d965ccfc6d4b" outcome="Passed" testListId="8c84fa94-04c1-424b-9868-57a2d4851a1d" relativeResultsDirectory="ef3e93a1-ffe0-43f4-9d80-a67343abec5d" />
    <UnitTestResult executionId="1302dc6e-9c95-4977-b3b3-11f51f015a76" testId="57d5351e-89a1-88f5-047f-ba6226dd4f1e" testName="ClickUp.Api.Client.Tests.ServiceTests.WebhooksServiceTests.GetWebhooksAsync_PassesCancellationTokenToApiConnection" computerName="devbox" duration="00:00:00.0052145" startTime="2025-06-24T03:53:51.5794585+00:00" endTime="2025-06-24T03:53:51.5794586+00:00" testType="13cdc9d9-ddb5-4fa4-a97d-d965ccfc6d4b" outcome="Passed" testListId="8c84fa94-04c1-424b-9868-57a2d4851a1d" relativeResultsDirectory="1302dc6e-9c95-4977-b3b3-11f51f015a76" />
    <UnitTestResult executionId="4523a775-5b4b-4740-92fc-79f10965f8ba" testId="4cd07aad-f8b5-25a7-0e51-5fa1fc4c127d" testName="ClickUp.Api.Client.Tests.ServiceTests.GoalsServiceTests.CreateGoalAsync_ValidRequest_CallsPostAndReturnsGoal" computerName="devbox" duration="00:00:00.0073360" startTime="2025-06-24T03:53:51.9345628+00:00" endTime="2025-06-24T03:53:51.9345629+00:00" testType="13cdc9d9-ddb5-4fa4-a97d-d965ccfc6d4b" outcome="Passed" testListId="8c84fa94-04c1-424b-9868-57a2d4851a1d" relativeResultsDirectory="4523a775-5b4b-4740-92fc-79f10965f8ba" />
    <UnitTestResult executionId="40151708-592f-4426-bcf5-9f171bdffd4c" testId="b62285e3-710c-7c9a-e1f3-058f7c0cf59e" testName="ClickUp.Api.Client.Tests.ServiceTests.ChatServiceTests.GetChatMessagesAsync_PassesCancellationTokenToApiConnection" computerName="devbox" duration="00:00:00.0054041" startTime="2025-06-24T03:53:52.3344455+00:00" endTime="2025-06-24T03:53:52.3344456+00:00" testType="13cdc9d9-ddb5-4fa4-a97d-d965ccfc6d4b" outcome="Passed" testListId="8c84fa94-04c1-424b-9868-57a2d4851a1d" relativeResultsDirectory="40151708-592f-4426-bcf5-9f171bdffd4c" />
    <UnitTestResult executionId="d239c9fc-bca5-43a4-b2e8-9f51a475c827" testId="c4d12ff3-60f4-4492-afbf-1372b99887a4" testName="ClickUp.Api.Client.Tests.ServiceTests.TimeTrackingServiceTests.GetTimeEntryHistoryAsync_ValidRequest_ReturnsHistory" computerName="devbox" duration="00:00:00.0167188" startTime="2025-06-24T03:53:51.4678054+00:00" endTime="2025-06-24T03:53:51.4678055+00:00" testType="13cdc9d9-ddb5-4fa4-a97d-d965ccfc6d4b" outcome="Passed" testListId="8c84fa94-04c1-424b-9868-57a2d4851a1d" relativeResultsDirectory="d239c9fc-bca5-43a4-b2e8-9f51a475c827" />
    <UnitTestResult executionId="36d438fd-913a-4c82-ac68-1c3d5333b528" testId="8fdfef11-0cbf-4548-2c30-a1ba063c7022" testName="ClickUp.Api.Client.Tests.ServiceTests.ChatServiceTests.UpdateChatMessageAsync_PassesCancellationTokenToApiConnection" computerName="devbox" duration="00:00:00.0080687" startTime="2025-06-24T03:53:52.1343253+00:00" endTime="2025-06-24T03:53:52.1343253+00:00" testType="13cdc9d9-ddb5-4fa4-a97d-d965ccfc6d4b" outcome="Passed" testListId="8c84fa94-04c1-424b-9868-57a2d4851a1d" relativeResultsDirectory="36d438fd-913a-4c82-ac68-1c3d5333b528" />
    <UnitTestResult executionId="87f93c6b-dc9b-408a-a21b-840372884822" testId="57bacdbf-a0f3-52a6-bf94-fe17e3e3f642" testName="ClickUp.Api.Client.Tests.ServiceTests.ChatServiceTests.CreateDirectMessageChatChannelAsync_ApiConnectionThrowsTaskCanceledException_PropagatesException" computerName="devbox" duration="00:00:00.0176995" startTime="2025-06-24T03:53:52.3719027+00:00" endTime="2025-06-24T03:53:52.3719028+00:00" testType="13cdc9d9-ddb5-4fa4-a97d-d965ccfc6d4b" outcome="Passed" testListId="8c84fa94-04c1-424b-9868-57a2d4851a1d" relativeResultsDirectory="87f93c6b-dc9b-408a-a21b-840372884822" />
    <UnitTestResult executionId="eadc02be-4af5-4c27-8c3e-3790f4e305b5" testId="9da7c202-58c3-5fab-0031-2fe16a925c22" testName="ClickUp.Api.Client.Tests.ServiceTests.WebhooksServiceTests.DeleteWebhookAsync_ApiConnectionThrowsTaskCanceledException_PropagatesException" computerName="devbox" duration="00:00:00.0018227" startTime="2025-06-24T03:53:51.5814171+00:00" endTime="2025-06-24T03:53:51.5814172+00:00" testType="13cdc9d9-ddb5-4fa4-a97d-d965ccfc6d4b" outcome="Passed" testListId="8c84fa94-04c1-424b-9868-57a2d4851a1d" relativeResultsDirectory="eadc02be-4af5-4c27-8c3e-3790f4e305b5" />
    <UnitTestResult executionId="c7cf5855-8013-46f7-b488-677ea14949f3" testId="9d43684b-00da-7543-9bc1-a2202605ce82" testName="ClickUp.Api.Client.Tests.ServiceTests.SpacesServiceTests.GetSpaceAsync_PassesCancellationTokenToApiConnection" computerName="devbox" duration="00:00:00.0045646" startTime="2025-06-24T03:53:51.0888534+00:00" endTime="2025-06-24T03:53:51.0888535+00:00" testType="13cdc9d9-ddb5-4fa4-a97d-d965ccfc6d4b" outcome="Passed" testListId="8c84fa94-04c1-424b-9868-57a2d4851a1d" relativeResultsDirectory="c7cf5855-8013-46f7-b488-677ea14949f3" />
    <UnitTestResult executionId="d577a5af-d6ab-4e70-a6a9-3096f9095073" testId="6fe0c3e8-d70e-aa1e-ebb5-3824f2093751" testName="ClickUp.Api.Client.Tests.ServiceTests.TaskChecklistsServiceTests.EditChecklistAsync_ValidRequest_CallsPutAsync" computerName="devbox" duration="00:00:00.0107238" startTime="2025-06-24T03:53:51.0767359+00:00" endTime="2025-06-24T03:53:51.0767360+00:00" testType="13cdc9d9-ddb5-4fa4-a97d-d965ccfc6d4b" outcome="Passed" testListId="8c84fa94-04c1-424b-9868-57a2d4851a1d" relativeResultsDirectory="d577a5af-d6ab-4e70-a6a9-3096f9095073" />
    <UnitTestResult executionId="6fb86065-8da5-4b51-997f-44b57f5c0a8b" testId="111b5745-dc75-6f3d-aaee-96747b4d798f" testName="ClickUp.Api.Client.Tests.ServiceTests.CustomFieldsServiceTests.GetFolderCustomFieldsAsync_ApiError_ThrowsHttpRequestException" computerName="devbox" duration="00:00:00.0068755" startTime="2025-06-24T03:53:51.8619345+00:00" endTime="2025-06-24T03:53:51.8619346+00:00" testType="13cdc9d9-ddb5-4fa4-a97d-d965ccfc6d4b" outcome="Passed" testListId="8c84fa94-04c1-424b-9868-57a2d4851a1d" relativeResultsDirectory="6fb86065-8da5-4b51-997f-44b57f5c0a8b" />
    <UnitTestResult executionId="9d823610-6dbb-4d92-aa32-6cdfcfe39fe2" testId="5ffbebdf-5e40-5008-341b-badf7d73af51" testName="ClickUp.Api.Client.Tests.ServiceTests.SpacesServiceTests.GetSpacesAsync_ApiReturnsNullResponse_ReturnsEmptyEnumerable" computerName="devbox" duration="00:00:00.0033369" startTime="2025-06-24T03:53:51.0775332+00:00" endTime="2025-06-24T03:53:51.0775332+00:00" testType="13cdc9d9-ddb5-4fa4-a97d-d965ccfc6d4b" outcome="Passed" testListId="8c84fa94-04c1-424b-9868-57a2d4851a1d" relativeResultsDirectory="9d823610-6dbb-4d92-aa32-6cdfcfe39fe2" />
    <UnitTestResult executionId="558624a2-36ed-4bb9-b596-d8ba8512f4f5" testId="f88a9eb1-1b2d-6978-811a-00b9776f9a7b" testName="ClickUp.Api.Client.Tests.ServiceTests.TagsServiceTests.AddTagToTaskAsync_ValidRequest_CallsPostAsyncWithCorrectUrl" computerName="devbox" duration="00:00:00.0090674" startTime="2025-06-24T03:53:51.5214644+00:00" endTime="2025-06-24T03:53:51.5214645+00:00" testType="13cdc9d9-ddb5-4fa4-a97d-d965ccfc6d4b" outcome="Passed" testListId="8c84fa94-04c1-424b-9868-57a2d4851a1d" relativeResultsDirectory="558624a2-36ed-4bb9-b596-d8ba8512f4f5" />
    <UnitTestResult executionId="0c08585d-95ba-440c-82b8-d856f44996f4" testId="df534433-e81e-2362-089d-02b32a13ff5f" testName="ClickUp.Api.Client.Tests.ServiceTests.ListsServiceTests.GetFolderlessListsAsync_ApiReturnsNullResponse_ReturnsEmptyEnumerable" computerName="devbox" duration="00:00:00.0011615" startTime="2025-06-24T03:53:52.4377743+00:00" endTime="2025-06-24T03:53:52.4377744+00:00" testType="13cdc9d9-ddb5-4fa4-a97d-d965ccfc6d4b" outcome="Passed" testListId="8c84fa94-04c1-424b-9868-57a2d4851a1d" relativeResultsDirectory="0c08585d-95ba-440c-82b8-d856f44996f4" />
    <UnitTestResult executionId="541cf5fd-234f-474c-bf78-98b807a95e64" testId="fbfcdd25-8006-e7af-fc46-35b988e5dd70" testName="ClickUp.Api.Client.Tests.ServiceTests.FoldersServiceTests.GetFoldersAsync_ArchivedNull_BuildsCorrectUrl" computerName="devbox" duration="00:00:00.0035768" startTime="2025-06-24T03:53:51.0774938+00:00" endTime="2025-06-24T03:53:51.0774939+00:00" testType="13cdc9d9-ddb5-4fa4-a97d-d965ccfc6d4b" outcome="Passed" testListId="8c84fa94-04c1-424b-9868-57a2d4851a1d" relativeResultsDirectory="541cf5fd-234f-474c-bf78-98b807a95e64" />
    <UnitTestResult executionId="642c2207-e7d3-4117-b413-acd9dab8b4a1" testId="759e141d-5006-5154-479b-168738883742" testName="ClickUp.Api.Client.Tests.ServiceTests.TaskServiceTests.GetFilteredTeamTasksAsync_WithNewParameters_BuildsCorrectEndpoint" computerName="devbox" duration="00:00:00.0127971" startTime="2025-06-24T03:53:52.0889561+00:00" endTime="2025-06-24T03:53:52.0889562+00:00" testType="13cdc9d9-ddb5-4fa4-a97d-d965ccfc6d4b" outcome="Passed" testListId="8c84fa94-04c1-424b-9868-57a2d4851a1d" relativeResultsDirectory="642c2207-e7d3-4117-b413-acd9dab8b4a1" />
    <UnitTestResult executionId="23741419-c1c8-4dd3-b165-0fdd212267bf" testId="96fca06f-0569-a7af-f21c-69e7c495e6cb" testName="ClickUp.Api.Client.Tests.ServiceTests.WorkspacesServiceTests.GetWorkspaceSeatsAsync_ApiConnectionThrowsTaskCanceledException_PropagatesException" computerName="devbox" duration="00:00:00.0024195" startTime="2025-06-24T03:53:51.7340858+00:00" endTime="2025-06-24T03:53:51.7340859+00:00" testType="13cdc9d9-ddb5-4fa4-a97d-d965ccfc6d4b" outcome="Passed" testListId="8c84fa94-04c1-424b-9868-57a2d4851a1d" relativeResultsDirectory="23741419-c1c8-4dd3-b165-0fdd212267bf" />
    <UnitTestResult executionId="f1663132-0a53-4071-98c1-4a6f25deeaa9" testId="ca2b40c5-5ae1-bcc9-b91c-ceb89636f876" testName="ClickUp.Api.Client.Tests.ServiceTests.GoalsServiceTests.DeleteGoalAsync_ApiError_ThrowsHttpRequestException" computerName="devbox" duration="00:00:00.0019329" startTime="2025-06-24T03:53:51.8349886+00:00" endTime="2025-06-24T03:53:51.8349887+00:00" testType="13cdc9d9-ddb5-4fa4-a97d-d965ccfc6d4b" outcome="Passed" testListId="8c84fa94-04c1-424b-9868-57a2d4851a1d" relativeResultsDirectory="f1663132-0a53-4071-98c1-4a6f25deeaa9" />
    <UnitTestResult executionId="bbc40e5d-c70d-4fe9-a754-55816ffb6f89" testId="f6bdcac0-22ed-72e6-9550-717b92896985" testName="ClickUp.Api.Client.Tests.ServiceTests.TaskChecklistsServiceTests.EditChecklistItemAsync_ApiConnectionThrowsHttpRequestException_PropagatesException" computerName="devbox" duration="00:00:00.0041170" startTime="2025-06-24T03:53:51.1264971+00:00" endTime="2025-06-24T03:53:51.1264972+00:00" testType="13cdc9d9-ddb5-4fa4-a97d-d965ccfc6d4b" outcome="Passed" testListId="8c84fa94-04c1-424b-9868-57a2d4851a1d" relativeResultsDirectory="bbc40e5d-c70d-4fe9-a754-55816ffb6f89" />
    <UnitTestResult executionId="8b561b13-1f50-48be-920a-da16b4c45f7c" testId="fa0b2a88-e976-a041-14e3-8c8bd4b16949" testName="ClickUp.Api.Client.Tests.ServiceTests.TimeTrackingServiceTests.UpdateTimeEntryAsync_WithCustomTaskIdsAndTeamId_BuildsCorrectUrl" computerName="devbox" duration="00:00:00.0078640" startTime="2025-06-24T03:53:51.3708758+00:00" endTime="2025-06-24T03:53:51.3708759+00:00" testType="13cdc9d9-ddb5-4fa4-a97d-d965ccfc6d4b" outcome="Passed" testListId="8c84fa94-04c1-424b-9868-57a2d4851a1d" relativeResultsDirectory="8b561b13-1f50-48be-920a-da16b4c45f7c" />
    <UnitTestResult executionId="6b47177a-c77b-4580-a1f2-5690b8a21181" testId="becb7f2a-b219-c2c9-8d5f-f1598f4d5a18" testName="ClickUp.Api.Client.Tests.ServiceTests.TemplatesServiceTests.GetTaskTemplatesAsync_ApiConnectionThrowsTaskCanceledException_PropagatesException" computerName="devbox" duration="00:00:00.0047152" startTime="2025-06-24T03:53:51.4825837+00:00" endTime="2025-06-24T03:53:51.4825838+00:00" testType="13cdc9d9-ddb5-4fa4-a97d-d965ccfc6d4b" outcome="Passed" testListId="8c84fa94-04c1-424b-9868-57a2d4851a1d" relativeResultsDirectory="6b47177a-c77b-4580-a1f2-5690b8a21181" />
    <UnitTestResult executionId="3d1855e0-8c94-4594-9658-d7fe106e4bf6" testId="d4385330-0e50-361b-c879-ddcb17aa9645" testName="ClickUp.Api.Client.Tests.ServiceTests.TaskRelationshipsServiceTests.AddTaskLinkAsync_WithCustomIdsAndTeamId_BuildsCorrectUrl" computerName="devbox" duration="00:00:00.0041448" startTime="2025-06-24T03:53:51.7626987+00:00" endTime="2025-06-24T03:53:51.7626988+00:00" testType="13cdc9d9-ddb5-4fa4-a97d-d965ccfc6d4b" outcome="Passed" testListId="8c84fa94-04c1-424b-9868-57a2d4851a1d" relativeResultsDirectory="3d1855e0-8c94-4594-9658-d7fe106e4bf6" />
    <UnitTestResult executionId="a4ac0980-7f22-4d2e-9506-5dd7b5829b57" testId="86a9646a-8331-f524-cd39-1cefc26b403c" testName="ClickUp.Api.Client.Tests.ServiceTests.DocsServiceTests.SearchDocsAsync_ApiError_ThrowsHttpRequestException" computerName="devbox" duration="00:00:00.0135118" startTime="2025-06-24T03:53:51.2004203+00:00" endTime="2025-06-24T03:53:51.2004204+00:00" testType="13cdc9d9-ddb5-4fa4-a97d-d965ccfc6d4b" outcome="Passed" testListId="8c84fa94-04c1-424b-9868-57a2d4851a1d" relativeResultsDirectory="a4ac0980-7f22-4d2e-9506-5dd7b5829b57" />
    <UnitTestResult executionId="62e825f3-c1ef-4312-926b-a706c794637f" testId="f72762c7-a54f-ad5e-19cd-19742e6bb18c" testName="ClickUp.Api.Client.Tests.ServiceTests.TimeTrackingServiceTests.StartTimeEntryAsync_ValidRequest_ReturnsStartedTimeEntry" computerName="devbox" duration="00:00:00.0057869" startTime="2025-06-24T03:53:52.2230020+00:00" endTime="2025-06-24T03:53:52.2230021+00:00" testType="13cdc9d9-ddb5-4fa4-a97d-d965ccfc6d4b" outcome="Passed" testListId="8c84fa94-04c1-424b-9868-57a2d4851a1d" relativeResultsDirectory="62e825f3-c1ef-4312-926b-a706c794637f" />
    <UnitTestResult executionId="72d07b31-f5b9-4140-a500-11ecbd90e575" testId="70b712f1-924e-8712-a0fe-8efa050afe1d" testName="ClickUp.Api.Client.Tests.ServiceTests.FoldersServiceTests.GetFoldersAsync_ValidSpaceId_BuildsCorrectUrlAndReturnsFolders" computerName="devbox" duration="00:00:00.0058008" startTime="2025-06-24T03:53:51.0790272+00:00" endTime="2025-06-24T03:53:51.0790273+00:00" testType="13cdc9d9-ddb5-4fa4-a97d-d965ccfc6d4b" outcome="Passed" testListId="8c84fa94-04c1-424b-9868-57a2d4851a1d" relativeResultsDirectory="72d07b31-f5b9-4140-a500-11ecbd90e575" />
    <UnitTestResult executionId="65e4b730-59bc-4284-82a6-e2ddbf9d3a28" testId="da8fe84c-d4dc-25e2-a6c6-1542dbab91c3" testName="ClickUp.Api.Client.Tests.ServiceTests.TagsServiceTests.RemoveTagFromTaskAsync_ApiConnectionThrowsHttpRequestException_PropagatesException" computerName="devbox" duration="00:00:00.0021093" startTime="2025-06-24T03:53:51.5820369+00:00" endTime="2025-06-24T03:53:51.5820370+00:00" testType="13cdc9d9-ddb5-4fa4-a97d-d965ccfc6d4b" outcome="Passed" testListId="8c84fa94-04c1-424b-9868-57a2d4851a1d" relativeResultsDirectory="65e4b730-59bc-4284-82a6-e2ddbf9d3a28" />
    <UnitTestResult executionId="92bc4ab2-e872-4be2-8737-e971c3707954" testId="d15a78dd-4e5d-1e70-ad9e-7c1326ed70f1" testName="ClickUp.Api.Client.Tests.ServiceTests.ListsServiceTests.CreateListInFolderAsync_PassesCancellationTokenToApiConnection" computerName="devbox" duration="00:00:00.0040733" startTime="2025-06-24T03:53:52.4148748+00:00" endTime="2025-06-24T03:53:52.4148748+00:00" testType="13cdc9d9-ddb5-4fa4-a97d-d965ccfc6d4b" outcome="Passed" testListId="8c84fa94-04c1-424b-9868-57a2d4851a1d" relativeResultsDirectory="92bc4ab2-e872-4be2-8737-e971c3707954" />
    <UnitTestResult executionId="f51dda63-6235-4ce1-963a-3c5bd383472a" testId="20c11213-7a32-e5b1-4f9d-be32fc32fc40" testName="ClickUp.Api.Client.Tests.ServiceTests.TagsServiceTests.AddTagToTaskAsync_ApiConnectionThrowsTaskCanceledException_PropagatesException" computerName="devbox" duration="00:00:00.0069601" startTime="2025-06-24T03:53:51.6904502+00:00" endTime="2025-06-24T03:53:51.6904503+00:00" testType="13cdc9d9-ddb5-4fa4-a97d-d965ccfc6d4b" outcome="Passed" testListId="8c84fa94-04c1-424b-9868-57a2d4851a1d" relativeResultsDirectory="f51dda63-6235-4ce1-963a-3c5bd383472a" />
    <UnitTestResult executionId="11250c8a-9407-4963-a81a-dd8d17e11e8b" testId="fbd8feeb-89b4-a389-76c5-14662d3945a0" testName="ClickUp.Api.Client.Tests.ServiceTests.SpacesServiceTests.GetSpaceAsync_ApiConnectionThrowsTaskCanceledException_PropagatesException" computerName="devbox" duration="00:00:00.0041220" startTime="2025-06-24T03:53:51.0773173+00:00" endTime="2025-06-24T03:53:51.0773173+00:00" testType="13cdc9d9-ddb5-4fa4-a97d-d965ccfc6d4b" outcome="Passed" testListId="8c84fa94-04c1-424b-9868-57a2d4851a1d" relativeResultsDirectory="11250c8a-9407-4963-a81a-dd8d17e11e8b" />
    <UnitTestResult executionId="151853cc-b584-4c72-b26c-704d93e9b6e6" testId="2f460b08-43e7-5cfb-1f41-b11a2f92b56f" testName="ClickUp.Api.Client.Tests.ServiceTests.ChatServiceTests.GetChatMessagesAsync_MinimalRequest_BuildsUrlAndReturnsResponse" computerName="devbox" duration="00:00:00.0072482" startTime="2025-06-24T03:53:51.9291089+00:00" endTime="2025-06-24T03:53:51.9291090+00:00" testType="13cdc9d9-ddb5-4fa4-a97d-d965ccfc6d4b" outcome="Passed" testListId="8c84fa94-04c1-424b-9868-57a2d4851a1d" relativeResultsDirectory="151853cc-b584-4c72-b26c-704d93e9b6e6" />
    <UnitTestResult executionId="effb639e-0030-43ca-9268-59e68c998a12" testId="e3f46882-a63f-659a-a290-fdc403564c9f" testName="ClickUp.Api.Client.Tests.ServiceTests.GoalsServiceTests.EditKeyResultAsync_ApiConnectionThrowsTaskCanceledException_PropagatesException" computerName="devbox" duration="00:00:00.0061315" startTime="2025-06-24T03:53:52.0338191+00:00" endTime="2025-06-24T03:53:52.0338192+00:00" testType="13cdc9d9-ddb5-4fa4-a97d-d965ccfc6d4b" outcome="Passed" testListId="8c84fa94-04c1-424b-9868-57a2d4851a1d" relativeResultsDirectory="effb639e-0030-43ca-9268-59e68c998a12" />
    <UnitTestResult executionId="79e87a7e-4e46-421d-a97f-11bf940a4bdf" testId="1546303a-edc4-61b2-b8a8-c5fe00f4d6c5" testName="ClickUp.Api.Client.Tests.ServiceTests.TaskRelationshipsServiceTests.DeleteDependencyAsync_NeitherDependsOnNorDependencyOf_ThrowsArgumentException" computerName="devbox" duration="00:00:00.0013825" startTime="2025-06-24T03:53:51.7570085+00:00" endTime="2025-06-24T03:53:51.7570085+00:00" testType="13cdc9d9-ddb5-4fa4-a97d-d965ccfc6d4b" outcome="Passed" testListId="8c84fa94-04c1-424b-9868-57a2d4851a1d" relativeResultsDirectory="79e87a7e-4e46-421d-a97f-11bf940a4bdf" />
    <UnitTestResult executionId="df855902-a0f5-4131-8bba-64abd93fd278" testId="e014c4e5-e405-d77f-a0c8-5bc189ef8f1a" testName="ClickUp.Api.Client.Tests.ServiceTests.UserGroupServiceTests.CreateUserGroupAsync_PassesCancellationTokenToApiConnection" computerName="devbox" duration="00:00:00.0066220" startTime="2025-06-24T03:53:51.5441560+00:00" endTime="2025-06-24T03:53:51.5441561+00:00" testType="13cdc9d9-ddb5-4fa4-a97d-d965ccfc6d4b" outcome="Passed" testListId="8c84fa94-04c1-424b-9868-57a2d4851a1d" relativeResultsDirectory="df855902-a0f5-4131-8bba-64abd93fd278" />
    <UnitTestResult executionId="50194916-ab4b-4f11-ad45-eda26e5f53ce" testId="2be44ee8-b70c-9a27-4d16-5b0b81c74ea0" testName="ClickUp.Api.Client.Tests.ServiceTests.TaskRelationshipsServiceTests.DeleteDependencyAsync_WithDependsOn_CallsDeleteAsyncWithCorrectUrl" computerName="devbox" duration="00:00:00.0061199" startTime="2025-06-24T03:53:51.7331914+00:00" endTime="2025-06-24T03:53:51.7331915+00:00" testType="13cdc9d9-ddb5-4fa4-a97d-d965ccfc6d4b" outcome="Passed" testListId="8c84fa94-04c1-424b-9868-57a2d4851a1d" relativeResultsDirectory="50194916-ab4b-4f11-ad45-eda26e5f53ce" />
    <UnitTestResult executionId="53f139df-6ca5-43b8-9e40-96198447fc4a" testId="f1e36961-5c37-364c-023d-e92ca8cc1274" testName="ClickUp.Api.Client.Tests.ServiceTests.ListsServiceTests.RemoveTaskFromListAsync_PassesCancellationTokenToApiConnection" computerName="devbox" duration="00:00:00.0040206" startTime="2025-06-24T03:53:52.4029436+00:00" endTime="2025-06-24T03:53:52.4029436+00:00" testType="13cdc9d9-ddb5-4fa4-a97d-d965ccfc6d4b" outcome="Passed" testListId="8c84fa94-04c1-424b-9868-57a2d4851a1d" relativeResultsDirectory="53f139df-6ca5-43b8-9e40-96198447fc4a" />
    <UnitTestResult executionId="18ecba27-1387-48d4-9d69-9c26a2ae4124" testId="d1f76e23-8059-620d-d855-759c9dc84cc1" testName="ClickUp.Api.Client.Tests.ServiceTests.CommentServiceTests.GetChatViewCommentsStreamAsync_IAsyncEnumerable_ReturnsEmpty_WhenNoComments" computerName="devbox" duration="00:00:00.0153803" startTime="2025-06-24T03:53:51.1894949+00:00" endTime="2025-06-24T03:53:51.1894950+00:00" testType="13cdc9d9-ddb5-4fa4-a97d-d965ccfc6d4b" outcome="Passed" testListId="8c84fa94-04c1-424b-9868-57a2d4851a1d" relativeResultsDirectory="18ecba27-1387-48d4-9d69-9c26a2ae4124" />
    <UnitTestResult executionId="541b0815-6372-4d79-a6bc-dc6dcf06c154" testId="135c7de2-1b5f-0ae7-2213-1f450010e885" testName="ClickUp.Api.Client.Tests.ServiceTests.ListsServiceTests.CreateFolderlessListAsync_ApiConnectionThrowsHttpRequestException_PropagatesException" computerName="devbox" duration="00:00:00.0016682" startTime="2025-06-24T03:53:52.4167998+00:00" endTime="2025-06-24T03:53:52.4167999+00:00" testType="13cdc9d9-ddb5-4fa4-a97d-d965ccfc6d4b" outcome="Passed" testListId="8c84fa94-04c1-424b-9868-57a2d4851a1d" relativeResultsDirectory="541b0815-6372-4d79-a6bc-dc6dcf06c154" />
    <UnitTestResult executionId="59429e21-635f-4a50-8907-58a5548c4f3d" testId="62d61001-527d-9d1b-b23e-81539a8cf50c" testName="ClickUp.Api.Client.Tests.ServiceTests.TagsServiceTests.EditSpaceTagAsync_ApiConnectionThrowsHttpRequestException_PropagatesException" computerName="devbox" duration="00:00:00.0031135" startTime="2025-06-24T03:53:51.5416476+00:00" endTime="2025-06-24T03:53:51.5416477+00:00" testType="13cdc9d9-ddb5-4fa4-a97d-d965ccfc6d4b" outcome="Passed" testListId="8c84fa94-04c1-424b-9868-57a2d4851a1d" relativeResultsDirectory="59429e21-635f-4a50-8907-58a5548c4f3d" />
    <UnitTestResult executionId="0284bf09-5027-4fe8-9212-675f1c27e97f" testId="94f6961b-99ac-3736-ade9-470132a8b137" testName="ClickUp.Api.Client.Tests.ServiceTests.GoalsServiceTests.UpdateGoalAsync_PassesCancellationTokenToApiConnection" computerName="devbox" duration="00:00:00.0138423" startTime="2025-06-24T03:53:51.8329613+00:00" endTime="2025-06-24T03:53:51.8329614+00:00" testType="13cdc9d9-ddb5-4fa4-a97d-d965ccfc6d4b" outcome="Passed" testListId="8c84fa94-04c1-424b-9868-57a2d4851a1d" relativeResultsDirectory="0284bf09-5027-4fe8-9212-675f1c27e97f" />
    <UnitTestResult executionId="83a1c366-3cab-4568-8fb0-0c03f12ff987" testId="f5b39a06-2e13-888e-4fa4-e84b24b30d0d" testName="ClickUp.Api.Client.Tests.ServiceTests.DocsServiceTests.GetPageAsync_MinimalRequest_BuildsUrlAndReturnsPage" computerName="devbox" duration="00:00:00.0051690" startTime="2025-06-24T03:53:51.4771924+00:00" endTime="2025-06-24T03:53:51.4771925+00:00" testType="13cdc9d9-ddb5-4fa4-a97d-d965ccfc6d4b" outcome="Passed" testListId="8c84fa94-04c1-424b-9868-57a2d4851a1d" relativeResultsDirectory="83a1c366-3cab-4568-8fb0-0c03f12ff987" />
    <UnitTestResult executionId="7ceff291-bfc4-49ae-b11b-6b723f0bdf18" testId="ca732d3d-af42-ff8b-5506-889b7c7ef73a" testName="ClickUp.Api.Client.Tests.ServiceTests.ViewsServiceTests.GetViewTasksAsync_PassesCancellationToken" computerName="devbox" duration="00:00:00.0049465" startTime="2025-06-24T03:53:51.0914664+00:00" endTime="2025-06-24T03:53:51.0914665+00:00" testType="13cdc9d9-ddb5-4fa4-a97d-d965ccfc6d4b" outcome="Passed" testListId="8c84fa94-04c1-424b-9868-57a2d4851a1d" relativeResultsDirectory="7ceff291-bfc4-49ae-b11b-6b723f0bdf18" />
    <UnitTestResult executionId="dc8436e2-7ea6-41ef-afc0-1f986e4cf998" testId="0bee123b-d72f-6c3f-9e2d-a066d1934f8b" testName="ClickUp.Api.Client.Tests.ServiceTests.TaskRelationshipsServiceTests.DeleteDependencyAsync_WithCustomTaskIdsAndTeamId_BuildsCorrectUrl" computerName="devbox" duration="00:00:00.0048185" startTime="2025-06-24T03:53:51.7801257+00:00" endTime="2025-06-24T03:53:51.7801258+00:00" testType="13cdc9d9-ddb5-4fa4-a97d-d965ccfc6d4b" outcome="Passed" testListId="8c84fa94-04c1-424b-9868-57a2d4851a1d" relativeResultsDirectory="dc8436e2-7ea6-41ef-afc0-1f986e4cf998" />
    <UnitTestResult executionId="d740d113-7fc8-4784-99a8-09d4b4c6aabf" testId="187c0f01-e375-0ebc-5c60-9af9ed8903db" testName="ClickUp.Api.Client.Tests.ServiceTests.GoalsServiceTests.GetGoalAsync_PassesCancellationTokenToApiConnection" computerName="devbox" duration="00:00:00.0035857" startTime="2025-06-24T03:53:51.9189699+00:00" endTime="2025-06-24T03:53:51.9189699+00:00" testType="13cdc9d9-ddb5-4fa4-a97d-d965ccfc6d4b" outcome="Passed" testListId="8c84fa94-04c1-424b-9868-57a2d4851a1d" relativeResultsDirectory="d740d113-7fc8-4784-99a8-09d4b4c6aabf" />
    <UnitTestResult executionId="7ba4a6a9-60a3-4800-9dc9-82788c15f888" testId="b6f833d8-499e-ed7b-6b41-c89313a68967" testName="ClickUp.Api.Client.Tests.ServiceTests.MembersServiceTests.GetListMembersAsync_ApiConnectionThrowsHttpRequestException_PropagatesException" computerName="devbox" duration="00:00:00.0016689" startTime="2025-06-24T03:53:51.2704423+00:00" endTime="2025-06-24T03:53:51.2704424+00:00" testType="13cdc9d9-ddb5-4fa4-a97d-d965ccfc6d4b" outcome="Passed" testListId="8c84fa94-04c1-424b-9868-57a2d4851a1d" relativeResultsDirectory="7ba4a6a9-60a3-4800-9dc9-82788c15f888" />
    <UnitTestResult executionId="ba793c20-2e93-4c8b-b50f-0043812c1c50" testId="76028a67-5647-15f3-939f-9a6a64300933" testName="ClickUp.Api.Client.Tests.ServiceTests.GoalsServiceTests.GetGoalsAsync_ValidRequest_BuildsCorrectUrlAndReturnsResponse" computerName="devbox" duration="00:00:00.0124654" startTime="2025-06-24T03:53:51.8119093+00:00" endTime="2025-06-24T03:53:51.8119093+00:00" testType="13cdc9d9-ddb5-4fa4-a97d-d965ccfc6d4b" outcome="Passed" testListId="8c84fa94-04c1-424b-9868-57a2d4851a1d" relativeResultsDirectory="ba793c20-2e93-4c8b-b50f-0043812c1c50" />
    <UnitTestResult executionId="3e064d98-8191-4983-949c-f99738a22148" testId="0346062f-313c-4b40-bb4d-c6231b21cb33" testName="ClickUp.Api.Client.Tests.ServiceTests.SpacesServiceTests.GetSpacesAsync_ApiConnectionThrowsHttpRequestException_PropagatesException" computerName="devbox" duration="00:00:00.0112027" startTime="2025-06-24T03:53:51.0695900+00:00" endTime="2025-06-24T03:53:51.0695900+00:00" testType="13cdc9d9-ddb5-4fa4-a97d-d965ccfc6d4b" outcome="Passed" testListId="8c84fa94-04c1-424b-9868-57a2d4851a1d" relativeResultsDirectory="3e064d98-8191-4983-949c-f99738a22148" />
    <UnitTestResult executionId="e00ffde3-a503-4593-a324-e1b30672de38" testId="492aa0e3-a375-6bd6-318e-67cf4753a81e" testName="ClickUp.Api.Client.Tests.ServiceTests.DocsServiceTests.GetDocPageListingAsync_ValidRequest_BuildsUrlAndReturnsListing" computerName="devbox" duration="00:00:00.0087940" startTime="2025-06-24T03:53:51.3725568+00:00" endTime="2025-06-24T03:53:51.3725569+00:00" testType="13cdc9d9-ddb5-4fa4-a97d-d965ccfc6d4b" outcome="Passed" testListId="8c84fa94-04c1-424b-9868-57a2d4851a1d" relativeResultsDirectory="e00ffde3-a503-4593-a324-e1b30672de38" />
    <UnitTestResult executionId="b3093c41-07fb-4636-9d4a-9818aa8baa77" testId="d026e7ad-37c2-eeb6-fe71-0201019f497b" testName="ClickUp.Api.Client.Tests.ServiceTests.ChatServiceTests.DeleteChatMessageAsync_ApiConnectionThrowsTaskCanceledException_PropagatesException" computerName="devbox" duration="00:00:00.0025527" startTime="2025-06-24T03:53:52.2937732+00:00" endTime="2025-06-24T03:53:52.2937733+00:00" testType="13cdc9d9-ddb5-4fa4-a97d-d965ccfc6d4b" outcome="Passed" testListId="8c84fa94-04c1-424b-9868-57a2d4851a1d" relativeResultsDirectory="b3093c41-07fb-4636-9d4a-9818aa8baa77" />
    <UnitTestResult executionId="211549ad-abaa-44c0-8efe-f2b6447d62c2" testId="a6767e11-07cf-022c-d1c8-5a4b5741034d" testName="ClickUp.Api.Client.Tests.ServiceTests.TimeTrackingServiceTests.StartTimeEntryAsync_ApiConnectionThrowsHttpRequestException_PropagatesException" computerName="devbox" duration="00:00:00.0034862" startTime="2025-06-24T03:53:52.2116896+00:00" endTime="2025-06-24T03:53:52.2116897+00:00" testType="13cdc9d9-ddb5-4fa4-a97d-d965ccfc6d4b" outcome="Passed" testListId="8c84fa94-04c1-424b-9868-57a2d4851a1d" relativeResultsDirectory="211549ad-abaa-44c0-8efe-f2b6447d62c2" />
    <UnitTestResult executionId="be354fdc-17d4-4390-b50b-c3599ebb7966" testId="ede22c26-cac5-27e4-85d7-5752263c860e" testName="ClickUp.Api.Client.Tests.ServiceTests.ListsServiceTests.GetListsInFolderAsync_ApiConnectionThrowsHttpRequestException_PropagatesException" computerName="devbox" duration="00:00:00.0040988" startTime="2025-06-24T03:53:52.3921344+00:00" endTime="2025-06-24T03:53:52.3921345+00:00" testType="13cdc9d9-ddb5-4fa4-a97d-d965ccfc6d4b" outcome="Passed" testListId="8c84fa94-04c1-424b-9868-57a2d4851a1d" relativeResultsDirectory="be354fdc-17d4-4390-b50b-c3599ebb7966" />
    <UnitTestResult executionId="851da000-9623-428a-82fa-e0e79708d979" testId="80ab7f0e-6cfe-9e83-8315-050a1996c963" testName="ClickUp.Api.Client.Tests.ServiceTests.AuthorizationServiceTests.GetAuthorizedWorkspacesAsync_ApiConnectionResponseHasNullWorkspaces_ReturnsNull" computerName="devbox" duration="00:00:00.0014667" startTime="2025-06-24T03:53:52.0421450+00:00" endTime="2025-06-24T03:53:52.0421451+00:00" testType="13cdc9d9-ddb5-4fa4-a97d-d965ccfc6d4b" outcome="Passed" testListId="8c84fa94-04c1-424b-9868-57a2d4851a1d" relativeResultsDirectory="851da000-9623-428a-82fa-e0e79708d979" />
    <UnitTestResult executionId="6ab21250-f841-455b-a1e0-73adca6ffff2" testId="beacfd38-f6f3-6d05-0ca0-2c0310bf64de" testName="ClickUp.Api.Client.Tests.ServiceTests.TimeTrackingServiceTests.UpdateTimeEntryAsync_PassesCancellationTokenToApiConnection" computerName="devbox" duration="00:00:00.0079117" startTime="2025-06-24T03:53:51.3278791+00:00" endTime="2025-06-24T03:53:51.3278792+00:00" testType="13cdc9d9-ddb5-4fa4-a97d-d965ccfc6d4b" outcome="Passed" testListId="8c84fa94-04c1-424b-9868-57a2d4851a1d" relativeResultsDirectory="6ab21250-f841-455b-a1e0-73adca6ffff2" />
    <UnitTestResult executionId="856fd359-58ac-4c19-b966-c10248fe4ea1" testId="83fa4b30-418d-4d63-8b7e-e52905edc26b" testName="ClickUp.Api.Client.Tests.ServiceTests.DocsServiceTests.GetDocPagesAsync_MinimalRequest_BuildsUrlAndReturnsPages" computerName="devbox" duration="00:00:00.0052306" startTime="2025-06-24T03:53:51.4379612+00:00" endTime="2025-06-24T03:53:51.4379613+00:00" testType="13cdc9d9-ddb5-4fa4-a97d-d965ccfc6d4b" outcome="Passed" testListId="8c84fa94-04c1-424b-9868-57a2d4851a1d" relativeResultsDirectory="856fd359-58ac-4c19-b966-c10248fe4ea1" />
    <UnitTestResult executionId="13cb44f6-5a05-4a65-b779-61fa1e1e558f" testId="b81c1618-316b-5c50-d8bb-6cce05c2b1d6" testName="ClickUp.Api.Client.Tests.ServiceTests.DocsServiceTests.GetDocPagesAsync_ApiError_ThrowsHttpRequestException" computerName="devbox" duration="00:00:00.0096766" startTime="2025-06-24T03:53:51.1835747+00:00" endTime="2025-06-24T03:53:51.1835748+00:00" testType="13cdc9d9-ddb5-4fa4-a97d-d965ccfc6d4b" outcome="Passed" testListId="8c84fa94-04c1-424b-9868-57a2d4851a1d" relativeResultsDirectory="13cb44f6-5a05-4a65-b779-61fa1e1e558f" />
    <UnitTestResult executionId="1af689c3-a04b-4cfc-8861-e1b0c2ce5450" testId="87f8524a-3471-cf69-59a5-50a063c8cab4" testName="ClickUp.Api.Client.Tests.ServiceTests.TagsServiceTests.AddTagToTaskAsync_WithCustomTaskIdsAndTeamId_BuildsCorrectUrl" computerName="devbox" duration="00:00:00.0086120" startTime="2025-06-24T03:53:51.7063687+00:00" endTime="2025-06-24T03:53:51.7063687+00:00" testType="13cdc9d9-ddb5-4fa4-a97d-d965ccfc6d4b" outcome="Passed" testListId="8c84fa94-04c1-424b-9868-57a2d4851a1d" relativeResultsDirectory="1af689c3-a04b-4cfc-8861-e1b0c2ce5450" />
    <UnitTestResult executionId="0cf2c7aa-44b9-49cb-8e55-6c47cf3c5015" testId="d8f0fca4-15fd-11f8-f3f3-3e1c1e6fda8e" testName="ClickUp.Api.Client.Tests.ServiceTests.UsersServiceTests.GetUserFromWorkspaceAsync_ApiReturnsResponseWithNullUserInMember_ThrowsInvalidOperationException" computerName="devbox" duration="00:00:00.0059068" startTime="2025-06-24T03:53:52.1652061+00:00" endTime="2025-06-24T03:53:52.1652062+00:00" testType="13cdc9d9-ddb5-4fa4-a97d-d965ccfc6d4b" outcome="Passed" testListId="8c84fa94-04c1-424b-9868-57a2d4851a1d" relativeResultsDirectory="0cf2c7aa-44b9-49cb-8e55-6c47cf3c5015" />
    <UnitTestResult executionId="a5939cc6-6385-4272-b33e-5a25b83af757" testId="ef4a1808-46d3-657b-d153-6628c14bba3b" testName="ClickUp.Api.Client.Tests.ServiceTests.CommentServiceTests.GetTaskCommentsAsync_ApiConnectionThrowsException_PropagatesException" computerName="devbox" duration="00:00:00.0021078" startTime="2025-06-24T03:53:51.2714000+00:00" endTime="2025-06-24T03:53:51.2714001+00:00" testType="13cdc9d9-ddb5-4fa4-a97d-d965ccfc6d4b" outcome="Passed" testListId="8c84fa94-04c1-424b-9868-57a2d4851a1d" relativeResultsDirectory="a5939cc6-6385-4272-b33e-5a25b83af757" />
    <UnitTestResult executionId="1fdb41a1-d709-4399-91f4-2711e5ec9958" testId="af662909-c2b2-cc32-22b4-6721aba0f3b3" testName="ClickUp.Api.Client.Tests.ServiceTests.ChatServiceTests.UpdateChatMessageAsync_ApiError_ThrowsHttpRequestException" computerName="devbox" duration="00:00:00.0022977" startTime="2025-06-24T03:53:52.2266648+00:00" endTime="2025-06-24T03:53:52.2266648+00:00" testType="13cdc9d9-ddb5-4fa4-a97d-d965ccfc6d4b" outcome="Passed" testListId="8c84fa94-04c1-424b-9868-57a2d4851a1d" relativeResultsDirectory="1fdb41a1-d709-4399-91f4-2711e5ec9958" />
    <UnitTestResult executionId="e5f8f833-2411-4467-9eff-79f0101ed216" testId="e6896e68-172c-7d75-7ae6-4d62e7ed6747" testName="ClickUp.Api.Client.Tests.Http.ApiConnectionTests.GetAsync_ThrowsClickUpApiException_WhenContentIsNotJson" computerName="devbox" duration="00:00:00.0029963" startTime="2025-06-24T03:53:51.7332862+00:00" endTime="2025-06-24T03:53:51.7332863+00:00" testType="13cdc9d9-ddb5-4fa4-a97d-d965ccfc6d4b" outcome="Passed" testListId="8c84fa94-04c1-424b-9868-57a2d4851a1d" relativeResultsDirectory="e5f8f833-2411-4467-9eff-79f0101ed216" />
    <UnitTestResult executionId="7cef1da5-bf23-497c-8fe6-e250030482b6" testId="1db83022-6f26-bfac-dd11-eaf0b6a29704" testName="ClickUp.Api.Client.Tests.ServiceTests.TaskChecklistsServiceTests.EditChecklistItemAsync_PassesCancellationTokenToApiConnection" computerName="devbox" duration="00:00:00.0063830" startTime="2025-06-24T03:53:51.1017258+00:00" endTime="2025-06-24T03:53:51.1017259+00:00" testType="13cdc9d9-ddb5-4fa4-a97d-d965ccfc6d4b" outcome="Passed" testListId="8c84fa94-04c1-424b-9868-57a2d4851a1d" relativeResultsDirectory="7cef1da5-bf23-497c-8fe6-e250030482b6" />
    <UnitTestResult executionId="02e0f198-ad41-42ef-b95f-315f1ca1b2ce" testId="deae957c-62e2-1d26-6901-48b1e5ced5dc" testName="ClickUp.Api.Client.Tests.ServiceTests.UserGroupServiceTests.GetUserGroupsAsync_WithEmptyGroupIds_BuildsCorrectUrlWithoutGroupIdsParam" computerName="devbox" duration="00:00:00.0050991" startTime="2025-06-24T03:53:51.6787074+00:00" endTime="2025-06-24T03:53:51.6787074+00:00" testType="13cdc9d9-ddb5-4fa4-a97d-d965ccfc6d4b" outcome="Passed" testListId="8c84fa94-04c1-424b-9868-57a2d4851a1d" relativeResultsDirectory="02e0f198-ad41-42ef-b95f-315f1ca1b2ce" />
    <UnitTestResult executionId="8879cb3a-1b84-42d2-80e7-3e07291ce269" testId="acf704e6-6e76-ec7c-35c3-b31f4421f15c" testName="ClickUp.Api.Client.Tests.ServiceTests.ChatServiceTests.GetChatChannelMembersAsync_MinimalRequest_BuildsUrlAndReturnsResponse" computerName="devbox" duration="00:00:00.0047149" startTime="2025-06-24T03:53:52.2200084+00:00" endTime="2025-06-24T03:53:52.2200085+00:00" testType="13cdc9d9-ddb5-4fa4-a97d-d965ccfc6d4b" outcome="Passed" testListId="8c84fa94-04c1-424b-9868-57a2d4851a1d" relativeResultsDirectory="8879cb3a-1b84-42d2-80e7-3e07291ce269" />
    <UnitTestResult executionId="a4966870-4110-4893-9d43-e785752bed5d" testId="fb4162d0-d605-099e-4577-131bcd47079e" testName="ClickUp.Api.Client.Tests.ServiceTests.DocsServiceTests.GetDocPageListingAsync_NullDataInResponse_ReturnsEmptyEnumerable" computerName="devbox" duration="00:00:00.0070384" startTime="2025-06-24T03:53:51.4096773+00:00" endTime="2025-06-24T03:53:51.4096774+00:00" testType="13cdc9d9-ddb5-4fa4-a97d-d965ccfc6d4b" outcome="Passed" testListId="8c84fa94-04c1-424b-9868-57a2d4851a1d" relativeResultsDirectory="a4966870-4110-4893-9d43-e785752bed5d" />
    <UnitTestResult executionId="eef50d8f-9aa3-460f-a85a-b654de8c0ca2" testId="36a0eb4e-8858-75dc-f8e8-1d56b3da2a13" testName="ClickUp.Api.Client.Tests.ServiceTests.WebhooksServiceTests.GetWebhooksAsync_ApiReturnsResponseWithNullWebhooks_ReturnsEmptyEnumerable" computerName="devbox" duration="00:00:00.0024031" startTime="2025-06-24T03:53:51.5740777+00:00" endTime="2025-06-24T03:53:51.5740778+00:00" testType="13cdc9d9-ddb5-4fa4-a97d-d965ccfc6d4b" outcome="Passed" testListId="8c84fa94-04c1-424b-9868-57a2d4851a1d" relativeResultsDirectory="eef50d8f-9aa3-460f-a85a-b654de8c0ca2" />
    <UnitTestResult executionId="2641065d-de24-48b0-8d44-a3d9cd335aea" testId="295e364a-764a-2988-9a20-8be47ed81d51" testName="ClickUp.Api.Client.Tests.ServiceTests.TimeTrackingServiceTests.GetTimeEntriesAsyncEnumerableAsync_HandlesCancellation" computerName="devbox" duration="00:00:00.6325894" startTime="2025-06-24T03:53:52.1970317+00:00" endTime="2025-06-24T03:53:52.1970318+00:00" testType="13cdc9d9-ddb5-4fa4-a97d-d965ccfc6d4b" outcome="Passed" testListId="8c84fa94-04c1-424b-9868-57a2d4851a1d" relativeResultsDirectory="2641065d-de24-48b0-8d44-a3d9cd335aea" />
    <UnitTestResult executionId="d95c1483-9e99-4fbe-96e9-5d5cb7aaf61b" testId="1cb0a5ae-f23f-d489-08aa-7d3a9bd6d033" testName="ClickUp.Api.Client.Tests.ServiceTests.TimeTrackingServiceTests.GetRunningTimeEntryAsync_PassesCancellationTokenToApiConnection" computerName="devbox" duration="00:00:00.0062971" startTime="2025-06-24T03:53:52.3344894+00:00" endTime="2025-06-24T03:53:52.3344894+00:00" testType="13cdc9d9-ddb5-4fa4-a97d-d965ccfc6d4b" outcome="Passed" testListId="8c84fa94-04c1-424b-9868-57a2d4851a1d" relativeResultsDirectory="d95c1483-9e99-4fbe-96e9-5d5cb7aaf61b" />
    <UnitTestResult executionId="99d77362-c039-4364-a284-a30f84f0856e" testId="34db1a41-ae07-57ef-bc5b-624a4ed4ae66" testName="ClickUp.Api.Client.Tests.ServiceTests.ChatServiceTests.CreateReplyMessageAsync_ApiError_ThrowsHttpRequestException" computerName="devbox" duration="00:00:00.0046023" startTime="2025-06-24T03:53:52.1142691+00:00" endTime="2025-06-24T03:53:52.1142692+00:00" testType="13cdc9d9-ddb5-4fa4-a97d-d965ccfc6d4b" outcome="Passed" testListId="8c84fa94-04c1-424b-9868-57a2d4851a1d" relativeResultsDirectory="99d77362-c039-4364-a284-a30f84f0856e" />
    <UnitTestResult executionId="20754578-6a1d-46f4-90ff-d8365d0fa27d" testId="5bacd513-6195-b41b-3bb0-2f6e5335e84f" testName="ClickUp.Api.Client.Tests.ServiceTests.TimeTrackingServiceTests.GetTimeEntryHistoryAsync_ApiConnectionThrowsHttpRequestException_PropagatesException" computerName="devbox" duration="00:00:00.0020411" startTime="2025-06-24T03:53:52.3050489+00:00" endTime="2025-06-24T03:53:52.3050490+00:00" testType="13cdc9d9-ddb5-4fa4-a97d-d965ccfc6d4b" outcome="Passed" testListId="8c84fa94-04c1-424b-9868-57a2d4851a1d" relativeResultsDirectory="20754578-6a1d-46f4-90ff-d8365d0fa27d" />
    <UnitTestResult executionId="a7ff15fa-1616-4926-b1e8-3770b29d0ed8" testId="69b770dc-77c1-875c-bfd5-2824b2a4de2c" testName="ClickUp.Api.Client.Tests.ServiceTests.ViewsServiceTests.GetListViewsAsync_ValidListId_ReturnsViews" computerName="devbox" duration="00:00:00.0063531" startTime="2025-06-24T03:53:51.0776206+00:00" endTime="2025-06-24T03:53:51.0776206+00:00" testType="13cdc9d9-ddb5-4fa4-a97d-d965ccfc6d4b" outcome="Passed" testListId="8c84fa94-04c1-424b-9868-57a2d4851a1d" relativeResultsDirectory="a7ff15fa-1616-4926-b1e8-3770b29d0ed8" />
    <UnitTestResult executionId="25455516-7e1f-4455-9a56-9ee19f24267c" testId="1fe75168-c800-b67c-9751-e0d12264c81c" testName="ClickUp.Api.Client.Tests.ServiceTests.GuestsServiceTests.EditGuestOnWorkspaceAsync_ApiError_ThrowsHttpRequestException" computerName="devbox" duration="00:00:00.0031695" startTime="2025-06-24T03:53:51.8553596+00:00" endTime="2025-06-24T03:53:51.8553597+00:00" testType="13cdc9d9-ddb5-4fa4-a97d-d965ccfc6d4b" outcome="Passed" testListId="8c84fa94-04c1-424b-9868-57a2d4851a1d" relativeResultsDirectory="25455516-7e1f-4455-9a56-9ee19f24267c" />
    <UnitTestResult executionId="3166d9bb-bbf5-42f3-86f1-d34cf76b1e18" testId="2088a3e1-2a27-b1c6-9758-fcf8e948fdef" testName="ClickUp.Api.Client.Tests.ServiceTests.TimeTrackingServiceTests.GetAllTimeEntryTagsAsync_ApiReturnsResponseWithNullData_ReturnsEmptyEnumerable" computerName="devbox" duration="00:00:00.0078496" startTime="2025-06-24T03:53:52.3535381+00:00" endTime="2025-06-24T03:53:52.3535381+00:00" testType="13cdc9d9-ddb5-4fa4-a97d-d965ccfc6d4b" outcome="Passed" testListId="8c84fa94-04c1-424b-9868-57a2d4851a1d" relativeResultsDirectory="3166d9bb-bbf5-42f3-86f1-d34cf76b1e18" />
    <UnitTestResult executionId="1cbdf02f-0d61-4e17-9227-4f008d8fd51f" testId="af0e0e72-bb63-75ce-190c-aa98042ba6b1" testName="ClickUp.Api.Client.Tests.ServiceTests.TimeTrackingServiceTests.GetTimeEntriesAsyncEnumerableAsync_ReturnsAllEntries_WhenMultiplePages" computerName="devbox" duration="00:00:00.0153753" startTime="2025-06-24T03:53:52.3028823+00:00" endTime="2025-06-24T03:53:52.3028823+00:00" testType="13cdc9d9-ddb5-4fa4-a97d-d965ccfc6d4b" outcome="Passed" testListId="8c84fa94-04c1-424b-9868-57a2d4851a1d" relativeResultsDirectory="1cbdf02f-0d61-4e17-9227-4f008d8fd51f" />
    <UnitTestResult executionId="8654a545-df1c-4776-a8fe-3d08ef9fda6c" testId="5e34e83a-50fc-5b2c-3593-fda1d4315bc6" testName="ClickUp.Api.Client.Tests.ServiceTests.TaskRelationshipsServiceTests.AddDependencyAsync_ApiConnectionThrowsTaskCanceledException_PropagatesException" computerName="devbox" duration="00:00:00.0021183" startTime="2025-06-24T03:53:51.7973470+00:00" endTime="2025-06-24T03:53:51.7973471+00:00" testType="13cdc9d9-ddb5-4fa4-a97d-d965ccfc6d4b" outcome="Passed" testListId="8c84fa94-04c1-424b-9868-57a2d4851a1d" relativeResultsDirectory="8654a545-df1c-4776-a8fe-3d08ef9fda6c" />
    <UnitTestResult executionId="16063ba5-f5ce-40ca-963c-bea9c9c22ec4" testId="db7ef84f-789d-fca7-ad54-9eacd2abd3b3" testName="ClickUp.Api.Client.Tests.ServiceTests.ListsServiceTests.RemoveTaskFromListAsync_ApiConnectionThrowsTaskCanceledException_PropagatesException" computerName="devbox" duration="00:00:00.0014535" startTime="2025-06-24T03:53:52.4363037+00:00" endTime="2025-06-24T03:53:52.4363038+00:00" testType="13cdc9d9-ddb5-4fa4-a97d-d965ccfc6d4b" outcome="Passed" testListId="8c84fa94-04c1-424b-9868-57a2d4851a1d" relativeResultsDirectory="16063ba5-f5ce-40ca-963c-bea9c9c22ec4" />
    <UnitTestResult executionId="e273967d-3744-42fc-943e-860bac64bec9" testId="f80cf9ee-905e-8863-bda8-9d4d9c6015ab" testName="ClickUp.Api.Client.Tests.ServiceTests.ListsServiceTests.DeleteListAsync_ValidListId_CallsDeleteAsync" computerName="devbox" duration="00:00:00.0055823" startTime="2025-06-24T03:53:52.2355183+00:00" endTime="2025-06-24T03:53:52.2355184+00:00" testType="13cdc9d9-ddb5-4fa4-a97d-d965ccfc6d4b" outcome="Passed" testListId="8c84fa94-04c1-424b-9868-57a2d4851a1d" relativeResultsDirectory="e273967d-3744-42fc-943e-860bac64bec9" />
    <UnitTestResult executionId="29f999c6-1144-47b5-acd0-cd74695a6902" testId="fa070ce3-3c08-42bf-88c4-d169ef6e2c39" testName="ClickUp.Api.Client.Tests.ServiceTests.CommentServiceTests.CreateTaskCommentAsync_ApiConnectionThrowsTaskCanceledException_PropagatesException" computerName="devbox" duration="00:00:00.0017639" startTime="2025-06-24T03:53:51.2640037+00:00" endTime="2025-06-24T03:53:51.2640038+00:00" testType="13cdc9d9-ddb5-4fa4-a97d-d965ccfc6d4b" outcome="Passed" testListId="8c84fa94-04c1-424b-9868-57a2d4851a1d" relativeResultsDirectory="29f999c6-1144-47b5-acd0-cd74695a6902" />
    <UnitTestResult executionId="6a506518-9ae8-43c8-b3e9-479d2de9399f" testId="54c9c409-338d-3da7-1143-c8338dceb6cf" testName="ClickUp.Api.Client.Tests.ServiceTests.GuestsServiceTests.InviteGuestToWorkspaceAsync_NullResponse_ThrowsInvalidOperationException" computerName="devbox" duration="00:00:00.0030347" startTime="2025-06-24T03:53:51.9099259+00:00" endTime="2025-06-24T03:53:51.9099260+00:00" testType="13cdc9d9-ddb5-4fa4-a97d-d965ccfc6d4b" outcome="Passed" testListId="8c84fa94-04c1-424b-9868-57a2d4851a1d" relativeResultsDirectory="6a506518-9ae8-43c8-b3e9-479d2de9399f" />
    <UnitTestResult executionId="5d6363fb-a10b-426b-b5b2-7017c9974152" testId="f6dfa8db-8634-305b-53fb-afe728588de3" testName="ClickUp.Api.Client.Tests.ServiceTests.TaskServiceTests.GetFilteredTeamTasksAsyncEnumerable_HandlesApiError" computerName="devbox" duration="00:00:00.0071384" startTime="2025-06-24T03:53:52.1513227+00:00" endTime="2025-06-24T03:53:52.1513228+00:00" testType="13cdc9d9-ddb5-4fa4-a97d-d965ccfc6d4b" outcome="Passed" testListId="8c84fa94-04c1-424b-9868-57a2d4851a1d" relativeResultsDirectory="5d6363fb-a10b-426b-b5b2-7017c9974152" />
    <UnitTestResult executionId="d22d603c-aac4-4dad-b870-bbe481f1dab0" testId="3dec75a1-2efb-df48-cb0d-9006d61d86c5" testName="ClickUp.Api.Client.Tests.ServiceTests.ChatServiceTests.DeleteChatMessageAsync_PassesCancellationTokenToApiConnection" computerName="devbox" duration="00:00:00.0158337" startTime="2025-06-24T03:53:51.8668310+00:00" endTime="2025-06-24T03:53:51.8668311+00:00" testType="13cdc9d9-ddb5-4fa4-a97d-d965ccfc6d4b" outcome="Passed" testListId="8c84fa94-04c1-424b-9868-57a2d4851a1d" relativeResultsDirectory="d22d603c-aac4-4dad-b870-bbe481f1dab0" />
    <UnitTestResult executionId="78b537f5-4459-4338-a4fd-474822c3dbc5" testId="d6dc7060-8317-5826-203f-fe37bff9af1d" testName="ClickUp.Api.Client.Tests.ServiceTests.TimeTrackingServiceTests.GetTimeEntriesAsync_ApiConnectionThrowsTaskCanceledException_PropagatesException" computerName="devbox" duration="00:00:00.0044700" startTime="2025-06-24T03:53:52.3920810+00:00" endTime="2025-06-24T03:53:52.3920811+00:00" testType="13cdc9d9-ddb5-4fa4-a97d-d965ccfc6d4b" outcome="Passed" testListId="8c84fa94-04c1-424b-9868-57a2d4851a1d" relativeResultsDirectory="78b537f5-4459-4338-a4fd-474822c3dbc5" />
    <UnitTestResult executionId="c7f90954-9530-404a-915f-f67a58bbf7d9" testId="1aeced91-2bcf-ca87-1dde-1e82fd8c0772" testName="ClickUp.Api.Client.Tests.ServiceTests.CustomFieldsServiceTests.GetSpaceCustomFieldsAsync_ValidSpaceId_BuildsCorrectUrlAndReturnsFields" computerName="devbox" duration="00:00:00.0127563" startTime="2025-06-24T03:53:52.0055876+00:00" endTime="2025-06-24T03:53:52.0055876+00:00" testType="13cdc9d9-ddb5-4fa4-a97d-d965ccfc6d4b" outcome="Passed" testListId="8c84fa94-04c1-424b-9868-57a2d4851a1d" relativeResultsDirectory="c7f90954-9530-404a-915f-f67a58bbf7d9" />
    <UnitTestResult executionId="c6151ace-8fa7-440b-b38d-d1220f1a5826" testId="5ff9f8c5-a602-278e-9018-6f84584c4fe6" testName="ClickUp.Api.Client.Tests.ServiceTests.ListsServiceTests.CreateListInFolderAsync_ValidRequest_ReturnsList" computerName="devbox" duration="00:00:00.0063947" startTime="2025-06-24T03:53:52.3808321+00:00" endTime="2025-06-24T03:53:52.3808322+00:00" testType="13cdc9d9-ddb5-4fa4-a97d-d965ccfc6d4b" outcome="Passed" testListId="8c84fa94-04c1-424b-9868-57a2d4851a1d" relativeResultsDirectory="c6151ace-8fa7-440b-b38d-d1220f1a5826" />
    <UnitTestResult executionId="535af6ce-4d89-4d4f-9d18-68a09ff2dd04" testId="5d612f8b-c91c-9d3d-ce0b-ffe53fe5d9a0" testName="ClickUp.Api.Client.Tests.ServiceTests.TaskChecklistsServiceTests.DeleteChecklistAsync_ValidChecklistId_CallsDeleteAsync" computerName="devbox" duration="00:00:00.0052914" startTime="2025-06-24T03:53:51.1503395+00:00" endTime="2025-06-24T03:53:51.1503398+00:00" testType="13cdc9d9-ddb5-4fa4-a97d-d965ccfc6d4b" outcome="Passed" testListId="8c84fa94-04c1-424b-9868-57a2d4851a1d" relativeResultsDirectory="535af6ce-4d89-4d4f-9d18-68a09ff2dd04" />
    <UnitTestResult executionId="7b80bad3-a7cc-44d6-a5bd-c6e5ff880326" testId="3a5833f7-aba2-d5f8-b201-45f09afa3b5f" testName="ClickUp.Api.Client.Tests.ServiceTests.GuestsServiceTests.AddGuestToFolderAsync_NullGuestInResponse_ThrowsInvalidOperationException" computerName="devbox" duration="00:00:00.0019681" startTime="2025-06-24T03:53:51.8210445+00:00" endTime="2025-06-24T03:53:51.8210445+00:00" testType="13cdc9d9-ddb5-4fa4-a97d-d965ccfc6d4b" outcome="Passed" testListId="8c84fa94-04c1-424b-9868-57a2d4851a1d" relativeResultsDirectory="7b80bad3-a7cc-44d6-a5bd-c6e5ff880326" />
    <UnitTestResult executionId="830aaea6-4d4d-491a-a458-ba7e274d1054" testId="e4fcace6-2c75-0e64-c285-70cbf2156b4a" testName="ClickUp.Api.Client.Tests.ServiceTests.TaskChecklistsServiceTests.CreateChecklistItemAsync_ApiReturnsNullResponse_ThrowsInvalidOperationException" computerName="devbox" duration="00:00:00.0038635" startTime="2025-06-24T03:53:51.0736057+00:00" endTime="2025-06-24T03:53:51.0736058+00:00" testType="13cdc9d9-ddb5-4fa4-a97d-d965ccfc6d4b" outcome="Passed" testListId="8c84fa94-04c1-424b-9868-57a2d4851a1d" relativeResultsDirectory="830aaea6-4d4d-491a-a458-ba7e274d1054" />
    <UnitTestResult executionId="84f4ec92-f37f-404a-9223-d1ea48ee661a" testId="74a6c389-14e7-9d6b-b263-f485828c30bc" testName="ClickUp.Api.Client.Tests.ServiceTests.ChatServiceTests.DeleteChatChannelAsync_PassesCancellationTokenToApiConnection" computerName="devbox" duration="00:00:00.0049312" startTime="2025-06-24T03:53:52.2910790+00:00" endTime="2025-06-24T03:53:52.2910791+00:00" testType="13cdc9d9-ddb5-4fa4-a97d-d965ccfc6d4b" outcome="Passed" testListId="8c84fa94-04c1-424b-9868-57a2d4851a1d" relativeResultsDirectory="84f4ec92-f37f-404a-9223-d1ea48ee661a" />
    <UnitTestResult executionId="e5db1e12-4255-4313-9338-bf43507f422e" testId="12579a38-9224-a534-9694-f9d58779dd93" testName="ClickUp.Api.Client.Tests.ServiceTests.ChatServiceTests.UpdateChatChannelAsync_ApiError_ThrowsHttpRequestException" computerName="devbox" duration="00:00:00.0099519" startTime="2025-06-24T03:53:51.8505499+00:00" endTime="2025-06-24T03:53:51.8505500+00:00" testType="13cdc9d9-ddb5-4fa4-a97d-d965ccfc6d4b" outcome="Passed" testListId="8c84fa94-04c1-424b-9868-57a2d4851a1d" relativeResultsDirectory="e5db1e12-4255-4313-9338-bf43507f422e" />
    <UnitTestResult executionId="f56e7989-c427-4ea8-8953-bcf187968cfa" testId="4d240a1d-4d36-6e9f-f89d-d0cc429f321f" testName="ClickUp.Api.Client.Tests.ServiceTests.ChatServiceTests.GetChatMessageReactionsAsync_ApiConnectionThrowsTaskCanceledException_PropagatesException" computerName="devbox" duration="00:00:00.0027772" startTime="2025-06-24T03:53:52.3107027+00:00" endTime="2025-06-24T03:53:52.3107028+00:00" testType="13cdc9d9-ddb5-4fa4-a97d-d965ccfc6d4b" outcome="Passed" testListId="8c84fa94-04c1-424b-9868-57a2d4851a1d" relativeResultsDirectory="f56e7989-c427-4ea8-8953-bcf187968cfa" />
    <UnitTestResult executionId="5f59e9d6-dfdb-4018-82ef-025295e7e831" testId="30d009dc-eac0-b4e6-900a-5292be5377f4" testName="ClickUp.Api.Client.Tests.Models.Common.MemberTests.Member_ShouldDeserializeCorrectly_WhenAllPropertiesAreSet" computerName="devbox" duration="00:00:00.2988940" startTime="2025-06-24T03:53:51.4334842+00:00" endTime="2025-06-24T03:53:51.4334843+00:00" testType="13cdc9d9-ddb5-4fa4-a97d-d965ccfc6d4b" outcome="Passed" testListId="8c84fa94-04c1-424b-9868-57a2d4851a1d" relativeResultsDirectory="5f59e9d6-dfdb-4018-82ef-025295e7e831" />
    <UnitTestResult executionId="0d27138b-e71a-471d-8032-91b75e59dbb1" testId="8abaa201-50e1-f647-bec2-b35a68581c38" testName="ClickUp.Api.Client.Tests.ServiceTests.ChatServiceTests.GetChatMessageRepliesAsync_MinimalRequest_BuildsUrlAndReturnsResponse" computerName="devbox" duration="00:00:00.0049262" startTime="2025-06-24T03:53:52.3153477+00:00" endTime="2025-06-24T03:53:52.3153478+00:00" testType="13cdc9d9-ddb5-4fa4-a97d-d965ccfc6d4b" outcome="Passed" testListId="8c84fa94-04c1-424b-9868-57a2d4851a1d" relativeResultsDirectory="0d27138b-e71a-471d-8032-91b75e59dbb1" />
    <UnitTestResult executionId="8f9dd07b-d297-4535-8ae9-3116e6a292ad" testId="4f7ae0b2-8709-4bc2-a4cb-6a78eeb89c6e" testName="ClickUp.Api.Client.Tests.ServiceTests.ChatServiceTests.UpdateChatChannelAsync_ApiConnectionThrowsTaskCanceledException_PropagatesException" computerName="devbox" duration="00:00:00.0029608" startTime="2025-06-24T03:53:52.2628984+00:00" endTime="2025-06-24T03:53:52.2628984+00:00" testType="13cdc9d9-ddb5-4fa4-a97d-d965ccfc6d4b" outcome="Passed" testListId="8c84fa94-04c1-424b-9868-57a2d4851a1d" relativeResultsDirectory="8f9dd07b-d297-4535-8ae9-3116e6a292ad" />
    <UnitTestResult executionId="404f259a-aa3e-470f-97bc-c97d79ff8437" testId="12b9a3cc-ed0e-3dca-82a7-a0f790cf139f" testName="ClickUp.Api.Client.Tests.ServiceTests.SpacesServiceTests.GetSpaceAsync_ApiConnectionThrowsHttpRequestException_PropagatesException" computerName="devbox" duration="00:00:00.0034986" startTime="2025-06-24T03:53:51.0867053+00:00" endTime="2025-06-24T03:53:51.0867054+00:00" testType="13cdc9d9-ddb5-4fa4-a97d-d965ccfc6d4b" outcome="Passed" testListId="8c84fa94-04c1-424b-9868-57a2d4851a1d" relativeResultsDirectory="404f259a-aa3e-470f-97bc-c97d79ff8437" />
    <UnitTestResult executionId="f3baf455-3012-4231-b472-f645bb92635b" testId="351fa298-b5c8-61d2-89c9-71b803ffece1" testName="ClickUp.Api.Client.Tests.ServiceTests.SpacesServiceTests.GetSpacesAsync_ApiConnectionThrowsTaskCanceledException_PropagatesException" computerName="devbox" duration="00:00:00.0021076" startTime="2025-06-24T03:53:51.1107525+00:00" endTime="2025-06-24T03:53:51.1107526+00:00" testType="13cdc9d9-ddb5-4fa4-a97d-d965ccfc6d4b" outcome="Passed" testListId="8c84fa94-04c1-424b-9868-57a2d4851a1d" relativeResultsDirectory="f3baf455-3012-4231-b472-f645bb92635b" />
    <UnitTestResult executionId="2b691271-b60f-4f04-ba2d-f2c367838640" testId="2f5df4c7-efcc-17fd-a190-a85554d096c7" testName="ClickUp.Api.Client.Tests.ServiceTests.ChatServiceTests.GetChatChannelAsync_ApiError_ThrowsHttpRequestException" computerName="devbox" duration="00:00:00.0027773" startTime="2025-06-24T03:53:52.2535717+00:00" endTime="2025-06-24T03:53:52.2535718+00:00" testType="13cdc9d9-ddb5-4fa4-a97d-d965ccfc6d4b" outcome="Passed" testListId="8c84fa94-04c1-424b-9868-57a2d4851a1d" relativeResultsDirectory="2b691271-b60f-4f04-ba2d-f2c367838640" />
    <UnitTestResult executionId="5213a937-7186-44ab-b65b-93d40ba10642" testId="9181c853-26cf-b8d7-7024-b477f4cb3cf2" testName="ClickUp.Api.Client.Tests.ServiceTests.TemplatesServiceTests.GetTaskTemplatesAsync_ValidRequest_ReturnsResponseWithTemplates" computerName="devbox" duration="00:00:00.0087041" startTime="2025-06-24T03:53:51.4898972+00:00" endTime="2025-06-24T03:53:51.4898973+00:00" testType="13cdc9d9-ddb5-4fa4-a97d-d965ccfc6d4b" outcome="Passed" testListId="8c84fa94-04c1-424b-9868-57a2d4851a1d" relativeResultsDirectory="5213a937-7186-44ab-b65b-93d40ba10642" />
    <UnitTestResult executionId="76636dc8-0a0c-49b9-b61d-3cb9ec41acec" testId="d454eba3-18de-5a30-a13a-8d69e2b991ba" testName="ClickUp.Api.Client.Tests.ServiceTests.GoalsServiceTests.GetGoalAsync_ApiReturnsNullGoalInResponse_ThrowsInvalidOperationException" computerName="devbox" duration="00:00:00.0045989" startTime="2025-06-24T03:53:51.9636829+00:00" endTime="2025-06-24T03:53:51.9636830+00:00" testType="13cdc9d9-ddb5-4fa4-a97d-d965ccfc6d4b" outcome="Passed" testListId="8c84fa94-04c1-424b-9868-57a2d4851a1d" relativeResultsDirectory="76636dc8-0a0c-49b9-b61d-3cb9ec41acec" />
    <UnitTestResult executionId="d84ff7a3-e593-43cc-8546-a5e009c3f17c" testId="ed95c627-45e9-fe1d-df08-c1d1d5ed2b3c" testName="ClickUp.Api.Client.Tests.ServiceTests.TaskRelationshipsServiceTests.AddDependencyAsync_PassesCancellationTokenToApiConnection" computerName="devbox" duration="00:00:00.0049897" startTime="2025-06-24T03:53:51.8040311+00:00" endTime="2025-06-24T03:53:51.8040312+00:00" testType="13cdc9d9-ddb5-4fa4-a97d-d965ccfc6d4b" outcome="Passed" testListId="8c84fa94-04c1-424b-9868-57a2d4851a1d" relativeResultsDirectory="d84ff7a3-e593-43cc-8546-a5e009c3f17c" />
    <UnitTestResult executionId="311530a2-5148-4201-8510-e61f186d75f5" testId="b1dfb4f4-ba55-a7da-366a-3fd92a7e155a" testName="ClickUp.Api.Client.Tests.ServiceTests.TaskServiceTests.GetFilteredTeamTasksAsyncEnumerable_ReturnsAllTasks_WhenMultiplePages" computerName="devbox" duration="00:00:00.0117797" startTime="2025-06-24T03:53:52.1306611+00:00" endTime="2025-06-24T03:53:52.1306612+00:00" testType="13cdc9d9-ddb5-4fa4-a97d-d965ccfc6d4b" outcome="Passed" testListId="8c84fa94-04c1-424b-9868-57a2d4851a1d" relativeResultsDirectory="311530a2-5148-4201-8510-e61f186d75f5" />
    <UnitTestResult executionId="e6784118-94fb-4bf1-8eaa-eba040fdb0b0" testId="0a2daad4-07c6-5b3d-9ace-c60a0200dbb8" testName="ClickUp.Api.Client.Tests.ServiceTests.SharedHierarchyServiceTests.GetSharedHierarchyAsync_ApiConnectionThrowsHttpRequestException_PropagatesException" computerName="devbox" duration="00:00:00.0095999" startTime="2025-06-24T03:53:51.1216340+00:00" endTime="2025-06-24T03:53:51.1216340+00:00" testType="13cdc9d9-ddb5-4fa4-a97d-d965ccfc6d4b" outcome="Passed" testListId="8c84fa94-04c1-424b-9868-57a2d4851a1d" relativeResultsDirectory="e6784118-94fb-4bf1-8eaa-eba040fdb0b0" />
    <UnitTestResult executionId="b3d12dce-c777-40ab-a241-a1b8ea54b50c" testId="225bcf76-0865-56a4-8a40-2f39bcea62a8" testName="ClickUp.Api.Client.Tests.ServiceTests.TaskServiceTests.GetTaskAsync_WithSomeQueryParameters_BuildsCorrectEndpoint" computerName="devbox" duration="00:00:00.0085568" startTime="2025-06-24T03:53:52.0774564+00:00" endTime="2025-06-24T03:53:52.0774565+00:00" testType="13cdc9d9-ddb5-4fa4-a97d-d965ccfc6d4b" outcome="Passed" testListId="8c84fa94-04c1-424b-9868-57a2d4851a1d" relativeResultsDirectory="b3d12dce-c777-40ab-a241-a1b8ea54b50c" />
    <UnitTestResult executionId="9134f27d-464d-4a4d-903c-67df95a4a8cf" testId="7f534aaf-3d3a-6b6e-7f78-02adb85253d7" testName="ClickUp.Api.Client.Tests.Http.ApiConnectionTests.GetAsync_ThrowsCorrectException_ForGeneralErrorStatusCodes(statusCode: BadGateway, expectedExceptionType: typeof(ClickUp.Api.Client.Models.Exceptions.ClickUpApiServerException), expectedMessageContent: &quot;Bad Gateway&quot;)" computerName="devbox" duration="00:00:00.0041444" startTime="2025-06-24T03:53:51.7179422+00:00" endTime="2025-06-24T03:53:51.7179423+00:00" testType="13cdc9d9-ddb5-4fa4-a97d-d965ccfc6d4b" outcome="Passed" testListId="8c84fa94-04c1-424b-9868-57a2d4851a1d" relativeResultsDirectory="9134f27d-464d-4a4d-903c-67df95a4a8cf" />
    <UnitTestResult executionId="48d03bf2-5c59-4e45-ae73-24015f89ac7e" testId="99e3ba4a-37fa-896e-1ea0-aac4634d9ac2" testName="ClickUp.Api.Client.Tests.ServiceTests.TaskChecklistsServiceTests.CreateChecklistItemAsync_ValidRequest_ReturnsChecklistItemResponse" computerName="devbox" duration="00:00:00.0206458" startTime="2025-06-24T03:53:51.0697574+00:00" endTime="2025-06-24T03:53:51.0697575+00:00" testType="13cdc9d9-ddb5-4fa4-a97d-d965ccfc6d4b" outcome="Passed" testListId="8c84fa94-04c1-424b-9868-57a2d4851a1d" relativeResultsDirectory="48d03bf2-5c59-4e45-ae73-24015f89ac7e" />
    <UnitTestResult executionId="d84d67ce-fe6d-4d48-ac38-b1b80a9bb291" testId="3c27a31f-e076-0d6d-19f1-c3fb8a72001f" testName="ClickUp.Api.Client.Tests.ServiceTests.TaskChecklistsServiceTests.DeleteChecklistAsync_PassesCancellationTokenToApiConnection" computerName="devbox" duration="00:00:00.0083110" startTime="2025-06-24T03:53:51.0781723+00:00" endTime="2025-06-24T03:53:51.0781723+00:00" testType="13cdc9d9-ddb5-4fa4-a97d-d965ccfc6d4b" outcome="Passed" testListId="8c84fa94-04c1-424b-9868-57a2d4851a1d" relativeResultsDirectory="d84d67ce-fe6d-4d48-ac38-b1b80a9bb291" />
    <UnitTestResult executionId="73c67f69-dfd1-45dc-b075-247710402462" testId="40452ac3-133f-485f-97d4-273cd14a475c" testName="ClickUp.Api.Client.Tests.ServiceTests.RolesServiceTests.GetCustomRolesAsync_ApiConnectionThrowsTaskCanceledException_PropagatesException" computerName="devbox" duration="00:00:00.0020483" startTime="2025-06-24T03:53:51.4874542+00:00" endTime="2025-06-24T03:53:51.4874543+00:00" testType="13cdc9d9-ddb5-4fa4-a97d-d965ccfc6d4b" outcome="Passed" testListId="8c84fa94-04c1-424b-9868-57a2d4851a1d" relativeResultsDirectory="73c67f69-dfd1-45dc-b075-247710402462" />
    <UnitTestResult executionId="117ce6c4-3cdc-4b77-a22f-85266e07d9b1" testId="ed3b368b-5fc9-9eb6-3ee2-aeb3a1e0cc4a" testName="ClickUp.Api.Client.Tests.ServiceTests.TaskRelationshipsServiceTests.AddDependencyAsync_WithCustomTaskIdsAndTeamId_BuildsCorrectUrl" computerName="devbox" duration="00:00:00.0183566" startTime="2025-06-24T03:53:51.7203017+00:00" endTime="2025-06-24T03:53:51.7203018+00:00" testType="13cdc9d9-ddb5-4fa4-a97d-d965ccfc6d4b" outcome="Passed" testListId="8c84fa94-04c1-424b-9868-57a2d4851a1d" relativeResultsDirectory="117ce6c4-3cdc-4b77-a22f-85266e07d9b1" />
    <UnitTestResult executionId="04cba2e4-107b-44a4-98cf-36dc3c439b73" testId="f0cf4632-d6dd-1631-e787-56470f2d346f" testName="ClickUp.Api.Client.Tests.ServiceTests.CustomFieldsServiceTests.RemoveCustomFieldValueAsync_ApiError_ThrowsHttpRequestException" computerName="devbox" duration="00:00:00.0051161" startTime="2025-06-24T03:53:51.9019320+00:00" endTime="2025-06-24T03:53:51.9019321+00:00" testType="13cdc9d9-ddb5-4fa4-a97d-d965ccfc6d4b" outcome="Passed" testListId="8c84fa94-04c1-424b-9868-57a2d4851a1d" relativeResultsDirectory="04cba2e4-107b-44a4-98cf-36dc3c439b73" />
    <UnitTestResult executionId="c3414b57-5aa3-4847-bdc4-dae58d48f2c2" testId="c12825c8-ae4e-584d-bb7e-d7cd8271538d" testName="ClickUp.Api.Client.Tests.ServiceTests.RolesServiceTests.GetCustomRolesAsync_IncludeMembersNull_ConstructsCorrectUrl" computerName="devbox" duration="00:00:00.0040043" startTime="2025-06-24T03:53:51.4841471+00:00" endTime="2025-06-24T03:53:51.4841472+00:00" testType="13cdc9d9-ddb5-4fa4-a97d-d965ccfc6d4b" outcome="Passed" testListId="8c84fa94-04c1-424b-9868-57a2d4851a1d" relativeResultsDirectory="c3414b57-5aa3-4847-bdc4-dae58d48f2c2" />
    <UnitTestResult executionId="093beba6-132e-4d8d-b221-fd7a6b7414d2" testId="366c9a4c-d373-a66d-1c36-09f56a7219f6" testName="ClickUp.Api.Client.Tests.ServiceTests.GuestsServiceTests.AddGuestToFolderAsync_PassesCancellationTokenToApiConnection" computerName="devbox" duration="00:00:00.0114292" startTime="2025-06-24T03:53:51.7696287+00:00" endTime="2025-06-24T03:53:51.7696288+00:00" testType="13cdc9d9-ddb5-4fa4-a97d-d965ccfc6d4b" outcome="Passed" testListId="8c84fa94-04c1-424b-9868-57a2d4851a1d" relativeResultsDirectory="093beba6-132e-4d8d-b221-fd7a6b7414d2" />
    <UnitTestResult executionId="72ed1b92-607d-4891-b583-d83d790161b7" testId="411b0de1-1ca4-cd23-455d-a5352764ff19" testName="ClickUp.Api.Client.Tests.ServiceTests.UserGroupServiceTests.CreateUserGroupAsync_ApiConnectionThrowsHttpRequestException_PropagatesException" computerName="devbox" duration="00:00:00.0061002" startTime="2025-06-24T03:53:51.6904302+00:00" endTime="2025-06-24T03:53:51.6904303+00:00" testType="13cdc9d9-ddb5-4fa4-a97d-d965ccfc6d4b" outcome="Passed" testListId="8c84fa94-04c1-424b-9868-57a2d4851a1d" relativeResultsDirectory="72ed1b92-607d-4891-b583-d83d790161b7" />
    <UnitTestResult executionId="e5a02225-2a81-404b-8d04-03709bcbfd74" testId="c53c3423-ff8d-701c-7fc4-4700e82a795f" testName="ClickUp.Api.Client.Tests.ServiceTests.TimeTrackingServiceTests.GetAllTimeEntryTagsAsync_ApiConnectionThrowsHttpRequestException_PropagatesException" computerName="devbox" duration="00:00:00.0016470" startTime="2025-06-24T03:53:52.2247639+00:00" endTime="2025-06-24T03:53:52.2247639+00:00" testType="13cdc9d9-ddb5-4fa4-a97d-d965ccfc6d4b" outcome="Passed" testListId="8c84fa94-04c1-424b-9868-57a2d4851a1d" relativeResultsDirectory="e5a02225-2a81-404b-8d04-03709bcbfd74" />
    <UnitTestResult executionId="c288ce5c-6611-4d18-8aae-30cf6ada7b12" testId="2dd1f79f-057e-86fd-44c4-9024fe1314ac" testName="ClickUp.Api.Client.Tests.ServiceTests.ListsServiceTests.CreateListFromTemplateInSpaceAsync_ApiConnectionThrowsHttpRequestException_PropagatesException" computerName="devbox" duration="00:00:00.0016952" startTime="2025-06-24T03:53:52.4397462+00:00" endTime="2025-06-24T03:53:52.4397462+00:00" testType="13cdc9d9-ddb5-4fa4-a97d-d965ccfc6d4b" outcome="Passed" testListId="8c84fa94-04c1-424b-9868-57a2d4851a1d" relativeResultsDirectory="c288ce5c-6611-4d18-8aae-30cf6ada7b12" />
    <UnitTestResult executionId="84d7cd06-acd4-45d8-973e-eac199447f0b" testId="67bc1776-6315-9a00-3713-6e986aea55e8" testName="ClickUp.Api.Client.Tests.ServiceTests.UserGroupServiceTests.DeleteUserGroupAsync_PassesCancellationTokenToApiConnection" computerName="devbox" duration="00:00:00.0751073" startTime="2025-06-24T03:53:51.6576227+00:00" endTime="2025-06-24T03:53:51.6576228+00:00" testType="13cdc9d9-ddb5-4fa4-a97d-d965ccfc6d4b" outcome="Passed" testListId="8c84fa94-04c1-424b-9868-57a2d4851a1d" relativeResultsDirectory="84d7cd06-acd4-45d8-973e-eac199447f0b" />
    <UnitTestResult executionId="6ddab0d0-eb1f-4428-a906-7d5e776917af" testId="ca6333b1-aef7-00b3-7099-87181c2d9eba" testName="ClickUp.Api.Client.Tests.Http.ApiConnectionTests.GetAsync_ThrowsCorrectException_ForGeneralErrorStatusCodes(statusCode: BadRequest, expectedExceptionType: typeof(ClickUp.Api.Client.Models.Exceptions.ClickUpApiValidationException), expectedMessageContent: &quot;Bad Request&quot;)" computerName="devbox" duration="00:00:00.0060235" startTime="2025-06-24T03:53:51.7110084+00:00" endTime="2025-06-24T03:53:51.7110084+00:00" testType="13cdc9d9-ddb5-4fa4-a97d-d965ccfc6d4b" outcome="Passed" testListId="8c84fa94-04c1-424b-9868-57a2d4851a1d" relativeResultsDirectory="6ddab0d0-eb1f-4428-a906-7d5e776917af" />
    <UnitTestResult executionId="442e1fb6-9c0e-4d3d-8bc0-d17601662783" testId="e9acc007-17a7-abc1-649b-24da425a2197" testName="ClickUp.Api.Client.Tests.ServiceTests.ChatServiceTests.GetChatChannelMembersAsync_ValidRequest_BuildsUrlAndReturnsResponse" computerName="devbox" duration="00:00:00.0077873" startTime="2025-06-24T03:53:51.8950136+00:00" endTime="2025-06-24T03:53:51.8950136+00:00" testType="13cdc9d9-ddb5-4fa4-a97d-d965ccfc6d4b" outcome="Passed" testListId="8c84fa94-04c1-424b-9868-57a2d4851a1d" relativeResultsDirectory="442e1fb6-9c0e-4d3d-8bc0-d17601662783" />
    <UnitTestResult executionId="9bc60726-05c4-499a-a542-0ffe36b447bf" testId="d8ab1085-75ed-8e3c-6704-cb239b515cf2" testName="ClickUp.Api.Client.Tests.ServiceTests.ChatServiceTests.DeleteChatReactionAsync_PassesCancellationTokenToApiConnection" computerName="devbox" duration="00:00:00.0115826" startTime="2025-06-24T03:53:52.1719377+00:00" endTime="2025-06-24T03:53:52.1719378+00:00" testType="13cdc9d9-ddb5-4fa4-a97d-d965ccfc6d4b" outcome="Passed" testListId="8c84fa94-04c1-424b-9868-57a2d4851a1d" relativeResultsDirectory="9bc60726-05c4-499a-a542-0ffe36b447bf" />
    <UnitTestResult executionId="ee173320-47be-432e-937b-02e6a79ade2b" testId="d8e8f656-b222-2cc4-39e9-933e25cf137d" testName="ClickUp.Api.Client.Tests.ServiceTests.TaskServiceTests.GetTaskAsync_ValidTaskId_ReturnsTask" computerName="devbox" duration="00:00:00.0072486" startTime="2025-06-24T03:53:52.1878751+00:00" endTime="2025-06-24T03:53:52.1878752+00:00" testType="13cdc9d9-ddb5-4fa4-a97d-d965ccfc6d4b" outcome="Passed" testListId="8c84fa94-04c1-424b-9868-57a2d4851a1d" relativeResultsDirectory="ee173320-47be-432e-937b-02e6a79ade2b" />
    <UnitTestResult executionId="afc97616-9dac-4611-b8e5-1cd82ad8b5e9" testId="d74a0847-3fd5-d904-c7af-363717dfd5a4" testName="ClickUp.Api.Client.Tests.Http.ApiConnectionTests.GetAsync_ThrowsClickUpApiRateLimitException_ForTooManyRequests_NoRetryAfterHeader" computerName="devbox" duration="00:00:00.0030706" startTime="2025-06-24T03:53:51.7388813+00:00" endTime="2025-06-24T03:53:51.7388813+00:00" testType="13cdc9d9-ddb5-4fa4-a97d-d965ccfc6d4b" outcome="Passed" testListId="8c84fa94-04c1-424b-9868-57a2d4851a1d" relativeResultsDirectory="afc97616-9dac-4611-b8e5-1cd82ad8b5e9" />
    <UnitTestResult executionId="7d393ff7-a7e0-45ea-92f4-cee82c6a14f7" testId="e9632c8c-2e19-3a9c-42ff-3dfd5ac4ab1b" testName="ClickUp.Api.Client.Tests.ServiceTests.ListsServiceTests.GetListsInFolderAsync_ApiReturnsResponseWithNullLists_ReturnsEmptyEnumerable" computerName="devbox" duration="00:00:00.0020653" startTime="2025-06-24T03:53:52.1301209+00:00" endTime="2025-06-24T03:53:52.1301210+00:00" testType="13cdc9d9-ddb5-4fa4-a97d-d965ccfc6d4b" outcome="Passed" testListId="8c84fa94-04c1-424b-9868-57a2d4851a1d" relativeResultsDirectory="7d393ff7-a7e0-45ea-92f4-cee82c6a14f7" />
    <UnitTestResult executionId="3a21b3fc-d571-4ee3-83e3-d670becf9ce0" testId="d17156f2-d96b-7805-f2d0-4f7f66933361" testName="ClickUp.Api.Client.Tests.ServiceTests.DocsServiceTests.CreatePageAsync_NullResponseData_ThrowsInvalidOperationException" computerName="devbox" duration="00:00:00.0105371" startTime="2025-06-24T03:53:51.2223043+00:00" endTime="2025-06-24T03:53:51.2223044+00:00" testType="13cdc9d9-ddb5-4fa4-a97d-d965ccfc6d4b" outcome="Passed" testListId="8c84fa94-04c1-424b-9868-57a2d4851a1d" relativeResultsDirectory="3a21b3fc-d571-4ee3-83e3-d670becf9ce0" />
    <UnitTestResult executionId="5554f4aa-f5f8-42ad-b80a-2c4feaa66738" testId="4fb259f6-15ac-2922-8eea-4bc0fff07d04" testName="ClickUp.Api.Client.Tests.ServiceTests.TaskRelationshipsServiceTests.AddDependencyAsync_WithDependsOn_CallsPostAsyncWithCorrectPayloadAndUrl" computerName="devbox" duration="00:00:00.0072255" startTime="2025-06-24T03:53:51.7880990+00:00" endTime="2025-06-24T03:53:51.7880991+00:00" testType="13cdc9d9-ddb5-4fa4-a97d-d965ccfc6d4b" outcome="Passed" testListId="8c84fa94-04c1-424b-9868-57a2d4851a1d" relativeResultsDirectory="5554f4aa-f5f8-42ad-b80a-2c4feaa66738" />
    <UnitTestResult executionId="042c14d3-18b4-4c22-b143-9dce568dc60c" testId="14dbe8ff-b862-5633-193b-df6fb0fc63d4" testName="ClickUp.Api.Client.Tests.ServiceTests.CommentServiceTests.GetThreadedCommentsAsync_ApiConnectionThrowsTaskCanceledException_PropagatesException" computerName="devbox" duration="00:00:00.0019460" startTime="2025-06-24T03:53:51.4216226+00:00" endTime="2025-06-24T03:53:51.4216226+00:00" testType="13cdc9d9-ddb5-4fa4-a97d-d965ccfc6d4b" outcome="Passed" testListId="8c84fa94-04c1-424b-9868-57a2d4851a1d" relativeResultsDirectory="042c14d3-18b4-4c22-b143-9dce568dc60c" />
    <UnitTestResult executionId="7834267b-6737-4746-957c-be833b26e83e" testId="94d721c8-ee4e-319c-2167-6beaaf83b935" testName="ClickUp.Api.Client.Tests.ServiceTests.DocsServiceTests.GetDocAsync_ApiError_ThrowsHttpRequestException" computerName="devbox" duration="00:00:00.0017621" startTime="2025-06-24T03:53:51.3267720+00:00" endTime="2025-06-24T03:53:51.3267721+00:00" testType="13cdc9d9-ddb5-4fa4-a97d-d965ccfc6d4b" outcome="Passed" testListId="8c84fa94-04c1-424b-9868-57a2d4851a1d" relativeResultsDirectory="7834267b-6737-4746-957c-be833b26e83e" />
    <UnitTestResult executionId="6ccc35fe-7409-4db5-bd9e-7c44f54f66c9" testId="eefcfbfe-2cc7-633f-f32b-37bc1f1a9241" testName="ClickUp.Api.Client.Tests.ServiceTests.CommentServiceTests.CreateTaskCommentAsync_WithCustomTaskIdsAndTeamId_BuildsCorrectEndpoint" computerName="devbox" duration="00:00:00.0044501" startTime="2025-06-24T03:53:51.2952921+00:00" endTime="2025-06-24T03:53:51.2952921+00:00" testType="13cdc9d9-ddb5-4fa4-a97d-d965ccfc6d4b" outcome="Passed" testListId="8c84fa94-04c1-424b-9868-57a2d4851a1d" relativeResultsDirectory="6ccc35fe-7409-4db5-bd9e-7c44f54f66c9" />
    <UnitTestResult executionId="d52aeab5-d12c-48c8-80a1-62d64a64f5a3" testId="cadcb56b-1265-165e-5791-65d8d3f838ca" testName="ClickUp.Api.Client.Tests.ServiceTests.ChatServiceTests.GetChatChannelsAsync_NullDataInResponse_ThrowsInvalidOperationException" computerName="devbox" duration="00:00:00.0023444" startTime="2025-06-24T03:53:52.3536239+00:00" endTime="2025-06-24T03:53:52.3536240+00:00" testType="13cdc9d9-ddb5-4fa4-a97d-d965ccfc6d4b" outcome="Passed" testListId="8c84fa94-04c1-424b-9868-57a2d4851a1d" relativeResultsDirectory="d52aeab5-d12c-48c8-80a1-62d64a64f5a3" />
    <UnitTestResult executionId="ea915c52-bc1c-4ed3-8906-bfb2f205fd99" testId="743584e0-a240-0ce4-5713-dd93c33b213a" testName="ClickUp.Api.Client.Tests.ServiceTests.GoalsServiceTests.GetGoalsAsync_ApiConnectionThrowsTaskCanceledException_PropagatesException" computerName="devbox" duration="00:00:00.0016858" startTime="2025-06-24T03:53:51.9399311+00:00" endTime="2025-06-24T03:53:51.9399311+00:00" testType="13cdc9d9-ddb5-4fa4-a97d-d965ccfc6d4b" outcome="Passed" testListId="8c84fa94-04c1-424b-9868-57a2d4851a1d" relativeResultsDirectory="ea915c52-bc1c-4ed3-8906-bfb2f205fd99" />
    <UnitTestResult executionId="34bd31cd-0a7e-41bf-b3cb-cc9e7081d47c" testId="d2da073d-29db-1812-1e61-1eb772d7166b" testName="ClickUp.Api.Client.Tests.ServiceTests.TaskChecklistsServiceTests.EditChecklistItemAsync_ValidRequest_ReturnsChecklistItemResponse" computerName="devbox" duration="00:00:00.0073104" startTime="2025-06-24T03:53:51.1448367+00:00" endTime="2025-06-24T03:53:51.1448368+00:00" testType="13cdc9d9-ddb5-4fa4-a97d-d965ccfc6d4b" outcome="Passed" testListId="8c84fa94-04c1-424b-9868-57a2d4851a1d" relativeResultsDirectory="34bd31cd-0a7e-41bf-b3cb-cc9e7081d47c" />
    <UnitTestResult executionId="1454d3fc-daf1-4ea1-affb-5cadce5e9ddf" testId="8df66596-2fbf-8e84-1c90-b51fc4118a95" testName="ClickUp.Api.Client.Tests.ServiceTests.DocsServiceTests.GetDocPageListingAsync_NullResponse_ReturnsEmptyEnumerable" computerName="devbox" duration="00:00:00.0025021" startTime="2025-06-24T03:53:51.2577856+00:00" endTime="2025-06-24T03:53:51.2577857+00:00" testType="13cdc9d9-ddb5-4fa4-a97d-d965ccfc6d4b" outcome="Passed" testListId="8c84fa94-04c1-424b-9868-57a2d4851a1d" relativeResultsDirectory="1454d3fc-daf1-4ea1-affb-5cadce5e9ddf" />
    <UnitTestResult executionId="c46cfe52-f31d-4c43-880e-cb542d92234f" testId="7f2545cd-23f8-0aee-870c-ff6019724a7c" testName="ClickUp.Api.Client.Tests.ServiceTests.WebhooksServiceTests.GetWebhooksAsync_ApiConnectionThrowsHttpRequestException_PropagatesException" computerName="devbox" duration="00:00:00.0029717" startTime="2025-06-24T03:53:51.5212580+00:00" endTime="2025-06-24T03:53:51.5212581+00:00" testType="13cdc9d9-ddb5-4fa4-a97d-d965ccfc6d4b" outcome="Passed" testListId="8c84fa94-04c1-424b-9868-57a2d4851a1d" relativeResultsDirectory="c46cfe52-f31d-4c43-880e-cb542d92234f" />
    <UnitTestResult executionId="e3043b55-f93a-45a3-ad11-043aa88bc469" testId="03fc13e8-59e6-dc26-59a6-54a183532f2d" testName="ClickUp.Api.Client.Tests.ServiceTests.DocsServiceTests.GetPageAsync_PassesCancellationTokenToApiConnection" computerName="devbox" duration="00:00:00.0045621" startTime="2025-06-24T03:53:51.3868512+00:00" endTime="2025-06-24T03:53:51.3868513+00:00" testType="13cdc9d9-ddb5-4fa4-a97d-d965ccfc6d4b" outcome="Passed" testListId="8c84fa94-04c1-424b-9868-57a2d4851a1d" relativeResultsDirectory="e3043b55-f93a-45a3-ad11-043aa88bc469" />
    <UnitTestResult executionId="221397a4-1c33-46b6-8d17-dc09ea2b6762" testId="ea2246a3-0287-0891-9a82-a77b59c13d14" testName="ClickUp.Api.Client.Tests.ServiceTests.TaskServiceTests.GetFilteredTeamTasksAsyncEnumerable_ReturnsAllTasks_WhenSinglePage" computerName="devbox" duration="00:00:00.0130397" startTime="2025-06-24T03:53:52.1020277+00:00" endTime="2025-06-24T03:53:52.1020278+00:00" testType="13cdc9d9-ddb5-4fa4-a97d-d965ccfc6d4b" outcome="Passed" testListId="8c84fa94-04c1-424b-9868-57a2d4851a1d" relativeResultsDirectory="221397a4-1c33-46b6-8d17-dc09ea2b6762" />
    <UnitTestResult executionId="efa9e0c9-b288-4e49-9b4a-273b8d77270e" testId="b122c509-1688-809e-ff0e-b8d07977af92" testName="ClickUp.Api.Client.Tests.ServiceTests.GoalsServiceTests.EditKeyResultAsync_ApiReturnsNullResponse_ThrowsInvalidOperationException" computerName="devbox" duration="00:00:00.0040257" startTime="2025-06-24T03:53:52.0181101+00:00" endTime="2025-06-24T03:53:52.0181102+00:00" testType="13cdc9d9-ddb5-4fa4-a97d-d965ccfc6d4b" outcome="Passed" testListId="8c84fa94-04c1-424b-9868-57a2d4851a1d" relativeResultsDirectory="efa9e0c9-b288-4e49-9b4a-273b8d77270e" />
    <UnitTestResult executionId="0c3d7190-1c50-42cd-b384-644dbeb9c85f" testId="b832b975-47b0-af8c-06a6-7d2a3cee329b" testName="ClickUp.Api.Client.Tests.ServiceTests.AuthorizationServiceTests.GetAccessTokenAsync_ApiConnectionThrowsTaskCanceledException_PropagatesException" computerName="devbox" duration="00:00:00.0027188" startTime="2025-06-24T03:53:52.0847494+00:00" endTime="2025-06-24T03:53:52.0847495+00:00" testType="13cdc9d9-ddb5-4fa4-a97d-d965ccfc6d4b" outcome="Passed" testListId="8c84fa94-04c1-424b-9868-57a2d4851a1d" relativeResultsDirectory="0c3d7190-1c50-42cd-b384-644dbeb9c85f" />
    <UnitTestResult executionId="96072faa-a3c4-464b-8283-45464242b4f6" testId="9309341b-b8a6-df5d-756c-93b5b5add603" testName="ClickUp.Api.Client.Tests.ServiceTests.ListsServiceTests.CreateListFromTemplateInSpaceAsync_ApiConnectionThrowsTaskCanceledException_PropagatesException" computerName="devbox" duration="00:00:00.0027372" startTime="2025-06-24T03:53:52.1403635+00:00" endTime="2025-06-24T03:53:52.1403636+00:00" testType="13cdc9d9-ddb5-4fa4-a97d-d965ccfc6d4b" outcome="Passed" testListId="8c84fa94-04c1-424b-9868-57a2d4851a1d" relativeResultsDirectory="96072faa-a3c4-464b-8283-45464242b4f6" />
    <UnitTestResult executionId="bed2efa8-84c0-49c3-a0e0-8adb673bfa98" testId="2cb3c672-69bb-9a88-208e-2d87e3e3f79b" testName="ClickUp.Api.Client.Tests.ServiceTests.TimeTrackingServiceTests.GetTimeEntryAsync_ApiReturnsResponseWithNullData_ThrowsInvalidOperationException" computerName="devbox" duration="00:00:00.0067892" startTime="2025-06-24T03:53:51.3194967+00:00" endTime="2025-06-24T03:53:51.3194968+00:00" testType="13cdc9d9-ddb5-4fa4-a97d-d965ccfc6d4b" outcome="Passed" testListId="8c84fa94-04c1-424b-9868-57a2d4851a1d" relativeResultsDirectory="bed2efa8-84c0-49c3-a0e0-8adb673bfa98" />
    <UnitTestResult executionId="674f3109-c231-4647-8316-fd6f08dc2730" testId="deea7a7e-1fdd-f5a6-e2aa-442a21568894" testName="ClickUp.Api.Client.Tests.ServiceTests.GoalsServiceTests.DeleteGoalAsync_ValidId_CallsDelete" computerName="devbox" duration="00:00:00.0026906" startTime="2025-06-24T03:53:51.8899870+00:00" endTime="2025-06-24T03:53:51.8899871+00:00" testType="13cdc9d9-ddb5-4fa4-a97d-d965ccfc6d4b" outcome="Passed" testListId="8c84fa94-04c1-424b-9868-57a2d4851a1d" relativeResultsDirectory="674f3109-c231-4647-8316-fd6f08dc2730" />
    <UnitTestResult executionId="2649714d-d864-43f4-98ad-7a35a5669e8f" testId="5ed5931b-eddf-c5a7-c428-1293ac7854f3" testName="ClickUp.Api.Client.Tests.ServiceTests.ListsServiceTests.GetListsInFolderAsync_PassesCancellationTokenToApiConnection" computerName="devbox" duration="00:00:00.0096521" startTime="2025-06-24T03:53:52.1181669+00:00" endTime="2025-06-24T03:53:52.1181669+00:00" testType="13cdc9d9-ddb5-4fa4-a97d-d965ccfc6d4b" outcome="Passed" testListId="8c84fa94-04c1-424b-9868-57a2d4851a1d" relativeResultsDirectory="2649714d-d864-43f4-98ad-7a35a5669e8f" />
    <UnitTestResult executionId="56a9c167-f4a0-4386-a509-7cf8fd1b5803" testId="039440fb-ac2e-f86b-27ad-15c0a0322f0f" testName="ClickUp.Api.Client.Tests.Models.Serialization.Converters.JsonStringOrNumberConverterTests.Write_WhenValueIsNull_ShouldWriteJsonNull" computerName="devbox" duration="00:00:00.0004438" startTime="2025-06-24T03:53:52.0524495+00:00" endTime="2025-06-24T03:53:52.0524496+00:00" testType="13cdc9d9-ddb5-4fa4-a97d-d965ccfc6d4b" outcome="Passed" testListId="8c84fa94-04c1-424b-9868-57a2d4851a1d" relativeResultsDirectory="56a9c167-f4a0-4386-a509-7cf8fd1b5803" />
    <UnitTestResult executionId="d5309d65-17db-40e4-b9c9-7fa8720d2e1b" testId="847146fe-1180-6206-469c-a22b64731580" testName="ClickUp.Api.Client.Tests.ServiceTests.TagsServiceTests.AddTagToTaskAsync_PassesCancellationTokenToApiConnection" computerName="devbox" duration="00:00:00.0768517" startTime="2025-06-24T03:53:51.6596565+00:00" endTime="2025-06-24T03:53:51.6596565+00:00" testType="13cdc9d9-ddb5-4fa4-a97d-d965ccfc6d4b" outcome="Passed" testListId="8c84fa94-04c1-424b-9868-57a2d4851a1d" relativeResultsDirectory="d5309d65-17db-40e4-b9c9-7fa8720d2e1b" />
    <UnitTestResult executionId="3deb966c-f62f-4f91-996a-6f478b041d23" testId="334f90e3-9090-3910-ec93-4148e933e055" testName="ClickUp.Api.Client.Tests.ServiceTests.CommentServiceTests.GetThreadedCommentsAsync_PassesCancellationTokenToApiConnection" computerName="devbox" duration="00:00:00.0079425" startTime="2025-06-24T03:53:51.4382110+00:00" endTime="2025-06-24T03:53:51.4382110+00:00" testType="13cdc9d9-ddb5-4fa4-a97d-d965ccfc6d4b" outcome="Passed" testListId="8c84fa94-04c1-424b-9868-57a2d4851a1d" relativeResultsDirectory="3deb966c-f62f-4f91-996a-6f478b041d23" />
    <UnitTestResult executionId="80bfc7b0-46ed-4de3-99a2-bfe60d6f1f79" testId="b525a9d3-5ad0-5c70-a1c9-be78c0c85d0c" testName="ClickUp.Api.Client.Tests.ServiceTests.FoldersServiceTests.CreateFolderFromTemplateAsync_ApiConnectionThrowsTaskCanceledException_PropagatesException" computerName="devbox" duration="00:00:00.0079437" startTime="2025-06-24T03:53:51.0753081+00:00" endTime="2025-06-24T03:53:51.0753082+00:00" testType="13cdc9d9-ddb5-4fa4-a97d-d965ccfc6d4b" outcome="Passed" testListId="8c84fa94-04c1-424b-9868-57a2d4851a1d" relativeResultsDirectory="80bfc7b0-46ed-4de3-99a2-bfe60d6f1f79" />
    <UnitTestResult executionId="8d6ddc1b-6fab-4d81-af27-5763e645a4ab" testId="2c39881f-acfd-7524-f80d-ba4ce6031720" testName="ClickUp.Api.Client.Tests.ServiceTests.TimeTrackingServiceTests.GetTimeEntriesAsyncEnumerableAsync_ApiReturnsResponseWithNullData_StopsIteration" computerName="devbox" duration="00:00:00.0019092" startTime="2025-06-24T03:53:51.4219520+00:00" endTime="2025-06-24T03:53:51.4219521+00:00" testType="13cdc9d9-ddb5-4fa4-a97d-d965ccfc6d4b" outcome="Passed" testListId="8c84fa94-04c1-424b-9868-57a2d4851a1d" relativeResultsDirectory="8d6ddc1b-6fab-4d81-af27-5763e645a4ab" />
    <UnitTestResult executionId="e86eda19-6d22-422c-95e9-e5cb318e88ba" testId="f23660f2-fffd-56f2-2044-21e10448f9f4" testName="ClickUp.Api.Client.Tests.ServiceTests.CommentServiceTests.CreateTaskCommentAsync_PassesCancellationTokenToApiConnection" computerName="devbox" duration="00:00:00.0109689" startTime="2025-06-24T03:53:51.3977299+00:00" endTime="2025-06-24T03:53:51.3977300+00:00" testType="13cdc9d9-ddb5-4fa4-a97d-d965ccfc6d4b" outcome="Passed" testListId="8c84fa94-04c1-424b-9868-57a2d4851a1d" relativeResultsDirectory="e86eda19-6d22-422c-95e9-e5cb318e88ba" />
    <UnitTestResult executionId="918d7023-b98b-4c88-8038-c970a2e56d3e" testId="cbc7773d-8c1a-833d-6ca3-5c12e4916814" testName="ClickUp.Api.Client.Tests.ServiceTests.GoalsServiceTests.CreateGoalAsync_ApiConnectionThrowsTaskCanceledException_PropagatesException" computerName="devbox" duration="00:00:00.0053440" startTime="2025-06-24T03:53:51.8791138+00:00" endTime="2025-06-24T03:53:51.8791138+00:00" testType="13cdc9d9-ddb5-4fa4-a97d-d965ccfc6d4b" outcome="Passed" testListId="8c84fa94-04c1-424b-9868-57a2d4851a1d" relativeResultsDirectory="918d7023-b98b-4c88-8038-c970a2e56d3e" />
    <UnitTestResult executionId="4532ff79-40dd-4efc-9083-2a447de0e05f" testId="b59fa0d8-acfb-5e6f-7f65-1cf2b7e27e0c" testName="ClickUp.Api.Client.Tests.ServiceTests.MembersServiceTests.GetTaskMembersAsync_ApiReturnsResponseWithNullMembers_ReturnsEmptyEnumerable" computerName="devbox" duration="00:00:00.0048199" startTime="2025-06-24T03:53:51.2835285+00:00" endTime="2025-06-24T03:53:51.2835285+00:00" testType="13cdc9d9-ddb5-4fa4-a97d-d965ccfc6d4b" outcome="Passed" testListId="8c84fa94-04c1-424b-9868-57a2d4851a1d" relativeResultsDirectory="4532ff79-40dd-4efc-9083-2a447de0e05f" />
    <UnitTestResult executionId="b8d50822-f457-430a-8909-339b9e00704a" testId="40af15f1-3c4b-b585-b45f-69578573be98" testName="ClickUp.Api.Client.Tests.ServiceTests.TaskChecklistsServiceTests.CreateChecklistItemAsync_ApiReturnsResponseWithNullChecklist_ThrowsInvalidOperationException" computerName="devbox" duration="00:00:00.0037000" startTime="2025-06-24T03:53:51.0952899+00:00" endTime="2025-06-24T03:53:51.0952899+00:00" testType="13cdc9d9-ddb5-4fa4-a97d-d965ccfc6d4b" outcome="Passed" testListId="8c84fa94-04c1-424b-9868-57a2d4851a1d" relativeResultsDirectory="b8d50822-f457-430a-8909-339b9e00704a" />
    <UnitTestResult executionId="32f5cd62-988c-4fcc-9ef0-689ea8cc3fab" testId="40dbcff3-94ed-953c-0b76-876807c0eb6e" testName="ClickUp.Api.Client.Tests.Models.Entities.CustomFieldValueTests.Deserialize_LocationFieldValue_Correctly" computerName="devbox" duration="00:00:00.0161874" startTime="2025-06-24T03:53:51.5066258+00:00" endTime="2025-06-24T03:53:51.5066259+00:00" testType="13cdc9d9-ddb5-4fa4-a97d-d965ccfc6d4b" outcome="Passed" testListId="8c84fa94-04c1-424b-9868-57a2d4851a1d" relativeResultsDirectory="32f5cd62-988c-4fcc-9ef0-689ea8cc3fab" />
    <UnitTestResult executionId="c7b1ec7c-e0ca-4396-9e62-9466a8fe2804" testId="4101a95e-40c4-0bc3-2388-01b84243ebee" testName="ClickUp.Api.Client.Tests.ServiceTests.TaskServiceTests.GetFilteredTeamTasksAsync_ApiReturnsNull_ThrowsInvalidOperationException" computerName="devbox" duration="00:00:00.0045938" startTime="2025-06-24T03:53:52.1137639+00:00" endTime="2025-06-24T03:53:52.1137640+00:00" testType="13cdc9d9-ddb5-4fa4-a97d-d965ccfc6d4b" outcome="Passed" testListId="8c84fa94-04c1-424b-9868-57a2d4851a1d" relativeResultsDirectory="c7b1ec7c-e0ca-4396-9e62-9466a8fe2804" />
    <UnitTestResult executionId="9e24c8ee-ea00-43ad-ac5a-c6b93a72b288" testId="04e5087f-2ef0-9da2-f073-772468eea701" testName="ClickUp.Api.Client.Tests.ServiceTests.AuthorizationServiceTests.GetAuthorizedWorkspacesAsync_ApiConnectionReturnsNull_ReturnsNull" computerName="devbox" duration="00:00:00.0072198" startTime="2025-06-24T03:53:52.0492744+00:00" endTime="2025-06-24T03:53:52.0492745+00:00" testType="13cdc9d9-ddb5-4fa4-a97d-d965ccfc6d4b" outcome="Passed" testListId="8c84fa94-04c1-424b-9868-57a2d4851a1d" relativeResultsDirectory="9e24c8ee-ea00-43ad-ac5a-c6b93a72b288" />
    <UnitTestResult executionId="99d945a0-585a-498d-bc2c-729ca26b8018" testId="d2c88e8f-9c4a-4484-9e22-8c95b1688e77" testName="ClickUp.Api.Client.Tests.ServiceTests.ChatServiceTests.GetChatMessagesAsync_ValidRequest_BuildsUrlAndReturnsResponse" computerName="devbox" duration="00:00:00.0080240" startTime="2025-06-24T03:53:52.0830468+00:00" endTime="2025-06-24T03:53:52.0830469+00:00" testType="13cdc9d9-ddb5-4fa4-a97d-d965ccfc6d4b" outcome="Passed" testListId="8c84fa94-04c1-424b-9868-57a2d4851a1d" relativeResultsDirectory="99d945a0-585a-498d-bc2c-729ca26b8018" />
    <UnitTestResult executionId="e2341353-48b7-4740-9a3e-4604f8cabc44" testId="2e95a326-74b5-4f58-e36a-1771072878b5" testName="ClickUp.Api.Client.Tests.ServiceTests.ChatServiceTests.DeleteChatReactionAsync_ValidRequest_CallsDelete" computerName="devbox" duration="00:00:00.0062395" startTime="2025-06-24T03:53:52.2835847+00:00" endTime="2025-06-24T03:53:52.2835847+00:00" testType="13cdc9d9-ddb5-4fa4-a97d-d965ccfc6d4b" outcome="Passed" testListId="8c84fa94-04c1-424b-9868-57a2d4851a1d" relativeResultsDirectory="e2341353-48b7-4740-9a3e-4604f8cabc44" />
    <UnitTestResult executionId="2479ea23-e1dd-4e3d-b86e-6753ec672bd8" testId="391840f3-e206-976c-b617-454923bcfaa0" testName="ClickUp.Api.Client.Tests.ServiceTests.CommentServiceTests.GetTaskCommentsAsync_ApiConnectionThrowsTaskCanceledException_PropagatesException" computerName="devbox" duration="00:00:00.0028704" startTime="2025-06-24T03:53:51.3147664+00:00" endTime="2025-06-24T03:53:51.3147665+00:00" testType="13cdc9d9-ddb5-4fa4-a97d-d965ccfc6d4b" outcome="Passed" testListId="8c84fa94-04c1-424b-9868-57a2d4851a1d" relativeResultsDirectory="2479ea23-e1dd-4e3d-b86e-6753ec672bd8" />
    <UnitTestResult executionId="dfb3af01-4d65-4055-ab07-b24275d71ec8" testId="e7eef8b8-b7ee-6891-ce18-9fc77d65aac2" testName="ClickUp.Api.Client.Tests.ServiceTests.CustomFieldsServiceTests.GetFolderCustomFieldsAsync_ValidFolderId_BuildsCorrectUrlAndReturnsFields" computerName="devbox" duration="00:00:00.0098532" startTime="2025-06-24T03:53:51.9160203+00:00" endTime="2025-06-24T03:53:51.9160204+00:00" testType="13cdc9d9-ddb5-4fa4-a97d-d965ccfc6d4b" outcome="Passed" testListId="8c84fa94-04c1-424b-9868-57a2d4851a1d" relativeResultsDirectory="dfb3af01-4d65-4055-ab07-b24275d71ec8" />
    <UnitTestResult executionId="22502dbe-dca5-4f00-9ffc-e7c5258b8a14" testId="f4f05f7e-c1aa-8a7f-f1ec-8bb2f604023d" testName="ClickUp.Api.Client.Tests.Http.ApiConnectionTests.GetAsync_ThrowsCorrectException_ForGeneralErrorStatusCodes(statusCode: InternalServerError, expectedExceptionType: typeof(ClickUp.Api.Client.Models.Exceptions.ClickUpApiServerException), expectedMessageContent: &quot;Internal Server Error&quot;)" computerName="devbox" duration="00:00:00.0307940" startTime="2025-06-24T03:53:51.7026360+00:00" endTime="2025-06-24T03:53:51.7026361+00:00" testType="13cdc9d9-ddb5-4fa4-a97d-d965ccfc6d4b" outcome="Passed" testListId="8c84fa94-04c1-424b-9868-57a2d4851a1d" relativeResultsDirectory="22502dbe-dca5-4f00-9ffc-e7c5258b8a14" />
    <UnitTestResult executionId="05234813-fbe7-4072-b88a-b59208672d28" testId="67bbf7ed-a3ff-066f-e1a0-d7495df89ca2" testName="ClickUp.Api.Client.Tests.Models.Entities.CustomFieldValueTests.Deserialize_TextFieldValue_Correctly" computerName="devbox" duration="00:00:00.0079614" startTime="2025-06-24T03:53:51.4888539+00:00" endTime="2025-06-24T03:53:51.4888539+00:00" testType="13cdc9d9-ddb5-4fa4-a97d-d965ccfc6d4b" outcome="Passed" testListId="8c84fa94-04c1-424b-9868-57a2d4851a1d" relativeResultsDirectory="05234813-fbe7-4072-b88a-b59208672d28" />
    <UnitTestResult executionId="4e1c4196-fa1c-4983-88cf-1cd66a7823c5" testId="46c9e644-11ac-6008-9ad9-f53ec92ce874" testName="ClickUp.Api.Client.Tests.ServiceTests.CustomFieldsServiceTests.GetAccessibleCustomFieldsAsync_ApiConnectionThrowsTaskCanceledException_PropagatesException" computerName="devbox" duration="00:00:00.0021980" startTime="2025-06-24T03:53:51.8668773+00:00" endTime="2025-06-24T03:53:51.8668774+00:00" testType="13cdc9d9-ddb5-4fa4-a97d-d965ccfc6d4b" outcome="Passed" testListId="8c84fa94-04c1-424b-9868-57a2d4851a1d" relativeResultsDirectory="4e1c4196-fa1c-4983-88cf-1cd66a7823c5" />
    <UnitTestResult executionId="33a06bcd-c836-4cbd-bc16-07689c310d69" testId="5ec4b980-14a9-daae-341a-f8bfcb17afca" testName="ClickUp.Api.Client.Tests.ServiceTests.TaskChecklistsServiceTests.CreateChecklistAsync_ApiConnectionThrowsTaskCanceledException_PropagatesException" computerName="devbox" duration="00:00:00.0039135" startTime="2025-06-24T03:53:51.1078060+00:00" endTime="2025-06-24T03:53:51.1078060+00:00" testType="13cdc9d9-ddb5-4fa4-a97d-d965ccfc6d4b" outcome="Passed" testListId="8c84fa94-04c1-424b-9868-57a2d4851a1d" relativeResultsDirectory="33a06bcd-c836-4cbd-bc16-07689c310d69" />
    <UnitTestResult executionId="f9d64962-3aa4-4c74-ac85-38ce74b4f077" testId="1efc2ef9-44be-85e2-7d31-b1e570c99961" testName="ClickUp.Api.Client.Tests.ServiceTests.GuestsServiceTests.EditGuestOnWorkspaceAsync_NullGuestInResponse_ThrowsInvalidOperationException" computerName="devbox" duration="00:00:00.0055067" startTime="2025-06-24T03:53:51.9248523+00:00" endTime="2025-06-24T03:53:51.9248523+00:00" testType="13cdc9d9-ddb5-4fa4-a97d-d965ccfc6d4b" outcome="Passed" testListId="8c84fa94-04c1-424b-9868-57a2d4851a1d" relativeResultsDirectory="f9d64962-3aa4-4c74-ac85-38ce74b4f077" />
    <UnitTestResult executionId="d8f95e0f-6f67-486a-babf-6aa57e8bc51f" testId="6f1ad50d-9b4f-0a15-1cc3-ea86e5488bdb" testName="ClickUp.Api.Client.Tests.ServiceTests.GoalsServiceTests.UpdateGoalAsync_ApiReturnsNullGoalInResponse_ThrowsInvalidOperationException" computerName="devbox" duration="00:00:00.0082299" startTime="2025-06-24T03:53:52.0137698+00:00" endTime="2025-06-24T03:53:52.0137699+00:00" testType="13cdc9d9-ddb5-4fa4-a97d-d965ccfc6d4b" outcome="Passed" testListId="8c84fa94-04c1-424b-9868-57a2d4851a1d" relativeResultsDirectory="d8f95e0f-6f67-486a-babf-6aa57e8bc51f" />
    <UnitTestResult executionId="e34342e6-eb72-40d3-bcc4-133bd622ee4b" testId="3072f26e-d5f5-2e36-37f6-f3e5da4116e7" testName="ClickUp.Api.Client.Tests.ServiceTests.ListsServiceTests.GetFolderlessListsAsyncEnumerableAsync_ApiReturnsNullResponse_StopsIteration" computerName="devbox" duration="00:00:00.0180626" startTime="2025-06-24T03:53:52.3720445+00:00" endTime="2025-06-24T03:53:52.3720445+00:00" testType="13cdc9d9-ddb5-4fa4-a97d-d965ccfc6d4b" outcome="Passed" testListId="8c84fa94-04c1-424b-9868-57a2d4851a1d" relativeResultsDirectory="e34342e6-eb72-40d3-bcc4-133bd622ee4b" />
    <UnitTestResult executionId="0372e01a-4005-405c-b656-164aa8d68768" testId="3dade232-cdca-928f-6336-c86b6cc60ce7" testName="ClickUp.Api.Client.Tests.ServiceTests.TaskChecklistsServiceTests.CreateChecklistItemAsync_ApiConnectionThrowsHttpRequestException_PropagatesException" computerName="devbox" duration="00:00:00.0037482" startTime="2025-06-24T03:53:51.1097108+00:00" endTime="2025-06-24T03:53:51.1097109+00:00" testType="13cdc9d9-ddb5-4fa4-a97d-d965ccfc6d4b" outcome="Passed" testListId="8c84fa94-04c1-424b-9868-57a2d4851a1d" relativeResultsDirectory="0372e01a-4005-405c-b656-164aa8d68768" />
    <UnitTestResult executionId="951c4936-1ce6-4fc4-99c7-15a4cb35bcbc" testId="d474425b-a25b-fe1c-8f25-d72d04077456" testName="ClickUp.Api.Client.Tests.ServiceTests.TagsServiceTests.RemoveTagFromTaskAsync_WithCustomTaskIdsAndTeamId_BuildsCorrectUrl" computerName="devbox" duration="00:00:00.0064280" startTime="2025-06-24T03:53:51.6705266+00:00" endTime="2025-06-24T03:53:51.6705267+00:00" testType="13cdc9d9-ddb5-4fa4-a97d-d965ccfc6d4b" outcome="Passed" testListId="8c84fa94-04c1-424b-9868-57a2d4851a1d" relativeResultsDirectory="951c4936-1ce6-4fc4-99c7-15a4cb35bcbc" />
    <UnitTestResult executionId="c7b8e25e-3932-48d9-81b1-e91290c61282" testId="9d62c429-bfc4-7793-6e3b-107bc74d99f7" testName="ClickUp.Api.Client.Tests.ServiceTests.CommentServiceTests.GetChatViewCommentsStreamAsync_IAsyncEnumerable_HandlesCancellation" computerName="devbox" duration="00:00:00.0090959" startTime="2025-06-24T03:53:51.2279652+00:00" endTime="2025-06-24T03:53:51.2279652+00:00" testType="13cdc9d9-ddb5-4fa4-a97d-d965ccfc6d4b" outcome="Passed" testListId="8c84fa94-04c1-424b-9868-57a2d4851a1d" relativeResultsDirectory="c7b8e25e-3932-48d9-81b1-e91290c61282" />
    <UnitTestResult executionId="583a3f5f-7396-49e8-be8f-1538acfe0f21" testId="7b5c7cae-2505-a196-c16b-d8cf3f95f4df" testName="ClickUp.Api.Client.Tests.ServiceTests.ChatServiceTests.CreateChatChannelAsync_NullDataInResponse_ThrowsInvalidOperationException" computerName="devbox" duration="00:00:00.0029042" startTime="2025-06-24T03:53:52.2326565+00:00" endTime="2025-06-24T03:53:52.2326565+00:00" testType="13cdc9d9-ddb5-4fa4-a97d-d965ccfc6d4b" outcome="Passed" testListId="8c84fa94-04c1-424b-9868-57a2d4851a1d" relativeResultsDirectory="583a3f5f-7396-49e8-be8f-1538acfe0f21" />
    <UnitTestResult executionId="be970525-6e73-4c08-b093-7b345b3288c7" testId="ad94ca9d-6aae-8981-0fc2-21ef17e38873" testName="ClickUp.Api.Client.Tests.ServiceTests.ViewsServiceTests.GetWorkspaceViewsAsync_ValidWorkspaceId_ReturnsViews" computerName="devbox" duration="00:00:00.0034158" startTime="2025-06-24T03:53:51.0867623+00:00" endTime="2025-06-24T03:53:51.0867624+00:00" testType="13cdc9d9-ddb5-4fa4-a97d-d965ccfc6d4b" outcome="Passed" testListId="8c84fa94-04c1-424b-9868-57a2d4851a1d" relativeResultsDirectory="be970525-6e73-4c08-b093-7b345b3288c7" />
    <UnitTestResult executionId="9dd9c9f7-d770-40f0-880d-9662cf6e577c" testId="549f319b-3d3e-04c7-ff45-17f0d1db712c" testName="ClickUp.Api.Client.Tests.ServiceTests.TimeTrackingServiceTests.StartTimeEntryAsync_WithCustomTaskIdsAndTeamId_BuildsCorrectUrl" computerName="devbox" duration="00:00:00.0139632" startTime="2025-06-24T03:53:51.3073330+00:00" endTime="2025-06-24T03:53:51.3073331+00:00" testType="13cdc9d9-ddb5-4fa4-a97d-d965ccfc6d4b" outcome="Passed" testListId="8c84fa94-04c1-424b-9868-57a2d4851a1d" relativeResultsDirectory="9dd9c9f7-d770-40f0-880d-9662cf6e577c" />
    <UnitTestResult executionId="3fda8b0f-6815-43b1-b4f8-71008d182235" testId="11641888-952c-34d2-e65f-507d355849cc" testName="ClickUp.Api.Client.Tests.ServiceTests.SpacesServiceTests.GetSpacesAsync_WithArchivedFalse_BuildsCorrectUrl" computerName="devbox" duration="00:00:00.0040145" startTime="2025-06-24T03:53:51.0758868+00:00" endTime="2025-06-24T03:53:51.0758869+00:00" testType="13cdc9d9-ddb5-4fa4-a97d-d965ccfc6d4b" outcome="Passed" testListId="8c84fa94-04c1-424b-9868-57a2d4851a1d" relativeResultsDirectory="3fda8b0f-6815-43b1-b4f8-71008d182235" />
    <UnitTestResult executionId="e15d96ac-3a3c-44bd-9832-252ba0074619" testId="8c1ea02a-7c9b-6e5c-1358-475fd593bfdd" testName="ClickUp.Api.Client.Tests.ServiceTests.ListsServiceTests.GetFolderlessListsAsyncEnumerableAsync_ReturnsAllLists_WhenMultiplePages" computerName="devbox" duration="00:00:00.0161143" startTime="2025-06-24T03:53:52.2938587+00:00" endTime="2025-06-24T03:53:52.2938588+00:00" testType="13cdc9d9-ddb5-4fa4-a97d-d965ccfc6d4b" outcome="Passed" testListId="8c84fa94-04c1-424b-9868-57a2d4851a1d" relativeResultsDirectory="e15d96ac-3a3c-44bd-9832-252ba0074619" />
    <UnitTestResult executionId="5de50e3a-e24c-41d5-b0bd-91aa40102fbf" testId="e2e9293a-4c73-471b-0e98-16ee7bb12ace" testName="ClickUp.Api.Client.Tests.ServiceTests.FoldersServiceTests.GetFolderAsync_ApiReturnsNull_ThrowsInvalidOperationException" computerName="devbox" duration="00:00:00.0056516" startTime="2025-06-24T03:53:51.1306933+00:00" endTime="2025-06-24T03:53:51.1306934+00:00" testType="13cdc9d9-ddb5-4fa4-a97d-d965ccfc6d4b" outcome="Passed" testListId="8c84fa94-04c1-424b-9868-57a2d4851a1d" relativeResultsDirectory="5de50e3a-e24c-41d5-b0bd-91aa40102fbf" />
    <UnitTestResult executionId="9d39c31f-74c3-4dfb-9972-ede5bcf3ed54" testId="cf3f3ace-3121-9116-97fe-a26d5ed5c48e" testName="ClickUp.Api.Client.Tests.ServiceTests.ChatServiceTests.GetChatMessageTaggedUsersAsync_ValidRequest_BuildsUrlAndReturnsResponse" computerName="devbox" duration="00:00:00.0115167" startTime="2025-06-24T03:53:52.0097945+00:00" endTime="2025-06-24T03:53:52.0097946+00:00" testType="13cdc9d9-ddb5-4fa4-a97d-d965ccfc6d4b" outcome="Passed" testListId="8c84fa94-04c1-424b-9868-57a2d4851a1d" relativeResultsDirectory="9d39c31f-74c3-4dfb-9972-ede5bcf3ed54" />
    <UnitTestResult executionId="56707f14-6a94-4a53-aa48-2a570e9cde3f" testId="e696dbf6-4b54-8154-003d-09395465f207" testName="ClickUp.Api.Client.Tests.ServiceTests.ViewsServiceTests.UpdateViewAsync_ValidRequest_ReturnsView" computerName="devbox" duration="00:00:00.0094454" startTime="2025-06-24T03:53:51.0789880+00:00" endTime="2025-06-24T03:53:51.0789881+00:00" testType="13cdc9d9-ddb5-4fa4-a97d-d965ccfc6d4b" outcome="Passed" testListId="8c84fa94-04c1-424b-9868-57a2d4851a1d" relativeResultsDirectory="56707f14-6a94-4a53-aa48-2a570e9cde3f" />
    <UnitTestResult executionId="6f7e2471-9c92-4fae-bac2-2b32eec6865a" testId="b736d5ec-8e87-221b-2f8d-32963a4352d8" testName="ClickUp.Api.Client.Tests.ServiceTests.SpacesServiceTests.DeleteSpaceAsync_ValidSpaceId_CallsDeleteAsync" computerName="devbox" duration="00:00:00.0032552" startTime="2025-06-24T03:53:51.0823938+00:00" endTime="2025-06-24T03:53:51.0823939+00:00" testType="13cdc9d9-ddb5-4fa4-a97d-d965ccfc6d4b" outcome="Passed" testListId="8c84fa94-04c1-424b-9868-57a2d4851a1d" relativeResultsDirectory="6f7e2471-9c92-4fae-bac2-2b32eec6865a" />
    <UnitTestResult executionId="bfabb8e4-bde0-4ccd-87ff-584b60f1441d" testId="8b7b8d8c-4fe1-d6b9-04f4-c83a985cc65c" testName="ClickUp.Api.Client.Tests.ServiceTests.TimeTrackingServiceTests.GetTimeEntryAsync_ValidRequest_ReturnsTimeEntry" computerName="devbox" duration="00:00:00.0051581" startTime="2025-06-24T03:53:52.2767240+00:00" endTime="2025-06-24T03:53:52.2767241+00:00" testType="13cdc9d9-ddb5-4fa4-a97d-d965ccfc6d4b" outcome="Passed" testListId="8c84fa94-04c1-424b-9868-57a2d4851a1d" relativeResultsDirectory="bfabb8e4-bde0-4ccd-87ff-584b60f1441d" />
    <UnitTestResult executionId="9233adae-b2eb-47b9-ab8f-e08c82779ebf" testId="3223a4af-d51d-dddf-a4c7-507562a03439" testName="ClickUp.Api.Client.Tests.ServiceTests.TimeTrackingServiceTests.RemoveTagsFromTimeEntriesAsync_PassesCancellationTokenToApiConnection" computerName="devbox" duration="00:00:00.0058931" startTime="2025-06-24T03:53:52.3214409+00:00" endTime="2025-06-24T03:53:52.3214410+00:00" testType="13cdc9d9-ddb5-4fa4-a97d-d965ccfc6d4b" outcome="Passed" testListId="8c84fa94-04c1-424b-9868-57a2d4851a1d" relativeResultsDirectory="9233adae-b2eb-47b9-ab8f-e08c82779ebf" />
    <UnitTestResult executionId="d263f8ef-9645-4b94-b230-8c87f0ad7a2d" testId="ebe3ced5-0003-1568-37be-eabc6ff009c2" testName="ClickUp.Api.Client.Tests.ServiceTests.CommentServiceTests.GetListCommentsStreamAsync_IAsyncEnumerable_HandlesApiError" computerName="devbox" duration="00:00:00.0272821" startTime="2025-06-24T03:53:51.1694487+00:00" endTime="2025-06-24T03:53:51.1694488+00:00" testType="13cdc9d9-ddb5-4fa4-a97d-d965ccfc6d4b" outcome="Passed" testListId="8c84fa94-04c1-424b-9868-57a2d4851a1d" relativeResultsDirectory="d263f8ef-9645-4b94-b230-8c87f0ad7a2d" />
    <UnitTestResult executionId="55c86504-bbdb-4e2b-bfeb-fd5198971833" testId="308068ef-e228-299b-8b27-073212400b00" testName="ClickUp.Api.Client.Tests.ServiceTests.GoalsServiceTests.GetGoalAsync_ApiReturnsNullResponse_ThrowsInvalidOperationException" computerName="devbox" duration="00:00:00.0021509" startTime="2025-06-24T03:53:51.9527911+00:00" endTime="2025-06-24T03:53:51.9527912+00:00" testType="13cdc9d9-ddb5-4fa4-a97d-d965ccfc6d4b" outcome="Passed" testListId="8c84fa94-04c1-424b-9868-57a2d4851a1d" relativeResultsDirectory="55c86504-bbdb-4e2b-bfeb-fd5198971833" />
    <UnitTestResult executionId="8d36052b-90ec-4c60-9aa0-e261cc755621" testId="f21ae241-b4bd-9868-77b6-d0156ab40b45" testName="ClickUp.Api.Client.Tests.ServiceTests.TaskChecklistsServiceTests.EditChecklistAsync_ApiConnectionThrowsHttpRequestException_PropagatesException" computerName="devbox" duration="00:00:00.0019718" startTime="2025-06-24T03:53:51.1180788+00:00" endTime="2025-06-24T03:53:51.1180789+00:00" testType="13cdc9d9-ddb5-4fa4-a97d-d965ccfc6d4b" outcome="Passed" testListId="8c84fa94-04c1-424b-9868-57a2d4851a1d" relativeResultsDirectory="8d36052b-90ec-4c60-9aa0-e261cc755621" />
    <UnitTestResult executionId="5b518352-123c-4655-96c0-11936e6b61c8" testId="13b04cd4-8537-43f4-d359-9f5e07054bb4" testName="ClickUp.Api.Client.Tests.ServiceTests.FoldersServiceTests.CreateFolderFromTemplateAsync_ValidRequest_CallsPostAndReturnsFolder" computerName="devbox" duration="00:00:00.0052258" startTime="2025-06-24T03:53:51.0919313+00:00" endTime="2025-06-24T03:53:51.0919314+00:00" testType="13cdc9d9-ddb5-4fa4-a97d-d965ccfc6d4b" outcome="Passed" testListId="8c84fa94-04c1-424b-9868-57a2d4851a1d" relativeResultsDirectory="5b518352-123c-4655-96c0-11936e6b61c8" />
    <UnitTestResult executionId="1e812f76-7840-4df9-a28f-2fe447449caa" testId="03f1ed65-4935-2ba6-c695-507c69645911" testName="ClickUp.Api.Client.Tests.ServiceTests.CustomFieldsServiceTests.GetAccessibleCustomFieldsAsync_ApiError_ThrowsHttpRequestException" computerName="devbox" duration="00:00:00.0019116" startTime="2025-06-24T03:53:51.8965333+00:00" endTime="2025-06-24T03:53:51.8965334+00:00" testType="13cdc9d9-ddb5-4fa4-a97d-d965ccfc6d4b" outcome="Passed" testListId="8c84fa94-04c1-424b-9868-57a2d4851a1d" relativeResultsDirectory="1e812f76-7840-4df9-a28f-2fe447449caa" />
    <UnitTestResult executionId="2ae6a5a8-da1b-49a0-898e-ec372cb27e67" testId="d025fa76-f572-e920-4bb6-547123fdc357" testName="ClickUp.Api.Client.Tests.ServiceTests.UsersServiceTests.GetUserFromWorkspaceAsync_PassesCancellationTokenToApiConnection" computerName="devbox" duration="00:00:00.0042635" startTime="2025-06-24T03:53:52.1535378+00:00" endTime="2025-06-24T03:53:52.1535379+00:00" testType="13cdc9d9-ddb5-4fa4-a97d-d965ccfc6d4b" outcome="Passed" testListId="8c84fa94-04c1-424b-9868-57a2d4851a1d" relativeResultsDirectory="2ae6a5a8-da1b-49a0-898e-ec372cb27e67" />
    <UnitTestResult executionId="8722306d-a7a6-42dd-8137-ccea32c4261f" testId="e00fbc9e-f7de-c06d-72fe-b42d59595a10" testName="ClickUp.Api.Client.Tests.ServiceTests.TaskServiceTests.GetTaskAsync_WithAllQueryParameters_BuildsCorrectEndpoint" computerName="devbox" duration="00:00:00.0320383" startTime="2025-06-24T03:53:52.0654971+00:00" endTime="2025-06-24T03:53:52.0654972+00:00" testType="13cdc9d9-ddb5-4fa4-a97d-d965ccfc6d4b" outcome="Passed" testListId="8c84fa94-04c1-424b-9868-57a2d4851a1d" relativeResultsDirectory="8722306d-a7a6-42dd-8137-ccea32c4261f" />
    <UnitTestResult executionId="75658532-b7b9-43a4-b0de-8ce41a032849" testId="37cf5525-c82f-3c56-5ac8-e74d70210968" testName="ClickUp.Api.Client.Tests.ServiceTests.TimeTrackingServiceTests.UpdateTimeEntryAsync_ApiReturnsNullResponse_ThrowsInvalidOperationException" computerName="devbox" duration="00:00:00.0028183" startTime="2025-06-24T03:53:51.3404304+00:00" endTime="2025-06-24T03:53:51.3404305+00:00" testType="13cdc9d9-ddb5-4fa4-a97d-d965ccfc6d4b" outcome="Passed" testListId="8c84fa94-04c1-424b-9868-57a2d4851a1d" relativeResultsDirectory="75658532-b7b9-43a4-b0de-8ce41a032849" />
    <UnitTestResult executionId="bfa949cc-e315-4c9f-94cf-dcfa476b5044" testId="a618fa57-693b-239b-b71b-0308944ead29" testName="ClickUp.Api.Client.Tests.ServiceTests.ChatServiceTests.GetChatMessagesAsync_NullResponse_ThrowsInvalidOperationException" computerName="devbox" duration="00:00:00.0035216" startTime="2025-06-24T03:53:52.2287733+00:00" endTime="2025-06-24T03:53:52.2287734+00:00" testType="13cdc9d9-ddb5-4fa4-a97d-d965ccfc6d4b" outcome="Passed" testListId="8c84fa94-04c1-424b-9868-57a2d4851a1d" relativeResultsDirectory="bfa949cc-e315-4c9f-94cf-dcfa476b5044" />
    <UnitTestResult executionId="3533df7d-1016-482e-88ee-7669eb3b3883" testId="8ecb1ccf-0577-96a8-8ef7-6f2811a19468" testName="ClickUp.Api.Client.Tests.ServiceTests.FoldersServiceTests.GetFoldersAsync_PassesCancellationTokenToApiConnection" computerName="devbox" duration="00:00:00.0038248" startTime="2025-06-24T03:53:51.0868013+00:00" endTime="2025-06-24T03:53:51.0868013+00:00" testType="13cdc9d9-ddb5-4fa4-a97d-d965ccfc6d4b" outcome="Passed" testListId="8c84fa94-04c1-424b-9868-57a2d4851a1d" relativeResultsDirectory="3533df7d-1016-482e-88ee-7669eb3b3883" />
    <UnitTestResult executionId="a9069776-27bb-464d-87fb-4036243a56d2" testId="a00ccaed-d422-5174-66fa-c2af3acc6080" testName="ClickUp.Api.Client.Tests.ServiceTests.TaskRelationshipsServiceTests.AddDependencyAsync_ApiConnectionThrowsHttpRequestException_PropagatesException" computerName="devbox" duration="00:00:00.0025923" startTime="2025-06-24T03:53:51.7753768+00:00" endTime="2025-06-24T03:53:51.7753768+00:00" testType="13cdc9d9-ddb5-4fa4-a97d-d965ccfc6d4b" outcome="Passed" testListId="8c84fa94-04c1-424b-9868-57a2d4851a1d" relativeResultsDirectory="a9069776-27bb-464d-87fb-4036243a56d2" />
    <UnitTestResult executionId="12a8c293-e52c-448e-9b5d-64a542e0b371" testId="7df0cb14-1ce2-b903-7b1c-3aebe16ea71a" testName="ClickUp.Api.Client.Tests.ServiceTests.CommentServiceTests.CreateListCommentAsync_ValidInput_CallsApiConnectionPostAsyncWithCorrectParameters" computerName="devbox" duration="00:00:00.0051376" startTime="2025-06-24T03:53:51.3551784+00:00" endTime="2025-06-24T03:53:51.3551784+00:00" testType="13cdc9d9-ddb5-4fa4-a97d-d965ccfc6d4b" outcome="Passed" testListId="8c84fa94-04c1-424b-9868-57a2d4851a1d" relativeResultsDirectory="12a8c293-e52c-448e-9b5d-64a542e0b371" />
    <UnitTestResult executionId="a0268eb9-2f60-4751-a8df-1e0f23f9a5fe" testId="cd556b6b-ff5d-c391-c786-354eac177599" testName="ClickUp.Api.Client.Tests.ServiceTests.ListsServiceTests.DeleteListAsync_ApiConnectionThrowsHttpRequestException_PropagatesException" computerName="devbox" duration="00:00:00.0017564" startTime="2025-06-24T03:53:52.3232527+00:00" endTime="2025-06-24T03:53:52.3232528+00:00" testType="13cdc9d9-ddb5-4fa4-a97d-d965ccfc6d4b" outcome="Passed" testListId="8c84fa94-04c1-424b-9868-57a2d4851a1d" relativeResultsDirectory="a0268eb9-2f60-4751-a8df-1e0f23f9a5fe" />
    <UnitTestResult executionId="fd52344b-b29f-478e-a310-2f9b391aed00" testId="0ce2e948-cdcf-98e1-8c6c-871c42bca80a" testName="ClickUp.Api.Client.Tests.ServiceTests.SpacesServiceTests.GetSpacesAsync_PassesCancellationTokenToApiConnection" computerName="devbox" duration="00:00:00.0044060" startTime="2025-06-24T03:53:51.0788365+00:00" endTime="2025-06-24T03:53:51.0788366+00:00" testType="13cdc9d9-ddb5-4fa4-a97d-d965ccfc6d4b" outcome="Passed" testListId="8c84fa94-04c1-424b-9868-57a2d4851a1d" relativeResultsDirectory="fd52344b-b29f-478e-a310-2f9b391aed00" />
    <UnitTestResult executionId="b1791462-7d53-4d3d-b996-351eb23d5435" testId="b8dc9bc7-4fc3-693a-56cc-e5d1b471dd1a" testName="ClickUp.Api.Client.Tests.ServiceTests.GuestsServiceTests.InviteGuestToWorkspaceAsync_PassesCancellationTokenToApiConnection" computerName="devbox" duration="00:00:00.0074576" startTime="2025-06-24T03:53:51.9572668+00:00" endTime="2025-06-24T03:53:51.9572669+00:00" testType="13cdc9d9-ddb5-4fa4-a97d-d965ccfc6d4b" outcome="Passed" testListId="8c84fa94-04c1-424b-9868-57a2d4851a1d" relativeResultsDirectory="b1791462-7d53-4d3d-b996-351eb23d5435" />
    <UnitTestResult executionId="6257e688-a5e2-4eb7-a0b7-b947941dd836" testId="8402c4be-58d2-4373-a7ae-0bcd589f5325" testName="ClickUp.Api.Client.Tests.ServiceTests.TimeTrackingServiceTests.CreateTimeEntryAsync_ApiReturnsResponseWithNullData_ThrowsInvalidOperationException" computerName="devbox" duration="00:00:00.0032929" startTime="2025-06-24T03:53:52.2510780+00:00" endTime="2025-06-24T03:53:52.2510781+00:00" testType="13cdc9d9-ddb5-4fa4-a97d-d965ccfc6d4b" outcome="Passed" testListId="8c84fa94-04c1-424b-9868-57a2d4851a1d" relativeResultsDirectory="6257e688-a5e2-4eb7-a0b7-b947941dd836" />
    <UnitTestResult executionId="7c172089-d7f8-4bde-b977-fe502fcc7cb3" testId="bbaa2134-d544-d4f3-8422-7acb5b3b93cd" testName="ClickUp.Api.Client.Tests.ServiceTests.WorkspacesServiceTests.GetWorkspacePlanAsync_ApiReturnsNullResponse_ThrowsInvalidOperationException" computerName="devbox" duration="00:00:00.0078052" startTime="2025-06-24T03:53:51.7072012+00:00" endTime="2025-06-24T03:53:51.7072012+00:00" testType="13cdc9d9-ddb5-4fa4-a97d-d965ccfc6d4b" outcome="Passed" testListId="8c84fa94-04c1-424b-9868-57a2d4851a1d" relativeResultsDirectory="7c172089-d7f8-4bde-b977-fe502fcc7cb3" />
    <UnitTestResult executionId="6cb213a7-3341-47b6-939e-271d6149aaf8" testId="4e8d34fb-f4b6-28e4-b444-7aeea57cc091" testName="ClickUp.Api.Client.Tests.ServiceTests.AttachmentsServiceTests.CreateTaskAttachmentAsync_ApiConnectionReturnsNull_ThrowsInvalidOperationException" computerName="devbox" duration="00:00:00.0110375" startTime="2025-06-24T03:53:51.7599997+00:00" endTime="2025-06-24T03:53:51.7599997+00:00" testType="13cdc9d9-ddb5-4fa4-a97d-d965ccfc6d4b" outcome="Passed" testListId="8c84fa94-04c1-424b-9868-57a2d4851a1d" relativeResultsDirectory="6cb213a7-3341-47b6-939e-271d6149aaf8" />
    <UnitTestResult executionId="db9ec1c6-31ae-4e13-81df-4c0be45bf3eb" testId="f431fb4a-77c8-02d9-5874-49fe6f579e71" testName="ClickUp.Api.Client.Tests.ServiceTests.TaskRelationshipsServiceTests.DeleteTaskLinkAsync_ValidRequest_ReturnsNullAsPerCurrentImpl" computerName="devbox" duration="00:00:00.0042956" startTime="2025-06-24T03:53:51.7715798+00:00" endTime="2025-06-24T03:53:51.7715799+00:00" testType="13cdc9d9-ddb5-4fa4-a97d-d965ccfc6d4b" outcome="Passed" testListId="8c84fa94-04c1-424b-9868-57a2d4851a1d" relativeResultsDirectory="db9ec1c6-31ae-4e13-81df-4c0be45bf3eb" />
    <UnitTestResult executionId="40b715b7-6f78-4bea-9f5d-8cc419886727" testId="54af56a8-3528-2202-2a3a-47b709b84ddf" testName="ClickUp.Api.Client.Tests.ServiceTests.ChatServiceTests.GetChatMessageReactionsAsync_NullResponse_ThrowsInvalidOperationException" computerName="devbox" duration="00:00:00.0029544" startTime="2025-06-24T03:53:52.0461549+00:00" endTime="2025-06-24T03:53:52.0461549+00:00" testType="13cdc9d9-ddb5-4fa4-a97d-d965ccfc6d4b" outcome="Passed" testListId="8c84fa94-04c1-424b-9868-57a2d4851a1d" relativeResultsDirectory="40b715b7-6f78-4bea-9f5d-8cc419886727" />
    <UnitTestResult executionId="5fe17b05-85e3-4158-abcf-e1c2b89b2908" testId="f5c38650-c831-2729-550b-94e2b2333058" testName="ClickUp.Api.Client.Tests.ServiceTests.GoalsServiceTests.UpdateGoalAsync_ValidRequest_CallsPutAndReturnsGoal" computerName="devbox" duration="00:00:00.0052594" startTime="2025-06-24T03:53:51.8662523+00:00" endTime="2025-06-24T03:53:51.8662524+00:00" testType="13cdc9d9-ddb5-4fa4-a97d-d965ccfc6d4b" outcome="Passed" testListId="8c84fa94-04c1-424b-9868-57a2d4851a1d" relativeResultsDirectory="5fe17b05-85e3-4158-abcf-e1c2b89b2908" />
    <UnitTestResult executionId="2e18d7b8-963e-4397-b3b1-09f0365b7d6f" testId="900f0b1f-7974-2227-f665-969a6eeab7cc" testName="ClickUp.Api.Client.Tests.ServiceTests.SpacesServiceTests.UpdateSpaceAsync_ApiConnectionThrowsTaskCanceledException_PropagatesException" computerName="devbox" duration="00:00:00.1436053" startTime="2025-06-24T03:53:50.9743865+00:00" endTime="2025-06-24T03:53:50.9743865+00:00" testType="13cdc9d9-ddb5-4fa4-a97d-d965ccfc6d4b" outcome="Passed" testListId="8c84fa94-04c1-424b-9868-57a2d4851a1d" relativeResultsDirectory="2e18d7b8-963e-4397-b3b1-09f0365b7d6f" />
    <UnitTestResult executionId="94039270-cc40-4b33-81d2-4c24ffb8e6ec" testId="0d31d690-be18-682b-70ab-692d878b1d19" testName="ClickUp.Api.Client.Tests.ServiceTests.CommentServiceTests.GetListCommentsAsync_ApiConnectionThrowsTaskCanceledException_PropagatesException" computerName="devbox" duration="00:00:00.0021535" startTime="2025-06-24T03:53:51.2997537+00:00" endTime="2025-06-24T03:53:51.2997538+00:00" testType="13cdc9d9-ddb5-4fa4-a97d-d965ccfc6d4b" outcome="Passed" testListId="8c84fa94-04c1-424b-9868-57a2d4851a1d" relativeResultsDirectory="94039270-cc40-4b33-81d2-4c24ffb8e6ec" />
    <UnitTestResult executionId="8efbe6c6-2dcb-4401-a2d7-f142983a724f" testId="98aeb1c6-0311-034b-f3a6-7cfe1ed606b2" testName="ClickUp.Api.Client.Tests.ServiceTests.GoalsServiceTests.UpdateGoalAsync_ApiConnectionThrowsTaskCanceledException_PropagatesException" computerName="devbox" duration="00:00:00.0032192" startTime="2025-06-24T03:53:51.8598509+00:00" endTime="2025-06-24T03:53:51.8598509+00:00" testType="13cdc9d9-ddb5-4fa4-a97d-d965ccfc6d4b" outcome="Passed" testListId="8c84fa94-04c1-424b-9868-57a2d4851a1d" relativeResultsDirectory="8efbe6c6-2dcb-4401-a2d7-f142983a724f" />
    <UnitTestResult executionId="b0b541ac-40dd-47e2-ab1e-30bd574b14ab" testId="3365560f-90cb-4a81-f4ad-cb4301228614" testName="ClickUp.Api.Client.Tests.ServiceTests.ChatServiceTests.UpdateChatMessageAsync_ValidRequest_CallsPutAndReturnsMessage" computerName="devbox" duration="00:00:00.0123809" startTime="2025-06-24T03:53:51.8788019+00:00" endTime="2025-06-24T03:53:51.8788020+00:00" testType="13cdc9d9-ddb5-4fa4-a97d-d965ccfc6d4b" outcome="Passed" testListId="8c84fa94-04c1-424b-9868-57a2d4851a1d" relativeResultsDirectory="b0b541ac-40dd-47e2-ab1e-30bd574b14ab" />
    <UnitTestResult executionId="6fdb7539-9d01-484f-8983-376aa482cded" testId="9281d5a3-bf55-f4a8-e9db-d28abfc3fecd" testName="ClickUp.Api.Client.Tests.ServiceTests.WorkspacesServiceTests.GetWorkspaceSeatsAsync_ApiConnectionThrowsHttpRequestException_PropagatesException" computerName="devbox" duration="00:00:00.0124558" startTime="2025-06-24T03:53:51.6993563+00:00" endTime="2025-06-24T03:53:51.6993564+00:00" testType="13cdc9d9-ddb5-4fa4-a97d-d965ccfc6d4b" outcome="Passed" testListId="8c84fa94-04c1-424b-9868-57a2d4851a1d" relativeResultsDirectory="6fdb7539-9d01-484f-8983-376aa482cded" />
    <UnitTestResult executionId="3e7c9844-7112-4bec-b203-9764c3c6a3fa" testId="9dd28c6d-eb99-7c8d-7660-36cc80eff1f3" testName="ClickUp.Api.Client.Tests.ServiceTests.ChatServiceTests.CreateReplyMessageAsync_NullDataInResponse_ThrowsInvalidOperationException" computerName="devbox" duration="00:00:00.0034327" startTime="2025-06-24T03:53:52.3231648+00:00" endTime="2025-06-24T03:53:52.3231649+00:00" testType="13cdc9d9-ddb5-4fa4-a97d-d965ccfc6d4b" outcome="Passed" testListId="8c84fa94-04c1-424b-9868-57a2d4851a1d" relativeResultsDirectory="3e7c9844-7112-4bec-b203-9764c3c6a3fa" />
    <UnitTestResult executionId="36d76fda-8ce6-4dc9-a270-b1e90fddb214" testId="ad198581-af12-5320-2df9-9b7a437637c5" testName="ClickUp.Api.Client.Tests.ServiceTests.AuthorizationServiceTests.GetAccessTokenAsync_ApiConnectionThrowsException_PropagatesException" computerName="devbox" duration="00:00:00.0026589" startTime="2025-06-24T03:53:52.0714123+00:00" endTime="2025-06-24T03:53:52.0714123+00:00" testType="13cdc9d9-ddb5-4fa4-a97d-d965ccfc6d4b" outcome="Passed" testListId="8c84fa94-04c1-424b-9868-57a2d4851a1d" relativeResultsDirectory="36d76fda-8ce6-4dc9-a270-b1e90fddb214" />
    <UnitTestResult executionId="dd31f37c-c8cc-4b31-9560-ae382b6dd53d" testId="57026cfb-7399-a346-baa6-26f7f3bcc001" testName="ClickUp.Api.Client.Tests.ServiceTests.CustomFieldsServiceTests.GetAccessibleCustomFieldsAsync_NullResponse_ReturnsEmptyList" computerName="devbox" duration="00:00:00.0018692" startTime="2025-06-24T03:53:51.8754982+00:00" endTime="2025-06-24T03:53:51.8754983+00:00" testType="13cdc9d9-ddb5-4fa4-a97d-d965ccfc6d4b" outcome="Passed" testListId="8c84fa94-04c1-424b-9868-57a2d4851a1d" relativeResultsDirectory="dd31f37c-c8cc-4b31-9560-ae382b6dd53d" />
    <UnitTestResult executionId="0473a77a-e886-43aa-adc1-464bd0b0086e" testId="23245aba-b4e7-6be0-6324-0c727122f8a0" testName="ClickUp.Api.Client.Tests.ServiceTests.GuestsServiceTests.AddGuestToTaskAsync_NullApiResponse_ThrowsInvalidOperationException" computerName="devbox" duration="00:00:00.0026043" startTime="2025-06-24T03:53:51.8157220+00:00" endTime="2025-06-24T03:53:51.8157221+00:00" testType="13cdc9d9-ddb5-4fa4-a97d-d965ccfc6d4b" outcome="Passed" testListId="8c84fa94-04c1-424b-9868-57a2d4851a1d" relativeResultsDirectory="0473a77a-e886-43aa-adc1-464bd0b0086e" />
    <UnitTestResult executionId="03a01fe2-e8dd-4e26-9f0d-63af6e10b3a7" testId="c773f17e-b775-ef06-613c-7b13dda1c4a3" testName="ClickUp.Api.Client.Tests.ServiceTests.FoldersServiceTests.GetFolderAsync_ValidId_ReturnsFolder" computerName="devbox" duration="00:00:00.0029024" startTime="2025-06-24T03:53:51.0767572+00:00" endTime="2025-06-24T03:53:51.0767573+00:00" testType="13cdc9d9-ddb5-4fa4-a97d-d965ccfc6d4b" outcome="Passed" testListId="8c84fa94-04c1-424b-9868-57a2d4851a1d" relativeResultsDirectory="03a01fe2-e8dd-4e26-9f0d-63af6e10b3a7" />
    <UnitTestResult executionId="ae819d37-031a-4b7c-b351-cc3bde4f855c" testId="81657e1a-e641-b3fc-2fbf-b0679b2fc1d1" testName="ClickUp.Api.Client.Tests.ServiceTests.GoalsServiceTests.GetGoalAsync_ApiConnectionThrowsTaskCanceledException_PropagatesException" computerName="devbox" duration="00:00:00.0082595" startTime="2025-06-24T03:53:51.8446983+00:00" endTime="2025-06-24T03:53:51.8446983+00:00" testType="13cdc9d9-ddb5-4fa4-a97d-d965ccfc6d4b" outcome="Passed" testListId="8c84fa94-04c1-424b-9868-57a2d4851a1d" relativeResultsDirectory="ae819d37-031a-4b7c-b351-cc3bde4f855c" />
    <UnitTestResult executionId="e43e0cc9-e89d-4eee-b6c6-7fc2e7ba4119" testId="0a1f2d43-8296-337d-6147-c0bb178be2a0" testName="ClickUp.Api.Client.Tests.ServiceTests.GoalsServiceTests.EditKeyResultAsync_ValidRequest_CallsPutAndReturnsKeyResult" computerName="devbox" duration="00:00:00.0189497" startTime="2025-06-24T03:53:51.7876589+00:00" endTime="2025-06-24T03:53:51.7876590+00:00" testType="13cdc9d9-ddb5-4fa4-a97d-d965ccfc6d4b" outcome="Passed" testListId="8c84fa94-04c1-424b-9868-57a2d4851a1d" relativeResultsDirectory="e43e0cc9-e89d-4eee-b6c6-7fc2e7ba4119" />
    <UnitTestResult executionId="efb58b37-752b-4eac-984c-1edef4c2bf5a" testId="2c0fff85-7492-bb9b-c2bf-9c38f36f1d11" testName="ClickUp.Api.Client.Tests.Models.Common.MemberTests.Member_ShouldDeserializeCorrectly_WhenOptionalPropertiesAreMissing" computerName="devbox" duration="00:00:00.0009725" startTime="2025-06-24T03:53:51.4517559+00:00" endTime="2025-06-24T03:53:51.4517560+00:00" testType="13cdc9d9-ddb5-4fa4-a97d-d965ccfc6d4b" outcome="Passed" testListId="8c84fa94-04c1-424b-9868-57a2d4851a1d" relativeResultsDirectory="efb58b37-752b-4eac-984c-1edef4c2bf5a" />
    <UnitTestResult executionId="c1ed79fb-efde-4e9c-8721-b2ad0d06b8d8" testId="f31bace1-8f20-4ff1-a788-959919728bf7" testName="ClickUp.Api.Client.Tests.ServiceTests.CommentServiceTests.UpdateCommentAsync_ApiConnectionThrowsTaskCanceledException_PropagatesException" computerName="devbox" duration="00:00:00.0049410" startTime="2025-06-24T03:53:51.2503211+00:00" endTime="2025-06-24T03:53:51.2503212+00:00" testType="13cdc9d9-ddb5-4fa4-a97d-d965ccfc6d4b" outcome="Passed" testListId="8c84fa94-04c1-424b-9868-57a2d4851a1d" relativeResultsDirectory="c1ed79fb-efde-4e9c-8721-b2ad0d06b8d8" />
    <UnitTestResult executionId="659899cc-0399-41d1-a62c-3673ae5c4d49" testId="432343ba-1ff8-33bb-c663-8e4732a49a83" testName="ClickUp.Api.Client.Tests.ServiceTests.FoldersServiceTests.CreateFolderAsync_PassesCancellationTokenToApiConnection" computerName="devbox" duration="00:00:00.0044247" startTime="2025-06-24T03:53:51.1181263+00:00" endTime="2025-06-24T03:53:51.1181264+00:00" testType="13cdc9d9-ddb5-4fa4-a97d-d965ccfc6d4b" outcome="Passed" testListId="8c84fa94-04c1-424b-9868-57a2d4851a1d" relativeResultsDirectory="659899cc-0399-41d1-a62c-3673ae5c4d49" />
    <UnitTestResult executionId="70ffd4df-811a-491f-935b-b4cbcfad2fac" testId="43dfef0a-a898-a93a-d1b2-66d336e1114a" testName="ClickUp.Api.Client.Tests.ServiceTests.GoalsServiceTests.CreateKeyResultAsync_ValidRequest_CallsPostAndReturnsKeyResult" computerName="devbox" duration="00:00:00.0156681" startTime="2025-06-24T03:53:51.9059778+00:00" endTime="2025-06-24T03:53:51.9059778+00:00" testType="13cdc9d9-ddb5-4fa4-a97d-d965ccfc6d4b" outcome="Passed" testListId="8c84fa94-04c1-424b-9868-57a2d4851a1d" relativeResultsDirectory="70ffd4df-811a-491f-935b-b4cbcfad2fac" />
    <UnitTestResult executionId="298e64e3-884f-428e-b0f7-50a5dd316543" testId="cc9ac9d7-b9e8-4488-d232-2be18abcf3d4" testName="ClickUp.Api.Client.Tests.ServiceTests.GoalsServiceTests.CreateKeyResultAsync_ApiReturnsNullResponse_ThrowsInvalidOperationException" computerName="devbox" duration="00:00:00.0026173" startTime="2025-06-24T03:53:51.9553590+00:00" endTime="2025-06-24T03:53:51.9553591+00:00" testType="13cdc9d9-ddb5-4fa4-a97d-d965ccfc6d4b" outcome="Passed" testListId="8c84fa94-04c1-424b-9868-57a2d4851a1d" relativeResultsDirectory="298e64e3-884f-428e-b0f7-50a5dd316543" />
    <UnitTestResult executionId="9d03e639-e404-4516-9087-ee9b7528d4a2" testId="2108bcbe-d0f1-5006-caac-16d5ac26803a" testName="ClickUp.Api.Client.Tests.ServiceTests.TimeTrackingServiceTests.ChangeTimeEntryTagNameAsync_ApiConnectionThrowsHttpRequestException_PropagatesException" computerName="devbox" duration="00:00:00.0026561" startTime="2025-06-24T03:53:52.2174662+00:00" endTime="2025-06-24T03:53:52.2174663+00:00" testType="13cdc9d9-ddb5-4fa4-a97d-d965ccfc6d4b" outcome="Passed" testListId="8c84fa94-04c1-424b-9868-57a2d4851a1d" relativeResultsDirectory="9d03e639-e404-4516-9087-ee9b7528d4a2" />
    <UnitTestResult executionId="82f63c9a-9570-41f5-93b3-b4a2cea786e0" testId="e83ed511-c40f-c1db-281e-9fbb36db81f3" testName="ClickUp.Api.Client.Tests.ServiceTests.TimeTrackingServiceTests.GetTimeEntryAsync_ApiReturnsNullResponse_ThrowsInvalidOperationException" computerName="devbox" duration="00:00:00.0045134" startTime="2025-06-24T03:53:51.4768116+00:00" endTime="2025-06-24T03:53:51.4768116+00:00" testType="13cdc9d9-ddb5-4fa4-a97d-d965ccfc6d4b" outcome="Passed" testListId="8c84fa94-04c1-424b-9868-57a2d4851a1d" relativeResultsDirectory="82f63c9a-9570-41f5-93b3-b4a2cea786e0" />
    <UnitTestResult executionId="ea7634fc-7d73-413c-a4c9-5b7be7adc460" testId="0e7a1813-5e2f-3c15-eca5-6462120e4310" testName="ClickUp.Api.Client.Tests.ServiceTests.TimeTrackingServiceTests.GetTimeEntryHistoryAsync_ApiReturnsNullResponse_ReturnsEmptyEnumerable" computerName="devbox" duration="00:00:00.0100503" startTime="2025-06-24T03:53:51.3627018+00:00" endTime="2025-06-24T03:53:51.3627019+00:00" testType="13cdc9d9-ddb5-4fa4-a97d-d965ccfc6d4b" outcome="Passed" testListId="8c84fa94-04c1-424b-9868-57a2d4851a1d" relativeResultsDirectory="ea7634fc-7d73-413c-a4c9-5b7be7adc460" />
    <UnitTestResult executionId="453a5739-cda2-402b-a4ee-3f6442ae71fb" testId="027f9e62-c340-9cfd-f88d-e3e7c831dd77" testName="ClickUp.Api.Client.Tests.ServiceTests.ViewsServiceTests.DeleteViewAsync_ApiThrowsError_PropagatesException" computerName="devbox" duration="00:00:00.0026498" startTime="2025-06-24T03:53:51.0838273+00:00" endTime="2025-06-24T03:53:51.0838273+00:00" testType="13cdc9d9-ddb5-4fa4-a97d-d965ccfc6d4b" outcome="Passed" testListId="8c84fa94-04c1-424b-9868-57a2d4851a1d" relativeResultsDirectory="453a5739-cda2-402b-a4ee-3f6442ae71fb" />
    <UnitTestResult executionId="dfed740d-1dd3-47bf-8e81-fa0f438199b1" testId="1049468b-6543-59b7-56f8-d0c94b4c3137" testName="ClickUp.Api.Client.Tests.ServiceTests.CommentServiceTests.GetTaskCommentsAsync_PassesCancellationTokenToApiConnection" computerName="devbox" duration="00:00:00.0061486" startTime="2025-06-24T03:53:51.3867972+00:00" endTime="2025-06-24T03:53:51.3867973+00:00" testType="13cdc9d9-ddb5-4fa4-a97d-d965ccfc6d4b" outcome="Passed" testListId="8c84fa94-04c1-424b-9868-57a2d4851a1d" relativeResultsDirectory="dfed740d-1dd3-47bf-8e81-fa0f438199b1" />
    <UnitTestResult executionId="5f2f546e-63a7-4771-9b64-b3b46c8fc3ee" testId="bbc4faf3-453f-8a73-6d16-fb009635f7df" testName="ClickUp.Api.Client.Tests.ServiceTests.ViewsServiceTests.CreateSpaceViewAsync_ValidRequest_ReturnsView" computerName="devbox" duration="00:00:00.0171362" startTime="2025-06-24T03:53:51.0733624+00:00" endTime="2025-06-24T03:53:51.0733625+00:00" testType="13cdc9d9-ddb5-4fa4-a97d-d965ccfc6d4b" outcome="Passed" testListId="8c84fa94-04c1-424b-9868-57a2d4851a1d" relativeResultsDirectory="5f2f546e-63a7-4771-9b64-b3b46c8fc3ee" />
    <UnitTestResult executionId="a63c8d73-5c54-42ac-9db7-a5650315e852" testId="10d3ef1e-8924-2082-95c4-3c39faea2647" testName="ClickUp.Api.Client.Tests.ServiceTests.CommentServiceTests.UpdateCommentAsync_PassesCancellationTokenToApiConnection" computerName="devbox" duration="00:00:00.0061333" startTime="2025-06-24T03:53:51.3390346+00:00" endTime="2025-06-24T03:53:51.3390346+00:00" testType="13cdc9d9-ddb5-4fa4-a97d-d965ccfc6d4b" outcome="Passed" testListId="8c84fa94-04c1-424b-9868-57a2d4851a1d" relativeResultsDirectory="a63c8d73-5c54-42ac-9db7-a5650315e852" />
    <UnitTestResult executionId="cd8bc40f-fa19-4958-86a9-d24587f5867e" testId="20cfcaa7-17a2-21bf-4948-d30e73c0057d" testName="ClickUp.Api.Client.Tests.ServiceTests.ChatServiceTests.GetChatChannelMembersAsync_PassesCancellationTokenToApiConnection" computerName="devbox" duration="00:00:00.0057263" startTime="2025-06-24T03:53:52.2596104+00:00" endTime="2025-06-24T03:53:52.2596104+00:00" testType="13cdc9d9-ddb5-4fa4-a97d-d965ccfc6d4b" outcome="Passed" testListId="8c84fa94-04c1-424b-9868-57a2d4851a1d" relativeResultsDirectory="cd8bc40f-fa19-4958-86a9-d24587f5867e" />
    <UnitTestResult executionId="c7970893-ace0-42ac-b771-95417164fe7c" testId="50ffa6c2-4cd9-92e5-bcd4-292ccad9b739" testName="ClickUp.Api.Client.Tests.ServiceTests.DocsServiceTests.SearchAllDocsAsync_SinglePageOfResults_ReturnsAllItems" computerName="devbox" duration="00:00:00.0172050" startTime="2025-06-24T03:53:51.3125419+00:00" endTime="2025-06-24T03:53:51.3125420+00:00" testType="13cdc9d9-ddb5-4fa4-a97d-d965ccfc6d4b" outcome="Passed" testListId="8c84fa94-04c1-424b-9868-57a2d4851a1d" relativeResultsDirectory="c7970893-ace0-42ac-b771-95417164fe7c" />
    <UnitTestResult executionId="2c34a1d7-0ac5-418f-b17c-97d272b4b678" testId="bcd1ad3f-2517-2515-148e-90fabf13f6fd" testName="ClickUp.Api.Client.Tests.ServiceTests.WorkspacesServiceTests.GetWorkspacePlanAsync_ApiConnectionThrowsHttpRequestException_PropagatesException" computerName="devbox" duration="00:00:00.0069914" startTime="2025-06-24T03:53:51.7273610+00:00" endTime="2025-06-24T03:53:51.7273611+00:00" testType="13cdc9d9-ddb5-4fa4-a97d-d965ccfc6d4b" outcome="Passed" testListId="8c84fa94-04c1-424b-9868-57a2d4851a1d" relativeResultsDirectory="2c34a1d7-0ac5-418f-b17c-97d272b4b678" />
    <UnitTestResult executionId="34553d80-3a8f-4370-a7f9-2086b881f202" testId="3ec3d362-7dab-82c9-c789-b46f7915f705" testName="ClickUp.Api.Client.Tests.ServiceTests.DocsServiceTests.GetDocPageListingAsync_ApiConnectionThrowsTaskCanceledException_PropagatesException" computerName="devbox" duration="00:00:00.0111203" startTime="2025-06-24T03:53:51.2120414+00:00" endTime="2025-06-24T03:53:51.2120415+00:00" testType="13cdc9d9-ddb5-4fa4-a97d-d965ccfc6d4b" outcome="Passed" testListId="8c84fa94-04c1-424b-9868-57a2d4851a1d" relativeResultsDirectory="34553d80-3a8f-4370-a7f9-2086b881f202" />
    <UnitTestResult executionId="51a64371-1cfa-476c-b5d9-8876f2450520" testId="c6d13717-22a4-e2ba-6fe6-a632c8cb942c" testName="ClickUp.Api.Client.Tests.ServiceTests.WebhooksServiceTests.GetWebhooksAsync_ValidWorkspaceId_ReturnsWebhooks" computerName="devbox" duration="00:00:00.0759594" startTime="2025-06-24T03:53:51.6576886+00:00" endTime="2025-06-24T03:53:51.6576886+00:00" testType="13cdc9d9-ddb5-4fa4-a97d-d965ccfc6d4b" outcome="Passed" testListId="8c84fa94-04c1-424b-9868-57a2d4851a1d" relativeResultsDirectory="51a64371-1cfa-476c-b5d9-8876f2450520" />
    <UnitTestResult executionId="808e96a3-80d1-4f48-9d8d-1d73b73a78f1" testId="6f157339-746a-c5c0-6676-d390c2a907d3" testName="ClickUp.Api.Client.Tests.ServiceTests.FoldersServiceTests.GetFoldersAsync_ArchivedTrue_BuildsCorrectUrl" computerName="devbox" duration="00:00:00.0080003" startTime="2025-06-24T03:53:51.0736554+00:00" endTime="2025-06-24T03:53:51.0736555+00:00" testType="13cdc9d9-ddb5-4fa4-a97d-d965ccfc6d4b" outcome="Passed" testListId="8c84fa94-04c1-424b-9868-57a2d4851a1d" relativeResultsDirectory="808e96a3-80d1-4f48-9d8d-1d73b73a78f1" />
    <UnitTestResult executionId="fb9497a2-22e3-4512-a18a-571d2cc86560" testId="b2e6b500-7969-7e58-f58c-f1d4a95af049" testName="ClickUp.Api.Client.Tests.ServiceTests.GoalsServiceTests.DeleteGoalAsync_ApiConnectionThrowsTaskCanceledException_PropagatesException" computerName="devbox" duration="00:00:00.0066480" startTime="2025-06-24T03:53:51.7604820+00:00" endTime="2025-06-24T03:53:51.7604820+00:00" testType="13cdc9d9-ddb5-4fa4-a97d-d965ccfc6d4b" outcome="Passed" testListId="8c84fa94-04c1-424b-9868-57a2d4851a1d" relativeResultsDirectory="fb9497a2-22e3-4512-a18a-571d2cc86560" />
    <UnitTestResult executionId="903ed858-cad4-4e7b-8805-afea23ebcdd9" testId="e6daaaea-35c2-a1ec-4efb-e9b209ff48e2" testName="ClickUp.Api.Client.Tests.ServiceTests.ListsServiceTests.CreateListFromTemplateInFolderAsync_ApiConnectionThrowsHttpRequestException_PropagatesException" computerName="devbox" duration="00:00:00.0037134" startTime="2025-06-24T03:53:52.2063049+00:00" endTime="2025-06-24T03:53:52.2063050+00:00" testType="13cdc9d9-ddb5-4fa4-a97d-d965ccfc6d4b" outcome="Passed" testListId="8c84fa94-04c1-424b-9868-57a2d4851a1d" relativeResultsDirectory="903ed858-cad4-4e7b-8805-afea23ebcdd9" />
    <UnitTestResult executionId="9053e1c9-7406-4a92-8f1e-28d4b4e6d5e1" testId="f60ad773-b852-568a-f848-dd5f3fec899e" testName="ClickUp.Api.Client.Tests.ServiceTests.ChatServiceTests.UpdateChatChannelAsync_NullResponse_ThrowsInvalidOperationException" computerName="devbox" duration="00:00:00.0029704" startTime="2025-06-24T03:53:52.2505540+00:00" endTime="2025-06-24T03:53:52.2505540+00:00" testType="13cdc9d9-ddb5-4fa4-a97d-d965ccfc6d4b" outcome="Passed" testListId="8c84fa94-04c1-424b-9868-57a2d4851a1d" relativeResultsDirectory="9053e1c9-7406-4a92-8f1e-28d4b4e6d5e1" />
    <UnitTestResult executionId="1a8edb7a-cd3e-4220-8f9f-5bc99bf0dd48" testId="2b8edfa7-90a8-7c8f-bd51-68f140a4326e" testName="ClickUp.Api.Client.Tests.ServiceTests.CustomFieldsServiceTests.GetWorkspaceCustomFieldsAsync_ApiError_ThrowsHttpRequestException" computerName="devbox" duration="00:00:00.0026039" startTime="2025-06-24T03:53:51.8663100+00:00" endTime="2025-06-24T03:53:51.8663101+00:00" testType="13cdc9d9-ddb5-4fa4-a97d-d965ccfc6d4b" outcome="Passed" testListId="8c84fa94-04c1-424b-9868-57a2d4851a1d" relativeResultsDirectory="1a8edb7a-cd3e-4220-8f9f-5bc99bf0dd48" />
    <UnitTestResult executionId="157a1449-e8c1-448c-a6fa-5f7cdbae9497" testId="268752d1-798d-3eac-dd72-4e4823b26aee" testName="ClickUp.Api.Client.Tests.ServiceTests.ViewsServiceTests.GetSpaceViewsAsync_PassesCancellationToken" computerName="devbox" duration="00:00:00.1585508" startTime="2025-06-24T03:53:51.0691973+00:00" endTime="2025-06-24T03:53:51.0691974+00:00" testType="13cdc9d9-ddb5-4fa4-a97d-d965ccfc6d4b" outcome="Passed" testListId="8c84fa94-04c1-424b-9868-57a2d4851a1d" relativeResultsDirectory="157a1449-e8c1-448c-a6fa-5f7cdbae9497" />
    <UnitTestResult executionId="b2d8b8a4-6592-4067-82c1-9770af2a235e" testId="57bfda38-b7b9-e365-6c9e-bb2b1772bce8" testName="ClickUp.Api.Client.Tests.ServiceTests.ChatServiceTests.GetChatChannelFollowersAsync_ValidRequest_BuildsUrlAndReturnsResponse" computerName="devbox" duration="00:00:00.0073103" startTime="2025-06-24T03:53:52.3830720+00:00" endTime="2025-06-24T03:53:52.3830721+00:00" testType="13cdc9d9-ddb5-4fa4-a97d-d965ccfc6d4b" outcome="Passed" testListId="8c84fa94-04c1-424b-9868-57a2d4851a1d" relativeResultsDirectory="b2d8b8a4-6592-4067-82c1-9770af2a235e" />
    <UnitTestResult executionId="e9aeee48-1ce9-43c6-8778-a005561b3775" testId="edba1904-1233-d717-493b-63954672373b" testName="ClickUp.Api.Client.Tests.ServiceTests.UsersServiceTests.RemoveUserFromWorkspaceAsync_ApiConnectionThrowsHttpRequestException_PropagatesException" computerName="devbox" duration="00:00:00.0034106" startTime="2025-06-24T03:53:52.1060940+00:00" endTime="2025-06-24T03:53:52.1060940+00:00" testType="13cdc9d9-ddb5-4fa4-a97d-d965ccfc6d4b" outcome="Passed" testListId="8c84fa94-04c1-424b-9868-57a2d4851a1d" relativeResultsDirectory="e9aeee48-1ce9-43c6-8778-a005561b3775" />
    <UnitTestResult executionId="ab8aa774-85ab-4ffb-8b56-4d1e876433de" testId="c8272ceb-7748-0664-e2e5-41dcf83b5568" testName="ClickUp.Api.Client.Tests.ServiceTests.DocsServiceTests.GetDocAsync_NullDataInResponse_ThrowsInvalidOperationException" computerName="devbox" duration="00:00:00.0019595" startTime="2025-06-24T03:53:51.2520895+00:00" endTime="2025-06-24T03:53:51.2520896+00:00" testType="13cdc9d9-ddb5-4fa4-a97d-d965ccfc6d4b" outcome="Passed" testListId="8c84fa94-04c1-424b-9868-57a2d4851a1d" relativeResultsDirectory="ab8aa774-85ab-4ffb-8b56-4d1e876433de" />
    <UnitTestResult executionId="504ef2e8-2bcd-4f7b-be5c-9ecbab37ccfa" testId="cdcfd57b-84ac-e23e-78d4-34efb784ebdf" testName="ClickUp.Api.Client.Tests.ServiceTests.TimeTrackingServiceTests.GetTimeEntryHistoryAsync_PassesCancellationTokenToApiConnection" computerName="devbox" duration="00:00:00.0034032" startTime="2025-06-24T03:53:51.5013665+00:00" endTime="2025-06-24T03:53:51.5013666+00:00" testType="13cdc9d9-ddb5-4fa4-a97d-d965ccfc6d4b" outcome="Passed" testListId="8c84fa94-04c1-424b-9868-57a2d4851a1d" relativeResultsDirectory="504ef2e8-2bcd-4f7b-be5c-9ecbab37ccfa" />
    <UnitTestResult executionId="5aa08355-e9c5-41d5-ba52-dffbbe96514c" testId="0c571b32-a1cb-6377-4b96-b1264a79e63a" testName="ClickUp.Api.Client.Tests.Http.ApiConnectionTests.GetAsync_ThrowsClickUpApiValidationException_ForUnprocessableEntity_WithNonStandardErrorStructure" computerName="devbox" duration="00:00:00.0023957" startTime="2025-06-24T03:53:51.7415613+00:00" endTime="2025-06-24T03:53:51.7415613+00:00" testType="13cdc9d9-ddb5-4fa4-a97d-d965ccfc6d4b" outcome="Passed" testListId="8c84fa94-04c1-424b-9868-57a2d4851a1d" relativeResultsDirectory="5aa08355-e9c5-41d5-ba52-dffbbe96514c" />
    <UnitTestResult executionId="8adc3867-807a-4c0d-9c81-2e97a11904bf" testId="4ea123c2-111f-b61a-ccb7-d65e9e244c3c" testName="ClickUp.Api.Client.Tests.ServiceTests.RolesServiceTests.GetCustomRolesAsync_ApiReturnsNullResponse_ReturnsEmptyEnumerable" computerName="devbox" duration="00:00:00.0016273" startTime="2025-06-24T03:53:51.5014522+00:00" endTime="2025-06-24T03:53:51.5014522+00:00" testType="13cdc9d9-ddb5-4fa4-a97d-d965ccfc6d4b" outcome="Passed" testListId="8c84fa94-04c1-424b-9868-57a2d4851a1d" relativeResultsDirectory="8adc3867-807a-4c0d-9c81-2e97a11904bf" />
    <UnitTestResult executionId="b5ca26d6-1559-482b-9e69-1bc1b1c07c56" testId="be466fe9-7b7a-b34e-e55a-b1f71a62e523" testName="ClickUp.Api.Client.Tests.ServiceTests.DocsServiceTests.EditPageAsync_PassesCancellationTokenToApiConnection" computerName="devbox" duration="00:00:00.0076327" startTime="2025-06-24T03:53:51.4023667+00:00" endTime="2025-06-24T03:53:51.4023667+00:00" testType="13cdc9d9-ddb5-4fa4-a97d-d965ccfc6d4b" outcome="Passed" testListId="8c84fa94-04c1-424b-9868-57a2d4851a1d" relativeResultsDirectory="b5ca26d6-1559-482b-9e69-1bc1b1c07c56" />
    <UnitTestResult executionId="d03a1f4f-29cc-4b12-a1db-c3b47d690558" testId="e13a926e-8f7a-1ebc-e350-9ac986a98f7c" testName="ClickUp.Api.Client.Tests.ServiceTests.MembersServiceTests.GetTaskMembersAsync_ValidTaskId_ReturnsMembers" computerName="devbox" duration="00:00:00.0045957" startTime="2025-06-24T03:53:51.2661081+00:00" endTime="2025-06-24T03:53:51.2661081+00:00" testType="13cdc9d9-ddb5-4fa4-a97d-d965ccfc6d4b" outcome="Passed" testListId="8c84fa94-04c1-424b-9868-57a2d4851a1d" relativeResultsDirectory="d03a1f4f-29cc-4b12-a1db-c3b47d690558" />
    <UnitTestResult executionId="32076c4c-f9b4-4b3f-b679-c87b092b453f" testId="e4cf8b68-6be1-c844-c90f-3cfa2745ffe1" testName="ClickUp.Api.Client.Tests.ServiceTests.WebhooksServiceTests.UpdateWebhookAsync_ApiReturnsNullResponse_ThrowsInvalidOperationException" computerName="devbox" duration="00:00:00.0065248" startTime="2025-06-24T03:53:51.5430325+00:00" endTime="2025-06-24T03:53:51.5430326+00:00" testType="13cdc9d9-ddb5-4fa4-a97d-d965ccfc6d4b" outcome="Passed" testListId="8c84fa94-04c1-424b-9868-57a2d4851a1d" relativeResultsDirectory="32076c4c-f9b4-4b3f-b679-c87b092b453f" />
    <UnitTestResult executionId="e63be0e1-36bb-401e-9779-f9e1c64d3499" testId="c7dd5536-1bf2-3d6d-6f68-304b45ba7805" testName="ClickUp.Api.Client.Tests.ServiceTests.FoldersServiceTests.GetFoldersAsync_ApiReturnsEmptyList_ReturnsEmptyEnumerable" computerName="devbox" duration="00:00:00.0032910" startTime="2025-06-24T03:53:51.0780853+00:00" endTime="2025-06-24T03:53:51.0780854+00:00" testType="13cdc9d9-ddb5-4fa4-a97d-d965ccfc6d4b" outcome="Passed" testListId="8c84fa94-04c1-424b-9868-57a2d4851a1d" relativeResultsDirectory="e63be0e1-36bb-401e-9779-f9e1c64d3499" />
    <UnitTestResult executionId="5fda3fe6-448a-4d7f-9e12-a69f313c4286" testId="8a5b4e05-a4b2-8f97-f9df-809c810b58e5" testName="ClickUp.Api.Client.Tests.ServiceTests.CommentServiceTests.CreateTaskCommentAsync_ValidInput_CallsApiConnectionPostAsyncWithCorrectParameters" computerName="devbox" duration="00:00:00.0054265" startTime="2025-06-24T03:53:51.4301805+00:00" endTime="2025-06-24T03:53:51.4301806+00:00" testType="13cdc9d9-ddb5-4fa4-a97d-d965ccfc6d4b" outcome="Passed" testListId="8c84fa94-04c1-424b-9868-57a2d4851a1d" relativeResultsDirectory="5fda3fe6-448a-4d7f-9e12-a69f313c4286" />
    <UnitTestResult executionId="9c33675f-29da-4926-a5f4-1ce0d79a2a1f" testId="30b9de58-1a14-f03e-d802-269c770e923a" testName="ClickUp.Api.Client.Tests.ServiceTests.ChatServiceTests.DeleteChatMessageAsync_ValidRequest_CallsDelete" computerName="devbox" duration="00:00:00.0041411" startTime="2025-06-24T03:53:51.9981904+00:00" endTime="2025-06-24T03:53:51.9981904+00:00" testType="13cdc9d9-ddb5-4fa4-a97d-d965ccfc6d4b" outcome="Passed" testListId="8c84fa94-04c1-424b-9868-57a2d4851a1d" relativeResultsDirectory="9c33675f-29da-4926-a5f4-1ce0d79a2a1f" />
    <UnitTestResult executionId="be149348-bd19-4417-9135-b30a86dc9743" testId="86e349cb-54c7-eeac-34ed-ee58de95c40c" testName="ClickUp.Api.Client.Tests.ServiceTests.MembersServiceTests.GetTaskMembersAsync_ApiReturnsNullResponse_ReturnsEmptyEnumerable" computerName="devbox" duration="00:00:00.0016616" startTime="2025-06-24T03:53:51.2665188+00:00" endTime="2025-06-24T03:53:51.2665188+00:00" testType="13cdc9d9-ddb5-4fa4-a97d-d965ccfc6d4b" outcome="Passed" testListId="8c84fa94-04c1-424b-9868-57a2d4851a1d" relativeResultsDirectory="be149348-bd19-4417-9135-b30a86dc9743" />
    <UnitTestResult executionId="58ab6948-e5a8-4dfd-ae41-d92f1d5fe451" testId="a474e3f4-7b2b-a10f-817b-c3d993d8d057" testName="ClickUp.Api.Client.Tests.ServiceTests.GuestsServiceTests.AddGuestToListAsync_PassesCancellationTokenToApiConnection" computerName="devbox" duration="00:00:00.0103649" startTime="2025-06-24T03:53:52.0168468+00:00" endTime="2025-06-24T03:53:52.0168469+00:00" testType="13cdc9d9-ddb5-4fa4-a97d-d965ccfc6d4b" outcome="Passed" testListId="8c84fa94-04c1-424b-9868-57a2d4851a1d" relativeResultsDirectory="58ab6948-e5a8-4dfd-ae41-d92f1d5fe451" />
    <UnitTestResult executionId="73c36d7b-1aae-4ea1-b98d-e31939cd503e" testId="e66f2070-3ec2-0e7c-07bc-31cfe55bc2b3" testName="ClickUp.Api.Client.Tests.ServiceTests.ListsServiceTests.GetFolderlessListsAsync_PassesCancellationTokenToApiConnection" computerName="devbox" duration="00:00:00.0041963" startTime="2025-06-24T03:53:52.2653153+00:00" endTime="2025-06-24T03:53:52.2653154+00:00" testType="13cdc9d9-ddb5-4fa4-a97d-d965ccfc6d4b" outcome="Passed" testListId="8c84fa94-04c1-424b-9868-57a2d4851a1d" relativeResultsDirectory="73c36d7b-1aae-4ea1-b98d-e31939cd503e" />
    <UnitTestResult executionId="4b2f11b9-7db7-4296-9059-7417c66f992e" testId="a008fa4d-3311-e7d5-6ba1-8acc7485f062" testName="ClickUp.Api.Client.Tests.ServiceTests.ChatServiceTests.GetChatChannelsAsync_ApiConnectionThrowsTaskCanceledException_PropagatesException" computerName="devbox" duration="00:00:00.0014399" startTime="2025-06-24T03:53:52.1912453+00:00" endTime="2025-06-24T03:53:52.1912454+00:00" testType="13cdc9d9-ddb5-4fa4-a97d-d965ccfc6d4b" outcome="Passed" testListId="8c84fa94-04c1-424b-9868-57a2d4851a1d" relativeResultsDirectory="4b2f11b9-7db7-4296-9059-7417c66f992e" />
    <UnitTestResult executionId="21b54581-7ad7-49a5-bfe9-31dd8c413db0" testId="070d7c8a-fee2-0268-54b0-5b0d9e860eb5" testName="ClickUp.Api.Client.Tests.ServiceTests.SpacesServiceTests.CreateSpaceAsync_ApiReturnsNullResponse_ThrowsInvalidOperationException" computerName="devbox" duration="00:00:00.0050849" startTime="2025-06-24T03:53:51.0750298+00:00" endTime="2025-06-24T03:53:51.0750298+00:00" testType="13cdc9d9-ddb5-4fa4-a97d-d965ccfc6d4b" outcome="Passed" testListId="8c84fa94-04c1-424b-9868-57a2d4851a1d" relativeResultsDirectory="21b54581-7ad7-49a5-bfe9-31dd8c413db0" />
    <UnitTestResult executionId="10d51902-8d3d-4400-a983-72eaa85e9b8f" testId="0ab8284b-1630-a3a0-4f89-bb74ed590d8d" testName="ClickUp.Api.Client.Tests.ServiceTests.GuestsServiceTests.EditGuestOnWorkspaceAsync_PassesCancellationTokenToApiConnection" computerName="devbox" duration="00:00:00.0068553" startTime="2025-06-24T03:53:51.7830130+00:00" endTime="2025-06-24T03:53:51.7830131+00:00" testType="13cdc9d9-ddb5-4fa4-a97d-d965ccfc6d4b" outcome="Passed" testListId="8c84fa94-04c1-424b-9868-57a2d4851a1d" relativeResultsDirectory="10d51902-8d3d-4400-a983-72eaa85e9b8f" />
    <UnitTestResult executionId="5fd5932d-09b0-414c-91dc-84443aa2a816" testId="e5ea9d8a-b01b-7d10-c780-2c6531265b98" testName="ClickUp.Api.Client.Tests.ServiceTests.ChatServiceTests.GetChatMessageTaggedUsersAsync_PassesCancellationTokenToApiConnection" computerName="devbox" duration="00:00:00.0055546" startTime="2025-06-24T03:53:52.1261734+00:00" endTime="2025-06-24T03:53:52.1261734+00:00" testType="13cdc9d9-ddb5-4fa4-a97d-d965ccfc6d4b" outcome="Passed" testListId="8c84fa94-04c1-424b-9868-57a2d4851a1d" relativeResultsDirectory="5fd5932d-09b0-414c-91dc-84443aa2a816" />
    <UnitTestResult executionId="33dc89b1-f1a3-4b9c-8106-5767762d64e6" testId="4407b350-db9d-8c81-7116-88bb98212cd0" testName="ClickUp.Api.Client.Tests.ServiceTests.DocsServiceTests.SearchAllDocsAsync_CancellationRequested_StopsIteration" computerName="devbox" duration="00:00:00.0153250" startTime="2025-06-24T03:53:51.3536163+00:00" endTime="2025-06-24T03:53:51.3536164+00:00" testType="13cdc9d9-ddb5-4fa4-a97d-d965ccfc6d4b" outcome="Passed" testListId="8c84fa94-04c1-424b-9868-57a2d4851a1d" relativeResultsDirectory="33dc89b1-f1a3-4b9c-8106-5767762d64e6" />
    <UnitTestResult executionId="55474cf1-06f9-4b73-9f9a-5478d1c93b3e" testId="cbd2079e-cd51-2aed-a413-37ad1b7afddd" testName="ClickUp.Api.Client.Tests.ServiceTests.TaskRelationshipsServiceTests.DeleteDependencyAsync_ApiConnectionThrowsTaskCanceledException_PropagatesException" computerName="devbox" duration="00:00:00.0019109" startTime="2025-06-24T03:53:51.7554392+00:00" endTime="2025-06-24T03:53:51.7554393+00:00" testType="13cdc9d9-ddb5-4fa4-a97d-d965ccfc6d4b" outcome="Passed" testListId="8c84fa94-04c1-424b-9868-57a2d4851a1d" relativeResultsDirectory="55474cf1-06f9-4b73-9f9a-5478d1c93b3e" />
    <UnitTestResult executionId="4cb00f20-08ef-422d-b6a1-68bcca9964f1" testId="18828e0a-1f2e-2d3b-2a40-f1abd48edfda" testName="ClickUp.Api.Client.Tests.ServiceTests.ChatServiceTests.GetChatMessageTaggedUsersAsync_NullResponse_ThrowsInvalidOperationException" computerName="devbox" duration="00:00:00.0028350" startTime="2025-06-24T03:53:52.0473240+00:00" endTime="2025-06-24T03:53:52.0473241+00:00" testType="13cdc9d9-ddb5-4fa4-a97d-d965ccfc6d4b" outcome="Passed" testListId="8c84fa94-04c1-424b-9868-57a2d4851a1d" relativeResultsDirectory="4cb00f20-08ef-422d-b6a1-68bcca9964f1" />
    <UnitTestResult executionId="a461334a-cdc9-463a-95e6-3638519d90f4" testId="ad2f2747-ece5-41db-df6e-26eeee601f8b" testName="ClickUp.Api.Client.Tests.ServiceTests.SpacesServiceTests.GetSpacesAsync_ValidWorkspaceId_ReturnsSpaces" computerName="devbox" duration="00:00:00.0161714" startTime="2025-06-24T03:53:51.1077840+00:00" endTime="2025-06-24T03:53:51.1077841+00:00" testType="13cdc9d9-ddb5-4fa4-a97d-d965ccfc6d4b" outcome="Passed" testListId="8c84fa94-04c1-424b-9868-57a2d4851a1d" relativeResultsDirectory="a461334a-cdc9-463a-95e6-3638519d90f4" />
    <UnitTestResult executionId="92182d48-93d7-46ed-a0bb-51707531a51f" testId="8dde9b4f-5d4e-aafa-6015-bfdb73c367d3" testName="ClickUp.Api.Client.Tests.ServiceTests.CommentServiceTests.GetChatViewCommentsStreamAsync_IAsyncEnumerable_HandlesApiError" computerName="devbox" duration="00:00:00.0046897" startTime="2025-06-24T03:53:51.3245738+00:00" endTime="2025-06-24T03:53:51.3245739+00:00" testType="13cdc9d9-ddb5-4fa4-a97d-d965ccfc6d4b" outcome="Passed" testListId="8c84fa94-04c1-424b-9868-57a2d4851a1d" relativeResultsDirectory="92182d48-93d7-46ed-a0bb-51707531a51f" />
    <UnitTestResult executionId="8c63bcaf-db97-4d5f-a1d2-b233783eee3f" testId="0bc15a78-ab39-3aa8-3013-acecb5d67602" testName="ClickUp.Api.Client.Tests.ServiceTests.UserGroupServiceTests.GetUserGroupsAsync_ApiConnectionThrowsTaskCanceledException_PropagatesException" computerName="devbox" duration="00:00:00.0021138" startTime="2025-06-24T03:53:51.6597424+00:00" endTime="2025-06-24T03:53:51.6597425+00:00" testType="13cdc9d9-ddb5-4fa4-a97d-d965ccfc6d4b" outcome="Passed" testListId="8c84fa94-04c1-424b-9868-57a2d4851a1d" relativeResultsDirectory="8c63bcaf-db97-4d5f-a1d2-b233783eee3f" />
    <UnitTestResult executionId="33bbb604-041e-4234-b90c-6e3e9db5cb63" testId="d64c8a48-94a6-5d45-b994-65e073b17456" testName="ClickUp.Api.Client.Tests.Http.AuthenticationDelegatingHandlerTests.Constructor_WithInvalidApiKey_ShouldThrowArgumentNullException(invalidApiKey: &quot;&quot;)" computerName="devbox" duration="00:00:00.0020840" startTime="2025-06-24T03:53:51.2253022+00:00" endTime="2025-06-24T03:53:51.2253023+00:00" testType="13cdc9d9-ddb5-4fa4-a97d-d965ccfc6d4b" outcome="Passed" testListId="8c84fa94-04c1-424b-9868-57a2d4851a1d" relativeResultsDirectory="33bbb604-041e-4234-b90c-6e3e9db5cb63" />
    <UnitTestResult executionId="92e76276-f73d-4429-9c58-19f8abb5fd6a" testId="277d3a09-41e9-41a2-8ab6-5a336e9e33fe" testName="ClickUp.Api.Client.Tests.ServiceTests.TaskServiceTests.GetFilteredTeamTasksAsync_WithSomeNewAndSomeOldParameters_BuildsCorrectEndpoint" computerName="devbox" duration="00:00:00.0063468" startTime="2025-06-24T03:53:52.1584223+00:00" endTime="2025-06-24T03:53:52.1584223+00:00" testType="13cdc9d9-ddb5-4fa4-a97d-d965ccfc6d4b" outcome="Passed" testListId="8c84fa94-04c1-424b-9868-57a2d4851a1d" relativeResultsDirectory="92e76276-f73d-4429-9c58-19f8abb5fd6a" />
    <UnitTestResult executionId="714e6921-0491-428f-aedb-417c6c0b3398" testId="f3a8a3fa-588f-6a24-409b-f2796686733d" testName="ClickUp.Api.Client.Tests.ServiceTests.ChatServiceTests.CreateLocationChatChannelAsync_NullDataInResponse_ThrowsInvalidOperationException" computerName="devbox" duration="00:00:00.0027559" startTime="2025-06-24T03:53:52.2681620+00:00" endTime="2025-06-24T03:53:52.2681620+00:00" testType="13cdc9d9-ddb5-4fa4-a97d-d965ccfc6d4b" outcome="Passed" testListId="8c84fa94-04c1-424b-9868-57a2d4851a1d" relativeResultsDirectory="714e6921-0491-428f-aedb-417c6c0b3398" />
    <UnitTestResult executionId="27cb0199-2a9a-44e7-9830-ee14e37ffdf9" testId="4cd48218-1563-ac39-7034-a94c299a8df0" testName="ClickUp.Api.Client.Tests.ServiceTests.TagsServiceTests.EditSpaceTagAsync_ApiReturnsNullResponse_ThrowsInvalidOperationException" computerName="devbox" duration="00:00:00.0021526" startTime="2025-06-24T03:53:51.5575618+00:00" endTime="2025-06-24T03:53:51.5575619+00:00" testType="13cdc9d9-ddb5-4fa4-a97d-d965ccfc6d4b" outcome="Passed" testListId="8c84fa94-04c1-424b-9868-57a2d4851a1d" relativeResultsDirectory="27cb0199-2a9a-44e7-9830-ee14e37ffdf9" />
    <UnitTestResult executionId="77cd4e7a-5e90-436a-be65-cea01639a294" testId="77ddda33-f5c0-0546-2603-cfcb62b8c11e" testName="ClickUp.Api.Client.Tests.ServiceTests.FoldersServiceTests.CreateFolderFromTemplateAsync_ApiError_ThrowsHttpRequestException" computerName="devbox" duration="00:00:00.0030677" startTime="2025-06-24T03:53:51.0765635+00:00" endTime="2025-06-24T03:53:51.0765636+00:00" testType="13cdc9d9-ddb5-4fa4-a97d-d965ccfc6d4b" outcome="Passed" testListId="8c84fa94-04c1-424b-9868-57a2d4851a1d" relativeResultsDirectory="77cd4e7a-5e90-436a-be65-cea01639a294" />
    <UnitTestResult executionId="18cae0fc-1b37-4f54-b280-d3706035893d" testId="89f0d8dc-79be-9fdc-e94a-1be6d60f6415" testName="ClickUp.Api.Client.Tests.ServiceTests.ListsServiceTests.CreateListFromTemplateInFolderAsync_ApiReturnsNullResponse_ThrowsInvalidOperationException" computerName="devbox" duration="00:00:00.0036332" startTime="2025-06-24T03:53:52.2293568+00:00" endTime="2025-06-24T03:53:52.2293568+00:00" testType="13cdc9d9-ddb5-4fa4-a97d-d965ccfc6d4b" outcome="Passed" testListId="8c84fa94-04c1-424b-9868-57a2d4851a1d" relativeResultsDirectory="18cae0fc-1b37-4f54-b280-d3706035893d" />
    <UnitTestResult executionId="123096b9-8623-4230-888d-f4dc3b6acb04" testId="bebdec2a-9cb5-52d7-1ed7-a5796f24ad3d" testName="ClickUp.Api.Client.Tests.ServiceTests.DocsServiceTests.GetDocAsync_ValidRequest_ReturnsDoc" computerName="devbox" duration="00:00:00.0083427" startTime="2025-06-24T03:53:51.4656488+00:00" endTime="2025-06-24T03:53:51.4656488+00:00" testType="13cdc9d9-ddb5-4fa4-a97d-d965ccfc6d4b" outcome="Passed" testListId="8c84fa94-04c1-424b-9868-57a2d4851a1d" relativeResultsDirectory="123096b9-8623-4230-888d-f4dc3b6acb04" />
    <UnitTestResult executionId="6cb3a51c-8db6-4dca-866e-9462de76c9dc" testId="8c2cdbd3-f4a7-a7fa-ecf6-b0d72688d538" testName="ClickUp.Api.Client.Tests.ServiceTests.CustomFieldsServiceTests.GetSpaceCustomFieldsAsync_PassesCancellationTokenToApiConnection" computerName="devbox" duration="00:00:00.0040732" startTime="2025-06-24T03:53:51.9903129+00:00" endTime="2025-06-24T03:53:51.9903130+00:00" testType="13cdc9d9-ddb5-4fa4-a97d-d965ccfc6d4b" outcome="Passed" testListId="8c84fa94-04c1-424b-9868-57a2d4851a1d" relativeResultsDirectory="6cb3a51c-8db6-4dca-866e-9462de76c9dc" />
    <UnitTestResult executionId="aec5c427-835c-422e-92b7-4c3089694231" testId="3b396c1e-d5f9-0397-57da-c38e0ac367e8" testName="ClickUp.Api.Client.Tests.ServiceTests.DocsServiceTests.EditPageAsync_ApiError_ThrowsHttpRequestException" computerName="devbox" duration="00:00:00.0032334" startTime="2025-06-24T03:53:51.2497622+00:00" endTime="2025-06-24T03:53:51.2497623+00:00" testType="13cdc9d9-ddb5-4fa4-a97d-d965ccfc6d4b" outcome="Passed" testListId="8c84fa94-04c1-424b-9868-57a2d4851a1d" relativeResultsDirectory="aec5c427-835c-422e-92b7-4c3089694231" />
    <UnitTestResult executionId="8035193d-6169-47f8-bb1d-dbd7d4187d78" testId="5cfef7c9-4c98-ecbd-c878-db328469599f" testName="ClickUp.Api.Client.Tests.ServiceTests.CustomFieldsServiceTests.GetFolderCustomFieldsAsync_ApiConnectionThrowsTaskCanceledException_PropagatesException" computerName="devbox" duration="00:00:00.0019981" startTime="2025-06-24T03:53:51.8734868+00:00" endTime="2025-06-24T03:53:51.8734869+00:00" testType="13cdc9d9-ddb5-4fa4-a97d-d965ccfc6d4b" outcome="Passed" testListId="8c84fa94-04c1-424b-9868-57a2d4851a1d" relativeResultsDirectory="8035193d-6169-47f8-bb1d-dbd7d4187d78" />
    <UnitTestResult executionId="c32604c3-4e2e-4551-a9dd-f3be4792b237" testId="e274d54f-dbd8-3d21-b6c5-05d28e1afadf" testName="ClickUp.Api.Client.Tests.ServiceTests.UserGroupServiceTests.UpdateUserGroupAsync_PassesCancellationTokenToApiConnection" computerName="devbox" duration="00:00:00.0050334" startTime="2025-06-24T03:53:51.7006614+00:00" endTime="2025-06-24T03:53:51.7006614+00:00" testType="13cdc9d9-ddb5-4fa4-a97d-d965ccfc6d4b" outcome="Passed" testListId="8c84fa94-04c1-424b-9868-57a2d4851a1d" relativeResultsDirectory="c32604c3-4e2e-4551-a9dd-f3be4792b237" />
    <UnitTestResult executionId="4d362cf6-a26d-4955-ac49-aa083b6e8ea4" testId="1a70e6dc-ed7f-99d8-a7c4-718e191e6269" testName="ClickUp.Api.Client.Tests.ServiceTests.GuestsServiceTests.RemoveGuestFromTaskAsync_PassesCancellationTokenToApiConnection" computerName="devbox" duration="00:00:00.0071036" startTime="2025-06-24T03:53:51.9324470+00:00" endTime="2025-06-24T03:53:51.9324471+00:00" testType="13cdc9d9-ddb5-4fa4-a97d-d965ccfc6d4b" outcome="Passed" testListId="8c84fa94-04c1-424b-9868-57a2d4851a1d" relativeResultsDirectory="4d362cf6-a26d-4955-ac49-aa083b6e8ea4" />
    <UnitTestResult executionId="76c00b4d-21f2-4771-aeda-ba8425ae73ca" testId="c3f78f48-a866-b86e-0984-689bef337df5" testName="ClickUp.Api.Client.Tests.ServiceTests.AuthorizationServiceTests.GetAuthorizedWorkspacesAsync_PassesCancellationTokenToApiConnection" computerName="devbox" duration="00:00:00.0118877" startTime="2025-06-24T03:53:52.0149350+00:00" endTime="2025-06-24T03:53:52.0149351+00:00" testType="13cdc9d9-ddb5-4fa4-a97d-d965ccfc6d4b" outcome="Passed" testListId="8c84fa94-04c1-424b-9868-57a2d4851a1d" relativeResultsDirectory="76c00b4d-21f2-4771-aeda-ba8425ae73ca" />
    <UnitTestResult executionId="ddf98225-85cc-43c2-95ae-293fa54c012f" testId="4007011b-94e0-985a-1e4f-af1e83cbb54c" testName="ClickUp.Api.Client.Tests.ServiceTests.ChatServiceTests.GetChatMessageReactionsAsync_PassesCancellationTokenToApiConnection" computerName="devbox" duration="00:00:00.0082385" startTime="2025-06-24T03:53:52.1091317+00:00" endTime="2025-06-24T03:53:52.1091318+00:00" testType="13cdc9d9-ddb5-4fa4-a97d-d965ccfc6d4b" outcome="Passed" testListId="8c84fa94-04c1-424b-9868-57a2d4851a1d" relativeResultsDirectory="ddf98225-85cc-43c2-95ae-293fa54c012f" />
    <UnitTestResult executionId="4ff9bbbe-e3f9-493b-9f5a-71750e7f5d26" testId="470b8aed-e5b1-0f37-26ba-ad0e6c042ec6" testName="ClickUp.Api.Client.Tests.ServiceTests.ListsServiceTests.AddTaskToListAsync_ApiConnectionThrowsTaskCanceledException_PropagatesException" computerName="devbox" duration="00:00:00.0017300" startTime="2025-06-24T03:53:52.4287672+00:00" endTime="2025-06-24T03:53:52.4287672+00:00" testType="13cdc9d9-ddb5-4fa4-a97d-d965ccfc6d4b" outcome="Passed" testListId="8c84fa94-04c1-424b-9868-57a2d4851a1d" relativeResultsDirectory="4ff9bbbe-e3f9-493b-9f5a-71750e7f5d26" />
    <UnitTestResult executionId="c30beeac-b305-4f93-b6a5-d57191652d83" testId="73037e9b-1fcc-6402-5b2e-26dfd5dbecaa" testName="ClickUp.Api.Client.Tests.ServiceTests.UsersServiceTests.RemoveUserFromWorkspaceAsync_ApiConnectionThrowsTaskCanceledException_PropagatesException" computerName="devbox" duration="00:00:00.0033411" startTime="2025-06-24T03:53:52.1558992+00:00" endTime="2025-06-24T03:53:52.1558993+00:00" testType="13cdc9d9-ddb5-4fa4-a97d-d965ccfc6d4b" outcome="Passed" testListId="8c84fa94-04c1-424b-9868-57a2d4851a1d" relativeResultsDirectory="c30beeac-b305-4f93-b6a5-d57191652d83" />
    <UnitTestResult executionId="4a0117ef-7187-43a4-a018-5f7645961040" testId="76f37285-a0bd-133c-8a9e-2874b7621389" testName="ClickUp.Api.Client.Tests.ServiceTests.GoalsServiceTests.GetGoalAsync_ApiError_ThrowsHttpRequestException" computerName="devbox" duration="00:00:00.0014000" startTime="2025-06-24T03:53:51.9890931+00:00" endTime="2025-06-24T03:53:51.9890932+00:00" testType="13cdc9d9-ddb5-4fa4-a97d-d965ccfc6d4b" outcome="Passed" testListId="8c84fa94-04c1-424b-9868-57a2d4851a1d" relativeResultsDirectory="4a0117ef-7187-43a4-a018-5f7645961040" />
    <UnitTestResult executionId="3dd036ec-4269-4839-8b51-915c4d815b55" testId="5b8f60fa-e114-e9c0-8cce-43e48875fa0e" testName="ClickUp.Api.Client.Tests.ServiceTests.ChatServiceTests.GetChatChannelFollowersAsync_ApiError_ThrowsHttpRequestException" computerName="devbox" duration="00:00:00.0039723" startTime="2025-06-24T03:53:52.2373003+00:00" endTime="2025-06-24T03:53:52.2373003+00:00" testType="13cdc9d9-ddb5-4fa4-a97d-d965ccfc6d4b" outcome="Passed" testListId="8c84fa94-04c1-424b-9868-57a2d4851a1d" relativeResultsDirectory="3dd036ec-4269-4839-8b51-915c4d815b55" />
    <UnitTestResult executionId="5f4710ce-69c3-4c60-991e-c7aba7c7d7df" testId="6a94dc11-ffe5-0b60-12c5-19c379bb4b7f" testName="ClickUp.Api.Client.Tests.ServiceTests.GuestsServiceTests.InviteGuestToWorkspaceAsync_ApiError_ThrowsHttpRequestException" computerName="devbox" duration="00:00:00.0026473" startTime="2025-06-24T03:53:52.0251247+00:00" endTime="2025-06-24T03:53:52.0251247+00:00" testType="13cdc9d9-ddb5-4fa4-a97d-d965ccfc6d4b" outcome="Passed" testListId="8c84fa94-04c1-424b-9868-57a2d4851a1d" relativeResultsDirectory="5f4710ce-69c3-4c60-991e-c7aba7c7d7df" />
    <UnitTestResult executionId="b05fc31b-b8c5-4100-8f65-96f28e6e0b3c" testId="c9d05bfe-c5f5-b0ae-ecec-cac77b7363df" testName="ClickUp.Api.Client.Tests.ServiceTests.TimeTrackingServiceTests.DeleteTimeEntryAsync_ApiConnectionThrowsTaskCanceledException_PropagatesException" computerName="devbox" duration="00:00:00.0031408" startTime="2025-06-24T03:53:51.5261995+00:00" endTime="2025-06-24T03:53:51.5261996+00:00" testType="13cdc9d9-ddb5-4fa4-a97d-d965ccfc6d4b" outcome="Passed" testListId="8c84fa94-04c1-424b-9868-57a2d4851a1d" relativeResultsDirectory="b05fc31b-b8c5-4100-8f65-96f28e6e0b3c" />
    <UnitTestResult executionId="79d4f313-61e2-4977-8c7b-808dbaa4d89c" testId="e56ecf4a-2afb-69f6-4624-afbf5ecf4c78" testName="ClickUp.Api.Client.Tests.ServiceTests.TimeTrackingServiceTests.StartTimeEntryAsync_ApiConnectionThrowsTaskCanceledException_PropagatesException" computerName="devbox" duration="00:00:00.0077820" startTime="2025-06-24T03:53:51.5385001+00:00" endTime="2025-06-24T03:53:51.5385002+00:00" testType="13cdc9d9-ddb5-4fa4-a97d-d965ccfc6d4b" outcome="Passed" testListId="8c84fa94-04c1-424b-9868-57a2d4851a1d" relativeResultsDirectory="79d4f313-61e2-4977-8c7b-808dbaa4d89c" />
    <UnitTestResult executionId="8f95b60b-a1c2-4c19-afc2-3f278076c384" testId="455d373c-0768-e4b9-a7a0-973113e32cb6" testName="ClickUp.Api.Client.Tests.ServiceTests.TaskServiceTests.GetTaskAsync_PassesCancellationTokenToApiConnection" computerName="devbox" duration="00:00:00.0048633" startTime="2025-06-24T03:53:52.1807610+00:00" endTime="2025-06-24T03:53:52.1807611+00:00" testType="13cdc9d9-ddb5-4fa4-a97d-d965ccfc6d4b" outcome="Passed" testListId="8c84fa94-04c1-424b-9868-57a2d4851a1d" relativeResultsDirectory="8f95b60b-a1c2-4c19-afc2-3f278076c384" />
    <UnitTestResult executionId="f8b7a363-6d35-4981-b84c-c3d128c6acbf" testId="720c460b-8ae4-d002-95bf-b1e81393149f" testName="ClickUp.Api.Client.Tests.ServiceTests.TimeTrackingServiceTests.GetTimeEntriesAsyncEnumerableAsync_ApiReturnsNullResponse_StopsIteration" computerName="devbox" duration="00:00:00.0021266" startTime="2025-06-24T03:53:52.2327719+00:00" endTime="2025-06-24T03:53:52.2327720+00:00" testType="13cdc9d9-ddb5-4fa4-a97d-d965ccfc6d4b" outcome="Passed" testListId="8c84fa94-04c1-424b-9868-57a2d4851a1d" relativeResultsDirectory="f8b7a363-6d35-4981-b84c-c3d128c6acbf" />
    <UnitTestResult executionId="1b5b76d4-662f-4c3c-b860-089428c0838d" testId="7527c8ed-75f7-2f06-edb4-4d6b09bcc381" testName="ClickUp.Api.Client.Tests.ServiceTests.GuestsServiceTests.RemoveGuestFromWorkspaceAsync_ApiError_ThrowsHttpRequestException" computerName="devbox" duration="00:00:00.0096796" startTime="2025-06-24T03:53:51.9873212+00:00" endTime="2025-06-24T03:53:51.9873213+00:00" testType="13cdc9d9-ddb5-4fa4-a97d-d965ccfc6d4b" outcome="Passed" testListId="8c84fa94-04c1-424b-9868-57a2d4851a1d" relativeResultsDirectory="1b5b76d4-662f-4c3c-b860-089428c0838d" />
    <UnitTestResult executionId="9c406d1f-4e51-4864-8902-16372a3e5a36" testId="42a07047-804b-3c03-19b8-b3db03190b07" testName="ClickUp.Api.Client.Tests.ServiceTests.TaskServiceTests.GetFilteredTeamTasksAsync_PassesCancellationTokenToApiConnection" computerName="devbox" duration="00:00:00.0037456" startTime="2025-06-24T03:53:52.1092506+00:00" endTime="2025-06-24T03:53:52.1092507+00:00" testType="13cdc9d9-ddb5-4fa4-a97d-d965ccfc6d4b" outcome="Passed" testListId="8c84fa94-04c1-424b-9868-57a2d4851a1d" relativeResultsDirectory="9c406d1f-4e51-4864-8902-16372a3e5a36" />
    <UnitTestResult executionId="bdff2e43-2504-4205-bb5c-24049142cf06" testId="c3a8c95e-a906-3842-0974-bcb69399281c" testName="ClickUp.Api.Client.Tests.ServiceTests.TimeTrackingServiceTests.GetAllTimeEntryTagsAsync_PassesCancellationTokenToApiConnection" computerName="devbox" duration="00:00:00.0038351" startTime="2025-06-24T03:53:52.2144261+00:00" endTime="2025-06-24T03:53:52.2144261+00:00" testType="13cdc9d9-ddb5-4fa4-a97d-d965ccfc6d4b" outcome="Passed" testListId="8c84fa94-04c1-424b-9868-57a2d4851a1d" relativeResultsDirectory="bdff2e43-2504-4205-bb5c-24049142cf06" />
    <UnitTestResult executionId="6b8eb239-e2d5-4a8f-bdd7-3912b5cc4d4a" testId="fd21df4b-204e-a7c4-3467-b991d2cfdb59" testName="ClickUp.Api.Client.Tests.ServiceTests.GuestsServiceTests.AddGuestToListAsync_NullApiResponse_ThrowsInvalidOperationException" computerName="devbox" duration="00:00:00.0026066" startTime="2025-06-24T03:53:51.9060155+00:00" endTime="2025-06-24T03:53:51.9060156+00:00" testType="13cdc9d9-ddb5-4fa4-a97d-d965ccfc6d4b" outcome="Passed" testListId="8c84fa94-04c1-424b-9868-57a2d4851a1d" relativeResultsDirectory="6b8eb239-e2d5-4a8f-bdd7-3912b5cc4d4a" />
    <UnitTestResult executionId="f52c1a43-a6f4-4636-bc86-333cff51d3fb" testId="4bf77a8b-eadd-cc6c-ae22-4cf427189d73" testName="ClickUp.Api.Client.Tests.ServiceTests.ChatServiceTests.UpdateChatMessageAsync_NullResponse_ThrowsInvalidOperationException" computerName="devbox" duration="00:00:00.0024321" startTime="2025-06-24T03:53:52.0395690+00:00" endTime="2025-06-24T03:53:52.0395691+00:00" testType="13cdc9d9-ddb5-4fa4-a97d-d965ccfc6d4b" outcome="Passed" testListId="8c84fa94-04c1-424b-9868-57a2d4851a1d" relativeResultsDirectory="f52c1a43-a6f4-4636-bc86-333cff51d3fb" />
    <UnitTestResult executionId="f8d164d3-8a95-4eb4-86e7-44400d30c182" testId="b3e5ae08-2d01-f653-02ff-46c398308333" testName="ClickUp.Api.Client.Tests.ServiceTests.TemplatesServiceTests.GetTaskTemplatesAsync_ApiReturnsResponseWithNullTemplates_ReturnsEmptyList" computerName="devbox" duration="00:00:00.0105747" startTime="2025-06-24T03:53:51.4767618+00:00" endTime="2025-06-24T03:53:51.4767619+00:00" testType="13cdc9d9-ddb5-4fa4-a97d-d965ccfc6d4b" outcome="Passed" testListId="8c84fa94-04c1-424b-9868-57a2d4851a1d" relativeResultsDirectory="f8d164d3-8a95-4eb4-86e7-44400d30c182" />
    <UnitTestResult executionId="ae07b19c-b5df-4167-9d43-4bc0bff9b8fa" testId="93e6c0ab-b688-6883-87ad-6413f17bbf57" testName="ClickUp.Api.Client.Tests.ServiceTests.RolesServiceTests.GetCustomRolesAsync_PassesCancellationTokenToApiConnection" computerName="devbox" duration="00:00:00.0044900" startTime="2025-06-24T03:53:51.4907242+00:00" endTime="2025-06-24T03:53:51.4907243+00:00" testType="13cdc9d9-ddb5-4fa4-a97d-d965ccfc6d4b" outcome="Passed" testListId="8c84fa94-04c1-424b-9868-57a2d4851a1d" relativeResultsDirectory="ae07b19c-b5df-4167-9d43-4bc0bff9b8fa" />
    <UnitTestResult executionId="fd242c58-a9c7-4ea0-a4d0-8a4b7f2771c9" testId="754e506c-648d-4410-32f3-1251243899e1" testName="ClickUp.Api.Client.Tests.ServiceTests.GoalsServiceTests.CreateGoalAsync_PassesCancellationTokenToApiConnection" computerName="devbox" duration="00:00:00.0104637" startTime="2025-06-24T03:53:51.9877358+00:00" endTime="2025-06-24T03:53:51.9877359+00:00" testType="13cdc9d9-ddb5-4fa4-a97d-d965ccfc6d4b" outcome="Passed" testListId="8c84fa94-04c1-424b-9868-57a2d4851a1d" relativeResultsDirectory="fd242c58-a9c7-4ea0-a4d0-8a4b7f2771c9" />
    <UnitTestResult executionId="7f263560-95c6-4bbf-a938-ccaa16ad0b85" testId="976057f5-1513-1aff-d45f-402de7473011" testName="ClickUp.Api.Client.Tests.ServiceTests.GuestsServiceTests.RemoveGuestFromFolderAsync_PassesCancellationTokenToApiConnection" computerName="devbox" duration="00:00:00.0066255" startTime="2025-06-24T03:53:51.8004936+00:00" endTime="2025-06-24T03:53:51.8004936+00:00" testType="13cdc9d9-ddb5-4fa4-a97d-d965ccfc6d4b" outcome="Passed" testListId="8c84fa94-04c1-424b-9868-57a2d4851a1d" relativeResultsDirectory="7f263560-95c6-4bbf-a938-ccaa16ad0b85" />
    <UnitTestResult executionId="c77c827c-7a48-413d-b785-0d8d8ef2e06f" testId="66672cba-936c-533d-864c-75fba8575d33" testName="ClickUp.Api.Client.Tests.ServiceTests.ListsServiceTests.CreateListInFolderAsync_ApiReturnsNullResponse_ThrowsInvalidOperationException" computerName="devbox" duration="00:00:00.0023176" startTime="2025-06-24T03:53:52.3050005+00:00" endTime="2025-06-24T03:53:52.3050006+00:00" testType="13cdc9d9-ddb5-4fa4-a97d-d965ccfc6d4b" outcome="Passed" testListId="8c84fa94-04c1-424b-9868-57a2d4851a1d" relativeResultsDirectory="c77c827c-7a48-413d-b785-0d8d8ef2e06f" />
    <UnitTestResult executionId="3351d32c-6e6c-4c26-bc4d-a8a59d054ebf" testId="85c18ef7-be83-6afe-381b-b8c0e3e1a67a" testName="ClickUp.Api.Client.Tests.ServiceTests.CommentServiceTests.CreateChatViewCommentAsync_PassesCancellationTokenToApiConnection" computerName="devbox" duration="00:00:00.0063808" startTime="2025-06-24T03:53:51.2618864+00:00" endTime="2025-06-24T03:53:51.2618865+00:00" testType="13cdc9d9-ddb5-4fa4-a97d-d965ccfc6d4b" outcome="Passed" testListId="8c84fa94-04c1-424b-9868-57a2d4851a1d" relativeResultsDirectory="3351d32c-6e6c-4c26-bc4d-a8a59d054ebf" />
    <UnitTestResult executionId="6749c12e-0bdc-4c6c-bbcc-b91605a9df86" testId="9082994c-0b1e-da81-b55e-f5dc0f0f5f9f" testName="ClickUp.Api.Client.Tests.ServiceTests.ListsServiceTests.AddTaskToListAsync_ApiConnectionThrowsHttpRequestException_PropagatesException" computerName="devbox" duration="00:00:00.0027739" startTime="2025-06-24T03:53:52.2970517+00:00" endTime="2025-06-24T03:53:52.2970518+00:00" testType="13cdc9d9-ddb5-4fa4-a97d-d965ccfc6d4b" outcome="Passed" testListId="8c84fa94-04c1-424b-9868-57a2d4851a1d" relativeResultsDirectory="6749c12e-0bdc-4c6c-bbcc-b91605a9df86" />
    <UnitTestResult executionId="8eb218ee-67b1-41d6-9c96-9dd059356dd7" testId="561d9772-0316-21fe-2400-8e017df75524" testName="ClickUp.Api.Client.Tests.ServiceTests.SpacesServiceTests.CreateSpaceAsync_PassesCancellationTokenToApiConnection" computerName="devbox" duration="00:00:00.0085582" startTime="2025-06-24T03:53:51.1198588+00:00" endTime="2025-06-24T03:53:51.1198589+00:00" testType="13cdc9d9-ddb5-4fa4-a97d-d965ccfc6d4b" outcome="Passed" testListId="8c84fa94-04c1-424b-9868-57a2d4851a1d" relativeResultsDirectory="8eb218ee-67b1-41d6-9c96-9dd059356dd7" />
    <UnitTestResult executionId="a48dbdad-82e7-4f21-8780-67b0512a3601" testId="248a1e10-c767-8040-25eb-7fa857fbbbc9" testName="ClickUp.Api.Client.Tests.ServiceTests.CommentServiceTests.GetListCommentsStreamAsync_IAsyncEnumerable_ReturnsAllComments_WhenMultiplePages" computerName="devbox" duration="00:00:00.0085559" startTime="2025-06-24T03:53:51.3329745+00:00" endTime="2025-06-24T03:53:51.3329746+00:00" testType="13cdc9d9-ddb5-4fa4-a97d-d965ccfc6d4b" outcome="Passed" testListId="8c84fa94-04c1-424b-9868-57a2d4851a1d" relativeResultsDirectory="a48dbdad-82e7-4f21-8780-67b0512a3601" />
    <UnitTestResult executionId="d7fff80e-f288-4b4e-90fc-cc3cbd3f2e0d" testId="5a8b379e-f715-8a32-0ce3-5e832b1b3bbb" testName="ClickUp.Api.Client.Tests.ServiceTests.ListsServiceTests.GetListAsync_PassesCancellationTokenToApiConnection" computerName="devbox" duration="00:00:00.0058825" startTime="2025-06-24T03:53:52.2714338+00:00" endTime="2025-06-24T03:53:52.2714339+00:00" testType="13cdc9d9-ddb5-4fa4-a97d-d965ccfc6d4b" outcome="Passed" testListId="8c84fa94-04c1-424b-9868-57a2d4851a1d" relativeResultsDirectory="d7fff80e-f288-4b4e-90fc-cc3cbd3f2e0d" />
    <UnitTestResult executionId="5a11a6ed-db8b-421f-a6ed-520f08761368" testId="61d97a99-bc30-8f14-515f-5aff50f32230" testName="ClickUp.Api.Client.Tests.ServiceTests.WebhooksServiceTests.DeleteWebhookAsync_PassesCancellationTokenToApiConnection" computerName="devbox" duration="00:00:00.0049442" startTime="2025-06-24T03:53:51.5551923+00:00" endTime="2025-06-24T03:53:51.5551923+00:00" testType="13cdc9d9-ddb5-4fa4-a97d-d965ccfc6d4b" outcome="Passed" testListId="8c84fa94-04c1-424b-9868-57a2d4851a1d" relativeResultsDirectory="5a11a6ed-db8b-421f-a6ed-520f08761368" />
    <UnitTestResult executionId="662d6e34-9314-42ef-ae8d-b2eb704816ee" testId="f9588afd-6fe7-8f3d-e924-6a0a0e764359" testName="ClickUp.Api.Client.Tests.ServiceTests.CommentServiceTests.DeleteCommentAsync_ApiConnectionThrowsException_PropagatesException" computerName="devbox" duration="00:00:00.0035789" startTime="2025-06-24T03:53:51.2452092+00:00" endTime="2025-06-24T03:53:51.2452093+00:00" testType="13cdc9d9-ddb5-4fa4-a97d-d965ccfc6d4b" outcome="Passed" testListId="8c84fa94-04c1-424b-9868-57a2d4851a1d" relativeResultsDirectory="662d6e34-9314-42ef-ae8d-b2eb704816ee" />
    <UnitTestResult executionId="5946b2ec-7164-4c88-8625-b441bbd5254d" testId="59e33a76-17f7-78d2-1a23-c14a0665f9ea" testName="ClickUp.Api.Client.Tests.ServiceTests.TaskChecklistsServiceTests.EditChecklistAsync_ApiConnectionThrowsTaskCanceledException_PropagatesException" computerName="devbox" duration="00:00:00.0031384" startTime="2025-06-24T03:53:51.1198837+00:00" endTime="2025-06-24T03:53:51.1198838+00:00" testType="13cdc9d9-ddb5-4fa4-a97d-d965ccfc6d4b" outcome="Passed" testListId="8c84fa94-04c1-424b-9868-57a2d4851a1d" relativeResultsDirectory="5946b2ec-7164-4c88-8625-b441bbd5254d" />
    <UnitTestResult executionId="b3309051-8ba0-4776-afbc-1357c3726c95" testId="70c8ace6-8f3b-34a2-110c-2a568e443797" testName="ClickUp.Api.Client.Tests.ServiceTests.ListsServiceTests.CreateListInFolderAsync_ApiConnectionThrowsTaskCanceledException_PropagatesException" computerName="devbox" duration="00:00:00.0018017" startTime="2025-06-24T03:53:52.2076908+00:00" endTime="2025-06-24T03:53:52.2076909+00:00" testType="13cdc9d9-ddb5-4fa4-a97d-d965ccfc6d4b" outcome="Passed" testListId="8c84fa94-04c1-424b-9868-57a2d4851a1d" relativeResultsDirectory="b3309051-8ba0-4776-afbc-1357c3726c95" />
    <UnitTestResult executionId="8c895bfc-373a-4fcd-907d-206729bd1282" testId="34f277fa-ec03-1aeb-6403-506e4d378aa6" testName="ClickUp.Api.Client.Tests.ServiceTests.AuthorizationServiceTests.GetAccessTokenAsync_ValidRequest_ReturnsTokenResponse" computerName="devbox" duration="00:00:00.0108173" startTime="2025-06-24T03:53:52.0831045+00:00" endTime="2025-06-24T03:53:52.0831045+00:00" testType="13cdc9d9-ddb5-4fa4-a97d-d965ccfc6d4b" outcome="Passed" testListId="8c84fa94-04c1-424b-9868-57a2d4851a1d" relativeResultsDirectory="8c895bfc-373a-4fcd-907d-206729bd1282" />
    <UnitTestResult executionId="a72325c9-fea5-41db-8720-b6717a665051" testId="590f9a1b-9780-f1dc-efea-f0675586c5c8" testName="ClickUp.Api.Client.Tests.ServiceTests.RolesServiceTests.GetCustomRolesAsync_DefaultIncludeMembers_ConstructsCorrectUrl" computerName="devbox" duration="00:00:00.0026636" startTime="2025-06-24T03:53:51.5013068+00:00" endTime="2025-06-24T03:53:51.5013069+00:00" testType="13cdc9d9-ddb5-4fa4-a97d-d965ccfc6d4b" outcome="Passed" testListId="8c84fa94-04c1-424b-9868-57a2d4851a1d" relativeResultsDirectory="a72325c9-fea5-41db-8720-b6717a665051" />
    <UnitTestResult executionId="b5627259-04bd-47e2-ba45-60488ea05b46" testId="fe82db39-aa79-3bc4-cad5-8a81cc6a37c5" testName="ClickUp.Api.Client.Tests.ServiceTests.ChatServiceTests.CreateReplyMessageAsync_NullResponse_ThrowsInvalidOperationException" computerName="devbox" duration="00:00:00.0020986" startTime="2025-06-24T03:53:52.3852648+00:00" endTime="2025-06-24T03:53:52.3852649+00:00" testType="13cdc9d9-ddb5-4fa4-a97d-d965ccfc6d4b" outcome="Passed" testListId="8c84fa94-04c1-424b-9868-57a2d4851a1d" relativeResultsDirectory="b5627259-04bd-47e2-ba45-60488ea05b46" />
    <UnitTestResult executionId="827e97b3-ca40-425f-b9b1-77962fab1a92" testId="90fee545-1ff9-6e18-2957-a831277bd463" testName="ClickUp.Api.Client.Tests.ServiceTests.TimeTrackingServiceTests.StartTimeEntryAsync_PassesCancellationTokenToApiConnection" computerName="devbox" duration="00:00:00.0051267" startTime="2025-06-24T03:53:51.4716923+00:00" endTime="2025-06-24T03:53:51.4716923+00:00" testType="13cdc9d9-ddb5-4fa4-a97d-d965ccfc6d4b" outcome="Passed" testListId="8c84fa94-04c1-424b-9868-57a2d4851a1d" relativeResultsDirectory="827e97b3-ca40-425f-b9b1-77962fab1a92" />
    <UnitTestResult executionId="36bdb54e-4c54-43f5-9472-effb9e1610cb" testId="ee299c0b-4367-2d6c-62ba-77e92b1ad5f3" testName="ClickUp.Api.Client.Tests.ServiceTests.MembersServiceTests.GetListMembersAsync_PassesCancellationTokenToApiConnection" computerName="devbox" duration="00:00:00.0042774" startTime="2025-06-24T03:53:51.2594215+00:00" endTime="2025-06-24T03:53:51.2594216+00:00" testType="13cdc9d9-ddb5-4fa4-a97d-d965ccfc6d4b" outcome="Passed" testListId="8c84fa94-04c1-424b-9868-57a2d4851a1d" relativeResultsDirectory="36bdb54e-4c54-43f5-9472-effb9e1610cb" />
    <UnitTestResult executionId="c759f9f8-6bba-4bc9-a298-48a93d3d707a" testId="f43d8311-52c5-88a5-eb88-eb05365dad8b" testName="ClickUp.Api.Client.Tests.ServiceTests.GuestsServiceTests.RemoveGuestFromListAsync_ApiError_ThrowsHttpRequestException" computerName="devbox" duration="00:00:00.0039828" startTime="2025-06-24T03:53:52.0055453+00:00" endTime="2025-06-24T03:53:52.0055454+00:00" testType="13cdc9d9-ddb5-4fa4-a97d-d965ccfc6d4b" outcome="Passed" testListId="8c84fa94-04c1-424b-9868-57a2d4851a1d" relativeResultsDirectory="c759f9f8-6bba-4bc9-a298-48a93d3d707a" />
    <UnitTestResult executionId="eed6179e-71f7-482c-8f73-1b5db6a69d86" testId="c0cfb625-561f-2355-e53a-38b139149b30" testName="ClickUp.Api.Client.Tests.ServiceTests.CustomFieldsServiceTests.SetCustomFieldValueAsync_ValidRequest_CallsPostAsyncWithCorrectUrlAndBody" computerName="devbox" duration="00:00:00.0042892" startTime="2025-06-24T03:53:51.9757348+00:00" endTime="2025-06-24T03:53:51.9757348+00:00" testType="13cdc9d9-ddb5-4fa4-a97d-d965ccfc6d4b" outcome="Passed" testListId="8c84fa94-04c1-424b-9868-57a2d4851a1d" relativeResultsDirectory="eed6179e-71f7-482c-8f73-1b5db6a69d86" />
    <UnitTestResult executionId="ba38dd10-236e-47c3-a60e-e146f43b4dc1" testId="871e8200-84d4-3c3f-f020-c721e2d74775" testName="ClickUp.Api.Client.Tests.ServiceTests.SpacesServiceTests.CreateSpaceAsync_ApiConnectionThrowsTaskCanceledException_PropagatesException" computerName="devbox" duration="00:00:00.0016079" startTime="2025-06-24T03:53:51.0773593+00:00" endTime="2025-06-24T03:53:51.0773594+00:00" testType="13cdc9d9-ddb5-4fa4-a97d-d965ccfc6d4b" outcome="Passed" testListId="8c84fa94-04c1-424b-9868-57a2d4851a1d" relativeResultsDirectory="ba38dd10-236e-47c3-a60e-e146f43b4dc1" />
    <UnitTestResult executionId="6ccfd7f4-7a2e-4618-89e8-f2471721f3b6" testId="d5a44384-7423-bfcb-cbff-38ad79aa2245" testName="ClickUp.Api.Client.Tests.ServiceTests.TagsServiceTests.CreateSpaceTagAsync_ApiConnectionThrowsTaskCanceledException_PropagatesException" computerName="devbox" duration="00:00:00.0036077" startTime="2025-06-24T03:53:51.5616314+00:00" endTime="2025-06-24T03:53:51.5616315+00:00" testType="13cdc9d9-ddb5-4fa4-a97d-d965ccfc6d4b" outcome="Passed" testListId="8c84fa94-04c1-424b-9868-57a2d4851a1d" relativeResultsDirectory="6ccfd7f4-7a2e-4618-89e8-f2471721f3b6" />
    <UnitTestResult executionId="957b2f55-67e0-4cf2-b462-985966f60024" testId="85698f3a-4e46-7ce5-ae3d-a0eb2be044a8" testName="ClickUp.Api.Client.Tests.ServiceTests.TimeTrackingServiceTests.CreateTimeEntryAsync_WithCustomTaskIdsAndTeamId_BuildsCorrectUrl" computerName="devbox" duration="00:00:00.0094848" startTime="2025-06-24T03:53:51.5213544+00:00" endTime="2025-06-24T03:53:51.5213545+00:00" testType="13cdc9d9-ddb5-4fa4-a97d-d965ccfc6d4b" outcome="Passed" testListId="8c84fa94-04c1-424b-9868-57a2d4851a1d" relativeResultsDirectory="957b2f55-67e0-4cf2-b462-985966f60024" />
    <UnitTestResult executionId="e8d9ff9f-ae6a-4812-b565-f0fa095ba0c5" testId="c76b7fd5-7ff2-176d-1cad-f31aaca9e9dd" testName="ClickUp.Api.Client.Tests.ServiceTests.TimeTrackingServiceTests.UpdateTimeEntryAsync_ValidRequest_ReturnsUpdatedTimeEntry" computerName="devbox" duration="00:00:00.0071103" startTime="2025-06-24T03:53:51.4121815+00:00" endTime="2025-06-24T03:53:51.4121816+00:00" testType="13cdc9d9-ddb5-4fa4-a97d-d965ccfc6d4b" outcome="Passed" testListId="8c84fa94-04c1-424b-9868-57a2d4851a1d" relativeResultsDirectory="e8d9ff9f-ae6a-4812-b565-f0fa095ba0c5" />
    <UnitTestResult executionId="48407294-dc11-40da-b511-d7d52b3c164a" testId="76271598-d406-2ed7-dae2-3fd4dd5c4009" testName="ClickUp.Api.Client.Tests.ServiceTests.ListsServiceTests.DeleteListAsync_ApiConnectionThrowsTaskCanceledException_PropagatesException" computerName="devbox" duration="00:00:00.0023693" startTime="2025-06-24T03:53:52.3089101+00:00" endTime="2025-06-24T03:53:52.3089102+00:00" testType="13cdc9d9-ddb5-4fa4-a97d-d965ccfc6d4b" outcome="Passed" testListId="8c84fa94-04c1-424b-9868-57a2d4851a1d" relativeResultsDirectory="48407294-dc11-40da-b511-d7d52b3c164a" />
    <UnitTestResult executionId="5be7f6b9-a1b3-481c-a2b0-239ebba61535" testId="4c9ecf77-59b5-b6a6-528c-23344d04e870" testName="ClickUp.Api.Client.Tests.ServiceTests.GuestsServiceTests.RemoveGuestFromTaskAsync_ApiError_ThrowsHttpRequestException" computerName="devbox" duration="00:00:00.0029467" startTime="2025-06-24T03:53:51.9442006+00:00" endTime="2025-06-24T03:53:51.9442007+00:00" testType="13cdc9d9-ddb5-4fa4-a97d-d965ccfc6d4b" outcome="Passed" testListId="8c84fa94-04c1-424b-9868-57a2d4851a1d" relativeResultsDirectory="5be7f6b9-a1b3-481c-a2b0-239ebba61535" />
    <UnitTestResult executionId="7aee9ac5-1dba-4125-91ad-de0a7fbf7621" testId="dab0bede-6d6a-1b77-7fda-80bd452978e9" testName="ClickUp.Api.Client.Tests.ServiceTests.TimeTrackingServiceTests.GetTimeEntriesAsyncEnumerableAsync_WithRequestParams_BuildsCorrectUrl" computerName="devbox" duration="00:00:00.0058347" startTime="2025-06-24T03:53:51.4887923+00:00" endTime="2025-06-24T03:53:51.4887924+00:00" testType="13cdc9d9-ddb5-4fa4-a97d-d965ccfc6d4b" outcome="Passed" testListId="8c84fa94-04c1-424b-9868-57a2d4851a1d" relativeResultsDirectory="7aee9ac5-1dba-4125-91ad-de0a7fbf7621" />
    <UnitTestResult executionId="40cbdd28-8fa2-454a-babb-be473cd54122" testId="0875c5b2-9eb4-a182-bf98-f890bebee5ef" testName="ClickUp.Api.Client.Tests.ServiceTests.TaskRelationshipsServiceTests.AddDependencyAsync_WithDependencyOf_CallsPostAsyncWithCorrectPayloadAndUrl" computerName="devbox" duration="00:00:00.0055651" startTime="2025-06-24T03:53:51.7949492+00:00" endTime="2025-06-24T03:53:51.7949493+00:00" testType="13cdc9d9-ddb5-4fa4-a97d-d965ccfc6d4b" outcome="Passed" testListId="8c84fa94-04c1-424b-9868-57a2d4851a1d" relativeResultsDirectory="40cbdd28-8fa2-454a-babb-be473cd54122" />
    <UnitTestResult executionId="88f7caa2-bcd4-4987-98cd-294ebc6e4db0" testId="2a20ee89-4328-4035-843a-0dab3c664c44" testName="ClickUp.Api.Client.Tests.ServiceTests.TagsServiceTests.EditSpaceTagAsync_PassesCancellationTokenToApiConnection" computerName="devbox" duration="00:00:00.0071540" startTime="2025-06-24T03:53:51.6972452+00:00" endTime="2025-06-24T03:53:51.6972453+00:00" testType="13cdc9d9-ddb5-4fa4-a97d-d965ccfc6d4b" outcome="Passed" testListId="8c84fa94-04c1-424b-9868-57a2d4851a1d" relativeResultsDirectory="88f7caa2-bcd4-4987-98cd-294ebc6e4db0" />
    <UnitTestResult executionId="0fccced0-b675-4faa-957f-f796842fcdc9" testId="f9054252-86a9-2376-abd0-e7fcbaa75a2b" testName="ClickUp.Api.Client.Tests.ServiceTests.SpacesServiceTests.CreateSpaceAsync_ValidRequest_ReturnsSpace" computerName="devbox" duration="00:00:00.0064366" startTime="2025-06-24T03:53:51.0783098+00:00" endTime="2025-06-24T03:53:51.0783099+00:00" testType="13cdc9d9-ddb5-4fa4-a97d-d965ccfc6d4b" outcome="Passed" testListId="8c84fa94-04c1-424b-9868-57a2d4851a1d" relativeResultsDirectory="0fccced0-b675-4faa-957f-f796842fcdc9" />
    <UnitTestResult executionId="e716e51d-19e7-46bf-a56d-e8c2a4141aca" testId="2d8ab494-87f3-3eb5-2d44-6b26816709fb" testName="ClickUp.Api.Client.Tests.ServiceTests.CommentServiceTests.GetTaskCommentsAsync_IAsyncEnumerable_ReturnsEmpty_WhenNoComments" computerName="devbox" duration="00:00:00.0039805" startTime="2025-06-24T03:53:51.3076183+00:00" endTime="2025-06-24T03:53:51.3076184+00:00" testType="13cdc9d9-ddb5-4fa4-a97d-d965ccfc6d4b" outcome="Passed" testListId="8c84fa94-04c1-424b-9868-57a2d4851a1d" relativeResultsDirectory="e716e51d-19e7-46bf-a56d-e8c2a4141aca" />
    <UnitTestResult executionId="5b0362e4-b2de-4ae3-97b0-be7ff25bd523" testId="b858c712-c485-b294-8c44-8fde7e544397" testName="ClickUp.Api.Client.Tests.ServiceTests.UserGroupServiceTests.GetUserGroupsAsync_WithGroupIds_BuildsCorrectUrl" computerName="devbox" duration="00:00:00.0032280" startTime="2025-06-24T03:53:51.5700843+00:00" endTime="2025-06-24T03:53:51.5700843+00:00" testType="13cdc9d9-ddb5-4fa4-a97d-d965ccfc6d4b" outcome="Passed" testListId="8c84fa94-04c1-424b-9868-57a2d4851a1d" relativeResultsDirectory="5b0362e4-b2de-4ae3-97b0-be7ff25bd523" />
    <UnitTestResult executionId="ab757ed2-42cf-4d6b-aa1a-5f0e2bde60ce" testId="b8d226bc-f3b7-412c-83c2-b72c9c49261b" testName="ClickUp.Api.Client.Tests.ServiceTests.WebhooksServiceTests.UpdateWebhookAsync_ApiConnectionThrowsHttpRequestException_PropagatesException" computerName="devbox" duration="00:00:00.0027047" startTime="2025-06-24T03:53:51.6855938+00:00" endTime="2025-06-24T03:53:51.6855939+00:00" testType="13cdc9d9-ddb5-4fa4-a97d-d965ccfc6d4b" outcome="Passed" testListId="8c84fa94-04c1-424b-9868-57a2d4851a1d" relativeResultsDirectory="ab757ed2-42cf-4d6b-aa1a-5f0e2bde60ce" />
    <UnitTestResult executionId="5134574e-f44e-4f17-8a4e-9d34dd197fa0" testId="355387e6-3446-3780-0dcb-9de2799ba29b" testName="ClickUp.Api.Client.Tests.ServiceTests.DocsServiceTests.GetPageAsync_NullResponse_ThrowsInvalidOperationException" computerName="devbox" duration="00:00:00.0015778" startTime="2025-06-24T03:53:51.4112651+00:00" endTime="2025-06-24T03:53:51.4112652+00:00" testType="13cdc9d9-ddb5-4fa4-a97d-d965ccfc6d4b" outcome="Passed" testListId="8c84fa94-04c1-424b-9868-57a2d4851a1d" relativeResultsDirectory="5134574e-f44e-4f17-8a4e-9d34dd197fa0" />
    <UnitTestResult executionId="0011e668-5116-451e-a99b-7eded13ac914" testId="12ab63cf-64fa-9d57-fbd4-b033250cc371" testName="ClickUp.Api.Client.Tests.Http.ApiConnectionTests.GetAsync_ThrowsClickUpApiException_WithMinimalJsonError" computerName="devbox" duration="00:00:00.0029200" startTime="2025-06-24T03:53:51.7368693+00:00" endTime="2025-06-24T03:53:51.7368694+00:00" testType="13cdc9d9-ddb5-4fa4-a97d-d965ccfc6d4b" outcome="Passed" testListId="8c84fa94-04c1-424b-9868-57a2d4851a1d" relativeResultsDirectory="0011e668-5116-451e-a99b-7eded13ac914" />
    <UnitTestResult executionId="7966e57f-efac-4866-900b-c6ad027263e0" testId="15b48231-b9af-4e3f-9b78-4f9754c6946b" testName="ClickUp.Api.Client.Tests.ServiceTests.TagsServiceTests.CreateSpaceTagAsync_ValidRequest_CallsPostAsync" computerName="devbox" duration="00:00:00.0072750" startTime="2025-06-24T03:53:51.5679181+00:00" endTime="2025-06-24T03:53:51.5679182+00:00" testType="13cdc9d9-ddb5-4fa4-a97d-d965ccfc6d4b" outcome="Passed" testListId="8c84fa94-04c1-424b-9868-57a2d4851a1d" relativeResultsDirectory="7966e57f-efac-4866-900b-c6ad027263e0" />
    <UnitTestResult executionId="86406e18-98fc-4363-810e-bf6ef62305f5" testId="2ffcb69d-9871-fc53-e266-88fcc7d40f11" testName="ClickUp.Api.Client.Tests.ServiceTests.FoldersServiceTests.DeleteFolderAsync_PassesCancellationTokenToApiConnection" computerName="devbox" duration="00:00:00.0036978" startTime="2025-06-24T03:53:51.1214598+00:00" endTime="2025-06-24T03:53:51.1214599+00:00" testType="13cdc9d9-ddb5-4fa4-a97d-d965ccfc6d4b" outcome="Passed" testListId="8c84fa94-04c1-424b-9868-57a2d4851a1d" relativeResultsDirectory="86406e18-98fc-4363-810e-bf6ef62305f5" />
    <UnitTestResult executionId="c07aa7e3-ad49-4cb2-84ce-04eaa341387b" testId="48c2b39b-d8a7-63f4-550c-ca6515b05f4e" testName="ClickUp.Api.Client.Tests.ServiceTests.GoalsServiceTests.DeleteKeyResultAsync_ApiConnectionThrowsTaskCanceledException_PropagatesException" computerName="devbox" duration="00:00:00.0025514" startTime="2025-06-24T03:53:51.9375991+00:00" endTime="2025-06-24T03:53:51.9375992+00:00" testType="13cdc9d9-ddb5-4fa4-a97d-d965ccfc6d4b" outcome="Passed" testListId="8c84fa94-04c1-424b-9868-57a2d4851a1d" relativeResultsDirectory="c07aa7e3-ad49-4cb2-84ce-04eaa341387b" />
    <UnitTestResult executionId="3e80f0ef-2490-4848-b8f7-a64d718c856f" testId="b1e407f0-46e9-9ef2-35be-94d64a804f0d" testName="ClickUp.Api.Client.Tests.ServiceTests.UsersServiceTests.GetUserFromWorkspaceAsync_ApiConnectionThrowsHttpRequestException_PropagatesException" computerName="devbox" duration="00:00:00.0047630" startTime="2025-06-24T03:53:52.1300668+00:00" endTime="2025-06-24T03:53:52.1300669+00:00" testType="13cdc9d9-ddb5-4fa4-a97d-d965ccfc6d4b" outcome="Passed" testListId="8c84fa94-04c1-424b-9868-57a2d4851a1d" relativeResultsDirectory="3e80f0ef-2490-4848-b8f7-a64d718c856f" />
    <UnitTestResult executionId="d8d4d680-5d01-430d-86ed-280a4b661c86" testId="ddb44325-0b2d-129d-e82f-9203a2572f55" testName="ClickUp.Api.Client.Tests.ServiceTests.DocsServiceTests.GetDocAsync_ApiConnectionThrowsTaskCanceledException_PropagatesException" computerName="devbox" duration="00:00:00.0031511" startTime="2025-06-24T03:53:51.1868160+00:00" endTime="2025-06-24T03:53:51.1868161+00:00" testType="13cdc9d9-ddb5-4fa4-a97d-d965ccfc6d4b" outcome="Passed" testListId="8c84fa94-04c1-424b-9868-57a2d4851a1d" relativeResultsDirectory="d8d4d680-5d01-430d-86ed-280a4b661c86" />
    <UnitTestResult executionId="07505167-3215-46c9-8dd9-06e0ca6d596b" testId="5232a3f8-13d9-37ff-c6b8-237dece3a250" testName="ClickUp.Api.Client.Tests.ServiceTests.TaskChecklistsServiceTests.EditChecklistItemAsync_ApiReturnsNullResponse_ThrowsInvalidOperationException" computerName="devbox" duration="00:00:00.0026351" startTime="2025-06-24T03:53:51.1226189+00:00" endTime="2025-06-24T03:53:51.1226189+00:00" testType="13cdc9d9-ddb5-4fa4-a97d-d965ccfc6d4b" outcome="Passed" testListId="8c84fa94-04c1-424b-9868-57a2d4851a1d" relativeResultsDirectory="07505167-3215-46c9-8dd9-06e0ca6d596b" />
    <UnitTestResult executionId="38f0921d-fb55-463f-9486-66a970275e0b" testId="a8c503d8-bf66-6c1b-861c-dc987f306f2c" testName="ClickUp.Api.Client.Tests.Http.AuthenticationDelegatingHandlerTests.SendAsync_ShouldCallInnerHandler" computerName="devbox" duration="00:00:00.0714940" startTime="2025-06-24T03:53:51.2235864+00:00" endTime="2025-06-24T03:53:51.2235864+00:00" testType="13cdc9d9-ddb5-4fa4-a97d-d965ccfc6d4b" outcome="Passed" testListId="8c84fa94-04c1-424b-9868-57a2d4851a1d" relativeResultsDirectory="38f0921d-fb55-463f-9486-66a970275e0b" />
    <UnitTestResult executionId="bef91c22-02e3-425e-a035-7e32382944f3" testId="d0177f6f-6a82-e8fa-e9cf-86d683d38968" testName="ClickUp.Api.Client.Tests.ServiceTests.CommentServiceTests.GetTaskCommentsAsync_IAsyncEnumerable_ReturnsAllComments_WhenMultiplePages" computerName="devbox" duration="00:00:00.0145626" startTime="2025-06-24T03:53:51.3803780+00:00" endTime="2025-06-24T03:53:51.3803781+00:00" testType="13cdc9d9-ddb5-4fa4-a97d-d965ccfc6d4b" outcome="Passed" testListId="8c84fa94-04c1-424b-9868-57a2d4851a1d" relativeResultsDirectory="bef91c22-02e3-425e-a035-7e32382944f3" />
    <UnitTestResult executionId="b6e8e564-f888-4d6e-b717-8def67fc1166" testId="26d4b4dc-4bfc-3c83-5743-0847b7876e96" testName="ClickUp.Api.Client.Tests.ServiceTests.TimeTrackingServiceTests.StartTimeEntryAsync_ApiReturnsNullResponse_ThrowsInvalidOperationException" computerName="devbox" duration="00:00:00.0030805" startTime="2025-06-24T03:53:51.4209455+00:00" endTime="2025-06-24T03:53:51.4209456+00:00" testType="13cdc9d9-ddb5-4fa4-a97d-d965ccfc6d4b" outcome="Passed" testListId="8c84fa94-04c1-424b-9868-57a2d4851a1d" relativeResultsDirectory="b6e8e564-f888-4d6e-b717-8def67fc1166" />
    <UnitTestResult executionId="c17a5f18-e6d2-4cfb-bff2-642844e4eabe" testId="7ca2baec-b800-c545-e218-0cb2bb88b41a" testName="ClickUp.Api.Client.Tests.ServiceTests.ListsServiceTests.GetFolderlessListsAsyncEnumerableAsync_ApiReturnsResponseWithNullLists_StopsIteration" computerName="devbox" duration="00:00:00.0055472" startTime="2025-06-24T03:53:52.3135288+00:00" endTime="2025-06-24T03:53:52.3135289+00:00" testType="13cdc9d9-ddb5-4fa4-a97d-d965ccfc6d4b" outcome="Passed" testListId="8c84fa94-04c1-424b-9868-57a2d4851a1d" relativeResultsDirectory="c17a5f18-e6d2-4cfb-bff2-642844e4eabe" />
    <UnitTestResult executionId="4702fff3-3ae1-4b0c-8491-8eee57c4d67b" testId="46b8a299-9fde-9539-71fe-3aef5b8601e2" testName="ClickUp.Api.Client.Tests.ServiceTests.GuestsServiceTests.RemoveGuestFromListAsync_ValidRequest_CallsDeleteAndReturnsGuest" computerName="devbox" duration="00:00:00.0044777" startTime="2025-06-24T03:53:51.9364044+00:00" endTime="2025-06-24T03:53:51.9364045+00:00" testType="13cdc9d9-ddb5-4fa4-a97d-d965ccfc6d4b" outcome="Passed" testListId="8c84fa94-04c1-424b-9868-57a2d4851a1d" relativeResultsDirectory="4702fff3-3ae1-4b0c-8491-8eee57c4d67b" />
    <UnitTestResult executionId="23a1597c-3593-4c5d-85dc-739475734725" testId="c40e86e2-e16f-4233-5fc4-00fc072bd6a2" testName="ClickUp.Api.Client.Tests.ServiceTests.ViewsServiceTests.GetSpaceViewsAsync_ValidSpaceId_ReturnsViews" computerName="devbox" duration="00:00:00.0100769" startTime="2025-06-24T03:53:51.1115404+00:00" endTime="2025-06-24T03:53:51.1115405+00:00" testType="13cdc9d9-ddb5-4fa4-a97d-d965ccfc6d4b" outcome="Passed" testListId="8c84fa94-04c1-424b-9868-57a2d4851a1d" relativeResultsDirectory="23a1597c-3593-4c5d-85dc-739475734725" />
    <UnitTestResult executionId="ca4a6c8e-4afb-4f2d-bd51-3619bcdf8562" testId="615ce329-23fb-0e86-56db-8ca3bfc504f4" testName="ClickUp.Api.Client.Tests.ServiceTests.GoalsServiceTests.CreateKeyResultAsync_ApiConnectionThrowsTaskCanceledException_PropagatesException" computerName="devbox" duration="00:00:00.0083058" startTime="2025-06-24T03:53:51.9285626+00:00" endTime="2025-06-24T03:53:51.9285627+00:00" testType="13cdc9d9-ddb5-4fa4-a97d-d965ccfc6d4b" outcome="Passed" testListId="8c84fa94-04c1-424b-9868-57a2d4851a1d" relativeResultsDirectory="ca4a6c8e-4afb-4f2d-bd51-3619bcdf8562" />
    <UnitTestResult executionId="1a599586-fc6d-400d-97f0-8fe0619a4b04" testId="1f98161b-00b2-ba0b-c4dd-2a3b9d61fecd" testName="ClickUp.Api.Client.Tests.ServiceTests.ChatServiceTests.GetChatChannelsAsync_ValidRequest_BuildsCorrectUrlAndReturnsResponse" computerName="devbox" duration="00:00:00.0093491" startTime="2025-06-24T03:53:52.0661779+00:00" endTime="2025-06-24T03:53:52.0661780+00:00" testType="13cdc9d9-ddb5-4fa4-a97d-d965ccfc6d4b" outcome="Passed" testListId="8c84fa94-04c1-424b-9868-57a2d4851a1d" relativeResultsDirectory="1a599586-fc6d-400d-97f0-8fe0619a4b04" />
    <UnitTestResult executionId="bfa0187d-8f5f-499c-b63b-bb37fd37bef1" testId="8d83ef78-349f-f2f7-954e-1ccfc00af170" testName="ClickUp.Api.Client.Tests.ServiceTests.TaskRelationshipsServiceTests.AddTaskLinkAsync_ApiConnectionThrowsHttpRequestException_PropagatesException" computerName="devbox" duration="00:00:00.0087974" startTime="2025-06-24T03:53:51.8306624+00:00" endTime="2025-06-24T03:53:51.8306624+00:00" testType="13cdc9d9-ddb5-4fa4-a97d-d965ccfc6d4b" outcome="Passed" testListId="8c84fa94-04c1-424b-9868-57a2d4851a1d" relativeResultsDirectory="bfa0187d-8f5f-499c-b63b-bb37fd37bef1" />
    <UnitTestResult executionId="4f96a3db-69fb-4fcd-93b8-bcf878e3a23f" testId="1c190a25-dea2-e5d6-075b-6246ded9bc7a" testName="ClickUp.Api.Client.Tests.ServiceTests.UsersServiceTests.EditUserOnWorkspaceAsync_ValidRequest_ReturnsUpdatedUser" computerName="devbox" duration="00:00:00.0055721" startTime="2025-06-24T03:53:52.1798792+00:00" endTime="2025-06-24T03:53:52.1798793+00:00" testType="13cdc9d9-ddb5-4fa4-a97d-d965ccfc6d4b" outcome="Passed" testListId="8c84fa94-04c1-424b-9868-57a2d4851a1d" relativeResultsDirectory="4f96a3db-69fb-4fcd-93b8-bcf878e3a23f" />
    <UnitTestResult executionId="63bd06fe-5039-494a-8cde-4959b2375bbc" testId="feb8a439-8d94-723d-b05b-e68b3f553aaa" testName="ClickUp.Api.Client.Tests.ServiceTests.CommentServiceTests.CreateListCommentAsync_ApiConnectionReturnsNull_ThrowsInvalidOperationException" computerName="devbox" duration="00:00:00.0040809" startTime="2025-06-24T03:53:51.4195915+00:00" endTime="2025-06-24T03:53:51.4195916+00:00" testType="13cdc9d9-ddb5-4fa4-a97d-d965ccfc6d4b" outcome="Passed" testListId="8c84fa94-04c1-424b-9868-57a2d4851a1d" relativeResultsDirectory="63bd06fe-5039-494a-8cde-4959b2375bbc" />
    <UnitTestResult executionId="a939084d-e420-4f4e-8f47-c8967ef4196b" testId="1db1cf1a-a89d-63bd-e1eb-b0afa09e2872" testName="ClickUp.Api.Client.Tests.Models.Common.MemberTests.Member_ShouldSerializeCorrectly_WhenOptionalPropertiesAreNull" computerName="devbox" duration="00:00:00.0004503" startTime="2025-06-24T03:53:51.4523371+00:00" endTime="2025-06-24T03:53:51.4523372+00:00" testType="13cdc9d9-ddb5-4fa4-a97d-d965ccfc6d4b" outcome="Passed" testListId="8c84fa94-04c1-424b-9868-57a2d4851a1d" relativeResultsDirectory="a939084d-e420-4f4e-8f47-c8967ef4196b" />
    <UnitTestResult executionId="7fd93f28-669d-4c05-8d51-dc639708480c" testId="a923348b-98da-86ae-cc3f-ba8c703bfc34" testName="ClickUp.Api.Client.Tests.ServiceTests.UserGroupServiceTests.CreateUserGroupAsync_ApiConnectionThrowsTaskCanceledException_PropagatesException" computerName="devbox" duration="00:00:00.0025510" startTime="2025-06-24T03:53:51.6518238+00:00" endTime="2025-06-24T03:53:51.6518238+00:00" testType="13cdc9d9-ddb5-4fa4-a97d-d965ccfc6d4b" outcome="Passed" testListId="8c84fa94-04c1-424b-9868-57a2d4851a1d" relativeResultsDirectory="7fd93f28-669d-4c05-8d51-dc639708480c" />
    <UnitTestResult executionId="34a9bae7-1679-4219-a0f8-66837fa2af44" testId="93860a70-03b6-6964-eca6-99f2a40f53bb" testName="ClickUp.Api.Client.Tests.ServiceTests.TimeTrackingServiceTests.DeleteTimeEntryAsync_PassesCancellationTokenToApiConnection" computerName="devbox" duration="00:00:00.0059262" startTime="2025-06-24T03:53:52.2714533+00:00" endTime="2025-06-24T03:53:52.2714534+00:00" testType="13cdc9d9-ddb5-4fa4-a97d-d965ccfc6d4b" outcome="Passed" testListId="8c84fa94-04c1-424b-9868-57a2d4851a1d" relativeResultsDirectory="34a9bae7-1679-4219-a0f8-66837fa2af44" />
    <UnitTestResult executionId="64c53634-12da-4ddd-9423-7afed6382cf9" testId="ca26ab62-0c75-5ed1-f634-c4b65f91d00f" testName="ClickUp.Api.Client.Tests.ServiceTests.TaskServiceTests.GetTaskAsync_ApiConnectionThrowsException_PropagatesException" computerName="devbox" duration="00:00:00.0018953" startTime="2025-06-24T03:53:52.1604841+00:00" endTime="2025-06-24T03:53:52.1604841+00:00" testType="13cdc9d9-ddb5-4fa4-a97d-d965ccfc6d4b" outcome="Passed" testListId="8c84fa94-04c1-424b-9868-57a2d4851a1d" relativeResultsDirectory="64c53634-12da-4ddd-9423-7afed6382cf9" />
    <UnitTestResult executionId="2ee2b204-5b28-4398-97ea-acfbc136442b" testId="f8636ac7-ebb5-6860-e56f-179c84b09f7e" testName="ClickUp.Api.Client.Tests.ServiceTests.CommentServiceTests.UpdateCommentAsync_ValidInput_CallsApiConnectionPutAsyncWithCorrectParameters" computerName="devbox" duration="00:00:00.0057206" startTime="2025-06-24T03:53:51.2771995+00:00" endTime="2025-06-24T03:53:51.2771996+00:00" testType="13cdc9d9-ddb5-4fa4-a97d-d965ccfc6d4b" outcome="Passed" testListId="8c84fa94-04c1-424b-9868-57a2d4851a1d" relativeResultsDirectory="2ee2b204-5b28-4398-97ea-acfbc136442b" />
    <UnitTestResult executionId="9e58ee2e-872c-481e-891b-3dc0f4247df1" testId="7f29cc1a-1df0-1450-afd8-be1cdd65c1c5" testName="ClickUp.Api.Client.Tests.ServiceTests.ChatServiceTests.CreateChatMessageAsync_ValidRequest_CallsPostAndReturnsMessage" computerName="devbox" duration="00:00:00.0128437" startTime="2025-06-24T03:53:51.9184986+00:00" endTime="2025-06-24T03:53:51.9184987+00:00" testType="13cdc9d9-ddb5-4fa4-a97d-d965ccfc6d4b" outcome="Passed" testListId="8c84fa94-04c1-424b-9868-57a2d4851a1d" relativeResultsDirectory="9e58ee2e-872c-481e-891b-3dc0f4247df1" />
    <UnitTestResult executionId="81945721-2f7b-410c-bcff-8282d926decd" testId="cbbfbcf5-4e99-ab8a-4aab-1b6e30b711ff" testName="ClickUp.Api.Client.Tests.ServiceTests.ChatServiceTests.CreateChatChannelAsync_ApiError_ThrowsHttpRequestException" computerName="devbox" duration="00:00:00.0049668" startTime="2025-06-24T03:53:52.0735106+00:00" endTime="2025-06-24T03:53:52.0735107+00:00" testType="13cdc9d9-ddb5-4fa4-a97d-d965ccfc6d4b" outcome="Passed" testListId="8c84fa94-04c1-424b-9868-57a2d4851a1d" relativeResultsDirectory="81945721-2f7b-410c-bcff-8282d926decd" />
    <UnitTestResult executionId="cc3de8df-8dbf-4593-aaff-fbd15334a553" testId="f642d3e9-eefa-9249-80a9-6b9eb517faf6" testName="ClickUp.Api.Client.Tests.ServiceTests.SpacesServiceTests.DeleteSpaceAsync_ApiConnectionThrowsHttpRequestException_PropagatesException" computerName="devbox" duration="00:00:00.0028229" startTime="2025-06-24T03:53:51.0761273+00:00" endTime="2025-06-24T03:53:51.0761273+00:00" testType="13cdc9d9-ddb5-4fa4-a97d-d965ccfc6d4b" outcome="Passed" testListId="8c84fa94-04c1-424b-9868-57a2d4851a1d" relativeResultsDirectory="cc3de8df-8dbf-4593-aaff-fbd15334a553" />
    <UnitTestResult executionId="49c0bc4e-66cd-4e91-a77e-72b078b1c686" testId="bf4bfb6f-14b9-988f-08de-3ea8deb5b1e2" testName="ClickUp.Api.Client.Tests.ServiceTests.TaskRelationshipsServiceTests.DeleteDependencyAsync_WithDependencyOf_CallsDeleteAsyncWithCorrectUrl" computerName="devbox" duration="00:00:00.0048516" startTime="2025-06-24T03:53:51.7531184+00:00" endTime="2025-06-24T03:53:51.7531185+00:00" testType="13cdc9d9-ddb5-4fa4-a97d-d965ccfc6d4b" outcome="Passed" testListId="8c84fa94-04c1-424b-9868-57a2d4851a1d" relativeResultsDirectory="49c0bc4e-66cd-4e91-a77e-72b078b1c686" />
    <UnitTestResult executionId="8569d79d-c774-478c-9cf4-be071c2ffcb6" testId="3cc41e1c-f137-34d9-9951-3176ae70469a" testName="ClickUp.Api.Client.Tests.ServiceTests.WebhooksServiceTests.CreateWebhookAsync_PassesCancellationTokenToApiConnection" computerName="devbox" duration="00:00:00.0071394" startTime="2025-06-24T03:53:51.6652038+00:00" endTime="2025-06-24T03:53:51.6652039+00:00" testType="13cdc9d9-ddb5-4fa4-a97d-d965ccfc6d4b" outcome="Passed" testListId="8c84fa94-04c1-424b-9868-57a2d4851a1d" relativeResultsDirectory="8569d79d-c774-478c-9cf4-be071c2ffcb6" />
    <UnitTestResult executionId="4821d692-0600-4584-b765-73e161e985d8" testId="4b91ee2a-0556-a45e-2120-00f52c47f460" testName="ClickUp.Api.Client.Tests.ServiceTests.RolesServiceTests.GetCustomRolesAsync_ApiConnectionThrowsHttpRequestException_PropagatesException" computerName="devbox" duration="00:00:00.0102190" startTime="2025-06-24T03:53:51.4620210+00:00" endTime="2025-06-24T03:53:51.4620211+00:00" testType="13cdc9d9-ddb5-4fa4-a97d-d965ccfc6d4b" outcome="Passed" testListId="8c84fa94-04c1-424b-9868-57a2d4851a1d" relativeResultsDirectory="4821d692-0600-4584-b765-73e161e985d8" />
    <UnitTestResult executionId="cf96651b-3567-4324-b5df-900f5109f335" testId="c4bb9c57-0c61-5955-6574-c3f05fe81266" testName="ClickUp.Api.Client.Tests.ServiceTests.TimeTrackingServiceTests.DeleteTimeEntryAsync_ApiConnectionThrowsHttpRequestException_PropagatesException" computerName="devbox" duration="00:00:00.0024318" startTime="2025-06-24T03:53:52.2389845+00:00" endTime="2025-06-24T03:53:52.2389845+00:00" testType="13cdc9d9-ddb5-4fa4-a97d-d965ccfc6d4b" outcome="Passed" testListId="8c84fa94-04c1-424b-9868-57a2d4851a1d" relativeResultsDirectory="cf96651b-3567-4324-b5df-900f5109f335" />
    <UnitTestResult executionId="36568e91-cb9a-427e-a277-e540b38c5a50" testId="8f286339-d7f1-b96a-ccab-ea46d42d5f35" testName="ClickUp.Api.Client.Tests.ServiceTests.TimeTrackingServiceTests.GetRunningTimeEntryAsync_ApiConnectionThrowsHttpRequestException_PropagatesException" computerName="devbox" duration="00:00:00.0021886" startTime="2025-06-24T03:53:51.5407828+00:00" endTime="2025-06-24T03:53:51.5407829+00:00" testType="13cdc9d9-ddb5-4fa4-a97d-d965ccfc6d4b" outcome="Passed" testListId="8c84fa94-04c1-424b-9868-57a2d4851a1d" relativeResultsDirectory="36568e91-cb9a-427e-a277-e540b38c5a50" />
    <UnitTestResult executionId="d034d769-cd4b-4fbe-8f71-f341c02c3a34" testId="c5fae893-eb66-6e9d-af0b-8952ca2daecc" testName="ClickUp.Api.Client.Tests.ServiceTests.ListsServiceTests.GetListAsync_ApiConnectionThrowsHttpRequestException_PropagatesException" computerName="devbox" duration="00:00:00.0161104" startTime="2025-06-24T03:53:52.0773458+00:00" endTime="2025-06-24T03:53:52.0773459+00:00" testType="13cdc9d9-ddb5-4fa4-a97d-d965ccfc6d4b" outcome="Passed" testListId="8c84fa94-04c1-424b-9868-57a2d4851a1d" relativeResultsDirectory="d034d769-cd4b-4fbe-8f71-f341c02c3a34" />
    <UnitTestResult executionId="2ef42b9a-8dd5-454a-aa25-2e88e9217ce2" testId="1f8ae3bb-5dfe-4695-affb-1e9555986740" testName="ClickUp.Api.Client.Tests.ServiceTests.GuestsServiceTests.GetGuestAsync_NullGuestInResponse_ThrowsInvalidOperationException" computerName="devbox" duration="00:00:00.0029541" startTime="2025-06-24T03:53:51.8775396+00:00" endTime="2025-06-24T03:53:51.8775396+00:00" testType="13cdc9d9-ddb5-4fa4-a97d-d965ccfc6d4b" outcome="Passed" testListId="8c84fa94-04c1-424b-9868-57a2d4851a1d" relativeResultsDirectory="2ef42b9a-8dd5-454a-aa25-2e88e9217ce2" />
    <UnitTestResult executionId="1e43bd38-b16a-477f-b7bc-0f6bc549ee66" testId="710920d1-d956-98bf-2e0c-65eba0b48c1a" testName="ClickUp.Api.Client.Tests.Models.Serialization.Converters.JsonStringOrNumberConverterTests.Read_WhenJsonIsEmptyString_ShouldReturnEmptyString" computerName="devbox" duration="00:00:00.0003707" startTime="2025-06-24T03:53:52.0597967+00:00" endTime="2025-06-24T03:53:52.0597968+00:00" testType="13cdc9d9-ddb5-4fa4-a97d-d965ccfc6d4b" outcome="Passed" testListId="8c84fa94-04c1-424b-9868-57a2d4851a1d" relativeResultsDirectory="1e43bd38-b16a-477f-b7bc-0f6bc549ee66" />
    <UnitTestResult executionId="4eaae6a8-e23a-41c0-a240-c296ab5d11c2" testId="93a946a5-103f-9951-c4fb-21add3658490" testName="ClickUp.Api.Client.Tests.ServiceTests.GoalsServiceTests.CreateGoalAsync_ApiError_ThrowsHttpRequestException" computerName="devbox" duration="00:00:00.0069623" startTime="2025-06-24T03:53:51.7674666+00:00" endTime="2025-06-24T03:53:51.7674667+00:00" testType="13cdc9d9-ddb5-4fa4-a97d-d965ccfc6d4b" outcome="Passed" testListId="8c84fa94-04c1-424b-9868-57a2d4851a1d" relativeResultsDirectory="4eaae6a8-e23a-41c0-a240-c296ab5d11c2" />
    <UnitTestResult executionId="6d07a6c6-d49f-43f7-9340-39278db69dd6" testId="d10058ba-da32-5d23-6f62-2ea85d9b8d92" testName="ClickUp.Api.Client.Tests.ServiceTests.SpacesServiceTests.GetSpaceAsync_ValidSpaceId_ReturnsSpace" computerName="devbox" duration="00:00:00.0059347" startTime="2025-06-24T03:53:51.0751482+00:00" endTime="2025-06-24T03:53:51.0751483+00:00" testType="13cdc9d9-ddb5-4fa4-a97d-d965ccfc6d4b" outcome="Passed" testListId="8c84fa94-04c1-424b-9868-57a2d4851a1d" relativeResultsDirectory="6d07a6c6-d49f-43f7-9340-39278db69dd6" />
    <UnitTestResult executionId="4f42dd3a-86f4-4e94-8d1e-cc7276d3c179" testId="c6cb1ae3-0175-ebe0-cbe2-c8cec6618f3a" testName="ClickUp.Api.Client.Tests.ServiceTests.ListsServiceTests.GetFolderlessListsAsyncEnumerableAsync_HandlesApiError" computerName="devbox" duration="00:00:00.0054405" startTime="2025-06-24T03:53:52.2128820+00:00" endTime="2025-06-24T03:53:52.2128821+00:00" testType="13cdc9d9-ddb5-4fa4-a97d-d965ccfc6d4b" outcome="Passed" testListId="8c84fa94-04c1-424b-9868-57a2d4851a1d" relativeResultsDirectory="4f42dd3a-86f4-4e94-8d1e-cc7276d3c179" />
    <UnitTestResult executionId="08a2d6d7-3d86-4cad-8acd-c87ef711a2ad" testId="c98cbe04-e496-ef3c-3fd0-70796bcf372d" testName="ClickUp.Api.Client.Tests.ServiceTests.ListsServiceTests.GetFolderlessListsAsyncEnumerableAsync_WithArchivedTrue_BuildsCorrectUrl" computerName="devbox" duration="00:00:00.0050251" startTime="2025-06-24T03:53:52.2768731+00:00" endTime="2025-06-24T03:53:52.2768731+00:00" testType="13cdc9d9-ddb5-4fa4-a97d-d965ccfc6d4b" outcome="Passed" testListId="8c84fa94-04c1-424b-9868-57a2d4851a1d" relativeResultsDirectory="08a2d6d7-3d86-4cad-8acd-c87ef711a2ad" />
    <UnitTestResult executionId="21de0641-9dd3-44a3-9d48-e9eb55defcf6" testId="bb11f76c-b72d-ed60-cb62-d44e29999fcc" testName="ClickUp.Api.Client.Tests.ServiceTests.WebhooksServiceTests.GetWebhooksAsync_ApiConnectionThrowsTaskCanceledException_PropagatesException" computerName="devbox" duration="00:00:00.0040246" startTime="2025-06-24T03:53:51.6826601+00:00" endTime="2025-06-24T03:53:51.6826602+00:00" testType="13cdc9d9-ddb5-4fa4-a97d-d965ccfc6d4b" outcome="Passed" testListId="8c84fa94-04c1-424b-9868-57a2d4851a1d" relativeResultsDirectory="21de0641-9dd3-44a3-9d48-e9eb55defcf6" />
    <UnitTestResult executionId="c1b5b164-6a34-4fb5-b698-4d94b8befd76" testId="e611bd83-a14a-7a54-e802-38193c5477db" testName="ClickUp.Api.Client.Tests.ServiceTests.FoldersServiceTests.CreateFolderAsync_ApiReturnsNull_ThrowsInvalidOperationException" computerName="devbox" duration="00:00:00.0046031" startTime="2025-06-24T03:53:51.0696297+00:00" endTime="2025-06-24T03:53:51.0696298+00:00" testType="13cdc9d9-ddb5-4fa4-a97d-d965ccfc6d4b" outcome="Passed" testListId="8c84fa94-04c1-424b-9868-57a2d4851a1d" relativeResultsDirectory="c1b5b164-6a34-4fb5-b698-4d94b8befd76" />
    <UnitTestResult executionId="8486a668-a58b-4a95-b994-8b292c8b6415" testId="9a41e783-e265-7ebc-850b-805b60274fbf" testName="ClickUp.Api.Client.Tests.ServiceTests.UserGroupServiceTests.DeleteUserGroupAsync_ApiConnectionThrowsHttpRequestException_PropagatesException" computerName="devbox" duration="00:00:00.0054630" startTime="2025-06-24T03:53:51.5662890+00:00" endTime="2025-06-24T03:53:51.5662891+00:00" testType="13cdc9d9-ddb5-4fa4-a97d-d965ccfc6d4b" outcome="Passed" testListId="8c84fa94-04c1-424b-9868-57a2d4851a1d" relativeResultsDirectory="8486a668-a58b-4a95-b994-8b292c8b6415" />
    <UnitTestResult executionId="0f555ee9-4950-4747-a2e2-756207b8d947" testId="9405568f-449c-1bbd-189d-d54eb7aa3ec8" testName="ClickUp.Api.Client.Tests.Http.ApiConnectionTests.GetAsync_ThrowsCorrectException_ForGeneralErrorStatusCodes(statusCode: NotFound, expectedExceptionType: typeof(ClickUp.Api.Client.Models.Exceptions.ClickUpApiNotFoundException), expectedMessageContent: &quot;Not Found&quot;)" computerName="devbox" duration="00:00:00.0006352" startTime="2025-06-24T03:53:51.7124925+00:00" endTime="2025-06-24T03:53:51.7124925+00:00" testType="13cdc9d9-ddb5-4fa4-a97d-d965ccfc6d4b" outcome="Passed" testListId="8c84fa94-04c1-424b-9868-57a2d4851a1d" relativeResultsDirectory="0f555ee9-4950-4747-a2e2-756207b8d947" />
    <UnitTestResult executionId="54a0b6c2-79d7-4b3a-a0bf-88348cfa2caa" testId="2e8375d0-534a-373a-a359-8388c50bf427" testName="ClickUp.Api.Client.Tests.ServiceTests.CustomFieldsServiceTests.GetWorkspaceCustomFieldsAsync_ApiConnectionThrowsTaskCanceledException_PropagatesException" computerName="devbox" duration="00:00:00.0014492" startTime="2025-06-24T03:53:51.9772590+00:00" endTime="2025-06-24T03:53:51.9772591+00:00" testType="13cdc9d9-ddb5-4fa4-a97d-d965ccfc6d4b" outcome="Passed" testListId="8c84fa94-04c1-424b-9868-57a2d4851a1d" relativeResultsDirectory="54a0b6c2-79d7-4b3a-a0bf-88348cfa2caa" />
    <UnitTestResult executionId="dc40f611-0cc2-4f65-a6c8-1be5d93fe9da" testId="2c6315b1-5c62-5afb-deb3-3d0ce2f1aa9c" testName="ClickUp.Api.Client.Tests.ServiceTests.TagsServiceTests.RemoveTagFromTaskAsync_ValidRequest_CallsDeleteAsyncWithCorrectUrl" computerName="devbox" duration="00:00:00.0060227" startTime="2025-06-24T03:53:51.5801502+00:00" endTime="2025-06-24T03:53:51.5801503+00:00" testType="13cdc9d9-ddb5-4fa4-a97d-d965ccfc6d4b" outcome="Passed" testListId="8c84fa94-04c1-424b-9868-57a2d4851a1d" relativeResultsDirectory="dc40f611-0cc2-4f65-a6c8-1be5d93fe9da" />
    <UnitTestResult executionId="6ee2b96f-be3a-4341-b633-c07c9ef642ba" testId="a07cc75f-2506-89c9-d3be-f2bb7173f859" testName="ClickUp.Api.Client.Tests.ServiceTests.ChatServiceTests.GetChatMessageReactionsAsync_MinimalRequest_BuildsUrlAndReturnsResponse" computerName="devbox" duration="00:00:00.0086478" startTime="2025-06-24T03:53:51.9509419+00:00" endTime="2025-06-24T03:53:51.9509419+00:00" testType="13cdc9d9-ddb5-4fa4-a97d-d965ccfc6d4b" outcome="Passed" testListId="8c84fa94-04c1-424b-9868-57a2d4851a1d" relativeResultsDirectory="6ee2b96f-be3a-4341-b633-c07c9ef642ba" />
    <UnitTestResult executionId="aeefe9d7-0b97-4f27-8fd5-db853ee7365c" testId="0a390555-c9c5-c6e7-4311-a72571d7438f" testName="ClickUp.Api.Client.Tests.ServiceTests.GuestsServiceTests.AddGuestToTaskAsync_PassesCancellationTokenToApiConnection" computerName="devbox" duration="00:00:00.0126377" startTime="2025-06-24T03:53:51.8446455+00:00" endTime="2025-06-24T03:53:51.8446455+00:00" testType="13cdc9d9-ddb5-4fa4-a97d-d965ccfc6d4b" outcome="Passed" testListId="8c84fa94-04c1-424b-9868-57a2d4851a1d" relativeResultsDirectory="aeefe9d7-0b97-4f27-8fd5-db853ee7365c" />
    <UnitTestResult executionId="5d3c2d38-ca60-4322-a7d0-431cddd86302" testId="8088e513-e412-9622-3f7a-f9562ac3bf34" testName="ClickUp.Api.Client.Tests.ServiceTests.TimeTrackingServiceTests.GetRunningTimeEntryAsync_ApiReturnsNullResponseObject_ReturnsNull" computerName="devbox" duration="00:00:00.0013614" startTime="2025-06-24T03:53:52.3826701+00:00" endTime="2025-06-24T03:53:52.3826702+00:00" testType="13cdc9d9-ddb5-4fa4-a97d-d965ccfc6d4b" outcome="Passed" testListId="8c84fa94-04c1-424b-9868-57a2d4851a1d" relativeResultsDirectory="5d3c2d38-ca60-4322-a7d0-431cddd86302" />
    <UnitTestResult executionId="1552da48-7b1d-4b74-b074-486222e1801f" testId="d3efdf8f-9f74-60d1-4d10-3906f1f4c2f3" testName="ClickUp.Api.Client.Tests.ServiceTests.CommentServiceTests.GetTaskCommentsAsync_IAsyncEnumerable_HandlesApiError" computerName="devbox" duration="00:00:00.0051366" startTime="2025-06-24T03:53:51.3656584+00:00" endTime="2025-06-24T03:53:51.3656585+00:00" testType="13cdc9d9-ddb5-4fa4-a97d-d965ccfc6d4b" outcome="Passed" testListId="8c84fa94-04c1-424b-9868-57a2d4851a1d" relativeResultsDirectory="1552da48-7b1d-4b74-b074-486222e1801f" />
    <UnitTestResult executionId="5cb7e95b-08d4-4967-a8a2-cec33a4ceead" testId="1cb730d0-bf20-050d-fad8-130d525b6950" testName="ClickUp.Api.Client.Tests.ServiceTests.DocsServiceTests.CreateDocAsync_ValidRequest_CallsPostAndReturnsDoc" computerName="devbox" duration="00:00:00.0067686" startTime="2025-06-24T03:53:51.2837773+00:00" endTime="2025-06-24T03:53:51.2837773+00:00" testType="13cdc9d9-ddb5-4fa4-a97d-d965ccfc6d4b" outcome="Passed" testListId="8c84fa94-04c1-424b-9868-57a2d4851a1d" relativeResultsDirectory="5cb7e95b-08d4-4967-a8a2-cec33a4ceead" />
    <UnitTestResult executionId="be6b4676-7575-4c60-8006-b189349a4dfc" testId="e0c10e64-da27-8957-c6de-5fbaaed554d3" testName="ClickUp.Api.Client.Tests.ServiceTests.SharedHierarchyServiceTests.GetSharedHierarchyAsync_PassesCancellationTokenToApiConnection" computerName="devbox" duration="00:00:00.0044648" startTime="2025-06-24T03:53:51.1384536+00:00" endTime="2025-06-24T03:53:51.1384537+00:00" testType="13cdc9d9-ddb5-4fa4-a97d-d965ccfc6d4b" outcome="Passed" testListId="8c84fa94-04c1-424b-9868-57a2d4851a1d" relativeResultsDirectory="be6b4676-7575-4c60-8006-b189349a4dfc" />
    <UnitTestResult executionId="f2ae3b7d-25e8-4dd9-9cc0-49e8e0a4ab0b" testId="512b6d5d-6ba4-7056-c5d5-21bae2877484" testName="ClickUp.Api.Client.Tests.ServiceTests.SpacesServiceTests.GetSpacesAsync_WithArchivedTrue_BuildsCorrectUrl" computerName="devbox" duration="00:00:00.0038176" startTime="2025-06-24T03:53:51.1401230+00:00" endTime="2025-06-24T03:53:51.1401231+00:00" testType="13cdc9d9-ddb5-4fa4-a97d-d965ccfc6d4b" outcome="Passed" testListId="8c84fa94-04c1-424b-9868-57a2d4851a1d" relativeResultsDirectory="f2ae3b7d-25e8-4dd9-9cc0-49e8e0a4ab0b" />
    <UnitTestResult executionId="3db647cc-6ed2-4bd4-b5a4-1b3cb88dca93" testId="381f377e-08c0-a262-2d01-bbb43b81a3fa" testName="ClickUp.Api.Client.Tests.ServiceTests.GuestsServiceTests.GetGuestAsync_PassesCancellationTokenToApiConnection" computerName="devbox" duration="00:00:00.0044538" startTime="2025-06-24T03:53:51.7755238+00:00" endTime="2025-06-24T03:53:51.7755239+00:00" testType="13cdc9d9-ddb5-4fa4-a97d-d965ccfc6d4b" outcome="Passed" testListId="8c84fa94-04c1-424b-9868-57a2d4851a1d" relativeResultsDirectory="3db647cc-6ed2-4bd4-b5a4-1b3cb88dca93" />
    <UnitTestResult executionId="c2b65b07-ed78-4826-92bf-0e54c0927b26" testId="ae16afd9-8b81-6199-6082-79ed796c40eb" testName="ClickUp.Api.Client.Tests.ServiceTests.FoldersServiceTests.UpdateFolderAsync_PassesCancellationTokenToApiConnection" computerName="devbox" duration="00:00:00.0048332" startTime="2025-06-24T03:53:51.0789010+00:00" endTime="2025-06-24T03:53:51.0789011+00:00" testType="13cdc9d9-ddb5-4fa4-a97d-d965ccfc6d4b" outcome="Passed" testListId="8c84fa94-04c1-424b-9868-57a2d4851a1d" relativeResultsDirectory="c2b65b07-ed78-4826-92bf-0e54c0927b26" />
    <UnitTestResult executionId="54b06aa0-e235-4412-836a-40220b6ff394" testId="8d6013d2-eac4-b2ad-1c02-2354fe342274" testName="ClickUp.Api.Client.Tests.ServiceTests.ChatServiceTests.CreateDirectMessageChatChannelAsync_NullDataInResponse_ThrowsInvalidOperationException" computerName="devbox" duration="00:00:00.0035197" startTime="2025-06-24T03:53:51.9440993+00:00" endTime="2025-06-24T03:53:51.9440994+00:00" testType="13cdc9d9-ddb5-4fa4-a97d-d965ccfc6d4b" outcome="Passed" testListId="8c84fa94-04c1-424b-9868-57a2d4851a1d" relativeResultsDirectory="54b06aa0-e235-4412-836a-40220b6ff394" />
    <UnitTestResult executionId="2dc0221d-8cd2-4e29-8d08-5ebfb532cc71" testId="d72fb435-8173-77af-f05a-89cd3c59e69b" testName="ClickUp.Api.Client.Tests.ServiceTests.ViewsServiceTests.CreateSpaceViewAsync_ApiReturnsNull_ThrowsInvalidOperationException" computerName="devbox" duration="00:00:00.0021494" startTime="2025-06-24T03:53:51.0823445+00:00" endTime="2025-06-24T03:53:51.0823445+00:00" testType="13cdc9d9-ddb5-4fa4-a97d-d965ccfc6d4b" outcome="Passed" testListId="8c84fa94-04c1-424b-9868-57a2d4851a1d" relativeResultsDirectory="2dc0221d-8cd2-4e29-8d08-5ebfb532cc71" />
    <UnitTestResult executionId="01c1e108-b5e3-4f4e-ad40-984da1b94cc8" testId="13a6d80e-fad7-d3cb-3b94-dc72adcac4c9" testName="ClickUp.Api.Client.Tests.ServiceTests.ChatServiceTests.GetChatChannelsAsync_NullResponse_ThrowsInvalidOperationException" computerName="devbox" duration="00:00:00.0026451" startTime="2025-06-24T03:53:52.2705979+00:00" endTime="2025-06-24T03:53:52.2705980+00:00" testType="13cdc9d9-ddb5-4fa4-a97d-d965ccfc6d4b" outcome="Passed" testListId="8c84fa94-04c1-424b-9868-57a2d4851a1d" relativeResultsDirectory="01c1e108-b5e3-4f4e-ad40-984da1b94cc8" />
    <UnitTestResult executionId="a7a0ee98-4c00-4714-a03b-1686080b32af" testId="1025c4f2-b409-f54a-628d-3ac9271a2402" testName="ClickUp.Api.Client.Tests.ServiceTests.GoalsServiceTests.CreateKeyResultAsync_PassesCancellationTokenToApiConnection" computerName="devbox" duration="00:00:00.0043359" startTime="2025-06-24T03:53:51.9770809+00:00" endTime="2025-06-24T03:53:51.9770810+00:00" testType="13cdc9d9-ddb5-4fa4-a97d-d965ccfc6d4b" outcome="Passed" testListId="8c84fa94-04c1-424b-9868-57a2d4851a1d" relativeResultsDirectory="a7a0ee98-4c00-4714-a03b-1686080b32af" />
    <UnitTestResult executionId="3d6854ea-9f49-4ad3-a340-f87219db83a6" testId="a8538cad-4863-b880-6785-1dd361e5281a" testName="ClickUp.Api.Client.Tests.Models.Serialization.Converters.JsonStringOrNumberConverterTests.Read_WhenJsonIsDecimal_ShouldReturnString" computerName="devbox" duration="00:00:00.0001890" startTime="2025-06-24T03:53:52.0597270+00:00" endTime="2025-06-24T03:53:52.0597271+00:00" testType="13cdc9d9-ddb5-4fa4-a97d-d965ccfc6d4b" outcome="Passed" testListId="8c84fa94-04c1-424b-9868-57a2d4851a1d" relativeResultsDirectory="3d6854ea-9f49-4ad3-a340-f87219db83a6" />
    <UnitTestResult executionId="bdefa252-cac3-463b-8ba4-17b0b7e30f8b" testId="c8aa7cd7-a7b3-c1a0-6c4b-23b85cbae4cf" testName="ClickUp.Api.Client.Tests.Models.Serialization.Converters.JsonStringOrNumberConverterTests.Read_WhenJsonIsNegativeNumber_ShouldReturnString" computerName="devbox" duration="00:00:00.0001665" startTime="2025-06-24T03:53:52.0596874+00:00" endTime="2025-06-24T03:53:52.0596874+00:00" testType="13cdc9d9-ddb5-4fa4-a97d-d965ccfc6d4b" outcome="Passed" testListId="8c84fa94-04c1-424b-9868-57a2d4851a1d" relativeResultsDirectory="bdefa252-cac3-463b-8ba4-17b0b7e30f8b" />
    <UnitTestResult executionId="d7b3df21-2595-4e9b-ae13-a4880fcc8990" testId="42cf65ee-3bf6-187f-b4bd-5ecca3afb806" testName="ClickUp.Api.Client.Tests.ServiceTests.CommentServiceTests.CreateThreadedCommentAsync_PassesCancellationTokenToApiConnection" computerName="devbox" duration="00:00:00.0076325" startTime="2025-06-24T03:53:51.2415612+00:00" endTime="2025-06-24T03:53:51.2415612+00:00" testType="13cdc9d9-ddb5-4fa4-a97d-d965ccfc6d4b" outcome="Passed" testListId="8c84fa94-04c1-424b-9868-57a2d4851a1d" relativeResultsDirectory="d7b3df21-2595-4e9b-ae13-a4880fcc8990" />
    <UnitTestResult executionId="b5232b7f-92df-4634-b538-f1e7607933d7" testId="f447d02b-c52c-cc92-7a2b-d7f4be1d6131" testName="ClickUp.Api.Client.Tests.ServiceTests.TaskServiceTests.GetFilteredTeamTasksAsync_NullWorkspaceId_ThrowsArgumentNullException" computerName="devbox" duration="00:00:00.0063483" startTime="2025-06-24T03:53:52.1413138+00:00" endTime="2025-06-24T03:53:52.1413139+00:00" testType="13cdc9d9-ddb5-4fa4-a97d-d965ccfc6d4b" outcome="Passed" testListId="8c84fa94-04c1-424b-9868-57a2d4851a1d" relativeResultsDirectory="b5232b7f-92df-4634-b538-f1e7607933d7" />
    <UnitTestResult executionId="653663f0-affa-4f2e-8da3-c5aae0e77b1e" testId="81e48595-a716-b444-f5fe-63d0bc5d0aa5" testName="ClickUp.Api.Client.Tests.ServiceTests.TimeTrackingServiceTests.GetTimeEntriesAsync_PassesCancellationTokenToApiConnection" computerName="devbox" duration="00:00:00.0048158" startTime="2025-06-24T03:53:51.3123814+00:00" endTime="2025-06-24T03:53:51.3123815+00:00" testType="13cdc9d9-ddb5-4fa4-a97d-d965ccfc6d4b" outcome="Passed" testListId="8c84fa94-04c1-424b-9868-57a2d4851a1d" relativeResultsDirectory="653663f0-affa-4f2e-8da3-c5aae0e77b1e" />
    <UnitTestResult executionId="c6acb1ee-55b5-47bd-8a59-15009ff623fd" testId="2be7544e-7b3b-7222-ed6c-048455d7cdad" testName="ClickUp.Api.Client.Tests.ServiceTests.ListsServiceTests.GetListAsync_ApiReturnsNullResponse_ThrowsInvalidOperationException" computerName="devbox" duration="00:00:00.0021189" startTime="2025-06-24T03:53:52.3264310+00:00" endTime="2025-06-24T03:53:52.3264311+00:00" testType="13cdc9d9-ddb5-4fa4-a97d-d965ccfc6d4b" outcome="Passed" testListId="8c84fa94-04c1-424b-9868-57a2d4851a1d" relativeResultsDirectory="c6acb1ee-55b5-47bd-8a59-15009ff623fd" />
    <UnitTestResult executionId="2bdea296-bc42-4a9e-a6ff-cc97dea9f10f" testId="4dc95a35-dbeb-1d83-363f-030e74e2f451" testName="ClickUp.Api.Client.Tests.ServiceTests.ChatServiceTests.CreateChatChannelAsync_PassesCancellationTokenToApiConnection" computerName="devbox" duration="00:00:00.0083731" startTime="2025-06-24T03:53:52.3293662+00:00" endTime="2025-06-24T03:53:52.3293662+00:00" testType="13cdc9d9-ddb5-4fa4-a97d-d965ccfc6d4b" outcome="Passed" testListId="8c84fa94-04c1-424b-9868-57a2d4851a1d" relativeResultsDirectory="2bdea296-bc42-4a9e-a6ff-cc97dea9f10f" />
    <UnitTestResult executionId="d6a36441-fd54-49b4-bb8b-b73eabdb7bbd" testId="2a2f5e84-7fcd-ca4a-26ba-94e01ddf99a0" testName="ClickUp.Api.Client.Tests.ServiceTests.ChatServiceTests.GetChatChannelAsync_NullResponseData_ThrowsInvalidOperationException" computerName="devbox" duration="00:00:00.0070493" startTime="2025-06-24T03:53:51.8195722+00:00" endTime="2025-06-24T03:53:51.8195723+00:00" testType="13cdc9d9-ddb5-4fa4-a97d-d965ccfc6d4b" outcome="Passed" testListId="8c84fa94-04c1-424b-9868-57a2d4851a1d" relativeResultsDirectory="d6a36441-fd54-49b4-bb8b-b73eabdb7bbd" />
    <UnitTestResult executionId="812ab21c-ee54-4013-bb38-83f9ccc50ccd" testId="ef605509-fe85-323e-6c45-2d4e617f4103" testName="ClickUp.Api.Client.Tests.ServiceTests.GuestsServiceTests.RemoveGuestFromFolderAsync_ApiError_ThrowsHttpRequestException" computerName="devbox" duration="00:00:00.0072740" startTime="2025-06-24T03:53:52.0324459+00:00" endTime="2025-06-24T03:53:52.0324459+00:00" testType="13cdc9d9-ddb5-4fa4-a97d-d965ccfc6d4b" outcome="Passed" testListId="8c84fa94-04c1-424b-9868-57a2d4851a1d" relativeResultsDirectory="812ab21c-ee54-4013-bb38-83f9ccc50ccd" />
    <UnitTestResult executionId="df518437-c82f-4541-841b-fd8409dba0a4" testId="ad4649d3-2edb-0827-e342-e3062ebfff80" testName="ClickUp.Api.Client.Tests.ServiceTests.ChatServiceTests.CreateChatReactionAsync_NullDataInResponse_ThrowsInvalidOperationException" computerName="devbox" duration="00:00:00.0064443" startTime="2025-06-24T03:53:52.1435297+00:00" endTime="2025-06-24T03:53:52.1435298+00:00" testType="13cdc9d9-ddb5-4fa4-a97d-d965ccfc6d4b" outcome="Passed" testListId="8c84fa94-04c1-424b-9868-57a2d4851a1d" relativeResultsDirectory="df518437-c82f-4541-841b-fd8409dba0a4" />
    <UnitTestResult executionId="97c0002a-73f5-4190-bedd-e1179f36a057" testId="68d897a4-6a85-c8f5-57c8-3625c4c02b5f" testName="ClickUp.Api.Client.Tests.ServiceTests.TaskChecklistsServiceTests.CreateChecklistItemAsync_PassesCancellationTokenToApiConnection" computerName="devbox" duration="00:00:00.0113405" startTime="2025-06-24T03:53:51.0914882+00:00" endTime="2025-06-24T03:53:51.0914883+00:00" testType="13cdc9d9-ddb5-4fa4-a97d-d965ccfc6d4b" outcome="Passed" testListId="8c84fa94-04c1-424b-9868-57a2d4851a1d" relativeResultsDirectory="97c0002a-73f5-4190-bedd-e1179f36a057" />
    <UnitTestResult executionId="2faf3b4f-4fae-4c70-805d-c742713c3c50" testId="be33725e-bc92-9417-a609-016459ee48cb" testName="ClickUp.Api.Client.Tests.ServiceTests.ChatServiceTests.CreateChatChannelAsync_ApiConnectionThrowsTaskCanceledException_PropagatesException" computerName="devbox" duration="00:00:00.0030657" startTime="2025-06-24T03:53:52.1180685+00:00" endTime="2025-06-24T03:53:52.1180686+00:00" testType="13cdc9d9-ddb5-4fa4-a97d-d965ccfc6d4b" outcome="Passed" testListId="8c84fa94-04c1-424b-9868-57a2d4851a1d" relativeResultsDirectory="2faf3b4f-4fae-4c70-805d-c742713c3c50" />
    <UnitTestResult executionId="481c039c-7524-4ab1-aa9f-285bddf3bda7" testId="b66a0705-5045-a9ff-6d1b-1ead82f483bf" testName="ClickUp.Api.Client.Tests.ServiceTests.ChatServiceTests.UpdateChatMessageAsync_NullDataInResponse_ThrowsInvalidOperationException" computerName="devbox" duration="00:00:00.0022128" startTime="2025-06-24T03:53:52.1093203+00:00" endTime="2025-06-24T03:53:52.1093204+00:00" testType="13cdc9d9-ddb5-4fa4-a97d-d965ccfc6d4b" outcome="Passed" testListId="8c84fa94-04c1-424b-9868-57a2d4851a1d" relativeResultsDirectory="481c039c-7524-4ab1-aa9f-285bddf3bda7" />
    <UnitTestResult executionId="7d392715-3477-4566-9989-10917da79502" testId="18908a83-d63a-c717-8a2e-5ac4d4dd7bc5" testName="ClickUp.Api.Client.Tests.ServiceTests.UserGroupServiceTests.GetUserGroupsAsync_ApiReturnsResponseWithNullGroups_ReturnsEmptyEnumerable" computerName="devbox" duration="00:00:00.0022089" startTime="2025-06-24T03:53:51.5776642+00:00" endTime="2025-06-24T03:53:51.5776642+00:00" testType="13cdc9d9-ddb5-4fa4-a97d-d965ccfc6d4b" outcome="Passed" testListId="8c84fa94-04c1-424b-9868-57a2d4851a1d" relativeResultsDirectory="7d392715-3477-4566-9989-10917da79502" />
    <UnitTestResult executionId="b009337d-7e9f-4e2c-a5ef-9dd5027321fa" testId="8328c1c6-9f57-2aa0-f832-969a9fa1cfee" testName="ClickUp.Api.Client.Tests.ServiceTests.DocsServiceTests.GetPageAsync_ApiConnectionThrowsTaskCanceledException_PropagatesException" computerName="devbox" duration="00:00:00.0016251" startTime="2025-06-24T03:53:51.4576472+00:00" endTime="2025-06-24T03:53:51.4576473+00:00" testType="13cdc9d9-ddb5-4fa4-a97d-d965ccfc6d4b" outcome="Passed" testListId="8c84fa94-04c1-424b-9868-57a2d4851a1d" relativeResultsDirectory="b009337d-7e9f-4e2c-a5ef-9dd5027321fa" />
    <UnitTestResult executionId="d0718a7c-7d7b-4c94-8162-f430bb7adef6" testId="675e2670-8de8-d481-d98d-0e72193293be" testName="ClickUp.Api.Client.Tests.ServiceTests.CustomFieldsServiceTests.SetCustomFieldValueAsync_ApiError_ThrowsHttpRequestException" computerName="devbox" duration="00:00:00.0044125" startTime="2025-06-24T03:53:51.9060632+00:00" endTime="2025-06-24T03:53:51.9060632+00:00" testType="13cdc9d9-ddb5-4fa4-a97d-d965ccfc6d4b" outcome="Passed" testListId="8c84fa94-04c1-424b-9868-57a2d4851a1d" relativeResultsDirectory="d0718a7c-7d7b-4c94-8162-f430bb7adef6" />
    <UnitTestResult executionId="e30968f5-6d0f-4a68-8a28-38a0a606ba80" testId="9970e260-92f2-5d02-5be5-4561fdf848fb" testName="ClickUp.Api.Client.Tests.ServiceTests.UserGroupServiceTests.DeleteUserGroupAsync_ApiConnectionThrowsTaskCanceledException_PropagatesException" computerName="devbox" duration="00:00:00.0030454" startTime="2025-06-24T03:53:51.5617158+00:00" endTime="2025-06-24T03:53:51.5617159+00:00" testType="13cdc9d9-ddb5-4fa4-a97d-d965ccfc6d4b" outcome="Passed" testListId="8c84fa94-04c1-424b-9868-57a2d4851a1d" relativeResultsDirectory="e30968f5-6d0f-4a68-8a28-38a0a606ba80" />
    <UnitTestResult executionId="b0f541cb-463f-4b8b-a3b5-b752300ae417" testId="eac1621c-c70f-03f6-5a70-66234bdd4b8b" testName="ClickUp.Api.Client.Tests.ServiceTests.TagsServiceTests.GetSpaceTagsAsync_PassesCancellationTokenToApiConnection" computerName="devbox" duration="00:00:00.0130571" startTime="2025-06-24T03:53:51.5125157+00:00" endTime="2025-06-24T03:53:51.5125158+00:00" testType="13cdc9d9-ddb5-4fa4-a97d-d965ccfc6d4b" outcome="Passed" testListId="8c84fa94-04c1-424b-9868-57a2d4851a1d" relativeResultsDirectory="b0f541cb-463f-4b8b-a3b5-b752300ae417" />
    <UnitTestResult executionId="ec2a0060-72de-447c-80e5-ada69b52d199" testId="4fdfaee4-1cf0-2001-bcdf-3109cca39e60" testName="ClickUp.Api.Client.Tests.ServiceTests.ChatServiceTests.CreateChatMessageAsync_NullResponse_ThrowsInvalidOperationException" computerName="devbox" duration="00:00:00.0023287" startTime="2025-06-24T03:53:51.9209715+00:00" endTime="2025-06-24T03:53:51.9209716+00:00" testType="13cdc9d9-ddb5-4fa4-a97d-d965ccfc6d4b" outcome="Passed" testListId="8c84fa94-04c1-424b-9868-57a2d4851a1d" relativeResultsDirectory="ec2a0060-72de-447c-80e5-ada69b52d199" />
    <UnitTestResult executionId="af388e11-a237-43d4-88ef-e247c7c9dc31" testId="7f402585-2713-267c-c0c6-1302cda9f995" testName="ClickUp.Api.Client.Tests.ServiceTests.ChatServiceTests.CreateChatMessageAsync_NullDataInResponse_ThrowsInvalidOperationException" computerName="devbox" duration="00:00:00.0027593" startTime="2025-06-24T03:53:52.3756655+00:00" endTime="2025-06-24T03:53:52.3756657+00:00" testType="13cdc9d9-ddb5-4fa4-a97d-d965ccfc6d4b" outcome="Passed" testListId="8c84fa94-04c1-424b-9868-57a2d4851a1d" relativeResultsDirectory="af388e11-a237-43d4-88ef-e247c7c9dc31" />
    <UnitTestResult executionId="e92bcef8-d262-457c-920a-a879af014b34" testId="c8f84837-475f-c268-9d80-b3447b9de129" testName="ClickUp.Api.Client.Tests.ServiceTests.DocsServiceTests.GetPageAsync_ApiError_ThrowsHttpRequestException" computerName="devbox" duration="00:00:00.0024905" startTime="2025-06-24T03:53:51.2360320+00:00" endTime="2025-06-24T03:53:51.2360320+00:00" testType="13cdc9d9-ddb5-4fa4-a97d-d965ccfc6d4b" outcome="Passed" testListId="8c84fa94-04c1-424b-9868-57a2d4851a1d" relativeResultsDirectory="e92bcef8-d262-457c-920a-a879af014b34" />
    <UnitTestResult executionId="62554fe8-a610-460f-98e7-7da217b49280" testId="89e8e2e1-f67c-2c9e-75cd-4f156d8c851c" testName="ClickUp.Api.Client.Tests.ServiceTests.GuestsServiceTests.GetGuestAsync_ApiConnectionThrowsTaskCanceledException_PropagatesException" computerName="devbox" duration="00:00:00.0016473" startTime="2025-06-24T03:53:51.9981722+00:00" endTime="2025-06-24T03:53:51.9981723+00:00" testType="13cdc9d9-ddb5-4fa4-a97d-d965ccfc6d4b" outcome="Passed" testListId="8c84fa94-04c1-424b-9868-57a2d4851a1d" relativeResultsDirectory="62554fe8-a610-460f-98e7-7da217b49280" />
    <UnitTestResult executionId="1af72a48-196f-4623-b7ab-4d722fc3f0af" testId="a9efc708-38a6-fcba-9a97-7f77a5ad553f" testName="ClickUp.Api.Client.Tests.ServiceTests.TaskChecklistsServiceTests.DeleteChecklistItemAsync_ApiConnectionThrowsHttpRequestException_PropagatesException" computerName="devbox" duration="00:00:00.0016041" startTime="2025-06-24T03:53:51.0751094+00:00" endTime="2025-06-24T03:53:51.0751094+00:00" testType="13cdc9d9-ddb5-4fa4-a97d-d965ccfc6d4b" outcome="Passed" testListId="8c84fa94-04c1-424b-9868-57a2d4851a1d" relativeResultsDirectory="1af72a48-196f-4623-b7ab-4d722fc3f0af" />
    <UnitTestResult executionId="d3f3822f-c832-4998-a0ab-74e122d95851" testId="7428b5be-e41e-3ae2-e6c3-7e5ae8113bcf" testName="ClickUp.Api.Client.Tests.Http.AuthenticationDelegatingHandlerTests.Constructor_WithValidApiKey_ShouldNotThrow" computerName="devbox" duration="00:00:00.0001227" startTime="2025-06-24T03:53:51.2323826+00:00" endTime="2025-06-24T03:53:51.2323827+00:00" testType="13cdc9d9-ddb5-4fa4-a97d-d965ccfc6d4b" outcome="Passed" testListId="8c84fa94-04c1-424b-9868-57a2d4851a1d" relativeResultsDirectory="d3f3822f-c832-4998-a0ab-74e122d95851" />
    <UnitTestResult executionId="b6eba8a0-3f4c-474a-9ef4-9e5207725ab1" testId="0ec4f347-68ff-9ec8-73d0-7812bda10241" testName="ClickUp.Api.Client.Tests.ServiceTests.ChatServiceTests.GetChatChannelFollowersAsync_ApiConnectionThrowsTaskCanceledException_PropagatesException" computerName="devbox" duration="00:00:00.0062458" startTime="2025-06-24T03:53:51.9059192+00:00" endTime="2025-06-24T03:53:51.9059193+00:00" testType="13cdc9d9-ddb5-4fa4-a97d-d965ccfc6d4b" outcome="Passed" testListId="8c84fa94-04c1-424b-9868-57a2d4851a1d" relativeResultsDirectory="b6eba8a0-3f4c-474a-9ef4-9e5207725ab1" />
    <UnitTestResult executionId="0cf62c28-2256-406f-9c02-d8c421c38c2c" testId="e1272f41-d93f-7653-ce37-72d07e88427c" testName="ClickUp.Api.Client.Tests.ServiceTests.CommentServiceTests.GetCommentAsync_ApiConnectionReturnsNull_ThrowsInvalidOperationException" computerName="devbox" duration="00:00:00.0012509" startTime="2025-06-24T03:53:51.4650314+00:00" endTime="2025-06-24T03:53:51.4650315+00:00" testType="13cdc9d9-ddb5-4fa4-a97d-d965ccfc6d4b" outcome="Passed" testListId="8c84fa94-04c1-424b-9868-57a2d4851a1d" relativeResultsDirectory="0cf62c28-2256-406f-9c02-d8c421c38c2c" />
    <UnitTestResult executionId="2f9f417f-763c-4aa5-bf5d-582701e9f81f" testId="34abb1af-94d9-b22a-918b-1feb9ac89d01" testName="ClickUp.Api.Client.Tests.ServiceTests.ChatServiceTests.CreateDirectMessageChatChannelAsync_ValidRequest_CallsPostAndReturnsChannel" computerName="devbox" duration="00:00:00.0059041" startTime="2025-06-24T03:53:52.1778552+00:00" endTime="2025-06-24T03:53:52.1778552+00:00" testType="13cdc9d9-ddb5-4fa4-a97d-d965ccfc6d4b" outcome="Passed" testListId="8c84fa94-04c1-424b-9868-57a2d4851a1d" relativeResultsDirectory="2f9f417f-763c-4aa5-bf5d-582701e9f81f" />
    <UnitTestResult executionId="0be19263-626d-42ae-95be-647278306628" testId="570d2e98-25b4-429b-1b58-b7f94d923fa0" testName="ClickUp.Api.Client.Tests.ServiceTests.WebhooksServiceTests.CreateWebhookAsync_ValidRequest_ReturnsWebhook" computerName="devbox" duration="00:00:00.0106205" startTime="2025-06-24T03:53:51.5366004+00:00" endTime="2025-06-24T03:53:51.5366004+00:00" testType="13cdc9d9-ddb5-4fa4-a97d-d965ccfc6d4b" outcome="Passed" testListId="8c84fa94-04c1-424b-9868-57a2d4851a1d" relativeResultsDirectory="0be19263-626d-42ae-95be-647278306628" />
    <UnitTestResult executionId="875fb3da-e89f-47c4-9be5-472911d071a7" testId="6bc956e3-e6c8-a454-313a-7c1524cb0c01" testName="ClickUp.Api.Client.Tests.ServiceTests.TaskChecklistsServiceTests.DeleteChecklistAsync_ApiConnectionThrowsTaskCanceledException_PropagatesException" computerName="devbox" duration="00:00:00.0030393" startTime="2025-06-24T03:53:51.0783977+00:00" endTime="2025-06-24T03:53:51.0783978+00:00" testType="13cdc9d9-ddb5-4fa4-a97d-d965ccfc6d4b" outcome="Passed" testListId="8c84fa94-04c1-424b-9868-57a2d4851a1d" relativeResultsDirectory="875fb3da-e89f-47c4-9be5-472911d071a7" />
    <UnitTestResult executionId="20ef9bf4-38b9-4f4d-bc5c-be4f00ecae1f" testId="e95468cf-0e28-32c4-2996-dea959a8d7d5" testName="ClickUp.Api.Client.Tests.ServiceTests.TaskRelationshipsServiceTests.DeleteTaskLinkAsync_PassesCancellationTokenToApiConnection" computerName="devbox" duration="00:00:00.0050957" startTime="2025-06-24T03:53:51.8363754+00:00" endTime="2025-06-24T03:53:51.8363754+00:00" testType="13cdc9d9-ddb5-4fa4-a97d-d965ccfc6d4b" outcome="Passed" testListId="8c84fa94-04c1-424b-9868-57a2d4851a1d" relativeResultsDirectory="20ef9bf4-38b9-4f4d-bc5c-be4f00ecae1f" />
    <UnitTestResult executionId="70791900-d14a-420a-8eca-9d5e90238b25" testId="4c39326c-e2d5-a8eb-9323-ce9f4058bba1" testName="ClickUp.Api.Client.Tests.ServiceTests.TagsServiceTests.EditSpaceTagAsync_ApiConnectionThrowsTaskCanceledException_PropagatesException" computerName="devbox" duration="00:00:00.0059716" startTime="2025-06-24T03:53:51.5268281+00:00" endTime="2025-06-24T03:53:51.5268282+00:00" testType="13cdc9d9-ddb5-4fa4-a97d-d965ccfc6d4b" outcome="Passed" testListId="8c84fa94-04c1-424b-9868-57a2d4851a1d" relativeResultsDirectory="70791900-d14a-420a-8eca-9d5e90238b25" />
    <UnitTestResult executionId="d6ec32d6-4e29-4479-8f8e-e00f05cd55f5" testId="833be0b6-b134-58cc-33d7-b86161f587e4" testName="ClickUp.Api.Client.Tests.ServiceTests.ListsServiceTests.GetListAsync_ApiConnectionThrowsTaskCanceledException_PropagatesException" computerName="devbox" duration="00:00:00.0074334" startTime="2025-06-24T03:53:52.0849047+00:00" endTime="2025-06-24T03:53:52.0849047+00:00" testType="13cdc9d9-ddb5-4fa4-a97d-d965ccfc6d4b" outcome="Passed" testListId="8c84fa94-04c1-424b-9868-57a2d4851a1d" relativeResultsDirectory="d6ec32d6-4e29-4479-8f8e-e00f05cd55f5" />
    <UnitTestResult executionId="6a19faf1-bac1-4683-8024-c20651552859" testId="c8c89718-5cad-690c-8dea-b9e5d88363b5" testName="ClickUp.Api.Client.Tests.ServiceTests.TimeTrackingServiceTests.AddTagsToTimeEntriesAsync_ApiConnectionThrowsHttpRequestException_PropagatesException" computerName="devbox" duration="00:00:00.0024684" startTime="2025-06-24T03:53:51.4249192+00:00" endTime="2025-06-24T03:53:51.4249193+00:00" testType="13cdc9d9-ddb5-4fa4-a97d-d965ccfc6d4b" outcome="Passed" testListId="8c84fa94-04c1-424b-9868-57a2d4851a1d" relativeResultsDirectory="6a19faf1-bac1-4683-8024-c20651552859" />
    <UnitTestResult executionId="2c7dc518-5732-4875-82c3-03b44c5ced8a" testId="fa2e88d1-6b70-064f-28da-ce56fe3bc31b" testName="ClickUp.Api.Client.Tests.ServiceTests.TimeTrackingServiceTests.GetRunningTimeEntryAsync_WhenNoTimerIsRunning_ReturnsNull" computerName="devbox" duration="00:00:00.0018578" startTime="2025-06-24T03:53:51.5225407+00:00" endTime="2025-06-24T03:53:51.5225408+00:00" testType="13cdc9d9-ddb5-4fa4-a97d-d965ccfc6d4b" outcome="Passed" testListId="8c84fa94-04c1-424b-9868-57a2d4851a1d" relativeResultsDirectory="2c7dc518-5732-4875-82c3-03b44c5ced8a" />
    <UnitTestResult executionId="0aa6845e-cb22-44b7-b984-168b2981daef" testId="d86ded55-5f4c-77c6-f606-ed4d9d7f15d2" testName="ClickUp.Api.Client.Tests.ServiceTests.RolesServiceTests.GetCustomRolesAsync_ApiReturnsResponseWithNullRolesList_ReturnsEmptyEnumerable" computerName="devbox" duration="00:00:00.0060521" startTime="2025-06-24T03:53:51.4969306+00:00" endTime="2025-06-24T03:53:51.4969307+00:00" testType="13cdc9d9-ddb5-4fa4-a97d-d965ccfc6d4b" outcome="Passed" testListId="8c84fa94-04c1-424b-9868-57a2d4851a1d" relativeResultsDirectory="0aa6845e-cb22-44b7-b984-168b2981daef" />
    <UnitTestResult executionId="3a250667-fb1b-454e-8462-d54a7f7691ff" testId="75dcbe08-27fa-c937-8190-beebb93cb48e" testName="ClickUp.Api.Client.Tests.ServiceTests.FoldersServiceTests.UpdateFolderAsync_ApiConnectionThrowsTaskCanceledException_PropagatesException" computerName="devbox" duration="00:00:00.0077310" startTime="2025-06-24T03:53:51.0837462+00:00" endTime="2025-06-24T03:53:51.0837463+00:00" testType="13cdc9d9-ddb5-4fa4-a97d-d965ccfc6d4b" outcome="Passed" testListId="8c84fa94-04c1-424b-9868-57a2d4851a1d" relativeResultsDirectory="3a250667-fb1b-454e-8462-d54a7f7691ff" />
    <UnitTestResult executionId="41fe8837-a135-471a-9b1b-81b2680089d2" testId="c53f3266-96ab-10cf-e5cd-8a310b3ac046" testName="ClickUp.Api.Client.Tests.ServiceTests.TaskServiceTests.GetFilteredTeamTasksAsync_WhitespaceWorkspaceId_ThrowsArgumentNullException" computerName="devbox" duration="00:00:00.0013838" startTime="2025-06-24T03:53:52.1757465+00:00" endTime="2025-06-24T03:53:52.1757466+00:00" testType="13cdc9d9-ddb5-4fa4-a97d-d965ccfc6d4b" outcome="Passed" testListId="8c84fa94-04c1-424b-9868-57a2d4851a1d" relativeResultsDirectory="41fe8837-a135-471a-9b1b-81b2680089d2" />
    <UnitTestResult executionId="02946c46-72fe-4835-a32a-f60178c1a932" testId="5029c3b5-d588-cd35-ac8d-8e98a6748ee3" testName="ClickUp.Api.Client.Tests.ServiceTests.UserGroupServiceTests.CreateUserGroupAsync_ValidRequest_ReturnsUserGroup" computerName="devbox" duration="00:00:00.0149819" startTime="2025-06-24T03:53:51.5238480+00:00" endTime="2025-06-24T03:53:51.5238481+00:00" testType="13cdc9d9-ddb5-4fa4-a97d-d965ccfc6d4b" outcome="Passed" testListId="8c84fa94-04c1-424b-9868-57a2d4851a1d" relativeResultsDirectory="02946c46-72fe-4835-a32a-f60178c1a932" />
    <UnitTestResult executionId="92cb54a6-2235-44c2-af35-fea8fe52f2f9" testId="8c3af055-720f-3152-0354-855afd66a7ec" testName="ClickUp.Api.Client.Tests.ServiceTests.GuestsServiceTests.RemoveGuestFromWorkspaceAsync_ValidIds_CallsDelete" computerName="devbox" duration="00:00:00.0057101" startTime="2025-06-24T03:53:51.8275422+00:00" endTime="2025-06-24T03:53:51.8275422+00:00" testType="13cdc9d9-ddb5-4fa4-a97d-d965ccfc6d4b" outcome="Passed" testListId="8c84fa94-04c1-424b-9868-57a2d4851a1d" relativeResultsDirectory="92cb54a6-2235-44c2-af35-fea8fe52f2f9" />
    <UnitTestResult executionId="dfc8806c-7702-4f04-858e-9d2d6a0434e5" testId="f4996435-af05-7f68-a1f7-cd772da197a8" testName="ClickUp.Api.Client.Tests.ServiceTests.ListsServiceTests.AddTaskToListAsync_ValidIds_CallsPostAsync" computerName="devbox" duration="00:00:00.0062002" startTime="2025-06-24T03:53:52.1491539+00:00" endTime="2025-06-24T03:53:52.1491540+00:00" testType="13cdc9d9-ddb5-4fa4-a97d-d965ccfc6d4b" outcome="Passed" testListId="8c84fa94-04c1-424b-9868-57a2d4851a1d" relativeResultsDirectory="dfc8806c-7702-4f04-858e-9d2d6a0434e5" />
    <UnitTestResult executionId="a71ad384-1e49-4a18-bf9f-38a3046c23fc" testId="06571b54-322a-973e-41eb-4f39ab7afeba" testName="ClickUp.Api.Client.Tests.ServiceTests.ChatServiceTests.GetChatChannelMembersAsync_ApiConnectionThrowsTaskCanceledException_PropagatesException" computerName="devbox" duration="00:00:00.0017068" startTime="2025-06-24T03:53:52.0420960+00:00" endTime="2025-06-24T03:53:52.0420960+00:00" testType="13cdc9d9-ddb5-4fa4-a97d-d965ccfc6d4b" outcome="Passed" testListId="8c84fa94-04c1-424b-9868-57a2d4851a1d" relativeResultsDirectory="a71ad384-1e49-4a18-bf9f-38a3046c23fc" />
    <UnitTestResult executionId="655b6a76-d8ec-4bd6-9444-b1622088d455" testId="fa1d252f-4ee5-fcd1-b822-82dea7f3bf68" testName="ClickUp.Api.Client.Tests.ServiceTests.ViewsServiceTests.GetViewAsync_ApiReturnsNull_ThrowsInvalidOperationException" computerName="devbox" duration="00:00:00.0017922" startTime="2025-06-24T03:53:51.0933602+00:00" endTime="2025-06-24T03:53:51.0933603+00:00" testType="13cdc9d9-ddb5-4fa4-a97d-d965ccfc6d4b" outcome="Passed" testListId="8c84fa94-04c1-424b-9868-57a2d4851a1d" relativeResultsDirectory="655b6a76-d8ec-4bd6-9444-b1622088d455" />
    <UnitTestResult executionId="0f854ec7-3253-4b21-9917-16f614814fe4" testId="a8acab2a-2caa-508e-14f3-97b846e4b249" testName="ClickUp.Api.Client.Tests.ServiceTests.TimeTrackingServiceTests.CreateTimeEntryAsync_ApiConnectionThrowsTaskCanceledException_PropagatesException" computerName="devbox" duration="00:00:00.0049332" startTime="2025-06-24T03:53:51.5311337+00:00" endTime="2025-06-24T03:53:51.5311338+00:00" testType="13cdc9d9-ddb5-4fa4-a97d-d965ccfc6d4b" outcome="Passed" testListId="8c84fa94-04c1-424b-9868-57a2d4851a1d" relativeResultsDirectory="0f854ec7-3253-4b21-9917-16f614814fe4" />
    <UnitTestResult executionId="b783a9e1-0627-4d47-9234-6a5f5620648c" testId="1887bee4-57a3-1c27-d962-9d4f275018ab" testName="ClickUp.Api.Client.Tests.ServiceTests.DocsServiceTests.CreatePageAsync_ApiConnectionThrowsTaskCanceledException_PropagatesException" computerName="devbox" duration="00:00:00.0042447" startTime="2025-06-24T03:53:51.2469900+00:00" endTime="2025-06-24T03:53:51.2469901+00:00" testType="13cdc9d9-ddb5-4fa4-a97d-d965ccfc6d4b" outcome="Passed" testListId="8c84fa94-04c1-424b-9868-57a2d4851a1d" relativeResultsDirectory="b783a9e1-0627-4d47-9234-6a5f5620648c" />
    <UnitTestResult executionId="a4c08389-12aa-4093-b260-62ab78dbd393" testId="4fc9e7a2-a6f1-e4c6-c186-da830a0b57c2" testName="ClickUp.Api.Client.Tests.ServiceTests.RolesServiceTests.GetCustomRolesAsync_WithIncludeMembers_ConstructsCorrectUrl(includeMembers: True, expectedUrl: &quot;team/ws_params/customroles?include_members=true&quot;)" computerName="devbox" duration="00:00:00.0020079" startTime="2025-06-24T03:53:51.4800537+00:00" endTime="2025-06-24T03:53:51.4800538+00:00" testType="13cdc9d9-ddb5-4fa4-a97d-d965ccfc6d4b" outcome="Passed" testListId="8c84fa94-04c1-424b-9868-57a2d4851a1d" relativeResultsDirectory="a4c08389-12aa-4093-b260-62ab78dbd393" />
    <UnitTestResult executionId="46ff8036-0f2c-426b-b70b-ae97f570dc9f" testId="a8345ecf-deb0-fe09-c1e4-e6f7f6482ec8" testName="ClickUp.Api.Client.Tests.ServiceTests.DocsServiceTests.SearchAllDocsAsync_ApiConnectionThrowsException_PropagatesException" computerName="devbox" duration="00:00:00.0038974" startTime="2025-06-24T03:53:51.4169324+00:00" endTime="2025-06-24T03:53:51.4169325+00:00" testType="13cdc9d9-ddb5-4fa4-a97d-d965ccfc6d4b" outcome="Passed" testListId="8c84fa94-04c1-424b-9868-57a2d4851a1d" relativeResultsDirectory="46ff8036-0f2c-426b-b70b-ae97f570dc9f" />
    <UnitTestResult executionId="966d90b5-e8c7-47ae-8cb5-66d55405a67c" testId="cab1a997-800d-2c3b-4c26-6695fd51d4d2" testName="ClickUp.Api.Client.Tests.ServiceTests.AuthorizationServiceTests.GetAuthorizedWorkspacesAsync_ApiConnectionThrowsException_PropagatesException" computerName="devbox" duration="00:00:00.0064231" startTime="2025-06-24T03:53:52.0707188+00:00" endTime="2025-06-24T03:53:52.0707188+00:00" testType="13cdc9d9-ddb5-4fa4-a97d-d965ccfc6d4b" outcome="Passed" testListId="8c84fa94-04c1-424b-9868-57a2d4851a1d" relativeResultsDirectory="966d90b5-e8c7-47ae-8cb5-66d55405a67c" />
    <UnitTestResult executionId="998cedd0-5421-4119-8986-2b5ca2d0454b" testId="f1b6bce5-130d-1faa-5068-6575d8c7b6c8" testName="ClickUp.Api.Client.Tests.ServiceTests.GoalsServiceTests.DeleteKeyResultAsync_ValidId_CallsDelete" computerName="devbox" duration="00:00:00.0026983" startTime="2025-06-24T03:53:51.9466396+00:00" endTime="2025-06-24T03:53:51.9466397+00:00" testType="13cdc9d9-ddb5-4fa4-a97d-d965ccfc6d4b" outcome="Passed" testListId="8c84fa94-04c1-424b-9868-57a2d4851a1d" relativeResultsDirectory="998cedd0-5421-4119-8986-2b5ca2d0454b" />
    <UnitTestResult executionId="69e58422-d3db-4c19-9b9d-7df292be280d" testId="029d77fc-29f0-2f6b-5b61-e801f211e1a6" testName="ClickUp.Api.Client.Tests.ServiceTests.TagsServiceTests.GetSpaceTagsAsync_ApiReturnsResponseWithNullTags_ReturnsEmptyEnumerable" computerName="devbox" duration="00:00:00.0020878" startTime="2025-06-24T03:53:51.6651391+00:00" endTime="2025-06-24T03:53:51.6651393+00:00" testType="13cdc9d9-ddb5-4fa4-a97d-d965ccfc6d4b" outcome="Passed" testListId="8c84fa94-04c1-424b-9868-57a2d4851a1d" relativeResultsDirectory="69e58422-d3db-4c19-9b9d-7df292be280d" />
    <UnitTestResult executionId="fe9381a8-1e9a-4d49-bb91-b6b135426aee" testId="95228d50-b047-35cb-0adc-aa268423bfc6" testName="ClickUp.Api.Client.Tests.ServiceTests.TaskChecklistsServiceTests.CreateChecklistAsync_ValidRequest_ReturnsChecklistResponse" computerName="devbox" duration="00:00:00.0108267" startTime="2025-06-24T03:53:51.1374731+00:00" endTime="2025-06-24T03:53:51.1374732+00:00" testType="13cdc9d9-ddb5-4fa4-a97d-d965ccfc6d4b" outcome="Passed" testListId="8c84fa94-04c1-424b-9868-57a2d4851a1d" relativeResultsDirectory="fe9381a8-1e9a-4d49-bb91-b6b135426aee" />
    <UnitTestResult executionId="7804a3d7-600f-4fd2-9db3-7044f8b1e0fd" testId="b2b1ba78-012d-1497-f263-b8a991c11e87" testName="ClickUp.Api.Client.Tests.ServiceTests.AuthorizationServiceTests.GetAuthorizedUserAsync_PassesCancellationTokenToApiConnection" computerName="devbox" duration="00:00:00.0035243" startTime="2025-06-24T03:53:52.0529950+00:00" endTime="2025-06-24T03:53:52.0529950+00:00" testType="13cdc9d9-ddb5-4fa4-a97d-d965ccfc6d4b" outcome="Passed" testListId="8c84fa94-04c1-424b-9868-57a2d4851a1d" relativeResultsDirectory="7804a3d7-600f-4fd2-9db3-7044f8b1e0fd" />
    <UnitTestResult executionId="517fd120-4b55-4191-9cf8-92a0aec8054c" testId="b490ce64-b61a-562f-990e-1dd9b5014121" testName="ClickUp.Api.Client.Tests.ServiceTests.SpacesServiceTests.CreateSpaceAsync_ApiConnectionThrowsHttpRequestException_PropagatesException" computerName="devbox" duration="00:00:00.0041174" startTime="2025-06-24T03:53:51.1328781+00:00" endTime="2025-06-24T03:53:51.1328782+00:00" testType="13cdc9d9-ddb5-4fa4-a97d-d965ccfc6d4b" outcome="Passed" testListId="8c84fa94-04c1-424b-9868-57a2d4851a1d" relativeResultsDirectory="517fd120-4b55-4191-9cf8-92a0aec8054c" />
    <UnitTestResult executionId="b19ad644-2b16-431e-a978-f1de5ec1d36f" testId="9a676e03-e012-f8a9-7b8b-ab620799d1bd" testName="ClickUp.Api.Client.Tests.ServiceTests.ChatServiceTests.GetChatChannelMembersAsync_NullResponse_ThrowsInvalidOperationException" computerName="devbox" duration="00:00:00.0019727" startTime="2025-06-24T03:53:51.8970861+00:00" endTime="2025-06-24T03:53:51.8970862+00:00" testType="13cdc9d9-ddb5-4fa4-a97d-d965ccfc6d4b" outcome="Passed" testListId="8c84fa94-04c1-424b-9868-57a2d4851a1d" relativeResultsDirectory="b19ad644-2b16-431e-a978-f1de5ec1d36f" />
    <UnitTestResult executionId="1af9d72d-7d4f-408e-9d37-56151efde706" testId="4f9dd123-3126-b5f7-50ee-f21b0750d557" testName="ClickUp.Api.Client.Tests.ServiceTests.UsersServiceTests.GetUserFromWorkspaceAsync_ValidRequest_ReturnsUser" computerName="devbox" duration="00:00:00.0108790" startTime="2025-06-24T03:53:52.1181238+00:00" endTime="2025-06-24T03:53:52.1181239+00:00" testType="13cdc9d9-ddb5-4fa4-a97d-d965ccfc6d4b" outcome="Passed" testListId="8c84fa94-04c1-424b-9868-57a2d4851a1d" relativeResultsDirectory="1af9d72d-7d4f-408e-9d37-56151efde706" />
    <UnitTestResult executionId="f2d020c4-c1f7-47f0-9867-26a770d6849c" testId="66c117ae-675d-18a0-d705-b89499349f67" testName="ClickUp.Api.Client.Tests.ServiceTests.ListsServiceTests.UpdateListAsync_PassesCancellationTokenToApiConnection" computerName="devbox" duration="00:00:00.0055954" startTime="2025-06-24T03:53:52.3343478+00:00" endTime="2025-06-24T03:53:52.3343479+00:00" testType="13cdc9d9-ddb5-4fa4-a97d-d965ccfc6d4b" outcome="Passed" testListId="8c84fa94-04c1-424b-9868-57a2d4851a1d" relativeResultsDirectory="f2d020c4-c1f7-47f0-9867-26a770d6849c" />
    <UnitTestResult executionId="4ad31765-776b-4c25-b83e-c47442929593" testId="0c44ebb7-c083-dc33-00c9-98ffd670e1c5" testName="ClickUp.Api.Client.Tests.ServiceTests.ListsServiceTests.GetListsInFolderAsync_ApiConnectionThrowsTaskCanceledException_PropagatesException" computerName="devbox" duration="00:00:00.0029266" startTime="2025-06-24T03:53:52.2495762+00:00" endTime="2025-06-24T03:53:52.2495763+00:00" testType="13cdc9d9-ddb5-4fa4-a97d-d965ccfc6d4b" outcome="Passed" testListId="8c84fa94-04c1-424b-9868-57a2d4851a1d" relativeResultsDirectory="4ad31765-776b-4c25-b83e-c47442929593" />
    <UnitTestResult executionId="27009db1-c607-4dbf-949f-5fe880c90e68" testId="37aeb74d-1afe-d731-1e29-c7cb0e4a1451" testName="ClickUp.Api.Client.Tests.ServiceTests.UserGroupServiceTests.GetUserGroupsAsync_ValidWorkspaceId_ReturnsUserGroups" computerName="devbox" duration="00:00:00.0106706" startTime="2025-06-24T03:53:51.5551431+00:00" endTime="2025-06-24T03:53:51.5551432+00:00" testType="13cdc9d9-ddb5-4fa4-a97d-d965ccfc6d4b" outcome="Passed" testListId="8c84fa94-04c1-424b-9868-57a2d4851a1d" relativeResultsDirectory="27009db1-c607-4dbf-949f-5fe880c90e68" />
    <UnitTestResult executionId="87ac621d-a17c-4250-8aec-d793f46cb859" testId="581e1f6d-e187-c463-c2d9-8bb80abfd2d1" testName="ClickUp.Api.Client.Tests.ServiceTests.UserGroupServiceTests.UpdateUserGroupAsync_ApiConnectionThrowsHttpRequestException_PropagatesException" computerName="devbox" duration="00:00:00.0026158" startTime="2025-06-24T03:53:51.6713502+00:00" endTime="2025-06-24T03:53:51.6713502+00:00" testType="13cdc9d9-ddb5-4fa4-a97d-d965ccfc6d4b" outcome="Passed" testListId="8c84fa94-04c1-424b-9868-57a2d4851a1d" relativeResultsDirectory="87ac621d-a17c-4250-8aec-d793f46cb859" />
    <UnitTestResult executionId="6eb234f0-e819-4f25-a79e-57cfbf9221c8" testId="8f659a23-c7b7-66ca-b3d6-6d900b8016f1" testName="ClickUp.Api.Client.Tests.ServiceTests.ChatServiceTests.UpdateChatChannelAsync_NullDataInResponse_ThrowsInvalidOperationException" computerName="devbox" duration="00:00:00.0025345" startTime="2025-06-24T03:53:52.0571577+00:00" endTime="2025-06-24T03:53:52.0571578+00:00" testType="13cdc9d9-ddb5-4fa4-a97d-d965ccfc6d4b" outcome="Passed" testListId="8c84fa94-04c1-424b-9868-57a2d4851a1d" relativeResultsDirectory="6eb234f0-e819-4f25-a79e-57cfbf9221c8" />
    <UnitTestResult executionId="7ac4c72a-3ebf-4a1f-bfdf-69780762b8f9" testId="df92ad98-bce4-a78f-33fd-44173b296ba5" testName="ClickUp.Api.Client.Tests.ServiceTests.CommentServiceTests.UpdateCommentAsync_ApiConnectionReturnsNull_ThrowsInvalidOperationException" computerName="devbox" duration="00:00:00.0021795" startTime="2025-06-24T03:53:51.3604593+00:00" endTime="2025-06-24T03:53:51.3604594+00:00" testType="13cdc9d9-ddb5-4fa4-a97d-d965ccfc6d4b" outcome="Passed" testListId="8c84fa94-04c1-424b-9868-57a2d4851a1d" relativeResultsDirectory="7ac4c72a-3ebf-4a1f-bfdf-69780762b8f9" />
    <UnitTestResult executionId="98d811d9-b6d3-4c36-8b90-7ca42fc6fca1" testId="bc7ee3e4-a635-03d0-967a-f971c4572817" testName="ClickUp.Api.Client.Tests.ServiceTests.ChatServiceTests.CreateChatReactionAsync_ApiError_ThrowsHttpRequestException" computerName="devbox" duration="00:00:00.0019879" startTime="2025-06-24T03:53:52.3728302+00:00" endTime="2025-06-24T03:53:52.3728303+00:00" testType="13cdc9d9-ddb5-4fa4-a97d-d965ccfc6d4b" outcome="Passed" testListId="8c84fa94-04c1-424b-9868-57a2d4851a1d" relativeResultsDirectory="98d811d9-b6d3-4c36-8b90-7ca42fc6fca1" />
    <UnitTestResult executionId="c9df1ec0-5c63-4fe4-b7b6-9ec38a9deafd" testId="cb2d034b-1aa3-2639-d04b-f94270484348" testName="ClickUp.Api.Client.Tests.ServiceTests.GoalsServiceTests.CreateKeyResultAsync_ApiError_ThrowsHttpRequestException" computerName="devbox" duration="00:00:00.0099601" startTime="2025-06-24T03:53:52.0054862+00:00" endTime="2025-06-24T03:53:52.0054862+00:00" testType="13cdc9d9-ddb5-4fa4-a97d-d965ccfc6d4b" outcome="Passed" testListId="8c84fa94-04c1-424b-9868-57a2d4851a1d" relativeResultsDirectory="c9df1ec0-5c63-4fe4-b7b6-9ec38a9deafd" />
    <UnitTestResult executionId="085f29ea-86fc-4d4f-8c35-c698d81f7e4c" testId="9cbcc853-b49d-d7c6-9b93-09a174dcc2da" testName="ClickUp.Api.Client.Tests.ServiceTests.SharedHierarchyServiceTests.GetSharedHierarchyAsync_ApiReturnsNullResponse_ThrowsInvalidOperationException" computerName="devbox" duration="00:00:00.0039477" startTime="2025-06-24T03:53:51.1329809+00:00" endTime="2025-06-24T03:53:51.1329810+00:00" testType="13cdc9d9-ddb5-4fa4-a97d-d965ccfc6d4b" outcome="Passed" testListId="8c84fa94-04c1-424b-9868-57a2d4851a1d" relativeResultsDirectory="085f29ea-86fc-4d4f-8c35-c698d81f7e4c" />
    <UnitTestResult executionId="726b6f7b-b086-44ba-9434-e07bb463d2cf" testId="f339c22a-09d4-48d9-e155-5ebff9beee40" testName="ClickUp.Api.Client.Tests.ServiceTests.DocsServiceTests.GetDocPagesAsync_NullResponse_ReturnsEmptyEnumerable" computerName="devbox" duration="00:00:00.0021972" startTime="2025-06-24T03:53:51.3380766+00:00" endTime="2025-06-24T03:53:51.3380766+00:00" testType="13cdc9d9-ddb5-4fa4-a97d-d965ccfc6d4b" outcome="Passed" testListId="8c84fa94-04c1-424b-9868-57a2d4851a1d" relativeResultsDirectory="726b6f7b-b086-44ba-9434-e07bb463d2cf" />
    <UnitTestResult executionId="d773cb54-8874-4057-bc61-f2a35ab189ff" testId="2416b36e-4cc6-c8d3-7f50-7ce93d30797a" testName="ClickUp.Api.Client.Tests.ServiceTests.AttachmentsServiceTests.CreateTaskAttachmentAsync_PassesCancellationTokenToApiConnection" computerName="devbox" duration="00:00:00.0069963" startTime="2025-06-24T03:53:51.7810772+00:00" endTime="2025-06-24T03:53:51.7810773+00:00" testType="13cdc9d9-ddb5-4fa4-a97d-d965ccfc6d4b" outcome="Passed" testListId="8c84fa94-04c1-424b-9868-57a2d4851a1d" relativeResultsDirectory="d773cb54-8874-4057-bc61-f2a35ab189ff" />
    <UnitTestResult executionId="e1eb0b34-448e-4081-ab05-aa66f8992189" testId="c171dfa7-4a27-8f56-a6c9-57cfcd42dce5" testName="ClickUp.Api.Client.Tests.ServiceTests.GuestsServiceTests.AddGuestToListAsync_ValidRequest_CallsPostAndReturnsGuest" computerName="devbox" duration="00:00:00.0090668" startTime="2025-06-24T03:53:51.8897406+00:00" endTime="2025-06-24T03:53:51.8897407+00:00" testType="13cdc9d9-ddb5-4fa4-a97d-d965ccfc6d4b" outcome="Passed" testListId="8c84fa94-04c1-424b-9868-57a2d4851a1d" relativeResultsDirectory="e1eb0b34-448e-4081-ab05-aa66f8992189" />
    <UnitTestResult executionId="3b8b6596-2cd8-4678-9832-cdd7fe93a860" testId="fe82358d-1255-07ca-16e6-994378e6173c" testName="ClickUp.Api.Client.Tests.ServiceTests.FoldersServiceTests.GetFolderAsync_PassesCancellationTokenToApiConnection" computerName="devbox" duration="00:00:00.0091586" startTime="2025-06-24T03:53:51.0695367+00:00" endTime="2025-06-24T03:53:51.0695368+00:00" testType="13cdc9d9-ddb5-4fa4-a97d-d965ccfc6d4b" outcome="Passed" testListId="8c84fa94-04c1-424b-9868-57a2d4851a1d" relativeResultsDirectory="3b8b6596-2cd8-4678-9832-cdd7fe93a860" />
    <UnitTestResult executionId="8c32c507-9cce-41da-a3f6-d936e8c684ee" testId="0d429cb4-e725-1d4d-9793-815570156f76" testName="ClickUp.Api.Client.Tests.ServiceTests.UserGroupServiceTests.UpdateUserGroupAsync_ValidRequest_ReturnsUpdatedUserGroup" computerName="devbox" duration="00:00:00.0130856" startTime="2025-06-24T03:53:51.5374839+00:00" endTime="2025-06-24T03:53:51.5374840+00:00" testType="13cdc9d9-ddb5-4fa4-a97d-d965ccfc6d4b" outcome="Passed" testListId="8c84fa94-04c1-424b-9868-57a2d4851a1d" relativeResultsDirectory="8c32c507-9cce-41da-a3f6-d936e8c684ee" />
    <UnitTestResult executionId="3afa4c5b-7a6b-4ff1-a60a-0b7278a67b81" testId="96333dd8-5a74-360b-92fb-215ab6923163" testName="ClickUp.Api.Client.Tests.Models.Entities.CustomFieldValueTests.Deserialize_CheckboxFieldValue_Correctly" computerName="devbox" duration="00:00:00.0006349" startTime="2025-06-24T03:53:51.4893089+00:00" endTime="2025-06-24T03:53:51.4893090+00:00" testType="13cdc9d9-ddb5-4fa4-a97d-d965ccfc6d4b" outcome="Passed" testListId="8c84fa94-04c1-424b-9868-57a2d4851a1d" relativeResultsDirectory="3afa4c5b-7a6b-4ff1-a60a-0b7278a67b81" />
    <UnitTestResult executionId="82095a0c-bf9c-47db-b8aa-4b13e98a1958" testId="6628d820-75ad-6955-de7e-b8cd13fb14bf" testName="ClickUp.Api.Client.Tests.ServiceTests.FoldersServiceTests.UpdateFolderAsync_ValidRequest_CallsPutAndReturnsFolder" computerName="devbox" duration="00:00:00.0055271" startTime="2025-06-24T03:53:51.0978452+00:00" endTime="2025-06-24T03:53:51.0978453+00:00" testType="13cdc9d9-ddb5-4fa4-a97d-d965ccfc6d4b" outcome="Passed" testListId="8c84fa94-04c1-424b-9868-57a2d4851a1d" relativeResultsDirectory="82095a0c-bf9c-47db-b8aa-4b13e98a1958" />
    <UnitTestResult executionId="3f7ea956-1cbd-440a-84f5-6d9c50d5f77b" testId="894e2728-4245-42fa-915a-9f574681c41e" testName="ClickUp.Api.Client.Tests.ServiceTests.ChatServiceTests.GetChatMessageRepliesAsync_ValidRequest_BuildsUrlAndReturnsResponse" computerName="devbox" duration="00:00:00.0080902" startTime="2025-06-24T03:53:52.1579150+00:00" endTime="2025-06-24T03:53:52.1579151+00:00" testType="13cdc9d9-ddb5-4fa4-a97d-d965ccfc6d4b" outcome="Passed" testListId="8c84fa94-04c1-424b-9868-57a2d4851a1d" relativeResultsDirectory="3f7ea956-1cbd-440a-84f5-6d9c50d5f77b" />
    <UnitTestResult executionId="51e14c89-984e-4f4c-875d-e732d97f1e48" testId="277525fb-5580-c091-ed78-0d5eca830b62" testName="ClickUp.Api.Client.Tests.ServiceTests.TimeTrackingServiceTests.GetTimeEntriesAsync_ApiReturnsResponseWithNullData_ReturnsEmptyEnumerable" computerName="devbox" duration="00:00:00.0015403" startTime="2025-06-24T03:53:52.3785910+00:00" endTime="2025-06-24T03:53:52.3785911+00:00" testType="13cdc9d9-ddb5-4fa4-a97d-d965ccfc6d4b" outcome="Passed" testListId="8c84fa94-04c1-424b-9868-57a2d4851a1d" relativeResultsDirectory="51e14c89-984e-4f4c-875d-e732d97f1e48" />
    <UnitTestResult executionId="4313251d-0f6c-44fc-94b2-c16f710f6e55" testId="77455564-3a69-726a-b534-8465919fcf2b" testName="ClickUp.Api.Client.Tests.ServiceTests.TaskServiceTests.GetFilteredTeamTasksAsyncEnumerable_ReturnsEmpty_WhenNoTasks" computerName="devbox" duration="00:00:00.0042575" startTime="2025-06-24T03:53:52.1352952+00:00" endTime="2025-06-24T03:53:52.1352953+00:00" testType="13cdc9d9-ddb5-4fa4-a97d-d965ccfc6d4b" outcome="Passed" testListId="8c84fa94-04c1-424b-9868-57a2d4851a1d" relativeResultsDirectory="4313251d-0f6c-44fc-94b2-c16f710f6e55" />
    <UnitTestResult executionId="3625ef30-82e7-49ed-9791-d7c9796ce2f3" testId="e7983c9f-5e2f-f03b-fa2f-39dd8296bf5e" testName="ClickUp.Api.Client.Tests.ServiceTests.GuestsServiceTests.RemoveGuestFromListAsync_NullGuestInResponse_ThrowsInvalidOperationException" computerName="devbox" duration="00:00:00.0035511" startTime="2025-06-24T03:53:52.0062913+00:00" endTime="2025-06-24T03:53:52.0062913+00:00" testType="13cdc9d9-ddb5-4fa4-a97d-d965ccfc6d4b" outcome="Passed" testListId="8c84fa94-04c1-424b-9868-57a2d4851a1d" relativeResultsDirectory="3625ef30-82e7-49ed-9791-d7c9796ce2f3" />
    <UnitTestResult executionId="4392b61c-60cb-43b1-ac45-4e2a9c31851e" testId="1ec5e2d0-3801-1f1b-660e-841b341b6ed8" testName="ClickUp.Api.Client.Tests.ServiceTests.AttachmentsServiceTests.CreateTaskAttachmentAsync_WithCustomTaskIdsAndTeamId_BuildsCorrectEndpoint" computerName="devbox" duration="00:00:00.0045611" startTime="2025-06-24T03:53:51.7853300+00:00" endTime="2025-06-24T03:53:51.7853301+00:00" testType="13cdc9d9-ddb5-4fa4-a97d-d965ccfc6d4b" outcome="Passed" testListId="8c84fa94-04c1-424b-9868-57a2d4851a1d" relativeResultsDirectory="4392b61c-60cb-43b1-ac45-4e2a9c31851e" />
    <UnitTestResult executionId="3e34b9f7-256c-47bf-9dff-beb10b572d90" testId="7d593b95-9e68-62ca-7a26-9c22a24ac56d" testName="ClickUp.Api.Client.Tests.Models.Common.MemberTests.Member_ShouldSerializeCorrectly_WhenAllPropertiesAreSet" computerName="devbox" duration="00:00:00.0164498" startTime="2025-06-24T03:53:51.4507845+00:00" endTime="2025-06-24T03:53:51.4507846+00:00" testType="13cdc9d9-ddb5-4fa4-a97d-d965ccfc6d4b" outcome="Passed" testListId="8c84fa94-04c1-424b-9868-57a2d4851a1d" relativeResultsDirectory="3e34b9f7-256c-47bf-9dff-beb10b572d90" />
    <UnitTestResult executionId="5e6b90bf-21a5-4f35-86b2-b1a650e44bf2" testId="d994fd6e-80bf-ef91-7713-64a44d290335" testName="ClickUp.Api.Client.Tests.ServiceTests.ListsServiceTests.GetFolderlessListsAsync_ApiReturnsResponseWithNullLists_ReturnsEmptyEnumerable" computerName="devbox" duration="00:00:00.0023658" startTime="2025-06-24T03:53:52.2019845+00:00" endTime="2025-06-24T03:53:52.2019846+00:00" testType="13cdc9d9-ddb5-4fa4-a97d-d965ccfc6d4b" outcome="Passed" testListId="8c84fa94-04c1-424b-9868-57a2d4851a1d" relativeResultsDirectory="5e6b90bf-21a5-4f35-86b2-b1a650e44bf2" />
    <UnitTestResult executionId="925dff70-9bb2-41bc-a412-a3559c6e2c4d" testId="bb976e19-65fc-b580-3e4b-cb83b66ef1ab" testName="ClickUp.Api.Client.Tests.Models.Serialization.Converters.JsonStringOrNumberConverterTests.Read_WhenJsonIsString_ShouldReturnString" computerName="devbox" duration="00:00:00.0051250" startTime="2025-06-24T03:53:52.0596399+00:00" endTime="2025-06-24T03:53:52.0596400+00:00" testType="13cdc9d9-ddb5-4fa4-a97d-d965ccfc6d4b" outcome="Passed" testListId="8c84fa94-04c1-424b-9868-57a2d4851a1d" relativeResultsDirectory="925dff70-9bb2-41bc-a412-a3559c6e2c4d" />
    <UnitTestResult executionId="aa4636d5-e4e7-4449-9544-63fb455a3454" testId="b3f479bb-ab40-60c5-3495-dd1b3ee2147b" testName="ClickUp.Api.Client.Tests.ServiceTests.ListsServiceTests.GetListsInFolderAsync_WithArchivedFalse_BuildsCorrectUrl" computerName="devbox" duration="00:00:00.0023244" startTime="2025-06-24T03:53:52.4313604+00:00" endTime="2025-06-24T03:53:52.4313604+00:00" testType="13cdc9d9-ddb5-4fa4-a97d-d965ccfc6d4b" outcome="Passed" testListId="8c84fa94-04c1-424b-9868-57a2d4851a1d" relativeResultsDirectory="aa4636d5-e4e7-4449-9544-63fb455a3454" />
    <UnitTestResult executionId="2a8adfa5-69c1-4a1d-92ae-012b82821f66" testId="d09196e4-8c5a-dacd-765d-46b96285d752" testName="ClickUp.Api.Client.Tests.ServiceTests.TimeTrackingServiceTests.UpdateTimeEntryAsync_ApiConnectionThrowsHttpRequestException_PropagatesException" computerName="devbox" duration="00:00:00.0033425" startTime="2025-06-24T03:53:52.3278389+00:00" endTime="2025-06-24T03:53:52.3278389+00:00" testType="13cdc9d9-ddb5-4fa4-a97d-d965ccfc6d4b" outcome="Passed" testListId="8c84fa94-04c1-424b-9868-57a2d4851a1d" relativeResultsDirectory="2a8adfa5-69c1-4a1d-92ae-012b82821f66" />
    <UnitTestResult executionId="b5f3273f-29a3-4101-8444-e36b776746ae" testId="8d925765-e431-d05b-4316-c8628381eee3" testName="ClickUp.Api.Client.Tests.ServiceTests.FoldersServiceTests.UpdateFolderAsync_ApiError_ThrowsHttpRequestException" computerName="devbox" duration="00:00:00.0019700" startTime="2025-06-24T03:53:51.1342018+00:00" endTime="2025-06-24T03:53:51.1342019+00:00" testType="13cdc9d9-ddb5-4fa4-a97d-d965ccfc6d4b" outcome="Passed" testListId="8c84fa94-04c1-424b-9868-57a2d4851a1d" relativeResultsDirectory="b5f3273f-29a3-4101-8444-e36b776746ae" />
    <UnitTestResult executionId="643af7af-f7c0-4f05-a7a0-6137a851ab17" testId="d18af540-e4d6-a005-bdec-72a24b34a0e1" testName="ClickUp.Api.Client.Tests.ServiceTests.CustomFieldsServiceTests.GetSpaceCustomFieldsAsync_ApiError_ThrowsHttpRequestException" computerName="devbox" duration="00:00:00.0033644" startTime="2025-06-24T03:53:51.9212928+00:00" endTime="2025-06-24T03:53:51.9212929+00:00" testType="13cdc9d9-ddb5-4fa4-a97d-d965ccfc6d4b" outcome="Passed" testListId="8c84fa94-04c1-424b-9868-57a2d4851a1d" relativeResultsDirectory="643af7af-f7c0-4f05-a7a0-6137a851ab17" />
    <UnitTestResult executionId="f2e85671-5246-4a8e-9598-5b4141894e1e" testId="734e0fc6-fbea-71d0-23d0-faf15d6e2fac" testName="ClickUp.Api.Client.Tests.ServiceTests.ViewsServiceTests.GetViewTasksAsync_ApiReturnsNull_ThrowsInvalidOperationException" computerName="devbox" duration="00:00:00.0021817" startTime="2025-06-24T03:53:51.0768211+00:00" endTime="2025-06-24T03:53:51.0768211+00:00" testType="13cdc9d9-ddb5-4fa4-a97d-d965ccfc6d4b" outcome="Passed" testListId="8c84fa94-04c1-424b-9868-57a2d4851a1d" relativeResultsDirectory="f2e85671-5246-4a8e-9598-5b4141894e1e" />
    <UnitTestResult executionId="e1f6d33d-b843-4dfc-8865-c4021c275fe8" testId="4fb15a10-7dd6-baa4-3513-dbaf2feafd3d" testName="ClickUp.Api.Client.Tests.ServiceTests.ViewsServiceTests.GetSpaceViewsAsync_ApiReturnsNull_ThrowsInvalidOperationException" computerName="devbox" duration="00:00:00.0029499" startTime="2025-06-24T03:53:51.1011164+00:00" endTime="2025-06-24T03:53:51.1011165+00:00" testType="13cdc9d9-ddb5-4fa4-a97d-d965ccfc6d4b" outcome="Passed" testListId="8c84fa94-04c1-424b-9868-57a2d4851a1d" relativeResultsDirectory="e1f6d33d-b843-4dfc-8865-c4021c275fe8" />
    <UnitTestResult executionId="c337a3ad-3318-496a-85f4-41b8ecc549f9" testId="25faf64c-8253-d4a5-f991-33a0ca358e80" testName="ClickUp.Api.Client.Tests.ServiceTests.GuestsServiceTests.RemoveGuestFromFolderAsync_ValidRequest_CallsDeleteAndReturnsGuest" computerName="devbox" duration="00:00:00.0035803" startTime="2025-06-24T03:53:51.8025363+00:00" endTime="2025-06-24T03:53:51.8025364+00:00" testType="13cdc9d9-ddb5-4fa4-a97d-d965ccfc6d4b" outcome="Passed" testListId="8c84fa94-04c1-424b-9868-57a2d4851a1d" relativeResultsDirectory="c337a3ad-3318-496a-85f4-41b8ecc549f9" />
    <UnitTestResult executionId="aee7d4c7-7e4b-4400-a287-286d9dfe6c54" testId="b6681964-59c0-3268-9b1a-1e37718996a3" testName="ClickUp.Api.Client.Tests.ServiceTests.TimeTrackingServiceTests.StopTimeEntryAsync_ApiReturnsResponseWithNullData_ThrowsInvalidOperationException" computerName="devbox" duration="00:00:00.0052586" startTime="2025-06-24T03:53:51.3329148+00:00" endTime="2025-06-24T03:53:51.3329149+00:00" testType="13cdc9d9-ddb5-4fa4-a97d-d965ccfc6d4b" outcome="Passed" testListId="8c84fa94-04c1-424b-9868-57a2d4851a1d" relativeResultsDirectory="aee7d4c7-7e4b-4400-a287-286d9dfe6c54" />
    <UnitTestResult executionId="0ed4b256-f029-4183-bf90-3e6a91adf788" testId="0180afdd-c3e5-7768-4cef-4956e2f0279d" testName="ClickUp.Api.Client.Tests.ServiceTests.UserGroupServiceTests.GetUserGroupsAsync_ApiReturnsNullResponse_ReturnsEmptyEnumerable" computerName="devbox" duration="00:00:00.0017486" startTime="2025-06-24T03:53:51.5794793+00:00" endTime="2025-06-24T03:53:51.5794794+00:00" testType="13cdc9d9-ddb5-4fa4-a97d-d965ccfc6d4b" outcome="Passed" testListId="8c84fa94-04c1-424b-9868-57a2d4851a1d" relativeResultsDirectory="0ed4b256-f029-4183-bf90-3e6a91adf788" />
    <UnitTestResult executionId="4edb7b2c-e693-4b88-b28c-0ab94ce5359b" testId="e30d5a07-9505-e75b-f1ba-e64638dc1353" testName="ClickUp.Api.Client.Tests.Models.Entities.CustomFieldValueTests.Deserialize_NumberFieldValue_Correctly" computerName="devbox" duration="00:00:00.0003098" startTime="2025-06-24T03:53:51.5087091+00:00" endTime="2025-06-24T03:53:51.5087092+00:00" testType="13cdc9d9-ddb5-4fa4-a97d-d965ccfc6d4b" outcome="Passed" testListId="8c84fa94-04c1-424b-9868-57a2d4851a1d" relativeResultsDirectory="4edb7b2c-e693-4b88-b28c-0ab94ce5359b" />
    <UnitTestResult executionId="d856ef68-2a04-4f9b-a012-06efa3318100" testId="a54fb913-e59f-936a-6dac-d9b99d7d2b02" testName="ClickUp.Api.Client.Tests.ServiceTests.GuestsServiceTests.RemoveGuestFromListAsync_ApiConnectionThrowsTaskCanceledException_PropagatesException" computerName="devbox" duration="00:00:00.0067346" startTime="2025-06-24T03:53:51.9775276+00:00" endTime="2025-06-24T03:53:51.9775277+00:00" testType="13cdc9d9-ddb5-4fa4-a97d-d965ccfc6d4b" outcome="Passed" testListId="8c84fa94-04c1-424b-9868-57a2d4851a1d" relativeResultsDirectory="d856ef68-2a04-4f9b-a012-06efa3318100" />
    <UnitTestResult executionId="8843562c-115e-4d5d-b92c-dab5de147da9" testId="c93d5876-d848-f407-8531-7119037d719b" testName="ClickUp.Api.Client.Tests.ServiceTests.UserGroupServiceTests.GetUserGroupsAsync_PassesCancellationTokenToApiConnection" computerName="devbox" duration="00:00:00.0054590" startTime="2025-06-24T03:53:51.5758554+00:00" endTime="2025-06-24T03:53:51.5758554+00:00" testType="13cdc9d9-ddb5-4fa4-a97d-d965ccfc6d4b" outcome="Passed" testListId="8c84fa94-04c1-424b-9868-57a2d4851a1d" relativeResultsDirectory="8843562c-115e-4d5d-b92c-dab5de147da9" />
    <UnitTestResult executionId="c1c5a887-7370-4174-b275-142309f5d624" testId="3e9d1a63-eb7d-0da1-8899-9b1a1bb3d3bd" testName="ClickUp.Api.Client.Tests.ServiceTests.TaskServiceTests.GetFilteredTeamTasksAsync_ApiConnectionThrowsTaskCanceledException_PropagatesException" computerName="devbox" duration="00:00:00.0025378" startTime="2025-06-24T03:53:52.1050136+00:00" endTime="2025-06-24T03:53:52.1050137+00:00" testType="13cdc9d9-ddb5-4fa4-a97d-d965ccfc6d4b" outcome="Passed" testListId="8c84fa94-04c1-424b-9868-57a2d4851a1d" relativeResultsDirectory="c1c5a887-7370-4174-b275-142309f5d624" />
    <UnitTestResult executionId="2d5e966b-3707-45dd-9c6e-9a62e6d2d871" testId="fe09c7b4-462e-8afb-8d2c-92d0157754f1" testName="ClickUp.Api.Client.Tests.ServiceTests.GoalsServiceTests.EditKeyResultAsync_PassesCancellationTokenToApiConnection" computerName="devbox" duration="00:00:00.0088829" startTime="2025-06-24T03:53:51.9726545+00:00" endTime="2025-06-24T03:53:51.9726546+00:00" testType="13cdc9d9-ddb5-4fa4-a97d-d965ccfc6d4b" outcome="Passed" testListId="8c84fa94-04c1-424b-9868-57a2d4851a1d" relativeResultsDirectory="2d5e966b-3707-45dd-9c6e-9a62e6d2d871" />
    <UnitTestResult executionId="ffd71b95-b458-4f69-b9e0-775a60700159" testId="3cfecb8b-b415-0e78-489d-03f2ecb5cea0" testName="ClickUp.Api.Client.Tests.ServiceTests.WebhooksServiceTests.CreateWebhookAsync_ApiReturnsNullResponse_ThrowsInvalidOperationException" computerName="devbox" duration="00:00:00.0036171" startTime="2025-06-24T03:53:51.6684052+00:00" endTime="2025-06-24T03:53:51.6684053+00:00" testType="13cdc9d9-ddb5-4fa4-a97d-d965ccfc6d4b" outcome="Passed" testListId="8c84fa94-04c1-424b-9868-57a2d4851a1d" relativeResultsDirectory="ffd71b95-b458-4f69-b9e0-775a60700159" />
    <UnitTestResult executionId="bdf4342b-0fa8-4583-8b1b-983c9c145931" testId="63d81eda-39da-9070-2f9b-d992d73272c0" testName="ClickUp.Api.Client.Tests.ServiceTests.AuthorizationServiceTests.GetAuthorizedWorkspacesAsync_ValidRequest_ReturnsWorkspaces" computerName="devbox" duration="00:00:00.0037634" startTime="2025-06-24T03:53:52.0618051+00:00" endTime="2025-06-24T03:53:52.0618052+00:00" testType="13cdc9d9-ddb5-4fa4-a97d-d965ccfc6d4b" outcome="Passed" testListId="8c84fa94-04c1-424b-9868-57a2d4851a1d" relativeResultsDirectory="bdf4342b-0fa8-4583-8b1b-983c9c145931" />
    <UnitTestResult executionId="57ba8e0e-37a8-4463-93df-0c458c8e54a2" testId="e67d5763-5299-d5bc-04ab-8c3e8096df9b" testName="ClickUp.Api.Client.Tests.ServiceTests.GuestsServiceTests.EditGuestOnWorkspaceAsync_NullApiResponse_ThrowsInvalidOperationException" computerName="devbox" duration="00:00:00.0021792" startTime="2025-06-24T03:53:51.9691416+00:00" endTime="2025-06-24T03:53:51.9691417+00:00" testType="13cdc9d9-ddb5-4fa4-a97d-d965ccfc6d4b" outcome="Passed" testListId="8c84fa94-04c1-424b-9868-57a2d4851a1d" relativeResultsDirectory="57ba8e0e-37a8-4463-93df-0c458c8e54a2" />
    <UnitTestResult executionId="bef9d704-1a7f-43ca-87b0-222081acc0c6" testId="0e83a29c-c336-f714-4279-3b30ab28abf1" testName="ClickUp.Api.Client.Tests.Integration.AuthorizationServiceIntegrationTests.GetAuthorizedUserAsync_WithValidToken_ReturnsUser" computerName="devbox" duration="00:00:00.0010000" startTime="2025-06-24T03:53:50.8756325+00:00" endTime="2025-06-24T03:53:50.8756326+00:00" testType="13cdc9d9-ddb5-4fa4-a97d-d965ccfc6d4b" outcome="Failed" testListId="8c84fa94-04c1-424b-9868-57a2d4851a1d" relativeResultsDirectory="bef9d704-1a7f-43ca-87b0-222081acc0c6">
      <Output>
        <ErrorInfo>
          <Message>System.InvalidOperationException : ClickUp API PersonalAccessToken not configured for integration tests. Set via User Secrets (e.g., 'ClickUpApi:PersonalAccessToken') or Environment Variables (e.g., 'ClickUpApi__PersonalAccessToken').</Message>
          <StackTrace>   at ClickUp.Api.Client.Tests.Integration.IntegrationTestBase..ctor() in /app/src/ClickUp.Api.Client.Tests/Integration/IntegrationTestBase.cs:line 28
   at ClickUp.Api.Client.Tests.Integration.AuthorizationServiceIntegrationTests..ctor(ITestOutputHelper output) in /app/src/ClickUp.Api.Client.Tests/Integration/AuthorizationServiceIntegrationTests.cs:line 19
   at InvokeStub_AuthorizationServiceIntegrationTests..ctor(Object, Span`1)
   at System.Reflection.MethodBaseInvoker.InvokeWithOneArg(Object obj, BindingFlags invokeAttr, Binder binder, Object[] parameters, CultureInfo culture)</StackTrace>
        </ErrorInfo>
      </Output>
    </UnitTestResult>
    <UnitTestResult executionId="cbeaa380-392c-4536-8e79-7ab157f7bad2" testId="81089606-dbad-bccc-dd62-3b8223147034" testName="ClickUp.Api.Client.Tests.ServiceTests.SpacesServiceTests.DeleteSpaceAsync_ApiConnectionThrowsTaskCanceledException_PropagatesException" computerName="devbox" duration="00:00:00.0019895" startTime="2025-06-24T03:53:51.1337138+00:00" endTime="2025-06-24T03:53:51.1337138+00:00" testType="13cdc9d9-ddb5-4fa4-a97d-d965ccfc6d4b" outcome="Passed" testListId="8c84fa94-04c1-424b-9868-57a2d4851a1d" relativeResultsDirectory="cbeaa380-392c-4536-8e79-7ab157f7bad2" />
    <UnitTestResult executionId="0a16ccc1-752d-4e8d-b1ad-0846c99d87a0" testId="d07b686e-9adb-252d-f865-90dbc810765e" testName="ClickUp.Api.Client.Tests.ServiceTests.TaskChecklistsServiceTests.EditChecklistItemAsync_ApiConnectionThrowsTaskCanceledException_PropagatesException" computerName="devbox" duration="00:00:00.1472892" startTime="2025-06-24T03:53:50.9729944+00:00" endTime="2025-06-24T03:53:50.9729945+00:00" testType="13cdc9d9-ddb5-4fa4-a97d-d965ccfc6d4b" outcome="Passed" testListId="8c84fa94-04c1-424b-9868-57a2d4851a1d" relativeResultsDirectory="0a16ccc1-752d-4e8d-b1ad-0846c99d87a0" />
    <UnitTestResult executionId="1eb14002-9253-4055-b433-2a4fa84e2c79" testId="8642783a-652f-cfe9-8ce3-8104816d7ab9" testName="ClickUp.Api.Client.Tests.ServiceTests.ChatServiceTests.GetChatMessageRepliesAsync_ApiConnectionThrowsTaskCanceledException_PropagatesException" computerName="devbox" duration="00:00:00.0021414" startTime="2025-06-24T03:53:52.2857886+00:00" endTime="2025-06-24T03:53:52.2857887+00:00" testType="13cdc9d9-ddb5-4fa4-a97d-d965ccfc6d4b" outcome="Passed" testListId="8c84fa94-04c1-424b-9868-57a2d4851a1d" relativeResultsDirectory="1eb14002-9253-4055-b433-2a4fa84e2c79" />
    <UnitTestResult executionId="74c44c96-00e6-44eb-9913-27d59f53220e" testId="06b04cbf-1fd5-d32f-d8f4-8b71f410d28d" testName="ClickUp.Api.Client.Tests.ServiceTests.CustomFieldsServiceTests.GetSpaceCustomFieldsAsync_NullResponse_ReturnsEmptyList" computerName="devbox" duration="00:00:00.0015095" startTime="2025-06-24T03:53:51.9374930+00:00" endTime="2025-06-24T03:53:51.9374931+00:00" testType="13cdc9d9-ddb5-4fa4-a97d-d965ccfc6d4b" outcome="Passed" testListId="8c84fa94-04c1-424b-9868-57a2d4851a1d" relativeResultsDirectory="74c44c96-00e6-44eb-9913-27d59f53220e" />
    <UnitTestResult executionId="a2cfa786-d6dc-4f9d-9d19-aa7876da55a1" testId="43d3aa7c-9de4-afce-d05b-93acd6576746" testName="ClickUp.Api.Client.Tests.ServiceTests.CommentServiceTests.GetChatViewCommentsAsync_ApiConnectionThrowsTaskCanceledException_PropagatesException" computerName="devbox" duration="00:00:00.0043767" startTime="2025-06-24T03:53:51.4021672+00:00" endTime="2025-06-24T03:53:51.4021673+00:00" testType="13cdc9d9-ddb5-4fa4-a97d-d965ccfc6d4b" outcome="Passed" testListId="8c84fa94-04c1-424b-9868-57a2d4851a1d" relativeResultsDirectory="a2cfa786-d6dc-4f9d-9d19-aa7876da55a1" />
    <UnitTestResult executionId="dd57a95a-e329-47ed-8521-3bd2ca96a47d" testId="dbce0135-d84f-6c40-dddb-b4fa79e51dee" testName="ClickUp.Api.Client.Tests.ServiceTests.GuestsServiceTests.RemoveGuestFromFolderAsync_NullGuestInResponse_ThrowsInvalidOperationException" computerName="devbox" duration="00:00:00.0110799" startTime="2025-06-24T03:53:51.7421042+00:00" endTime="2025-06-24T03:53:51.7421043+00:00" testType="13cdc9d9-ddb5-4fa4-a97d-d965ccfc6d4b" outcome="Passed" testListId="8c84fa94-04c1-424b-9868-57a2d4851a1d" relativeResultsDirectory="dd57a95a-e329-47ed-8521-3bd2ca96a47d" />
    <UnitTestResult executionId="c58706d2-9b24-4a10-b239-3492baa53282" testId="ccc8db3c-2a40-6a23-d865-c5fdedd56357" testName="ClickUp.Api.Client.Tests.ServiceTests.ChatServiceTests.GetChatChannelFollowersAsync_NullResponse_ThrowsInvalidOperationException" computerName="devbox" duration="00:00:00.0045186" startTime="2025-06-24T03:53:52.0146034+00:00" endTime="2025-06-24T03:53:52.0146035+00:00" testType="13cdc9d9-ddb5-4fa4-a97d-d965ccfc6d4b" outcome="Passed" testListId="8c84fa94-04c1-424b-9868-57a2d4851a1d" relativeResultsDirectory="c58706d2-9b24-4a10-b239-3492baa53282" />
    <UnitTestResult executionId="56684c4a-c270-432a-8833-c2cbb5ca95b5" testId="d939a691-315b-b0a2-01a2-f86a45831d39" testName="ClickUp.Api.Client.Tests.ServiceTests.GoalsServiceTests.EditKeyResultAsync_ApiError_ThrowsHttpRequestException" computerName="devbox" duration="00:00:00.0028911" startTime="2025-06-24T03:53:51.8500529+00:00" endTime="2025-06-24T03:53:51.8500530+00:00" testType="13cdc9d9-ddb5-4fa4-a97d-d965ccfc6d4b" outcome="Passed" testListId="8c84fa94-04c1-424b-9868-57a2d4851a1d" relativeResultsDirectory="56684c4a-c270-432a-8833-c2cbb5ca95b5" />
    <UnitTestResult executionId="33e3a296-8c91-407e-875b-ed688ba32896" testId="2704797e-871f-8d89-561c-7af30a05128f" testName="ClickUp.Api.Client.Tests.ServiceTests.CustomFieldsServiceTests.GetAccessibleCustomFieldsAsync_PassesCancellationTokenToApiConnection" computerName="devbox" duration="00:00:00.0079233" startTime="2025-06-24T03:53:51.9354491+00:00" endTime="2025-06-24T03:53:51.9354492+00:00" testType="13cdc9d9-ddb5-4fa4-a97d-d965ccfc6d4b" outcome="Passed" testListId="8c84fa94-04c1-424b-9868-57a2d4851a1d" relativeResultsDirectory="33e3a296-8c91-407e-875b-ed688ba32896" />
    <UnitTestResult executionId="cd75f311-992c-4868-ba2a-48cc9826157f" testId="67f50d33-f9fe-c18c-8531-02094f7b4272" testName="ClickUp.Api.Client.Tests.ServiceTests.GuestsServiceTests.AddGuestToFolderAsync_NullApiResponse_ThrowsInvalidOperationException" computerName="devbox" duration="00:00:00.0025344" startTime="2025-06-24T03:53:51.7856379+00:00" endTime="2025-06-24T03:53:51.7856379+00:00" testType="13cdc9d9-ddb5-4fa4-a97d-d965ccfc6d4b" outcome="Passed" testListId="8c84fa94-04c1-424b-9868-57a2d4851a1d" relativeResultsDirectory="cd75f311-992c-4868-ba2a-48cc9826157f" />
    <UnitTestResult executionId="9bfdcfaa-0144-455b-b5b7-80c5673cbc25" testId="99f9eaa0-a090-1f7c-a3f5-4863ab613546" testName="ClickUp.Api.Client.Tests.ServiceTests.ListsServiceTests.GetFolderlessListsAsyncEnumerableAsync_HandlesCancellation" computerName="devbox" duration="00:00:00.0473007" startTime="2025-06-24T03:53:52.1970534+00:00" endTime="2025-06-24T03:53:52.1970534+00:00" testType="13cdc9d9-ddb5-4fa4-a97d-d965ccfc6d4b" outcome="Passed" testListId="8c84fa94-04c1-424b-9868-57a2d4851a1d" relativeResultsDirectory="9bfdcfaa-0144-455b-b5b7-80c5673cbc25" />
    <UnitTestResult executionId="2c9eb72d-3f7f-4fcd-81f5-dfa7f0c381ed" testId="c7cd6567-938f-c1b9-858f-c5b856d8b3bb" testName="ClickUp.Api.Client.Tests.ServiceTests.ChatServiceTests.CreateChatReactionAsync_ApiConnectionThrowsTaskCanceledException_PropagatesException" computerName="devbox" duration="00:00:00.0026308" startTime="2025-06-24T03:53:52.1370429+00:00" endTime="2025-06-24T03:53:52.1370430+00:00" testType="13cdc9d9-ddb5-4fa4-a97d-d965ccfc6d4b" outcome="Passed" testListId="8c84fa94-04c1-424b-9868-57a2d4851a1d" relativeResultsDirectory="2c9eb72d-3f7f-4fcd-81f5-dfa7f0c381ed" />
    <UnitTestResult executionId="a6d5f4fe-a995-49c1-bc7f-854a787d3728" testId="062b9029-8b37-6fb7-1cef-0200c21085ad" testName="ClickUp.Api.Client.Tests.ServiceTests.FoldersServiceTests.CreateFolderAsync_ApiConnectionThrowsTaskCanceledException_PropagatesException" computerName="devbox" duration="00:00:00.0058735" startTime="2025-06-24T03:53:51.0760439+00:00" endTime="2025-06-24T03:53:51.0760439+00:00" testType="13cdc9d9-ddb5-4fa4-a97d-d965ccfc6d4b" outcome="Passed" testListId="8c84fa94-04c1-424b-9868-57a2d4851a1d" relativeResultsDirectory="a6d5f4fe-a995-49c1-bc7f-854a787d3728" />
    <UnitTestResult executionId="6649afe2-50b5-40b2-a2c1-2c7cf057ba36" testId="5fbca718-7a0e-355e-c07c-924a30024ba9" testName="ClickUp.Api.Client.Tests.ServiceTests.TaskChecklistsServiceTests.EditChecklistAsync_PassesCancellationTokenToApiConnection" computerName="devbox" duration="00:00:00.0099915" startTime="2025-06-24T03:53:51.0817271+00:00" endTime="2025-06-24T03:53:51.0817272+00:00" testType="13cdc9d9-ddb5-4fa4-a97d-d965ccfc6d4b" outcome="Passed" testListId="8c84fa94-04c1-424b-9868-57a2d4851a1d" relativeResultsDirectory="6649afe2-50b5-40b2-a2c1-2c7cf057ba36" />
    <UnitTestResult executionId="d24fabee-7ffa-4bd3-af2e-027ea791d447" testId="1ddb416b-a245-c9c3-9558-a21c55e29e6a" testName="ClickUp.Api.Client.Tests.ServiceTests.ChatServiceTests.GetChatChannelFollowersAsync_PassesCancellationTokenToApiConnection" computerName="devbox" duration="00:00:00.0048824" startTime="2025-06-24T03:53:51.9561959+00:00" endTime="2025-06-24T03:53:51.9561960+00:00" testType="13cdc9d9-ddb5-4fa4-a97d-d965ccfc6d4b" outcome="Passed" testListId="8c84fa94-04c1-424b-9868-57a2d4851a1d" relativeResultsDirectory="d24fabee-7ffa-4bd3-af2e-027ea791d447" />
    <UnitTestResult executionId="e2679515-c6ad-4baa-abab-ec19229e736e" testId="46b3c2ba-8592-31fb-7b9f-4c21bb30a437" testName="ClickUp.Api.Client.Tests.Http.AuthenticationDelegatingHandlerTests.SendAsync_ShouldAddAuthorizationHeader_WithApiKey" computerName="devbox" duration="00:00:00.0059686" startTime="2025-06-24T03:53:51.2323015+00:00" endTime="2025-06-24T03:53:51.2323015+00:00" testType="13cdc9d9-ddb5-4fa4-a97d-d965ccfc6d4b" outcome="Passed" testListId="8c84fa94-04c1-424b-9868-57a2d4851a1d" relativeResultsDirectory="e2679515-c6ad-4baa-abab-ec19229e736e" />
    <UnitTestResult executionId="a05fcba5-468d-4507-8967-3c81136a4461" testId="f94b0515-49d7-5657-5ad1-7dc42f3d780b" testName="ClickUp.Api.Client.Tests.ServiceTests.ChatServiceTests.CreateLocationChatChannelAsync_ApiConnectionThrowsTaskCanceledException_PropagatesException" computerName="devbox" duration="00:00:00.0032465" startTime="2025-06-24T03:53:52.1496628+00:00" endTime="2025-06-24T03:53:52.1496629+00:00" testType="13cdc9d9-ddb5-4fa4-a97d-d965ccfc6d4b" outcome="Passed" testListId="8c84fa94-04c1-424b-9868-57a2d4851a1d" relativeResultsDirectory="a05fcba5-468d-4507-8967-3c81136a4461" />
    <UnitTestResult executionId="37397c75-4236-4cfa-bc5b-db745371b475" testId="50395e0c-0486-8ab3-cfcf-db624913577f" testName="ClickUp.Api.Client.Tests.ServiceTests.TaskRelationshipsServiceTests.DeleteTaskLinkAsync_ApiConnectionThrowsHttpRequestException_PropagatesException" computerName="devbox" duration="00:00:00.0025725" startTime="2025-06-24T03:53:51.7638343+00:00" endTime="2025-06-24T03:53:51.7638344+00:00" testType="13cdc9d9-ddb5-4fa4-a97d-d965ccfc6d4b" outcome="Passed" testListId="8c84fa94-04c1-424b-9868-57a2d4851a1d" relativeResultsDirectory="37397c75-4236-4cfa-bc5b-db745371b475" />
    <UnitTestResult executionId="524ffb79-80f8-4b89-831c-bd0d33f96ba3" testId="3a43e3a5-dc7c-a35b-7191-ecd99bb582dd" testName="ClickUp.Api.Client.Tests.ServiceTests.ListsServiceTests.CreateListFromTemplateInSpaceAsync_ApiReturnsNullResponse_ThrowsInvalidOperationException" computerName="devbox" duration="00:00:00.0028584" startTime="2025-06-24T03:53:52.3545104+00:00" endTime="2025-06-24T03:53:52.3545105+00:00" testType="13cdc9d9-ddb5-4fa4-a97d-d965ccfc6d4b" outcome="Passed" testListId="8c84fa94-04c1-424b-9868-57a2d4851a1d" relativeResultsDirectory="524ffb79-80f8-4b89-831c-bd0d33f96ba3" />
    <UnitTestResult executionId="f5220083-d519-49af-92ac-a62326950a49" testId="d514cbef-9ae0-3465-36ea-91b11bbefd16" testName="ClickUp.Api.Client.Tests.ServiceTests.SharedHierarchyServiceTests.GetSharedHierarchyAsync_ApiConnectionThrowsTaskCanceledException_PropagatesException" computerName="devbox" duration="00:00:00.0016665" startTime="2025-06-24T03:53:51.1335909+00:00" endTime="2025-06-24T03:53:51.1335910+00:00" testType="13cdc9d9-ddb5-4fa4-a97d-d965ccfc6d4b" outcome="Passed" testListId="8c84fa94-04c1-424b-9868-57a2d4851a1d" relativeResultsDirectory="f5220083-d519-49af-92ac-a62326950a49" />
    <UnitTestResult executionId="5fb2052c-28f9-4df8-be56-1d633b954c57" testId="40e1d0a2-d829-f562-0816-5b584932a67d" testName="ClickUp.Api.Client.Tests.Http.ApiConnectionTests.GetAsync_ThrowsCorrectException_ForGeneralErrorStatusCodes(statusCode: ServiceUnavailable, expectedExceptionType: typeof(ClickUp.Api.Client.Models.Exceptions.ClickUpApiServerException), expectedMessageContent: &quot;Service Unavailable&quot;)" computerName="devbox" duration="00:00:00.0005386" startTime="2025-06-24T03:53:51.7126322+00:00" endTime="2025-06-24T03:53:51.7126323+00:00" testType="13cdc9d9-ddb5-4fa4-a97d-d965ccfc6d4b" outcome="Passed" testListId="8c84fa94-04c1-424b-9868-57a2d4851a1d" relativeResultsDirectory="5fb2052c-28f9-4df8-be56-1d633b954c57" />
    <UnitTestResult executionId="e61287b3-394d-47f0-8a7f-2efd6097e0f5" testId="97306b5e-57a8-1e44-dc97-d537cbab6021" testName="ClickUp.Api.Client.Tests.ServiceTests.ChatServiceTests.GetChatChannelAsync_ApiConnectionThrowsTaskCanceledException_PropagatesException" computerName="devbox" duration="00:00:00.0020684" startTime="2025-06-24T03:53:52.1600514+00:00" endTime="2025-06-24T03:53:52.1600515+00:00" testType="13cdc9d9-ddb5-4fa4-a97d-d965ccfc6d4b" outcome="Passed" testListId="8c84fa94-04c1-424b-9868-57a2d4851a1d" relativeResultsDirectory="e61287b3-394d-47f0-8a7f-2efd6097e0f5" />
    <UnitTestResult executionId="83df89ef-6ae7-44dd-9411-18e564f134f3" testId="c3eab5ce-1a68-3e3e-6d51-71b8e8d33cc5" testName="ClickUp.Api.Client.Tests.ServiceTests.GoalsServiceTests.DeleteKeyResultAsync_PassesCancellationTokenToApiConnection" computerName="devbox" duration="00:00:00.0032336" startTime="2025-06-24T03:53:51.9924019+00:00" endTime="2025-06-24T03:53:51.9924020+00:00" testType="13cdc9d9-ddb5-4fa4-a97d-d965ccfc6d4b" outcome="Passed" testListId="8c84fa94-04c1-424b-9868-57a2d4851a1d" relativeResultsDirectory="83df89ef-6ae7-44dd-9411-18e564f134f3" />
    <UnitTestResult executionId="7860bdee-1ad3-4dce-a817-424e5d249348" testId="b97fcd3e-801b-56c2-7c15-be4f6547d4bd" testName="ClickUp.Api.Client.Tests.ServiceTests.WebhooksServiceTests.CreateWebhookAsync_ApiConnectionThrowsTaskCanceledException_PropagatesException" computerName="devbox" duration="00:00:00.0056840" startTime="2025-06-24T03:53:51.5173262+00:00" endTime="2025-06-24T03:53:51.5173263+00:00" testType="13cdc9d9-ddb5-4fa4-a97d-d965ccfc6d4b" outcome="Passed" testListId="8c84fa94-04c1-424b-9868-57a2d4851a1d" relativeResultsDirectory="7860bdee-1ad3-4dce-a817-424e5d249348" />
    <UnitTestResult executionId="3ac32163-c20b-41f9-8e2a-c3e6db13ec62" testId="c5e0be45-241d-5b76-f44d-464d0e8cb047" testName="ClickUp.Api.Client.Tests.ServiceTests.TimeTrackingServiceTests.AddTagsToTimeEntriesAsync_ValidRequest_CallsPostAsync" computerName="devbox" duration="00:00:00.0060797" startTime="2025-06-24T03:53:52.2495108+00:00" endTime="2025-06-24T03:53:52.2495109+00:00" testType="13cdc9d9-ddb5-4fa4-a97d-d965ccfc6d4b" outcome="Passed" testListId="8c84fa94-04c1-424b-9868-57a2d4851a1d" relativeResultsDirectory="3ac32163-c20b-41f9-8e2a-c3e6db13ec62" />
    <UnitTestResult executionId="cece71c1-13a7-4b91-b053-7b41a3a344d4" testId="cf9ce434-1940-5b62-89bd-3f210a8de02b" testName="ClickUp.Api.Client.Tests.ServiceTests.FoldersServiceTests.GetFoldersAsync_ApiReturnsNullResponse_ReturnsEmptyEnumerable" computerName="devbox" duration="00:00:00.0041773" startTime="2025-06-24T03:53:51.0736950+00:00" endTime="2025-06-24T03:53:51.0736951+00:00" testType="13cdc9d9-ddb5-4fa4-a97d-d965ccfc6d4b" outcome="Passed" testListId="8c84fa94-04c1-424b-9868-57a2d4851a1d" relativeResultsDirectory="cece71c1-13a7-4b91-b053-7b41a3a344d4" />
    <UnitTestResult executionId="932c7708-bf5c-4439-bee9-b6625ac66a78" testId="bf5b6035-e322-69a8-84b4-c7074fea8038" testName="ClickUp.Api.Client.Tests.ServiceTests.TimeTrackingServiceTests.StopTimeEntryAsync_ValidRequest_ReturnsStoppedTimeEntry" computerName="devbox" duration="00:00:00.0042229" startTime="2025-06-24T03:53:52.2035697+00:00" endTime="2025-06-24T03:53:52.2035698+00:00" testType="13cdc9d9-ddb5-4fa4-a97d-d965ccfc6d4b" outcome="Passed" testListId="8c84fa94-04c1-424b-9868-57a2d4851a1d" relativeResultsDirectory="932c7708-bf5c-4439-bee9-b6625ac66a78" />
    <UnitTestResult executionId="d3e7f6fb-34c7-4a54-953f-00a00831ccd4" testId="bfaf6352-4421-09bc-d915-7b2d2ece56ba" testName="ClickUp.Api.Client.Tests.ServiceTests.WebhooksServiceTests.DeleteWebhookAsync_ApiConnectionThrowsHttpRequestException_PropagatesException" computerName="devbox" duration="00:00:00.0023243" startTime="2025-06-24T03:53:51.5713752+00:00" endTime="2025-06-24T03:53:51.5713753+00:00" testType="13cdc9d9-ddb5-4fa4-a97d-d965ccfc6d4b" outcome="Passed" testListId="8c84fa94-04c1-424b-9868-57a2d4851a1d" relativeResultsDirectory="d3e7f6fb-34c7-4a54-953f-00a00831ccd4" />
    <UnitTestResult executionId="7250f82b-4399-40a8-96cd-db2b86b0be85" testId="53dc6fcd-4add-8508-6be8-e34134b4bcde" testName="ClickUp.Api.Client.Tests.ServiceTests.TimeTrackingServiceTests.StopTimeEntryAsync_ApiReturnsNullResponse_ThrowsInvalidOperationException" computerName="devbox" duration="00:00:00.0028337" startTime="2025-06-24T03:53:52.2277164+00:00" endTime="2025-06-24T03:53:52.2277165+00:00" testType="13cdc9d9-ddb5-4fa4-a97d-d965ccfc6d4b" outcome="Passed" testListId="8c84fa94-04c1-424b-9868-57a2d4851a1d" relativeResultsDirectory="7250f82b-4399-40a8-96cd-db2b86b0be85" />
    <UnitTestResult executionId="ebffbc8f-85f7-457b-9e65-f30dab757096" testId="764bb79d-f64b-321d-1c4f-cc3374bb3cf9" testName="ClickUp.Api.Client.Tests.ServiceTests.GuestsServiceTests.RemoveGuestFromWorkspaceAsync_ApiConnectionThrowsTaskCanceledException_PropagatesException" computerName="devbox" duration="00:00:00.0038535" startTime="2025-06-24T03:53:51.8072839+00:00" endTime="2025-06-24T03:53:51.8072839+00:00" testType="13cdc9d9-ddb5-4fa4-a97d-d965ccfc6d4b" outcome="Passed" testListId="8c84fa94-04c1-424b-9868-57a2d4851a1d" relativeResultsDirectory="ebffbc8f-85f7-457b-9e65-f30dab757096" />
    <UnitTestResult executionId="9f543ea5-07b7-4a8a-aa68-8b6938c0023f" testId="c4201998-1b61-94fa-68e5-733a302980cd" testName="ClickUp.Api.Client.Tests.ServiceTests.DocsServiceTests.CreateDocAsync_NullResponse_ThrowsInvalidOperationException" computerName="devbox" duration="00:00:00.0026030" startTime="2025-06-24T03:53:51.2551282+00:00" endTime="2025-06-24T03:53:51.2551282+00:00" testType="13cdc9d9-ddb5-4fa4-a97d-d965ccfc6d4b" outcome="Passed" testListId="8c84fa94-04c1-424b-9868-57a2d4851a1d" relativeResultsDirectory="9f543ea5-07b7-4a8a-aa68-8b6938c0023f" />
    <UnitTestResult executionId="4dbdddec-4063-4aea-b7f4-e046be274340" testId="5d2d968b-a1e1-5073-58ed-95be7bc46a38" testName="ClickUp.Api.Client.Tests.ServiceTests.DocsServiceTests.SearchDocsAsync_NullResponse_ThrowsInvalidOperationException" computerName="devbox" duration="00:00:00.0051082" startTime="2025-06-24T03:53:51.2890642+00:00" endTime="2025-06-24T03:53:51.2890643+00:00" testType="13cdc9d9-ddb5-4fa4-a97d-d965ccfc6d4b" outcome="Passed" testListId="8c84fa94-04c1-424b-9868-57a2d4851a1d" relativeResultsDirectory="4dbdddec-4063-4aea-b7f4-e046be274340" />
    <UnitTestResult executionId="2273c842-75a3-4214-80cd-2818cdc3c15b" testId="7d06bb65-bc90-8430-d9f8-34b0ee050fa3" testName="ClickUp.Api.Client.Tests.ServiceTests.UsersServiceTests.EditUserOnWorkspaceAsync_ApiReturnsResponseWithNullUserInMember_ThrowsInvalidOperationException" computerName="devbox" duration="00:00:00.0043710" startTime="2025-06-24T03:53:52.1433270+00:00" endTime="2025-06-24T03:53:52.1433271+00:00" testType="13cdc9d9-ddb5-4fa4-a97d-d965ccfc6d4b" outcome="Passed" testListId="8c84fa94-04c1-424b-9868-57a2d4851a1d" relativeResultsDirectory="2273c842-75a3-4214-80cd-2818cdc3c15b" />
    <UnitTestResult executionId="0b8cffc6-cb4e-4fa6-8e32-55b91dcd142e" testId="66fa857b-e963-0d65-bc03-7e07247eb20e" testName="ClickUp.Api.Client.Tests.ServiceTests.GuestsServiceTests.RemoveGuestFromFolderAsync_NullApiResponse_ThrowsInvalidOperationException" computerName="devbox" duration="00:00:00.0046551" startTime="2025-06-24T03:53:51.8695344+00:00" endTime="2025-06-24T03:53:51.8695345+00:00" testType="13cdc9d9-ddb5-4fa4-a97d-d965ccfc6d4b" outcome="Passed" testListId="8c84fa94-04c1-424b-9868-57a2d4851a1d" relativeResultsDirectory="0b8cffc6-cb4e-4fa6-8e32-55b91dcd142e" />
    <UnitTestResult executionId="1a523f9f-71f4-42c4-a381-87bc93575558" testId="0bf23eb2-0c49-dfa7-75c5-e1b7bf6065d3" testName="ClickUp.Api.Client.Tests.ServiceTests.CustomFieldsServiceTests.GetWorkspaceCustomFieldsAsync_NullResponse_ReturnsEmptyList" computerName="devbox" duration="00:00:00.0039540" startTime="2025-06-24T03:53:51.9415222+00:00" endTime="2025-06-24T03:53:51.9415223+00:00" testType="13cdc9d9-ddb5-4fa4-a97d-d965ccfc6d4b" outcome="Passed" testListId="8c84fa94-04c1-424b-9868-57a2d4851a1d" relativeResultsDirectory="1a523f9f-71f4-42c4-a381-87bc93575558" />
    <UnitTestResult executionId="09a45c56-9356-404a-a532-a6eb73ec74cd" testId="16a40cd0-7c1d-e04f-26f5-0deea294674b" testName="ClickUp.Api.Client.Tests.ServiceTests.CustomFieldsServiceTests.RemoveCustomFieldValueAsync_ValidRequest_CallsDeleteAsyncWithCorrectUrl" computerName="devbox" duration="00:00:00.0057018" startTime="2025-06-24T03:53:51.8876694+00:00" endTime="2025-06-24T03:53:51.8876694+00:00" testType="13cdc9d9-ddb5-4fa4-a97d-d965ccfc6d4b" outcome="Passed" testListId="8c84fa94-04c1-424b-9868-57a2d4851a1d" relativeResultsDirectory="09a45c56-9356-404a-a532-a6eb73ec74cd" />
    <UnitTestResult executionId="00408d7e-7461-49f2-a964-06d47a2e9ba1" testId="0e24771a-d278-3b70-2819-b8f07c8eeffc" testName="ClickUp.Api.Client.Tests.ServiceTests.CustomFieldsServiceTests.SetCustomFieldValueAsync_ApiConnectionThrowsTaskCanceledException_PropagatesException" computerName="devbox" duration="00:00:00.0063619" startTime="2025-06-24T03:53:51.8822695+00:00" endTime="2025-06-24T03:53:51.8822696+00:00" testType="13cdc9d9-ddb5-4fa4-a97d-d965ccfc6d4b" outcome="Passed" testListId="8c84fa94-04c1-424b-9868-57a2d4851a1d" relativeResultsDirectory="00408d7e-7461-49f2-a964-06d47a2e9ba1" />
    <UnitTestResult executionId="7580346d-8df8-4dc4-926a-8c58cb0f3e45" testId="7d882415-d4c4-16f3-e125-247f5706c127" testName="ClickUp.Api.Client.Tests.ServiceTests.UsersServiceTests.EditUserOnWorkspaceAsync_ApiReturnsResponseWithNullMember_ThrowsInvalidOperationException" computerName="devbox" duration="00:00:00.0042952" startTime="2025-06-24T03:53:52.1235293+00:00" endTime="2025-06-24T03:53:52.1235294+00:00" testType="13cdc9d9-ddb5-4fa4-a97d-d965ccfc6d4b" outcome="Passed" testListId="8c84fa94-04c1-424b-9868-57a2d4851a1d" relativeResultsDirectory="7580346d-8df8-4dc4-926a-8c58cb0f3e45" />
    <UnitTestResult executionId="5534a1bf-d706-4a5a-a2f2-d9fd3d074f1e" testId="c8dadf2f-d99b-7fdd-c771-65d4d23b6f2a" testName="ClickUp.Api.Client.Tests.ServiceTests.TagsServiceTests.DeleteSpaceTagAsync_PassesCancellationTokenToApiConnection" computerName="devbox" duration="00:00:00.0065128" startTime="2025-06-24T03:53:51.5481722+00:00" endTime="2025-06-24T03:53:51.5481722+00:00" testType="13cdc9d9-ddb5-4fa4-a97d-d965ccfc6d4b" outcome="Passed" testListId="8c84fa94-04c1-424b-9868-57a2d4851a1d" relativeResultsDirectory="5534a1bf-d706-4a5a-a2f2-d9fd3d074f1e" />
    <UnitTestResult executionId="b6328f9b-9f88-487b-887a-dad6b0a26af2" testId="1fbfa319-c69d-e1db-1d93-bbb3d9e8e78c" testName="ClickUp.Api.Client.Tests.ServiceTests.ViewsServiceTests.GetWorkspaceViewsAsync_ApiReturnsNull_ThrowsInvalidOperationException" computerName="devbox" duration="00:00:00.0100549" startTime="2025-06-24T03:53:51.0742623+00:00" endTime="2025-06-24T03:53:51.0742623+00:00" testType="13cdc9d9-ddb5-4fa4-a97d-d965ccfc6d4b" outcome="Passed" testListId="8c84fa94-04c1-424b-9868-57a2d4851a1d" relativeResultsDirectory="b6328f9b-9f88-487b-887a-dad6b0a26af2" />
    <UnitTestResult executionId="9b420c71-7190-407a-a64a-893f45ae4671" testId="6d7735d0-7064-6afa-5a15-3310ca58c375" testName="ClickUp.Api.Client.Tests.ServiceTests.ViewsServiceTests.GetListViewsAsync_ApiReturnsNull_ThrowsInvalidOperationException" computerName="devbox" duration="00:00:00.0038191" startTime="2025-06-24T03:53:51.0735610+00:00" endTime="2025-06-24T03:53:51.0735611+00:00" testType="13cdc9d9-ddb5-4fa4-a97d-d965ccfc6d4b" outcome="Passed" testListId="8c84fa94-04c1-424b-9868-57a2d4851a1d" relativeResultsDirectory="9b420c71-7190-407a-a64a-893f45ae4671" />
    <UnitTestResult executionId="5734daf8-d49a-4161-8f79-c5d963b00488" testId="55b32a28-7140-7866-dfb0-7fc53d5705bd" testName="ClickUp.Api.Client.Tests.ServiceTests.DocsServiceTests.SearchDocsAsync_PassesCancellationTokenToApiConnection" computerName="devbox" duration="00:00:00.0095177" startTime="2025-06-24T03:53:51.3821332+00:00" endTime="2025-06-24T03:53:51.3821333+00:00" testType="13cdc9d9-ddb5-4fa4-a97d-d965ccfc6d4b" outcome="Passed" testListId="8c84fa94-04c1-424b-9868-57a2d4851a1d" relativeResultsDirectory="5734daf8-d49a-4161-8f79-c5d963b00488" />
    <UnitTestResult executionId="fc8daa4d-dacd-4d05-9943-74ce36bfde8a" testId="0a3229f1-ee45-0b1e-b03c-b61586bbf7b1" testName="ClickUp.Api.Client.Tests.ServiceTests.ViewsServiceTests.GetViewAsync_ValidViewId_ReturnsView" computerName="devbox" duration="00:00:00.0068714" startTime="2025-06-24T03:53:51.0783552+00:00" endTime="2025-06-24T03:53:51.0783552+00:00" testType="13cdc9d9-ddb5-4fa4-a97d-d965ccfc6d4b" outcome="Passed" testListId="8c84fa94-04c1-424b-9868-57a2d4851a1d" relativeResultsDirectory="fc8daa4d-dacd-4d05-9943-74ce36bfde8a" />
    <UnitTestResult executionId="36645710-5ca2-458f-9ccd-240a482db2ed" testId="4045d95b-cc29-79d5-a41d-0b1fdbca4123" testName="ClickUp.Api.Client.Tests.ServiceTests.TimeTrackingServiceTests.GetAllTimeEntryTagsAsync_ApiReturnsNullResponse_ReturnsEmptyEnumerable" computerName="devbox" duration="00:00:00.0059585" startTime="2025-06-24T03:53:51.4826430+00:00" endTime="2025-06-24T03:53:51.4826431+00:00" testType="13cdc9d9-ddb5-4fa4-a97d-d965ccfc6d4b" outcome="Passed" testListId="8c84fa94-04c1-424b-9868-57a2d4851a1d" relativeResultsDirectory="36645710-5ca2-458f-9ccd-240a482db2ed" />
    <UnitTestResult executionId="22dab698-4adc-4514-b9f6-943de39749f8" testId="77bdf4bc-d936-5dd2-d76f-d427b1d19eb7" testName="ClickUp.Api.Client.Tests.ServiceTests.TimeTrackingServiceTests.RemoveTagsFromTimeEntriesAsync_ValidRequest_CallsDeleteAsyncWithBody" computerName="devbox" duration="00:00:00.0077459" startTime="2025-06-24T03:53:52.3134682+00:00" endTime="2025-06-24T03:53:52.3134682+00:00" testType="13cdc9d9-ddb5-4fa4-a97d-d965ccfc6d4b" outcome="Passed" testListId="8c84fa94-04c1-424b-9868-57a2d4851a1d" relativeResultsDirectory="22dab698-4adc-4514-b9f6-943de39749f8" />
    <UnitTestResult executionId="d083beea-3856-4bcf-8b40-d191ff4e9c69" testId="d4c2b297-8dff-48fc-f568-86d5264bc62f" testName="ClickUp.Api.Client.Tests.ServiceTests.WebhooksServiceTests.GetWebhooksAsync_ApiReturnsNullResponse_ReturnsEmptyEnumerable" computerName="devbox" duration="00:00:00.0096488" startTime="2025-06-24T03:53:51.5119954+00:00" endTime="2025-06-24T03:53:51.5119955+00:00" testType="13cdc9d9-ddb5-4fa4-a97d-d965ccfc6d4b" outcome="Passed" testListId="8c84fa94-04c1-424b-9868-57a2d4851a1d" relativeResultsDirectory="d083beea-3856-4bcf-8b40-d191ff4e9c69" />
    <UnitTestResult executionId="cd756494-e3d3-4379-ac13-d110b14fb424" testId="e83420e2-3e4c-0b46-91f0-367058c9ac00" testName="ClickUp.Api.Client.Tests.ServiceTests.DocsServiceTests.GetDocAsync_NullResponse_ThrowsInvalidOperationException" computerName="devbox" duration="00:00:00.0152212" startTime="2025-06-24T03:53:51.1737782+00:00" endTime="2025-06-24T03:53:51.1737783+00:00" testType="13cdc9d9-ddb5-4fa4-a97d-d965ccfc6d4b" outcome="Passed" testListId="8c84fa94-04c1-424b-9868-57a2d4851a1d" relativeResultsDirectory="cd756494-e3d3-4379-ac13-d110b14fb424" />
    <UnitTestResult executionId="c5d9241f-7e93-4018-8792-74457c8a9c3d" testId="a06ac183-48bd-dba7-97c8-11bc4f040665" testName="ClickUp.Api.Client.Tests.ServiceTests.GoalsServiceTests.GetGoalsAsync_IncludeCompletedFalse_BuildsCorrectUrl" computerName="devbox" duration="00:00:00.0075868" startTime="2025-06-24T03:53:51.8736649+00:00" endTime="2025-06-24T03:53:51.8736650+00:00" testType="13cdc9d9-ddb5-4fa4-a97d-d965ccfc6d4b" outcome="Passed" testListId="8c84fa94-04c1-424b-9868-57a2d4851a1d" relativeResultsDirectory="c5d9241f-7e93-4018-8792-74457c8a9c3d" />
    <UnitTestResult executionId="b08b5f6a-5eda-432b-a29a-4f88de41fac6" testId="1640ab59-3d48-3db5-9028-b768d88243d1" testName="ClickUp.Api.Client.Tests.ServiceTests.ChatServiceTests.CreateChatReactionAsync_ValidRequest_CallsPostAndReturnsReaction" computerName="devbox" duration="00:00:00.0058373" startTime="2025-06-24T03:53:51.9368840+00:00" endTime="2025-06-24T03:53:51.9368841+00:00" testType="13cdc9d9-ddb5-4fa4-a97d-d965ccfc6d4b" outcome="Passed" testListId="8c84fa94-04c1-424b-9868-57a2d4851a1d" relativeResultsDirectory="b08b5f6a-5eda-432b-a29a-4f88de41fac6" />
    <UnitTestResult executionId="f0aa34ee-0fb2-4347-bb81-b9ef26101997" testId="6713f5db-229f-650d-5241-8148618d3899" testName="ClickUp.Api.Client.Tests.ServiceTests.ListsServiceTests.GetFolderlessListsAsync_WithArchivedTrue_BuildsCorrectUrl" computerName="devbox" duration="00:00:00.0029220" startTime="2025-06-24T03:53:52.4345674+00:00" endTime="2025-06-24T03:53:52.4345675+00:00" testType="13cdc9d9-ddb5-4fa4-a97d-d965ccfc6d4b" outcome="Passed" testListId="8c84fa94-04c1-424b-9868-57a2d4851a1d" relativeResultsDirectory="f0aa34ee-0fb2-4347-bb81-b9ef26101997" />
    <UnitTestResult executionId="7d34489c-424d-4caa-86ec-140fdaca91b1" testId="abbbd104-459c-2918-03dc-02e01cf46063" testName="ClickUp.Api.Client.Tests.ServiceTests.MembersServiceTests.GetListMembersAsync_ApiReturnsNullResponse_ReturnsEmptyEnumerable" computerName="devbox" duration="00:00:00.0019702" startTime="2025-06-24T03:53:51.2743299+00:00" endTime="2025-06-24T03:53:51.2743300+00:00" testType="13cdc9d9-ddb5-4fa4-a97d-d965ccfc6d4b" outcome="Passed" testListId="8c84fa94-04c1-424b-9868-57a2d4851a1d" relativeResultsDirectory="7d34489c-424d-4caa-86ec-140fdaca91b1" />
    <UnitTestResult executionId="14f55074-3bbf-4f59-9ccb-9b42c7145b4c" testId="f3172ad1-5349-25f4-05c4-524037f2c966" testName="ClickUp.Api.Client.Tests.ServiceTests.DocsServiceTests.SearchAllDocsAsync_MultiplePagesOfResults_ReturnsAllItems" computerName="devbox" duration="00:00:00.0104315" startTime="2025-06-24T03:53:51.3231167+00:00" endTime="2025-06-24T03:53:51.3231168+00:00" testType="13cdc9d9-ddb5-4fa4-a97d-d965ccfc6d4b" outcome="Passed" testListId="8c84fa94-04c1-424b-9868-57a2d4851a1d" relativeResultsDirectory="14f55074-3bbf-4f59-9ccb-9b42c7145b4c" />
    <UnitTestResult executionId="9947c96b-4911-4c2b-b9b2-782b3db70dc2" testId="c1a36449-b473-86a7-6764-65536be57608" testName="ClickUp.Api.Client.Tests.ServiceTests.TaskServiceTests.GetTaskAsync_ApiConnectionReturnsNull_ThrowsInvalidOperationException" computerName="devbox" duration="00:00:00.0028966" startTime="2025-06-24T03:53:52.1454523+00:00" endTime="2025-06-24T03:53:52.1454524+00:00" testType="13cdc9d9-ddb5-4fa4-a97d-d965ccfc6d4b" outcome="Passed" testListId="8c84fa94-04c1-424b-9868-57a2d4851a1d" relativeResultsDirectory="9947c96b-4911-4c2b-b9b2-782b3db70dc2" />
    <UnitTestResult executionId="b8be4c80-9c6b-4700-812a-d49e10df2033" testId="15b159b3-cb5f-f09c-f394-b08149c7dd09" testName="ClickUp.Api.Client.Tests.ServiceTests.FoldersServiceTests.UpdateFolderAsync_NullResponse_ThrowsInvalidOperationException" computerName="devbox" duration="00:00:00.0049560" startTime="2025-06-24T03:53:51.0782425+00:00" endTime="2025-06-24T03:53:51.0782426+00:00" testType="13cdc9d9-ddb5-4fa4-a97d-d965ccfc6d4b" outcome="Passed" testListId="8c84fa94-04c1-424b-9868-57a2d4851a1d" relativeResultsDirectory="b8be4c80-9c6b-4700-812a-d49e10df2033" />
    <UnitTestResult executionId="89bb2ab5-4275-49bd-ac48-109b16f34bb0" testId="f4595b48-ed9f-1dfd-8c5d-cab04899b749" testName="ClickUp.Api.Client.Tests.ServiceTests.ChatServiceTests.DeleteChatMessageAsync_ApiError_ThrowsHttpRequestException" computerName="devbox" duration="00:00:00.0020703" startTime="2025-06-24T03:53:51.8992843+00:00" endTime="2025-06-24T03:53:51.8992844+00:00" testType="13cdc9d9-ddb5-4fa4-a97d-d965ccfc6d4b" outcome="Passed" testListId="8c84fa94-04c1-424b-9868-57a2d4851a1d" relativeResultsDirectory="89bb2ab5-4275-49bd-ac48-109b16f34bb0" />
    <UnitTestResult executionId="b8ac4902-6b89-4d8f-8ed2-f39f489cfcfc" testId="51353947-3452-476e-394a-bcc34cf5934f" testName="ClickUp.Api.Client.Tests.ServiceTests.ChatServiceTests.GetChatChannelAsync_PassesCancellationTokenToApiConnection" computerName="devbox" duration="00:00:00.0047367" startTime="2025-06-24T03:53:52.2099360+00:00" endTime="2025-06-24T03:53:52.2099360+00:00" testType="13cdc9d9-ddb5-4fa4-a97d-d965ccfc6d4b" outcome="Passed" testListId="8c84fa94-04c1-424b-9868-57a2d4851a1d" relativeResultsDirectory="b8ac4902-6b89-4d8f-8ed2-f39f489cfcfc" />
    <UnitTestResult executionId="988f09e5-0695-4387-b1fa-3de18a3239c8" testId="f48eeea0-1628-3a4f-951e-8100079445f9" testName="ClickUp.Api.Client.Tests.ServiceTests.CommentServiceTests.UpdateCommentAsync_ApiConnectionThrowsException_PropagatesException" computerName="devbox" duration="00:00:00.0019084" startTime="2025-06-24T03:53:51.3448907+00:00" endTime="2025-06-24T03:53:51.3448908+00:00" testType="13cdc9d9-ddb5-4fa4-a97d-d965ccfc6d4b" outcome="Passed" testListId="8c84fa94-04c1-424b-9868-57a2d4851a1d" relativeResultsDirectory="988f09e5-0695-4387-b1fa-3de18a3239c8" />
    <UnitTestResult executionId="265b7cc5-7cdf-4f42-b6e3-2b077fef394f" testId="406d7e6b-1b2f-ceac-cd05-2ee2f4450951" testName="ClickUp.Api.Client.Tests.ServiceTests.CommentServiceTests.GetListCommentsAsync_PassesCancellationTokenToApiConnection" computerName="devbox" duration="00:00:00.0049157" startTime="2025-06-24T03:53:51.3498949+00:00" endTime="2025-06-24T03:53:51.3498950+00:00" testType="13cdc9d9-ddb5-4fa4-a97d-d965ccfc6d4b" outcome="Passed" testListId="8c84fa94-04c1-424b-9868-57a2d4851a1d" relativeResultsDirectory="265b7cc5-7cdf-4f42-b6e3-2b077fef394f" />
    <UnitTestResult executionId="469808d4-3494-41c6-8242-65395834025a" testId="5779e282-5f15-b356-3ba1-d082a48628f1" testName="ClickUp.Api.Client.Tests.ServiceTests.ListsServiceTests.GetFolderlessListsAsync_ApiConnectionThrowsHttpRequestException_PropagatesException" computerName="devbox" duration="00:00:00.0067826" startTime="2025-06-24T03:53:52.1369857+00:00" endTime="2025-06-24T03:53:52.1369857+00:00" testType="13cdc9d9-ddb5-4fa4-a97d-d965ccfc6d4b" outcome="Passed" testListId="8c84fa94-04c1-424b-9868-57a2d4851a1d" relativeResultsDirectory="469808d4-3494-41c6-8242-65395834025a" />
    <UnitTestResult executionId="6448c4d8-f27f-4966-b56c-9ff77a4c4b5e" testId="1112d1dd-eea7-ec92-2073-5e99606250d4" testName="ClickUp.Api.Client.Tests.ServiceTests.CustomFieldsServiceTests.GetWorkspaceCustomFieldsAsync_PassesCancellationTokenToApiConnection" computerName="devbox" duration="00:00:00.0082229" startTime="2025-06-24T03:53:51.9856105+00:00" endTime="2025-06-24T03:53:51.9856105+00:00" testType="13cdc9d9-ddb5-4fa4-a97d-d965ccfc6d4b" outcome="Passed" testListId="8c84fa94-04c1-424b-9868-57a2d4851a1d" relativeResultsDirectory="6448c4d8-f27f-4966-b56c-9ff77a4c4b5e" />
    <UnitTestResult executionId="ce9b1aa6-5e35-4bed-9b0a-fc9bc4ff7fe1" testId="bb345544-bfb8-1b01-5339-f2605a9da222" testName="ClickUp.Api.Client.Tests.ServiceTests.TimeTrackingServiceTests.GetTimeEntriesAsync_ApiConnectionThrowsHttpRequestException_PropagatesException" computerName="devbox" duration="00:00:00.0019868" startTime="2025-06-24T03:53:51.5042380+00:00" endTime="2025-06-24T03:53:51.5042381+00:00" testType="13cdc9d9-ddb5-4fa4-a97d-d965ccfc6d4b" outcome="Passed" testListId="8c84fa94-04c1-424b-9868-57a2d4851a1d" relativeResultsDirectory="ce9b1aa6-5e35-4bed-9b0a-fc9bc4ff7fe1" />
    <UnitTestResult executionId="17827453-4bcb-44c6-8348-c23265f9812f" testId="9acac3b6-59ed-baed-27c4-81256cf3e2b7" testName="ClickUp.Api.Client.Tests.ServiceTests.DocsServiceTests.CreateDocAsync_ApiError_ThrowsHttpRequestException" computerName="devbox" duration="00:00:00.0030744" startTime="2025-06-24T03:53:51.3635250+00:00" endTime="2025-06-24T03:53:51.3635250+00:00" testType="13cdc9d9-ddb5-4fa4-a97d-d965ccfc6d4b" outcome="Passed" testListId="8c84fa94-04c1-424b-9868-57a2d4851a1d" relativeResultsDirectory="17827453-4bcb-44c6-8348-c23265f9812f" />
    <UnitTestResult executionId="b70c435a-f407-418b-af0c-323a37aed468" testId="bf05b4b4-c19c-b14e-83f2-8776361847ab" testName="ClickUp.Api.Client.Tests.ServiceTests.ChatServiceTests.GetChatChannelFollowersAsync_MinimalRequest_BuildsUrlAndReturnsResponse" computerName="devbox" duration="00:00:00.0053134" startTime="2025-06-24T03:53:52.2744560+00:00" endTime="2025-06-24T03:53:52.2744561+00:00" testType="13cdc9d9-ddb5-4fa4-a97d-d965ccfc6d4b" outcome="Passed" testListId="8c84fa94-04c1-424b-9868-57a2d4851a1d" relativeResultsDirectory="b70c435a-f407-418b-af0c-323a37aed468" />
    <UnitTestResult executionId="8ee243e0-8fb1-4734-a326-5068bcb04366" testId="475d9678-ed39-777c-2507-1c4359088c7d" testName="ClickUp.Api.Client.Tests.ServiceTests.UsersServiceTests.GetUserFromWorkspaceAsync_ApiReturnsNullResponse_ThrowsInvalidOperationException" computerName="devbox" duration="00:00:00.0088506" startTime="2025-06-24T03:53:52.1025580+00:00" endTime="2025-06-24T03:53:52.1025580+00:00" testType="13cdc9d9-ddb5-4fa4-a97d-d965ccfc6d4b" outcome="Passed" testListId="8c84fa94-04c1-424b-9868-57a2d4851a1d" relativeResultsDirectory="8ee243e0-8fb1-4734-a326-5068bcb04366" />
    <UnitTestResult executionId="15e9b22c-b59e-4a21-948a-11118af9976f" testId="6e8c97ec-e8b9-4664-064c-e2f855880c7c" testName="ClickUp.Api.Client.Tests.ServiceTests.GuestsServiceTests.AddGuestToFolderAsync_ApiConnectionThrowsTaskCanceledException_PropagatesException" computerName="devbox" duration="00:00:00.0033043" startTime="2025-06-24T03:53:51.7893133+00:00" endTime="2025-06-24T03:53:51.7893134+00:00" testType="13cdc9d9-ddb5-4fa4-a97d-d965ccfc6d4b" outcome="Passed" testListId="8c84fa94-04c1-424b-9868-57a2d4851a1d" relativeResultsDirectory="15e9b22c-b59e-4a21-948a-11118af9976f" />
    <UnitTestResult executionId="086aa03d-e425-4091-9d89-0139ac907f6d" testId="24c60078-9625-8e92-f24a-c8acb4a37b6f" testName="ClickUp.Api.Client.Tests.ServiceTests.ChatServiceTests.CreateChatMessageAsync_ApiConnectionThrowsTaskCanceledException_PropagatesException" computerName="devbox" duration="00:00:00.0057561" startTime="2025-06-24T03:53:51.8403719+00:00" endTime="2025-06-24T03:53:51.8403720+00:00" testType="13cdc9d9-ddb5-4fa4-a97d-d965ccfc6d4b" outcome="Passed" testListId="8c84fa94-04c1-424b-9868-57a2d4851a1d" relativeResultsDirectory="086aa03d-e425-4091-9d89-0139ac907f6d" />
    <UnitTestResult executionId="7f281241-758f-4321-af64-0ac376238e6d" testId="2e1fa312-8a9c-62d8-e52c-b05292789ed7" testName="ClickUp.Api.Client.Tests.ServiceTests.WebhooksServiceTests.UpdateWebhookAsync_ApiConnectionThrowsTaskCanceledException_PropagatesException" computerName="devbox" duration="00:00:00.0101489" startTime="2025-06-24T03:53:51.6787648+00:00" endTime="2025-06-24T03:53:51.6787649+00:00" testType="13cdc9d9-ddb5-4fa4-a97d-d965ccfc6d4b" outcome="Passed" testListId="8c84fa94-04c1-424b-9868-57a2d4851a1d" relativeResultsDirectory="7f281241-758f-4321-af64-0ac376238e6d" />
    <UnitTestResult executionId="45dbf52f-5d28-4fd4-9319-231c3e486e5f" testId="42da3e86-c4b2-f46d-0f5b-b82a328f739c" testName="ClickUp.Api.Client.Tests.Http.ApiConnectionTests.GetAsync_ThrowsClickUpApiException_WhenContentIsEmpty" computerName="devbox" duration="00:00:00.0039043" startTime="2025-06-24T03:53:51.7452711+00:00" endTime="2025-06-24T03:53:51.7452712+00:00" testType="13cdc9d9-ddb5-4fa4-a97d-d965ccfc6d4b" outcome="Passed" testListId="8c84fa94-04c1-424b-9868-57a2d4851a1d" relativeResultsDirectory="45dbf52f-5d28-4fd4-9319-231c3e486e5f" />
    <UnitTestResult executionId="411fd40b-c4b1-4aa6-a53c-b9c8c2cc47ae" testId="68b3e192-a617-cbce-6861-aca6a4bea39b" testName="ClickUp.Api.Client.Tests.ServiceTests.GoalsServiceTests.GetGoalsAsync_ApiError_ThrowsHttpRequestException" computerName="devbox" duration="00:00:00.0015020" startTime="2025-06-24T03:53:51.8663941+00:00" endTime="2025-06-24T03:53:51.8663942+00:00" testType="13cdc9d9-ddb5-4fa4-a97d-d965ccfc6d4b" outcome="Passed" testListId="8c84fa94-04c1-424b-9868-57a2d4851a1d" relativeResultsDirectory="411fd40b-c4b1-4aa6-a53c-b9c8c2cc47ae" />
    <UnitTestResult executionId="9cb7c772-b5ea-4a42-8dcd-6e52610a4d2c" testId="8f7bacc1-cfc7-b0fe-3fce-f3b6c6e9b7de" testName="ClickUp.Api.Client.Tests.ServiceTests.ViewsServiceTests.GetViewTasksAsync_ValidRequest_ReturnsTasks" computerName="devbox" duration="00:00:00.0156959" startTime="2025-06-24T03:53:51.0759359+00:00" endTime="2025-06-24T03:53:51.0759360+00:00" testType="13cdc9d9-ddb5-4fa4-a97d-d965ccfc6d4b" outcome="Passed" testListId="8c84fa94-04c1-424b-9868-57a2d4851a1d" relativeResultsDirectory="9cb7c772-b5ea-4a42-8dcd-6e52610a4d2c" />
    <UnitTestResult executionId="5b8b54df-f5ca-4d95-9ab9-3b8e18831119" testId="da8dace8-4ac6-e8fe-48f6-c0c642948111" testName="ClickUp.Api.Client.Tests.ServiceTests.TaskRelationshipsServiceTests.DeleteTaskLinkAsync_WithCustomIdsAndTeamId_BuildsCorrectUrl" computerName="devbox" duration="00:00:00.0064554" startTime="2025-06-24T03:53:51.7261663+00:00" endTime="2025-06-24T03:53:51.7261664+00:00" testType="13cdc9d9-ddb5-4fa4-a97d-d965ccfc6d4b" outcome="Passed" testListId="8c84fa94-04c1-424b-9868-57a2d4851a1d" relativeResultsDirectory="5b8b54df-f5ca-4d95-9ab9-3b8e18831119" />
    <UnitTestResult executionId="acef653c-9c26-477d-b4fe-e7c247748fe1" testId="3128f2ee-7977-9932-03b7-77d2d3472e5f" testName="ClickUp.Api.Client.Tests.Models.Entities.CustomFieldValueTests.Deserialize_DropdownFieldValue_WithNumericValue_Correctly" computerName="devbox" duration="00:00:00.0008626" startTime="2025-06-24T03:53:51.4899978+00:00" endTime="2025-06-24T03:53:51.4899979+00:00" testType="13cdc9d9-ddb5-4fa4-a97d-d965ccfc6d4b" outcome="Passed" testListId="8c84fa94-04c1-424b-9868-57a2d4851a1d" relativeResultsDirectory="acef653c-9c26-477d-b4fe-e7c247748fe1" />
    <UnitTestResult executionId="6e71a0be-2ac9-4ec8-a78f-35061d41d97b" testId="25c1b683-3a86-c917-ec64-a480a60709bd" testName="ClickUp.Api.Client.Tests.ServiceTests.ListsServiceTests.RemoveTaskFromListAsync_ValidIds_CallsDeleteAsync" computerName="devbox" duration="00:00:00.0033738" startTime="2025-06-24T03:53:52.4204394+00:00" endTime="2025-06-24T03:53:52.4204395+00:00" testType="13cdc9d9-ddb5-4fa4-a97d-d965ccfc6d4b" outcome="Passed" testListId="8c84fa94-04c1-424b-9868-57a2d4851a1d" relativeResultsDirectory="6e71a0be-2ac9-4ec8-a78f-35061d41d97b" />
    <UnitTestResult executionId="503d215f-a2e6-46c3-bb9d-6a743cddbc38" testId="da9a57dd-02b1-7ed0-bb08-dd7075b8d182" testName="ClickUp.Api.Client.Tests.ServiceTests.AuthorizationServiceTests.GetAccessTokenAsync_PassesCancellationTokenToApiConnection" computerName="devbox" duration="00:00:00.0097867" startTime="2025-06-24T03:53:52.0415688+00:00" endTime="2025-06-24T03:53:52.0415689+00:00" testType="13cdc9d9-ddb5-4fa4-a97d-d965ccfc6d4b" outcome="Passed" testListId="8c84fa94-04c1-424b-9868-57a2d4851a1d" relativeResultsDirectory="503d215f-a2e6-46c3-bb9d-6a743cddbc38" />
    <UnitTestResult executionId="da440713-0e96-46c3-bbf6-3e48ef5a8de5" testId="cf45ee30-83d2-0b82-f62e-b027766bbeaf" testName="ClickUp.Api.Client.Tests.ServiceTests.GoalsServiceTests.EditKeyResultAsync_ApiReturnsNullKeyResultInResponse_ThrowsInvalidOperationException" computerName="devbox" duration="00:00:00.0024839" startTime="2025-06-24T03:53:51.8006442+00:00" endTime="2025-06-24T03:53:51.8006443+00:00" testType="13cdc9d9-ddb5-4fa4-a97d-d965ccfc6d4b" outcome="Passed" testListId="8c84fa94-04c1-424b-9868-57a2d4851a1d" relativeResultsDirectory="da440713-0e96-46c3-bbf6-3e48ef5a8de5" />
    <UnitTestResult executionId="bf7910e4-bf11-4c71-b34e-3267ff532111" testId="e3943d2a-6513-8606-a94a-e88cf0bdc8fe" testName="ClickUp.Api.Client.Tests.ServiceTests.ViewsServiceTests.GetFolderViewsAsync_ValidFolderId_ReturnsViews" computerName="devbox" duration="00:00:00.0067272" startTime="2025-06-24T03:53:51.0797190+00:00" endTime="2025-06-24T03:53:51.0797191+00:00" testType="13cdc9d9-ddb5-4fa4-a97d-d965ccfc6d4b" outcome="Passed" testListId="8c84fa94-04c1-424b-9868-57a2d4851a1d" relativeResultsDirectory="bf7910e4-bf11-4c71-b34e-3267ff532111" />
    <UnitTestResult executionId="b1df409b-6325-4362-a365-ae283886ef58" testId="048450f3-967a-39d8-a390-18f251e85531" testName="ClickUp.Api.Client.Tests.ServiceTests.SharedHierarchyServiceTests.GetSharedHierarchyAsync_ValidWorkspaceId_ReturnsSharedHierarchy" computerName="devbox" duration="00:00:00.0060277" startTime="2025-06-24T03:53:51.1289205+00:00" endTime="2025-06-24T03:53:51.1289206+00:00" testType="13cdc9d9-ddb5-4fa4-a97d-d965ccfc6d4b" outcome="Passed" testListId="8c84fa94-04c1-424b-9868-57a2d4851a1d" relativeResultsDirectory="b1df409b-6325-4362-a365-ae283886ef58" />
    <UnitTestResult executionId="7a2624e4-d937-494e-9007-54b79028a077" testId="87976f7c-14dd-b9b7-be4a-35a8302aaf4c" testName="ClickUp.Api.Client.Tests.ServiceTests.ChatServiceTests.GetChatMessageTaggedUsersAsync_ApiError_ThrowsHttpRequestException" computerName="devbox" duration="00:00:00.0015976" startTime="2025-06-24T03:53:52.2151861+00:00" endTime="2025-06-24T03:53:52.2151861+00:00" testType="13cdc9d9-ddb5-4fa4-a97d-d965ccfc6d4b" outcome="Passed" testListId="8c84fa94-04c1-424b-9868-57a2d4851a1d" relativeResultsDirectory="7a2624e4-d937-494e-9007-54b79028a077" />
    <UnitTestResult executionId="dad24770-bfb0-4f42-9470-2680e5e51c3c" testId="00ad0c06-8a51-2cd4-079d-9ed4022e7cf7" testName="ClickUp.Api.Client.Tests.ServiceTests.GoalsServiceTests.DeleteGoalAsync_PassesCancellationTokenToApiConnection" computerName="devbox" duration="00:00:00.0028900" startTime="2025-06-24T03:53:52.0061917+00:00" endTime="2025-06-24T03:53:52.0061918+00:00" testType="13cdc9d9-ddb5-4fa4-a97d-d965ccfc6d4b" outcome="Passed" testListId="8c84fa94-04c1-424b-9868-57a2d4851a1d" relativeResultsDirectory="dad24770-bfb0-4f42-9470-2680e5e51c3c" />
    <UnitTestResult executionId="59e2bf83-91fa-4201-a612-773baa5ff0ba" testId="1e5f29df-ed10-0b1f-d07d-d53b219d368d" testName="ClickUp.Api.Client.Tests.ServiceTests.TaskChecklistsServiceTests.DeleteChecklistItemAsync_PassesCancellationTokenToApiConnection" computerName="devbox" duration="00:00:00.0041410" startTime="2025-06-24T03:53:51.1175516+00:00" endTime="2025-06-24T03:53:51.1175517+00:00" testType="13cdc9d9-ddb5-4fa4-a97d-d965ccfc6d4b" outcome="Passed" testListId="8c84fa94-04c1-424b-9868-57a2d4851a1d" relativeResultsDirectory="59e2bf83-91fa-4201-a612-773baa5ff0ba" />
    <UnitTestResult executionId="ccb8993b-35d7-4fac-aedf-454e5a58a20b" testId="d54acfad-117b-dd2a-e0a9-e4f44eefcede" testName="ClickUp.Api.Client.Tests.ServiceTests.TaskChecklistsServiceTests.CreateChecklistAsync_WithCustomTaskIdsAndTeamId_BuildsCorrectUrl" computerName="devbox" duration="00:00:00.0057115" startTime="2025-06-24T03:53:51.0752399+00:00" endTime="2025-06-24T03:53:51.0752400+00:00" testType="13cdc9d9-ddb5-4fa4-a97d-d965ccfc6d4b" outcome="Passed" testListId="8c84fa94-04c1-424b-9868-57a2d4851a1d" relativeResultsDirectory="ccb8993b-35d7-4fac-aedf-454e5a58a20b" />
    <UnitTestResult executionId="f6ffe4b8-417e-4d89-a962-9fd0f76c4cd3" testId="22ba9a81-eee3-dacf-96ca-4ab79d52bbe1" testName="ClickUp.Api.Client.Tests.ServiceTests.TimeTrackingServiceTests.StartTimeEntryAsync_ApiReturnsResponseWithNullData_ThrowsInvalidOperationException" computerName="devbox" duration="00:00:00.0025724" startTime="2025-06-24T03:53:51.5580748+00:00" endTime="2025-06-24T03:53:51.5580749+00:00" testType="13cdc9d9-ddb5-4fa4-a97d-d965ccfc6d4b" outcome="Passed" testListId="8c84fa94-04c1-424b-9868-57a2d4851a1d" relativeResultsDirectory="f6ffe4b8-417e-4d89-a962-9fd0f76c4cd3" />
    <UnitTestResult executionId="45594f90-f447-41ed-b799-6bf29d965b97" testId="1d032141-85af-eb53-6ddd-406db8e920da" testName="ClickUp.Api.Client.Tests.ServiceTests.TemplatesServiceTests.GetTaskTemplatesAsync_ApiReturnsNullResponse_ThrowsInvalidOperationException" computerName="devbox" duration="00:00:00.0019056" startTime="2025-06-24T03:53:51.4940215+00:00" endTime="2025-06-24T03:53:51.4940216+00:00" testType="13cdc9d9-ddb5-4fa4-a97d-d965ccfc6d4b" outcome="Passed" testListId="8c84fa94-04c1-424b-9868-57a2d4851a1d" relativeResultsDirectory="45594f90-f447-41ed-b799-6bf29d965b97" />
    <UnitTestResult executionId="12091648-85af-46fe-bbe8-a402d0ebe80e" testId="70a4a44a-4353-ff25-d1bc-ca98cbe1a7a0" testName="ClickUp.Api.Client.Tests.ServiceTests.ChatServiceTests.CreateLocationChatChannelAsync_PassesCancellationTokenToApiConnection" computerName="devbox" duration="00:00:00.0087901" startTime="2025-06-24T03:53:52.0237110+00:00" endTime="2025-06-24T03:53:52.0237111+00:00" testType="13cdc9d9-ddb5-4fa4-a97d-d965ccfc6d4b" outcome="Passed" testListId="8c84fa94-04c1-424b-9868-57a2d4851a1d" relativeResultsDirectory="12091648-85af-46fe-bbe8-a402d0ebe80e" />
    <UnitTestResult executionId="fb3f1fc9-fccd-44d8-ac13-a6c2096f4e76" testId="50eba22f-250a-1f15-3be5-df167f038182" testName="ClickUp.Api.Client.Tests.ServiceTests.TimeTrackingServiceTests.UpdateTimeEntryAsync_ApiConnectionThrowsTaskCanceledException_PropagatesException" computerName="devbox" duration="00:00:00.0046547" startTime="2025-06-24T03:53:51.4977018+00:00" endTime="2025-06-24T03:53:51.4977018+00:00" testType="13cdc9d9-ddb5-4fa4-a97d-d965ccfc6d4b" outcome="Passed" testListId="8c84fa94-04c1-424b-9868-57a2d4851a1d" relativeResultsDirectory="fb3f1fc9-fccd-44d8-ac13-a6c2096f4e76" />
    <UnitTestResult executionId="8b85f302-1c3f-4520-9ec9-78da8ff16a9e" testId="62989f9b-f63f-16f7-5285-44ecee7d8fc2" testName="ClickUp.Api.Client.Tests.ServiceTests.TimeTrackingServiceTests.CreateTimeEntryAsync_ApiReturnsNullResponse_ThrowsInvalidOperationException" computerName="devbox" duration="00:00:00.0034586" startTime="2025-06-24T03:53:52.3450324+00:00" endTime="2025-06-24T03:53:52.3450325+00:00" testType="13cdc9d9-ddb5-4fa4-a97d-d965ccfc6d4b" outcome="Passed" testListId="8c84fa94-04c1-424b-9868-57a2d4851a1d" relativeResultsDirectory="8b85f302-1c3f-4520-9ec9-78da8ff16a9e" />
    <UnitTestResult executionId="ed489897-7c92-46d8-8255-ced833be7936" testId="eada2816-e2a5-7237-2f8a-db27e9f63065" testName="ClickUp.Api.Client.Tests.ServiceTests.DocsServiceTests.CreatePageAsync_ApiError_ThrowsHttpRequestException" computerName="devbox" duration="00:00:00.0024608" startTime="2025-06-24T03:53:51.4194502+00:00" endTime="2025-06-24T03:53:51.4194503+00:00" testType="13cdc9d9-ddb5-4fa4-a97d-d965ccfc6d4b" outcome="Passed" testListId="8c84fa94-04c1-424b-9868-57a2d4851a1d" relativeResultsDirectory="ed489897-7c92-46d8-8255-ced833be7936" />
    <UnitTestResult executionId="24212926-bd13-4536-9a2c-49b3e9a7c216" testId="bae66f04-674d-5778-f225-eefd270ffbe9" testName="ClickUp.Api.Client.Tests.ServiceTests.GuestsServiceTests.AddGuestToTaskAsync_NullResponseData_ThrowsInvalidOperationException" computerName="devbox" duration="00:00:00.0048470" startTime="2025-06-24T03:53:51.8111043+00:00" endTime="2025-06-24T03:53:51.8111044+00:00" testType="13cdc9d9-ddb5-4fa4-a97d-d965ccfc6d4b" outcome="Passed" testListId="8c84fa94-04c1-424b-9868-57a2d4851a1d" relativeResultsDirectory="24212926-bd13-4536-9a2c-49b3e9a7c216" />
    <UnitTestResult executionId="cf87778e-d628-4993-a6ed-a48b2dd0a820" testId="19881caf-b46a-2517-3bbb-94c4b3d38103" testName="ClickUp.Api.Client.Tests.ServiceTests.CommentServiceTests.CreateChatViewCommentAsync_ApiConnectionReturnsNull_ThrowsInvalidOperationException" computerName="devbox" duration="00:00:00.0055237" startTime="2025-06-24T03:53:51.4449574+00:00" endTime="2025-06-24T03:53:51.4449575+00:00" testType="13cdc9d9-ddb5-4fa4-a97d-d965ccfc6d4b" outcome="Passed" testListId="8c84fa94-04c1-424b-9868-57a2d4851a1d" relativeResultsDirectory="cf87778e-d628-4993-a6ed-a48b2dd0a820" />
    <UnitTestResult executionId="c7155a13-9a32-43b0-9780-661066758a16" testId="6ad0b06e-9b13-00d3-c084-f5f295020c1e" testName="ClickUp.Api.Client.Tests.ServiceTests.TaskRelationshipsServiceTests.DeleteDependencyAsync_PassesCancellationTokenToApiConnection" computerName="devbox" duration="00:00:00.0072255" startTime="2025-06-24T03:53:51.8113018+00:00" endTime="2025-06-24T03:53:51.8113019+00:00" testType="13cdc9d9-ddb5-4fa4-a97d-d965ccfc6d4b" outcome="Passed" testListId="8c84fa94-04c1-424b-9868-57a2d4851a1d" relativeResultsDirectory="c7155a13-9a32-43b0-9780-661066758a16" />
    <UnitTestResult executionId="131ca604-18e0-46ef-adb5-9c6cd42848d6" testId="f8a3be77-6b3e-6488-6197-4edc60313224" testName="ClickUp.Api.Client.Tests.ServiceTests.TimeTrackingServiceTests.GetAllTimeEntryTagsAsync_ApiConnectionThrowsTaskCanceledException_PropagatesException" computerName="devbox" duration="00:00:00.0027291" startTime="2025-06-24T03:53:52.2415355+00:00" endTime="2025-06-24T03:53:52.2415355+00:00" testType="13cdc9d9-ddb5-4fa4-a97d-d965ccfc6d4b" outcome="Passed" testListId="8c84fa94-04c1-424b-9868-57a2d4851a1d" relativeResultsDirectory="131ca604-18e0-46ef-adb5-9c6cd42848d6" />
    <UnitTestResult executionId="09ffd8dd-a140-4da4-84f3-43da9b8f8355" testId="9aebd098-86b0-8135-3828-1a1b18cbdc09" testName="ClickUp.Api.Client.Tests.ServiceTests.DocsServiceTests.CreateDocAsync_PassesCancellationTokenToApiConnection" computerName="devbox" duration="00:00:00.0077951" startTime="2025-06-24T03:53:51.3946992+00:00" endTime="2025-06-24T03:53:51.3946992+00:00" testType="13cdc9d9-ddb5-4fa4-a97d-d965ccfc6d4b" outcome="Passed" testListId="8c84fa94-04c1-424b-9868-57a2d4851a1d" relativeResultsDirectory="09ffd8dd-a140-4da4-84f3-43da9b8f8355" />
    <UnitTestResult executionId="ef4f2a01-c56f-44a5-84a1-16b5b16638c4" testId="fb09f46d-211c-0a0f-4cae-4689d463b1bf" testName="ClickUp.Api.Client.Tests.ServiceTests.GuestsServiceTests.InviteGuestToWorkspaceAsync_ApiConnectionThrowsTaskCanceledException_PropagatesException" computerName="devbox" duration="00:00:00.0089311" startTime="2025-06-24T03:53:51.8526340+00:00" endTime="2025-06-24T03:53:51.8526341+00:00" testType="13cdc9d9-ddb5-4fa4-a97d-d965ccfc6d4b" outcome="Passed" testListId="8c84fa94-04c1-424b-9868-57a2d4851a1d" relativeResultsDirectory="ef4f2a01-c56f-44a5-84a1-16b5b16638c4" />
    <UnitTestResult executionId="59f589df-8eac-4073-ad40-bcadcb099683" testId="445820b3-85f7-a45b-0dbb-176036ea27f3" testName="ClickUp.Api.Client.Tests.ServiceTests.UserGroupServiceTests.GetUserGroupsAsync_ApiConnectionThrowsHttpRequestException_PropagatesException" computerName="devbox" duration="00:00:00.0032118" startTime="2025-06-24T03:53:51.6689459+00:00" endTime="2025-06-24T03:53:51.6689459+00:00" testType="13cdc9d9-ddb5-4fa4-a97d-d965ccfc6d4b" outcome="Passed" testListId="8c84fa94-04c1-424b-9868-57a2d4851a1d" relativeResultsDirectory="59f589df-8eac-4073-ad40-bcadcb099683" />
    <UnitTestResult executionId="a6ec94b6-3098-45b4-a6ee-f335b49b0815" testId="822f4957-5137-d7c6-2e55-84f7df38fa3f" testName="ClickUp.Api.Client.Tests.ServiceTests.TimeTrackingServiceTests.CreateTimeEntryAsync_PassesCancellationTokenToApiConnection" computerName="devbox" duration="00:00:00.0078226" startTime="2025-06-24T03:53:51.3894983+00:00" endTime="2025-06-24T03:53:51.3894984+00:00" testType="13cdc9d9-ddb5-4fa4-a97d-d965ccfc6d4b" outcome="Passed" testListId="8c84fa94-04c1-424b-9868-57a2d4851a1d" relativeResultsDirectory="a6ec94b6-3098-45b4-a6ee-f335b49b0815" />
    <UnitTestResult executionId="00d42a19-fc6f-4d3d-af9d-2611b0f8a18f" testId="fbd963d5-8fdc-5f98-443c-7fe2f17bd0bf" testName="ClickUp.Api.Client.Tests.ServiceTests.GuestsServiceTests.GetGuestAsync_NullApiResponse_ThrowsInvalidOperationException" computerName="devbox" duration="00:00:00.0025048" startTime="2025-06-24T03:53:51.7916818+00:00" endTime="2025-06-24T03:53:51.7916819+00:00" testType="13cdc9d9-ddb5-4fa4-a97d-d965ccfc6d4b" outcome="Passed" testListId="8c84fa94-04c1-424b-9868-57a2d4851a1d" relativeResultsDirectory="00d42a19-fc6f-4d3d-af9d-2611b0f8a18f" />
    <UnitTestResult executionId="504e769d-b920-4e24-b4a9-d277154553b5" testId="f17c2f5d-3278-deae-e3e0-0f673524d524" testName="ClickUp.Api.Client.Tests.ServiceTests.TagsServiceTests.DeleteSpaceTagAsync_ApiConnectionThrowsTaskCanceledException_PropagatesException" computerName="devbox" duration="00:00:00.0015735" startTime="2025-06-24T03:53:51.5553472+00:00" endTime="2025-06-24T03:53:51.5553473+00:00" testType="13cdc9d9-ddb5-4fa4-a97d-d965ccfc6d4b" outcome="Passed" testListId="8c84fa94-04c1-424b-9868-57a2d4851a1d" relativeResultsDirectory="504e769d-b920-4e24-b4a9-d277154553b5" />
    <UnitTestResult executionId="678f11d9-31ae-4129-a1cd-9aae2cf9620e" testId="23d91d77-3949-b723-f379-d2857eb55e79" testName="ClickUp.Api.Client.Tests.ServiceTests.GuestsServiceTests.AddGuestToListAsync_NullGuestInResponse_ThrowsInvalidOperationException" computerName="devbox" duration="00:00:00.0044716" startTime="2025-06-24T03:53:51.9409607+00:00" endTime="2025-06-24T03:53:51.9409608+00:00" testType="13cdc9d9-ddb5-4fa4-a97d-d965ccfc6d4b" outcome="Passed" testListId="8c84fa94-04c1-424b-9868-57a2d4851a1d" relativeResultsDirectory="678f11d9-31ae-4129-a1cd-9aae2cf9620e" />
    <UnitTestResult executionId="18cdfa0c-fc4c-4d33-8f17-85d3ba7a3c8f" testId="e1ac1f73-3f50-b772-36d3-f1ba06996415" testName="ClickUp.Api.Client.Tests.ServiceTests.TimeTrackingServiceTests.GetTimeEntriesAsync_ApiReturnsNullResponse_ReturnsEmptyEnumerable" computerName="devbox" duration="00:00:00.0095032" startTime="2025-06-24T03:53:51.2932917+00:00" endTime="2025-06-24T03:53:51.2932918+00:00" testType="13cdc9d9-ddb5-4fa4-a97d-d965ccfc6d4b" outcome="Passed" testListId="8c84fa94-04c1-424b-9868-57a2d4851a1d" relativeResultsDirectory="18cdfa0c-fc4c-4d33-8f17-85d3ba7a3c8f" />
    <UnitTestResult executionId="62c31ab7-760d-4c5d-80e8-00a39686b2a0" testId="50a4b829-9b8c-141f-9af8-de6d13d2fe78" testName="ClickUp.Api.Client.Tests.ServiceTests.GoalsServiceTests.CreateGoalAsync_ApiReturnsNullResponse_ThrowsInvalidOperationException" computerName="devbox" duration="00:00:00.0037266" startTime="2025-06-24T03:53:51.9504733+00:00" endTime="2025-06-24T03:53:51.9504733+00:00" testType="13cdc9d9-ddb5-4fa4-a97d-d965ccfc6d4b" outcome="Passed" testListId="8c84fa94-04c1-424b-9868-57a2d4851a1d" relativeResultsDirectory="62c31ab7-760d-4c5d-80e8-00a39686b2a0" />
    <UnitTestResult executionId="d0114e7e-b81f-40cf-90df-eca4b08ec2a0" testId="1841d452-ef08-e1b1-92c9-459ff161fad6" testName="ClickUp.Api.Client.Tests.ServiceTests.TagsServiceTests.GetSpaceTagsAsync_ApiConnectionThrowsHttpRequestException_PropagatesException" computerName="devbox" duration="00:00:00.0021462" startTime="2025-06-24T03:53:51.5311936+00:00" endTime="2025-06-24T03:53:51.5311936+00:00" testType="13cdc9d9-ddb5-4fa4-a97d-d965ccfc6d4b" outcome="Passed" testListId="8c84fa94-04c1-424b-9868-57a2d4851a1d" relativeResultsDirectory="d0114e7e-b81f-40cf-90df-eca4b08ec2a0" />
    <UnitTestResult executionId="f277c314-5c28-4eaf-ad77-47cb3a0245a5" testId="73dfb1c8-1ee0-ba4e-93db-2f57b9c5c6e5" testName="ClickUp.Api.Client.Tests.ServiceTests.MembersServiceTests.GetListMembersAsync_ApiReturnsResponseWithNullMembers_ReturnsEmptyEnumerable" computerName="devbox" duration="00:00:00.0016076" startTime="2025-06-24T03:53:51.2785523+00:00" endTime="2025-06-24T03:53:51.2785524+00:00" testType="13cdc9d9-ddb5-4fa4-a97d-d965ccfc6d4b" outcome="Passed" testListId="8c84fa94-04c1-424b-9868-57a2d4851a1d" relativeResultsDirectory="f277c314-5c28-4eaf-ad77-47cb3a0245a5" />
    <UnitTestResult executionId="757aba2b-cbcf-4b8b-9793-559a80c86903" testId="f06b0bee-cd92-4ab3-04ec-051ae09a6a15" testName="ClickUp.Api.Client.Tests.Http.ApiConnectionTests.GetAsync_ThrowsCorrectException_ForGeneralErrorStatusCodes(statusCode: Forbidden, expectedExceptionType: typeof(ClickUp.Api.Client.Models.Exceptions.ClickUpApiAuthenticationException), expectedMessageContent: &quot;Forbidden&quot;)" computerName="devbox" duration="00:00:00.0005061" startTime="2025-06-24T03:53:51.7180240+00:00" endTime="2025-06-24T03:53:51.7180241+00:00" testType="13cdc9d9-ddb5-4fa4-a97d-d965ccfc6d4b" outcome="Passed" testListId="8c84fa94-04c1-424b-9868-57a2d4851a1d" relativeResultsDirectory="757aba2b-cbcf-4b8b-9793-559a80c86903" />
    <UnitTestResult executionId="450cb09d-526c-47d9-85e1-ec63e4c56bbf" testId="18810675-1d1f-7bbb-20d7-e2d7bb16299f" testName="ClickUp.Api.Client.Tests.ServiceTests.TaskServiceTests.GetFilteredTeamTasksAsync_EmptyWorkspaceId_ThrowsArgumentNullException" computerName="devbox" duration="00:00:00.0039341" startTime="2025-06-24T03:53:52.1645489+00:00" endTime="2025-06-24T03:53:52.1645490+00:00" testType="13cdc9d9-ddb5-4fa4-a97d-d965ccfc6d4b" outcome="Passed" testListId="8c84fa94-04c1-424b-9868-57a2d4851a1d" relativeResultsDirectory="450cb09d-526c-47d9-85e1-ec63e4c56bbf" />
    <UnitTestResult executionId="3138d104-8586-4fd3-89b9-c7b24821e7a5" testId="c813dab8-ded2-b372-f84d-2989bfcad19b" testName="ClickUp.Api.Client.Tests.Http.ApiConnectionTests.GetAsync_ThrowsClickUpApiValidationException_ForUnprocessableEntity" computerName="devbox" duration="00:00:00.0076696" startTime="2025-06-24T03:53:51.7530057+00:00" endTime="2025-06-24T03:53:51.7530058+00:00" testType="13cdc9d9-ddb5-4fa4-a97d-d965ccfc6d4b" outcome="Passed" testListId="8c84fa94-04c1-424b-9868-57a2d4851a1d" relativeResultsDirectory="3138d104-8586-4fd3-89b9-c7b24821e7a5" />
    <UnitTestResult executionId="bb46b8d2-544b-4f90-94aa-60bc023a7021" testId="ebfd92fd-e95f-c858-6e96-50164aa07333" testName="ClickUp.Api.Client.Tests.ServiceTests.TimeTrackingServiceTests.GetTimeEntryAsync_WithAllIncludeParams_BuildsCorrectUrl" computerName="devbox" duration="00:00:00.0066592" startTime="2025-06-24T03:53:52.3757142+00:00" endTime="2025-06-24T03:53:52.3757143+00:00" testType="13cdc9d9-ddb5-4fa4-a97d-d965ccfc6d4b" outcome="Passed" testListId="8c84fa94-04c1-424b-9868-57a2d4851a1d" relativeResultsDirectory="bb46b8d2-544b-4f90-94aa-60bc023a7021" />
    <UnitTestResult executionId="341e4037-26b2-40ae-858f-5dc6a017b584" testId="5bfd1fe7-ef93-ce38-f006-77697e21739e" testName="ClickUp.Api.Client.Tests.ServiceTests.CommentServiceTests.GetThreadedCommentsAsync_ValidInput_CallsApiConnectionGetAsyncWithCorrectParameters" computerName="devbox" duration="00:00:00.0074061" startTime="2025-06-24T03:53:51.2187802+00:00" endTime="2025-06-24T03:53:51.2187802+00:00" testType="13cdc9d9-ddb5-4fa4-a97d-d965ccfc6d4b" outcome="Passed" testListId="8c84fa94-04c1-424b-9868-57a2d4851a1d" relativeResultsDirectory="341e4037-26b2-40ae-858f-5dc6a017b584" />
    <UnitTestResult executionId="598b71e0-cd8e-4d4e-a196-ef204384f385" testId="d3304698-5ea1-efe1-87f7-f7522dd04418" testName="ClickUp.Api.Client.Tests.ServiceTests.TaskRelationshipsServiceTests.AddDependencyAsync_BothDependsOnAndDependencyOf_ThrowsArgumentException" computerName="devbox" duration="00:00:00.0015639" startTime="2025-06-24T03:53:51.7755718+00:00" endTime="2025-06-24T03:53:51.7755718+00:00" testType="13cdc9d9-ddb5-4fa4-a97d-d965ccfc6d4b" outcome="Passed" testListId="8c84fa94-04c1-424b-9868-57a2d4851a1d" relativeResultsDirectory="598b71e0-cd8e-4d4e-a196-ef204384f385" />
    <UnitTestResult executionId="7cffa6bc-21ed-48bc-86d2-2dc1b6fa016b" testId="b4439e05-a4aa-b998-a3b8-3b5334aa4ab1" testName="ClickUp.Api.Client.Tests.ServiceTests.DocsServiceTests.CreatePageAsync_PassesCancellationTokenToApiConnection" computerName="devbox" duration="00:00:00.0056751" startTime="2025-06-24T03:53:51.2703851+00:00" endTime="2025-06-24T03:53:51.2703852+00:00" testType="13cdc9d9-ddb5-4fa4-a97d-d965ccfc6d4b" outcome="Passed" testListId="8c84fa94-04c1-424b-9868-57a2d4851a1d" relativeResultsDirectory="7cffa6bc-21ed-48bc-86d2-2dc1b6fa016b" />
    <UnitTestResult executionId="65dc3a6a-e4c6-4d05-aafa-7a7644fbaf24" testId="3d1ad44f-ad35-093f-1ddc-cdf28838fb0c" testName="ClickUp.Api.Client.Tests.ServiceTests.TimeTrackingServiceTests.GetTimeEntryAsync_ApiConnectionThrowsHttpRequestException_PropagatesException" computerName="devbox" duration="00:00:00.0027133" startTime="2025-06-24T03:53:51.3430250+00:00" endTime="2025-06-24T03:53:51.3430250+00:00" testType="13cdc9d9-ddb5-4fa4-a97d-d965ccfc6d4b" outcome="Passed" testListId="8c84fa94-04c1-424b-9868-57a2d4851a1d" relativeResultsDirectory="65dc3a6a-e4c6-4d05-aafa-7a7644fbaf24" />
    <UnitTestResult executionId="229c3f56-8cb2-4af5-8965-5f51897d90ec" testId="01e7d27d-5dfb-11ca-f36b-fb5e7da77ca3" testName="ClickUp.Api.Client.Tests.ServiceTests.DocsServiceTests.GetDocPagesAsync_ValidRequest_BuildsUrlAndReturnsPages" computerName="devbox" duration="00:00:00.0060741" startTime="2025-06-24T03:53:51.4717739+00:00" endTime="2025-06-24T03:53:51.4717739+00:00" testType="13cdc9d9-ddb5-4fa4-a97d-d965ccfc6d4b" outcome="Passed" testListId="8c84fa94-04c1-424b-9868-57a2d4851a1d" relativeResultsDirectory="229c3f56-8cb2-4af5-8965-5f51897d90ec" />
    <UnitTestResult executionId="6fc31cd1-bdd5-4480-8b18-a9dd5e763c46" testId="343f948c-430b-2580-b3de-8dba47621f99" testName="ClickUp.Api.Client.Tests.ServiceTests.TimeTrackingServiceTests.GetTimeEntryAsync_PassesCancellationTokenToApiConnection" computerName="devbox" duration="00:00:00.0049054" startTime="2025-06-24T03:53:52.3239375+00:00" endTime="2025-06-24T03:53:52.3239376+00:00" testType="13cdc9d9-ddb5-4fa4-a97d-d965ccfc6d4b" outcome="Passed" testListId="8c84fa94-04c1-424b-9868-57a2d4851a1d" relativeResultsDirectory="6fc31cd1-bdd5-4480-8b18-a9dd5e763c46" />
    <UnitTestResult executionId="65714830-14cd-434f-992c-3bd098d999ec" testId="89fbf0eb-5aad-f921-b1a0-e4b70f27ce71" testName="ClickUp.Api.Client.Tests.ServiceTests.FoldersServiceTests.CreateFolderAsync_ValidRequest_CallsPostAndReturnsFolder" computerName="devbox" duration="00:00:00.0055009" startTime="2025-06-24T03:53:51.1034149+00:00" endTime="2025-06-24T03:53:51.1034150+00:00" testType="13cdc9d9-ddb5-4fa4-a97d-d965ccfc6d4b" outcome="Passed" testListId="8c84fa94-04c1-424b-9868-57a2d4851a1d" relativeResultsDirectory="65714830-14cd-434f-992c-3bd098d999ec" />
    <UnitTestResult executionId="2e81bd41-95f7-49bd-b6fc-b1d510b055fe" testId="06216717-90a4-deb6-6c95-20467cbc32ad" testName="ClickUp.Api.Client.Tests.ServiceTests.CommentServiceTests.CreateThreadedCommentAsync_ValidInput_CallsApiConnectionPostAsyncWithCorrectParameters" computerName="devbox" duration="00:00:00.0048157" startTime="2025-06-24T03:53:51.2569164+00:00" endTime="2025-06-24T03:53:51.2569165+00:00" testType="13cdc9d9-ddb5-4fa4-a97d-d965ccfc6d4b" outcome="Passed" testListId="8c84fa94-04c1-424b-9868-57a2d4851a1d" relativeResultsDirectory="2e81bd41-95f7-49bd-b6fc-b1d510b055fe" />
    <UnitTestResult executionId="e0f4038d-724f-42af-ba1e-a9fbff7106b3" testId="78145ca3-f064-cb2e-ebce-b57ecce4f5f7" testName="ClickUp.Api.Client.Tests.ServiceTests.ListsServiceTests.GetListsInFolderAsync_WithArchivedTrue_BuildsCorrectUrl" computerName="devbox" duration="00:00:00.0039533" startTime="2025-06-24T03:53:52.2607560+00:00" endTime="2025-06-24T03:53:52.2607560+00:00" testType="13cdc9d9-ddb5-4fa4-a97d-d965ccfc6d4b" outcome="Passed" testListId="8c84fa94-04c1-424b-9868-57a2d4851a1d" relativeResultsDirectory="e0f4038d-724f-42af-ba1e-a9fbff7106b3" />
    <UnitTestResult executionId="0e953241-0663-469a-b42d-48d1a62e653e" testId="5b1e9da7-ae1e-bd78-57ac-b89147ec436e" testName="ClickUp.Api.Client.Tests.ServiceTests.ChatServiceTests.GetChatMessagesAsync_ApiError_ThrowsHttpRequestException" computerName="devbox" duration="00:00:00.0024313" startTime="2025-06-24T03:53:52.0270036+00:00" endTime="2025-06-24T03:53:52.0270036+00:00" testType="13cdc9d9-ddb5-4fa4-a97d-d965ccfc6d4b" outcome="Passed" testListId="8c84fa94-04c1-424b-9868-57a2d4851a1d" relativeResultsDirectory="0e953241-0663-469a-b42d-48d1a62e653e" />
    <UnitTestResult executionId="87978f84-bcf8-4641-91c1-b0f32dd75de0" testId="37b34059-0f65-9a6f-04ed-b65ab163cd9e" testName="ClickUp.Api.Client.Tests.ServiceTests.ChatServiceTests.CreateLocationChatChannelAsync_ValidRequest_CallsPostAndReturnsChannel" computerName="devbox" duration="00:00:00.0085620" startTime="2025-06-24T03:53:52.3433089+00:00" endTime="2025-06-24T03:53:52.3433089+00:00" testType="13cdc9d9-ddb5-4fa4-a97d-d965ccfc6d4b" outcome="Passed" testListId="8c84fa94-04c1-424b-9868-57a2d4851a1d" relativeResultsDirectory="87978f84-bcf8-4641-91c1-b0f32dd75de0" />
    <UnitTestResult executionId="749984bf-b205-4585-828c-f43a3c29cf60" testId="2f5333c3-b2fd-e93c-ff6c-9f4085c35de6" testName="ClickUp.Api.Client.Tests.ServiceTests.DocsServiceTests.GetDocPagesAsync_PassesCancellationTokenToApiConnection" computerName="devbox" duration="00:00:00.0059807" startTime="2025-06-24T03:53:51.2640901+00:00" endTime="2025-06-24T03:53:51.2640901+00:00" testType="13cdc9d9-ddb5-4fa4-a97d-d965ccfc6d4b" outcome="Passed" testListId="8c84fa94-04c1-424b-9868-57a2d4851a1d" relativeResultsDirectory="749984bf-b205-4585-828c-f43a3c29cf60" />
    <UnitTestResult executionId="60b56c27-3cd4-41c0-811c-f1adb1e699b0" testId="b2a10411-83ed-06ca-063e-eb5f07ad9002" testName="ClickUp.Api.Client.Tests.ServiceTests.GoalsServiceTests.GetGoalsAsync_ApiReturnsNullResponse_ThrowsInvalidOperationException" computerName="devbox" duration="00:00:00.0059248" startTime="2025-06-24T03:53:51.8575051+00:00" endTime="2025-06-24T03:53:51.8575052+00:00" testType="13cdc9d9-ddb5-4fa4-a97d-d965ccfc6d4b" outcome="Passed" testListId="8c84fa94-04c1-424b-9868-57a2d4851a1d" relativeResultsDirectory="60b56c27-3cd4-41c0-811c-f1adb1e699b0" />
    <UnitTestResult executionId="edff3833-9ca8-4227-97b8-88785fef07a1" testId="d8b0b902-5f95-0147-3f49-4c67c17e28e0" testName="ClickUp.Api.Client.Tests.ServiceTests.ListsServiceTests.CreateFolderlessListAsync_ValidRequest_ReturnsList" computerName="devbox" duration="00:00:00.0087920" startTime="2025-06-24T03:53:52.3432500+00:00" endTime="2025-06-24T03:53:52.3432500+00:00" testType="13cdc9d9-ddb5-4fa4-a97d-d965ccfc6d4b" outcome="Passed" testListId="8c84fa94-04c1-424b-9868-57a2d4851a1d" relativeResultsDirectory="edff3833-9ca8-4227-97b8-88785fef07a1" />
    <UnitTestResult executionId="bfa30901-0faf-403e-9db3-cc2a598c254a" testId="57bcb7bc-72d9-ad1f-99f2-a076d64fe7fb" testName="ClickUp.Api.Client.Tests.ServiceTests.RolesServiceTests.GetCustomRolesAsync_ValidRequest_ReturnsRoles" computerName="devbox" duration="00:00:00.0112742" startTime="2025-06-24T03:53:51.4734234+00:00" endTime="2025-06-24T03:53:51.4734235+00:00" testType="13cdc9d9-ddb5-4fa4-a97d-d965ccfc6d4b" outcome="Passed" testListId="8c84fa94-04c1-424b-9868-57a2d4851a1d" relativeResultsDirectory="bfa30901-0faf-403e-9db3-cc2a598c254a" />
    <UnitTestResult executionId="c90421ff-60f3-40a1-a563-be32c2a2b456" testId="c4a3c2cc-a5a0-9c38-2fa0-2901c104e6a7" testName="ClickUp.Api.Client.Tests.Models.Serialization.Converters.JsonStringOrNumberConverterTests.Read_WhenJsonIsZero_ShouldReturnString" computerName="devbox" duration="00:00:00.0002516" startTime="2025-06-24T03:53:52.0530653+00:00" endTime="2025-06-24T03:53:52.0530654+00:00" testType="13cdc9d9-ddb5-4fa4-a97d-d965ccfc6d4b" outcome="Passed" testListId="8c84fa94-04c1-424b-9868-57a2d4851a1d" relativeResultsDirectory="c90421ff-60f3-40a1-a563-be32c2a2b456" />
    <UnitTestResult executionId="34ae653e-1831-440b-ac18-b056ad6d5b85" testId="0be596ed-20ca-13c8-b1d0-4c31b3ab9f75" testName="ClickUp.Api.Client.Tests.ServiceTests.SpacesServiceTests.UpdateSpaceAsync_PassesCancellationTokenToApiConnection" computerName="devbox" duration="00:00:00.0160878" startTime="2025-06-24T03:53:51.0797780+00:00" endTime="2025-06-24T03:53:51.0797780+00:00" testType="13cdc9d9-ddb5-4fa4-a97d-d965ccfc6d4b" outcome="Passed" testListId="8c84fa94-04c1-424b-9868-57a2d4851a1d" relativeResultsDirectory="34ae653e-1831-440b-ac18-b056ad6d5b85" />
    <UnitTestResult executionId="ed61b7ae-20fc-4710-95f4-f76b4acc6cc9" testId="7ed2c8a0-7d63-5145-26da-2e020b07f7d6" testName="ClickUp.Api.Client.Tests.ServiceTests.TimeTrackingServiceTests.DeleteTimeEntryAsync_ValidRequest_CallsDeleteAsync" computerName="devbox" duration="00:00:00.0075659" startTime="2025-06-24T03:53:51.5111537+00:00" endTime="2025-06-24T03:53:51.5111538+00:00" testType="13cdc9d9-ddb5-4fa4-a97d-d965ccfc6d4b" outcome="Passed" testListId="8c84fa94-04c1-424b-9868-57a2d4851a1d" relativeResultsDirectory="ed61b7ae-20fc-4710-95f4-f76b4acc6cc9" />
    <UnitTestResult executionId="91d14af0-17e1-4be3-af09-287ed85475cd" testId="96f6f192-ed3a-aaee-aefe-d76ac3dfd73f" testName="ClickUp.Api.Client.Tests.ServiceTests.ChatServiceTests.GetChatMessageReactionsAsync_ValidRequest_BuildsUrlAndReturnsResponse" computerName="devbox" duration="00:00:00.0070461" startTime="2025-06-24T03:53:52.3038562+00:00" endTime="2025-06-24T03:53:52.3038562+00:00" testType="13cdc9d9-ddb5-4fa4-a97d-d965ccfc6d4b" outcome="Passed" testListId="8c84fa94-04c1-424b-9868-57a2d4851a1d" relativeResultsDirectory="91d14af0-17e1-4be3-af09-287ed85475cd" />
    <UnitTestResult executionId="52e72244-c40f-482a-b342-d934f92cc947" testId="fcee2476-61da-8656-1de0-178f20c169dc" testName="ClickUp.Api.Client.Tests.Models.Entities.CustomFieldValueTests.Deserialize_UsersFieldValue_Correctly" computerName="devbox" duration="00:00:00.0004899" startTime="2025-06-24T03:53:51.4903672+00:00" endTime="2025-06-24T03:53:51.4903672+00:00" testType="13cdc9d9-ddb5-4fa4-a97d-d965ccfc6d4b" outcome="Passed" testListId="8c84fa94-04c1-424b-9868-57a2d4851a1d" relativeResultsDirectory="52e72244-c40f-482a-b342-d934f92cc947" />
    <UnitTestResult executionId="1f7869dd-3ece-4ed7-95ba-adb56a1dc5b9" testId="15827c38-4a1c-e443-5328-13c7405bb0ff" testName="ClickUp.Api.Client.Tests.ServiceTests.CustomFieldsServiceTests.GetWorkspaceCustomFieldsAsync_ValidWorkspaceId_BuildsCorrectUrlAndReturnsFields" computerName="devbox" duration="00:00:00.0040364" startTime="2025-06-24T03:53:51.9452829+00:00" endTime="2025-06-24T03:53:51.9452830+00:00" testType="13cdc9d9-ddb5-4fa4-a97d-d965ccfc6d4b" outcome="Passed" testListId="8c84fa94-04c1-424b-9868-57a2d4851a1d" relativeResultsDirectory="1f7869dd-3ece-4ed7-95ba-adb56a1dc5b9" />
    <UnitTestResult executionId="d4b4ef2d-b8ed-457e-97a9-b2b2a1339bf5" testId="a148e1d3-c0a7-ab22-6711-ed696844e290" testName="ClickUp.Api.Client.Tests.ServiceTests.ListsServiceTests.CreateListFromTemplateInFolderAsync_ApiConnectionThrowsTaskCanceledException_PropagatesException" computerName="devbox" duration="00:00:00.0026446" startTime="2025-06-24T03:53:52.3862783+00:00" endTime="2025-06-24T03:53:52.3862783+00:00" testType="13cdc9d9-ddb5-4fa4-a97d-d965ccfc6d4b" outcome="Passed" testListId="8c84fa94-04c1-424b-9868-57a2d4851a1d" relativeResultsDirectory="d4b4ef2d-b8ed-457e-97a9-b2b2a1339bf5" />
    <UnitTestResult executionId="764ba50f-c7e3-4854-87b2-cf1d40a5df4b" testId="dd755980-a9f7-6ed1-2252-b0148c3d540c" testName="ClickUp.Api.Client.Tests.ServiceTests.TimeTrackingServiceTests.StopTimeEntryAsync_ApiConnectionThrowsTaskCanceledException_PropagatesException" computerName="devbox" duration="00:00:00.0026833" startTime="2025-06-24T03:53:52.2308592+00:00" endTime="2025-06-24T03:53:52.2308592+00:00" testType="13cdc9d9-ddb5-4fa4-a97d-d965ccfc6d4b" outcome="Passed" testListId="8c84fa94-04c1-424b-9868-57a2d4851a1d" relativeResultsDirectory="764ba50f-c7e3-4854-87b2-cf1d40a5df4b" />
    <UnitTestResult executionId="a912f5e4-2897-4f56-a34e-6a1107fa5310" testId="b89d58f6-3451-4a52-c26c-ae9d3822f836" testName="ClickUp.Api.Client.Tests.ServiceTests.GoalsServiceTests.CreateKeyResultAsync_NullResponseData_ThrowsInvalidOperationException" computerName="devbox" duration="00:00:00.0089939" startTime="2025-06-24T03:53:52.0269509+00:00" endTime="2025-06-24T03:53:52.0269510+00:00" testType="13cdc9d9-ddb5-4fa4-a97d-d965ccfc6d4b" outcome="Passed" testListId="8c84fa94-04c1-424b-9868-57a2d4851a1d" relativeResultsDirectory="a912f5e4-2897-4f56-a34e-6a1107fa5310" />
    <UnitTestResult executionId="f8271226-3e7b-45ee-b526-3e0a1aeaa455" testId="faccfa53-2df6-24a2-b853-bc0462bcfc1c" testName="ClickUp.Api.Client.Tests.ServiceTests.GuestsServiceTests.AddGuestToFolderAsync_ValidRequest_CallsPostAndReturnsGuest" computerName="devbox" duration="00:00:00.0057941" startTime="2025-06-24T03:53:51.9630145+00:00" endTime="2025-06-24T03:53:51.9630146+00:00" testType="13cdc9d9-ddb5-4fa4-a97d-d965ccfc6d4b" outcome="Passed" testListId="8c84fa94-04c1-424b-9868-57a2d4851a1d" relativeResultsDirectory="f8271226-3e7b-45ee-b526-3e0a1aeaa455" />
    <UnitTestResult executionId="4cc0b2bf-c76f-48a4-88d5-3c43e9810006" testId="714f0003-938d-dad5-3c4f-f245997bfc86" testName="ClickUp.Api.Client.Tests.ServiceTests.DocsServiceTests.GetDocPagesAsync_ApiConnectionThrowsTaskCanceledException_PropagatesException" computerName="devbox" duration="00:00:00.0028060" startTime="2025-06-24T03:53:51.4575452+00:00" endTime="2025-06-24T03:53:51.4575452+00:00" testType="13cdc9d9-ddb5-4fa4-a97d-d965ccfc6d4b" outcome="Passed" testListId="8c84fa94-04c1-424b-9868-57a2d4851a1d" relativeResultsDirectory="4cc0b2bf-c76f-48a4-88d5-3c43e9810006" />
    <UnitTestResult executionId="ba0d360e-f268-4f0a-9ccb-840bfb1cc13b" testId="8b866447-66c6-e5a8-8978-03992b373a6f" testName="ClickUp.Api.Client.Tests.ServiceTests.ListsServiceTests.UpdateListAsync_ApiConnectionThrowsTaskCanceledException_PropagatesException" computerName="devbox" duration="00:00:00.0029668" startTime="2025-06-24T03:53:52.2999782+00:00" endTime="2025-06-24T03:53:52.2999783+00:00" testType="13cdc9d9-ddb5-4fa4-a97d-d965ccfc6d4b" outcome="Passed" testListId="8c84fa94-04c1-424b-9868-57a2d4851a1d" relativeResultsDirectory="ba0d360e-f268-4f0a-9ccb-840bfb1cc13b" />
    <UnitTestResult executionId="384154fc-a6b5-441b-8282-198234ccf6b4" testId="db023c3f-6d43-e932-afde-4a3e22b19baf" testName="ClickUp.Api.Client.Tests.Http.ApiConnectionTests.GetAsync_ThrowsClickUpApiRateLimitException_ForTooManyRequests" computerName="devbox" duration="00:00:00.0116681" startTime="2025-06-24T03:53:51.7295811+00:00" endTime="2025-06-24T03:53:51.7295812+00:00" testType="13cdc9d9-ddb5-4fa4-a97d-d965ccfc6d4b" outcome="Passed" testListId="8c84fa94-04c1-424b-9868-57a2d4851a1d" relativeResultsDirectory="384154fc-a6b5-441b-8282-198234ccf6b4" />
    <UnitTestResult executionId="8048b0a7-2cda-4785-a22f-5391b6c915fb" testId="d5f064a1-b917-5f3a-ebae-229ca0040d12" testName="ClickUp.Api.Client.Tests.ServiceTests.TaskChecklistsServiceTests.DeleteChecklistItemAsync_ValidIds_CallsDeleteAsync" computerName="devbox" duration="00:00:00.0049336" startTime="2025-06-24T03:53:51.0774404+00:00" endTime="2025-06-24T03:53:51.0774405+00:00" testType="13cdc9d9-ddb5-4fa4-a97d-d965ccfc6d4b" outcome="Passed" testListId="8c84fa94-04c1-424b-9868-57a2d4851a1d" relativeResultsDirectory="8048b0a7-2cda-4785-a22f-5391b6c915fb" />
    <UnitTestResult executionId="2da5903e-cf3e-4b2e-b605-3940258f6cf3" testId="2fab693e-80b6-8ae4-dc77-08a7e65ebf3d" testName="ClickUp.Api.Client.Tests.ServiceTests.TaskServiceTests.GetFilteredTeamTasksAsyncEnumerable_HandlesCancellation" computerName="devbox" duration="00:00:00.0096387" startTime="2025-06-24T03:53:52.1741141+00:00" endTime="2025-06-24T03:53:52.1741141+00:00" testType="13cdc9d9-ddb5-4fa4-a97d-d965ccfc6d4b" outcome="Passed" testListId="8c84fa94-04c1-424b-9868-57a2d4851a1d" relativeResultsDirectory="2da5903e-cf3e-4b2e-b605-3940258f6cf3" />
    <UnitTestResult executionId="66253fb3-2c5d-4737-81cf-f0bf0aaec175" testId="80130715-8654-c968-d178-dd7e1786799a" testName="ClickUp.Api.Client.Tests.ServiceTests.TagsServiceTests.CreateSpaceTagAsync_PassesCancellationTokenToApiConnection" computerName="devbox" duration="00:00:00.0060386" startTime="2025-06-24T03:53:51.7125655+00:00" endTime="2025-06-24T03:53:51.7125655+00:00" testType="13cdc9d9-ddb5-4fa4-a97d-d965ccfc6d4b" outcome="Passed" testListId="8c84fa94-04c1-424b-9868-57a2d4851a1d" relativeResultsDirectory="66253fb3-2c5d-4737-81cf-f0bf0aaec175" />
    <UnitTestResult executionId="66107c0c-ed75-4f1f-a739-ca96fd5b6668" testId="ab45238f-0962-86b9-1aeb-168e6306c508" testName="ClickUp.Api.Client.Tests.ServiceTests.TimeTrackingServiceTests.GetTimeEntriesAsync_WithAllRequestParameters_BuildsCorrectUrl" computerName="devbox" duration="00:00:00.0115681" startTime="2025-06-24T03:53:51.3991905+00:00" endTime="2025-06-24T03:53:51.3991906+00:00" testType="13cdc9d9-ddb5-4fa4-a97d-d965ccfc6d4b" outcome="Passed" testListId="8c84fa94-04c1-424b-9868-57a2d4851a1d" relativeResultsDirectory="66107c0c-ed75-4f1f-a739-ca96fd5b6668" />
    <UnitTestResult executionId="958fc99f-62ba-4e42-a138-743038866a46" testId="719e549b-8b5f-4965-33fd-0d077879e351" testName="ClickUp.Api.Client.Tests.ServiceTests.TimeTrackingServiceTests.ChangeTimeEntryTagNameAsync_ValidRequest_CallsPutAsync" computerName="devbox" duration="00:00:00.0049524" startTime="2025-06-24T03:53:51.4042971+00:00" endTime="2025-06-24T03:53:51.4042972+00:00" testType="13cdc9d9-ddb5-4fa4-a97d-d965ccfc6d4b" outcome="Passed" testListId="8c84fa94-04c1-424b-9868-57a2d4851a1d" relativeResultsDirectory="958fc99f-62ba-4e42-a138-743038866a46" />
    <UnitTestResult executionId="c1b34651-c4af-495c-993e-708732abd50a" testId="863ba840-d0c2-3b87-37ee-d6c2ae4bed7d" testName="ClickUp.Api.Client.Tests.ServiceTests.GuestsServiceTests.RemoveGuestFromListAsync_PassesCancellationTokenToApiConnection" computerName="devbox" duration="00:00:00.0096157" startTime="2025-06-24T03:53:51.8663538+00:00" endTime="2025-06-24T03:53:51.8663538+00:00" testType="13cdc9d9-ddb5-4fa4-a97d-d965ccfc6d4b" outcome="Passed" testListId="8c84fa94-04c1-424b-9868-57a2d4851a1d" relativeResultsDirectory="c1b34651-c4af-495c-993e-708732abd50a" />
    <UnitTestResult executionId="41f0d63f-7f0d-47c4-b810-a72adff15c82" testId="a6cbf3bf-8536-d3d8-7967-29553bc7bd7d" testName="ClickUp.Api.Client.Tests.ServiceTests.AuthorizationServiceTests.GetAuthorizedUserAsync_ApiConnectionThrowsException_PropagatesException" computerName="devbox" duration="00:00:00.0049993" startTime="2025-06-24T03:53:52.0591745+00:00" endTime="2025-06-24T03:53:52.0591745+00:00" testType="13cdc9d9-ddb5-4fa4-a97d-d965ccfc6d4b" outcome="Passed" testListId="8c84fa94-04c1-424b-9868-57a2d4851a1d" relativeResultsDirectory="41f0d63f-7f0d-47c4-b810-a72adff15c82" />
    <UnitTestResult executionId="dc17bda9-9333-4251-a51f-40d2a30eefcb" testId="ccf79253-a57c-36f1-e922-c20571fa8b5f" testName="ClickUp.Api.Client.Tests.ServiceTests.DocsServiceTests.EditPageAsync_ValidRequest_CallsPutAsync" computerName="devbox" duration="00:00:00.0063183" startTime="2025-06-24T03:53:51.2952707+00:00" endTime="2025-06-24T03:53:51.2952708+00:00" testType="13cdc9d9-ddb5-4fa4-a97d-d965ccfc6d4b" outcome="Passed" testListId="8c84fa94-04c1-424b-9868-57a2d4851a1d" relativeResultsDirectory="dc17bda9-9333-4251-a51f-40d2a30eefcb" />
    <UnitTestResult executionId="8c3658f2-aa9f-497e-ba37-fc2fb075919d" testId="0815f71f-d1b5-383f-c254-24620e55ca59" testName="ClickUp.Api.Client.Tests.ServiceTests.TaskChecklistsServiceTests.DeleteChecklistAsync_ApiConnectionThrowsHttpRequestException_PropagatesException" computerName="devbox" duration="00:00:00.0016182" startTime="2025-06-24T03:53:51.0787658+00:00" endTime="2025-06-24T03:53:51.0787659+00:00" testType="13cdc9d9-ddb5-4fa4-a97d-d965ccfc6d4b" outcome="Passed" testListId="8c84fa94-04c1-424b-9868-57a2d4851a1d" relativeResultsDirectory="8c3658f2-aa9f-497e-ba37-fc2fb075919d" />
    <UnitTestResult executionId="1bda464a-7118-4555-8450-7328894b7d6c" testId="ffba5041-3dad-a171-d402-f1044d82d98b" testName="ClickUp.Api.Client.Tests.ServiceTests.TaskChecklistsServiceTests.EditChecklistItemAsync_ApiReturnsResponseWithNullChecklist_ThrowsInvalidOperationException" computerName="devbox" duration="00:00:00.0032128" startTime="2025-06-24T03:53:51.0744553+00:00" endTime="2025-06-24T03:53:51.0744554+00:00" testType="13cdc9d9-ddb5-4fa4-a97d-d965ccfc6d4b" outcome="Passed" testListId="8c84fa94-04c1-424b-9868-57a2d4851a1d" relativeResultsDirectory="1bda464a-7118-4555-8450-7328894b7d6c" />
    <UnitTestResult executionId="a55433b9-2084-41e3-9f77-c2af05d20e31" testId="baea752d-54d8-3c83-578e-889160e95153" testName="ClickUp.Api.Client.Tests.ServiceTests.AuthorizationServiceTests.GetAuthorizedUserAsync_ApiConnectionReturnsNull_ReturnsNull" computerName="devbox" duration="00:00:00.0034928" startTime="2025-06-24T03:53:52.0277177+00:00" endTime="2025-06-24T03:53:52.0277178+00:00" testType="13cdc9d9-ddb5-4fa4-a97d-d965ccfc6d4b" outcome="Passed" testListId="8c84fa94-04c1-424b-9868-57a2d4851a1d" relativeResultsDirectory="a55433b9-2084-41e3-9f77-c2af05d20e31" />
    <UnitTestResult executionId="73276c6a-7734-4eb0-8282-74bbe57be09e" testId="d364fe51-32f4-0505-0794-50c70ce2f6f1" testName="ClickUp.Api.Client.Tests.ServiceTests.ChatServiceTests.CreateReplyMessageAsync_ValidRequest_CallsPostAndReturnsMessage" computerName="devbox" duration="00:00:00.0095979" startTime="2025-06-24T03:53:52.1873420+00:00" endTime="2025-06-24T03:53:52.1873421+00:00" testType="13cdc9d9-ddb5-4fa4-a97d-d965ccfc6d4b" outcome="Passed" testListId="8c84fa94-04c1-424b-9868-57a2d4851a1d" relativeResultsDirectory="73276c6a-7734-4eb0-8282-74bbe57be09e" />
    <UnitTestResult executionId="0015bb1d-62de-4948-ada6-9ad66515aadd" testId="84a0fe9e-88a9-b519-abce-44607ed3d60b" testName="ClickUp.Api.Client.Tests.ServiceTests.GuestsServiceTests.RemoveGuestFromTaskAsync_ValidRequest_CallsDeleteAndReturnsGuest" computerName="devbox" duration="00:00:00.0038075" startTime="2025-06-24T03:53:51.9689311+00:00" endTime="2025-06-24T03:53:51.9689311+00:00" testType="13cdc9d9-ddb5-4fa4-a97d-d965ccfc6d4b" outcome="Passed" testListId="8c84fa94-04c1-424b-9868-57a2d4851a1d" relativeResultsDirectory="0015bb1d-62de-4948-ada6-9ad66515aadd" />
    <UnitTestResult executionId="06c172c3-e462-415d-9eb3-2e8ef5617a88" testId="443f2da3-b089-a650-7bb5-fbd792906525" testName="ClickUp.Api.Client.Tests.ServiceTests.TimeTrackingServiceTests.ChangeTimeEntryTagNameAsync_ApiConnectionThrowsTaskCanceledException_PropagatesException" computerName="devbox" duration="00:00:00.0042988" startTime="2025-06-24T03:53:51.3374449+00:00" endTime="2025-06-24T03:53:51.3374450+00:00" testType="13cdc9d9-ddb5-4fa4-a97d-d965ccfc6d4b" outcome="Passed" testListId="8c84fa94-04c1-424b-9868-57a2d4851a1d" relativeResultsDirectory="06c172c3-e462-415d-9eb3-2e8ef5617a88" />
    <UnitTestResult executionId="10ba8746-1a61-49fa-9829-3fd3bf247d6c" testId="10e5a3ce-9290-0bf4-2ea9-aabafbb1a973" testName="ClickUp.Api.Client.Tests.ServiceTests.TagsServiceTests.DeleteSpaceTagAsync_ApiConnectionThrowsHttpRequestException_PropagatesException" computerName="devbox" duration="00:00:00.0040459" startTime="2025-06-24T03:53:51.5365441+00:00" endTime="2025-06-24T03:53:51.5365442+00:00" testType="13cdc9d9-ddb5-4fa4-a97d-d965ccfc6d4b" outcome="Passed" testListId="8c84fa94-04c1-424b-9868-57a2d4851a1d" relativeResultsDirectory="10ba8746-1a61-49fa-9829-3fd3bf247d6c" />
    <UnitTestResult executionId="298886ac-31ac-420d-8082-0b920e63350e" testId="d02ae00d-1311-89ab-3fb9-c916f421eba3" testName="ClickUp.Api.Client.Tests.Models.Entities.CustomFieldValueTests.Deserialize_DateFieldValue_Correctly" computerName="devbox" duration="00:00:00.0003474" startTime="2025-06-24T03:53:51.5076687+00:00" endTime="2025-06-24T03:53:51.5076687+00:00" testType="13cdc9d9-ddb5-4fa4-a97d-d965ccfc6d4b" outcome="Passed" testListId="8c84fa94-04c1-424b-9868-57a2d4851a1d" relativeResultsDirectory="298886ac-31ac-420d-8082-0b920e63350e" />
    <UnitTestResult executionId="28076601-7cbf-422d-8755-2f0de3ebe5bd" testId="45289421-0910-5184-0d1e-471036646f71" testName="ClickUp.Api.Client.Tests.ServiceTests.ViewsServiceTests.GetSpaceViewsAsync_ThrowsHttpRequestException_WhenApiCallFails" computerName="devbox" duration="00:00:00.0046526" startTime="2025-06-24T03:53:51.0992700+00:00" endTime="2025-06-24T03:53:51.0992701+00:00" testType="13cdc9d9-ddb5-4fa4-a97d-d965ccfc6d4b" outcome="Passed" testListId="8c84fa94-04c1-424b-9868-57a2d4851a1d" relativeResultsDirectory="28076601-7cbf-422d-8755-2f0de3ebe5bd" />
    <UnitTestResult executionId="febe4aa5-ffda-4718-9069-b3971f5db6a0" testId="deaa7d6d-5179-48ff-d03d-6b99299e1d96" testName="ClickUp.Api.Client.Tests.ServiceTests.ChatServiceTests.CreateDirectMessageChatChannelAsync_NullResponse_ThrowsInvalidOperationException" computerName="devbox" duration="00:00:00.0034134" startTime="2025-06-24T03:53:52.0938739+00:00" endTime="2025-06-24T03:53:52.0938741+00:00" testType="13cdc9d9-ddb5-4fa4-a97d-d965ccfc6d4b" outcome="Passed" testListId="8c84fa94-04c1-424b-9868-57a2d4851a1d" relativeResultsDirectory="febe4aa5-ffda-4718-9069-b3971f5db6a0" />
    <UnitTestResult executionId="f46b8d0d-9385-48df-a0fa-044c87ec6cdd" testId="ea7264c8-ee1d-7984-e681-677cdab9bc36" testName="ClickUp.Api.Client.Tests.ServiceTests.CommentServiceTests.DeleteCommentAsync_PassesCancellationTokenToApiConnection" computerName="devbox" duration="00:00:00.0055012" startTime="2025-06-24T03:53:51.4621998+00:00" endTime="2025-06-24T03:53:51.4621999+00:00" testType="13cdc9d9-ddb5-4fa4-a97d-d965ccfc6d4b" outcome="Passed" testListId="8c84fa94-04c1-424b-9868-57a2d4851a1d" relativeResultsDirectory="f46b8d0d-9385-48df-a0fa-044c87ec6cdd" />
    <UnitTestResult executionId="bbb26789-c678-4766-9f32-2f96e128a7ee" testId="917fa181-a315-21f5-7c4c-f9ac52837fa3" testName="ClickUp.Api.Client.Tests.ServiceTests.SpacesServiceTests.UpdateSpaceAsync_ApiReturnsNullResponse_ThrowsInvalidOperationException" computerName="devbox" duration="00:00:00.0030891" startTime="2025-06-24T03:53:51.0760014+00:00" endTime="2025-06-24T03:53:51.0760014+00:00" testType="13cdc9d9-ddb5-4fa4-a97d-d965ccfc6d4b" outcome="Passed" testListId="8c84fa94-04c1-424b-9868-57a2d4851a1d" relativeResultsDirectory="bbb26789-c678-4766-9f32-2f96e128a7ee" />
    <UnitTestResult executionId="fb0077e3-f008-4b98-b0b2-f35e5a058c3f" testId="4caefc62-ab13-e69f-9847-b104043b9487" testName="ClickUp.Api.Client.Tests.ServiceTests.TemplatesServiceTests.GetTaskTemplatesAsync_ApiConnectionThrowsHttpRequestException_PropagatesException" computerName="devbox" duration="00:00:00.0022496" startTime="2025-06-24T03:53:51.4919445+00:00" endTime="2025-06-24T03:53:51.4919446+00:00" testType="13cdc9d9-ddb5-4fa4-a97d-d965ccfc6d4b" outcome="Passed" testListId="8c84fa94-04c1-424b-9868-57a2d4851a1d" relativeResultsDirectory="fb0077e3-f008-4b98-b0b2-f35e5a058c3f" />
    <UnitTestResult executionId="f8c7e0e0-78a4-4808-bf4f-c4344de9b3ac" testId="6c2e12bf-954a-e2dd-fb03-b30da6c844e7" testName="ClickUp.Api.Client.Tests.ServiceTests.ChatServiceTests.UpdateChatChannelAsync_ValidRequest_CallsPutAndReturnsChannel" computerName="devbox" duration="00:00:00.0077905" startTime="2025-06-24T03:53:52.2050716+00:00" endTime="2025-06-24T03:53:52.2050717+00:00" testType="13cdc9d9-ddb5-4fa4-a97d-d965ccfc6d4b" outcome="Passed" testListId="8c84fa94-04c1-424b-9868-57a2d4851a1d" relativeResultsDirectory="f8c7e0e0-78a4-4808-bf4f-c4344de9b3ac" />
    <UnitTestResult executionId="4fa687a0-a3b4-486f-9eb1-82284f50afe7" testId="d78e62b3-4c32-e675-1e81-ab68d35deb62" testName="ClickUp.Api.Client.Tests.ServiceTests.UsersServiceTests.EditUserOnWorkspaceAsync_ApiConnectionThrowsHttpRequestException_PropagatesException" computerName="devbox" duration="00:00:00.0046916" startTime="2025-06-24T03:53:52.1481366+00:00" endTime="2025-06-24T03:53:52.1481366+00:00" testType="13cdc9d9-ddb5-4fa4-a97d-d965ccfc6d4b" outcome="Passed" testListId="8c84fa94-04c1-424b-9868-57a2d4851a1d" relativeResultsDirectory="4fa687a0-a3b4-486f-9eb1-82284f50afe7" />
    <UnitTestResult executionId="63352636-59c7-4521-add9-9867d6000ed4" testId="84062fa8-9f95-3ee2-8d8a-899204450a85" testName="ClickUp.Api.Client.Tests.ServiceTests.ChatServiceTests.DeleteChatReactionAsync_ApiError_ThrowsHttpRequestException" computerName="devbox" duration="00:00:00.0024373" startTime="2025-06-24T03:53:52.2769763+00:00" endTime="2025-06-24T03:53:52.2769763+00:00" testType="13cdc9d9-ddb5-4fa4-a97d-d965ccfc6d4b" outcome="Passed" testListId="8c84fa94-04c1-424b-9868-57a2d4851a1d" relativeResultsDirectory="63352636-59c7-4521-add9-9867d6000ed4" />
    <UnitTestResult executionId="c096b204-4ff0-481b-90e8-4e9d3d6be1c1" testId="b10f9914-07e1-3a3a-d981-3736b980ebd7" testName="ClickUp.Api.Client.Tests.ServiceTests.CustomFieldsServiceTests.GetSpaceCustomFieldsAsync_ApiConnectionThrowsTaskCanceledException_PropagatesException" computerName="devbox" duration="00:00:00.0125609" startTime="2025-06-24T03:53:51.8552630+00:00" endTime="2025-06-24T03:53:51.8552631+00:00" testType="13cdc9d9-ddb5-4fa4-a97d-d965ccfc6d4b" outcome="Passed" testListId="8c84fa94-04c1-424b-9868-57a2d4851a1d" relativeResultsDirectory="c096b204-4ff0-481b-90e8-4e9d3d6be1c1" />
    <UnitTestResult executionId="02c4170a-bc40-486e-9e0b-880b0ad8f927" testId="c07f3ebe-feeb-0c21-e851-13afcafc278a" testName="ClickUp.Api.Client.Tests.ServiceTests.TagsServiceTests.GetSpaceTagsAsync_ApiReturnsNullResponse_ReturnsEmptyEnumerable" computerName="devbox" duration="00:00:00.0021890" startTime="2025-06-24T03:53:51.5290924+00:00" endTime="2025-06-24T03:53:51.5290925+00:00" testType="13cdc9d9-ddb5-4fa4-a97d-d965ccfc6d4b" outcome="Passed" testListId="8c84fa94-04c1-424b-9868-57a2d4851a1d" relativeResultsDirectory="02c4170a-bc40-486e-9e0b-880b0ad8f927" />
    <UnitTestResult executionId="c3e4266f-2995-4b5a-b985-19f218b32274" testId="50c5abd6-7b0a-4348-78da-8a2e086832a2" testName="ClickUp.Api.Client.Tests.ServiceTests.CommentServiceTests.GetTaskCommentsAsync_IAsyncEnumerable_ReturnsAllComments_WhenSinglePage" computerName="devbox" duration="00:00:00.0063794" startTime="2025-06-24T03:53:51.4170143+00:00" endTime="2025-06-24T03:53:51.4170144+00:00" testType="13cdc9d9-ddb5-4fa4-a97d-d965ccfc6d4b" outcome="Passed" testListId="8c84fa94-04c1-424b-9868-57a2d4851a1d" relativeResultsDirectory="c3e4266f-2995-4b5a-b985-19f218b32274" />
    <UnitTestResult executionId="c93a65a4-15f7-48dc-81da-96407690bc8b" testId="331cbfad-34a4-b13c-ed64-42a3230ef7f4" testName="ClickUp.Api.Client.Tests.ServiceTests.GuestsServiceTests.AddGuestToTaskAsync_ApiError_ThrowsHttpRequestException" computerName="devbox" duration="00:00:00.0035287" startTime="2025-06-24T03:53:51.8298972+00:00" endTime="2025-06-24T03:53:51.8298973+00:00" testType="13cdc9d9-ddb5-4fa4-a97d-d965ccfc6d4b" outcome="Passed" testListId="8c84fa94-04c1-424b-9868-57a2d4851a1d" relativeResultsDirectory="c93a65a4-15f7-48dc-81da-96407690bc8b" />
    <UnitTestResult executionId="a8d869e6-5305-438a-93c3-466269a4975f" testId="b47e4fb5-70dd-1ea2-05ee-5e86e036cb6a" testName="ClickUp.Api.Client.Tests.ServiceTests.TagsServiceTests.GetSpaceTagsAsync_ValidSpaceId_ReturnsTags" computerName="devbox" duration="00:00:00.0057332" startTime="2025-06-24T03:53:51.5738206+00:00" endTime="2025-06-24T03:53:51.5738207+00:00" testType="13cdc9d9-ddb5-4fa4-a97d-d965ccfc6d4b" outcome="Passed" testListId="8c84fa94-04c1-424b-9868-57a2d4851a1d" relativeResultsDirectory="a8d869e6-5305-438a-93c3-466269a4975f" />
    <UnitTestResult executionId="f94af78b-8679-4cd8-a958-941b0d85e2ab" testId="7f9f33b1-cd7d-6178-7cdc-24666175caf4" testName="ClickUp.Api.Client.Tests.ServiceTests.CommentServiceTests.CreateTaskCommentAsync_ApiConnectionThrowsException_PropagatesException" computerName="devbox" duration="00:00:00.0079812" startTime="2025-06-24T03:53:51.1739516+00:00" endTime="2025-06-24T03:53:51.1739517+00:00" testType="13cdc9d9-ddb5-4fa4-a97d-d965ccfc6d4b" outcome="Passed" testListId="8c84fa94-04c1-424b-9868-57a2d4851a1d" relativeResultsDirectory="f94af78b-8679-4cd8-a958-941b0d85e2ab" />
    <UnitTestResult executionId="d2cce58a-e8d7-4c6b-be14-0a61c9638e60" testId="edd30935-2f6e-0a0e-28f0-afa501a88ab0" testName="ClickUp.Api.Client.Tests.ServiceTests.GuestsServiceTests.AddGuestToListAsync_ApiConnectionThrowsTaskCanceledException_PropagatesException" computerName="devbox" duration="00:00:00.0034073" startTime="2025-06-24T03:53:51.8993202+00:00" endTime="2025-06-24T03:53:51.8993203+00:00" testType="13cdc9d9-ddb5-4fa4-a97d-d965ccfc6d4b" outcome="Passed" testListId="8c84fa94-04c1-424b-9868-57a2d4851a1d" relativeResultsDirectory="d2cce58a-e8d7-4c6b-be14-0a61c9638e60" />
    <UnitTestResult executionId="ed4a87cd-918e-4002-8b02-11b571c0f6bd" testId="0c583350-00fc-c256-1d2e-f648f6c1b140" testName="ClickUp.Api.Client.Tests.ServiceTests.ChatServiceTests.CreateDirectMessageChatChannelAsync_PassesCancellationTokenToApiConnection" computerName="devbox" duration="00:00:00.0046811" startTime="2025-06-24T03:53:52.1962870+00:00" endTime="2025-06-24T03:53:52.1962871+00:00" testType="13cdc9d9-ddb5-4fa4-a97d-d965ccfc6d4b" outcome="Passed" testListId="8c84fa94-04c1-424b-9868-57a2d4851a1d" relativeResultsDirectory="ed4a87cd-918e-4002-8b02-11b571c0f6bd" />
    <UnitTestResult executionId="080301f5-cdf0-4c58-85a6-a8c3b9315173" testId="4184d3dd-ca69-c1b8-586f-f93c06d5d26b" testName="ClickUp.Api.Client.Tests.ServiceTests.TaskChecklistsServiceTests.DeleteChecklistItemAsync_ApiConnectionThrowsTaskCanceledException_PropagatesException" computerName="devbox" duration="00:00:00.0044181" startTime="2025-06-24T03:53:51.0734904+00:00" endTime="2025-06-24T03:53:51.0734905+00:00" testType="13cdc9d9-ddb5-4fa4-a97d-d965ccfc6d4b" outcome="Passed" testListId="8c84fa94-04c1-424b-9868-57a2d4851a1d" relativeResultsDirectory="080301f5-cdf0-4c58-85a6-a8c3b9315173" />
    <UnitTestResult executionId="6cfe595a-1604-41cd-9f30-2ea6ae316912" testId="90526451-6840-19f7-8a25-ab42548b6ebe" testName="ClickUp.Api.Client.Tests.Models.Serialization.Converters.JsonStringOrNumberConverterTests.Write_WhenValueIsString_ShouldWriteJsonString" computerName="devbox" duration="00:00:00.0005852" startTime="2025-06-24T03:53:52.0338792+00:00" endTime="2025-06-24T03:53:52.0338793+00:00" testType="13cdc9d9-ddb5-4fa4-a97d-d965ccfc6d4b" outcome="Passed" testListId="8c84fa94-04c1-424b-9868-57a2d4851a1d" relativeResultsDirectory="6cfe595a-1604-41cd-9f30-2ea6ae316912" />
    <UnitTestResult executionId="64947250-5004-497a-9f97-fb191f247600" testId="716555af-e165-d95b-b1b2-db5a93b55899" testName="ClickUp.Api.Client.Tests.ServiceTests.ChatServiceTests.DeleteChatChannelAsync_ApiConnectionThrowsTaskCanceledException_PropagatesException" computerName="devbox" duration="00:00:00.0019527" startTime="2025-06-24T03:53:51.9385927+00:00" endTime="2025-06-24T03:53:51.9385928+00:00" testType="13cdc9d9-ddb5-4fa4-a97d-d965ccfc6d4b" outcome="Passed" testListId="8c84fa94-04c1-424b-9868-57a2d4851a1d" relativeResultsDirectory="64947250-5004-497a-9f97-fb191f247600" />
    <UnitTestResult executionId="b24c2e99-21b9-443e-b779-aa45acbfe53e" testId="8812ebd6-a94c-fad4-8b2a-125aaec04975" testName="ClickUp.Api.Client.Tests.ServiceTests.ViewsServiceTests.GetFolderViewsAsync_ApiReturnsNull_ThrowsInvalidOperationException" computerName="devbox" duration="00:00:00.0026468" startTime="2025-06-24T03:53:51.0790933+00:00" endTime="2025-06-24T03:53:51.0790934+00:00" testType="13cdc9d9-ddb5-4fa4-a97d-d965ccfc6d4b" outcome="Passed" testListId="8c84fa94-04c1-424b-9868-57a2d4851a1d" relativeResultsDirectory="b24c2e99-21b9-443e-b779-aa45acbfe53e" />
    <UnitTestResult executionId="7714656e-c682-4b33-bf85-61e0dc478c10" testId="7b9e8da3-c1cf-a39e-6f3d-7f535dcbb54b" testName="ClickUp.Api.Client.Tests.ServiceTests.TaskRelationshipsServiceTests.AddTaskLinkAsync_ApiConnectionThrowsTaskCanceledException_PropagatesException" computerName="devbox" duration="00:00:00.0060901" startTime="2025-06-24T03:53:51.8445322+00:00" endTime="2025-06-24T03:53:51.8445323+00:00" testType="13cdc9d9-ddb5-4fa4-a97d-d965ccfc6d4b" outcome="Passed" testListId="8c84fa94-04c1-424b-9868-57a2d4851a1d" relativeResultsDirectory="7714656e-c682-4b33-bf85-61e0dc478c10" />
    <UnitTestResult executionId="468eb9c5-5e3b-4e1c-8aac-7220c14cd2c8" testId="65cb382b-a4f2-1d56-687f-d77636e84c28" testName="ClickUp.Api.Client.Tests.ServiceTests.ViewsServiceTests.GetSpaceViewsAsync_ApiReturnsResponseWithNullViews_ServiceInitializesToEmptyList" computerName="devbox" duration="00:00:00.0017158" startTime="2025-06-24T03:53:51.0798426+00:00" endTime="2025-06-24T03:53:51.0798426+00:00" testType="13cdc9d9-ddb5-4fa4-a97d-d965ccfc6d4b" outcome="Passed" testListId="8c84fa94-04c1-424b-9868-57a2d4851a1d" relativeResultsDirectory="468eb9c5-5e3b-4e1c-8aac-7220c14cd2c8" />
    <UnitTestResult executionId="d6558290-db03-4d74-950d-6fcdb362714b" testId="d7e51438-6f10-ba0d-c97e-e1b550ea3b42" testName="ClickUp.Api.Client.Tests.ServiceTests.ListsServiceTests.UpdateListAsync_ValidRequest_ReturnsUpdatedList" computerName="devbox" duration="00:00:00.0070025" startTime="2025-06-24T03:53:52.2464606+00:00" endTime="2025-06-24T03:53:52.2464606+00:00" testType="13cdc9d9-ddb5-4fa4-a97d-d965ccfc6d4b" outcome="Passed" testListId="8c84fa94-04c1-424b-9868-57a2d4851a1d" relativeResultsDirectory="d6558290-db03-4d74-950d-6fcdb362714b" />
    <UnitTestResult executionId="28d4b697-d400-40aa-bfb8-a9d57625029a" testId="b418870a-8d2c-3360-5644-60e4db33ab07" testName="ClickUp.Api.Client.Tests.ServiceTests.DocsServiceTests.GetDocPageListingAsync_MinimalRequest_BuildsUrlAndReturnsListing" computerName="devbox" duration="00:00:00.0085390" startTime="2025-06-24T03:53:51.4328969+00:00" endTime="2025-06-24T03:53:51.4328969+00:00" testType="13cdc9d9-ddb5-4fa4-a97d-d965ccfc6d4b" outcome="Passed" testListId="8c84fa94-04c1-424b-9868-57a2d4851a1d" relativeResultsDirectory="28d4b697-d400-40aa-bfb8-a9d57625029a" />
    <UnitTestResult executionId="d54ee77d-abe9-4f85-a0f4-a4120a3ad3fd" testId="8743d94d-d6cd-c718-c5ad-f9c6fd6bc396" testName="ClickUp.Api.Client.Tests.ServiceTests.DocsServiceTests.CreatePageAsync_ValidRequest_ReturnsPage" computerName="devbox" duration="00:00:00.0067765" startTime="2025-06-24T03:53:51.3604136+00:00" endTime="2025-06-24T03:53:51.3604136+00:00" testType="13cdc9d9-ddb5-4fa4-a97d-d965ccfc6d4b" outcome="Passed" testListId="8c84fa94-04c1-424b-9868-57a2d4851a1d" relativeResultsDirectory="d54ee77d-abe9-4f85-a0f4-a4120a3ad3fd" />
    <UnitTestResult executionId="96e3400e-ecc5-40e6-8b63-61c7221f1503" testId="060a0ab5-38d7-1a51-f31b-f4f97a6b8532" testName="ClickUp.Api.Client.Tests.ServiceTests.FoldersServiceTests.CreateFolderFromTemplateAsync_PassesCancellationTokenToApiConnection" computerName="devbox" duration="00:00:00.0133080" startTime="2025-06-24T03:53:51.0750708+00:00" endTime="2025-06-24T03:53:51.0750709+00:00" testType="13cdc9d9-ddb5-4fa4-a97d-d965ccfc6d4b" outcome="Passed" testListId="8c84fa94-04c1-424b-9868-57a2d4851a1d" relativeResultsDirectory="96e3400e-ecc5-40e6-8b63-61c7221f1503" />
    <UnitTestResult executionId="055a5152-2ced-4262-9810-96c4ba0f9cc2" testId="9b8ff836-b6ad-3695-bd79-77c45a56f268" testName="ClickUp.Api.Client.Tests.ServiceTests.DocsServiceTests.GetPageAsync_NullDataInResponse_ThrowsInvalidOperationException" computerName="devbox" duration="00:00:00.0019834" startTime="2025-06-24T03:53:51.4542654+00:00" endTime="2025-06-24T03:53:51.4542654+00:00" testType="13cdc9d9-ddb5-4fa4-a97d-d965ccfc6d4b" outcome="Passed" testListId="8c84fa94-04c1-424b-9868-57a2d4851a1d" relativeResultsDirectory="055a5152-2ced-4262-9810-96c4ba0f9cc2" />
    <UnitTestResult executionId="b6845627-fa04-4db8-94fa-1d086166bfcb" testId="9fe5da7b-8344-b527-8330-6fbce0aa2ad1" testName="ClickUp.Api.Client.Tests.ServiceTests.CustomFieldsServiceTests.GetFolderCustomFieldsAsync_PassesCancellationTokenToApiConnection" computerName="devbox" duration="00:00:00.0044721" startTime="2025-06-24T03:53:51.8713900+00:00" endTime="2025-06-24T03:53:51.8713901+00:00" testType="13cdc9d9-ddb5-4fa4-a97d-d965ccfc6d4b" outcome="Passed" testListId="8c84fa94-04c1-424b-9868-57a2d4851a1d" relativeResultsDirectory="b6845627-fa04-4db8-94fa-1d086166bfcb" />
    <UnitTestResult executionId="dbf90d08-8ba7-4178-bc51-3600a8df8d4e" testId="1fc0a138-aae1-a53b-1473-03ab377675e8" testName="ClickUp.Api.Client.Tests.ServiceTests.TagsServiceTests.DeleteSpaceTagAsync_ValidRequest_CallsDeleteAsync" computerName="devbox" duration="00:00:00.0083158" startTime="2025-06-24T03:53:51.7306213+00:00" endTime="2025-06-24T03:53:51.7306214+00:00" testType="13cdc9d9-ddb5-4fa4-a97d-d965ccfc6d4b" outcome="Passed" testListId="8c84fa94-04c1-424b-9868-57a2d4851a1d" relativeResultsDirectory="dbf90d08-8ba7-4178-bc51-3600a8df8d4e" />
    <UnitTestResult executionId="edd3af00-01d7-4c05-9627-cd898e9ef3d2" testId="525066eb-7153-bffe-95f1-f352ab1e697a" testName="ClickUp.Api.Client.Tests.ServiceTests.UserGroupServiceTests.DeleteUserGroupAsync_ValidGroupId_CallsDeleteAsync" computerName="devbox" duration="00:00:00.0036499" startTime="2025-06-24T03:53:51.6805822+00:00" endTime="2025-06-24T03:53:51.6805823+00:00" testType="13cdc9d9-ddb5-4fa4-a97d-d965ccfc6d4b" outcome="Passed" testListId="8c84fa94-04c1-424b-9868-57a2d4851a1d" relativeResultsDirectory="edd3af00-01d7-4c05-9627-cd898e9ef3d2" />
    <UnitTestResult executionId="4c2b5a78-7095-452d-bc6b-80f7d59e76c3" testId="28cceedd-0004-bcae-37ba-848d1807e699" testName="ClickUp.Api.Client.Tests.ServiceTests.FoldersServiceTests.GetFolderAsync_ApiError_ThrowsHttpRequestException" computerName="devbox" duration="00:00:00.0028898" startTime="2025-06-24T03:53:51.1084292+00:00" endTime="2025-06-24T03:53:51.1084293+00:00" testType="13cdc9d9-ddb5-4fa4-a97d-d965ccfc6d4b" outcome="Passed" testListId="8c84fa94-04c1-424b-9868-57a2d4851a1d" relativeResultsDirectory="4c2b5a78-7095-452d-bc6b-80f7d59e76c3" />
    <UnitTestResult executionId="40cf845b-2670-402f-a9de-6f787283e4b7" testId="6327abf2-47ef-c94a-62f6-39014c1d6551" testName="ClickUp.Api.Client.Tests.ServiceTests.GuestsServiceTests.GetGuestAsync_ValidIds_BuildsCorrectUrlAndReturnsGuest" computerName="devbox" duration="00:00:00.0159341" startTime="2025-06-24T03:53:51.7582343+00:00" endTime="2025-06-24T03:53:51.7582343+00:00" testType="13cdc9d9-ddb5-4fa4-a97d-d965ccfc6d4b" outcome="Passed" testListId="8c84fa94-04c1-424b-9868-57a2d4851a1d" relativeResultsDirectory="40cf845b-2670-402f-a9de-6f787283e4b7" />
    <UnitTestResult executionId="efa62227-8219-45ad-80fa-e1c4a3821909" testId="d4dbc83b-2530-789e-5f5b-4985bc73e6f9" testName="ClickUp.Api.Client.Tests.ServiceTests.FoldersServiceTests.DeleteFolderAsync_ValidId_CallsDelete" computerName="devbox" duration="00:00:00.0067242" startTime="2025-06-24T03:53:51.1174915+00:00" endTime="2025-06-24T03:53:51.1174915+00:00" testType="13cdc9d9-ddb5-4fa4-a97d-d965ccfc6d4b" outcome="Passed" testListId="8c84fa94-04c1-424b-9868-57a2d4851a1d" relativeResultsDirectory="efa62227-8219-45ad-80fa-e1c4a3821909" />
    <UnitTestResult executionId="f7299b92-2011-46d0-a26c-6821f90fe4b2" testId="f4ff0c79-3ea2-68e3-d566-a1db5c61fda0" testName="ClickUp.Api.Client.Tests.ServiceTests.TimeTrackingServiceTests.GetRunningTimeEntryAsync_WhenTimerIsRunning_ReturnsTimeEntry" computerName="devbox" duration="00:00:00.0186416" startTime="2025-06-24T03:53:51.4442543+00:00" endTime="2025-06-24T03:53:51.4442544+00:00" testType="13cdc9d9-ddb5-4fa4-a97d-d965ccfc6d4b" outcome="Passed" testListId="8c84fa94-04c1-424b-9868-57a2d4851a1d" relativeResultsDirectory="f7299b92-2011-46d0-a26c-6821f90fe4b2" />
    <UnitTestResult executionId="4a1809b0-1c84-48f3-8c0e-7450fc24794e" testId="28198b81-66ec-1562-5ed0-6cabf57ebd54" testName="ClickUp.Api.Client.Tests.ServiceTests.CustomFieldsServiceTests.RemoveCustomFieldValueAsync_ApiConnectionThrowsTaskCanceledException_PropagatesException" computerName="devbox" duration="00:00:00.0060969" startTime="2025-06-24T03:53:51.9286504+00:00" endTime="2025-06-24T03:53:51.9286505+00:00" testType="13cdc9d9-ddb5-4fa4-a97d-d965ccfc6d4b" outcome="Passed" testListId="8c84fa94-04c1-424b-9868-57a2d4851a1d" relativeResultsDirectory="4a1809b0-1c84-48f3-8c0e-7450fc24794e" />
    <UnitTestResult executionId="d1de797f-b7a2-410c-93a3-6abf7175511f" testId="b5d24841-5913-74d3-42f1-eae7a6cd6b06" testName="ClickUp.Api.Client.Tests.ServiceTests.ListsServiceTests.GetFolderlessListsAsyncEnumerableAsync_ReturnsEmpty_WhenNoLists" computerName="devbox" duration="00:00:00.0035164" startTime="2025-06-24T03:53:52.2164649+00:00" endTime="2025-06-24T03:53:52.2164649+00:00" testType="13cdc9d9-ddb5-4fa4-a97d-d965ccfc6d4b" outcome="Passed" testListId="8c84fa94-04c1-424b-9868-57a2d4851a1d" relativeResultsDirectory="d1de797f-b7a2-410c-93a3-6abf7175511f" />
    <UnitTestResult executionId="b598386d-0342-4fec-817a-fb5a44691d16" testId="2b484fed-800e-eefb-c232-611caa07952d" testName="ClickUp.Api.Client.Tests.ServiceTests.TaskChecklistsServiceTests.CreateChecklistAsync_PassesCancellationTokenToApiConnection" computerName="devbox" duration="00:00:00.0100380" startTime="2025-06-24T03:53:51.0796312+00:00" endTime="2025-06-24T03:53:51.0796313+00:00" testType="13cdc9d9-ddb5-4fa4-a97d-d965ccfc6d4b" outcome="Passed" testListId="8c84fa94-04c1-424b-9868-57a2d4851a1d" relativeResultsDirectory="b598386d-0342-4fec-817a-fb5a44691d16" />
    <UnitTestResult executionId="c2eb6f26-5c62-4fdc-b68d-2854a17d9827" testId="4b76b10c-3987-229a-82ef-c4d4464c6a7a" testName="ClickUp.Api.Client.Tests.ServiceTests.CommentServiceTests.GetListCommentsStreamAsync_IAsyncEnumerable_ReturnsEmpty_WhenNoComments" computerName="devbox" duration="00:00:00.0063725" startTime="2025-06-24T03:53:51.4093629+00:00" endTime="2025-06-24T03:53:51.4093629+00:00" testType="13cdc9d9-ddb5-4fa4-a97d-d965ccfc6d4b" outcome="Passed" testListId="8c84fa94-04c1-424b-9868-57a2d4851a1d" relativeResultsDirectory="c2eb6f26-5c62-4fdc-b68d-2854a17d9827" />
    <UnitTestResult executionId="69e0a763-d012-4fa4-93c2-11b80723af42" testId="99925d98-cc15-0d9d-8c6c-cced5a935ca8" testName="ClickUp.Api.Client.Tests.ServiceTests.ChatServiceTests.GetChatMessageTaggedUsersAsync_MinimalRequest_BuildsUrlAndReturnsResponse" computerName="devbox" duration="00:00:00.0083922" startTime="2025-06-24T03:53:52.3534801+00:00" endTime="2025-06-24T03:53:52.3534802+00:00" testType="13cdc9d9-ddb5-4fa4-a97d-d965ccfc6d4b" outcome="Passed" testListId="8c84fa94-04c1-424b-9868-57a2d4851a1d" relativeResultsDirectory="69e0a763-d012-4fa4-93c2-11b80723af42" />
    <UnitTestResult executionId="5f8db798-d8f0-4ef4-a5f6-69a0b0053ecb" testId="8d4f003b-e7fd-d6d0-07aa-d85ded595d3d" testName="ClickUp.Api.Client.Tests.ServiceTests.TimeTrackingServiceTests.StopTimeEntryAsync_ApiConnectionThrowsHttpRequestException_PropagatesException" computerName="devbox" duration="00:00:00.0047292" startTime="2025-06-24T03:53:52.3386623+00:00" endTime="2025-06-24T03:53:52.3386623+00:00" testType="13cdc9d9-ddb5-4fa4-a97d-d965ccfc6d4b" outcome="Passed" testListId="8c84fa94-04c1-424b-9868-57a2d4851a1d" relativeResultsDirectory="5f8db798-d8f0-4ef4-a5f6-69a0b0053ecb" />
    <UnitTestResult executionId="9f19e938-ba4b-4309-b21c-19f5c0b773e0" testId="7eac7054-5c36-912a-b0a1-7a8b0f2cc93f" testName="ClickUp.Api.Client.Tests.ServiceTests.ChatServiceTests.DeleteChatChannelAsync_ApiError_ThrowsHttpRequestException" computerName="devbox" duration="00:00:00.0037753" startTime="2025-06-24T03:53:51.9762787+00:00" endTime="2025-06-24T03:53:51.9762787+00:00" testType="13cdc9d9-ddb5-4fa4-a97d-d965ccfc6d4b" outcome="Passed" testListId="8c84fa94-04c1-424b-9868-57a2d4851a1d" relativeResultsDirectory="9f19e938-ba4b-4309-b21c-19f5c0b773e0" />
    <UnitTestResult executionId="142f7d3b-2f09-46e2-b88d-0aaffce9400c" testId="d205cd4f-7e75-1065-1e83-e2c9c6957054" testName="ClickUp.Api.Client.Tests.ServiceTests.UserGroupServiceTests.GetUserGroupsAsync_WithNullGroupIds_BuildsCorrectUrlWithoutGroupIdsParam" computerName="devbox" duration="00:00:00.0032889" startTime="2025-06-24T03:53:51.5583431+00:00" endTime="2025-06-24T03:53:51.5583432+00:00" testType="13cdc9d9-ddb5-4fa4-a97d-d965ccfc6d4b" outcome="Passed" testListId="8c84fa94-04c1-424b-9868-57a2d4851a1d" relativeResultsDirectory="142f7d3b-2f09-46e2-b88d-0aaffce9400c" />
    <UnitTestResult executionId="164c7bc9-1c3b-4ad7-8dcd-27e598c26eb1" testId="d0d582a8-0c22-e0d2-4278-1deb51f5a180" testName="ClickUp.Api.Client.Tests.ServiceTests.GuestsServiceTests.RemoveGuestFromListAsync_NullApiResponse_ThrowsInvalidOperationException" computerName="devbox" duration="00:00:00.0023507" startTime="2025-06-24T03:53:52.0191231+00:00" endTime="2025-06-24T03:53:52.0191231+00:00" testType="13cdc9d9-ddb5-4fa4-a97d-d965ccfc6d4b" outcome="Passed" testListId="8c84fa94-04c1-424b-9868-57a2d4851a1d" relativeResultsDirectory="164c7bc9-1c3b-4ad7-8dcd-27e598c26eb1" />
  </Results>
  <TestDefinitions>
    <UnitTest name="ClickUp.Api.Client.Tests.ServiceTests.GoalsServiceTests.UpdateGoalAsync_ValidRequest_CallsPutAndReturnsGoal" storage="/app/src/clickup.api.client.tests/bin/debug/net9.0/clickup.api.client.tests.dll" id="f5c38650-c831-2729-550b-94e2b2333058">
      <Execution id="5fe17b05-85e3-4158-abcf-e1c2b89b2908" />
      <TestMethod codeBase="/app/src/ClickUp.Api.Client.Tests/bin/Debug/net9.0/ClickUp.Api.Client.Tests.dll" adapterTypeName="executor://xunit/VsTestRunner2/netcoreapp" className="ClickUp.Api.Client.Tests.ServiceTests.GoalsServiceTests" name="UpdateGoalAsync_ValidRequest_CallsPutAndReturnsGoal" />
    </UnitTest>
    <UnitTest name="ClickUp.Api.Client.Tests.ServiceTests.TimeTrackingServiceTests.UpdateTimeEntryAsync_PassesCancellationTokenToApiConnection" storage="/app/src/clickup.api.client.tests/bin/debug/net9.0/clickup.api.client.tests.dll" id="beacfd38-f6f3-6d05-0ca0-2c0310bf64de">
      <Execution id="6ab21250-f841-455b-a1e0-73adca6ffff2" />
      <TestMethod codeBase="/app/src/ClickUp.Api.Client.Tests/bin/Debug/net9.0/ClickUp.Api.Client.Tests.dll" adapterTypeName="executor://xunit/VsTestRunner2/netcoreapp" className="ClickUp.Api.Client.Tests.ServiceTests.TimeTrackingServiceTests" name="UpdateTimeEntryAsync_PassesCancellationTokenToApiConnection" />
    </UnitTest>
    <UnitTest name="ClickUp.Api.Client.Tests.ServiceTests.RolesServiceTests.GetCustomRolesAsync_ApiReturnsResponseWithNullRolesList_ReturnsEmptyEnumerable" storage="/app/src/clickup.api.client.tests/bin/debug/net9.0/clickup.api.client.tests.dll" id="d86ded55-5f4c-77c6-f606-ed4d9d7f15d2">
      <Execution id="0aa6845e-cb22-44b7-b984-168b2981daef" />
      <TestMethod codeBase="/app/src/ClickUp.Api.Client.Tests/bin/Debug/net9.0/ClickUp.Api.Client.Tests.dll" adapterTypeName="executor://xunit/VsTestRunner2/netcoreapp" className="ClickUp.Api.Client.Tests.ServiceTests.RolesServiceTests" name="GetCustomRolesAsync_ApiReturnsResponseWithNullRolesList_ReturnsEmptyEnumerable" />
    </UnitTest>
    <UnitTest name="ClickUp.Api.Client.Tests.ServiceTests.GuestsServiceTests.InviteGuestToWorkspaceAsync_ApiError_ThrowsHttpRequestException" storage="/app/src/clickup.api.client.tests/bin/debug/net9.0/clickup.api.client.tests.dll" id="6a94dc11-ffe5-0b60-12c5-19c379bb4b7f">
      <Execution id="5f4710ce-69c3-4c60-991e-c7aba7c7d7df" />
      <TestMethod codeBase="/app/src/ClickUp.Api.Client.Tests/bin/Debug/net9.0/ClickUp.Api.Client.Tests.dll" adapterTypeName="executor://xunit/VsTestRunner2/netcoreapp" className="ClickUp.Api.Client.Tests.ServiceTests.GuestsServiceTests" name="InviteGuestToWorkspaceAsync_ApiError_ThrowsHttpRequestException" />
    </UnitTest>
    <UnitTest name="ClickUp.Api.Client.Tests.ServiceTests.GoalsServiceTests.EditKeyResultAsync_PassesCancellationTokenToApiConnection" storage="/app/src/clickup.api.client.tests/bin/debug/net9.0/clickup.api.client.tests.dll" id="fe09c7b4-462e-8afb-8d2c-92d0157754f1">
      <Execution id="2d5e966b-3707-45dd-9c6e-9a62e6d2d871" />
      <TestMethod codeBase="/app/src/ClickUp.Api.Client.Tests/bin/Debug/net9.0/ClickUp.Api.Client.Tests.dll" adapterTypeName="executor://xunit/VsTestRunner2/netcoreapp" className="ClickUp.Api.Client.Tests.ServiceTests.GoalsServiceTests" name="EditKeyResultAsync_PassesCancellationTokenToApiConnection" />
    </UnitTest>
    <UnitTest name="ClickUp.Api.Client.Tests.ServiceTests.DocsServiceTests.GetDocPageListingAsync_ValidRequest_BuildsUrlAndReturnsListing" storage="/app/src/clickup.api.client.tests/bin/debug/net9.0/clickup.api.client.tests.dll" id="492aa0e3-a375-6bd6-318e-67cf4753a81e">
      <Execution id="e00ffde3-a503-4593-a324-e1b30672de38" />
      <TestMethod codeBase="/app/src/ClickUp.Api.Client.Tests/bin/Debug/net9.0/ClickUp.Api.Client.Tests.dll" adapterTypeName="executor://xunit/VsTestRunner2/netcoreapp" className="ClickUp.Api.Client.Tests.ServiceTests.DocsServiceTests" name="GetDocPageListingAsync_ValidRequest_BuildsUrlAndReturnsListing" />
    </UnitTest>
    <UnitTest name="ClickUp.Api.Client.Tests.ServiceTests.GuestsServiceTests.EditGuestOnWorkspaceAsync_NullApiResponse_ThrowsInvalidOperationException" storage="/app/src/clickup.api.client.tests/bin/debug/net9.0/clickup.api.client.tests.dll" id="e67d5763-5299-d5bc-04ab-8c3e8096df9b">
      <Execution id="57ba8e0e-37a8-4463-93df-0c458c8e54a2" />
      <TestMethod codeBase="/app/src/ClickUp.Api.Client.Tests/bin/Debug/net9.0/ClickUp.Api.Client.Tests.dll" adapterTypeName="executor://xunit/VsTestRunner2/netcoreapp" className="ClickUp.Api.Client.Tests.ServiceTests.GuestsServiceTests" name="EditGuestOnWorkspaceAsync_NullApiResponse_ThrowsInvalidOperationException" />
    </UnitTest>
    <UnitTest name="ClickUp.Api.Client.Tests.ServiceTests.TimeTrackingServiceTests.AddTagsToTimeEntriesAsync_ValidRequest_CallsPostAsync" storage="/app/src/clickup.api.client.tests/bin/debug/net9.0/clickup.api.client.tests.dll" id="c5e0be45-241d-5b76-f44d-464d0e8cb047">
      <Execution id="3ac32163-c20b-41f9-8e2a-c3e6db13ec62" />
      <TestMethod codeBase="/app/src/ClickUp.Api.Client.Tests/bin/Debug/net9.0/ClickUp.Api.Client.Tests.dll" adapterTypeName="executor://xunit/VsTestRunner2/netcoreapp" className="ClickUp.Api.Client.Tests.ServiceTests.TimeTrackingServiceTests" name="AddTagsToTimeEntriesAsync_ValidRequest_CallsPostAsync" />
    </UnitTest>
    <UnitTest name="ClickUp.Api.Client.Tests.ServiceTests.SpacesServiceTests.GetSpacesAsync_PassesCancellationTokenToApiConnection" storage="/app/src/clickup.api.client.tests/bin/debug/net9.0/clickup.api.client.tests.dll" id="0ce2e948-cdcf-98e1-8c6c-871c42bca80a">
      <Execution id="fd52344b-b29f-478e-a310-2f9b391aed00" />
      <TestMethod codeBase="/app/src/ClickUp.Api.Client.Tests/bin/Debug/net9.0/ClickUp.Api.Client.Tests.dll" adapterTypeName="executor://xunit/VsTestRunner2/netcoreapp" className="ClickUp.Api.Client.Tests.ServiceTests.SpacesServiceTests" name="GetSpacesAsync_PassesCancellationTokenToApiConnection" />
    </UnitTest>
    <UnitTest name="ClickUp.Api.Client.Tests.ServiceTests.ChatServiceTests.GetChatMessageReactionsAsync_MinimalRequest_BuildsUrlAndReturnsResponse" storage="/app/src/clickup.api.client.tests/bin/debug/net9.0/clickup.api.client.tests.dll" id="a07cc75f-2506-89c9-d3be-f2bb7173f859">
      <Execution id="6ee2b96f-be3a-4341-b633-c07c9ef642ba" />
      <TestMethod codeBase="/app/src/ClickUp.Api.Client.Tests/bin/Debug/net9.0/ClickUp.Api.Client.Tests.dll" adapterTypeName="executor://xunit/VsTestRunner2/netcoreapp" className="ClickUp.Api.Client.Tests.ServiceTests.ChatServiceTests" name="GetChatMessageReactionsAsync_MinimalRequest_BuildsUrlAndReturnsResponse" />
    </UnitTest>
    <UnitTest name="ClickUp.Api.Client.Tests.ServiceTests.ListsServiceTests.CreateListInFolderAsync_ApiConnectionThrowsHttpRequestException_PropagatesException" storage="/app/src/clickup.api.client.tests/bin/debug/net9.0/clickup.api.client.tests.dll" id="f13914a9-e3c4-4f53-b448-c11020d7474c">
      <Execution id="8a986456-3fa0-4a14-9c0d-1c9579e5a885" />
      <TestMethod codeBase="/app/src/ClickUp.Api.Client.Tests/bin/Debug/net9.0/ClickUp.Api.Client.Tests.dll" adapterTypeName="executor://xunit/VsTestRunner2/netcoreapp" className="ClickUp.Api.Client.Tests.ServiceTests.ListsServiceTests" name="CreateListInFolderAsync_ApiConnectionThrowsHttpRequestException_PropagatesException" />
    </UnitTest>
    <UnitTest name="ClickUp.Api.Client.Tests.ServiceTests.ViewsServiceTests.GetSpaceViewsAsync_PassesCancellationToken" storage="/app/src/clickup.api.client.tests/bin/debug/net9.0/clickup.api.client.tests.dll" id="268752d1-798d-3eac-dd72-4e4823b26aee">
      <Execution id="157a1449-e8c1-448c-a6fa-5f7cdbae9497" />
      <TestMethod codeBase="/app/src/ClickUp.Api.Client.Tests/bin/Debug/net9.0/ClickUp.Api.Client.Tests.dll" adapterTypeName="executor://xunit/VsTestRunner2/netcoreapp" className="ClickUp.Api.Client.Tests.ServiceTests.ViewsServiceTests" name="GetSpaceViewsAsync_PassesCancellationToken" />
    </UnitTest>
    <UnitTest name="ClickUp.Api.Client.Tests.ServiceTests.UserGroupServiceTests.UpdateUserGroupAsync_ValidRequest_ReturnsUpdatedUserGroup" storage="/app/src/clickup.api.client.tests/bin/debug/net9.0/clickup.api.client.tests.dll" id="0d429cb4-e725-1d4d-9793-815570156f76">
      <Execution id="8c32c507-9cce-41da-a3f6-d936e8c684ee" />
      <TestMethod codeBase="/app/src/ClickUp.Api.Client.Tests/bin/Debug/net9.0/ClickUp.Api.Client.Tests.dll" adapterTypeName="executor://xunit/VsTestRunner2/netcoreapp" className="ClickUp.Api.Client.Tests.ServiceTests.UserGroupServiceTests" name="UpdateUserGroupAsync_ValidRequest_ReturnsUpdatedUserGroup" />
    </UnitTest>
    <UnitTest name="ClickUp.Api.Client.Tests.ServiceTests.TaskServiceTests.GetTaskAsync_ApiConnectionThrowsTaskCanceledException_PropagatesException" storage="/app/src/clickup.api.client.tests/bin/debug/net9.0/clickup.api.client.tests.dll" id="eddd9d9b-e083-b446-daa1-21bad430c388">
      <Execution id="421c384c-6305-4a96-bc34-995ec9405c7f" />
      <TestMethod codeBase="/app/src/ClickUp.Api.Client.Tests/bin/Debug/net9.0/ClickUp.Api.Client.Tests.dll" adapterTypeName="executor://xunit/VsTestRunner2/netcoreapp" className="ClickUp.Api.Client.Tests.ServiceTests.TaskServiceTests" name="GetTaskAsync_ApiConnectionThrowsTaskCanceledException_PropagatesException" />
    </UnitTest>
    <UnitTest name="ClickUp.Api.Client.Tests.ServiceTests.ChatServiceTests.DeleteChatChannelAsync_PassesCancellationTokenToApiConnection" storage="/app/src/clickup.api.client.tests/bin/debug/net9.0/clickup.api.client.tests.dll" id="74a6c389-14e7-9d6b-b263-f485828c30bc">
      <Execution id="84f4ec92-f37f-404a-9223-d1ea48ee661a" />
      <TestMethod codeBase="/app/src/ClickUp.Api.Client.Tests/bin/Debug/net9.0/ClickUp.Api.Client.Tests.dll" adapterTypeName="executor://xunit/VsTestRunner2/netcoreapp" className="ClickUp.Api.Client.Tests.ServiceTests.ChatServiceTests" name="DeleteChatChannelAsync_PassesCancellationTokenToApiConnection" />
    </UnitTest>
    <UnitTest name="ClickUp.Api.Client.Tests.ServiceTests.GuestsServiceTests.GetGuestAsync_ValidIds_BuildsCorrectUrlAndReturnsGuest" storage="/app/src/clickup.api.client.tests/bin/debug/net9.0/clickup.api.client.tests.dll" id="6327abf2-47ef-c94a-62f6-39014c1d6551">
      <Execution id="40cf845b-2670-402f-a9de-6f787283e4b7" />
      <TestMethod codeBase="/app/src/ClickUp.Api.Client.Tests/bin/Debug/net9.0/ClickUp.Api.Client.Tests.dll" adapterTypeName="executor://xunit/VsTestRunner2/netcoreapp" className="ClickUp.Api.Client.Tests.ServiceTests.GuestsServiceTests" name="GetGuestAsync_ValidIds_BuildsCorrectUrlAndReturnsGuest" />
    </UnitTest>
    <UnitTest name="ClickUp.Api.Client.Tests.ServiceTests.GoalsServiceTests.GetGoalsAsync_ValidRequest_BuildsCorrectUrlAndReturnsResponse" storage="/app/src/clickup.api.client.tests/bin/debug/net9.0/clickup.api.client.tests.dll" id="76028a67-5647-15f3-939f-9a6a64300933">
      <Execution id="ba793c20-2e93-4c8b-b50f-0043812c1c50" />
      <TestMethod codeBase="/app/src/ClickUp.Api.Client.Tests/bin/Debug/net9.0/ClickUp.Api.Client.Tests.dll" adapterTypeName="executor://xunit/VsTestRunner2/netcoreapp" className="ClickUp.Api.Client.Tests.ServiceTests.GoalsServiceTests" name="GetGoalsAsync_ValidRequest_BuildsCorrectUrlAndReturnsResponse" />
    </UnitTest>
    <UnitTest name="ClickUp.Api.Client.Tests.ServiceTests.ChatServiceTests.CreateChatReactionAsync_ApiConnectionThrowsTaskCanceledException_PropagatesException" storage="/app/src/clickup.api.client.tests/bin/debug/net9.0/clickup.api.client.tests.dll" id="c7cd6567-938f-c1b9-858f-c5b856d8b3bb">
      <Execution id="2c9eb72d-3f7f-4fcd-81f5-dfa7f0c381ed" />
      <TestMethod codeBase="/app/src/ClickUp.Api.Client.Tests/bin/Debug/net9.0/ClickUp.Api.Client.Tests.dll" adapterTypeName="executor://xunit/VsTestRunner2/netcoreapp" className="ClickUp.Api.Client.Tests.ServiceTests.ChatServiceTests" name="CreateChatReactionAsync_ApiConnectionThrowsTaskCanceledException_PropagatesException" />
    </UnitTest>
    <UnitTest name="ClickUp.Api.Client.Tests.ServiceTests.ChatServiceTests.CreateLocationChatChannelAsync_NullResponse_ThrowsInvalidOperationException" storage="/app/src/clickup.api.client.tests/bin/debug/net9.0/clickup.api.client.tests.dll" id="36d06b84-6e04-11a0-210f-b3c13e89dcf3">
      <Execution id="9c1d2499-bd18-44a5-92ff-1e32de01d448" />
      <TestMethod codeBase="/app/src/ClickUp.Api.Client.Tests/bin/Debug/net9.0/ClickUp.Api.Client.Tests.dll" adapterTypeName="executor://xunit/VsTestRunner2/netcoreapp" className="ClickUp.Api.Client.Tests.ServiceTests.ChatServiceTests" name="CreateLocationChatChannelAsync_NullResponse_ThrowsInvalidOperationException" />
    </UnitTest>
    <UnitTest name="ClickUp.Api.Client.Tests.ServiceTests.GoalsServiceTests.GetGoalAsync_ApiConnectionThrowsTaskCanceledException_PropagatesException" storage="/app/src/clickup.api.client.tests/bin/debug/net9.0/clickup.api.client.tests.dll" id="81657e1a-e641-b3fc-2fbf-b0679b2fc1d1">
      <Execution id="ae819d37-031a-4b7c-b351-cc3bde4f855c" />
      <TestMethod codeBase="/app/src/ClickUp.Api.Client.Tests/bin/Debug/net9.0/ClickUp.Api.Client.Tests.dll" adapterTypeName="executor://xunit/VsTestRunner2/netcoreapp" className="ClickUp.Api.Client.Tests.ServiceTests.GoalsServiceTests" name="GetGoalAsync_ApiConnectionThrowsTaskCanceledException_PropagatesException" />
    </UnitTest>
    <UnitTest name="ClickUp.Api.Client.Tests.ServiceTests.ListsServiceTests.GetFolderlessListsAsync_ApiConnectionThrowsTaskCanceledException_PropagatesException" storage="/app/src/clickup.api.client.tests/bin/debug/net9.0/clickup.api.client.tests.dll" id="b4f6f39f-3841-4d5c-7777-c2dcf6f49b62">
      <Execution id="1e362dd5-8a34-415a-9a7d-089c8ace6037" />
      <TestMethod codeBase="/app/src/ClickUp.Api.Client.Tests/bin/Debug/net9.0/ClickUp.Api.Client.Tests.dll" adapterTypeName="executor://xunit/VsTestRunner2/netcoreapp" className="ClickUp.Api.Client.Tests.ServiceTests.ListsServiceTests" name="GetFolderlessListsAsync_ApiConnectionThrowsTaskCanceledException_PropagatesException" />
    </UnitTest>
    <UnitTest name="ClickUp.Api.Client.Tests.ServiceTests.GuestsServiceTests.RemoveGuestFromTaskAsync_NullGuestInResponse_ThrowsInvalidOperationException" storage="/app/src/clickup.api.client.tests/bin/debug/net9.0/clickup.api.client.tests.dll" id="8f0c0a2e-0c73-8a2d-173e-07e83c810a4b">
      <Execution id="f1be190d-7331-4189-b915-16f8c1e038f0" />
      <TestMethod codeBase="/app/src/ClickUp.Api.Client.Tests/bin/Debug/net9.0/ClickUp.Api.Client.Tests.dll" adapterTypeName="executor://xunit/VsTestRunner2/netcoreapp" className="ClickUp.Api.Client.Tests.ServiceTests.GuestsServiceTests" name="RemoveGuestFromTaskAsync_NullGuestInResponse_ThrowsInvalidOperationException" />
    </UnitTest>
    <UnitTest name="ClickUp.Api.Client.Tests.ServiceTests.TaskChecklistsServiceTests.DeleteChecklistAsync_ValidChecklistId_CallsDeleteAsync" storage="/app/src/clickup.api.client.tests/bin/debug/net9.0/clickup.api.client.tests.dll" id="5d612f8b-c91c-9d3d-ce0b-ffe53fe5d9a0">
      <Execution id="535af6ce-4d89-4d4f-9d18-68a09ff2dd04" />
      <TestMethod codeBase="/app/src/ClickUp.Api.Client.Tests/bin/Debug/net9.0/ClickUp.Api.Client.Tests.dll" adapterTypeName="executor://xunit/VsTestRunner2/netcoreapp" className="ClickUp.Api.Client.Tests.ServiceTests.TaskChecklistsServiceTests" name="DeleteChecklistAsync_ValidChecklistId_CallsDeleteAsync" />
    </UnitTest>
    <UnitTest name="ClickUp.Api.Client.Tests.Models.Common.MemberTests.Member_ShouldDeserializeCorrectly_WhenAllPropertiesAreSet" storage="/app/src/clickup.api.client.tests/bin/debug/net9.0/clickup.api.client.tests.dll" id="30d009dc-eac0-b4e6-900a-5292be5377f4">
      <Execution id="5f59e9d6-dfdb-4018-82ef-025295e7e831" />
      <TestMethod codeBase="/app/src/ClickUp.Api.Client.Tests/bin/Debug/net9.0/ClickUp.Api.Client.Tests.dll" adapterTypeName="executor://xunit/VsTestRunner2/netcoreapp" className="ClickUp.Api.Client.Tests.Models.Common.MemberTests" name="Member_ShouldDeserializeCorrectly_WhenAllPropertiesAreSet" />
    </UnitTest>
    <UnitTest name="ClickUp.Api.Client.Tests.ServiceTests.GuestsServiceTests.GetGuestAsync_NullGuestInResponse_ThrowsInvalidOperationException" storage="/app/src/clickup.api.client.tests/bin/debug/net9.0/clickup.api.client.tests.dll" id="1f8ae3bb-5dfe-4695-affb-1e9555986740">
      <Execution id="2ef42b9a-8dd5-454a-aa25-2e88e9217ce2" />
      <TestMethod codeBase="/app/src/ClickUp.Api.Client.Tests/bin/Debug/net9.0/ClickUp.Api.Client.Tests.dll" adapterTypeName="executor://xunit/VsTestRunner2/netcoreapp" className="ClickUp.Api.Client.Tests.ServiceTests.GuestsServiceTests" name="GetGuestAsync_NullGuestInResponse_ThrowsInvalidOperationException" />
    </UnitTest>
    <UnitTest name="ClickUp.Api.Client.Tests.ServiceTests.ListsServiceTests.CreateListInFolderAsync_ApiReturnsNullResponse_ThrowsInvalidOperationException" storage="/app/src/clickup.api.client.tests/bin/debug/net9.0/clickup.api.client.tests.dll" id="66672cba-936c-533d-864c-75fba8575d33">
      <Execution id="c77c827c-7a48-413d-b785-0d8d8ef2e06f" />
      <TestMethod codeBase="/app/src/ClickUp.Api.Client.Tests/bin/Debug/net9.0/ClickUp.Api.Client.Tests.dll" adapterTypeName="executor://xunit/VsTestRunner2/netcoreapp" className="ClickUp.Api.Client.Tests.ServiceTests.ListsServiceTests" name="CreateListInFolderAsync_ApiReturnsNullResponse_ThrowsInvalidOperationException" />
    </UnitTest>
    <UnitTest name="ClickUp.Api.Client.Tests.ServiceTests.ListsServiceTests.GetFolderlessListsAsync_ApiReturnsResponseWithNullLists_ReturnsEmptyEnumerable" storage="/app/src/clickup.api.client.tests/bin/debug/net9.0/clickup.api.client.tests.dll" id="d994fd6e-80bf-ef91-7713-64a44d290335">
      <Execution id="5e6b90bf-21a5-4f35-86b2-b1a650e44bf2" />
      <TestMethod codeBase="/app/src/ClickUp.Api.Client.Tests/bin/Debug/net9.0/ClickUp.Api.Client.Tests.dll" adapterTypeName="executor://xunit/VsTestRunner2/netcoreapp" className="ClickUp.Api.Client.Tests.ServiceTests.ListsServiceTests" name="GetFolderlessListsAsync_ApiReturnsResponseWithNullLists_ReturnsEmptyEnumerable" />
    </UnitTest>
    <UnitTest name="ClickUp.Api.Client.Tests.ServiceTests.FoldersServiceTests.DeleteFolderAsync_ValidId_CallsDelete" storage="/app/src/clickup.api.client.tests/bin/debug/net9.0/clickup.api.client.tests.dll" id="d4dbc83b-2530-789e-5f5b-4985bc73e6f9">
      <Execution id="efa62227-8219-45ad-80fa-e1c4a3821909" />
      <TestMethod codeBase="/app/src/ClickUp.Api.Client.Tests/bin/Debug/net9.0/ClickUp.Api.Client.Tests.dll" adapterTypeName="executor://xunit/VsTestRunner2/netcoreapp" className="ClickUp.Api.Client.Tests.ServiceTests.FoldersServiceTests" name="DeleteFolderAsync_ValidId_CallsDelete" />
    </UnitTest>
    <UnitTest name="ClickUp.Api.Client.Tests.ServiceTests.TimeTrackingServiceTests.ChangeTimeEntryTagNameAsync_ValidRequest_CallsPutAsync" storage="/app/src/clickup.api.client.tests/bin/debug/net9.0/clickup.api.client.tests.dll" id="719e549b-8b5f-4965-33fd-0d077879e351">
      <Execution id="958fc99f-62ba-4e42-a138-743038866a46" />
      <TestMethod codeBase="/app/src/ClickUp.Api.Client.Tests/bin/Debug/net9.0/ClickUp.Api.Client.Tests.dll" adapterTypeName="executor://xunit/VsTestRunner2/netcoreapp" className="ClickUp.Api.Client.Tests.ServiceTests.TimeTrackingServiceTests" name="ChangeTimeEntryTagNameAsync_ValidRequest_CallsPutAsync" />
    </UnitTest>
    <UnitTest name="ClickUp.Api.Client.Tests.ServiceTests.TaskRelationshipsServiceTests.AddTaskLinkAsync_WithCustomIdsAndTeamId_BuildsCorrectUrl" storage="/app/src/clickup.api.client.tests/bin/debug/net9.0/clickup.api.client.tests.dll" id="d4385330-0e50-361b-c879-ddcb17aa9645">
      <Execution id="3d1855e0-8c94-4594-9658-d7fe106e4bf6" />
      <TestMethod codeBase="/app/src/ClickUp.Api.Client.Tests/bin/Debug/net9.0/ClickUp.Api.Client.Tests.dll" adapterTypeName="executor://xunit/VsTestRunner2/netcoreapp" className="ClickUp.Api.Client.Tests.ServiceTests.TaskRelationshipsServiceTests" name="AddTaskLinkAsync_WithCustomIdsAndTeamId_BuildsCorrectUrl" />
    </UnitTest>
    <UnitTest name="ClickUp.Api.Client.Tests.ServiceTests.TimeTrackingServiceTests.CreateTimeEntryAsync_ValidRequest_ReturnsTimeEntry" storage="/app/src/clickup.api.client.tests/bin/debug/net9.0/clickup.api.client.tests.dll" id="2a0ee772-d72f-6d38-8859-f5a918be0ff7">
      <Execution id="86d784cc-9fdc-4d45-98ed-847e5f46ab19" />
      <TestMethod codeBase="/app/src/ClickUp.Api.Client.Tests/bin/Debug/net9.0/ClickUp.Api.Client.Tests.dll" adapterTypeName="executor://xunit/VsTestRunner2/netcoreapp" className="ClickUp.Api.Client.Tests.ServiceTests.TimeTrackingServiceTests" name="CreateTimeEntryAsync_ValidRequest_ReturnsTimeEntry" />
    </UnitTest>
    <UnitTest name="ClickUp.Api.Client.Tests.ServiceTests.TagsServiceTests.GetSpaceTagsAsync_ApiReturnsNullResponse_ReturnsEmptyEnumerable" storage="/app/src/clickup.api.client.tests/bin/debug/net9.0/clickup.api.client.tests.dll" id="c07f3ebe-feeb-0c21-e851-13afcafc278a">
      <Execution id="02c4170a-bc40-486e-9e0b-880b0ad8f927" />
      <TestMethod codeBase="/app/src/ClickUp.Api.Client.Tests/bin/Debug/net9.0/ClickUp.Api.Client.Tests.dll" adapterTypeName="executor://xunit/VsTestRunner2/netcoreapp" className="ClickUp.Api.Client.Tests.ServiceTests.TagsServiceTests" name="GetSpaceTagsAsync_ApiReturnsNullResponse_ReturnsEmptyEnumerable" />
    </UnitTest>
    <UnitTest name="ClickUp.Api.Client.Tests.ServiceTests.UserGroupServiceTests.GetUserGroupsAsync_WithNullGroupIds_BuildsCorrectUrlWithoutGroupIdsParam" storage="/app/src/clickup.api.client.tests/bin/debug/net9.0/clickup.api.client.tests.dll" id="d205cd4f-7e75-1065-1e83-e2c9c6957054">
      <Execution id="142f7d3b-2f09-46e2-b88d-0aaffce9400c" />
      <TestMethod codeBase="/app/src/ClickUp.Api.Client.Tests/bin/Debug/net9.0/ClickUp.Api.Client.Tests.dll" adapterTypeName="executor://xunit/VsTestRunner2/netcoreapp" className="ClickUp.Api.Client.Tests.ServiceTests.UserGroupServiceTests" name="GetUserGroupsAsync_WithNullGroupIds_BuildsCorrectUrlWithoutGroupIdsParam" />
    </UnitTest>
    <UnitTest name="ClickUp.Api.Client.Tests.ServiceTests.TaskRelationshipsServiceTests.DeleteTaskLinkAsync_WithCustomIdsAndTeamId_BuildsCorrectUrl" storage="/app/src/clickup.api.client.tests/bin/debug/net9.0/clickup.api.client.tests.dll" id="da8dace8-4ac6-e8fe-48f6-c0c642948111">
      <Execution id="5b8b54df-f5ca-4d95-9ab9-3b8e18831119" />
      <TestMethod codeBase="/app/src/ClickUp.Api.Client.Tests/bin/Debug/net9.0/ClickUp.Api.Client.Tests.dll" adapterTypeName="executor://xunit/VsTestRunner2/netcoreapp" className="ClickUp.Api.Client.Tests.ServiceTests.TaskRelationshipsServiceTests" name="DeleteTaskLinkAsync_WithCustomIdsAndTeamId_BuildsCorrectUrl" />
    </UnitTest>
    <UnitTest name="ClickUp.Api.Client.Tests.ServiceTests.UsersServiceTests.RemoveUserFromWorkspaceAsync_ValidRequest_CallsDeleteAsync" storage="/app/src/clickup.api.client.tests/bin/debug/net9.0/clickup.api.client.tests.dll" id="85184259-d996-ead8-1ad9-399123e3fa94">
      <Execution id="0051f807-93d7-4592-8e34-90763fd16c39" />
      <TestMethod codeBase="/app/src/ClickUp.Api.Client.Tests/bin/Debug/net9.0/ClickUp.Api.Client.Tests.dll" adapterTypeName="executor://xunit/VsTestRunner2/netcoreapp" className="ClickUp.Api.Client.Tests.ServiceTests.UsersServiceTests" name="RemoveUserFromWorkspaceAsync_ValidRequest_CallsDeleteAsync" />
    </UnitTest>
    <UnitTest name="ClickUp.Api.Client.Tests.ServiceTests.MembersServiceTests.GetListMembersAsync_PassesCancellationTokenToApiConnection" storage="/app/src/clickup.api.client.tests/bin/debug/net9.0/clickup.api.client.tests.dll" id="ee299c0b-4367-2d6c-62ba-77e92b1ad5f3">
      <Execution id="36bdb54e-4c54-43f5-9472-effb9e1610cb" />
      <TestMethod codeBase="/app/src/ClickUp.Api.Client.Tests/bin/Debug/net9.0/ClickUp.Api.Client.Tests.dll" adapterTypeName="executor://xunit/VsTestRunner2/netcoreapp" className="ClickUp.Api.Client.Tests.ServiceTests.MembersServiceTests" name="GetListMembersAsync_PassesCancellationTokenToApiConnection" />
    </UnitTest>
    <UnitTest name="ClickUp.Api.Client.Tests.ServiceTests.CustomFieldsServiceTests.SetCustomFieldValueAsync_PassesCancellationTokenToApiConnection" storage="/app/src/clickup.api.client.tests/bin/debug/net9.0/clickup.api.client.tests.dll" id="30cbc6c1-e207-9636-2837-013eab9a8ee3">
      <Execution id="23c34aeb-137f-42a5-8175-caef6d7508d8" />
      <TestMethod codeBase="/app/src/ClickUp.Api.Client.Tests/bin/Debug/net9.0/ClickUp.Api.Client.Tests.dll" adapterTypeName="executor://xunit/VsTestRunner2/netcoreapp" className="ClickUp.Api.Client.Tests.ServiceTests.CustomFieldsServiceTests" name="SetCustomFieldValueAsync_PassesCancellationTokenToApiConnection" />
    </UnitTest>
    <UnitTest name="ClickUp.Api.Client.Tests.ServiceTests.AuthorizationServiceTests.GetAccessTokenAsync_ApiConnectionThrowsException_PropagatesException" storage="/app/src/clickup.api.client.tests/bin/debug/net9.0/clickup.api.client.tests.dll" id="ad198581-af12-5320-2df9-9b7a437637c5">
      <Execution id="36d76fda-8ce6-4dc9-a270-b1e90fddb214" />
      <TestMethod codeBase="/app/src/ClickUp.Api.Client.Tests/bin/Debug/net9.0/ClickUp.Api.Client.Tests.dll" adapterTypeName="executor://xunit/VsTestRunner2/netcoreapp" className="ClickUp.Api.Client.Tests.ServiceTests.AuthorizationServiceTests" name="GetAccessTokenAsync_ApiConnectionThrowsException_PropagatesException" />
    </UnitTest>
    <UnitTest name="ClickUp.Api.Client.Tests.ServiceTests.ListsServiceTests.GetListsInFolderAsync_ApiConnectionThrowsHttpRequestException_PropagatesException" storage="/app/src/clickup.api.client.tests/bin/debug/net9.0/clickup.api.client.tests.dll" id="ede22c26-cac5-27e4-85d7-5752263c860e">
      <Execution id="be354fdc-17d4-4390-b50b-c3599ebb7966" />
      <TestMethod codeBase="/app/src/ClickUp.Api.Client.Tests/bin/Debug/net9.0/ClickUp.Api.Client.Tests.dll" adapterTypeName="executor://xunit/VsTestRunner2/netcoreapp" className="ClickUp.Api.Client.Tests.ServiceTests.ListsServiceTests" name="GetListsInFolderAsync_ApiConnectionThrowsHttpRequestException_PropagatesException" />
    </UnitTest>
    <UnitTest name="ClickUp.Api.Client.Tests.ServiceTests.SharedHierarchyServiceTests.GetSharedHierarchyAsync_ApiReturnsNullResponse_ThrowsInvalidOperationException" storage="/app/src/clickup.api.client.tests/bin/debug/net9.0/clickup.api.client.tests.dll" id="9cbcc853-b49d-d7c6-9b93-09a174dcc2da">
      <Execution id="085f29ea-86fc-4d4f-8c35-c698d81f7e4c" />
      <TestMethod codeBase="/app/src/ClickUp.Api.Client.Tests/bin/Debug/net9.0/ClickUp.Api.Client.Tests.dll" adapterTypeName="executor://xunit/VsTestRunner2/netcoreapp" className="ClickUp.Api.Client.Tests.ServiceTests.SharedHierarchyServiceTests" name="GetSharedHierarchyAsync_ApiReturnsNullResponse_ThrowsInvalidOperationException" />
    </UnitTest>
    <UnitTest name="ClickUp.Api.Client.Tests.ServiceTests.GoalsServiceTests.EditKeyResultAsync_ApiReturnsNullResponse_ThrowsInvalidOperationException" storage="/app/src/clickup.api.client.tests/bin/debug/net9.0/clickup.api.client.tests.dll" id="b122c509-1688-809e-ff0e-b8d07977af92">
      <Execution id="efa9e0c9-b288-4e49-9b4a-273b8d77270e" />
      <TestMethod codeBase="/app/src/ClickUp.Api.Client.Tests/bin/Debug/net9.0/ClickUp.Api.Client.Tests.dll" adapterTypeName="executor://xunit/VsTestRunner2/netcoreapp" className="ClickUp.Api.Client.Tests.ServiceTests.GoalsServiceTests" name="EditKeyResultAsync_ApiReturnsNullResponse_ThrowsInvalidOperationException" />
    </UnitTest>
    <UnitTest name="ClickUp.Api.Client.Tests.ServiceTests.TagsServiceTests.EditSpaceTagAsync_ApiReturnsNullResponse_ThrowsInvalidOperationException" storage="/app/src/clickup.api.client.tests/bin/debug/net9.0/clickup.api.client.tests.dll" id="4cd48218-1563-ac39-7034-a94c299a8df0">
      <Execution id="27cb0199-2a9a-44e7-9830-ee14e37ffdf9" />
      <TestMethod codeBase="/app/src/ClickUp.Api.Client.Tests/bin/Debug/net9.0/ClickUp.Api.Client.Tests.dll" adapterTypeName="executor://xunit/VsTestRunner2/netcoreapp" className="ClickUp.Api.Client.Tests.ServiceTests.TagsServiceTests" name="EditSpaceTagAsync_ApiReturnsNullResponse_ThrowsInvalidOperationException" />
    </UnitTest>
    <UnitTest name="ClickUp.Api.Client.Tests.ServiceTests.ChatServiceTests.CreateChatChannelAsync_PassesCancellationTokenToApiConnection" storage="/app/src/clickup.api.client.tests/bin/debug/net9.0/clickup.api.client.tests.dll" id="4dc95a35-dbeb-1d83-363f-030e74e2f451">
      <Execution id="2bdea296-bc42-4a9e-a6ff-cc97dea9f10f" />
      <TestMethod codeBase="/app/src/ClickUp.Api.Client.Tests/bin/Debug/net9.0/ClickUp.Api.Client.Tests.dll" adapterTypeName="executor://xunit/VsTestRunner2/netcoreapp" className="ClickUp.Api.Client.Tests.ServiceTests.ChatServiceTests" name="CreateChatChannelAsync_PassesCancellationTokenToApiConnection" />
    </UnitTest>
    <UnitTest name="ClickUp.Api.Client.Tests.ServiceTests.TaskChecklistsServiceTests.EditChecklistItemAsync_ApiReturnsResponseWithNullChecklist_ThrowsInvalidOperationException" storage="/app/src/clickup.api.client.tests/bin/debug/net9.0/clickup.api.client.tests.dll" id="ffba5041-3dad-a171-d402-f1044d82d98b">
      <Execution id="1bda464a-7118-4555-8450-7328894b7d6c" />
      <TestMethod codeBase="/app/src/ClickUp.Api.Client.Tests/bin/Debug/net9.0/ClickUp.Api.Client.Tests.dll" adapterTypeName="executor://xunit/VsTestRunner2/netcoreapp" className="ClickUp.Api.Client.Tests.ServiceTests.TaskChecklistsServiceTests" name="EditChecklistItemAsync_ApiReturnsResponseWithNullChecklist_ThrowsInvalidOperationException" />
    </UnitTest>
    <UnitTest name="ClickUp.Api.Client.Tests.ServiceTests.TaskRelationshipsServiceTests.DeleteDependencyAsync_BothDependsOnAndDependencyOf_ThrowsArgumentException" storage="/app/src/clickup.api.client.tests/bin/debug/net9.0/clickup.api.client.tests.dll" id="4d40b394-203e-b193-af93-1107e104b241">
      <Execution id="e2d18485-924a-4a9f-8586-565660c2c028" />
      <TestMethod codeBase="/app/src/ClickUp.Api.Client.Tests/bin/Debug/net9.0/ClickUp.Api.Client.Tests.dll" adapterTypeName="executor://xunit/VsTestRunner2/netcoreapp" className="ClickUp.Api.Client.Tests.ServiceTests.TaskRelationshipsServiceTests" name="DeleteDependencyAsync_BothDependsOnAndDependencyOf_ThrowsArgumentException" />
    </UnitTest>
    <UnitTest name="ClickUp.Api.Client.Tests.ServiceTests.FoldersServiceTests.GetFoldersAsync_ValidSpaceId_BuildsCorrectUrlAndReturnsFolders" storage="/app/src/clickup.api.client.tests/bin/debug/net9.0/clickup.api.client.tests.dll" id="70b712f1-924e-8712-a0fe-8efa050afe1d">
      <Execution id="72d07b31-f5b9-4140-a500-11ecbd90e575" />
      <TestMethod codeBase="/app/src/ClickUp.Api.Client.Tests/bin/Debug/net9.0/ClickUp.Api.Client.Tests.dll" adapterTypeName="executor://xunit/VsTestRunner2/netcoreapp" className="ClickUp.Api.Client.Tests.ServiceTests.FoldersServiceTests" name="GetFoldersAsync_ValidSpaceId_BuildsCorrectUrlAndReturnsFolders" />
    </UnitTest>
    <UnitTest name="ClickUp.Api.Client.Tests.ServiceTests.WebhooksServiceTests.UpdateWebhookAsync_ApiConnectionThrowsTaskCanceledException_PropagatesException" storage="/app/src/clickup.api.client.tests/bin/debug/net9.0/clickup.api.client.tests.dll" id="2e1fa312-8a9c-62d8-e52c-b05292789ed7">
      <Execution id="7f281241-758f-4321-af64-0ac376238e6d" />
      <TestMethod codeBase="/app/src/ClickUp.Api.Client.Tests/bin/Debug/net9.0/ClickUp.Api.Client.Tests.dll" adapterTypeName="executor://xunit/VsTestRunner2/netcoreapp" className="ClickUp.Api.Client.Tests.ServiceTests.WebhooksServiceTests" name="UpdateWebhookAsync_ApiConnectionThrowsTaskCanceledException_PropagatesException" />
    </UnitTest>
    <UnitTest name="ClickUp.Api.Client.Tests.ServiceTests.ChatServiceTests.GetChatChannelMembersAsync_NullResponse_ThrowsInvalidOperationException" storage="/app/src/clickup.api.client.tests/bin/debug/net9.0/clickup.api.client.tests.dll" id="9a676e03-e012-f8a9-7b8b-ab620799d1bd">
      <Execution id="b19ad644-2b16-431e-a978-f1de5ec1d36f" />
      <TestMethod codeBase="/app/src/ClickUp.Api.Client.Tests/bin/Debug/net9.0/ClickUp.Api.Client.Tests.dll" adapterTypeName="executor://xunit/VsTestRunner2/netcoreapp" className="ClickUp.Api.Client.Tests.ServiceTests.ChatServiceTests" name="GetChatChannelMembersAsync_NullResponse_ThrowsInvalidOperationException" />
    </UnitTest>
    <UnitTest name="ClickUp.Api.Client.Tests.ServiceTests.ViewsServiceTests.CreateSpaceViewAsync_ValidRequest_ReturnsView" storage="/app/src/clickup.api.client.tests/bin/debug/net9.0/clickup.api.client.tests.dll" id="bbc4faf3-453f-8a73-6d16-fb009635f7df">
      <Execution id="5f2f546e-63a7-4771-9b64-b3b46c8fc3ee" />
      <TestMethod codeBase="/app/src/ClickUp.Api.Client.Tests/bin/Debug/net9.0/ClickUp.Api.Client.Tests.dll" adapterTypeName="executor://xunit/VsTestRunner2/netcoreapp" className="ClickUp.Api.Client.Tests.ServiceTests.ViewsServiceTests" name="CreateSpaceViewAsync_ValidRequest_ReturnsView" />
    </UnitTest>
    <UnitTest name="ClickUp.Api.Client.Tests.ServiceTests.WebhooksServiceTests.CreateWebhookAsync_PassesCancellationTokenToApiConnection" storage="/app/src/clickup.api.client.tests/bin/debug/net9.0/clickup.api.client.tests.dll" id="3cc41e1c-f137-34d9-9951-3176ae70469a">
      <Execution id="8569d79d-c774-478c-9cf4-be071c2ffcb6" />
      <TestMethod codeBase="/app/src/ClickUp.Api.Client.Tests/bin/Debug/net9.0/ClickUp.Api.Client.Tests.dll" adapterTypeName="executor://xunit/VsTestRunner2/netcoreapp" className="ClickUp.Api.Client.Tests.ServiceTests.WebhooksServiceTests" name="CreateWebhookAsync_PassesCancellationTokenToApiConnection" />
    </UnitTest>
    <UnitTest name="ClickUp.Api.Client.Tests.ServiceTests.ListsServiceTests.GetFolderlessListsAsync_ApiConnectionThrowsHttpRequestException_PropagatesException" storage="/app/src/clickup.api.client.tests/bin/debug/net9.0/clickup.api.client.tests.dll" id="5779e282-5f15-b356-3ba1-d082a48628f1">
      <Execution id="469808d4-3494-41c6-8242-65395834025a" />
      <TestMethod codeBase="/app/src/ClickUp.Api.Client.Tests/bin/Debug/net9.0/ClickUp.Api.Client.Tests.dll" adapterTypeName="executor://xunit/VsTestRunner2/netcoreapp" className="ClickUp.Api.Client.Tests.ServiceTests.ListsServiceTests" name="GetFolderlessListsAsync_ApiConnectionThrowsHttpRequestException_PropagatesException" />
    </UnitTest>
    <UnitTest name="ClickUp.Api.Client.Tests.ServiceTests.ListsServiceTests.CreateFolderlessListAsync_PassesCancellationTokenToApiConnection" storage="/app/src/clickup.api.client.tests/bin/debug/net9.0/clickup.api.client.tests.dll" id="d4f02ca2-cf2b-a903-5171-e8a9873f1fdb">
      <Execution id="03cb948b-8d4a-4e49-8c74-0bd50ca83572" />
      <TestMethod codeBase="/app/src/ClickUp.Api.Client.Tests/bin/Debug/net9.0/ClickUp.Api.Client.Tests.dll" adapterTypeName="executor://xunit/VsTestRunner2/netcoreapp" className="ClickUp.Api.Client.Tests.ServiceTests.ListsServiceTests" name="CreateFolderlessListAsync_PassesCancellationTokenToApiConnection" />
    </UnitTest>
    <UnitTest name="ClickUp.Api.Client.Tests.ServiceTests.WebhooksServiceTests.UpdateWebhookAsync_ApiConnectionThrowsHttpRequestException_PropagatesException" storage="/app/src/clickup.api.client.tests/bin/debug/net9.0/clickup.api.client.tests.dll" id="b8d226bc-f3b7-412c-83c2-b72c9c49261b">
      <Execution id="ab757ed2-42cf-4d6b-aa1a-5f0e2bde60ce" />
      <TestMethod codeBase="/app/src/ClickUp.Api.Client.Tests/bin/Debug/net9.0/ClickUp.Api.Client.Tests.dll" adapterTypeName="executor://xunit/VsTestRunner2/netcoreapp" className="ClickUp.Api.Client.Tests.ServiceTests.WebhooksServiceTests" name="UpdateWebhookAsync_ApiConnectionThrowsHttpRequestException_PropagatesException" />
    </UnitTest>
    <UnitTest name="ClickUp.Api.Client.Tests.ServiceTests.TagsServiceTests.DeleteSpaceTagAsync_ValidRequest_CallsDeleteAsync" storage="/app/src/clickup.api.client.tests/bin/debug/net9.0/clickup.api.client.tests.dll" id="1fc0a138-aae1-a53b-1473-03ab377675e8">
      <Execution id="dbf90d08-8ba7-4178-bc51-3600a8df8d4e" />
      <TestMethod codeBase="/app/src/ClickUp.Api.Client.Tests/bin/Debug/net9.0/ClickUp.Api.Client.Tests.dll" adapterTypeName="executor://xunit/VsTestRunner2/netcoreapp" className="ClickUp.Api.Client.Tests.ServiceTests.TagsServiceTests" name="DeleteSpaceTagAsync_ValidRequest_CallsDeleteAsync" />
    </UnitTest>
    <UnitTest name="ClickUp.Api.Client.Tests.ServiceTests.ChatServiceTests.CreateChatChannelAsync_ValidRequest_CallsPostAndReturnsChannel" storage="/app/src/clickup.api.client.tests/bin/debug/net9.0/clickup.api.client.tests.dll" id="bc0cf908-745b-84bd-9ad4-ff08ec13d089">
      <Execution id="3ce8f37e-0e2c-4c84-a560-d71064bc17c5" />
      <TestMethod codeBase="/app/src/ClickUp.Api.Client.Tests/bin/Debug/net9.0/ClickUp.Api.Client.Tests.dll" adapterTypeName="executor://xunit/VsTestRunner2/netcoreapp" className="ClickUp.Api.Client.Tests.ServiceTests.ChatServiceTests" name="CreateChatChannelAsync_ValidRequest_CallsPostAndReturnsChannel" />
    </UnitTest>
    <UnitTest name="ClickUp.Api.Client.Tests.ServiceTests.TimeTrackingServiceTests.GetTimeEntriesAsyncEnumerableAsync_HandlesCancellation" storage="/app/src/clickup.api.client.tests/bin/debug/net9.0/clickup.api.client.tests.dll" id="295e364a-764a-2988-9a20-8be47ed81d51">
      <Execution id="2641065d-de24-48b0-8d44-a3d9cd335aea" />
      <TestMethod codeBase="/app/src/ClickUp.Api.Client.Tests/bin/Debug/net9.0/ClickUp.Api.Client.Tests.dll" adapterTypeName="executor://xunit/VsTestRunner2/netcoreapp" className="ClickUp.Api.Client.Tests.ServiceTests.TimeTrackingServiceTests" name="GetTimeEntriesAsyncEnumerableAsync_HandlesCancellation" />
    </UnitTest>
    <UnitTest name="ClickUp.Api.Client.Tests.ServiceTests.TagsServiceTests.AddTagToTaskAsync_ValidRequest_CallsPostAsyncWithCorrectUrl" storage="/app/src/clickup.api.client.tests/bin/debug/net9.0/clickup.api.client.tests.dll" id="f88a9eb1-1b2d-6978-811a-00b9776f9a7b">
      <Execution id="558624a2-36ed-4bb9-b596-d8ba8512f4f5" />
      <TestMethod codeBase="/app/src/ClickUp.Api.Client.Tests/bin/Debug/net9.0/ClickUp.Api.Client.Tests.dll" adapterTypeName="executor://xunit/VsTestRunner2/netcoreapp" className="ClickUp.Api.Client.Tests.ServiceTests.TagsServiceTests" name="AddTagToTaskAsync_ValidRequest_CallsPostAsyncWithCorrectUrl" />
    </UnitTest>
    <UnitTest name="ClickUp.Api.Client.Tests.ServiceTests.ListsServiceTests.GetListsInFolderAsync_WithArchivedTrue_BuildsCorrectUrl" storage="/app/src/clickup.api.client.tests/bin/debug/net9.0/clickup.api.client.tests.dll" id="78145ca3-f064-cb2e-ebce-b57ecce4f5f7">
      <Execution id="e0f4038d-724f-42af-ba1e-a9fbff7106b3" />
      <TestMethod codeBase="/app/src/ClickUp.Api.Client.Tests/bin/Debug/net9.0/ClickUp.Api.Client.Tests.dll" adapterTypeName="executor://xunit/VsTestRunner2/netcoreapp" className="ClickUp.Api.Client.Tests.ServiceTests.ListsServiceTests" name="GetListsInFolderAsync_WithArchivedTrue_BuildsCorrectUrl" />
    </UnitTest>
    <UnitTest name="ClickUp.Api.Client.Tests.ServiceTests.CustomFieldsServiceTests.GetFolderCustomFieldsAsync_ApiConnectionThrowsTaskCanceledException_PropagatesException" storage="/app/src/clickup.api.client.tests/bin/debug/net9.0/clickup.api.client.tests.dll" id="5cfef7c9-4c98-ecbd-c878-db328469599f">
      <Execution id="8035193d-6169-47f8-bb1d-dbd7d4187d78" />
      <TestMethod codeBase="/app/src/ClickUp.Api.Client.Tests/bin/Debug/net9.0/ClickUp.Api.Client.Tests.dll" adapterTypeName="executor://xunit/VsTestRunner2/netcoreapp" className="ClickUp.Api.Client.Tests.ServiceTests.CustomFieldsServiceTests" name="GetFolderCustomFieldsAsync_ApiConnectionThrowsTaskCanceledException_PropagatesException" />
    </UnitTest>
    <UnitTest name="ClickUp.Api.Client.Tests.ServiceTests.TimeTrackingServiceTests.UpdateTimeEntryAsync_ValidRequest_ReturnsUpdatedTimeEntry" storage="/app/src/clickup.api.client.tests/bin/debug/net9.0/clickup.api.client.tests.dll" id="c76b7fd5-7ff2-176d-1cad-f31aaca9e9dd">
      <Execution id="e8d9ff9f-ae6a-4812-b565-f0fa095ba0c5" />
      <TestMethod codeBase="/app/src/ClickUp.Api.Client.Tests/bin/Debug/net9.0/ClickUp.Api.Client.Tests.dll" adapterTypeName="executor://xunit/VsTestRunner2/netcoreapp" className="ClickUp.Api.Client.Tests.ServiceTests.TimeTrackingServiceTests" name="UpdateTimeEntryAsync_ValidRequest_ReturnsUpdatedTimeEntry" />
    </UnitTest>
    <UnitTest name="ClickUp.Api.Client.Tests.ServiceTests.CommentServiceTests.CreateListCommentAsync_ValidInput_CallsApiConnectionPostAsyncWithCorrectParameters" storage="/app/src/clickup.api.client.tests/bin/debug/net9.0/clickup.api.client.tests.dll" id="7df0cb14-1ce2-b903-7b1c-3aebe16ea71a">
      <Execution id="12a8c293-e52c-448e-9b5d-64a542e0b371" />
      <TestMethod codeBase="/app/src/ClickUp.Api.Client.Tests/bin/Debug/net9.0/ClickUp.Api.Client.Tests.dll" adapterTypeName="executor://xunit/VsTestRunner2/netcoreapp" className="ClickUp.Api.Client.Tests.ServiceTests.CommentServiceTests" name="CreateListCommentAsync_ValidInput_CallsApiConnectionPostAsyncWithCorrectParameters" />
    </UnitTest>
    <UnitTest name="ClickUp.Api.Client.Tests.ServiceTests.CommentServiceTests.UpdateCommentAsync_ApiConnectionReturnsNull_ThrowsInvalidOperationException" storage="/app/src/clickup.api.client.tests/bin/debug/net9.0/clickup.api.client.tests.dll" id="df92ad98-bce4-a78f-33fd-44173b296ba5">
      <Execution id="7ac4c72a-3ebf-4a1f-bfdf-69780762b8f9" />
      <TestMethod codeBase="/app/src/ClickUp.Api.Client.Tests/bin/Debug/net9.0/ClickUp.Api.Client.Tests.dll" adapterTypeName="executor://xunit/VsTestRunner2/netcoreapp" className="ClickUp.Api.Client.Tests.ServiceTests.CommentServiceTests" name="UpdateCommentAsync_ApiConnectionReturnsNull_ThrowsInvalidOperationException" />
    </UnitTest>
    <UnitTest name="ClickUp.Api.Client.Tests.ServiceTests.ListsServiceTests.GetFolderlessListsAsync_PassesCancellationTokenToApiConnection" storage="/app/src/clickup.api.client.tests/bin/debug/net9.0/clickup.api.client.tests.dll" id="e66f2070-3ec2-0e7c-07bc-31cfe55bc2b3">
      <Execution id="73c36d7b-1aae-4ea1-b98d-e31939cd503e" />
      <TestMethod codeBase="/app/src/ClickUp.Api.Client.Tests/bin/Debug/net9.0/ClickUp.Api.Client.Tests.dll" adapterTypeName="executor://xunit/VsTestRunner2/netcoreapp" className="ClickUp.Api.Client.Tests.ServiceTests.ListsServiceTests" name="GetFolderlessListsAsync_PassesCancellationTokenToApiConnection" />
    </UnitTest>
    <UnitTest name="ClickUp.Api.Client.Tests.ServiceTests.TaskServiceTests.GetTaskAsync_PassesCancellationTokenToApiConnection" storage="/app/src/clickup.api.client.tests/bin/debug/net9.0/clickup.api.client.tests.dll" id="455d373c-0768-e4b9-a7a0-973113e32cb6">
      <Execution id="8f95b60b-a1c2-4c19-afc2-3f278076c384" />
      <TestMethod codeBase="/app/src/ClickUp.Api.Client.Tests/bin/Debug/net9.0/ClickUp.Api.Client.Tests.dll" adapterTypeName="executor://xunit/VsTestRunner2/netcoreapp" className="ClickUp.Api.Client.Tests.ServiceTests.TaskServiceTests" name="GetTaskAsync_PassesCancellationTokenToApiConnection" />
    </UnitTest>
    <UnitTest name="ClickUp.Api.Client.Tests.ServiceTests.ListsServiceTests.GetListsInFolderAsync_ApiReturnsResponseWithNullLists_ReturnsEmptyEnumerable" storage="/app/src/clickup.api.client.tests/bin/debug/net9.0/clickup.api.client.tests.dll" id="e9632c8c-2e19-3a9c-42ff-3dfd5ac4ab1b">
      <Execution id="7d393ff7-a7e0-45ea-92f4-cee82c6a14f7" />
      <TestMethod codeBase="/app/src/ClickUp.Api.Client.Tests/bin/Debug/net9.0/ClickUp.Api.Client.Tests.dll" adapterTypeName="executor://xunit/VsTestRunner2/netcoreapp" className="ClickUp.Api.Client.Tests.ServiceTests.ListsServiceTests" name="GetListsInFolderAsync_ApiReturnsResponseWithNullLists_ReturnsEmptyEnumerable" />
    </UnitTest>
    <UnitTest name="ClickUp.Api.Client.Tests.ServiceTests.GuestsServiceTests.AddGuestToListAsync_PassesCancellationTokenToApiConnection" storage="/app/src/clickup.api.client.tests/bin/debug/net9.0/clickup.api.client.tests.dll" id="a474e3f4-7b2b-a10f-817b-c3d993d8d057">
      <Execution id="58ab6948-e5a8-4dfd-ae41-d92f1d5fe451" />
      <TestMethod codeBase="/app/src/ClickUp.Api.Client.Tests/bin/Debug/net9.0/ClickUp.Api.Client.Tests.dll" adapterTypeName="executor://xunit/VsTestRunner2/netcoreapp" className="ClickUp.Api.Client.Tests.ServiceTests.GuestsServiceTests" name="AddGuestToListAsync_PassesCancellationTokenToApiConnection" />
    </UnitTest>
    <UnitTest name="ClickUp.Api.Client.Tests.ServiceTests.DocsServiceTests.CreatePageAsync_PassesCancellationTokenToApiConnection" storage="/app/src/clickup.api.client.tests/bin/debug/net9.0/clickup.api.client.tests.dll" id="b4439e05-a4aa-b998-a3b8-3b5334aa4ab1">
      <Execution id="7cffa6bc-21ed-48bc-86d2-2dc1b6fa016b" />
      <TestMethod codeBase="/app/src/ClickUp.Api.Client.Tests/bin/Debug/net9.0/ClickUp.Api.Client.Tests.dll" adapterTypeName="executor://xunit/VsTestRunner2/netcoreapp" className="ClickUp.Api.Client.Tests.ServiceTests.DocsServiceTests" name="CreatePageAsync_PassesCancellationTokenToApiConnection" />
    </UnitTest>
    <UnitTest name="ClickUp.Api.Client.Tests.ServiceTests.GuestsServiceTests.AddGuestToFolderAsync_PassesCancellationTokenToApiConnection" storage="/app/src/clickup.api.client.tests/bin/debug/net9.0/clickup.api.client.tests.dll" id="366c9a4c-d373-a66d-1c36-09f56a7219f6">
      <Execution id="093beba6-132e-4d8d-b221-fd7a6b7414d2" />
      <TestMethod codeBase="/app/src/ClickUp.Api.Client.Tests/bin/Debug/net9.0/ClickUp.Api.Client.Tests.dll" adapterTypeName="executor://xunit/VsTestRunner2/netcoreapp" className="ClickUp.Api.Client.Tests.ServiceTests.GuestsServiceTests" name="AddGuestToFolderAsync_PassesCancellationTokenToApiConnection" />
    </UnitTest>
    <UnitTest name="ClickUp.Api.Client.Tests.Http.ApiConnectionTests.GetAsync_ThrowsClickUpApiValidationException_ForUnprocessableEntity_WithNonStandardErrorStructure" storage="/app/src/clickup.api.client.tests/bin/debug/net9.0/clickup.api.client.tests.dll" id="0c571b32-a1cb-6377-4b96-b1264a79e63a">
      <Execution id="5aa08355-e9c5-41d5-ba52-dffbbe96514c" />
      <TestMethod codeBase="/app/src/ClickUp.Api.Client.Tests/bin/Debug/net9.0/ClickUp.Api.Client.Tests.dll" adapterTypeName="executor://xunit/VsTestRunner2/netcoreapp" className="ClickUp.Api.Client.Tests.Http.ApiConnectionTests" name="GetAsync_ThrowsClickUpApiValidationException_ForUnprocessableEntity_WithNonStandardErrorStructure" />
    </UnitTest>
    <UnitTest name="ClickUp.Api.Client.Tests.ServiceTests.ChatServiceTests.CreateChatChannelAsync_NullDataInResponse_ThrowsInvalidOperationException" storage="/app/src/clickup.api.client.tests/bin/debug/net9.0/clickup.api.client.tests.dll" id="7b5c7cae-2505-a196-c16b-d8cf3f95f4df">
      <Execution id="583a3f5f-7396-49e8-be8f-1538acfe0f21" />
      <TestMethod codeBase="/app/src/ClickUp.Api.Client.Tests/bin/Debug/net9.0/ClickUp.Api.Client.Tests.dll" adapterTypeName="executor://xunit/VsTestRunner2/netcoreapp" className="ClickUp.Api.Client.Tests.ServiceTests.ChatServiceTests" name="CreateChatChannelAsync_NullDataInResponse_ThrowsInvalidOperationException" />
    </UnitTest>
    <UnitTest name="ClickUp.Api.Client.Tests.ServiceTests.FoldersServiceTests.UpdateFolderAsync_ValidRequest_CallsPutAndReturnsFolder" storage="/app/src/clickup.api.client.tests/bin/debug/net9.0/clickup.api.client.tests.dll" id="6628d820-75ad-6955-de7e-b8cd13fb14bf">
      <Execution id="82095a0c-bf9c-47db-b8aa-4b13e98a1958" />
      <TestMethod codeBase="/app/src/ClickUp.Api.Client.Tests/bin/Debug/net9.0/ClickUp.Api.Client.Tests.dll" adapterTypeName="executor://xunit/VsTestRunner2/netcoreapp" className="ClickUp.Api.Client.Tests.ServiceTests.FoldersServiceTests" name="UpdateFolderAsync_ValidRequest_CallsPutAndReturnsFolder" />
    </UnitTest>
    <UnitTest name="ClickUp.Api.Client.Tests.ServiceTests.TaskChecklistsServiceTests.DeleteChecklistAsync_PassesCancellationTokenToApiConnection" storage="/app/src/clickup.api.client.tests/bin/debug/net9.0/clickup.api.client.tests.dll" id="3c27a31f-e076-0d6d-19f1-c3fb8a72001f">
      <Execution id="d84d67ce-fe6d-4d48-ac38-b1b80a9bb291" />
      <TestMethod codeBase="/app/src/ClickUp.Api.Client.Tests/bin/Debug/net9.0/ClickUp.Api.Client.Tests.dll" adapterTypeName="executor://xunit/VsTestRunner2/netcoreapp" className="ClickUp.Api.Client.Tests.ServiceTests.TaskChecklistsServiceTests" name="DeleteChecklistAsync_PassesCancellationTokenToApiConnection" />
    </UnitTest>
    <UnitTest name="ClickUp.Api.Client.Tests.ServiceTests.AuthorizationServiceTests.GetAuthorizedWorkspacesAsync_ApiConnectionThrowsTaskCanceledException_PropagatesException" storage="/app/src/clickup.api.client.tests/bin/debug/net9.0/clickup.api.client.tests.dll" id="a6095f80-0334-edb4-2e89-a759c9293c61">
      <Execution id="4333f7a8-8f97-46a6-a439-c8b3ef25f9d6" />
      <TestMethod codeBase="/app/src/ClickUp.Api.Client.Tests/bin/Debug/net9.0/ClickUp.Api.Client.Tests.dll" adapterTypeName="executor://xunit/VsTestRunner2/netcoreapp" className="ClickUp.Api.Client.Tests.ServiceTests.AuthorizationServiceTests" name="GetAuthorizedWorkspacesAsync_ApiConnectionThrowsTaskCanceledException_PropagatesException" />
    </UnitTest>
    <UnitTest name="ClickUp.Api.Client.Tests.Models.Serialization.Converters.JsonStringOrNumberConverterTests.Read_WhenJsonIsDecimal_ShouldReturnString" storage="/app/src/clickup.api.client.tests/bin/debug/net9.0/clickup.api.client.tests.dll" id="a8538cad-4863-b880-6785-1dd361e5281a">
      <Execution id="3d6854ea-9f49-4ad3-a340-f87219db83a6" />
      <TestMethod codeBase="/app/src/ClickUp.Api.Client.Tests/bin/Debug/net9.0/ClickUp.Api.Client.Tests.dll" adapterTypeName="executor://xunit/VsTestRunner2/netcoreapp" className="ClickUp.Api.Client.Tests.Models.Serialization.Converters.JsonStringOrNumberConverterTests" name="Read_WhenJsonIsDecimal_ShouldReturnString" />
    </UnitTest>
    <UnitTest name="ClickUp.Api.Client.Tests.ServiceTests.TimeTrackingServiceTests.StopTimeEntryAsync_ApiConnectionThrowsHttpRequestException_PropagatesException" storage="/app/src/clickup.api.client.tests/bin/debug/net9.0/clickup.api.client.tests.dll" id="8d4f003b-e7fd-d6d0-07aa-d85ded595d3d">
      <Execution id="5f8db798-d8f0-4ef4-a5f6-69a0b0053ecb" />
      <TestMethod codeBase="/app/src/ClickUp.Api.Client.Tests/bin/Debug/net9.0/ClickUp.Api.Client.Tests.dll" adapterTypeName="executor://xunit/VsTestRunner2/netcoreapp" className="ClickUp.Api.Client.Tests.ServiceTests.TimeTrackingServiceTests" name="StopTimeEntryAsync_ApiConnectionThrowsHttpRequestException_PropagatesException" />
    </UnitTest>
    <UnitTest name="ClickUp.Api.Client.Tests.ServiceTests.TaskChecklistsServiceTests.CreateChecklistItemAsync_ApiConnectionThrowsHttpRequestException_PropagatesException" storage="/app/src/clickup.api.client.tests/bin/debug/net9.0/clickup.api.client.tests.dll" id="3dade232-cdca-928f-6336-c86b6cc60ce7">
      <Execution id="0372e01a-4005-405c-b656-164aa8d68768" />
      <TestMethod codeBase="/app/src/ClickUp.Api.Client.Tests/bin/Debug/net9.0/ClickUp.Api.Client.Tests.dll" adapterTypeName="executor://xunit/VsTestRunner2/netcoreapp" className="ClickUp.Api.Client.Tests.ServiceTests.TaskChecklistsServiceTests" name="CreateChecklistItemAsync_ApiConnectionThrowsHttpRequestException_PropagatesException" />
    </UnitTest>
    <UnitTest name="ClickUp.Api.Client.Tests.Http.AuthenticationDelegatingHandlerTests.Constructor_WithInvalidApiKey_ShouldThrowArgumentNullException(invalidApiKey: &quot;&quot;)" storage="/app/src/clickup.api.client.tests/bin/debug/net9.0/clickup.api.client.tests.dll" id="d64c8a48-94a6-5d45-b994-65e073b17456">
      <Execution id="33bbb604-041e-4234-b90c-6e3e9db5cb63" />
      <TestMethod codeBase="/app/src/ClickUp.Api.Client.Tests/bin/Debug/net9.0/ClickUp.Api.Client.Tests.dll" adapterTypeName="executor://xunit/VsTestRunner2/netcoreapp" className="ClickUp.Api.Client.Tests.Http.AuthenticationDelegatingHandlerTests" name="Constructor_WithInvalidApiKey_ShouldThrowArgumentNullException" />
    </UnitTest>
    <UnitTest name="ClickUp.Api.Client.Tests.ServiceTests.MembersServiceTests.GetTaskMembersAsync_ApiReturnsResponseWithNullMembers_ReturnsEmptyEnumerable" storage="/app/src/clickup.api.client.tests/bin/debug/net9.0/clickup.api.client.tests.dll" id="b59fa0d8-acfb-5e6f-7f65-1cf2b7e27e0c">
      <Execution id="4532ff79-40dd-4efc-9083-2a447de0e05f" />
      <TestMethod codeBase="/app/src/ClickUp.Api.Client.Tests/bin/Debug/net9.0/ClickUp.Api.Client.Tests.dll" adapterTypeName="executor://xunit/VsTestRunner2/netcoreapp" className="ClickUp.Api.Client.Tests.ServiceTests.MembersServiceTests" name="GetTaskMembersAsync_ApiReturnsResponseWithNullMembers_ReturnsEmptyEnumerable" />
    </UnitTest>
    <UnitTest name="ClickUp.Api.Client.Tests.ServiceTests.ChatServiceTests.GetChatChannelAsync_ApiError_ThrowsHttpRequestException" storage="/app/src/clickup.api.client.tests/bin/debug/net9.0/clickup.api.client.tests.dll" id="2f5df4c7-efcc-17fd-a190-a85554d096c7">
      <Execution id="2b691271-b60f-4f04-ba2d-f2c367838640" />
      <TestMethod codeBase="/app/src/ClickUp.Api.Client.Tests/bin/Debug/net9.0/ClickUp.Api.Client.Tests.dll" adapterTypeName="executor://xunit/VsTestRunner2/netcoreapp" className="ClickUp.Api.Client.Tests.ServiceTests.ChatServiceTests" name="GetChatChannelAsync_ApiError_ThrowsHttpRequestException" />
    </UnitTest>
    <UnitTest name="ClickUp.Api.Client.Tests.ServiceTests.TimeTrackingServiceTests.GetTimeEntriesAsyncEnumerableAsync_HandlesApiError" storage="/app/src/clickup.api.client.tests/bin/debug/net9.0/clickup.api.client.tests.dll" id="ffb609b2-e71e-6830-1f60-49e0153938df">
      <Execution id="5c334392-9cc2-4839-a905-6d41e7f15b51" />
      <TestMethod codeBase="/app/src/ClickUp.Api.Client.Tests/bin/Debug/net9.0/ClickUp.Api.Client.Tests.dll" adapterTypeName="executor://xunit/VsTestRunner2/netcoreapp" className="ClickUp.Api.Client.Tests.ServiceTests.TimeTrackingServiceTests" name="GetTimeEntriesAsyncEnumerableAsync_HandlesApiError" />
    </UnitTest>
    <UnitTest name="ClickUp.Api.Client.Tests.ServiceTests.FoldersServiceTests.CreateFolderFromTemplateAsync_ApiError_ThrowsHttpRequestException" storage="/app/src/clickup.api.client.tests/bin/debug/net9.0/clickup.api.client.tests.dll" id="77ddda33-f5c0-0546-2603-cfcb62b8c11e">
      <Execution id="77cd4e7a-5e90-436a-be65-cea01639a294" />
      <TestMethod codeBase="/app/src/ClickUp.Api.Client.Tests/bin/Debug/net9.0/ClickUp.Api.Client.Tests.dll" adapterTypeName="executor://xunit/VsTestRunner2/netcoreapp" className="ClickUp.Api.Client.Tests.ServiceTests.FoldersServiceTests" name="CreateFolderFromTemplateAsync_ApiError_ThrowsHttpRequestException" />
    </UnitTest>
    <UnitTest name="ClickUp.Api.Client.Tests.Models.Entities.CustomFieldValueTests.Deserialize_LocationFieldValue_Correctly" storage="/app/src/clickup.api.client.tests/bin/debug/net9.0/clickup.api.client.tests.dll" id="40dbcff3-94ed-953c-0b76-876807c0eb6e">
      <Execution id="32f5cd62-988c-4fcc-9ef0-689ea8cc3fab" />
      <TestMethod codeBase="/app/src/ClickUp.Api.Client.Tests/bin/Debug/net9.0/ClickUp.Api.Client.Tests.dll" adapterTypeName="executor://xunit/VsTestRunner2/netcoreapp" className="ClickUp.Api.Client.Tests.Models.Entities.CustomFieldValueTests" name="Deserialize_LocationFieldValue_Correctly" />
    </UnitTest>
    <UnitTest name="ClickUp.Api.Client.Tests.ServiceTests.TaskChecklistsServiceTests.EditChecklistItemAsync_ApiConnectionThrowsTaskCanceledException_PropagatesException" storage="/app/src/clickup.api.client.tests/bin/debug/net9.0/clickup.api.client.tests.dll" id="d07b686e-9adb-252d-f865-90dbc810765e">
      <Execution id="0a16ccc1-752d-4e8d-b1ad-0846c99d87a0" />
      <TestMethod codeBase="/app/src/ClickUp.Api.Client.Tests/bin/Debug/net9.0/ClickUp.Api.Client.Tests.dll" adapterTypeName="executor://xunit/VsTestRunner2/netcoreapp" className="ClickUp.Api.Client.Tests.ServiceTests.TaskChecklistsServiceTests" name="EditChecklistItemAsync_ApiConnectionThrowsTaskCanceledException_PropagatesException" />
    </UnitTest>
    <UnitTest name="ClickUp.Api.Client.Tests.ServiceTests.ViewsServiceTests.GetViewTasksAsync_ApiReturnsNull_ThrowsInvalidOperationException" storage="/app/src/clickup.api.client.tests/bin/debug/net9.0/clickup.api.client.tests.dll" id="734e0fc6-fbea-71d0-23d0-faf15d6e2fac">
      <Execution id="f2e85671-5246-4a8e-9598-5b4141894e1e" />
      <TestMethod codeBase="/app/src/ClickUp.Api.Client.Tests/bin/Debug/net9.0/ClickUp.Api.Client.Tests.dll" adapterTypeName="executor://xunit/VsTestRunner2/netcoreapp" className="ClickUp.Api.Client.Tests.ServiceTests.ViewsServiceTests" name="GetViewTasksAsync_ApiReturnsNull_ThrowsInvalidOperationException" />
    </UnitTest>
    <UnitTest name="ClickUp.Api.Client.Tests.ServiceTests.WebhooksServiceTests.GetWebhooksAsync_PassesCancellationTokenToApiConnection" storage="/app/src/clickup.api.client.tests/bin/debug/net9.0/clickup.api.client.tests.dll" id="57d5351e-89a1-88f5-047f-ba6226dd4f1e">
      <Execution id="1302dc6e-9c95-4977-b3b3-11f51f015a76" />
      <TestMethod codeBase="/app/src/ClickUp.Api.Client.Tests/bin/Debug/net9.0/ClickUp.Api.Client.Tests.dll" adapterTypeName="executor://xunit/VsTestRunner2/netcoreapp" className="ClickUp.Api.Client.Tests.ServiceTests.WebhooksServiceTests" name="GetWebhooksAsync_PassesCancellationTokenToApiConnection" />
    </UnitTest>
    <UnitTest name="ClickUp.Api.Client.Tests.ServiceTests.ViewsServiceTests.UpdateViewAsync_ApiReturnsNull_ThrowsInvalidOperationException" storage="/app/src/clickup.api.client.tests/bin/debug/net9.0/clickup.api.client.tests.dll" id="292c6286-4615-62d6-6838-a11ada9076a4">
      <Execution id="33903357-7639-4d09-992e-431608509795" />
      <TestMethod codeBase="/app/src/ClickUp.Api.Client.Tests/bin/Debug/net9.0/ClickUp.Api.Client.Tests.dll" adapterTypeName="executor://xunit/VsTestRunner2/netcoreapp" className="ClickUp.Api.Client.Tests.ServiceTests.ViewsServiceTests" name="UpdateViewAsync_ApiReturnsNull_ThrowsInvalidOperationException" />
    </UnitTest>
    <UnitTest name="ClickUp.Api.Client.Tests.ServiceTests.TaskServiceTests.GetTaskAsync_WithAllQueryParameters_BuildsCorrectEndpoint" storage="/app/src/clickup.api.client.tests/bin/debug/net9.0/clickup.api.client.tests.dll" id="e00fbc9e-f7de-c06d-72fe-b42d59595a10">
      <Execution id="8722306d-a7a6-42dd-8137-ccea32c4261f" />
      <TestMethod codeBase="/app/src/ClickUp.Api.Client.Tests/bin/Debug/net9.0/ClickUp.Api.Client.Tests.dll" adapterTypeName="executor://xunit/VsTestRunner2/netcoreapp" className="ClickUp.Api.Client.Tests.ServiceTests.TaskServiceTests" name="GetTaskAsync_WithAllQueryParameters_BuildsCorrectEndpoint" />
    </UnitTest>
    <UnitTest name="ClickUp.Api.Client.Tests.ServiceTests.AuthorizationServiceTests.GetAuthorizedWorkspacesAsync_PassesCancellationTokenToApiConnection" storage="/app/src/clickup.api.client.tests/bin/debug/net9.0/clickup.api.client.tests.dll" id="c3f78f48-a866-b86e-0984-689bef337df5">
      <Execution id="76c00b4d-21f2-4771-aeda-ba8425ae73ca" />
      <TestMethod codeBase="/app/src/ClickUp.Api.Client.Tests/bin/Debug/net9.0/ClickUp.Api.Client.Tests.dll" adapterTypeName="executor://xunit/VsTestRunner2/netcoreapp" className="ClickUp.Api.Client.Tests.ServiceTests.AuthorizationServiceTests" name="GetAuthorizedWorkspacesAsync_PassesCancellationTokenToApiConnection" />
    </UnitTest>
    <UnitTest name="ClickUp.Api.Client.Tests.ServiceTests.TaskChecklistsServiceTests.CreateChecklistItemAsync_ValidRequest_ReturnsChecklistItemResponse" storage="/app/src/clickup.api.client.tests/bin/debug/net9.0/clickup.api.client.tests.dll" id="99e3ba4a-37fa-896e-1ea0-aac4634d9ac2">
      <Execution id="48d03bf2-5c59-4e45-ae73-24015f89ac7e" />
      <TestMethod codeBase="/app/src/ClickUp.Api.Client.Tests/bin/Debug/net9.0/ClickUp.Api.Client.Tests.dll" adapterTypeName="executor://xunit/VsTestRunner2/netcoreapp" className="ClickUp.Api.Client.Tests.ServiceTests.TaskChecklistsServiceTests" name="CreateChecklistItemAsync_ValidRequest_ReturnsChecklistItemResponse" />
    </UnitTest>
    <UnitTest name="ClickUp.Api.Client.Tests.ServiceTests.TimeTrackingServiceTests.RemoveTagsFromTimeEntriesAsync_ApiConnectionThrowsTaskCanceledException_PropagatesException" storage="/app/src/clickup.api.client.tests/bin/debug/net9.0/clickup.api.client.tests.dll" id="1ac77b27-42c1-cff1-ba4f-002fe435aeb7">
      <Execution id="7cfb70cc-3618-4c87-8863-4a5eda43147f" />
      <TestMethod codeBase="/app/src/ClickUp.Api.Client.Tests/bin/Debug/net9.0/ClickUp.Api.Client.Tests.dll" adapterTypeName="executor://xunit/VsTestRunner2/netcoreapp" className="ClickUp.Api.Client.Tests.ServiceTests.TimeTrackingServiceTests" name="RemoveTagsFromTimeEntriesAsync_ApiConnectionThrowsTaskCanceledException_PropagatesException" />
    </UnitTest>
    <UnitTest name="ClickUp.Api.Client.Tests.ServiceTests.TaskRelationshipsServiceTests.DeleteTaskLinkAsync_ApiConnectionThrowsTaskCanceledException_PropagatesException" storage="/app/src/clickup.api.client.tests/bin/debug/net9.0/clickup.api.client.tests.dll" id="569bfaae-0410-8771-222d-4bb8137ef450">
      <Execution id="356fa838-4804-4b01-9451-a4e6b78c5bac" />
      <TestMethod codeBase="/app/src/ClickUp.Api.Client.Tests/bin/Debug/net9.0/ClickUp.Api.Client.Tests.dll" adapterTypeName="executor://xunit/VsTestRunner2/netcoreapp" className="ClickUp.Api.Client.Tests.ServiceTests.TaskRelationshipsServiceTests" name="DeleteTaskLinkAsync_ApiConnectionThrowsTaskCanceledException_PropagatesException" />
    </UnitTest>
    <UnitTest name="ClickUp.Api.Client.Tests.ServiceTests.ChatServiceTests.GetChatChannelFollowersAsync_ValidRequest_BuildsUrlAndReturnsResponse" storage="/app/src/clickup.api.client.tests/bin/debug/net9.0/clickup.api.client.tests.dll" id="57bfda38-b7b9-e365-6c9e-bb2b1772bce8">
      <Execution id="b2d8b8a4-6592-4067-82c1-9770af2a235e" />
      <TestMethod codeBase="/app/src/ClickUp.Api.Client.Tests/bin/Debug/net9.0/ClickUp.Api.Client.Tests.dll" adapterTypeName="executor://xunit/VsTestRunner2/netcoreapp" className="ClickUp.Api.Client.Tests.ServiceTests.ChatServiceTests" name="GetChatChannelFollowersAsync_ValidRequest_BuildsUrlAndReturnsResponse" />
    </UnitTest>
    <UnitTest name="ClickUp.Api.Client.Tests.ServiceTests.ViewsServiceTests.GetSpaceViewsAsync_ApiReturnsNull_ThrowsInvalidOperationException" storage="/app/src/clickup.api.client.tests/bin/debug/net9.0/clickup.api.client.tests.dll" id="4fb15a10-7dd6-baa4-3513-dbaf2feafd3d">
      <Execution id="e1f6d33d-b843-4dfc-8865-c4021c275fe8" />
      <TestMethod codeBase="/app/src/ClickUp.Api.Client.Tests/bin/Debug/net9.0/ClickUp.Api.Client.Tests.dll" adapterTypeName="executor://xunit/VsTestRunner2/netcoreapp" className="ClickUp.Api.Client.Tests.ServiceTests.ViewsServiceTests" name="GetSpaceViewsAsync_ApiReturnsNull_ThrowsInvalidOperationException" />
    </UnitTest>
    <UnitTest name="ClickUp.Api.Client.Tests.ServiceTests.TimeTrackingServiceTests.GetTimeEntriesAsync_ApiConnectionThrowsTaskCanceledException_PropagatesException" storage="/app/src/clickup.api.client.tests/bin/debug/net9.0/clickup.api.client.tests.dll" id="d6dc7060-8317-5826-203f-fe37bff9af1d">
      <Execution id="78b537f5-4459-4338-a4fd-474822c3dbc5" />
      <TestMethod codeBase="/app/src/ClickUp.Api.Client.Tests/bin/Debug/net9.0/ClickUp.Api.Client.Tests.dll" adapterTypeName="executor://xunit/VsTestRunner2/netcoreapp" className="ClickUp.Api.Client.Tests.ServiceTests.TimeTrackingServiceTests" name="GetTimeEntriesAsync_ApiConnectionThrowsTaskCanceledException_PropagatesException" />
    </UnitTest>
    <UnitTest name="ClickUp.Api.Client.Tests.ServiceTests.TaskRelationshipsServiceTests.AddDependencyAsync_NeitherDependsOnNorDependencyOf_ThrowsArgumentException" storage="/app/src/clickup.api.client.tests/bin/debug/net9.0/clickup.api.client.tests.dll" id="88118fa7-58f0-56eb-6e17-4a676b37d466">
      <Execution id="2f59c32e-13eb-422b-bf94-46ce8efa84bd" />
      <TestMethod codeBase="/app/src/ClickUp.Api.Client.Tests/bin/Debug/net9.0/ClickUp.Api.Client.Tests.dll" adapterTypeName="executor://xunit/VsTestRunner2/netcoreapp" className="ClickUp.Api.Client.Tests.ServiceTests.TaskRelationshipsServiceTests" name="AddDependencyAsync_NeitherDependsOnNorDependencyOf_ThrowsArgumentException" />
    </UnitTest>
    <UnitTest name="ClickUp.Api.Client.Tests.ServiceTests.ChatServiceTests.UpdateChatMessageAsync_NullResponse_ThrowsInvalidOperationException" storage="/app/src/clickup.api.client.tests/bin/debug/net9.0/clickup.api.client.tests.dll" id="4bf77a8b-eadd-cc6c-ae22-4cf427189d73">
      <Execution id="f52c1a43-a6f4-4636-bc86-333cff51d3fb" />
      <TestMethod codeBase="/app/src/ClickUp.Api.Client.Tests/bin/Debug/net9.0/ClickUp.Api.Client.Tests.dll" adapterTypeName="executor://xunit/VsTestRunner2/netcoreapp" className="ClickUp.Api.Client.Tests.ServiceTests.ChatServiceTests" name="UpdateChatMessageAsync_NullResponse_ThrowsInvalidOperationException" />
    </UnitTest>
    <UnitTest name="ClickUp.Api.Client.Tests.ServiceTests.ChatServiceTests.GetChatChannelFollowersAsync_ApiError_ThrowsHttpRequestException" storage="/app/src/clickup.api.client.tests/bin/debug/net9.0/clickup.api.client.tests.dll" id="5b8f60fa-e114-e9c0-8cce-43e48875fa0e">
      <Execution id="3dd036ec-4269-4839-8b51-915c4d815b55" />
      <TestMethod codeBase="/app/src/ClickUp.Api.Client.Tests/bin/Debug/net9.0/ClickUp.Api.Client.Tests.dll" adapterTypeName="executor://xunit/VsTestRunner2/netcoreapp" className="ClickUp.Api.Client.Tests.ServiceTests.ChatServiceTests" name="GetChatChannelFollowersAsync_ApiError_ThrowsHttpRequestException" />
    </UnitTest>
    <UnitTest name="ClickUp.Api.Client.Tests.ServiceTests.GuestsServiceTests.GetGuestAsync_ApiConnectionThrowsTaskCanceledException_PropagatesException" storage="/app/src/clickup.api.client.tests/bin/debug/net9.0/clickup.api.client.tests.dll" id="89e8e2e1-f67c-2c9e-75cd-4f156d8c851c">
      <Execution id="62554fe8-a610-460f-98e7-7da217b49280" />
      <TestMethod codeBase="/app/src/ClickUp.Api.Client.Tests/bin/Debug/net9.0/ClickUp.Api.Client.Tests.dll" adapterTypeName="executor://xunit/VsTestRunner2/netcoreapp" className="ClickUp.Api.Client.Tests.ServiceTests.GuestsServiceTests" name="GetGuestAsync_ApiConnectionThrowsTaskCanceledException_PropagatesException" />
    </UnitTest>
    <UnitTest name="ClickUp.Api.Client.Tests.ServiceTests.DocsServiceTests.CreateDocAsync_ValidRequest_CallsPostAndReturnsDoc" storage="/app/src/clickup.api.client.tests/bin/debug/net9.0/clickup.api.client.tests.dll" id="1cb730d0-bf20-050d-fad8-130d525b6950">
      <Execution id="5cb7e95b-08d4-4967-a8a2-cec33a4ceead" />
      <TestMethod codeBase="/app/src/ClickUp.Api.Client.Tests/bin/Debug/net9.0/ClickUp.Api.Client.Tests.dll" adapterTypeName="executor://xunit/VsTestRunner2/netcoreapp" className="ClickUp.Api.Client.Tests.ServiceTests.DocsServiceTests" name="CreateDocAsync_ValidRequest_CallsPostAndReturnsDoc" />
    </UnitTest>
    <UnitTest name="ClickUp.Api.Client.Tests.ServiceTests.ChatServiceTests.GetChatMessageReactionsAsync_ValidRequest_BuildsUrlAndReturnsResponse" storage="/app/src/clickup.api.client.tests/bin/debug/net9.0/clickup.api.client.tests.dll" id="96f6f192-ed3a-aaee-aefe-d76ac3dfd73f">
      <Execution id="91d14af0-17e1-4be3-af09-287ed85475cd" />
      <TestMethod codeBase="/app/src/ClickUp.Api.Client.Tests/bin/Debug/net9.0/ClickUp.Api.Client.Tests.dll" adapterTypeName="executor://xunit/VsTestRunner2/netcoreapp" className="ClickUp.Api.Client.Tests.ServiceTests.ChatServiceTests" name="GetChatMessageReactionsAsync_ValidRequest_BuildsUrlAndReturnsResponse" />
    </UnitTest>
    <UnitTest name="ClickUp.Api.Client.Tests.Models.Entities.CustomFieldValueTests.Deserialize_TextFieldValue_Correctly" storage="/app/src/clickup.api.client.tests/bin/debug/net9.0/clickup.api.client.tests.dll" id="67bbf7ed-a3ff-066f-e1a0-d7495df89ca2">
      <Execution id="05234813-fbe7-4072-b88a-b59208672d28" />
      <TestMethod codeBase="/app/src/ClickUp.Api.Client.Tests/bin/Debug/net9.0/ClickUp.Api.Client.Tests.dll" adapterTypeName="executor://xunit/VsTestRunner2/netcoreapp" className="ClickUp.Api.Client.Tests.Models.Entities.CustomFieldValueTests" name="Deserialize_TextFieldValue_Correctly" />
    </UnitTest>
    <UnitTest name="ClickUp.Api.Client.Tests.ServiceTests.AuthorizationServiceTests.GetAuthorizedWorkspacesAsync_ValidRequest_ReturnsWorkspaces" storage="/app/src/clickup.api.client.tests/bin/debug/net9.0/clickup.api.client.tests.dll" id="63d81eda-39da-9070-2f9b-d992d73272c0">
      <Execution id="bdf4342b-0fa8-4583-8b1b-983c9c145931" />
      <TestMethod codeBase="/app/src/ClickUp.Api.Client.Tests/bin/Debug/net9.0/ClickUp.Api.Client.Tests.dll" adapterTypeName="executor://xunit/VsTestRunner2/netcoreapp" className="ClickUp.Api.Client.Tests.ServiceTests.AuthorizationServiceTests" name="GetAuthorizedWorkspacesAsync_ValidRequest_ReturnsWorkspaces" />
    </UnitTest>
    <UnitTest name="ClickUp.Api.Client.Tests.ServiceTests.TaskRelationshipsServiceTests.AddDependencyAsync_PassesCancellationTokenToApiConnection" storage="/app/src/clickup.api.client.tests/bin/debug/net9.0/clickup.api.client.tests.dll" id="ed95c627-45e9-fe1d-df08-c1d1d5ed2b3c">
      <Execution id="d84ff7a3-e593-43cc-8546-a5e009c3f17c" />
      <TestMethod codeBase="/app/src/ClickUp.Api.Client.Tests/bin/Debug/net9.0/ClickUp.Api.Client.Tests.dll" adapterTypeName="executor://xunit/VsTestRunner2/netcoreapp" className="ClickUp.Api.Client.Tests.ServiceTests.TaskRelationshipsServiceTests" name="AddDependencyAsync_PassesCancellationTokenToApiConnection" />
    </UnitTest>
    <UnitTest name="ClickUp.Api.Client.Tests.ServiceTests.CustomFieldsServiceTests.GetFolderCustomFieldsAsync_NullResponse_ReturnsEmptyList" storage="/app/src/clickup.api.client.tests/bin/debug/net9.0/clickup.api.client.tests.dll" id="e1d56f19-7b37-5b0e-97d0-17752542f126">
      <Execution id="f4206109-179f-4963-9622-482d8d9df4c8" />
      <TestMethod codeBase="/app/src/ClickUp.Api.Client.Tests/bin/Debug/net9.0/ClickUp.Api.Client.Tests.dll" adapterTypeName="executor://xunit/VsTestRunner2/netcoreapp" className="ClickUp.Api.Client.Tests.ServiceTests.CustomFieldsServiceTests" name="GetFolderCustomFieldsAsync_NullResponse_ReturnsEmptyList" />
    </UnitTest>
    <UnitTest name="ClickUp.Api.Client.Tests.ServiceTests.CommentServiceTests.CreateThreadedCommentAsync_PassesCancellationTokenToApiConnection" storage="/app/src/clickup.api.client.tests/bin/debug/net9.0/clickup.api.client.tests.dll" id="42cf65ee-3bf6-187f-b4bd-5ecca3afb806">
      <Execution id="d7b3df21-2595-4e9b-ae13-a4880fcc8990" />
      <TestMethod codeBase="/app/src/ClickUp.Api.Client.Tests/bin/Debug/net9.0/ClickUp.Api.Client.Tests.dll" adapterTypeName="executor://xunit/VsTestRunner2/netcoreapp" className="ClickUp.Api.Client.Tests.ServiceTests.CommentServiceTests" name="CreateThreadedCommentAsync_PassesCancellationTokenToApiConnection" />
    </UnitTest>
    <UnitTest name="ClickUp.Api.Client.Tests.ServiceTests.CommentServiceTests.GetTaskCommentsAsync_ApiConnectionThrowsTaskCanceledException_PropagatesException" storage="/app/src/clickup.api.client.tests/bin/debug/net9.0/clickup.api.client.tests.dll" id="391840f3-e206-976c-b617-454923bcfaa0">
      <Execution id="2479ea23-e1dd-4e3d-b86e-6753ec672bd8" />
      <TestMethod codeBase="/app/src/ClickUp.Api.Client.Tests/bin/Debug/net9.0/ClickUp.Api.Client.Tests.dll" adapterTypeName="executor://xunit/VsTestRunner2/netcoreapp" className="ClickUp.Api.Client.Tests.ServiceTests.CommentServiceTests" name="GetTaskCommentsAsync_ApiConnectionThrowsTaskCanceledException_PropagatesException" />
    </UnitTest>
    <UnitTest name="ClickUp.Api.Client.Tests.ServiceTests.ChatServiceTests.GetChatMessageReactionsAsync_PassesCancellationTokenToApiConnection" storage="/app/src/clickup.api.client.tests/bin/debug/net9.0/clickup.api.client.tests.dll" id="4007011b-94e0-985a-1e4f-af1e83cbb54c">
      <Execution id="ddf98225-85cc-43c2-95ae-293fa54c012f" />
      <TestMethod codeBase="/app/src/ClickUp.Api.Client.Tests/bin/Debug/net9.0/ClickUp.Api.Client.Tests.dll" adapterTypeName="executor://xunit/VsTestRunner2/netcoreapp" className="ClickUp.Api.Client.Tests.ServiceTests.ChatServiceTests" name="GetChatMessageReactionsAsync_PassesCancellationTokenToApiConnection" />
    </UnitTest>
    <UnitTest name="ClickUp.Api.Client.Tests.Http.ApiConnectionTests.GetAsync_ThrowsCorrectException_ForGeneralErrorStatusCodes(statusCode: NotFound, expectedExceptionType: typeof(ClickUp.Api.Client.Models.Exceptions.ClickUpApiNotFoundException), expectedMessageContent: &quot;Not Found&quot;)" storage="/app/src/clickup.api.client.tests/bin/debug/net9.0/clickup.api.client.tests.dll" id="9405568f-449c-1bbd-189d-d54eb7aa3ec8">
      <Execution id="0f555ee9-4950-4747-a2e2-756207b8d947" />
      <TestMethod codeBase="/app/src/ClickUp.Api.Client.Tests/bin/Debug/net9.0/ClickUp.Api.Client.Tests.dll" adapterTypeName="executor://xunit/VsTestRunner2/netcoreapp" className="ClickUp.Api.Client.Tests.Http.ApiConnectionTests" name="GetAsync_ThrowsCorrectException_ForGeneralErrorStatusCodes" />
    </UnitTest>
    <UnitTest name="ClickUp.Api.Client.Tests.Models.Entities.CustomFieldValueTests.Deserialize_DropdownFieldValue_Correctly" storage="/app/src/clickup.api.client.tests/bin/debug/net9.0/clickup.api.client.tests.dll" id="31a1065a-ac19-32b8-35df-25a464c51606">
      <Execution id="c78e499f-884a-4696-ba06-c07b165d0ef4" />
      <TestMethod codeBase="/app/src/ClickUp.Api.Client.Tests/bin/Debug/net9.0/ClickUp.Api.Client.Tests.dll" adapterTypeName="executor://xunit/VsTestRunner2/netcoreapp" className="ClickUp.Api.Client.Tests.Models.Entities.CustomFieldValueTests" name="Deserialize_DropdownFieldValue_Correctly" />
    </UnitTest>
    <UnitTest name="ClickUp.Api.Client.Tests.ServiceTests.CommentServiceTests.CreateChatViewCommentAsync_PassesCancellationTokenToApiConnection" storage="/app/src/clickup.api.client.tests/bin/debug/net9.0/clickup.api.client.tests.dll" id="85c18ef7-be83-6afe-381b-b8c0e3e1a67a">
      <Execution id="3351d32c-6e6c-4c26-bc4d-a8a59d054ebf" />
      <TestMethod codeBase="/app/src/ClickUp.Api.Client.Tests/bin/Debug/net9.0/ClickUp.Api.Client.Tests.dll" adapterTypeName="executor://xunit/VsTestRunner2/netcoreapp" className="ClickUp.Api.Client.Tests.ServiceTests.CommentServiceTests" name="CreateChatViewCommentAsync_PassesCancellationTokenToApiConnection" />
    </UnitTest>
    <UnitTest name="ClickUp.Api.Client.Tests.ServiceTests.ChatServiceTests.DeleteChatMessageAsync_ApiConnectionThrowsTaskCanceledException_PropagatesException" storage="/app/src/clickup.api.client.tests/bin/debug/net9.0/clickup.api.client.tests.dll" id="d026e7ad-37c2-eeb6-fe71-0201019f497b">
      <Execution id="b3093c41-07fb-4636-9d4a-9818aa8baa77" />
      <TestMethod codeBase="/app/src/ClickUp.Api.Client.Tests/bin/Debug/net9.0/ClickUp.Api.Client.Tests.dll" adapterTypeName="executor://xunit/VsTestRunner2/netcoreapp" className="ClickUp.Api.Client.Tests.ServiceTests.ChatServiceTests" name="DeleteChatMessageAsync_ApiConnectionThrowsTaskCanceledException_PropagatesException" />
    </UnitTest>
    <UnitTest name="ClickUp.Api.Client.Tests.ServiceTests.GuestsServiceTests.EditGuestOnWorkspaceAsync_NullGuestInResponse_ThrowsInvalidOperationException" storage="/app/src/clickup.api.client.tests/bin/debug/net9.0/clickup.api.client.tests.dll" id="1efc2ef9-44be-85e2-7d31-b1e570c99961">
      <Execution id="f9d64962-3aa4-4c74-ac85-38ce74b4f077" />
      <TestMethod codeBase="/app/src/ClickUp.Api.Client.Tests/bin/Debug/net9.0/ClickUp.Api.Client.Tests.dll" adapterTypeName="executor://xunit/VsTestRunner2/netcoreapp" className="ClickUp.Api.Client.Tests.ServiceTests.GuestsServiceTests" name="EditGuestOnWorkspaceAsync_NullGuestInResponse_ThrowsInvalidOperationException" />
    </UnitTest>
    <UnitTest name="ClickUp.Api.Client.Tests.Integration.AuthorizationServiceIntegrationTests.GetAuthorizedWorkspacesAsync_WithValidToken_ReturnsWorkspaces" storage="/app/src/clickup.api.client.tests/bin/debug/net9.0/clickup.api.client.tests.dll" id="2532a0e0-d26a-c0fc-c5f7-f06b4858b91b">
      <Properties>
        <Property Key="Category" Value="Integration" />
      </Properties>
      <Execution id="e097a85d-521b-426a-a529-d5ce2f46c550" />
      <TestMethod codeBase="/app/src/ClickUp.Api.Client.Tests/bin/Debug/net9.0/ClickUp.Api.Client.Tests.dll" adapterTypeName="executor://xunit/VsTestRunner2/netcoreapp" className="ClickUp.Api.Client.Tests.Integration.AuthorizationServiceIntegrationTests" name="GetAuthorizedWorkspacesAsync_WithValidToken_ReturnsWorkspaces" />
    </UnitTest>
    <UnitTest name="ClickUp.Api.Client.Tests.ServiceTests.GuestsServiceTests.RemoveGuestFromWorkspaceAsync_ApiError_ThrowsHttpRequestException" storage="/app/src/clickup.api.client.tests/bin/debug/net9.0/clickup.api.client.tests.dll" id="7527c8ed-75f7-2f06-edb4-4d6b09bcc381">
      <Execution id="1b5b76d4-662f-4c3c-b860-089428c0838d" />
      <TestMethod codeBase="/app/src/ClickUp.Api.Client.Tests/bin/Debug/net9.0/ClickUp.Api.Client.Tests.dll" adapterTypeName="executor://xunit/VsTestRunner2/netcoreapp" className="ClickUp.Api.Client.Tests.ServiceTests.GuestsServiceTests" name="RemoveGuestFromWorkspaceAsync_ApiError_ThrowsHttpRequestException" />
    </UnitTest>
    <UnitTest name="ClickUp.Api.Client.Tests.ServiceTests.SpacesServiceTests.DeleteSpaceAsync_ValidSpaceId_CallsDeleteAsync" storage="/app/src/clickup.api.client.tests/bin/debug/net9.0/clickup.api.client.tests.dll" id="b736d5ec-8e87-221b-2f8d-32963a4352d8">
      <Execution id="6f7e2471-9c92-4fae-bac2-2b32eec6865a" />
      <TestMethod codeBase="/app/src/ClickUp.Api.Client.Tests/bin/Debug/net9.0/ClickUp.Api.Client.Tests.dll" adapterTypeName="executor://xunit/VsTestRunner2/netcoreapp" className="ClickUp.Api.Client.Tests.ServiceTests.SpacesServiceTests" name="DeleteSpaceAsync_ValidSpaceId_CallsDeleteAsync" />
    </UnitTest>
    <UnitTest name="ClickUp.Api.Client.Tests.ServiceTests.TagsServiceTests.AddTagToTaskAsync_PassesCancellationTokenToApiConnection" storage="/app/src/clickup.api.client.tests/bin/debug/net9.0/clickup.api.client.tests.dll" id="847146fe-1180-6206-469c-a22b64731580">
      <Execution id="d5309d65-17db-40e4-b9c9-7fa8720d2e1b" />
      <TestMethod codeBase="/app/src/ClickUp.Api.Client.Tests/bin/Debug/net9.0/ClickUp.Api.Client.Tests.dll" adapterTypeName="executor://xunit/VsTestRunner2/netcoreapp" className="ClickUp.Api.Client.Tests.ServiceTests.TagsServiceTests" name="AddTagToTaskAsync_PassesCancellationTokenToApiConnection" />
    </UnitTest>
    <UnitTest name="ClickUp.Api.Client.Tests.ServiceTests.ListsServiceTests.CreateFolderlessListAsync_ApiConnectionThrowsHttpRequestException_PropagatesException" storage="/app/src/clickup.api.client.tests/bin/debug/net9.0/clickup.api.client.tests.dll" id="135c7de2-1b5f-0ae7-2213-1f450010e885">
      <Execution id="541b0815-6372-4d79-a6bc-dc6dcf06c154" />
      <TestMethod codeBase="/app/src/ClickUp.Api.Client.Tests/bin/Debug/net9.0/ClickUp.Api.Client.Tests.dll" adapterTypeName="executor://xunit/VsTestRunner2/netcoreapp" className="ClickUp.Api.Client.Tests.ServiceTests.ListsServiceTests" name="CreateFolderlessListAsync_ApiConnectionThrowsHttpRequestException_PropagatesException" />
    </UnitTest>
    <UnitTest name="ClickUp.Api.Client.Tests.ServiceTests.DocsServiceTests.GetDocPageListingAsync_NullResponse_ReturnsEmptyEnumerable" storage="/app/src/clickup.api.client.tests/bin/debug/net9.0/clickup.api.client.tests.dll" id="8df66596-2fbf-8e84-1c90-b51fc4118a95">
      <Execution id="1454d3fc-daf1-4ea1-affb-5cadce5e9ddf" />
      <TestMethod codeBase="/app/src/ClickUp.Api.Client.Tests/bin/Debug/net9.0/ClickUp.Api.Client.Tests.dll" adapterTypeName="executor://xunit/VsTestRunner2/netcoreapp" className="ClickUp.Api.Client.Tests.ServiceTests.DocsServiceTests" name="GetDocPageListingAsync_NullResponse_ReturnsEmptyEnumerable" />
    </UnitTest>
    <UnitTest name="ClickUp.Api.Client.Tests.ServiceTests.GoalsServiceTests.CreateGoalAsync_ValidRequest_CallsPostAndReturnsGoal" storage="/app/src/clickup.api.client.tests/bin/debug/net9.0/clickup.api.client.tests.dll" id="4cd07aad-f8b5-25a7-0e51-5fa1fc4c127d">
      <Execution id="4523a775-5b4b-4740-92fc-79f10965f8ba" />
      <TestMethod codeBase="/app/src/ClickUp.Api.Client.Tests/bin/Debug/net9.0/ClickUp.Api.Client.Tests.dll" adapterTypeName="executor://xunit/VsTestRunner2/netcoreapp" className="ClickUp.Api.Client.Tests.ServiceTests.GoalsServiceTests" name="CreateGoalAsync_ValidRequest_CallsPostAndReturnsGoal" />
    </UnitTest>
    <UnitTest name="ClickUp.Api.Client.Tests.ServiceTests.UserGroupServiceTests.GetUserGroupsAsync_WithEmptyGroupIds_BuildsCorrectUrlWithoutGroupIdsParam" storage="/app/src/clickup.api.client.tests/bin/debug/net9.0/clickup.api.client.tests.dll" id="deae957c-62e2-1d26-6901-48b1e5ced5dc">
      <Execution id="02e0f198-ad41-42ef-b95f-315f1ca1b2ce" />
      <TestMethod codeBase="/app/src/ClickUp.Api.Client.Tests/bin/Debug/net9.0/ClickUp.Api.Client.Tests.dll" adapterTypeName="executor://xunit/VsTestRunner2/netcoreapp" className="ClickUp.Api.Client.Tests.ServiceTests.UserGroupServiceTests" name="GetUserGroupsAsync_WithEmptyGroupIds_BuildsCorrectUrlWithoutGroupIdsParam" />
    </UnitTest>
    <UnitTest name="ClickUp.Api.Client.Tests.ServiceTests.ChatServiceTests.GetChatMessagesAsync_PassesCancellationTokenToApiConnection" storage="/app/src/clickup.api.client.tests/bin/debug/net9.0/clickup.api.client.tests.dll" id="b62285e3-710c-7c9a-e1f3-058f7c0cf59e">
      <Execution id="40151708-592f-4426-bcf5-9f171bdffd4c" />
      <TestMethod codeBase="/app/src/ClickUp.Api.Client.Tests/bin/Debug/net9.0/ClickUp.Api.Client.Tests.dll" adapterTypeName="executor://xunit/VsTestRunner2/netcoreapp" className="ClickUp.Api.Client.Tests.ServiceTests.ChatServiceTests" name="GetChatMessagesAsync_PassesCancellationTokenToApiConnection" />
    </UnitTest>
    <UnitTest name="ClickUp.Api.Client.Tests.ServiceTests.ChatServiceTests.CreateChatMessageAsync_ApiConnectionThrowsTaskCanceledException_PropagatesException" storage="/app/src/clickup.api.client.tests/bin/debug/net9.0/clickup.api.client.tests.dll" id="24c60078-9625-8e92-f24a-c8acb4a37b6f">
      <Execution id="086aa03d-e425-4091-9d89-0139ac907f6d" />
      <TestMethod codeBase="/app/src/ClickUp.Api.Client.Tests/bin/Debug/net9.0/ClickUp.Api.Client.Tests.dll" adapterTypeName="executor://xunit/VsTestRunner2/netcoreapp" className="ClickUp.Api.Client.Tests.ServiceTests.ChatServiceTests" name="CreateChatMessageAsync_ApiConnectionThrowsTaskCanceledException_PropagatesException" />
    </UnitTest>
    <UnitTest name="ClickUp.Api.Client.Tests.ServiceTests.ChatServiceTests.CreateDirectMessageChatChannelAsync_NullDataInResponse_ThrowsInvalidOperationException" storage="/app/src/clickup.api.client.tests/bin/debug/net9.0/clickup.api.client.tests.dll" id="8d6013d2-eac4-b2ad-1c02-2354fe342274">
      <Execution id="54b06aa0-e235-4412-836a-40220b6ff394" />
      <TestMethod codeBase="/app/src/ClickUp.Api.Client.Tests/bin/Debug/net9.0/ClickUp.Api.Client.Tests.dll" adapterTypeName="executor://xunit/VsTestRunner2/netcoreapp" className="ClickUp.Api.Client.Tests.ServiceTests.ChatServiceTests" name="CreateDirectMessageChatChannelAsync_NullDataInResponse_ThrowsInvalidOperationException" />
    </UnitTest>
    <UnitTest name="ClickUp.Api.Client.Tests.ServiceTests.GoalsServiceTests.UpdateGoalAsync_PassesCancellationTokenToApiConnection" storage="/app/src/clickup.api.client.tests/bin/debug/net9.0/clickup.api.client.tests.dll" id="94f6961b-99ac-3736-ade9-470132a8b137">
      <Execution id="0284bf09-5027-4fe8-9212-675f1c27e97f" />
      <TestMethod codeBase="/app/src/ClickUp.Api.Client.Tests/bin/Debug/net9.0/ClickUp.Api.Client.Tests.dll" adapterTypeName="executor://xunit/VsTestRunner2/netcoreapp" className="ClickUp.Api.Client.Tests.ServiceTests.GoalsServiceTests" name="UpdateGoalAsync_PassesCancellationTokenToApiConnection" />
    </UnitTest>
    <UnitTest name="ClickUp.Api.Client.Tests.ServiceTests.TimeTrackingServiceTests.StartTimeEntryAsync_ApiConnectionThrowsTaskCanceledException_PropagatesException" storage="/app/src/clickup.api.client.tests/bin/debug/net9.0/clickup.api.client.tests.dll" id="e56ecf4a-2afb-69f6-4624-afbf5ecf4c78">
      <Execution id="79d4f313-61e2-4977-8c7b-808dbaa4d89c" />
      <TestMethod codeBase="/app/src/ClickUp.Api.Client.Tests/bin/Debug/net9.0/ClickUp.Api.Client.Tests.dll" adapterTypeName="executor://xunit/VsTestRunner2/netcoreapp" className="ClickUp.Api.Client.Tests.ServiceTests.TimeTrackingServiceTests" name="StartTimeEntryAsync_ApiConnectionThrowsTaskCanceledException_PropagatesException" />
    </UnitTest>
    <UnitTest name="ClickUp.Api.Client.Tests.ServiceTests.GoalsServiceTests.EditKeyResultAsync_ApiReturnsNullKeyResultInResponse_ThrowsInvalidOperationException" storage="/app/src/clickup.api.client.tests/bin/debug/net9.0/clickup.api.client.tests.dll" id="cf45ee30-83d2-0b82-f62e-b027766bbeaf">
      <Execution id="da440713-0e96-46c3-bbf6-3e48ef5a8de5" />
      <TestMethod codeBase="/app/src/ClickUp.Api.Client.Tests/bin/Debug/net9.0/ClickUp.Api.Client.Tests.dll" adapterTypeName="executor://xunit/VsTestRunner2/netcoreapp" className="ClickUp.Api.Client.Tests.ServiceTests.GoalsServiceTests" name="EditKeyResultAsync_ApiReturnsNullKeyResultInResponse_ThrowsInvalidOperationException" />
    </UnitTest>
    <UnitTest name="ClickUp.Api.Client.Tests.ServiceTests.ChatServiceTests.GetChatChannelsAsync_NullDataInResponse_ThrowsInvalidOperationException" storage="/app/src/clickup.api.client.tests/bin/debug/net9.0/clickup.api.client.tests.dll" id="cadcb56b-1265-165e-5791-65d8d3f838ca">
      <Execution id="d52aeab5-d12c-48c8-80a1-62d64a64f5a3" />
      <TestMethod codeBase="/app/src/ClickUp.Api.Client.Tests/bin/Debug/net9.0/ClickUp.Api.Client.Tests.dll" adapterTypeName="executor://xunit/VsTestRunner2/netcoreapp" className="ClickUp.Api.Client.Tests.ServiceTests.ChatServiceTests" name="GetChatChannelsAsync_NullDataInResponse_ThrowsInvalidOperationException" />
    </UnitTest>
    <UnitTest name="ClickUp.Api.Client.Tests.ServiceTests.ChatServiceTests.GetChatChannelsAsync_NullResponse_ThrowsInvalidOperationException" storage="/app/src/clickup.api.client.tests/bin/debug/net9.0/clickup.api.client.tests.dll" id="13a6d80e-fad7-d3cb-3b94-dc72adcac4c9">
      <Execution id="01c1e108-b5e3-4f4e-ad40-984da1b94cc8" />
      <TestMethod codeBase="/app/src/ClickUp.Api.Client.Tests/bin/Debug/net9.0/ClickUp.Api.Client.Tests.dll" adapterTypeName="executor://xunit/VsTestRunner2/netcoreapp" className="ClickUp.Api.Client.Tests.ServiceTests.ChatServiceTests" name="GetChatChannelsAsync_NullResponse_ThrowsInvalidOperationException" />
    </UnitTest>
    <UnitTest name="ClickUp.Api.Client.Tests.ServiceTests.CustomFieldsServiceTests.GetSpaceCustomFieldsAsync_ValidSpaceId_BuildsCorrectUrlAndReturnsFields" storage="/app/src/clickup.api.client.tests/bin/debug/net9.0/clickup.api.client.tests.dll" id="1aeced91-2bcf-ca87-1dde-1e82fd8c0772">
      <Execution id="c7f90954-9530-404a-915f-f67a58bbf7d9" />
      <TestMethod codeBase="/app/src/ClickUp.Api.Client.Tests/bin/Debug/net9.0/ClickUp.Api.Client.Tests.dll" adapterTypeName="executor://xunit/VsTestRunner2/netcoreapp" className="ClickUp.Api.Client.Tests.ServiceTests.CustomFieldsServiceTests" name="GetSpaceCustomFieldsAsync_ValidSpaceId_BuildsCorrectUrlAndReturnsFields" />
    </UnitTest>
    <UnitTest name="ClickUp.Api.Client.Tests.ServiceTests.TaskRelationshipsServiceTests.AddDependencyAsync_ApiConnectionThrowsHttpRequestException_PropagatesException" storage="/app/src/clickup.api.client.tests/bin/debug/net9.0/clickup.api.client.tests.dll" id="a00ccaed-d422-5174-66fa-c2af3acc6080">
      <Execution id="a9069776-27bb-464d-87fb-4036243a56d2" />
      <TestMethod codeBase="/app/src/ClickUp.Api.Client.Tests/bin/Debug/net9.0/ClickUp.Api.Client.Tests.dll" adapterTypeName="executor://xunit/VsTestRunner2/netcoreapp" className="ClickUp.Api.Client.Tests.ServiceTests.TaskRelationshipsServiceTests" name="AddDependencyAsync_ApiConnectionThrowsHttpRequestException_PropagatesException" />
    </UnitTest>
    <UnitTest name="ClickUp.Api.Client.Tests.ServiceTests.GoalsServiceTests.CreateKeyResultAsync_ApiError_ThrowsHttpRequestException" storage="/app/src/clickup.api.client.tests/bin/debug/net9.0/clickup.api.client.tests.dll" id="cb2d034b-1aa3-2639-d04b-f94270484348">
      <Execution id="c9df1ec0-5c63-4fe4-b7b6-9ec38a9deafd" />
      <TestMethod codeBase="/app/src/ClickUp.Api.Client.Tests/bin/Debug/net9.0/ClickUp.Api.Client.Tests.dll" adapterTypeName="executor://xunit/VsTestRunner2/netcoreapp" className="ClickUp.Api.Client.Tests.ServiceTests.GoalsServiceTests" name="CreateKeyResultAsync_ApiError_ThrowsHttpRequestException" />
    </UnitTest>
    <UnitTest name="ClickUp.Api.Client.Tests.ServiceTests.ChatServiceTests.DeleteChatReactionAsync_ApiConnectionThrowsTaskCanceledException_PropagatesException" storage="/app/src/clickup.api.client.tests/bin/debug/net9.0/clickup.api.client.tests.dll" id="1d56fabf-6545-86bf-c7d3-9fcbf11a9191">
      <Execution id="288edef6-c9a6-4700-abc7-877c69413c5c" />
      <TestMethod codeBase="/app/src/ClickUp.Api.Client.Tests/bin/Debug/net9.0/ClickUp.Api.Client.Tests.dll" adapterTypeName="executor://xunit/VsTestRunner2/netcoreapp" className="ClickUp.Api.Client.Tests.ServiceTests.ChatServiceTests" name="DeleteChatReactionAsync_ApiConnectionThrowsTaskCanceledException_PropagatesException" />
    </UnitTest>
    <UnitTest name="ClickUp.Api.Client.Tests.ServiceTests.ListsServiceTests.CreateListFromTemplateInSpaceAsync_ApiConnectionThrowsHttpRequestException_PropagatesException" storage="/app/src/clickup.api.client.tests/bin/debug/net9.0/clickup.api.client.tests.dll" id="2dd1f79f-057e-86fd-44c4-9024fe1314ac">
      <Execution id="c288ce5c-6611-4d18-8aae-30cf6ada7b12" />
      <TestMethod codeBase="/app/src/ClickUp.Api.Client.Tests/bin/Debug/net9.0/ClickUp.Api.Client.Tests.dll" adapterTypeName="executor://xunit/VsTestRunner2/netcoreapp" className="ClickUp.Api.Client.Tests.ServiceTests.ListsServiceTests" name="CreateListFromTemplateInSpaceAsync_ApiConnectionThrowsHttpRequestException_PropagatesException" />
    </UnitTest>
    <UnitTest name="ClickUp.Api.Client.Tests.ServiceTests.CustomFieldsServiceTests.GetWorkspaceCustomFieldsAsync_PassesCancellationTokenToApiConnection" storage="/app/src/clickup.api.client.tests/bin/debug/net9.0/clickup.api.client.tests.dll" id="1112d1dd-eea7-ec92-2073-5e99606250d4">
      <Execution id="6448c4d8-f27f-4966-b56c-9ff77a4c4b5e" />
      <TestMethod codeBase="/app/src/ClickUp.Api.Client.Tests/bin/Debug/net9.0/ClickUp.Api.Client.Tests.dll" adapterTypeName="executor://xunit/VsTestRunner2/netcoreapp" className="ClickUp.Api.Client.Tests.ServiceTests.CustomFieldsServiceTests" name="GetWorkspaceCustomFieldsAsync_PassesCancellationTokenToApiConnection" />
    </UnitTest>
    <UnitTest name="ClickUp.Api.Client.Tests.ServiceTests.AuthorizationServiceTests.GetAuthorizedUserAsync_ValidRequest_ReturnsUser" storage="/app/src/clickup.api.client.tests/bin/debug/net9.0/clickup.api.client.tests.dll" id="1a6ecfe3-8465-12d2-501e-52aba80255ad">
      <Execution id="9202f95b-207a-429e-b10b-f5a567ba74d0" />
      <TestMethod codeBase="/app/src/ClickUp.Api.Client.Tests/bin/Debug/net9.0/ClickUp.Api.Client.Tests.dll" adapterTypeName="executor://xunit/VsTestRunner2/netcoreapp" className="ClickUp.Api.Client.Tests.ServiceTests.AuthorizationServiceTests" name="GetAuthorizedUserAsync_ValidRequest_ReturnsUser" />
    </UnitTest>
    <UnitTest name="ClickUp.Api.Client.Tests.ServiceTests.CommentServiceTests.GetChatViewCommentsStreamAsync_IAsyncEnumerable_ReturnsEmpty_WhenNoComments" storage="/app/src/clickup.api.client.tests/bin/debug/net9.0/clickup.api.client.tests.dll" id="d1f76e23-8059-620d-d855-759c9dc84cc1">
      <Execution id="18ecba27-1387-48d4-9d69-9c26a2ae4124" />
      <TestMethod codeBase="/app/src/ClickUp.Api.Client.Tests/bin/Debug/net9.0/ClickUp.Api.Client.Tests.dll" adapterTypeName="executor://xunit/VsTestRunner2/netcoreapp" className="ClickUp.Api.Client.Tests.ServiceTests.CommentServiceTests" name="GetChatViewCommentsStreamAsync_IAsyncEnumerable_ReturnsEmpty_WhenNoComments" />
    </UnitTest>
    <UnitTest name="ClickUp.Api.Client.Tests.ServiceTests.TimeTrackingServiceTests.UpdateTimeEntryAsync_ApiConnectionThrowsTaskCanceledException_PropagatesException" storage="/app/src/clickup.api.client.tests/bin/debug/net9.0/clickup.api.client.tests.dll" id="50eba22f-250a-1f15-3be5-df167f038182">
      <Execution id="fb3f1fc9-fccd-44d8-ac13-a6c2096f4e76" />
      <TestMethod codeBase="/app/src/ClickUp.Api.Client.Tests/bin/Debug/net9.0/ClickUp.Api.Client.Tests.dll" adapterTypeName="executor://xunit/VsTestRunner2/netcoreapp" className="ClickUp.Api.Client.Tests.ServiceTests.TimeTrackingServiceTests" name="UpdateTimeEntryAsync_ApiConnectionThrowsTaskCanceledException_PropagatesException" />
    </UnitTest>
    <UnitTest name="ClickUp.Api.Client.Tests.ServiceTests.CommentServiceTests.CreateTaskCommentAsync_ApiConnectionReturnsNull_ThrowsInvalidOperationException" storage="/app/src/clickup.api.client.tests/bin/debug/net9.0/clickup.api.client.tests.dll" id="e53e156b-129a-c92c-df82-35500b563cae">
      <Execution id="bcaae479-d8a1-4863-81fb-3f36c1629110" />
      <TestMethod codeBase="/app/src/ClickUp.Api.Client.Tests/bin/Debug/net9.0/ClickUp.Api.Client.Tests.dll" adapterTypeName="executor://xunit/VsTestRunner2/netcoreapp" className="ClickUp.Api.Client.Tests.ServiceTests.CommentServiceTests" name="CreateTaskCommentAsync_ApiConnectionReturnsNull_ThrowsInvalidOperationException" />
    </UnitTest>
    <UnitTest name="ClickUp.Api.Client.Tests.ServiceTests.RolesServiceTests.GetCustomRolesAsync_IncludeMembersNull_ConstructsCorrectUrl" storage="/app/src/clickup.api.client.tests/bin/debug/net9.0/clickup.api.client.tests.dll" id="c12825c8-ae4e-584d-bb7e-d7cd8271538d">
      <Execution id="c3414b57-5aa3-4847-bdc4-dae58d48f2c2" />
      <TestMethod codeBase="/app/src/ClickUp.Api.Client.Tests/bin/Debug/net9.0/ClickUp.Api.Client.Tests.dll" adapterTypeName="executor://xunit/VsTestRunner2/netcoreapp" className="ClickUp.Api.Client.Tests.ServiceTests.RolesServiceTests" name="GetCustomRolesAsync_IncludeMembersNull_ConstructsCorrectUrl" />
    </UnitTest>
    <UnitTest name="ClickUp.Api.Client.Tests.ServiceTests.GuestsServiceTests.RemoveGuestFromFolderAsync_NullApiResponse_ThrowsInvalidOperationException" storage="/app/src/clickup.api.client.tests/bin/debug/net9.0/clickup.api.client.tests.dll" id="66fa857b-e963-0d65-bc03-7e07247eb20e">
      <Execution id="0b8cffc6-cb4e-4fa6-8e32-55b91dcd142e" />
      <TestMethod codeBase="/app/src/ClickUp.Api.Client.Tests/bin/Debug/net9.0/ClickUp.Api.Client.Tests.dll" adapterTypeName="executor://xunit/VsTestRunner2/netcoreapp" className="ClickUp.Api.Client.Tests.ServiceTests.GuestsServiceTests" name="RemoveGuestFromFolderAsync_NullApiResponse_ThrowsInvalidOperationException" />
    </UnitTest>
    <UnitTest name="ClickUp.Api.Client.Tests.ServiceTests.TaskChecklistsServiceTests.DeleteChecklistAsync_ApiConnectionThrowsHttpRequestException_PropagatesException" storage="/app/src/clickup.api.client.tests/bin/debug/net9.0/clickup.api.client.tests.dll" id="0815f71f-d1b5-383f-c254-24620e55ca59">
      <Execution id="8c3658f2-aa9f-497e-ba37-fc2fb075919d" />
      <TestMethod codeBase="/app/src/ClickUp.Api.Client.Tests/bin/Debug/net9.0/ClickUp.Api.Client.Tests.dll" adapterTypeName="executor://xunit/VsTestRunner2/netcoreapp" className="ClickUp.Api.Client.Tests.ServiceTests.TaskChecklistsServiceTests" name="DeleteChecklistAsync_ApiConnectionThrowsHttpRequestException_PropagatesException" />
    </UnitTest>
    <UnitTest name="ClickUp.Api.Client.Tests.ServiceTests.DocsServiceTests.GetPageAsync_PassesCancellationTokenToApiConnection" storage="/app/src/clickup.api.client.tests/bin/debug/net9.0/clickup.api.client.tests.dll" id="03fc13e8-59e6-dc26-59a6-54a183532f2d">
      <Execution id="e3043b55-f93a-45a3-ad11-043aa88bc469" />
      <TestMethod codeBase="/app/src/ClickUp.Api.Client.Tests/bin/Debug/net9.0/ClickUp.Api.Client.Tests.dll" adapterTypeName="executor://xunit/VsTestRunner2/netcoreapp" className="ClickUp.Api.Client.Tests.ServiceTests.DocsServiceTests" name="GetPageAsync_PassesCancellationTokenToApiConnection" />
    </UnitTest>
    <UnitTest name="ClickUp.Api.Client.Tests.ServiceTests.WorkspacesServiceTests.GetWorkspacePlanAsync_ApiReturnsNullResponse_ThrowsInvalidOperationException" storage="/app/src/clickup.api.client.tests/bin/debug/net9.0/clickup.api.client.tests.dll" id="bbaa2134-d544-d4f3-8422-7acb5b3b93cd">
      <Execution id="7c172089-d7f8-4bde-b977-fe502fcc7cb3" />
      <TestMethod codeBase="/app/src/ClickUp.Api.Client.Tests/bin/Debug/net9.0/ClickUp.Api.Client.Tests.dll" adapterTypeName="executor://xunit/VsTestRunner2/netcoreapp" className="ClickUp.Api.Client.Tests.ServiceTests.WorkspacesServiceTests" name="GetWorkspacePlanAsync_ApiReturnsNullResponse_ThrowsInvalidOperationException" />
    </UnitTest>
    <UnitTest name="ClickUp.Api.Client.Tests.ServiceTests.GoalsServiceTests.EditKeyResultAsync_ApiError_ThrowsHttpRequestException" storage="/app/src/clickup.api.client.tests/bin/debug/net9.0/clickup.api.client.tests.dll" id="d939a691-315b-b0a2-01a2-f86a45831d39">
      <Execution id="56684c4a-c270-432a-8833-c2cbb5ca95b5" />
      <TestMethod codeBase="/app/src/ClickUp.Api.Client.Tests/bin/Debug/net9.0/ClickUp.Api.Client.Tests.dll" adapterTypeName="executor://xunit/VsTestRunner2/netcoreapp" className="ClickUp.Api.Client.Tests.ServiceTests.GoalsServiceTests" name="EditKeyResultAsync_ApiError_ThrowsHttpRequestException" />
    </UnitTest>
    <UnitTest name="ClickUp.Api.Client.Tests.ServiceTests.TimeTrackingServiceTests.GetTimeEntriesAsync_ValidRequest_ReturnsTimeEntries" storage="/app/src/clickup.api.client.tests/bin/debug/net9.0/clickup.api.client.tests.dll" id="b9c9e1d8-b3b4-ee70-36b2-55593cbe6424">
      <Execution id="f511db4c-30e3-4ff3-8741-f7e752ca4290" />
      <TestMethod codeBase="/app/src/ClickUp.Api.Client.Tests/bin/Debug/net9.0/ClickUp.Api.Client.Tests.dll" adapterTypeName="executor://xunit/VsTestRunner2/netcoreapp" className="ClickUp.Api.Client.Tests.ServiceTests.TimeTrackingServiceTests" name="GetTimeEntriesAsync_ValidRequest_ReturnsTimeEntries" />
    </UnitTest>
    <UnitTest name="ClickUp.Api.Client.Tests.ServiceTests.TaskServiceTests.GetFilteredTeamTasksAsync_ApiReturnsNull_ThrowsInvalidOperationException" storage="/app/src/clickup.api.client.tests/bin/debug/net9.0/clickup.api.client.tests.dll" id="4101a95e-40c4-0bc3-2388-01b84243ebee">
      <Execution id="c7b1ec7c-e0ca-4396-9e62-9466a8fe2804" />
      <TestMethod codeBase="/app/src/ClickUp.Api.Client.Tests/bin/Debug/net9.0/ClickUp.Api.Client.Tests.dll" adapterTypeName="executor://xunit/VsTestRunner2/netcoreapp" className="ClickUp.Api.Client.Tests.ServiceTests.TaskServiceTests" name="GetFilteredTeamTasksAsync_ApiReturnsNull_ThrowsInvalidOperationException" />
    </UnitTest>
    <UnitTest name="ClickUp.Api.Client.Tests.ServiceTests.FoldersServiceTests.DeleteFolderAsync_ApiConnectionThrowsTaskCanceledException_PropagatesException" storage="/app/src/clickup.api.client.tests/bin/debug/net9.0/clickup.api.client.tests.dll" id="c00a10e7-76a8-0ad0-ac0a-20828a92aa3c">
      <Execution id="6cafb807-d639-470d-8392-7418fdf5c7f6" />
      <TestMethod codeBase="/app/src/ClickUp.Api.Client.Tests/bin/Debug/net9.0/ClickUp.Api.Client.Tests.dll" adapterTypeName="executor://xunit/VsTestRunner2/netcoreapp" className="ClickUp.Api.Client.Tests.ServiceTests.FoldersServiceTests" name="DeleteFolderAsync_ApiConnectionThrowsTaskCanceledException_PropagatesException" />
    </UnitTest>
    <UnitTest name="ClickUp.Api.Client.Tests.ServiceTests.TaskChecklistsServiceTests.EditChecklistItemAsync_ApiReturnsNullResponse_ThrowsInvalidOperationException" storage="/app/src/clickup.api.client.tests/bin/debug/net9.0/clickup.api.client.tests.dll" id="5232a3f8-13d9-37ff-c6b8-237dece3a250">
      <Execution id="07505167-3215-46c9-8dd9-06e0ca6d596b" />
      <TestMethod codeBase="/app/src/ClickUp.Api.Client.Tests/bin/Debug/net9.0/ClickUp.Api.Client.Tests.dll" adapterTypeName="executor://xunit/VsTestRunner2/netcoreapp" className="ClickUp.Api.Client.Tests.ServiceTests.TaskChecklistsServiceTests" name="EditChecklistItemAsync_ApiReturnsNullResponse_ThrowsInvalidOperationException" />
    </UnitTest>
    <UnitTest name="ClickUp.Api.Client.Tests.ServiceTests.TaskRelationshipsServiceTests.DeleteDependencyAsync_NeitherDependsOnNorDependencyOf_ThrowsArgumentException" storage="/app/src/clickup.api.client.tests/bin/debug/net9.0/clickup.api.client.tests.dll" id="1546303a-edc4-61b2-b8a8-c5fe00f4d6c5">
      <Execution id="79e87a7e-4e46-421d-a97f-11bf940a4bdf" />
      <TestMethod codeBase="/app/src/ClickUp.Api.Client.Tests/bin/Debug/net9.0/ClickUp.Api.Client.Tests.dll" adapterTypeName="executor://xunit/VsTestRunner2/netcoreapp" className="ClickUp.Api.Client.Tests.ServiceTests.TaskRelationshipsServiceTests" name="DeleteDependencyAsync_NeitherDependsOnNorDependencyOf_ThrowsArgumentException" />
    </UnitTest>
    <UnitTest name="ClickUp.Api.Client.Tests.ServiceTests.GoalsServiceTests.GetGoalsAsync_IncludeCompletedNull_BuildsCorrectUrl" storage="/app/src/clickup.api.client.tests/bin/debug/net9.0/clickup.api.client.tests.dll" id="706d4ec4-0adc-57c9-3071-10e90fc0f70f">
      <Execution id="8fc9de94-b7db-48ae-8f2f-a29a4a508b22" />
      <TestMethod codeBase="/app/src/ClickUp.Api.Client.Tests/bin/Debug/net9.0/ClickUp.Api.Client.Tests.dll" adapterTypeName="executor://xunit/VsTestRunner2/netcoreapp" className="ClickUp.Api.Client.Tests.ServiceTests.GoalsServiceTests" name="GetGoalsAsync_IncludeCompletedNull_BuildsCorrectUrl" />
    </UnitTest>
    <UnitTest name="ClickUp.Api.Client.Tests.ServiceTests.TimeTrackingServiceTests.GetTimeEntryHistoryAsync_ApiConnectionThrowsHttpRequestException_PropagatesException" storage="/app/src/clickup.api.client.tests/bin/debug/net9.0/clickup.api.client.tests.dll" id="5bacd513-6195-b41b-3bb0-2f6e5335e84f">
      <Execution id="20754578-6a1d-46f4-90ff-d8365d0fa27d" />
      <TestMethod codeBase="/app/src/ClickUp.Api.Client.Tests/bin/Debug/net9.0/ClickUp.Api.Client.Tests.dll" adapterTypeName="executor://xunit/VsTestRunner2/netcoreapp" className="ClickUp.Api.Client.Tests.ServiceTests.TimeTrackingServiceTests" name="GetTimeEntryHistoryAsync_ApiConnectionThrowsHttpRequestException_PropagatesException" />
    </UnitTest>
    <UnitTest name="ClickUp.Api.Client.Tests.ServiceTests.TagsServiceTests.CreateSpaceTagAsync_ApiConnectionThrowsTaskCanceledException_PropagatesException" storage="/app/src/clickup.api.client.tests/bin/debug/net9.0/clickup.api.client.tests.dll" id="d5a44384-7423-bfcb-cbff-38ad79aa2245">
      <Execution id="6ccfd7f4-7a2e-4618-89e8-f2471721f3b6" />
      <TestMethod codeBase="/app/src/ClickUp.Api.Client.Tests/bin/Debug/net9.0/ClickUp.Api.Client.Tests.dll" adapterTypeName="executor://xunit/VsTestRunner2/netcoreapp" className="ClickUp.Api.Client.Tests.ServiceTests.TagsServiceTests" name="CreateSpaceTagAsync_ApiConnectionThrowsTaskCanceledException_PropagatesException" />
    </UnitTest>
    <UnitTest name="ClickUp.Api.Client.Tests.ServiceTests.DocsServiceTests.GetDocPagesAsync_ApiConnectionThrowsTaskCanceledException_PropagatesException" storage="/app/src/clickup.api.client.tests/bin/debug/net9.0/clickup.api.client.tests.dll" id="714f0003-938d-dad5-3c4f-f245997bfc86">
      <Execution id="4cc0b2bf-c76f-48a4-88d5-3c43e9810006" />
      <TestMethod codeBase="/app/src/ClickUp.Api.Client.Tests/bin/Debug/net9.0/ClickUp.Api.Client.Tests.dll" adapterTypeName="executor://xunit/VsTestRunner2/netcoreapp" className="ClickUp.Api.Client.Tests.ServiceTests.DocsServiceTests" name="GetDocPagesAsync_ApiConnectionThrowsTaskCanceledException_PropagatesException" />
    </UnitTest>
    <UnitTest name="ClickUp.Api.Client.Tests.ServiceTests.TimeTrackingServiceTests.GetTimeEntriesAsyncEnumerableAsync_ReturnsEmpty_WhenNoEntries" storage="/app/src/clickup.api.client.tests/bin/debug/net9.0/clickup.api.client.tests.dll" id="ff154841-f4c4-3ae0-7856-0ff67226c34e">
      <Execution id="4c26ebda-c5d7-4187-9e96-6c41dbe407d8" />
      <TestMethod codeBase="/app/src/ClickUp.Api.Client.Tests/bin/Debug/net9.0/ClickUp.Api.Client.Tests.dll" adapterTypeName="executor://xunit/VsTestRunner2/netcoreapp" className="ClickUp.Api.Client.Tests.ServiceTests.TimeTrackingServiceTests" name="GetTimeEntriesAsyncEnumerableAsync_ReturnsEmpty_WhenNoEntries" />
    </UnitTest>
    <UnitTest name="ClickUp.Api.Client.Tests.ServiceTests.TagsServiceTests.GetSpaceTagsAsync_ValidSpaceId_ReturnsTags" storage="/app/src/clickup.api.client.tests/bin/debug/net9.0/clickup.api.client.tests.dll" id="b47e4fb5-70dd-1ea2-05ee-5e86e036cb6a">
      <Execution id="a8d869e6-5305-438a-93c3-466269a4975f" />
      <TestMethod codeBase="/app/src/ClickUp.Api.Client.Tests/bin/Debug/net9.0/ClickUp.Api.Client.Tests.dll" adapterTypeName="executor://xunit/VsTestRunner2/netcoreapp" className="ClickUp.Api.Client.Tests.ServiceTests.TagsServiceTests" name="GetSpaceTagsAsync_ValidSpaceId_ReturnsTags" />
    </UnitTest>
    <UnitTest name="ClickUp.Api.Client.Tests.ServiceTests.FoldersServiceTests.GetFoldersAsync_ArchivedNull_BuildsCorrectUrl" storage="/app/src/clickup.api.client.tests/bin/debug/net9.0/clickup.api.client.tests.dll" id="fbfcdd25-8006-e7af-fc46-35b988e5dd70">
      <Execution id="541cf5fd-234f-474c-bf78-98b807a95e64" />
      <TestMethod codeBase="/app/src/ClickUp.Api.Client.Tests/bin/Debug/net9.0/ClickUp.Api.Client.Tests.dll" adapterTypeName="executor://xunit/VsTestRunner2/netcoreapp" className="ClickUp.Api.Client.Tests.ServiceTests.FoldersServiceTests" name="GetFoldersAsync_ArchivedNull_BuildsCorrectUrl" />
    </UnitTest>
    <UnitTest name="ClickUp.Api.Client.Tests.ServiceTests.TaskServiceTests.GetTaskAsync_WithSomeQueryParameters_BuildsCorrectEndpoint" storage="/app/src/clickup.api.client.tests/bin/debug/net9.0/clickup.api.client.tests.dll" id="225bcf76-0865-56a4-8a40-2f39bcea62a8">
      <Execution id="b3d12dce-c777-40ab-a241-a1b8ea54b50c" />
      <TestMethod codeBase="/app/src/ClickUp.Api.Client.Tests/bin/Debug/net9.0/ClickUp.Api.Client.Tests.dll" adapterTypeName="executor://xunit/VsTestRunner2/netcoreapp" className="ClickUp.Api.Client.Tests.ServiceTests.TaskServiceTests" name="GetTaskAsync_WithSomeQueryParameters_BuildsCorrectEndpoint" />
    </UnitTest>
    <UnitTest name="ClickUp.Api.Client.Tests.ServiceTests.TaskChecklistsServiceTests.CreateChecklistAsync_ApiConnectionThrowsHttpRequestException_PropagatesException" storage="/app/src/clickup.api.client.tests/bin/debug/net9.0/clickup.api.client.tests.dll" id="ae8f0629-548d-85f5-1896-27263638cd5d">
      <Execution id="7ea0f3fd-d8a0-4787-8b22-ca0c498fced5" />
      <TestMethod codeBase="/app/src/ClickUp.Api.Client.Tests/bin/Debug/net9.0/ClickUp.Api.Client.Tests.dll" adapterTypeName="executor://xunit/VsTestRunner2/netcoreapp" className="ClickUp.Api.Client.Tests.ServiceTests.TaskChecklistsServiceTests" name="CreateChecklistAsync_ApiConnectionThrowsHttpRequestException_PropagatesException" />
    </UnitTest>
    <UnitTest name="ClickUp.Api.Client.Tests.ServiceTests.WebhooksServiceTests.CreateWebhookAsync_ApiReturnsNullResponse_ThrowsInvalidOperationException" storage="/app/src/clickup.api.client.tests/bin/debug/net9.0/clickup.api.client.tests.dll" id="3cfecb8b-b415-0e78-489d-03f2ecb5cea0">
      <Execution id="ffd71b95-b458-4f69-b9e0-775a60700159" />
      <TestMethod codeBase="/app/src/ClickUp.Api.Client.Tests/bin/Debug/net9.0/ClickUp.Api.Client.Tests.dll" adapterTypeName="executor://xunit/VsTestRunner2/netcoreapp" className="ClickUp.Api.Client.Tests.ServiceTests.WebhooksServiceTests" name="CreateWebhookAsync_ApiReturnsNullResponse_ThrowsInvalidOperationException" />
    </UnitTest>
    <UnitTest name="ClickUp.Api.Client.Tests.ServiceTests.TimeTrackingServiceTests.GetAllTimeEntryTagsAsync_ApiReturnsNullResponse_ReturnsEmptyEnumerable" storage="/app/src/clickup.api.client.tests/bin/debug/net9.0/clickup.api.client.tests.dll" id="4045d95b-cc29-79d5-a41d-0b1fdbca4123">
      <Execution id="36645710-5ca2-458f-9ccd-240a482db2ed" />
      <TestMethod codeBase="/app/src/ClickUp.Api.Client.Tests/bin/Debug/net9.0/ClickUp.Api.Client.Tests.dll" adapterTypeName="executor://xunit/VsTestRunner2/netcoreapp" className="ClickUp.Api.Client.Tests.ServiceTests.TimeTrackingServiceTests" name="GetAllTimeEntryTagsAsync_ApiReturnsNullResponse_ReturnsEmptyEnumerable" />
    </UnitTest>
    <UnitTest name="ClickUp.Api.Client.Tests.ServiceTests.ChatServiceTests.CreateChatChannelAsync_ApiConnectionThrowsTaskCanceledException_PropagatesException" storage="/app/src/clickup.api.client.tests/bin/debug/net9.0/clickup.api.client.tests.dll" id="be33725e-bc92-9417-a609-016459ee48cb">
      <Execution id="2faf3b4f-4fae-4c70-805d-c742713c3c50" />
      <TestMethod codeBase="/app/src/ClickUp.Api.Client.Tests/bin/Debug/net9.0/ClickUp.Api.Client.Tests.dll" adapterTypeName="executor://xunit/VsTestRunner2/netcoreapp" className="ClickUp.Api.Client.Tests.ServiceTests.ChatServiceTests" name="CreateChatChannelAsync_ApiConnectionThrowsTaskCanceledException_PropagatesException" />
    </UnitTest>
    <UnitTest name="ClickUp.Api.Client.Tests.ServiceTests.GoalsServiceTests.EditKeyResultAsync_ApiConnectionThrowsTaskCanceledException_PropagatesException" storage="/app/src/clickup.api.client.tests/bin/debug/net9.0/clickup.api.client.tests.dll" id="e3f46882-a63f-659a-a290-fdc403564c9f">
      <Execution id="effb639e-0030-43ca-9268-59e68c998a12" />
      <TestMethod codeBase="/app/src/ClickUp.Api.Client.Tests/bin/Debug/net9.0/ClickUp.Api.Client.Tests.dll" adapterTypeName="executor://xunit/VsTestRunner2/netcoreapp" className="ClickUp.Api.Client.Tests.ServiceTests.GoalsServiceTests" name="EditKeyResultAsync_ApiConnectionThrowsTaskCanceledException_PropagatesException" />
    </UnitTest>
    <UnitTest name="ClickUp.Api.Client.Tests.ServiceTests.DocsServiceTests.EditPageAsync_ApiError_ThrowsHttpRequestException" storage="/app/src/clickup.api.client.tests/bin/debug/net9.0/clickup.api.client.tests.dll" id="3b396c1e-d5f9-0397-57da-c38e0ac367e8">
      <Execution id="aec5c427-835c-422e-92b7-4c3089694231" />
      <TestMethod codeBase="/app/src/ClickUp.Api.Client.Tests/bin/Debug/net9.0/ClickUp.Api.Client.Tests.dll" adapterTypeName="executor://xunit/VsTestRunner2/netcoreapp" className="ClickUp.Api.Client.Tests.ServiceTests.DocsServiceTests" name="EditPageAsync_ApiError_ThrowsHttpRequestException" />
    </UnitTest>
    <UnitTest name="ClickUp.Api.Client.Tests.ServiceTests.TimeTrackingServiceTests.GetTimeEntriesAsyncEnumerableAsync_ApiReturnsNullResponse_StopsIteration" storage="/app/src/clickup.api.client.tests/bin/debug/net9.0/clickup.api.client.tests.dll" id="720c460b-8ae4-d002-95bf-b1e81393149f">
      <Execution id="f8b7a363-6d35-4981-b84c-c3d128c6acbf" />
      <TestMethod codeBase="/app/src/ClickUp.Api.Client.Tests/bin/Debug/net9.0/ClickUp.Api.Client.Tests.dll" adapterTypeName="executor://xunit/VsTestRunner2/netcoreapp" className="ClickUp.Api.Client.Tests.ServiceTests.TimeTrackingServiceTests" name="GetTimeEntriesAsyncEnumerableAsync_ApiReturnsNullResponse_StopsIteration" />
    </UnitTest>
    <UnitTest name="ClickUp.Api.Client.Tests.ServiceTests.GuestsServiceTests.RemoveGuestFromListAsync_ApiError_ThrowsHttpRequestException" storage="/app/src/clickup.api.client.tests/bin/debug/net9.0/clickup.api.client.tests.dll" id="f43d8311-52c5-88a5-eb88-eb05365dad8b">
      <Execution id="c759f9f8-6bba-4bc9-a298-48a93d3d707a" />
      <TestMethod codeBase="/app/src/ClickUp.Api.Client.Tests/bin/Debug/net9.0/ClickUp.Api.Client.Tests.dll" adapterTypeName="executor://xunit/VsTestRunner2/netcoreapp" className="ClickUp.Api.Client.Tests.ServiceTests.GuestsServiceTests" name="RemoveGuestFromListAsync_ApiError_ThrowsHttpRequestException" />
    </UnitTest>
    <UnitTest name="ClickUp.Api.Client.Tests.ServiceTests.TagsServiceTests.EditSpaceTagAsync_ApiConnectionThrowsTaskCanceledException_PropagatesException" storage="/app/src/clickup.api.client.tests/bin/debug/net9.0/clickup.api.client.tests.dll" id="4c39326c-e2d5-a8eb-9323-ce9f4058bba1">
      <Execution id="70791900-d14a-420a-8eca-9d5e90238b25" />
      <TestMethod codeBase="/app/src/ClickUp.Api.Client.Tests/bin/Debug/net9.0/ClickUp.Api.Client.Tests.dll" adapterTypeName="executor://xunit/VsTestRunner2/netcoreapp" className="ClickUp.Api.Client.Tests.ServiceTests.TagsServiceTests" name="EditSpaceTagAsync_ApiConnectionThrowsTaskCanceledException_PropagatesException" />
    </UnitTest>
    <UnitTest name="ClickUp.Api.Client.Tests.ServiceTests.ViewsServiceTests.GetWorkspaceViewsAsync_ValidWorkspaceId_ReturnsViews" storage="/app/src/clickup.api.client.tests/bin/debug/net9.0/clickup.api.client.tests.dll" id="ad94ca9d-6aae-8981-0fc2-21ef17e38873">
      <Execution id="be970525-6e73-4c08-b093-7b345b3288c7" />
      <TestMethod codeBase="/app/src/ClickUp.Api.Client.Tests/bin/Debug/net9.0/ClickUp.Api.Client.Tests.dll" adapterTypeName="executor://xunit/VsTestRunner2/netcoreapp" className="ClickUp.Api.Client.Tests.ServiceTests.ViewsServiceTests" name="GetWorkspaceViewsAsync_ValidWorkspaceId_ReturnsViews" />
    </UnitTest>
    <UnitTest name="ClickUp.Api.Client.Tests.ServiceTests.UsersServiceTests.GetUserFromWorkspaceAsync_PassesCancellationTokenToApiConnection" storage="/app/src/clickup.api.client.tests/bin/debug/net9.0/clickup.api.client.tests.dll" id="d025fa76-f572-e920-4bb6-547123fdc357">
      <Execution id="2ae6a5a8-da1b-49a0-898e-ec372cb27e67" />
      <TestMethod codeBase="/app/src/ClickUp.Api.Client.Tests/bin/Debug/net9.0/ClickUp.Api.Client.Tests.dll" adapterTypeName="executor://xunit/VsTestRunner2/netcoreapp" className="ClickUp.Api.Client.Tests.ServiceTests.UsersServiceTests" name="GetUserFromWorkspaceAsync_PassesCancellationTokenToApiConnection" />
    </UnitTest>
    <UnitTest name="ClickUp.Api.Client.Tests.ServiceTests.TaskChecklistsServiceTests.DeleteChecklistAsync_ApiConnectionThrowsTaskCanceledException_PropagatesException" storage="/app/src/clickup.api.client.tests/bin/debug/net9.0/clickup.api.client.tests.dll" id="6bc956e3-e6c8-a454-313a-7c1524cb0c01">
      <Execution id="875fb3da-e89f-47c4-9be5-472911d071a7" />
      <TestMethod codeBase="/app/src/ClickUp.Api.Client.Tests/bin/Debug/net9.0/ClickUp.Api.Client.Tests.dll" adapterTypeName="executor://xunit/VsTestRunner2/netcoreapp" className="ClickUp.Api.Client.Tests.ServiceTests.TaskChecklistsServiceTests" name="DeleteChecklistAsync_ApiConnectionThrowsTaskCanceledException_PropagatesException" />
    </UnitTest>
    <UnitTest name="ClickUp.Api.Client.Tests.ServiceTests.CommentServiceTests.GetTaskCommentsAsync_IAsyncEnumerable_ReturnsAllComments_WhenMultiplePages" storage="/app/src/clickup.api.client.tests/bin/debug/net9.0/clickup.api.client.tests.dll" id="d0177f6f-6a82-e8fa-e9cf-86d683d38968">
      <Execution id="bef91c22-02e3-425e-a035-7e32382944f3" />
      <TestMethod codeBase="/app/src/ClickUp.Api.Client.Tests/bin/Debug/net9.0/ClickUp.Api.Client.Tests.dll" adapterTypeName="executor://xunit/VsTestRunner2/netcoreapp" className="ClickUp.Api.Client.Tests.ServiceTests.CommentServiceTests" name="GetTaskCommentsAsync_IAsyncEnumerable_ReturnsAllComments_WhenMultiplePages" />
    </UnitTest>
    <UnitTest name="ClickUp.Api.Client.Tests.ServiceTests.TimeTrackingServiceTests.GetTimeEntriesAsync_ApiReturnsNullResponse_ReturnsEmptyEnumerable" storage="/app/src/clickup.api.client.tests/bin/debug/net9.0/clickup.api.client.tests.dll" id="e1ac1f73-3f50-b772-36d3-f1ba06996415">
      <Execution id="18cdfa0c-fc4c-4d33-8f17-85d3ba7a3c8f" />
      <TestMethod codeBase="/app/src/ClickUp.Api.Client.Tests/bin/Debug/net9.0/ClickUp.Api.Client.Tests.dll" adapterTypeName="executor://xunit/VsTestRunner2/netcoreapp" className="ClickUp.Api.Client.Tests.ServiceTests.TimeTrackingServiceTests" name="GetTimeEntriesAsync_ApiReturnsNullResponse_ReturnsEmptyEnumerable" />
    </UnitTest>
    <UnitTest name="ClickUp.Api.Client.Tests.Http.ApiConnectionTests.GetAsync_ThrowsCorrectException_ForGeneralErrorStatusCodes(statusCode: Unauthorized, expectedExceptionType: typeof(ClickUp.Api.Client.Models.Exceptions.ClickUpApiAuthenticationException), expectedMessageContent: &quot;Unauthorized&quot;)" storage="/app/src/clickup.api.client.tests/bin/debug/net9.0/clickup.api.client.tests.dll" id="a7543171-6e4a-824a-11b7-fead58dad668">
      <Execution id="d31466bb-289e-4aea-a498-89d5245270ee" />
      <TestMethod codeBase="/app/src/ClickUp.Api.Client.Tests/bin/Debug/net9.0/ClickUp.Api.Client.Tests.dll" adapterTypeName="executor://xunit/VsTestRunner2/netcoreapp" className="ClickUp.Api.Client.Tests.Http.ApiConnectionTests" name="GetAsync_ThrowsCorrectException_ForGeneralErrorStatusCodes" />
    </UnitTest>
    <UnitTest name="ClickUp.Api.Client.Tests.ServiceTests.TaskChecklistsServiceTests.CreateChecklistAsync_ValidRequest_ReturnsChecklistResponse" storage="/app/src/clickup.api.client.tests/bin/debug/net9.0/clickup.api.client.tests.dll" id="95228d50-b047-35cb-0adc-aa268423bfc6">
      <Execution id="fe9381a8-1e9a-4d49-bb91-b6b135426aee" />
      <TestMethod codeBase="/app/src/ClickUp.Api.Client.Tests/bin/Debug/net9.0/ClickUp.Api.Client.Tests.dll" adapterTypeName="executor://xunit/VsTestRunner2/netcoreapp" className="ClickUp.Api.Client.Tests.ServiceTests.TaskChecklistsServiceTests" name="CreateChecklistAsync_ValidRequest_ReturnsChecklistResponse" />
    </UnitTest>
    <UnitTest name="ClickUp.Api.Client.Tests.ServiceTests.ChatServiceTests.CreateChatMessageAsync_ApiError_ThrowsHttpRequestException" storage="/app/src/clickup.api.client.tests/bin/debug/net9.0/clickup.api.client.tests.dll" id="ed8a8a24-2be7-0e16-87d4-1576115f9184">
      <Execution id="4f9392d3-f5a7-44a5-9ec2-29b5b2cba77a" />
      <TestMethod codeBase="/app/src/ClickUp.Api.Client.Tests/bin/Debug/net9.0/ClickUp.Api.Client.Tests.dll" adapterTypeName="executor://xunit/VsTestRunner2/netcoreapp" className="ClickUp.Api.Client.Tests.ServiceTests.ChatServiceTests" name="CreateChatMessageAsync_ApiError_ThrowsHttpRequestException" />
    </UnitTest>
    <UnitTest name="ClickUp.Api.Client.Tests.ServiceTests.TimeTrackingServiceTests.StopTimeEntryAsync_ApiConnectionThrowsTaskCanceledException_PropagatesException" storage="/app/src/clickup.api.client.tests/bin/debug/net9.0/clickup.api.client.tests.dll" id="dd755980-a9f7-6ed1-2252-b0148c3d540c">
      <Execution id="764ba50f-c7e3-4854-87b2-cf1d40a5df4b" />
      <TestMethod codeBase="/app/src/ClickUp.Api.Client.Tests/bin/Debug/net9.0/ClickUp.Api.Client.Tests.dll" adapterTypeName="executor://xunit/VsTestRunner2/netcoreapp" className="ClickUp.Api.Client.Tests.ServiceTests.TimeTrackingServiceTests" name="StopTimeEntryAsync_ApiConnectionThrowsTaskCanceledException_PropagatesException" />
    </UnitTest>
    <UnitTest name="ClickUp.Api.Client.Tests.ServiceTests.GoalsServiceTests.CreateKeyResultAsync_PassesCancellationTokenToApiConnection" storage="/app/src/clickup.api.client.tests/bin/debug/net9.0/clickup.api.client.tests.dll" id="1025c4f2-b409-f54a-628d-3ac9271a2402">
      <Execution id="a7a0ee98-4c00-4714-a03b-1686080b32af" />
      <TestMethod codeBase="/app/src/ClickUp.Api.Client.Tests/bin/Debug/net9.0/ClickUp.Api.Client.Tests.dll" adapterTypeName="executor://xunit/VsTestRunner2/netcoreapp" className="ClickUp.Api.Client.Tests.ServiceTests.GoalsServiceTests" name="CreateKeyResultAsync_PassesCancellationTokenToApiConnection" />
    </UnitTest>
    <UnitTest name="ClickUp.Api.Client.Tests.ServiceTests.GuestsServiceTests.AddGuestToTaskAsync_PassesCancellationTokenToApiConnection" storage="/app/src/clickup.api.client.tests/bin/debug/net9.0/clickup.api.client.tests.dll" id="0a390555-c9c5-c6e7-4311-a72571d7438f">
      <Execution id="aeefe9d7-0b97-4f27-8fd5-db853ee7365c" />
      <TestMethod codeBase="/app/src/ClickUp.Api.Client.Tests/bin/Debug/net9.0/ClickUp.Api.Client.Tests.dll" adapterTypeName="executor://xunit/VsTestRunner2/netcoreapp" className="ClickUp.Api.Client.Tests.ServiceTests.GuestsServiceTests" name="AddGuestToTaskAsync_PassesCancellationTokenToApiConnection" />
    </UnitTest>
    <UnitTest name="ClickUp.Api.Client.Tests.ServiceTests.UserGroupServiceTests.DeleteUserGroupAsync_ApiConnectionThrowsTaskCanceledException_PropagatesException" storage="/app/src/clickup.api.client.tests/bin/debug/net9.0/clickup.api.client.tests.dll" id="9970e260-92f2-5d02-5be5-4561fdf848fb">
      <Execution id="e30968f5-6d0f-4a68-8a28-38a0a606ba80" />
      <TestMethod codeBase="/app/src/ClickUp.Api.Client.Tests/bin/Debug/net9.0/ClickUp.Api.Client.Tests.dll" adapterTypeName="executor://xunit/VsTestRunner2/netcoreapp" className="ClickUp.Api.Client.Tests.ServiceTests.UserGroupServiceTests" name="DeleteUserGroupAsync_ApiConnectionThrowsTaskCanceledException_PropagatesException" />
    </UnitTest>
    <UnitTest name="ClickUp.Api.Client.Tests.ServiceTests.DocsServiceTests.CreateDocAsync_ApiError_ThrowsHttpRequestException" storage="/app/src/clickup.api.client.tests/bin/debug/net9.0/clickup.api.client.tests.dll" id="9acac3b6-59ed-baed-27c4-81256cf3e2b7">
      <Execution id="17827453-4bcb-44c6-8348-c23265f9812f" />
      <TestMethod codeBase="/app/src/ClickUp.Api.Client.Tests/bin/Debug/net9.0/ClickUp.Api.Client.Tests.dll" adapterTypeName="executor://xunit/VsTestRunner2/netcoreapp" className="ClickUp.Api.Client.Tests.ServiceTests.DocsServiceTests" name="CreateDocAsync_ApiError_ThrowsHttpRequestException" />
    </UnitTest>
    <UnitTest name="ClickUp.Api.Client.Tests.ServiceTests.TemplatesServiceTests.GetTaskTemplatesAsync_ApiConnectionThrowsHttpRequestException_PropagatesException" storage="/app/src/clickup.api.client.tests/bin/debug/net9.0/clickup.api.client.tests.dll" id="4caefc62-ab13-e69f-9847-b104043b9487">
      <Execution id="fb0077e3-f008-4b98-b0b2-f35e5a058c3f" />
      <TestMethod codeBase="/app/src/ClickUp.Api.Client.Tests/bin/Debug/net9.0/ClickUp.Api.Client.Tests.dll" adapterTypeName="executor://xunit/VsTestRunner2/netcoreapp" className="ClickUp.Api.Client.Tests.ServiceTests.TemplatesServiceTests" name="GetTaskTemplatesAsync_ApiConnectionThrowsHttpRequestException_PropagatesException" />
    </UnitTest>
    <UnitTest name="ClickUp.Api.Client.Tests.ServiceTests.SpacesServiceTests.CreateSpaceAsync_ApiConnectionThrowsHttpRequestException_PropagatesException" storage="/app/src/clickup.api.client.tests/bin/debug/net9.0/clickup.api.client.tests.dll" id="b490ce64-b61a-562f-990e-1dd9b5014121">
      <Execution id="517fd120-4b55-4191-9cf8-92a0aec8054c" />
      <TestMethod codeBase="/app/src/ClickUp.Api.Client.Tests/bin/Debug/net9.0/ClickUp.Api.Client.Tests.dll" adapterTypeName="executor://xunit/VsTestRunner2/netcoreapp" className="ClickUp.Api.Client.Tests.ServiceTests.SpacesServiceTests" name="CreateSpaceAsync_ApiConnectionThrowsHttpRequestException_PropagatesException" />
    </UnitTest>
    <UnitTest name="ClickUp.Api.Client.Tests.ServiceTests.FoldersServiceTests.GetFoldersAsync_ApiConnectionThrowsTaskCanceledException_PropagatesException" storage="/app/src/clickup.api.client.tests/bin/debug/net9.0/clickup.api.client.tests.dll" id="30bc3756-0d13-9f03-5c94-49181b7b2f53">
      <Execution id="ce94d666-6757-40ec-8c71-1e4dbd5ef78b" />
      <TestMethod codeBase="/app/src/ClickUp.Api.Client.Tests/bin/Debug/net9.0/ClickUp.Api.Client.Tests.dll" adapterTypeName="executor://xunit/VsTestRunner2/netcoreapp" className="ClickUp.Api.Client.Tests.ServiceTests.FoldersServiceTests" name="GetFoldersAsync_ApiConnectionThrowsTaskCanceledException_PropagatesException" />
    </UnitTest>
    <UnitTest name="ClickUp.Api.Client.Tests.ServiceTests.TagsServiceTests.EditSpaceTagAsync_PassesCancellationTokenToApiConnection" storage="/app/src/clickup.api.client.tests/bin/debug/net9.0/clickup.api.client.tests.dll" id="2a20ee89-4328-4035-843a-0dab3c664c44">
      <Execution id="88f7caa2-bcd4-4987-98cd-294ebc6e4db0" />
      <TestMethod codeBase="/app/src/ClickUp.Api.Client.Tests/bin/Debug/net9.0/ClickUp.Api.Client.Tests.dll" adapterTypeName="executor://xunit/VsTestRunner2/netcoreapp" className="ClickUp.Api.Client.Tests.ServiceTests.TagsServiceTests" name="EditSpaceTagAsync_PassesCancellationTokenToApiConnection" />
    </UnitTest>
    <UnitTest name="ClickUp.Api.Client.Tests.ServiceTests.DocsServiceTests.SearchAllDocsAsync_SinglePageOfResults_ReturnsAllItems" storage="/app/src/clickup.api.client.tests/bin/debug/net9.0/clickup.api.client.tests.dll" id="50ffa6c2-4cd9-92e5-bcd4-292ccad9b739">
      <Execution id="c7970893-ace0-42ac-b771-95417164fe7c" />
      <TestMethod codeBase="/app/src/ClickUp.Api.Client.Tests/bin/Debug/net9.0/ClickUp.Api.Client.Tests.dll" adapterTypeName="executor://xunit/VsTestRunner2/netcoreapp" className="ClickUp.Api.Client.Tests.ServiceTests.DocsServiceTests" name="SearchAllDocsAsync_SinglePageOfResults_ReturnsAllItems" />
    </UnitTest>
    <UnitTest name="ClickUp.Api.Client.Tests.ServiceTests.GuestsServiceTests.AddGuestToListAsync_ValidRequest_CallsPostAndReturnsGuest" storage="/app/src/clickup.api.client.tests/bin/debug/net9.0/clickup.api.client.tests.dll" id="c171dfa7-4a27-8f56-a6c9-57cfcd42dce5">
      <Execution id="e1eb0b34-448e-4081-ab05-aa66f8992189" />
      <TestMethod codeBase="/app/src/ClickUp.Api.Client.Tests/bin/Debug/net9.0/ClickUp.Api.Client.Tests.dll" adapterTypeName="executor://xunit/VsTestRunner2/netcoreapp" className="ClickUp.Api.Client.Tests.ServiceTests.GuestsServiceTests" name="AddGuestToListAsync_ValidRequest_CallsPostAndReturnsGuest" />
    </UnitTest>
    <UnitTest name="ClickUp.Api.Client.Tests.ServiceTests.UserGroupServiceTests.GetUserGroupsAsync_ValidWorkspaceId_ReturnsUserGroups" storage="/app/src/clickup.api.client.tests/bin/debug/net9.0/clickup.api.client.tests.dll" id="37aeb74d-1afe-d731-1e29-c7cb0e4a1451">
      <Execution id="27009db1-c607-4dbf-949f-5fe880c90e68" />
      <TestMethod codeBase="/app/src/ClickUp.Api.Client.Tests/bin/Debug/net9.0/ClickUp.Api.Client.Tests.dll" adapterTypeName="executor://xunit/VsTestRunner2/netcoreapp" className="ClickUp.Api.Client.Tests.ServiceTests.UserGroupServiceTests" name="GetUserGroupsAsync_ValidWorkspaceId_ReturnsUserGroups" />
    </UnitTest>
    <UnitTest name="ClickUp.Api.Client.Tests.ServiceTests.FoldersServiceTests.CreateFolderAsync_PassesCancellationTokenToApiConnection" storage="/app/src/clickup.api.client.tests/bin/debug/net9.0/clickup.api.client.tests.dll" id="432343ba-1ff8-33bb-c663-8e4732a49a83">
      <Execution id="659899cc-0399-41d1-a62c-3673ae5c4d49" />
      <TestMethod codeBase="/app/src/ClickUp.Api.Client.Tests/bin/Debug/net9.0/ClickUp.Api.Client.Tests.dll" adapterTypeName="executor://xunit/VsTestRunner2/netcoreapp" className="ClickUp.Api.Client.Tests.ServiceTests.FoldersServiceTests" name="CreateFolderAsync_PassesCancellationTokenToApiConnection" />
    </UnitTest>
    <UnitTest name="ClickUp.Api.Client.Tests.ServiceTests.GuestsServiceTests.AddGuestToFolderAsync_ValidRequest_CallsPostAndReturnsGuest" storage="/app/src/clickup.api.client.tests/bin/debug/net9.0/clickup.api.client.tests.dll" id="faccfa53-2df6-24a2-b853-bc0462bcfc1c">
      <Execution id="f8271226-3e7b-45ee-b526-3e0a1aeaa455" />
      <TestMethod codeBase="/app/src/ClickUp.Api.Client.Tests/bin/Debug/net9.0/ClickUp.Api.Client.Tests.dll" adapterTypeName="executor://xunit/VsTestRunner2/netcoreapp" className="ClickUp.Api.Client.Tests.ServiceTests.GuestsServiceTests" name="AddGuestToFolderAsync_ValidRequest_CallsPostAndReturnsGuest" />
    </UnitTest>
    <UnitTest name="ClickUp.Api.Client.Tests.ServiceTests.ChatServiceTests.GetChatChannelFollowersAsync_NullResponse_ThrowsInvalidOperationException" storage="/app/src/clickup.api.client.tests/bin/debug/net9.0/clickup.api.client.tests.dll" id="ccc8db3c-2a40-6a23-d865-c5fdedd56357">
      <Execution id="c58706d2-9b24-4a10-b239-3492baa53282" />
      <TestMethod codeBase="/app/src/ClickUp.Api.Client.Tests/bin/Debug/net9.0/ClickUp.Api.Client.Tests.dll" adapterTypeName="executor://xunit/VsTestRunner2/netcoreapp" className="ClickUp.Api.Client.Tests.ServiceTests.ChatServiceTests" name="GetChatChannelFollowersAsync_NullResponse_ThrowsInvalidOperationException" />
    </UnitTest>
    <UnitTest name="ClickUp.Api.Client.Tests.ServiceTests.DocsServiceTests.GetDocPageListingAsync_ApiError_ThrowsHttpRequestException" storage="/app/src/clickup.api.client.tests/bin/debug/net9.0/clickup.api.client.tests.dll" id="a1836fe9-5442-216b-5777-465e396b7d81">
      <Execution id="d3096101-99ef-4afb-a456-e2d921f098cb" />
      <TestMethod codeBase="/app/src/ClickUp.Api.Client.Tests/bin/Debug/net9.0/ClickUp.Api.Client.Tests.dll" adapterTypeName="executor://xunit/VsTestRunner2/netcoreapp" className="ClickUp.Api.Client.Tests.ServiceTests.DocsServiceTests" name="GetDocPageListingAsync_ApiError_ThrowsHttpRequestException" />
    </UnitTest>
    <UnitTest name="ClickUp.Api.Client.Tests.ServiceTests.TimeTrackingServiceTests.GetTimeEntryAsync_WithAllIncludeParams_BuildsCorrectUrl" storage="/app/src/clickup.api.client.tests/bin/debug/net9.0/clickup.api.client.tests.dll" id="ebfd92fd-e95f-c858-6e96-50164aa07333">
      <Execution id="bb46b8d2-544b-4f90-94aa-60bc023a7021" />
      <TestMethod codeBase="/app/src/ClickUp.Api.Client.Tests/bin/Debug/net9.0/ClickUp.Api.Client.Tests.dll" adapterTypeName="executor://xunit/VsTestRunner2/netcoreapp" className="ClickUp.Api.Client.Tests.ServiceTests.TimeTrackingServiceTests" name="GetTimeEntryAsync_WithAllIncludeParams_BuildsCorrectUrl" />
    </UnitTest>
    <UnitTest name="ClickUp.Api.Client.Tests.ServiceTests.TimeTrackingServiceTests.GetRunningTimeEntryAsync_ApiConnectionThrowsHttpRequestException_PropagatesException" storage="/app/src/clickup.api.client.tests/bin/debug/net9.0/clickup.api.client.tests.dll" id="8f286339-d7f1-b96a-ccab-ea46d42d5f35">
      <Execution id="36568e91-cb9a-427e-a277-e540b38c5a50" />
      <TestMethod codeBase="/app/src/ClickUp.Api.Client.Tests/bin/Debug/net9.0/ClickUp.Api.Client.Tests.dll" adapterTypeName="executor://xunit/VsTestRunner2/netcoreapp" className="ClickUp.Api.Client.Tests.ServiceTests.TimeTrackingServiceTests" name="GetRunningTimeEntryAsync_ApiConnectionThrowsHttpRequestException_PropagatesException" />
    </UnitTest>
    <UnitTest name="ClickUp.Api.Client.Tests.Http.ApiConnectionTests.GetAsync_ThrowsCorrectException_ForGeneralErrorStatusCodes(statusCode: BadRequest, expectedExceptionType: typeof(ClickUp.Api.Client.Models.Exceptions.ClickUpApiValidationException), expectedMessageContent: &quot;Bad Request&quot;)" storage="/app/src/clickup.api.client.tests/bin/debug/net9.0/clickup.api.client.tests.dll" id="ca6333b1-aef7-00b3-7099-87181c2d9eba">
      <Execution id="6ddab0d0-eb1f-4428-a906-7d5e776917af" />
      <TestMethod codeBase="/app/src/ClickUp.Api.Client.Tests/bin/Debug/net9.0/ClickUp.Api.Client.Tests.dll" adapterTypeName="executor://xunit/VsTestRunner2/netcoreapp" className="ClickUp.Api.Client.Tests.Http.ApiConnectionTests" name="GetAsync_ThrowsCorrectException_ForGeneralErrorStatusCodes" />
    </UnitTest>
    <UnitTest name="ClickUp.Api.Client.Tests.ServiceTests.TagsServiceTests.DeleteSpaceTagAsync_ApiConnectionThrowsHttpRequestException_PropagatesException" storage="/app/src/clickup.api.client.tests/bin/debug/net9.0/clickup.api.client.tests.dll" id="10e5a3ce-9290-0bf4-2ea9-aabafbb1a973">
      <Execution id="10ba8746-1a61-49fa-9829-3fd3bf247d6c" />
      <TestMethod codeBase="/app/src/ClickUp.Api.Client.Tests/bin/Debug/net9.0/ClickUp.Api.Client.Tests.dll" adapterTypeName="executor://xunit/VsTestRunner2/netcoreapp" className="ClickUp.Api.Client.Tests.ServiceTests.TagsServiceTests" name="DeleteSpaceTagAsync_ApiConnectionThrowsHttpRequestException_PropagatesException" />
    </UnitTest>
    <UnitTest name="ClickUp.Api.Client.Tests.ServiceTests.GuestsServiceTests.RemoveGuestFromWorkspaceAsync_PassesCancellationTokenToApiConnection" storage="/app/src/clickup.api.client.tests/bin/debug/net9.0/clickup.api.client.tests.dll" id="ea5a41f0-3296-5896-9060-90e606cfb0ac">
      <Execution id="73820789-d2c4-4a70-aa85-0edbd2c69245" />
      <TestMethod codeBase="/app/src/ClickUp.Api.Client.Tests/bin/Debug/net9.0/ClickUp.Api.Client.Tests.dll" adapterTypeName="executor://xunit/VsTestRunner2/netcoreapp" className="ClickUp.Api.Client.Tests.ServiceTests.GuestsServiceTests" name="RemoveGuestFromWorkspaceAsync_PassesCancellationTokenToApiConnection" />
    </UnitTest>
    <UnitTest name="ClickUp.Api.Client.Tests.ServiceTests.TaskRelationshipsServiceTests.AddTaskLinkAsync_ApiConnectionThrowsHttpRequestException_PropagatesException" storage="/app/src/clickup.api.client.tests/bin/debug/net9.0/clickup.api.client.tests.dll" id="8d83ef78-349f-f2f7-954e-1ccfc00af170">
      <Execution id="bfa0187d-8f5f-499c-b63b-bb37fd37bef1" />
      <TestMethod codeBase="/app/src/ClickUp.Api.Client.Tests/bin/Debug/net9.0/ClickUp.Api.Client.Tests.dll" adapterTypeName="executor://xunit/VsTestRunner2/netcoreapp" className="ClickUp.Api.Client.Tests.ServiceTests.TaskRelationshipsServiceTests" name="AddTaskLinkAsync_ApiConnectionThrowsHttpRequestException_PropagatesException" />
    </UnitTest>
    <UnitTest name="ClickUp.Api.Client.Tests.ServiceTests.TimeTrackingServiceTests.RemoveTagsFromTimeEntriesAsync_ApiConnectionThrowsHttpRequestException_PropagatesException" storage="/app/src/clickup.api.client.tests/bin/debug/net9.0/clickup.api.client.tests.dll" id="076a7cae-ff68-768e-055a-6ca2111b4d3e">
      <Execution id="93364c5a-0712-4a17-a752-738216996acb" />
      <TestMethod codeBase="/app/src/ClickUp.Api.Client.Tests/bin/Debug/net9.0/ClickUp.Api.Client.Tests.dll" adapterTypeName="executor://xunit/VsTestRunner2/netcoreapp" className="ClickUp.Api.Client.Tests.ServiceTests.TimeTrackingServiceTests" name="RemoveTagsFromTimeEntriesAsync_ApiConnectionThrowsHttpRequestException_PropagatesException" />
    </UnitTest>
    <UnitTest name="ClickUp.Api.Client.Tests.ServiceTests.SpacesServiceTests.GetSpacesAsync_ApiConnectionThrowsTaskCanceledException_PropagatesException" storage="/app/src/clickup.api.client.tests/bin/debug/net9.0/clickup.api.client.tests.dll" id="351fa298-b5c8-61d2-89c9-71b803ffece1">
      <Execution id="f3baf455-3012-4231-b472-f645bb92635b" />
      <TestMethod codeBase="/app/src/ClickUp.Api.Client.Tests/bin/Debug/net9.0/ClickUp.Api.Client.Tests.dll" adapterTypeName="executor://xunit/VsTestRunner2/netcoreapp" className="ClickUp.Api.Client.Tests.ServiceTests.SpacesServiceTests" name="GetSpacesAsync_ApiConnectionThrowsTaskCanceledException_PropagatesException" />
    </UnitTest>
    <UnitTest name="ClickUp.Api.Client.Tests.ServiceTests.UserGroupServiceTests.UpdateUserGroupAsync_PassesCancellationTokenToApiConnection" storage="/app/src/clickup.api.client.tests/bin/debug/net9.0/clickup.api.client.tests.dll" id="e274d54f-dbd8-3d21-b6c5-05d28e1afadf">
      <Execution id="c32604c3-4e2e-4551-a9dd-f3be4792b237" />
      <TestMethod codeBase="/app/src/ClickUp.Api.Client.Tests/bin/Debug/net9.0/ClickUp.Api.Client.Tests.dll" adapterTypeName="executor://xunit/VsTestRunner2/netcoreapp" className="ClickUp.Api.Client.Tests.ServiceTests.UserGroupServiceTests" name="UpdateUserGroupAsync_PassesCancellationTokenToApiConnection" />
    </UnitTest>
    <UnitTest name="ClickUp.Api.Client.Tests.ServiceTests.TagsServiceTests.RemoveTagFromTaskAsync_ApiConnectionThrowsTaskCanceledException_PropagatesException" storage="/app/src/clickup.api.client.tests/bin/debug/net9.0/clickup.api.client.tests.dll" id="0eff24a5-06f2-da45-55fd-5d93cfe49ac8">
      <Execution id="4f50e569-7c36-4a33-845a-97815d386d73" />
      <TestMethod codeBase="/app/src/ClickUp.Api.Client.Tests/bin/Debug/net9.0/ClickUp.Api.Client.Tests.dll" adapterTypeName="executor://xunit/VsTestRunner2/netcoreapp" className="ClickUp.Api.Client.Tests.ServiceTests.TagsServiceTests" name="RemoveTagFromTaskAsync_ApiConnectionThrowsTaskCanceledException_PropagatesException" />
    </UnitTest>
    <UnitTest name="ClickUp.Api.Client.Tests.ServiceTests.GoalsServiceTests.DeleteKeyResultAsync_PassesCancellationTokenToApiConnection" storage="/app/src/clickup.api.client.tests/bin/debug/net9.0/clickup.api.client.tests.dll" id="c3eab5ce-1a68-3e3e-6d51-71b8e8d33cc5">
      <Execution id="83df89ef-6ae7-44dd-9411-18e564f134f3" />
      <TestMethod codeBase="/app/src/ClickUp.Api.Client.Tests/bin/Debug/net9.0/ClickUp.Api.Client.Tests.dll" adapterTypeName="executor://xunit/VsTestRunner2/netcoreapp" className="ClickUp.Api.Client.Tests.ServiceTests.GoalsServiceTests" name="DeleteKeyResultAsync_PassesCancellationTokenToApiConnection" />
    </UnitTest>
    <UnitTest name="ClickUp.Api.Client.Tests.ServiceTests.CustomFieldsServiceTests.GetAccessibleCustomFieldsAsync_ApiError_ThrowsHttpRequestException" storage="/app/src/clickup.api.client.tests/bin/debug/net9.0/clickup.api.client.tests.dll" id="03f1ed65-4935-2ba6-c695-507c69645911">
      <Execution id="1e812f76-7840-4df9-a28f-2fe447449caa" />
      <TestMethod codeBase="/app/src/ClickUp.Api.Client.Tests/bin/Debug/net9.0/ClickUp.Api.Client.Tests.dll" adapterTypeName="executor://xunit/VsTestRunner2/netcoreapp" className="ClickUp.Api.Client.Tests.ServiceTests.CustomFieldsServiceTests" name="GetAccessibleCustomFieldsAsync_ApiError_ThrowsHttpRequestException" />
    </UnitTest>
    <UnitTest name="ClickUp.Api.Client.Tests.ServiceTests.WebhooksServiceTests.DeleteWebhookAsync_ApiConnectionThrowsTaskCanceledException_PropagatesException" storage="/app/src/clickup.api.client.tests/bin/debug/net9.0/clickup.api.client.tests.dll" id="9da7c202-58c3-5fab-0031-2fe16a925c22">
      <Execution id="eadc02be-4af5-4c27-8c3e-3790f4e305b5" />
      <TestMethod codeBase="/app/src/ClickUp.Api.Client.Tests/bin/Debug/net9.0/ClickUp.Api.Client.Tests.dll" adapterTypeName="executor://xunit/VsTestRunner2/netcoreapp" className="ClickUp.Api.Client.Tests.ServiceTests.WebhooksServiceTests" name="DeleteWebhookAsync_ApiConnectionThrowsTaskCanceledException_PropagatesException" />
    </UnitTest>
    <UnitTest name="ClickUp.Api.Client.Tests.ServiceTests.UsersServiceTests.RemoveUserFromWorkspaceAsync_ApiConnectionThrowsTaskCanceledException_PropagatesException" storage="/app/src/clickup.api.client.tests/bin/debug/net9.0/clickup.api.client.tests.dll" id="73037e9b-1fcc-6402-5b2e-26dfd5dbecaa">
      <Execution id="c30beeac-b305-4f93-b6a5-d57191652d83" />
      <TestMethod codeBase="/app/src/ClickUp.Api.Client.Tests/bin/Debug/net9.0/ClickUp.Api.Client.Tests.dll" adapterTypeName="executor://xunit/VsTestRunner2/netcoreapp" className="ClickUp.Api.Client.Tests.ServiceTests.UsersServiceTests" name="RemoveUserFromWorkspaceAsync_ApiConnectionThrowsTaskCanceledException_PropagatesException" />
    </UnitTest>
    <UnitTest name="ClickUp.Api.Client.Tests.ServiceTests.ListsServiceTests.GetFolderlessListsAsync_ValidSpaceId_ReturnsLists" storage="/app/src/clickup.api.client.tests/bin/debug/net9.0/clickup.api.client.tests.dll" id="16db33d3-f78a-14af-08ba-1ee180bc20a5">
      <Execution id="e817e12e-d633-4cbf-9e94-56afe6f359a8" />
      <TestMethod codeBase="/app/src/ClickUp.Api.Client.Tests/bin/Debug/net9.0/ClickUp.Api.Client.Tests.dll" adapterTypeName="executor://xunit/VsTestRunner2/netcoreapp" className="ClickUp.Api.Client.Tests.ServiceTests.ListsServiceTests" name="GetFolderlessListsAsync_ValidSpaceId_ReturnsLists" />
    </UnitTest>
    <UnitTest name="ClickUp.Api.Client.Tests.ServiceTests.TagsServiceTests.RemoveTagFromTaskAsync_WithCustomTaskIdsAndTeamId_BuildsCorrectUrl" storage="/app/src/clickup.api.client.tests/bin/debug/net9.0/clickup.api.client.tests.dll" id="d474425b-a25b-fe1c-8f25-d72d04077456">
      <Execution id="951c4936-1ce6-4fc4-99c7-15a4cb35bcbc" />
      <TestMethod codeBase="/app/src/ClickUp.Api.Client.Tests/bin/Debug/net9.0/ClickUp.Api.Client.Tests.dll" adapterTypeName="executor://xunit/VsTestRunner2/netcoreapp" className="ClickUp.Api.Client.Tests.ServiceTests.TagsServiceTests" name="RemoveTagFromTaskAsync_WithCustomTaskIdsAndTeamId_BuildsCorrectUrl" />
    </UnitTest>
    <UnitTest name="ClickUp.Api.Client.Tests.ServiceTests.WorkspacesServiceTests.GetWorkspacePlanAsync_ApiConnectionThrowsHttpRequestException_PropagatesException" storage="/app/src/clickup.api.client.tests/bin/debug/net9.0/clickup.api.client.tests.dll" id="bcd1ad3f-2517-2515-148e-90fabf13f6fd">
      <Execution id="2c34a1d7-0ac5-418f-b17c-97d272b4b678" />
      <TestMethod codeBase="/app/src/ClickUp.Api.Client.Tests/bin/Debug/net9.0/ClickUp.Api.Client.Tests.dll" adapterTypeName="executor://xunit/VsTestRunner2/netcoreapp" className="ClickUp.Api.Client.Tests.ServiceTests.WorkspacesServiceTests" name="GetWorkspacePlanAsync_ApiConnectionThrowsHttpRequestException_PropagatesException" />
    </UnitTest>
    <UnitTest name="ClickUp.Api.Client.Tests.ServiceTests.ViewsServiceTests.GetSpaceViewsAsync_ThrowsHttpRequestException_WhenApiCallFails" storage="/app/src/clickup.api.client.tests/bin/debug/net9.0/clickup.api.client.tests.dll" id="45289421-0910-5184-0d1e-471036646f71">
      <Execution id="28076601-7cbf-422d-8755-2f0de3ebe5bd" />
      <TestMethod codeBase="/app/src/ClickUp.Api.Client.Tests/bin/Debug/net9.0/ClickUp.Api.Client.Tests.dll" adapterTypeName="executor://xunit/VsTestRunner2/netcoreapp" className="ClickUp.Api.Client.Tests.ServiceTests.ViewsServiceTests" name="GetSpaceViewsAsync_ThrowsHttpRequestException_WhenApiCallFails" />
    </UnitTest>
    <UnitTest name="ClickUp.Api.Client.Tests.ServiceTests.TimeTrackingServiceTests.CreateTimeEntryAsync_ApiReturnsResponseWithNullData_ThrowsInvalidOperationException" storage="/app/src/clickup.api.client.tests/bin/debug/net9.0/clickup.api.client.tests.dll" id="8402c4be-58d2-4373-a7ae-0bcd589f5325">
      <Execution id="6257e688-a5e2-4eb7-a0b7-b947941dd836" />
      <TestMethod codeBase="/app/src/ClickUp.Api.Client.Tests/bin/Debug/net9.0/ClickUp.Api.Client.Tests.dll" adapterTypeName="executor://xunit/VsTestRunner2/netcoreapp" className="ClickUp.Api.Client.Tests.ServiceTests.TimeTrackingServiceTests" name="CreateTimeEntryAsync_ApiReturnsResponseWithNullData_ThrowsInvalidOperationException" />
    </UnitTest>
    <UnitTest name="ClickUp.Api.Client.Tests.ServiceTests.SpacesServiceTests.DeleteSpaceAsync_ApiConnectionThrowsHttpRequestException_PropagatesException" storage="/app/src/clickup.api.client.tests/bin/debug/net9.0/clickup.api.client.tests.dll" id="f642d3e9-eefa-9249-80a9-6b9eb517faf6">
      <Execution id="cc3de8df-8dbf-4593-aaff-fbd15334a553" />
      <TestMethod codeBase="/app/src/ClickUp.Api.Client.Tests/bin/Debug/net9.0/ClickUp.Api.Client.Tests.dll" adapterTypeName="executor://xunit/VsTestRunner2/netcoreapp" className="ClickUp.Api.Client.Tests.ServiceTests.SpacesServiceTests" name="DeleteSpaceAsync_ApiConnectionThrowsHttpRequestException_PropagatesException" />
    </UnitTest>
    <UnitTest name="ClickUp.Api.Client.Tests.ServiceTests.FoldersServiceTests.CreateFolderFromTemplateAsync_ValidRequest_CallsPostAndReturnsFolder" storage="/app/src/clickup.api.client.tests/bin/debug/net9.0/clickup.api.client.tests.dll" id="13b04cd4-8537-43f4-d359-9f5e07054bb4">
      <Execution id="5b518352-123c-4655-96c0-11936e6b61c8" />
      <TestMethod codeBase="/app/src/ClickUp.Api.Client.Tests/bin/Debug/net9.0/ClickUp.Api.Client.Tests.dll" adapterTypeName="executor://xunit/VsTestRunner2/netcoreapp" className="ClickUp.Api.Client.Tests.ServiceTests.FoldersServiceTests" name="CreateFolderFromTemplateAsync_ValidRequest_CallsPostAndReturnsFolder" />
    </UnitTest>
    <UnitTest name="ClickUp.Api.Client.Tests.ServiceTests.GuestsServiceTests.RemoveGuestFromFolderAsync_ValidRequest_CallsDeleteAndReturnsGuest" storage="/app/src/clickup.api.client.tests/bin/debug/net9.0/clickup.api.client.tests.dll" id="25faf64c-8253-d4a5-f991-33a0ca358e80">
      <Execution id="c337a3ad-3318-496a-85f4-41b8ecc549f9" />
      <TestMethod codeBase="/app/src/ClickUp.Api.Client.Tests/bin/Debug/net9.0/ClickUp.Api.Client.Tests.dll" adapterTypeName="executor://xunit/VsTestRunner2/netcoreapp" className="ClickUp.Api.Client.Tests.ServiceTests.GuestsServiceTests" name="RemoveGuestFromFolderAsync_ValidRequest_CallsDeleteAndReturnsGuest" />
    </UnitTest>
    <UnitTest name="ClickUp.Api.Client.Tests.Http.ApiConnectionTests.GetAsync_ThrowsCorrectException_ForGeneralErrorStatusCodes(statusCode: InternalServerError, expectedExceptionType: typeof(ClickUp.Api.Client.Models.Exceptions.ClickUpApiServerException), expectedMessageContent: &quot;Internal Server Error&quot;)" storage="/app/src/clickup.api.client.tests/bin/debug/net9.0/clickup.api.client.tests.dll" id="f4f05f7e-c1aa-8a7f-f1ec-8bb2f604023d">
      <Execution id="22502dbe-dca5-4f00-9ffc-e7c5258b8a14" />
      <TestMethod codeBase="/app/src/ClickUp.Api.Client.Tests/bin/Debug/net9.0/ClickUp.Api.Client.Tests.dll" adapterTypeName="executor://xunit/VsTestRunner2/netcoreapp" className="ClickUp.Api.Client.Tests.Http.ApiConnectionTests" name="GetAsync_ThrowsCorrectException_ForGeneralErrorStatusCodes" />
    </UnitTest>
    <UnitTest name="ClickUp.Api.Client.Tests.ServiceTests.UserGroupServiceTests.UpdateUserGroupAsync_ApiReturnsNullResponse_ThrowsInvalidOperationException" storage="/app/src/clickup.api.client.tests/bin/debug/net9.0/clickup.api.client.tests.dll" id="b43043ee-a97b-ce0d-b146-a66bef5ed3c0">
      <Execution id="bf2cb806-6279-415a-a20e-0cfa24df3d97" />
      <TestMethod codeBase="/app/src/ClickUp.Api.Client.Tests/bin/Debug/net9.0/ClickUp.Api.Client.Tests.dll" adapterTypeName="executor://xunit/VsTestRunner2/netcoreapp" className="ClickUp.Api.Client.Tests.ServiceTests.UserGroupServiceTests" name="UpdateUserGroupAsync_ApiReturnsNullResponse_ThrowsInvalidOperationException" />
    </UnitTest>
    <UnitTest name="ClickUp.Api.Client.Tests.ServiceTests.TimeTrackingServiceTests.StartTimeEntryAsync_ApiReturnsNullResponse_ThrowsInvalidOperationException" storage="/app/src/clickup.api.client.tests/bin/debug/net9.0/clickup.api.client.tests.dll" id="26d4b4dc-4bfc-3c83-5743-0847b7876e96">
      <Execution id="b6e8e564-f888-4d6e-b717-8def67fc1166" />
      <TestMethod codeBase="/app/src/ClickUp.Api.Client.Tests/bin/Debug/net9.0/ClickUp.Api.Client.Tests.dll" adapterTypeName="executor://xunit/VsTestRunner2/netcoreapp" className="ClickUp.Api.Client.Tests.ServiceTests.TimeTrackingServiceTests" name="StartTimeEntryAsync_ApiReturnsNullResponse_ThrowsInvalidOperationException" />
    </UnitTest>
    <UnitTest name="ClickUp.Api.Client.Tests.ServiceTests.TimeTrackingServiceTests.GetTimeEntryHistoryAsync_ApiConnectionThrowsTaskCanceledException_PropagatesException" storage="/app/src/clickup.api.client.tests/bin/debug/net9.0/clickup.api.client.tests.dll" id="a7ce0cf7-cff4-9872-af69-4eef992b93b8">
      <Execution id="7a73a939-1a9d-47fa-a1e0-266253fa9955" />
      <TestMethod codeBase="/app/src/ClickUp.Api.Client.Tests/bin/Debug/net9.0/ClickUp.Api.Client.Tests.dll" adapterTypeName="executor://xunit/VsTestRunner2/netcoreapp" className="ClickUp.Api.Client.Tests.ServiceTests.TimeTrackingServiceTests" name="GetTimeEntryHistoryAsync_ApiConnectionThrowsTaskCanceledException_PropagatesException" />
    </UnitTest>
    <UnitTest name="ClickUp.Api.Client.Tests.ServiceTests.ChatServiceTests.CreateDirectMessageChatChannelAsync_ApiError_ThrowsHttpRequestException" storage="/app/src/clickup.api.client.tests/bin/debug/net9.0/clickup.api.client.tests.dll" id="8cb37b60-2322-a77e-5d01-114ce8ef583d">
      <Execution id="b90fdd5e-1719-4c95-a981-b1010e44a5fa" />
      <TestMethod codeBase="/app/src/ClickUp.Api.Client.Tests/bin/Debug/net9.0/ClickUp.Api.Client.Tests.dll" adapterTypeName="executor://xunit/VsTestRunner2/netcoreapp" className="ClickUp.Api.Client.Tests.ServiceTests.ChatServiceTests" name="CreateDirectMessageChatChannelAsync_ApiError_ThrowsHttpRequestException" />
    </UnitTest>
    <UnitTest name="ClickUp.Api.Client.Tests.ServiceTests.ListsServiceTests.CreateFolderlessListAsync_ApiConnectionThrowsTaskCanceledException_PropagatesException" storage="/app/src/clickup.api.client.tests/bin/debug/net9.0/clickup.api.client.tests.dll" id="a5857de3-4c5c-b040-fb8d-0bda53457090">
      <Execution id="a7837bec-efcd-49ea-8300-53f20d12129a" />
      <TestMethod codeBase="/app/src/ClickUp.Api.Client.Tests/bin/Debug/net9.0/ClickUp.Api.Client.Tests.dll" adapterTypeName="executor://xunit/VsTestRunner2/netcoreapp" className="ClickUp.Api.Client.Tests.ServiceTests.ListsServiceTests" name="CreateFolderlessListAsync_ApiConnectionThrowsTaskCanceledException_PropagatesException" />
    </UnitTest>
    <UnitTest name="ClickUp.Api.Client.Tests.ServiceTests.UserGroupServiceTests.UpdateUserGroupAsync_ApiConnectionThrowsHttpRequestException_PropagatesException" storage="/app/src/clickup.api.client.tests/bin/debug/net9.0/clickup.api.client.tests.dll" id="581e1f6d-e187-c463-c2d9-8bb80abfd2d1">
      <Execution id="87ac621d-a17c-4250-8aec-d793f46cb859" />
      <TestMethod codeBase="/app/src/ClickUp.Api.Client.Tests/bin/Debug/net9.0/ClickUp.Api.Client.Tests.dll" adapterTypeName="executor://xunit/VsTestRunner2/netcoreapp" className="ClickUp.Api.Client.Tests.ServiceTests.UserGroupServiceTests" name="UpdateUserGroupAsync_ApiConnectionThrowsHttpRequestException_PropagatesException" />
    </UnitTest>
    <UnitTest name="ClickUp.Api.Client.Tests.Http.AuthenticationDelegatingHandlerTests.Constructor_WithInvalidApiKey_ShouldThrowArgumentNullException(invalidApiKey: null)" storage="/app/src/clickup.api.client.tests/bin/debug/net9.0/clickup.api.client.tests.dll" id="9173bdb8-0644-720d-11dc-acce7b1baa61">
      <Execution id="de120f4a-e53a-440b-99b5-3f71dc14afa6" />
      <TestMethod codeBase="/app/src/ClickUp.Api.Client.Tests/bin/Debug/net9.0/ClickUp.Api.Client.Tests.dll" adapterTypeName="executor://xunit/VsTestRunner2/netcoreapp" className="ClickUp.Api.Client.Tests.Http.AuthenticationDelegatingHandlerTests" name="Constructor_WithInvalidApiKey_ShouldThrowArgumentNullException" />
    </UnitTest>
    <UnitTest name="ClickUp.Api.Client.Tests.ServiceTests.DocsServiceTests.GetDocPageListingAsync_PassesCancellationTokenToApiConnection" storage="/app/src/clickup.api.client.tests/bin/debug/net9.0/clickup.api.client.tests.dll" id="69dddec3-7578-2080-835c-667dbf4daafa">
      <Execution id="0a22b25d-b170-4368-80c1-af9c329106e4" />
      <TestMethod codeBase="/app/src/ClickUp.Api.Client.Tests/bin/Debug/net9.0/ClickUp.Api.Client.Tests.dll" adapterTypeName="executor://xunit/VsTestRunner2/netcoreapp" className="ClickUp.Api.Client.Tests.ServiceTests.DocsServiceTests" name="GetDocPageListingAsync_PassesCancellationTokenToApiConnection" />
    </UnitTest>
    <UnitTest name="ClickUp.Api.Client.Tests.ServiceTests.ChatServiceTests.GetChatChannelsAsync_ApiConnectionThrowsTaskCanceledException_PropagatesException" storage="/app/src/clickup.api.client.tests/bin/debug/net9.0/clickup.api.client.tests.dll" id="a008fa4d-3311-e7d5-6ba1-8acc7485f062">
      <Execution id="4b2f11b9-7db7-4296-9059-7417c66f992e" />
      <TestMethod codeBase="/app/src/ClickUp.Api.Client.Tests/bin/Debug/net9.0/ClickUp.Api.Client.Tests.dll" adapterTypeName="executor://xunit/VsTestRunner2/netcoreapp" className="ClickUp.Api.Client.Tests.ServiceTests.ChatServiceTests" name="GetChatChannelsAsync_ApiConnectionThrowsTaskCanceledException_PropagatesException" />
    </UnitTest>
    <UnitTest name="ClickUp.Api.Client.Tests.ServiceTests.TimeTrackingServiceTests.StartTimeEntryAsync_ApiReturnsResponseWithNullData_ThrowsInvalidOperationException" storage="/app/src/clickup.api.client.tests/bin/debug/net9.0/clickup.api.client.tests.dll" id="22ba9a81-eee3-dacf-96ca-4ab79d52bbe1">
      <Execution id="f6ffe4b8-417e-4d89-a962-9fd0f76c4cd3" />
      <TestMethod codeBase="/app/src/ClickUp.Api.Client.Tests/bin/Debug/net9.0/ClickUp.Api.Client.Tests.dll" adapterTypeName="executor://xunit/VsTestRunner2/netcoreapp" className="ClickUp.Api.Client.Tests.ServiceTests.TimeTrackingServiceTests" name="StartTimeEntryAsync_ApiReturnsResponseWithNullData_ThrowsInvalidOperationException" />
    </UnitTest>
    <UnitTest name="ClickUp.Api.Client.Tests.ServiceTests.ListsServiceTests.CreateFolderlessListAsync_ValidRequest_ReturnsList" storage="/app/src/clickup.api.client.tests/bin/debug/net9.0/clickup.api.client.tests.dll" id="d8b0b902-5f95-0147-3f49-4c67c17e28e0">
      <Execution id="edff3833-9ca8-4227-97b8-88785fef07a1" />
      <TestMethod codeBase="/app/src/ClickUp.Api.Client.Tests/bin/Debug/net9.0/ClickUp.Api.Client.Tests.dll" adapterTypeName="executor://xunit/VsTestRunner2/netcoreapp" className="ClickUp.Api.Client.Tests.ServiceTests.ListsServiceTests" name="CreateFolderlessListAsync_ValidRequest_ReturnsList" />
    </UnitTest>
    <UnitTest name="ClickUp.Api.Client.Tests.ServiceTests.RolesServiceTests.GetCustomRolesAsync_ApiReturnsNullResponse_ReturnsEmptyEnumerable" storage="/app/src/clickup.api.client.tests/bin/debug/net9.0/clickup.api.client.tests.dll" id="4ea123c2-111f-b61a-ccb7-d65e9e244c3c">
      <Execution id="8adc3867-807a-4c0d-9c81-2e97a11904bf" />
      <TestMethod codeBase="/app/src/ClickUp.Api.Client.Tests/bin/Debug/net9.0/ClickUp.Api.Client.Tests.dll" adapterTypeName="executor://xunit/VsTestRunner2/netcoreapp" className="ClickUp.Api.Client.Tests.ServiceTests.RolesServiceTests" name="GetCustomRolesAsync_ApiReturnsNullResponse_ReturnsEmptyEnumerable" />
    </UnitTest>
    <UnitTest name="ClickUp.Api.Client.Tests.ServiceTests.UserGroupServiceTests.GetUserGroupsAsync_ApiConnectionThrowsHttpRequestException_PropagatesException" storage="/app/src/clickup.api.client.tests/bin/debug/net9.0/clickup.api.client.tests.dll" id="445820b3-85f7-a45b-0dbb-176036ea27f3">
      <Execution id="59f589df-8eac-4073-ad40-bcadcb099683" />
      <TestMethod codeBase="/app/src/ClickUp.Api.Client.Tests/bin/Debug/net9.0/ClickUp.Api.Client.Tests.dll" adapterTypeName="executor://xunit/VsTestRunner2/netcoreapp" className="ClickUp.Api.Client.Tests.ServiceTests.UserGroupServiceTests" name="GetUserGroupsAsync_ApiConnectionThrowsHttpRequestException_PropagatesException" />
    </UnitTest>
    <UnitTest name="ClickUp.Api.Client.Tests.ServiceTests.UserGroupServiceTests.GetUserGroupsAsync_ApiReturnsResponseWithNullGroups_ReturnsEmptyEnumerable" storage="/app/src/clickup.api.client.tests/bin/debug/net9.0/clickup.api.client.tests.dll" id="18908a83-d63a-c717-8a2e-5ac4d4dd7bc5">
      <Execution id="7d392715-3477-4566-9989-10917da79502" />
      <TestMethod codeBase="/app/src/ClickUp.Api.Client.Tests/bin/Debug/net9.0/ClickUp.Api.Client.Tests.dll" adapterTypeName="executor://xunit/VsTestRunner2/netcoreapp" className="ClickUp.Api.Client.Tests.ServiceTests.UserGroupServiceTests" name="GetUserGroupsAsync_ApiReturnsResponseWithNullGroups_ReturnsEmptyEnumerable" />
    </UnitTest>
    <UnitTest name="ClickUp.Api.Client.Tests.ServiceTests.ViewsServiceTests.CreateSpaceViewAsync_ApiReturnsNull_ThrowsInvalidOperationException" storage="/app/src/clickup.api.client.tests/bin/debug/net9.0/clickup.api.client.tests.dll" id="d72fb435-8173-77af-f05a-89cd3c59e69b">
      <Execution id="2dc0221d-8cd2-4e29-8d08-5ebfb532cc71" />
      <TestMethod codeBase="/app/src/ClickUp.Api.Client.Tests/bin/Debug/net9.0/ClickUp.Api.Client.Tests.dll" adapterTypeName="executor://xunit/VsTestRunner2/netcoreapp" className="ClickUp.Api.Client.Tests.ServiceTests.ViewsServiceTests" name="CreateSpaceViewAsync_ApiReturnsNull_ThrowsInvalidOperationException" />
    </UnitTest>
    <UnitTest name="ClickUp.Api.Client.Tests.ServiceTests.FoldersServiceTests.CreateFolderAsync_ValidRequest_CallsPostAndReturnsFolder" storage="/app/src/clickup.api.client.tests/bin/debug/net9.0/clickup.api.client.tests.dll" id="89fbf0eb-5aad-f921-b1a0-e4b70f27ce71">
      <Execution id="65714830-14cd-434f-992c-3bd098d999ec" />
      <TestMethod codeBase="/app/src/ClickUp.Api.Client.Tests/bin/Debug/net9.0/ClickUp.Api.Client.Tests.dll" adapterTypeName="executor://xunit/VsTestRunner2/netcoreapp" className="ClickUp.Api.Client.Tests.ServiceTests.FoldersServiceTests" name="CreateFolderAsync_ValidRequest_CallsPostAndReturnsFolder" />
    </UnitTest>
    <UnitTest name="ClickUp.Api.Client.Tests.ServiceTests.CommentServiceTests.CreateTaskCommentAsync_WithCustomTaskIdsAndTeamId_BuildsCorrectEndpoint" storage="/app/src/clickup.api.client.tests/bin/debug/net9.0/clickup.api.client.tests.dll" id="eefcfbfe-2cc7-633f-f32b-37bc1f1a9241">
      <Execution id="6ccc35fe-7409-4db5-bd9e-7c44f54f66c9" />
      <TestMethod codeBase="/app/src/ClickUp.Api.Client.Tests/bin/Debug/net9.0/ClickUp.Api.Client.Tests.dll" adapterTypeName="executor://xunit/VsTestRunner2/netcoreapp" className="ClickUp.Api.Client.Tests.ServiceTests.CommentServiceTests" name="CreateTaskCommentAsync_WithCustomTaskIdsAndTeamId_BuildsCorrectEndpoint" />
    </UnitTest>
    <UnitTest name="ClickUp.Api.Client.Tests.ServiceTests.DocsServiceTests.GetPageAsync_ApiConnectionThrowsTaskCanceledException_PropagatesException" storage="/app/src/clickup.api.client.tests/bin/debug/net9.0/clickup.api.client.tests.dll" id="8328c1c6-9f57-2aa0-f832-969a9fa1cfee">
      <Execution id="b009337d-7e9f-4e2c-a5ef-9dd5027321fa" />
      <TestMethod codeBase="/app/src/ClickUp.Api.Client.Tests/bin/Debug/net9.0/ClickUp.Api.Client.Tests.dll" adapterTypeName="executor://xunit/VsTestRunner2/netcoreapp" className="ClickUp.Api.Client.Tests.ServiceTests.DocsServiceTests" name="GetPageAsync_ApiConnectionThrowsTaskCanceledException_PropagatesException" />
    </UnitTest>
    <UnitTest name="ClickUp.Api.Client.Tests.ServiceTests.ChatServiceTests.DeleteChatReactionAsync_ApiError_ThrowsHttpRequestException" storage="/app/src/clickup.api.client.tests/bin/debug/net9.0/clickup.api.client.tests.dll" id="84062fa8-9f95-3ee2-8d8a-899204450a85">
      <Execution id="63352636-59c7-4521-add9-9867d6000ed4" />
      <TestMethod codeBase="/app/src/ClickUp.Api.Client.Tests/bin/Debug/net9.0/ClickUp.Api.Client.Tests.dll" adapterTypeName="executor://xunit/VsTestRunner2/netcoreapp" className="ClickUp.Api.Client.Tests.ServiceTests.ChatServiceTests" name="DeleteChatReactionAsync_ApiError_ThrowsHttpRequestException" />
    </UnitTest>
    <UnitTest name="ClickUp.Api.Client.Tests.ServiceTests.DocsServiceTests.SearchDocsAsync_ApiError_ThrowsHttpRequestException" storage="/app/src/clickup.api.client.tests/bin/debug/net9.0/clickup.api.client.tests.dll" id="86a9646a-8331-f524-cd39-1cefc26b403c">
      <Execution id="a4ac0980-7f22-4d2e-9506-5dd7b5829b57" />
      <TestMethod codeBase="/app/src/ClickUp.Api.Client.Tests/bin/Debug/net9.0/ClickUp.Api.Client.Tests.dll" adapterTypeName="executor://xunit/VsTestRunner2/netcoreapp" className="ClickUp.Api.Client.Tests.ServiceTests.DocsServiceTests" name="SearchDocsAsync_ApiError_ThrowsHttpRequestException" />
    </UnitTest>
    <UnitTest name="ClickUp.Api.Client.Tests.ServiceTests.MembersServiceTests.GetListMembersAsync_ApiConnectionThrowsTaskCanceledException_PropagatesException" storage="/app/src/clickup.api.client.tests/bin/debug/net9.0/clickup.api.client.tests.dll" id="84b8ed57-41d6-2128-cf45-76c917cb0395">
      <Execution id="5c759ac6-c8a9-4d7e-8d19-4122087bce70" />
      <TestMethod codeBase="/app/src/ClickUp.Api.Client.Tests/bin/Debug/net9.0/ClickUp.Api.Client.Tests.dll" adapterTypeName="executor://xunit/VsTestRunner2/netcoreapp" className="ClickUp.Api.Client.Tests.ServiceTests.MembersServiceTests" name="GetListMembersAsync_ApiConnectionThrowsTaskCanceledException_PropagatesException" />
    </UnitTest>
    <UnitTest name="ClickUp.Api.Client.Tests.ServiceTests.TaskRelationshipsServiceTests.AddTaskLinkAsync_ValidRequest_ReturnsLinkedTask" storage="/app/src/clickup.api.client.tests/bin/debug/net9.0/clickup.api.client.tests.dll" id="c7f035c2-1d86-2ff4-146d-6e6c8addec33">
      <Execution id="5e544a7b-bb03-4f1d-89d0-f8dc672b63bb" />
      <TestMethod codeBase="/app/src/ClickUp.Api.Client.Tests/bin/Debug/net9.0/ClickUp.Api.Client.Tests.dll" adapterTypeName="executor://xunit/VsTestRunner2/netcoreapp" className="ClickUp.Api.Client.Tests.ServiceTests.TaskRelationshipsServiceTests" name="AddTaskLinkAsync_ValidRequest_ReturnsLinkedTask" />
    </UnitTest>
    <UnitTest name="ClickUp.Api.Client.Tests.ServiceTests.GoalsServiceTests.UpdateGoalAsync_ApiReturnsNullResponse_ThrowsInvalidOperationException" storage="/app/src/clickup.api.client.tests/bin/debug/net9.0/clickup.api.client.tests.dll" id="28485d5f-48c5-58ca-c218-78fddbd7025c">
      <Execution id="e69f5d4e-2b44-4621-97c6-3944bec87356" />
      <TestMethod codeBase="/app/src/ClickUp.Api.Client.Tests/bin/Debug/net9.0/ClickUp.Api.Client.Tests.dll" adapterTypeName="executor://xunit/VsTestRunner2/netcoreapp" className="ClickUp.Api.Client.Tests.ServiceTests.GoalsServiceTests" name="UpdateGoalAsync_ApiReturnsNullResponse_ThrowsInvalidOperationException" />
    </UnitTest>
    <UnitTest name="ClickUp.Api.Client.Tests.ServiceTests.TimeTrackingServiceTests.CreateTimeEntryAsync_ApiReturnsNullResponse_ThrowsInvalidOperationException" storage="/app/src/clickup.api.client.tests/bin/debug/net9.0/clickup.api.client.tests.dll" id="62989f9b-f63f-16f7-5285-44ecee7d8fc2">
      <Execution id="8b85f302-1c3f-4520-9ec9-78da8ff16a9e" />
      <TestMethod codeBase="/app/src/ClickUp.Api.Client.Tests/bin/Debug/net9.0/ClickUp.Api.Client.Tests.dll" adapterTypeName="executor://xunit/VsTestRunner2/netcoreapp" className="ClickUp.Api.Client.Tests.ServiceTests.TimeTrackingServiceTests" name="CreateTimeEntryAsync_ApiReturnsNullResponse_ThrowsInvalidOperationException" />
    </UnitTest>
    <UnitTest name="ClickUp.Api.Client.Tests.ServiceTests.SharedHierarchyServiceTests.GetSharedHierarchyAsync_ApiConnectionThrowsHttpRequestException_PropagatesException" storage="/app/src/clickup.api.client.tests/bin/debug/net9.0/clickup.api.client.tests.dll" id="0a2daad4-07c6-5b3d-9ace-c60a0200dbb8">
      <Execution id="e6784118-94fb-4bf1-8eaa-eba040fdb0b0" />
      <TestMethod codeBase="/app/src/ClickUp.Api.Client.Tests/bin/Debug/net9.0/ClickUp.Api.Client.Tests.dll" adapterTypeName="executor://xunit/VsTestRunner2/netcoreapp" className="ClickUp.Api.Client.Tests.ServiceTests.SharedHierarchyServiceTests" name="GetSharedHierarchyAsync_ApiConnectionThrowsHttpRequestException_PropagatesException" />
    </UnitTest>
    <UnitTest name="ClickUp.Api.Client.Tests.ServiceTests.TimeTrackingServiceTests.CreateTimeEntryAsync_ApiConnectionThrowsHttpRequestException_PropagatesException" storage="/app/src/clickup.api.client.tests/bin/debug/net9.0/clickup.api.client.tests.dll" id="343cb0e1-1417-cf7e-abff-eab562d84b81">
      <Execution id="aaa5c620-ce9c-4042-bf1e-7d16ab8def9a" />
      <TestMethod codeBase="/app/src/ClickUp.Api.Client.Tests/bin/Debug/net9.0/ClickUp.Api.Client.Tests.dll" adapterTypeName="executor://xunit/VsTestRunner2/netcoreapp" className="ClickUp.Api.Client.Tests.ServiceTests.TimeTrackingServiceTests" name="CreateTimeEntryAsync_ApiConnectionThrowsHttpRequestException_PropagatesException" />
    </UnitTest>
    <UnitTest name="ClickUp.Api.Client.Tests.ServiceTests.ListsServiceTests.CreateListInFolderAsync_ValidRequest_ReturnsList" storage="/app/src/clickup.api.client.tests/bin/debug/net9.0/clickup.api.client.tests.dll" id="5ff9f8c5-a602-278e-9018-6f84584c4fe6">
      <Execution id="c6151ace-8fa7-440b-b38d-d1220f1a5826" />
      <TestMethod codeBase="/app/src/ClickUp.Api.Client.Tests/bin/Debug/net9.0/ClickUp.Api.Client.Tests.dll" adapterTypeName="executor://xunit/VsTestRunner2/netcoreapp" className="ClickUp.Api.Client.Tests.ServiceTests.ListsServiceTests" name="CreateListInFolderAsync_ValidRequest_ReturnsList" />
    </UnitTest>
    <UnitTest name="ClickUp.Api.Client.Tests.Models.Serialization.Converters.JsonStringOrNumberConverterTests.Read_WhenJsonIsZero_ShouldReturnString" storage="/app/src/clickup.api.client.tests/bin/debug/net9.0/clickup.api.client.tests.dll" id="c4a3c2cc-a5a0-9c38-2fa0-2901c104e6a7">
      <Execution id="c90421ff-60f3-40a1-a563-be32c2a2b456" />
      <TestMethod codeBase="/app/src/ClickUp.Api.Client.Tests/bin/Debug/net9.0/ClickUp.Api.Client.Tests.dll" adapterTypeName="executor://xunit/VsTestRunner2/netcoreapp" className="ClickUp.Api.Client.Tests.Models.Serialization.Converters.JsonStringOrNumberConverterTests" name="Read_WhenJsonIsZero_ShouldReturnString" />
    </UnitTest>
    <UnitTest name="ClickUp.Api.Client.Tests.ServiceTests.CommentServiceTests.DeleteCommentAsync_PassesCancellationTokenToApiConnection" storage="/app/src/clickup.api.client.tests/bin/debug/net9.0/clickup.api.client.tests.dll" id="ea7264c8-ee1d-7984-e681-677cdab9bc36">
      <Execution id="f46b8d0d-9385-48df-a0fa-044c87ec6cdd" />
      <TestMethod codeBase="/app/src/ClickUp.Api.Client.Tests/bin/Debug/net9.0/ClickUp.Api.Client.Tests.dll" adapterTypeName="executor://xunit/VsTestRunner2/netcoreapp" className="ClickUp.Api.Client.Tests.ServiceTests.CommentServiceTests" name="DeleteCommentAsync_PassesCancellationTokenToApiConnection" />
    </UnitTest>
    <UnitTest name="ClickUp.Api.Client.Tests.ServiceTests.CommentServiceTests.CreateTaskCommentAsync_ValidInput_CallsApiConnectionPostAsyncWithCorrectParameters" storage="/app/src/clickup.api.client.tests/bin/debug/net9.0/clickup.api.client.tests.dll" id="8a5b4e05-a4b2-8f97-f9df-809c810b58e5">
      <Execution id="5fda3fe6-448a-4d7f-9e12-a69f313c4286" />
      <TestMethod codeBase="/app/src/ClickUp.Api.Client.Tests/bin/Debug/net9.0/ClickUp.Api.Client.Tests.dll" adapterTypeName="executor://xunit/VsTestRunner2/netcoreapp" className="ClickUp.Api.Client.Tests.ServiceTests.CommentServiceTests" name="CreateTaskCommentAsync_ValidInput_CallsApiConnectionPostAsyncWithCorrectParameters" />
    </UnitTest>
    <UnitTest name="ClickUp.Api.Client.Tests.ServiceTests.TagsServiceTests.CreateSpaceTagAsync_ValidRequest_CallsPostAsync" storage="/app/src/clickup.api.client.tests/bin/debug/net9.0/clickup.api.client.tests.dll" id="15b48231-b9af-4e3f-9b78-4f9754c6946b">
      <Execution id="7966e57f-efac-4866-900b-c6ad027263e0" />
      <TestMethod codeBase="/app/src/ClickUp.Api.Client.Tests/bin/Debug/net9.0/ClickUp.Api.Client.Tests.dll" adapterTypeName="executor://xunit/VsTestRunner2/netcoreapp" className="ClickUp.Api.Client.Tests.ServiceTests.TagsServiceTests" name="CreateSpaceTagAsync_ValidRequest_CallsPostAsync" />
    </UnitTest>
    <UnitTest name="ClickUp.Api.Client.Tests.ServiceTests.ChatServiceTests.CreateDirectMessageChatChannelAsync_PassesCancellationTokenToApiConnection" storage="/app/src/clickup.api.client.tests/bin/debug/net9.0/clickup.api.client.tests.dll" id="0c583350-00fc-c256-1d2e-f648f6c1b140">
      <Execution id="ed4a87cd-918e-4002-8b02-11b571c0f6bd" />
      <TestMethod codeBase="/app/src/ClickUp.Api.Client.Tests/bin/Debug/net9.0/ClickUp.Api.Client.Tests.dll" adapterTypeName="executor://xunit/VsTestRunner2/netcoreapp" className="ClickUp.Api.Client.Tests.ServiceTests.ChatServiceTests" name="CreateDirectMessageChatChannelAsync_PassesCancellationTokenToApiConnection" />
    </UnitTest>
    <UnitTest name="ClickUp.Api.Client.Tests.ServiceTests.ListsServiceTests.GetFolderlessListsAsyncEnumerableAsync_ApiReturnsNullResponse_StopsIteration" storage="/app/src/clickup.api.client.tests/bin/debug/net9.0/clickup.api.client.tests.dll" id="3072f26e-d5f5-2e36-37f6-f3e5da4116e7">
      <Execution id="e34342e6-eb72-40d3-bcc4-133bd622ee4b" />
      <TestMethod codeBase="/app/src/ClickUp.Api.Client.Tests/bin/Debug/net9.0/ClickUp.Api.Client.Tests.dll" adapterTypeName="executor://xunit/VsTestRunner2/netcoreapp" className="ClickUp.Api.Client.Tests.ServiceTests.ListsServiceTests" name="GetFolderlessListsAsyncEnumerableAsync_ApiReturnsNullResponse_StopsIteration" />
    </UnitTest>
    <UnitTest name="ClickUp.Api.Client.Tests.ServiceTests.ChatServiceTests.CreateLocationChatChannelAsync_ApiError_ThrowsHttpRequestException" storage="/app/src/clickup.api.client.tests/bin/debug/net9.0/clickup.api.client.tests.dll" id="c130309f-793c-3c54-1997-75ff6d96554c">
      <Execution id="6b32fbbe-271c-44fe-8c33-b7818f315894" />
      <TestMethod codeBase="/app/src/ClickUp.Api.Client.Tests/bin/Debug/net9.0/ClickUp.Api.Client.Tests.dll" adapterTypeName="executor://xunit/VsTestRunner2/netcoreapp" className="ClickUp.Api.Client.Tests.ServiceTests.ChatServiceTests" name="CreateLocationChatChannelAsync_ApiError_ThrowsHttpRequestException" />
    </UnitTest>
    <UnitTest name="ClickUp.Api.Client.Tests.ServiceTests.FoldersServiceTests.DeleteFolderAsync_ApiError_ThrowsHttpRequestException" storage="/app/src/clickup.api.client.tests/bin/debug/net9.0/clickup.api.client.tests.dll" id="fa2c12ce-c436-1daf-ffc0-e83345703f4e">
      <Execution id="c4394b82-0533-4b0e-a15f-d4e0ae9482f4" />
      <TestMethod codeBase="/app/src/ClickUp.Api.Client.Tests/bin/Debug/net9.0/ClickUp.Api.Client.Tests.dll" adapterTypeName="executor://xunit/VsTestRunner2/netcoreapp" className="ClickUp.Api.Client.Tests.ServiceTests.FoldersServiceTests" name="DeleteFolderAsync_ApiError_ThrowsHttpRequestException" />
    </UnitTest>
    <UnitTest name="ClickUp.Api.Client.Tests.ServiceTests.CommentServiceTests.GetListCommentsStreamAsync_IAsyncEnumerable_HandlesApiError" storage="/app/src/clickup.api.client.tests/bin/debug/net9.0/clickup.api.client.tests.dll" id="ebe3ced5-0003-1568-37be-eabc6ff009c2">
      <Execution id="d263f8ef-9645-4b94-b230-8c87f0ad7a2d" />
      <TestMethod codeBase="/app/src/ClickUp.Api.Client.Tests/bin/Debug/net9.0/ClickUp.Api.Client.Tests.dll" adapterTypeName="executor://xunit/VsTestRunner2/netcoreapp" className="ClickUp.Api.Client.Tests.ServiceTests.CommentServiceTests" name="GetListCommentsStreamAsync_IAsyncEnumerable_HandlesApiError" />
    </UnitTest>
    <UnitTest name="ClickUp.Api.Client.Tests.ServiceTests.ChatServiceTests.GetChatMessageReactionsAsync_ApiConnectionThrowsTaskCanceledException_PropagatesException" storage="/app/src/clickup.api.client.tests/bin/debug/net9.0/clickup.api.client.tests.dll" id="4d240a1d-4d36-6e9f-f89d-d0cc429f321f">
      <Execution id="f56e7989-c427-4ea8-8953-bcf187968cfa" />
      <TestMethod codeBase="/app/src/ClickUp.Api.Client.Tests/bin/Debug/net9.0/ClickUp.Api.Client.Tests.dll" adapterTypeName="executor://xunit/VsTestRunner2/netcoreapp" className="ClickUp.Api.Client.Tests.ServiceTests.ChatServiceTests" name="GetChatMessageReactionsAsync_ApiConnectionThrowsTaskCanceledException_PropagatesException" />
    </UnitTest>
    <UnitTest name="ClickUp.Api.Client.Tests.ServiceTests.UsersServiceTests.RemoveUserFromWorkspaceAsync_ApiConnectionThrowsHttpRequestException_PropagatesException" storage="/app/src/clickup.api.client.tests/bin/debug/net9.0/clickup.api.client.tests.dll" id="edba1904-1233-d717-493b-63954672373b">
      <Execution id="e9aeee48-1ce9-43c6-8778-a005561b3775" />
      <TestMethod codeBase="/app/src/ClickUp.Api.Client.Tests/bin/Debug/net9.0/ClickUp.Api.Client.Tests.dll" adapterTypeName="executor://xunit/VsTestRunner2/netcoreapp" className="ClickUp.Api.Client.Tests.ServiceTests.UsersServiceTests" name="RemoveUserFromWorkspaceAsync_ApiConnectionThrowsHttpRequestException_PropagatesException" />
    </UnitTest>
    <UnitTest name="ClickUp.Api.Client.Tests.ServiceTests.TimeTrackingServiceTests.GetAllTimeEntryTagsAsync_ApiReturnsResponseWithNullData_ReturnsEmptyEnumerable" storage="/app/src/clickup.api.client.tests/bin/debug/net9.0/clickup.api.client.tests.dll" id="2088a3e1-2a27-b1c6-9758-fcf8e948fdef">
      <Execution id="3166d9bb-bbf5-42f3-86f1-d34cf76b1e18" />
      <TestMethod codeBase="/app/src/ClickUp.Api.Client.Tests/bin/Debug/net9.0/ClickUp.Api.Client.Tests.dll" adapterTypeName="executor://xunit/VsTestRunner2/netcoreapp" className="ClickUp.Api.Client.Tests.ServiceTests.TimeTrackingServiceTests" name="GetAllTimeEntryTagsAsync_ApiReturnsResponseWithNullData_ReturnsEmptyEnumerable" />
    </UnitTest>
    <UnitTest name="ClickUp.Api.Client.Tests.ServiceTests.GuestsServiceTests.InviteGuestToWorkspaceAsync_NullResponse_ThrowsInvalidOperationException" storage="/app/src/clickup.api.client.tests/bin/debug/net9.0/clickup.api.client.tests.dll" id="54c9c409-338d-3da7-1143-c8338dceb6cf">
      <Execution id="6a506518-9ae8-43c8-b3e9-479d2de9399f" />
      <TestMethod codeBase="/app/src/ClickUp.Api.Client.Tests/bin/Debug/net9.0/ClickUp.Api.Client.Tests.dll" adapterTypeName="executor://xunit/VsTestRunner2/netcoreapp" className="ClickUp.Api.Client.Tests.ServiceTests.GuestsServiceTests" name="InviteGuestToWorkspaceAsync_NullResponse_ThrowsInvalidOperationException" />
    </UnitTest>
    <UnitTest name="ClickUp.Api.Client.Tests.ServiceTests.TimeTrackingServiceTests.CreateTimeEntryAsync_PassesCancellationTokenToApiConnection" storage="/app/src/clickup.api.client.tests/bin/debug/net9.0/clickup.api.client.tests.dll" id="822f4957-5137-d7c6-2e55-84f7df38fa3f">
      <Execution id="a6ec94b6-3098-45b4-a6ee-f335b49b0815" />
      <TestMethod codeBase="/app/src/ClickUp.Api.Client.Tests/bin/Debug/net9.0/ClickUp.Api.Client.Tests.dll" adapterTypeName="executor://xunit/VsTestRunner2/netcoreapp" className="ClickUp.Api.Client.Tests.ServiceTests.TimeTrackingServiceTests" name="CreateTimeEntryAsync_PassesCancellationTokenToApiConnection" />
    </UnitTest>
    <UnitTest name="ClickUp.Api.Client.Tests.ServiceTests.UsersServiceTests.GetUserFromWorkspaceAsync_ApiConnectionThrowsHttpRequestException_PropagatesException" storage="/app/src/clickup.api.client.tests/bin/debug/net9.0/clickup.api.client.tests.dll" id="b1e407f0-46e9-9ef2-35be-94d64a804f0d">
      <Execution id="3e80f0ef-2490-4848-b8f7-a64d718c856f" />
      <TestMethod codeBase="/app/src/ClickUp.Api.Client.Tests/bin/Debug/net9.0/ClickUp.Api.Client.Tests.dll" adapterTypeName="executor://xunit/VsTestRunner2/netcoreapp" className="ClickUp.Api.Client.Tests.ServiceTests.UsersServiceTests" name="GetUserFromWorkspaceAsync_ApiConnectionThrowsHttpRequestException_PropagatesException" />
    </UnitTest>
    <UnitTest name="ClickUp.Api.Client.Tests.ServiceTests.TimeTrackingServiceTests.GetTimeEntryHistoryAsync_ValidRequest_ReturnsHistory" storage="/app/src/clickup.api.client.tests/bin/debug/net9.0/clickup.api.client.tests.dll" id="c4d12ff3-60f4-4492-afbf-1372b99887a4">
      <Execution id="d239c9fc-bca5-43a4-b2e8-9f51a475c827" />
      <TestMethod codeBase="/app/src/ClickUp.Api.Client.Tests/bin/Debug/net9.0/ClickUp.Api.Client.Tests.dll" adapterTypeName="executor://xunit/VsTestRunner2/netcoreapp" className="ClickUp.Api.Client.Tests.ServiceTests.TimeTrackingServiceTests" name="GetTimeEntryHistoryAsync_ValidRequest_ReturnsHistory" />
    </UnitTest>
    <UnitTest name="ClickUp.Api.Client.Tests.ServiceTests.DocsServiceTests.GetPageAsync_ApiError_ThrowsHttpRequestException" storage="/app/src/clickup.api.client.tests/bin/debug/net9.0/clickup.api.client.tests.dll" id="c8f84837-475f-c268-9d80-b3447b9de129">
      <Execution id="e92bcef8-d262-457c-920a-a879af014b34" />
      <TestMethod codeBase="/app/src/ClickUp.Api.Client.Tests/bin/Debug/net9.0/ClickUp.Api.Client.Tests.dll" adapterTypeName="executor://xunit/VsTestRunner2/netcoreapp" className="ClickUp.Api.Client.Tests.ServiceTests.DocsServiceTests" name="GetPageAsync_ApiError_ThrowsHttpRequestException" />
    </UnitTest>
    <UnitTest name="ClickUp.Api.Client.Tests.ServiceTests.TaskRelationshipsServiceTests.DeleteTaskLinkAsync_ApiConnectionThrowsHttpRequestException_PropagatesException" storage="/app/src/clickup.api.client.tests/bin/debug/net9.0/clickup.api.client.tests.dll" id="50395e0c-0486-8ab3-cfcf-db624913577f">
      <Execution id="37397c75-4236-4cfa-bc5b-db745371b475" />
      <TestMethod codeBase="/app/src/ClickUp.Api.Client.Tests/bin/Debug/net9.0/ClickUp.Api.Client.Tests.dll" adapterTypeName="executor://xunit/VsTestRunner2/netcoreapp" className="ClickUp.Api.Client.Tests.ServiceTests.TaskRelationshipsServiceTests" name="DeleteTaskLinkAsync_ApiConnectionThrowsHttpRequestException_PropagatesException" />
    </UnitTest>
    <UnitTest name="ClickUp.Api.Client.Tests.ServiceTests.FoldersServiceTests.UpdateFolderAsync_PassesCancellationTokenToApiConnection" storage="/app/src/clickup.api.client.tests/bin/debug/net9.0/clickup.api.client.tests.dll" id="ae16afd9-8b81-6199-6082-79ed796c40eb">
      <Execution id="c2b65b07-ed78-4826-92bf-0e54c0927b26" />
      <TestMethod codeBase="/app/src/ClickUp.Api.Client.Tests/bin/Debug/net9.0/ClickUp.Api.Client.Tests.dll" adapterTypeName="executor://xunit/VsTestRunner2/netcoreapp" className="ClickUp.Api.Client.Tests.ServiceTests.FoldersServiceTests" name="UpdateFolderAsync_PassesCancellationTokenToApiConnection" />
    </UnitTest>
    <UnitTest name="ClickUp.Api.Client.Tests.ServiceTests.ListsServiceTests.CreateListFromTemplateInSpaceAsync_ApiConnectionThrowsTaskCanceledException_PropagatesException" storage="/app/src/clickup.api.client.tests/bin/debug/net9.0/clickup.api.client.tests.dll" id="9309341b-b8a6-df5d-756c-93b5b5add603">
      <Execution id="96072faa-a3c4-464b-8283-45464242b4f6" />
      <TestMethod codeBase="/app/src/ClickUp.Api.Client.Tests/bin/Debug/net9.0/ClickUp.Api.Client.Tests.dll" adapterTypeName="executor://xunit/VsTestRunner2/netcoreapp" className="ClickUp.Api.Client.Tests.ServiceTests.ListsServiceTests" name="CreateListFromTemplateInSpaceAsync_ApiConnectionThrowsTaskCanceledException_PropagatesException" />
    </UnitTest>
    <UnitTest name="ClickUp.Api.Client.Tests.ServiceTests.TimeTrackingServiceTests.GetTimeEntryAsync_PassesCancellationTokenToApiConnection" storage="/app/src/clickup.api.client.tests/bin/debug/net9.0/clickup.api.client.tests.dll" id="343f948c-430b-2580-b3de-8dba47621f99">
      <Execution id="6fc31cd1-bdd5-4480-8b18-a9dd5e763c46" />
      <TestMethod codeBase="/app/src/ClickUp.Api.Client.Tests/bin/Debug/net9.0/ClickUp.Api.Client.Tests.dll" adapterTypeName="executor://xunit/VsTestRunner2/netcoreapp" className="ClickUp.Api.Client.Tests.ServiceTests.TimeTrackingServiceTests" name="GetTimeEntryAsync_PassesCancellationTokenToApiConnection" />
    </UnitTest>
    <UnitTest name="ClickUp.Api.Client.Tests.ServiceTests.DocsServiceTests.SearchAllDocsAsync_ApiConnectionThrowsException_PropagatesException" storage="/app/src/clickup.api.client.tests/bin/debug/net9.0/clickup.api.client.tests.dll" id="a8345ecf-deb0-fe09-c1e4-e6f7f6482ec8">
      <Execution id="46ff8036-0f2c-426b-b70b-ae97f570dc9f" />
      <TestMethod codeBase="/app/src/ClickUp.Api.Client.Tests/bin/Debug/net9.0/ClickUp.Api.Client.Tests.dll" adapterTypeName="executor://xunit/VsTestRunner2/netcoreapp" className="ClickUp.Api.Client.Tests.ServiceTests.DocsServiceTests" name="SearchAllDocsAsync_ApiConnectionThrowsException_PropagatesException" />
    </UnitTest>
    <UnitTest name="ClickUp.Api.Client.Tests.ServiceTests.TimeTrackingServiceTests.ChangeTimeEntryTagNameAsync_PassesCancellationTokenToApiConnection" storage="/app/src/clickup.api.client.tests/bin/debug/net9.0/clickup.api.client.tests.dll" id="e12e7acd-2331-13b9-9d8f-f8f7f7f3c03e">
      <Execution id="00031524-e2fc-4150-bc04-56f046ff2322" />
      <TestMethod codeBase="/app/src/ClickUp.Api.Client.Tests/bin/Debug/net9.0/ClickUp.Api.Client.Tests.dll" adapterTypeName="executor://xunit/VsTestRunner2/netcoreapp" className="ClickUp.Api.Client.Tests.ServiceTests.TimeTrackingServiceTests" name="ChangeTimeEntryTagNameAsync_PassesCancellationTokenToApiConnection" />
    </UnitTest>
    <UnitTest name="ClickUp.Api.Client.Tests.ServiceTests.TaskChecklistsServiceTests.CreateChecklistItemAsync_PassesCancellationTokenToApiConnection" storage="/app/src/clickup.api.client.tests/bin/debug/net9.0/clickup.api.client.tests.dll" id="68d897a4-6a85-c8f5-57c8-3625c4c02b5f">
      <Execution id="97c0002a-73f5-4190-bedd-e1179f36a057" />
      <TestMethod codeBase="/app/src/ClickUp.Api.Client.Tests/bin/Debug/net9.0/ClickUp.Api.Client.Tests.dll" adapterTypeName="executor://xunit/VsTestRunner2/netcoreapp" className="ClickUp.Api.Client.Tests.ServiceTests.TaskChecklistsServiceTests" name="CreateChecklistItemAsync_PassesCancellationTokenToApiConnection" />
    </UnitTest>
    <UnitTest name="ClickUp.Api.Client.Tests.ServiceTests.TimeTrackingServiceTests.GetRunningTimeEntryAsync_ApiReturnsNullResponseObject_ReturnsNull" storage="/app/src/clickup.api.client.tests/bin/debug/net9.0/clickup.api.client.tests.dll" id="8088e513-e412-9622-3f7a-f9562ac3bf34">
      <Execution id="5d3c2d38-ca60-4322-a7d0-431cddd86302" />
      <TestMethod codeBase="/app/src/ClickUp.Api.Client.Tests/bin/Debug/net9.0/ClickUp.Api.Client.Tests.dll" adapterTypeName="executor://xunit/VsTestRunner2/netcoreapp" className="ClickUp.Api.Client.Tests.ServiceTests.TimeTrackingServiceTests" name="GetRunningTimeEntryAsync_ApiReturnsNullResponseObject_ReturnsNull" />
    </UnitTest>
    <UnitTest name="ClickUp.Api.Client.Tests.ServiceTests.RolesServiceTests.GetCustomRolesAsync_DefaultIncludeMembers_ConstructsCorrectUrl" storage="/app/src/clickup.api.client.tests/bin/debug/net9.0/clickup.api.client.tests.dll" id="590f9a1b-9780-f1dc-efea-f0675586c5c8">
      <Execution id="a72325c9-fea5-41db-8720-b6717a665051" />
      <TestMethod codeBase="/app/src/ClickUp.Api.Client.Tests/bin/Debug/net9.0/ClickUp.Api.Client.Tests.dll" adapterTypeName="executor://xunit/VsTestRunner2/netcoreapp" className="ClickUp.Api.Client.Tests.ServiceTests.RolesServiceTests" name="GetCustomRolesAsync_DefaultIncludeMembers_ConstructsCorrectUrl" />
    </UnitTest>
    <UnitTest name="ClickUp.Api.Client.Tests.ServiceTests.SpacesServiceTests.GetSpacesAsync_ApiReturnsNullResponse_ReturnsEmptyEnumerable" storage="/app/src/clickup.api.client.tests/bin/debug/net9.0/clickup.api.client.tests.dll" id="5ffbebdf-5e40-5008-341b-badf7d73af51">
      <Execution id="9d823610-6dbb-4d92-aa32-6cdfcfe39fe2" />
      <TestMethod codeBase="/app/src/ClickUp.Api.Client.Tests/bin/Debug/net9.0/ClickUp.Api.Client.Tests.dll" adapterTypeName="executor://xunit/VsTestRunner2/netcoreapp" className="ClickUp.Api.Client.Tests.ServiceTests.SpacesServiceTests" name="GetSpacesAsync_ApiReturnsNullResponse_ReturnsEmptyEnumerable" />
    </UnitTest>
    <UnitTest name="ClickUp.Api.Client.Tests.ServiceTests.ChatServiceTests.GetChatMessageTaggedUsersAsync_ApiConnectionThrowsTaskCanceledException_PropagatesException" storage="/app/src/clickup.api.client.tests/bin/debug/net9.0/clickup.api.client.tests.dll" id="7731c593-e1db-42bb-1b62-8967c0817c49">
      <Execution id="86f1a9ee-5a01-45b6-9f45-7708a3644b2e" />
      <TestMethod codeBase="/app/src/ClickUp.Api.Client.Tests/bin/Debug/net9.0/ClickUp.Api.Client.Tests.dll" adapterTypeName="executor://xunit/VsTestRunner2/netcoreapp" className="ClickUp.Api.Client.Tests.ServiceTests.ChatServiceTests" name="GetChatMessageTaggedUsersAsync_ApiConnectionThrowsTaskCanceledException_PropagatesException" />
    </UnitTest>
    <UnitTest name="ClickUp.Api.Client.Tests.ServiceTests.TaskChecklistsServiceTests.CreateChecklistItemAsync_ApiReturnsNullResponse_ThrowsInvalidOperationException" storage="/app/src/clickup.api.client.tests/bin/debug/net9.0/clickup.api.client.tests.dll" id="e4fcace6-2c75-0e64-c285-70cbf2156b4a">
      <Execution id="830aaea6-4d4d-491a-a458-ba7e274d1054" />
      <TestMethod codeBase="/app/src/ClickUp.Api.Client.Tests/bin/Debug/net9.0/ClickUp.Api.Client.Tests.dll" adapterTypeName="executor://xunit/VsTestRunner2/netcoreapp" className="ClickUp.Api.Client.Tests.ServiceTests.TaskChecklistsServiceTests" name="CreateChecklistItemAsync_ApiReturnsNullResponse_ThrowsInvalidOperationException" />
    </UnitTest>
    <UnitTest name="ClickUp.Api.Client.Tests.ServiceTests.WorkspacesServiceTests.GetWorkspacePlanAsync_ApiConnectionThrowsTaskCanceledException_PropagatesException" storage="/app/src/clickup.api.client.tests/bin/debug/net9.0/clickup.api.client.tests.dll" id="4258fb6c-c2cd-a351-3bea-df12428172b9">
      <Execution id="bdf2914f-1684-4e75-97f4-fcb53e5cdcc2" />
      <TestMethod codeBase="/app/src/ClickUp.Api.Client.Tests/bin/Debug/net9.0/ClickUp.Api.Client.Tests.dll" adapterTypeName="executor://xunit/VsTestRunner2/netcoreapp" className="ClickUp.Api.Client.Tests.ServiceTests.WorkspacesServiceTests" name="GetWorkspacePlanAsync_ApiConnectionThrowsTaskCanceledException_PropagatesException" />
    </UnitTest>
    <UnitTest name="ClickUp.Api.Client.Tests.Models.Serialization.Converters.JsonStringOrNumberConverterTests.Read_WhenJsonIsInteger_ShouldReturnString" storage="/app/src/clickup.api.client.tests/bin/debug/net9.0/clickup.api.client.tests.dll" id="7fb93413-a557-7a8d-16c0-74f3d6ddf901">
      <Execution id="9ce14a64-7513-4446-841f-1f4cb9259a70" />
      <TestMethod codeBase="/app/src/ClickUp.Api.Client.Tests/bin/Debug/net9.0/ClickUp.Api.Client.Tests.dll" adapterTypeName="executor://xunit/VsTestRunner2/netcoreapp" className="ClickUp.Api.Client.Tests.Models.Serialization.Converters.JsonStringOrNumberConverterTests" name="Read_WhenJsonIsInteger_ShouldReturnString" />
    </UnitTest>
    <UnitTest name="ClickUp.Api.Client.Tests.ServiceTests.TimeTrackingServiceTests.GetTimeEntryAsync_ApiReturnsNullResponse_ThrowsInvalidOperationException" storage="/app/src/clickup.api.client.tests/bin/debug/net9.0/clickup.api.client.tests.dll" id="e83ed511-c40f-c1db-281e-9fbb36db81f3">
      <Execution id="82f63c9a-9570-41f5-93b3-b4a2cea786e0" />
      <TestMethod codeBase="/app/src/ClickUp.Api.Client.Tests/bin/Debug/net9.0/ClickUp.Api.Client.Tests.dll" adapterTypeName="executor://xunit/VsTestRunner2/netcoreapp" className="ClickUp.Api.Client.Tests.ServiceTests.TimeTrackingServiceTests" name="GetTimeEntryAsync_ApiReturnsNullResponse_ThrowsInvalidOperationException" />
    </UnitTest>
    <UnitTest name="ClickUp.Api.Client.Tests.ServiceTests.TaskChecklistsServiceTests.EditChecklistItemAsync_ValidRequest_ReturnsChecklistItemResponse" storage="/app/src/clickup.api.client.tests/bin/debug/net9.0/clickup.api.client.tests.dll" id="d2da073d-29db-1812-1e61-1eb772d7166b">
      <Execution id="34bd31cd-0a7e-41bf-b3cb-cc9e7081d47c" />
      <TestMethod codeBase="/app/src/ClickUp.Api.Client.Tests/bin/Debug/net9.0/ClickUp.Api.Client.Tests.dll" adapterTypeName="executor://xunit/VsTestRunner2/netcoreapp" className="ClickUp.Api.Client.Tests.ServiceTests.TaskChecklistsServiceTests" name="EditChecklistItemAsync_ValidRequest_ReturnsChecklistItemResponse" />
    </UnitTest>
    <UnitTest name="ClickUp.Api.Client.Tests.ServiceTests.FoldersServiceTests.GetFoldersAsync_ApiError_ThrowsHttpRequestException" storage="/app/src/clickup.api.client.tests/bin/debug/net9.0/clickup.api.client.tests.dll" id="0cf6b1ac-325e-ac64-fd36-574ae75b25e5">
      <Execution id="04f9fafa-8f37-4bbc-b97a-64ed56b2febf" />
      <TestMethod codeBase="/app/src/ClickUp.Api.Client.Tests/bin/Debug/net9.0/ClickUp.Api.Client.Tests.dll" adapterTypeName="executor://xunit/VsTestRunner2/netcoreapp" className="ClickUp.Api.Client.Tests.ServiceTests.FoldersServiceTests" name="GetFoldersAsync_ApiError_ThrowsHttpRequestException" />
    </UnitTest>
    <UnitTest name="ClickUp.Api.Client.Tests.ServiceTests.ListsServiceTests.CreateListFromTemplateInSpaceAsync_ApiReturnsNullResponse_ThrowsInvalidOperationException" storage="/app/src/clickup.api.client.tests/bin/debug/net9.0/clickup.api.client.tests.dll" id="3a43e3a5-dc7c-a35b-7191-ecd99bb582dd">
      <Execution id="524ffb79-80f8-4b89-831c-bd0d33f96ba3" />
      <TestMethod codeBase="/app/src/ClickUp.Api.Client.Tests/bin/Debug/net9.0/ClickUp.Api.Client.Tests.dll" adapterTypeName="executor://xunit/VsTestRunner2/netcoreapp" className="ClickUp.Api.Client.Tests.ServiceTests.ListsServiceTests" name="CreateListFromTemplateInSpaceAsync_ApiReturnsNullResponse_ThrowsInvalidOperationException" />
    </UnitTest>
    <UnitTest name="ClickUp.Api.Client.Tests.ServiceTests.UserGroupServiceTests.CreateUserGroupAsync_ApiReturnsNullResponse_ThrowsInvalidOperationException" storage="/app/src/clickup.api.client.tests/bin/debug/net9.0/clickup.api.client.tests.dll" id="835da13e-af61-c112-f0d7-c7f33e20a9ab">
      <Execution id="c84e4f06-8066-4b7a-a257-ba68678702af" />
      <TestMethod codeBase="/app/src/ClickUp.Api.Client.Tests/bin/Debug/net9.0/ClickUp.Api.Client.Tests.dll" adapterTypeName="executor://xunit/VsTestRunner2/netcoreapp" className="ClickUp.Api.Client.Tests.ServiceTests.UserGroupServiceTests" name="CreateUserGroupAsync_ApiReturnsNullResponse_ThrowsInvalidOperationException" />
    </UnitTest>
    <UnitTest name="ClickUp.Api.Client.Tests.ServiceTests.ListsServiceTests.CreateListInFolderAsync_ApiConnectionThrowsTaskCanceledException_PropagatesException" storage="/app/src/clickup.api.client.tests/bin/debug/net9.0/clickup.api.client.tests.dll" id="70c8ace6-8f3b-34a2-110c-2a568e443797">
      <Execution id="b3309051-8ba0-4776-afbc-1357c3726c95" />
      <TestMethod codeBase="/app/src/ClickUp.Api.Client.Tests/bin/Debug/net9.0/ClickUp.Api.Client.Tests.dll" adapterTypeName="executor://xunit/VsTestRunner2/netcoreapp" className="ClickUp.Api.Client.Tests.ServiceTests.ListsServiceTests" name="CreateListInFolderAsync_ApiConnectionThrowsTaskCanceledException_PropagatesException" />
    </UnitTest>
    <UnitTest name="ClickUp.Api.Client.Tests.ServiceTests.TimeTrackingServiceTests.StartTimeEntryAsync_PassesCancellationTokenToApiConnection" storage="/app/src/clickup.api.client.tests/bin/debug/net9.0/clickup.api.client.tests.dll" id="90fee545-1ff9-6e18-2957-a831277bd463">
      <Execution id="827e97b3-ca40-425f-b9b1-77962fab1a92" />
      <TestMethod codeBase="/app/src/ClickUp.Api.Client.Tests/bin/Debug/net9.0/ClickUp.Api.Client.Tests.dll" adapterTypeName="executor://xunit/VsTestRunner2/netcoreapp" className="ClickUp.Api.Client.Tests.ServiceTests.TimeTrackingServiceTests" name="StartTimeEntryAsync_PassesCancellationTokenToApiConnection" />
    </UnitTest>
    <UnitTest name="ClickUp.Api.Client.Tests.ServiceTests.WebhooksServiceTests.CreateWebhookAsync_ApiConnectionThrowsTaskCanceledException_PropagatesException" storage="/app/src/clickup.api.client.tests/bin/debug/net9.0/clickup.api.client.tests.dll" id="b97fcd3e-801b-56c2-7c15-be4f6547d4bd">
      <Execution id="7860bdee-1ad3-4dce-a817-424e5d249348" />
      <TestMethod codeBase="/app/src/ClickUp.Api.Client.Tests/bin/Debug/net9.0/ClickUp.Api.Client.Tests.dll" adapterTypeName="executor://xunit/VsTestRunner2/netcoreapp" className="ClickUp.Api.Client.Tests.ServiceTests.WebhooksServiceTests" name="CreateWebhookAsync_ApiConnectionThrowsTaskCanceledException_PropagatesException" />
    </UnitTest>
    <UnitTest name="ClickUp.Api.Client.Tests.ServiceTests.TaskServiceTests.GetTaskAsync_ApiConnectionReturnsNull_ThrowsInvalidOperationException" storage="/app/src/clickup.api.client.tests/bin/debug/net9.0/clickup.api.client.tests.dll" id="c1a36449-b473-86a7-6764-65536be57608">
      <Execution id="9947c96b-4911-4c2b-b9b2-782b3db70dc2" />
      <TestMethod codeBase="/app/src/ClickUp.Api.Client.Tests/bin/Debug/net9.0/ClickUp.Api.Client.Tests.dll" adapterTypeName="executor://xunit/VsTestRunner2/netcoreapp" className="ClickUp.Api.Client.Tests.ServiceTests.TaskServiceTests" name="GetTaskAsync_ApiConnectionReturnsNull_ThrowsInvalidOperationException" />
    </UnitTest>
    <UnitTest name="ClickUp.Api.Client.Tests.ServiceTests.MembersServiceTests.GetTaskMembersAsync_PassesCancellationTokenToApiConnection" storage="/app/src/clickup.api.client.tests/bin/debug/net9.0/clickup.api.client.tests.dll" id="5f07255c-d5cd-c0df-f7ee-814cf222be88">
      <Execution id="0afd378a-b143-4780-8446-effaa1303bbb" />
      <TestMethod codeBase="/app/src/ClickUp.Api.Client.Tests/bin/Debug/net9.0/ClickUp.Api.Client.Tests.dll" adapterTypeName="executor://xunit/VsTestRunner2/netcoreapp" className="ClickUp.Api.Client.Tests.ServiceTests.MembersServiceTests" name="GetTaskMembersAsync_PassesCancellationTokenToApiConnection" />
    </UnitTest>
    <UnitTest name="ClickUp.Api.Client.Tests.ServiceTests.ViewsServiceTests.DeleteViewAsync_ApiThrowsError_PropagatesException" storage="/app/src/clickup.api.client.tests/bin/debug/net9.0/clickup.api.client.tests.dll" id="027f9e62-c340-9cfd-f88d-e3e7c831dd77">
      <Execution id="453a5739-cda2-402b-a4ee-3f6442ae71fb" />
      <TestMethod codeBase="/app/src/ClickUp.Api.Client.Tests/bin/Debug/net9.0/ClickUp.Api.Client.Tests.dll" adapterTypeName="executor://xunit/VsTestRunner2/netcoreapp" className="ClickUp.Api.Client.Tests.ServiceTests.ViewsServiceTests" name="DeleteViewAsync_ApiThrowsError_PropagatesException" />
    </UnitTest>
    <UnitTest name="ClickUp.Api.Client.Tests.ServiceTests.TaskChecklistsServiceTests.DeleteChecklistItemAsync_ValidIds_CallsDeleteAsync" storage="/app/src/clickup.api.client.tests/bin/debug/net9.0/clickup.api.client.tests.dll" id="d5f064a1-b917-5f3a-ebae-229ca0040d12">
      <Execution id="8048b0a7-2cda-4785-a22f-5391b6c915fb" />
      <TestMethod codeBase="/app/src/ClickUp.Api.Client.Tests/bin/Debug/net9.0/ClickUp.Api.Client.Tests.dll" adapterTypeName="executor://xunit/VsTestRunner2/netcoreapp" className="ClickUp.Api.Client.Tests.ServiceTests.TaskChecklistsServiceTests" name="DeleteChecklistItemAsync_ValidIds_CallsDeleteAsync" />
    </UnitTest>
    <UnitTest name="ClickUp.Api.Client.Tests.ServiceTests.AuthorizationServiceTests.GetAccessTokenAsync_ValidRequest_ReturnsTokenResponse" storage="/app/src/clickup.api.client.tests/bin/debug/net9.0/clickup.api.client.tests.dll" id="34f277fa-ec03-1aeb-6403-506e4d378aa6">
      <Execution id="8c895bfc-373a-4fcd-907d-206729bd1282" />
      <TestMethod codeBase="/app/src/ClickUp.Api.Client.Tests/bin/Debug/net9.0/ClickUp.Api.Client.Tests.dll" adapterTypeName="executor://xunit/VsTestRunner2/netcoreapp" className="ClickUp.Api.Client.Tests.ServiceTests.AuthorizationServiceTests" name="GetAccessTokenAsync_ValidRequest_ReturnsTokenResponse" />
    </UnitTest>
    <UnitTest name="ClickUp.Api.Client.Tests.ServiceTests.WebhooksServiceTests.GetWebhooksAsync_ApiReturnsResponseWithNullWebhooks_ReturnsEmptyEnumerable" storage="/app/src/clickup.api.client.tests/bin/debug/net9.0/clickup.api.client.tests.dll" id="36a0eb4e-8858-75dc-f8e8-1d56b3da2a13">
      <Execution id="eef50d8f-9aa3-460f-a85a-b654de8c0ca2" />
      <TestMethod codeBase="/app/src/ClickUp.Api.Client.Tests/bin/Debug/net9.0/ClickUp.Api.Client.Tests.dll" adapterTypeName="executor://xunit/VsTestRunner2/netcoreapp" className="ClickUp.Api.Client.Tests.ServiceTests.WebhooksServiceTests" name="GetWebhooksAsync_ApiReturnsResponseWithNullWebhooks_ReturnsEmptyEnumerable" />
    </UnitTest>
    <UnitTest name="ClickUp.Api.Client.Tests.ServiceTests.UserGroupServiceTests.CreateUserGroupAsync_ApiConnectionThrowsHttpRequestException_PropagatesException" storage="/app/src/clickup.api.client.tests/bin/debug/net9.0/clickup.api.client.tests.dll" id="411b0de1-1ca4-cd23-455d-a5352764ff19">
      <Execution id="72ed1b92-607d-4891-b583-d83d790161b7" />
      <TestMethod codeBase="/app/src/ClickUp.Api.Client.Tests/bin/Debug/net9.0/ClickUp.Api.Client.Tests.dll" adapterTypeName="executor://xunit/VsTestRunner2/netcoreapp" className="ClickUp.Api.Client.Tests.ServiceTests.UserGroupServiceTests" name="CreateUserGroupAsync_ApiConnectionThrowsHttpRequestException_PropagatesException" />
    </UnitTest>
    <UnitTest name="ClickUp.Api.Client.Tests.ServiceTests.MembersServiceTests.GetListMembersAsync_ApiConnectionThrowsHttpRequestException_PropagatesException" storage="/app/src/clickup.api.client.tests/bin/debug/net9.0/clickup.api.client.tests.dll" id="b6f833d8-499e-ed7b-6b41-c89313a68967">
      <Execution id="7ba4a6a9-60a3-4800-9dc9-82788c15f888" />
      <TestMethod codeBase="/app/src/ClickUp.Api.Client.Tests/bin/Debug/net9.0/ClickUp.Api.Client.Tests.dll" adapterTypeName="executor://xunit/VsTestRunner2/netcoreapp" className="ClickUp.Api.Client.Tests.ServiceTests.MembersServiceTests" name="GetListMembersAsync_ApiConnectionThrowsHttpRequestException_PropagatesException" />
    </UnitTest>
    <UnitTest name="ClickUp.Api.Client.Tests.ServiceTests.TimeTrackingServiceTests.GetAllTimeEntryTagsAsync_ValidRequest_ReturnsTags" storage="/app/src/clickup.api.client.tests/bin/debug/net9.0/clickup.api.client.tests.dll" id="e21ea325-6311-04ff-ceec-9541daba37da">
      <Execution id="dcc6503a-7414-48d9-9f82-17eb96e9b16f" />
      <TestMethod codeBase="/app/src/ClickUp.Api.Client.Tests/bin/Debug/net9.0/ClickUp.Api.Client.Tests.dll" adapterTypeName="executor://xunit/VsTestRunner2/netcoreapp" className="ClickUp.Api.Client.Tests.ServiceTests.TimeTrackingServiceTests" name="GetAllTimeEntryTagsAsync_ValidRequest_ReturnsTags" />
    </UnitTest>
    <UnitTest name="ClickUp.Api.Client.Tests.ServiceTests.AuthorizationServiceTests.GetAuthorizedUserAsync_ApiConnectionThrowsTaskCanceledException_PropagatesException" storage="/app/src/clickup.api.client.tests/bin/debug/net9.0/clickup.api.client.tests.dll" id="3adb9e95-bf7d-fce9-582e-4589918c8651">
      <Execution id="f260f0e8-e280-4ea6-b5cb-944694818be0" />
      <TestMethod codeBase="/app/src/ClickUp.Api.Client.Tests/bin/Debug/net9.0/ClickUp.Api.Client.Tests.dll" adapterTypeName="executor://xunit/VsTestRunner2/netcoreapp" className="ClickUp.Api.Client.Tests.ServiceTests.AuthorizationServiceTests" name="GetAuthorizedUserAsync_ApiConnectionThrowsTaskCanceledException_PropagatesException" />
    </UnitTest>
    <UnitTest name="ClickUp.Api.Client.Tests.ServiceTests.GoalsServiceTests.GetGoalAsync_ApiError_ThrowsHttpRequestException" storage="/app/src/clickup.api.client.tests/bin/debug/net9.0/clickup.api.client.tests.dll" id="76f37285-a0bd-133c-8a9e-2874b7621389">
      <Execution id="4a0117ef-7187-43a4-a018-5f7645961040" />
      <TestMethod codeBase="/app/src/ClickUp.Api.Client.Tests/bin/Debug/net9.0/ClickUp.Api.Client.Tests.dll" adapterTypeName="executor://xunit/VsTestRunner2/netcoreapp" className="ClickUp.Api.Client.Tests.ServiceTests.GoalsServiceTests" name="GetGoalAsync_ApiError_ThrowsHttpRequestException" />
    </UnitTest>
    <UnitTest name="ClickUp.Api.Client.Tests.ServiceTests.TemplatesServiceTests.GetTaskTemplatesAsync_ApiReturnsNullResponse_ThrowsInvalidOperationException" storage="/app/src/clickup.api.client.tests/bin/debug/net9.0/clickup.api.client.tests.dll" id="1d032141-85af-eb53-6ddd-406db8e920da">
      <Execution id="45594f90-f447-41ed-b799-6bf29d965b97" />
      <TestMethod codeBase="/app/src/ClickUp.Api.Client.Tests/bin/Debug/net9.0/ClickUp.Api.Client.Tests.dll" adapterTypeName="executor://xunit/VsTestRunner2/netcoreapp" className="ClickUp.Api.Client.Tests.ServiceTests.TemplatesServiceTests" name="GetTaskTemplatesAsync_ApiReturnsNullResponse_ThrowsInvalidOperationException" />
    </UnitTest>
    <UnitTest name="ClickUp.Api.Client.Tests.ServiceTests.ChatServiceTests.GetChatChannelFollowersAsync_ApiConnectionThrowsTaskCanceledException_PropagatesException" storage="/app/src/clickup.api.client.tests/bin/debug/net9.0/clickup.api.client.tests.dll" id="0ec4f347-68ff-9ec8-73d0-7812bda10241">
      <Execution id="b6eba8a0-3f4c-474a-9ef4-9e5207725ab1" />
      <TestMethod codeBase="/app/src/ClickUp.Api.Client.Tests/bin/Debug/net9.0/ClickUp.Api.Client.Tests.dll" adapterTypeName="executor://xunit/VsTestRunner2/netcoreapp" className="ClickUp.Api.Client.Tests.ServiceTests.ChatServiceTests" name="GetChatChannelFollowersAsync_ApiConnectionThrowsTaskCanceledException_PropagatesException" />
    </UnitTest>
    <UnitTest name="ClickUp.Api.Client.Tests.ServiceTests.ChatServiceTests.CreateChatReactionAsync_NullDataInResponse_ThrowsInvalidOperationException" storage="/app/src/clickup.api.client.tests/bin/debug/net9.0/clickup.api.client.tests.dll" id="ad4649d3-2edb-0827-e342-e3062ebfff80">
      <Execution id="df518437-c82f-4541-841b-fd8409dba0a4" />
      <TestMethod codeBase="/app/src/ClickUp.Api.Client.Tests/bin/Debug/net9.0/ClickUp.Api.Client.Tests.dll" adapterTypeName="executor://xunit/VsTestRunner2/netcoreapp" className="ClickUp.Api.Client.Tests.ServiceTests.ChatServiceTests" name="CreateChatReactionAsync_NullDataInResponse_ThrowsInvalidOperationException" />
    </UnitTest>
    <UnitTest name="ClickUp.Api.Client.Tests.ServiceTests.ViewsServiceTests.GetViewTasksAsync_ValidRequest_ReturnsTasks" storage="/app/src/clickup.api.client.tests/bin/debug/net9.0/clickup.api.client.tests.dll" id="8f7bacc1-cfc7-b0fe-3fce-f3b6c6e9b7de">
      <Execution id="9cb7c772-b5ea-4a42-8dcd-6e52610a4d2c" />
      <TestMethod codeBase="/app/src/ClickUp.Api.Client.Tests/bin/Debug/net9.0/ClickUp.Api.Client.Tests.dll" adapterTypeName="executor://xunit/VsTestRunner2/netcoreapp" className="ClickUp.Api.Client.Tests.ServiceTests.ViewsServiceTests" name="GetViewTasksAsync_ValidRequest_ReturnsTasks" />
    </UnitTest>
    <UnitTest name="ClickUp.Api.Client.Tests.ServiceTests.ChatServiceTests.GetChatMessagesAsync_ValidRequest_BuildsUrlAndReturnsResponse" storage="/app/src/clickup.api.client.tests/bin/debug/net9.0/clickup.api.client.tests.dll" id="d2c88e8f-9c4a-4484-9e22-8c95b1688e77">
      <Execution id="99d945a0-585a-498d-bc2c-729ca26b8018" />
      <TestMethod codeBase="/app/src/ClickUp.Api.Client.Tests/bin/Debug/net9.0/ClickUp.Api.Client.Tests.dll" adapterTypeName="executor://xunit/VsTestRunner2/netcoreapp" className="ClickUp.Api.Client.Tests.ServiceTests.ChatServiceTests" name="GetChatMessagesAsync_ValidRequest_BuildsUrlAndReturnsResponse" />
    </UnitTest>
    <UnitTest name="ClickUp.Api.Client.Tests.ServiceTests.DocsServiceTests.GetDocPageListingAsync_MinimalRequest_BuildsUrlAndReturnsListing" storage="/app/src/clickup.api.client.tests/bin/debug/net9.0/clickup.api.client.tests.dll" id="b418870a-8d2c-3360-5644-60e4db33ab07">
      <Execution id="28d4b697-d400-40aa-bfb8-a9d57625029a" />
      <TestMethod codeBase="/app/src/ClickUp.Api.Client.Tests/bin/Debug/net9.0/ClickUp.Api.Client.Tests.dll" adapterTypeName="executor://xunit/VsTestRunner2/netcoreapp" className="ClickUp.Api.Client.Tests.ServiceTests.DocsServiceTests" name="GetDocPageListingAsync_MinimalRequest_BuildsUrlAndReturnsListing" />
    </UnitTest>
    <UnitTest name="ClickUp.Api.Client.Tests.ServiceTests.SpacesServiceTests.UpdateSpaceAsync_ApiConnectionThrowsTaskCanceledException_PropagatesException" storage="/app/src/clickup.api.client.tests/bin/debug/net9.0/clickup.api.client.tests.dll" id="900f0b1f-7974-2227-f665-969a6eeab7cc">
      <Execution id="2e18d7b8-963e-4397-b3b1-09f0365b7d6f" />
      <TestMethod codeBase="/app/src/ClickUp.Api.Client.Tests/bin/Debug/net9.0/ClickUp.Api.Client.Tests.dll" adapterTypeName="executor://xunit/VsTestRunner2/netcoreapp" className="ClickUp.Api.Client.Tests.ServiceTests.SpacesServiceTests" name="UpdateSpaceAsync_ApiConnectionThrowsTaskCanceledException_PropagatesException" />
    </UnitTest>
    <UnitTest name="ClickUp.Api.Client.Tests.ServiceTests.ViewsServiceTests.GetWorkspaceViewsAsync_ApiReturnsNull_ThrowsInvalidOperationException" storage="/app/src/clickup.api.client.tests/bin/debug/net9.0/clickup.api.client.tests.dll" id="1fbfa319-c69d-e1db-1d93-bbb3d9e8e78c">
      <Execution id="b6328f9b-9f88-487b-887a-dad6b0a26af2" />
      <TestMethod codeBase="/app/src/ClickUp.Api.Client.Tests/bin/Debug/net9.0/ClickUp.Api.Client.Tests.dll" adapterTypeName="executor://xunit/VsTestRunner2/netcoreapp" className="ClickUp.Api.Client.Tests.ServiceTests.ViewsServiceTests" name="GetWorkspaceViewsAsync_ApiReturnsNull_ThrowsInvalidOperationException" />
    </UnitTest>
    <UnitTest name="ClickUp.Api.Client.Tests.ServiceTests.SpacesServiceTests.CreateSpaceAsync_ApiReturnsNullResponse_ThrowsInvalidOperationException" storage="/app/src/clickup.api.client.tests/bin/debug/net9.0/clickup.api.client.tests.dll" id="070d7c8a-fee2-0268-54b0-5b0d9e860eb5">
      <Execution id="21b54581-7ad7-49a5-bfe9-31dd8c413db0" />
      <TestMethod codeBase="/app/src/ClickUp.Api.Client.Tests/bin/Debug/net9.0/ClickUp.Api.Client.Tests.dll" adapterTypeName="executor://xunit/VsTestRunner2/netcoreapp" className="ClickUp.Api.Client.Tests.ServiceTests.SpacesServiceTests" name="CreateSpaceAsync_ApiReturnsNullResponse_ThrowsInvalidOperationException" />
    </UnitTest>
    <UnitTest name="ClickUp.Api.Client.Tests.ServiceTests.ViewsServiceTests.GetListViewsAsync_ApiReturnsNull_ThrowsInvalidOperationException" storage="/app/src/clickup.api.client.tests/bin/debug/net9.0/clickup.api.client.tests.dll" id="6d7735d0-7064-6afa-5a15-3310ca58c375">
      <Execution id="9b420c71-7190-407a-a64a-893f45ae4671" />
      <TestMethod codeBase="/app/src/ClickUp.Api.Client.Tests/bin/Debug/net9.0/ClickUp.Api.Client.Tests.dll" adapterTypeName="executor://xunit/VsTestRunner2/netcoreapp" className="ClickUp.Api.Client.Tests.ServiceTests.ViewsServiceTests" name="GetListViewsAsync_ApiReturnsNull_ThrowsInvalidOperationException" />
    </UnitTest>
    <UnitTest name="ClickUp.Api.Client.Tests.ServiceTests.TaskRelationshipsServiceTests.DeleteDependencyAsync_ApiConnectionThrowsTaskCanceledException_PropagatesException" storage="/app/src/clickup.api.client.tests/bin/debug/net9.0/clickup.api.client.tests.dll" id="cbd2079e-cd51-2aed-a413-37ad1b7afddd">
      <Execution id="55474cf1-06f9-4b73-9f9a-5478d1c93b3e" />
      <TestMethod codeBase="/app/src/ClickUp.Api.Client.Tests/bin/Debug/net9.0/ClickUp.Api.Client.Tests.dll" adapterTypeName="executor://xunit/VsTestRunner2/netcoreapp" className="ClickUp.Api.Client.Tests.ServiceTests.TaskRelationshipsServiceTests" name="DeleteDependencyAsync_ApiConnectionThrowsTaskCanceledException_PropagatesException" />
    </UnitTest>
    <UnitTest name="ClickUp.Api.Client.Tests.ServiceTests.DocsServiceTests.GetDocAsync_ValidRequest_ReturnsDoc" storage="/app/src/clickup.api.client.tests/bin/debug/net9.0/clickup.api.client.tests.dll" id="bebdec2a-9cb5-52d7-1ed7-a5796f24ad3d">
      <Execution id="123096b9-8623-4230-888d-f4dc3b6acb04" />
      <TestMethod codeBase="/app/src/ClickUp.Api.Client.Tests/bin/Debug/net9.0/ClickUp.Api.Client.Tests.dll" adapterTypeName="executor://xunit/VsTestRunner2/netcoreapp" className="ClickUp.Api.Client.Tests.ServiceTests.DocsServiceTests" name="GetDocAsync_ValidRequest_ReturnsDoc" />
    </UnitTest>
    <UnitTest name="ClickUp.Api.Client.Tests.ServiceTests.AuthorizationServiceTests.GetAuthorizedUserAsync_ApiConnectionThrowsException_PropagatesException" storage="/app/src/clickup.api.client.tests/bin/debug/net9.0/clickup.api.client.tests.dll" id="a6cbf3bf-8536-d3d8-7967-29553bc7bd7d">
      <Execution id="41f0d63f-7f0d-47c4-b810-a72adff15c82" />
      <TestMethod codeBase="/app/src/ClickUp.Api.Client.Tests/bin/Debug/net9.0/ClickUp.Api.Client.Tests.dll" adapterTypeName="executor://xunit/VsTestRunner2/netcoreapp" className="ClickUp.Api.Client.Tests.ServiceTests.AuthorizationServiceTests" name="GetAuthorizedUserAsync_ApiConnectionThrowsException_PropagatesException" />
    </UnitTest>
    <UnitTest name="ClickUp.Api.Client.Tests.ServiceTests.DocsServiceTests.GetDocPagesAsync_NullDataInResponse_ReturnsEmptyEnumerable" storage="/app/src/clickup.api.client.tests/bin/debug/net9.0/clickup.api.client.tests.dll" id="fe7ac19d-dd0b-cf43-1f4b-31ffc8d755d1">
      <Execution id="338b8621-0bb8-4c26-8494-d7260f447cab" />
      <TestMethod codeBase="/app/src/ClickUp.Api.Client.Tests/bin/Debug/net9.0/ClickUp.Api.Client.Tests.dll" adapterTypeName="executor://xunit/VsTestRunner2/netcoreapp" className="ClickUp.Api.Client.Tests.ServiceTests.DocsServiceTests" name="GetDocPagesAsync_NullDataInResponse_ReturnsEmptyEnumerable" />
    </UnitTest>
    <UnitTest name="ClickUp.Api.Client.Tests.Models.Serialization.Converters.JsonStringOrNumberConverterTests.Read_WhenJsonIsEmptyString_ShouldReturnEmptyString" storage="/app/src/clickup.api.client.tests/bin/debug/net9.0/clickup.api.client.tests.dll" id="710920d1-d956-98bf-2e0c-65eba0b48c1a">
      <Execution id="1e43bd38-b16a-477f-b7bc-0f6bc549ee66" />
      <TestMethod codeBase="/app/src/ClickUp.Api.Client.Tests/bin/Debug/net9.0/ClickUp.Api.Client.Tests.dll" adapterTypeName="executor://xunit/VsTestRunner2/netcoreapp" className="ClickUp.Api.Client.Tests.Models.Serialization.Converters.JsonStringOrNumberConverterTests" name="Read_WhenJsonIsEmptyString_ShouldReturnEmptyString" />
    </UnitTest>
    <UnitTest name="ClickUp.Api.Client.Tests.ServiceTests.SpacesServiceTests.CreateSpaceAsync_ApiConnectionThrowsTaskCanceledException_PropagatesException" storage="/app/src/clickup.api.client.tests/bin/debug/net9.0/clickup.api.client.tests.dll" id="871e8200-84d4-3c3f-f020-c721e2d74775">
      <Execution id="ba38dd10-236e-47c3-a60e-e146f43b4dc1" />
      <TestMethod codeBase="/app/src/ClickUp.Api.Client.Tests/bin/Debug/net9.0/ClickUp.Api.Client.Tests.dll" adapterTypeName="executor://xunit/VsTestRunner2/netcoreapp" className="ClickUp.Api.Client.Tests.ServiceTests.SpacesServiceTests" name="CreateSpaceAsync_ApiConnectionThrowsTaskCanceledException_PropagatesException" />
    </UnitTest>
    <UnitTest name="ClickUp.Api.Client.Tests.Http.AuthenticationDelegatingHandlerTests.SendAsync_ShouldCallInnerHandler" storage="/app/src/clickup.api.client.tests/bin/debug/net9.0/clickup.api.client.tests.dll" id="a8c503d8-bf66-6c1b-861c-dc987f306f2c">
      <Execution id="38f0921d-fb55-463f-9486-66a970275e0b" />
      <TestMethod codeBase="/app/src/ClickUp.Api.Client.Tests/bin/Debug/net9.0/ClickUp.Api.Client.Tests.dll" adapterTypeName="executor://xunit/VsTestRunner2/netcoreapp" className="ClickUp.Api.Client.Tests.Http.AuthenticationDelegatingHandlerTests" name="SendAsync_ShouldCallInnerHandler" />
    </UnitTest>
    <UnitTest name="ClickUp.Api.Client.Tests.ServiceTests.TimeTrackingServiceTests.UpdateTimeEntryAsync_ApiReturnsResponseWithNullData_ThrowsInvalidOperationException" storage="/app/src/clickup.api.client.tests/bin/debug/net9.0/clickup.api.client.tests.dll" id="67630699-418a-515b-6c7b-74476e1555f9">
      <Execution id="bfb789f2-7327-45d2-84f9-a263324999b3" />
      <TestMethod codeBase="/app/src/ClickUp.Api.Client.Tests/bin/Debug/net9.0/ClickUp.Api.Client.Tests.dll" adapterTypeName="executor://xunit/VsTestRunner2/netcoreapp" className="ClickUp.Api.Client.Tests.ServiceTests.TimeTrackingServiceTests" name="UpdateTimeEntryAsync_ApiReturnsResponseWithNullData_ThrowsInvalidOperationException" />
    </UnitTest>
    <UnitTest name="ClickUp.Api.Client.Tests.ServiceTests.ChatServiceTests.DeleteChatChannelAsync_ValidRequest_CallsDelete" storage="/app/src/clickup.api.client.tests/bin/debug/net9.0/clickup.api.client.tests.dll" id="efa20886-c864-a3ce-f5ed-40c64826a507">
      <Execution id="ef3e93a1-ffe0-43f4-9d80-a67343abec5d" />
      <TestMethod codeBase="/app/src/ClickUp.Api.Client.Tests/bin/Debug/net9.0/ClickUp.Api.Client.Tests.dll" adapterTypeName="executor://xunit/VsTestRunner2/netcoreapp" className="ClickUp.Api.Client.Tests.ServiceTests.ChatServiceTests" name="DeleteChatChannelAsync_ValidRequest_CallsDelete" />
    </UnitTest>
    <UnitTest name="ClickUp.Api.Client.Tests.ServiceTests.TagsServiceTests.DeleteSpaceTagAsync_PassesCancellationTokenToApiConnection" storage="/app/src/clickup.api.client.tests/bin/debug/net9.0/clickup.api.client.tests.dll" id="c8dadf2f-d99b-7fdd-c771-65d4d23b6f2a">
      <Execution id="5534a1bf-d706-4a5a-a2f2-d9fd3d074f1e" />
      <TestMethod codeBase="/app/src/ClickUp.Api.Client.Tests/bin/Debug/net9.0/ClickUp.Api.Client.Tests.dll" adapterTypeName="executor://xunit/VsTestRunner2/netcoreapp" className="ClickUp.Api.Client.Tests.ServiceTests.TagsServiceTests" name="DeleteSpaceTagAsync_PassesCancellationTokenToApiConnection" />
    </UnitTest>
    <UnitTest name="ClickUp.Api.Client.Tests.ServiceTests.TaskServiceTests.GetFilteredTeamTasksAsync_WhitespaceWorkspaceId_ThrowsArgumentNullException" storage="/app/src/clickup.api.client.tests/bin/debug/net9.0/clickup.api.client.tests.dll" id="c53f3266-96ab-10cf-e5cd-8a310b3ac046">
      <Execution id="41fe8837-a135-471a-9b1b-81b2680089d2" />
      <TestMethod codeBase="/app/src/ClickUp.Api.Client.Tests/bin/Debug/net9.0/ClickUp.Api.Client.Tests.dll" adapterTypeName="executor://xunit/VsTestRunner2/netcoreapp" className="ClickUp.Api.Client.Tests.ServiceTests.TaskServiceTests" name="GetFilteredTeamTasksAsync_WhitespaceWorkspaceId_ThrowsArgumentNullException" />
    </UnitTest>
    <UnitTest name="ClickUp.Api.Client.Tests.ServiceTests.AttachmentsServiceTests.CreateTaskAttachmentAsync_ValidInput_CallsApiConnectionPostMultipartAsync" storage="/app/src/clickup.api.client.tests/bin/debug/net9.0/clickup.api.client.tests.dll" id="d0eb5381-36bb-6765-acec-28e247a9a321">
      <Execution id="6827d5c4-761f-4195-b3e1-d6186cb6bc28" />
      <TestMethod codeBase="/app/src/ClickUp.Api.Client.Tests/bin/Debug/net9.0/ClickUp.Api.Client.Tests.dll" adapterTypeName="executor://xunit/VsTestRunner2/netcoreapp" className="ClickUp.Api.Client.Tests.ServiceTests.AttachmentsServiceTests" name="CreateTaskAttachmentAsync_ValidInput_CallsApiConnectionPostMultipartAsync" />
    </UnitTest>
    <UnitTest name="ClickUp.Api.Client.Tests.ServiceTests.ChatServiceTests.GetChatMessageTaggedUsersAsync_MinimalRequest_BuildsUrlAndReturnsResponse" storage="/app/src/clickup.api.client.tests/bin/debug/net9.0/clickup.api.client.tests.dll" id="99925d98-cc15-0d9d-8c6c-cced5a935ca8">
      <Execution id="69e0a763-d012-4fa4-93c2-11b80723af42" />
      <TestMethod codeBase="/app/src/ClickUp.Api.Client.Tests/bin/Debug/net9.0/ClickUp.Api.Client.Tests.dll" adapterTypeName="executor://xunit/VsTestRunner2/netcoreapp" className="ClickUp.Api.Client.Tests.ServiceTests.ChatServiceTests" name="GetChatMessageTaggedUsersAsync_MinimalRequest_BuildsUrlAndReturnsResponse" />
    </UnitTest>
    <UnitTest name="ClickUp.Api.Client.Tests.ServiceTests.TimeTrackingServiceTests.GetTimeEntryHistoryAsync_PassesCancellationTokenToApiConnection" storage="/app/src/clickup.api.client.tests/bin/debug/net9.0/clickup.api.client.tests.dll" id="cdcfd57b-84ac-e23e-78d4-34efb784ebdf">
      <Execution id="504ef2e8-2bcd-4f7b-be5c-9ecbab37ccfa" />
      <TestMethod codeBase="/app/src/ClickUp.Api.Client.Tests/bin/Debug/net9.0/ClickUp.Api.Client.Tests.dll" adapterTypeName="executor://xunit/VsTestRunner2/netcoreapp" className="ClickUp.Api.Client.Tests.ServiceTests.TimeTrackingServiceTests" name="GetTimeEntryHistoryAsync_PassesCancellationTokenToApiConnection" />
    </UnitTest>
    <UnitTest name="ClickUp.Api.Client.Tests.ServiceTests.ListsServiceTests.GetFolderlessListsAsyncEnumerableAsync_HandlesCancellation" storage="/app/src/clickup.api.client.tests/bin/debug/net9.0/clickup.api.client.tests.dll" id="99f9eaa0-a090-1f7c-a3f5-4863ab613546">
      <Execution id="9bfdcfaa-0144-455b-b5b7-80c5673cbc25" />
      <TestMethod codeBase="/app/src/ClickUp.Api.Client.Tests/bin/Debug/net9.0/ClickUp.Api.Client.Tests.dll" adapterTypeName="executor://xunit/VsTestRunner2/netcoreapp" className="ClickUp.Api.Client.Tests.ServiceTests.ListsServiceTests" name="GetFolderlessListsAsyncEnumerableAsync_HandlesCancellation" />
    </UnitTest>
    <UnitTest name="ClickUp.Api.Client.Tests.ServiceTests.ListsServiceTests.UpdateListAsync_ApiConnectionThrowsHttpRequestException_PropagatesException" storage="/app/src/clickup.api.client.tests/bin/debug/net9.0/clickup.api.client.tests.dll" id="9edc3d01-0f4e-9855-faef-f39f06d14cce">
      <Execution id="f78b4e7b-6f8c-4724-8c97-97211626c790" />
      <TestMethod codeBase="/app/src/ClickUp.Api.Client.Tests/bin/Debug/net9.0/ClickUp.Api.Client.Tests.dll" adapterTypeName="executor://xunit/VsTestRunner2/netcoreapp" className="ClickUp.Api.Client.Tests.ServiceTests.ListsServiceTests" name="UpdateListAsync_ApiConnectionThrowsHttpRequestException_PropagatesException" />
    </UnitTest>
    <UnitTest name="ClickUp.Api.Client.Tests.ServiceTests.UserGroupServiceTests.DeleteUserGroupAsync_ApiConnectionThrowsHttpRequestException_PropagatesException" storage="/app/src/clickup.api.client.tests/bin/debug/net9.0/clickup.api.client.tests.dll" id="9a41e783-e265-7ebc-850b-805b60274fbf">
      <Execution id="8486a668-a58b-4a95-b994-8b292c8b6415" />
      <TestMethod codeBase="/app/src/ClickUp.Api.Client.Tests/bin/Debug/net9.0/ClickUp.Api.Client.Tests.dll" adapterTypeName="executor://xunit/VsTestRunner2/netcoreapp" className="ClickUp.Api.Client.Tests.ServiceTests.UserGroupServiceTests" name="DeleteUserGroupAsync_ApiConnectionThrowsHttpRequestException_PropagatesException" />
    </UnitTest>
    <UnitTest name="ClickUp.Api.Client.Tests.ServiceTests.GoalsServiceTests.GetGoalAsync_ApiReturnsNullResponse_ThrowsInvalidOperationException" storage="/app/src/clickup.api.client.tests/bin/debug/net9.0/clickup.api.client.tests.dll" id="308068ef-e228-299b-8b27-073212400b00">
      <Execution id="55c86504-bbdb-4e2b-bfeb-fd5198971833" />
      <TestMethod codeBase="/app/src/ClickUp.Api.Client.Tests/bin/Debug/net9.0/ClickUp.Api.Client.Tests.dll" adapterTypeName="executor://xunit/VsTestRunner2/netcoreapp" className="ClickUp.Api.Client.Tests.ServiceTests.GoalsServiceTests" name="GetGoalAsync_ApiReturnsNullResponse_ThrowsInvalidOperationException" />
    </UnitTest>
    <UnitTest name="ClickUp.Api.Client.Tests.ServiceTests.TaskChecklistsServiceTests.EditChecklistAsync_ValidRequest_CallsPutAsync" storage="/app/src/clickup.api.client.tests/bin/debug/net9.0/clickup.api.client.tests.dll" id="6fe0c3e8-d70e-aa1e-ebb5-3824f2093751">
      <Execution id="d577a5af-d6ab-4e70-a6a9-3096f9095073" />
      <TestMethod codeBase="/app/src/ClickUp.Api.Client.Tests/bin/Debug/net9.0/ClickUp.Api.Client.Tests.dll" adapterTypeName="executor://xunit/VsTestRunner2/netcoreapp" className="ClickUp.Api.Client.Tests.ServiceTests.TaskChecklistsServiceTests" name="EditChecklistAsync_ValidRequest_CallsPutAsync" />
    </UnitTest>
    <UnitTest name="ClickUp.Api.Client.Tests.ServiceTests.ChatServiceTests.GetChatMessagesAsync_ApiConnectionThrowsTaskCanceledException_PropagatesException" storage="/app/src/clickup.api.client.tests/bin/debug/net9.0/clickup.api.client.tests.dll" id="19627d26-5122-0b52-adb2-09b422d28326">
      <Execution id="0bc1eadd-1675-478d-9839-edaeb056d50f" />
      <TestMethod codeBase="/app/src/ClickUp.Api.Client.Tests/bin/Debug/net9.0/ClickUp.Api.Client.Tests.dll" adapterTypeName="executor://xunit/VsTestRunner2/netcoreapp" className="ClickUp.Api.Client.Tests.ServiceTests.ChatServiceTests" name="GetChatMessagesAsync_ApiConnectionThrowsTaskCanceledException_PropagatesException" />
    </UnitTest>
    <UnitTest name="ClickUp.Api.Client.Tests.ServiceTests.CommentServiceTests.CreateListCommentAsync_ApiConnectionReturnsNull_ThrowsInvalidOperationException" storage="/app/src/clickup.api.client.tests/bin/debug/net9.0/clickup.api.client.tests.dll" id="feb8a439-8d94-723d-b05b-e68b3f553aaa">
      <Execution id="63bd06fe-5039-494a-8cde-4959b2375bbc" />
      <TestMethod codeBase="/app/src/ClickUp.Api.Client.Tests/bin/Debug/net9.0/ClickUp.Api.Client.Tests.dll" adapterTypeName="executor://xunit/VsTestRunner2/netcoreapp" className="ClickUp.Api.Client.Tests.ServiceTests.CommentServiceTests" name="CreateListCommentAsync_ApiConnectionReturnsNull_ThrowsInvalidOperationException" />
    </UnitTest>
    <UnitTest name="ClickUp.Api.Client.Tests.ServiceTests.DocsServiceTests.CreateDocAsync_NullResponse_ThrowsInvalidOperationException" storage="/app/src/clickup.api.client.tests/bin/debug/net9.0/clickup.api.client.tests.dll" id="c4201998-1b61-94fa-68e5-733a302980cd">
      <Execution id="9f543ea5-07b7-4a8a-aa68-8b6938c0023f" />
      <TestMethod codeBase="/app/src/ClickUp.Api.Client.Tests/bin/Debug/net9.0/ClickUp.Api.Client.Tests.dll" adapterTypeName="executor://xunit/VsTestRunner2/netcoreapp" className="ClickUp.Api.Client.Tests.ServiceTests.DocsServiceTests" name="CreateDocAsync_NullResponse_ThrowsInvalidOperationException" />
    </UnitTest>
    <UnitTest name="ClickUp.Api.Client.Tests.ServiceTests.ListsServiceTests.AddTaskToListAsync_ValidIds_CallsPostAsync" storage="/app/src/clickup.api.client.tests/bin/debug/net9.0/clickup.api.client.tests.dll" id="f4996435-af05-7f68-a1f7-cd772da197a8">
      <Execution id="dfc8806c-7702-4f04-858e-9d2d6a0434e5" />
      <TestMethod codeBase="/app/src/ClickUp.Api.Client.Tests/bin/Debug/net9.0/ClickUp.Api.Client.Tests.dll" adapterTypeName="executor://xunit/VsTestRunner2/netcoreapp" className="ClickUp.Api.Client.Tests.ServiceTests.ListsServiceTests" name="AddTaskToListAsync_ValidIds_CallsPostAsync" />
    </UnitTest>
    <UnitTest name="ClickUp.Api.Client.Tests.ServiceTests.TaskServiceTests.GetFilteredTeamTasksAsync_WithNewParameters_BuildsCorrectEndpoint" storage="/app/src/clickup.api.client.tests/bin/debug/net9.0/clickup.api.client.tests.dll" id="759e141d-5006-5154-479b-168738883742">
      <Execution id="642c2207-e7d3-4117-b413-acd9dab8b4a1" />
      <TestMethod codeBase="/app/src/ClickUp.Api.Client.Tests/bin/Debug/net9.0/ClickUp.Api.Client.Tests.dll" adapterTypeName="executor://xunit/VsTestRunner2/netcoreapp" className="ClickUp.Api.Client.Tests.ServiceTests.TaskServiceTests" name="GetFilteredTeamTasksAsync_WithNewParameters_BuildsCorrectEndpoint" />
    </UnitTest>
    <UnitTest name="ClickUp.Api.Client.Tests.ServiceTests.CustomFieldsServiceTests.GetFolderCustomFieldsAsync_ValidFolderId_BuildsCorrectUrlAndReturnsFields" storage="/app/src/clickup.api.client.tests/bin/debug/net9.0/clickup.api.client.tests.dll" id="e7eef8b8-b7ee-6891-ce18-9fc77d65aac2">
      <Execution id="dfb3af01-4d65-4055-ab07-b24275d71ec8" />
      <TestMethod codeBase="/app/src/ClickUp.Api.Client.Tests/bin/Debug/net9.0/ClickUp.Api.Client.Tests.dll" adapterTypeName="executor://xunit/VsTestRunner2/netcoreapp" className="ClickUp.Api.Client.Tests.ServiceTests.CustomFieldsServiceTests" name="GetFolderCustomFieldsAsync_ValidFolderId_BuildsCorrectUrlAndReturnsFields" />
    </UnitTest>
    <UnitTest name="ClickUp.Api.Client.Tests.ServiceTests.SpacesServiceTests.GetSpacesAsync_WithArchivedFalse_BuildsCorrectUrl" storage="/app/src/clickup.api.client.tests/bin/debug/net9.0/clickup.api.client.tests.dll" id="11641888-952c-34d2-e65f-507d355849cc">
      <Execution id="3fda8b0f-6815-43b1-b4f8-71008d182235" />
      <TestMethod codeBase="/app/src/ClickUp.Api.Client.Tests/bin/Debug/net9.0/ClickUp.Api.Client.Tests.dll" adapterTypeName="executor://xunit/VsTestRunner2/netcoreapp" className="ClickUp.Api.Client.Tests.ServiceTests.SpacesServiceTests" name="GetSpacesAsync_WithArchivedFalse_BuildsCorrectUrl" />
    </UnitTest>
    <UnitTest name="ClickUp.Api.Client.Tests.ServiceTests.RolesServiceTests.GetCustomRolesAsync_ValidRequest_ReturnsRoles" storage="/app/src/clickup.api.client.tests/bin/debug/net9.0/clickup.api.client.tests.dll" id="57bcb7bc-72d9-ad1f-99f2-a076d64fe7fb">
      <Execution id="bfa30901-0faf-403e-9db3-cc2a598c254a" />
      <TestMethod codeBase="/app/src/ClickUp.Api.Client.Tests/bin/Debug/net9.0/ClickUp.Api.Client.Tests.dll" adapterTypeName="executor://xunit/VsTestRunner2/netcoreapp" className="ClickUp.Api.Client.Tests.ServiceTests.RolesServiceTests" name="GetCustomRolesAsync_ValidRequest_ReturnsRoles" />
    </UnitTest>
    <UnitTest name="ClickUp.Api.Client.Tests.ServiceTests.ChatServiceTests.GetChatMessageReactionsAsync_NullResponse_ThrowsInvalidOperationException" storage="/app/src/clickup.api.client.tests/bin/debug/net9.0/clickup.api.client.tests.dll" id="54af56a8-3528-2202-2a3a-47b709b84ddf">
      <Execution id="40b715b7-6f78-4bea-9f5d-8cc419886727" />
      <TestMethod codeBase="/app/src/ClickUp.Api.Client.Tests/bin/Debug/net9.0/ClickUp.Api.Client.Tests.dll" adapterTypeName="executor://xunit/VsTestRunner2/netcoreapp" className="ClickUp.Api.Client.Tests.ServiceTests.ChatServiceTests" name="GetChatMessageReactionsAsync_NullResponse_ThrowsInvalidOperationException" />
    </UnitTest>
    <UnitTest name="ClickUp.Api.Client.Tests.ServiceTests.ChatServiceTests.CreateReplyMessageAsync_ValidRequest_CallsPostAndReturnsMessage" storage="/app/src/clickup.api.client.tests/bin/debug/net9.0/clickup.api.client.tests.dll" id="d364fe51-32f4-0505-0794-50c70ce2f6f1">
      <Execution id="73276c6a-7734-4eb0-8282-74bbe57be09e" />
      <TestMethod codeBase="/app/src/ClickUp.Api.Client.Tests/bin/Debug/net9.0/ClickUp.Api.Client.Tests.dll" adapterTypeName="executor://xunit/VsTestRunner2/netcoreapp" className="ClickUp.Api.Client.Tests.ServiceTests.ChatServiceTests" name="CreateReplyMessageAsync_ValidRequest_CallsPostAndReturnsMessage" />
    </UnitTest>
    <UnitTest name="ClickUp.Api.Client.Tests.ServiceTests.CustomFieldsServiceTests.GetAccessibleCustomFieldsAsync_ApiConnectionThrowsTaskCanceledException_PropagatesException" storage="/app/src/clickup.api.client.tests/bin/debug/net9.0/clickup.api.client.tests.dll" id="46c9e644-11ac-6008-9ad9-f53ec92ce874">
      <Execution id="4e1c4196-fa1c-4983-88cf-1cd66a7823c5" />
      <TestMethod codeBase="/app/src/ClickUp.Api.Client.Tests/bin/Debug/net9.0/ClickUp.Api.Client.Tests.dll" adapterTypeName="executor://xunit/VsTestRunner2/netcoreapp" className="ClickUp.Api.Client.Tests.ServiceTests.CustomFieldsServiceTests" name="GetAccessibleCustomFieldsAsync_ApiConnectionThrowsTaskCanceledException_PropagatesException" />
    </UnitTest>
    <UnitTest name="ClickUp.Api.Client.Tests.ServiceTests.TagsServiceTests.GetSpaceTagsAsync_ApiConnectionThrowsHttpRequestException_PropagatesException" storage="/app/src/clickup.api.client.tests/bin/debug/net9.0/clickup.api.client.tests.dll" id="1841d452-ef08-e1b1-92c9-459ff161fad6">
      <Execution id="d0114e7e-b81f-40cf-90df-eca4b08ec2a0" />
      <TestMethod codeBase="/app/src/ClickUp.Api.Client.Tests/bin/Debug/net9.0/ClickUp.Api.Client.Tests.dll" adapterTypeName="executor://xunit/VsTestRunner2/netcoreapp" className="ClickUp.Api.Client.Tests.ServiceTests.TagsServiceTests" name="GetSpaceTagsAsync_ApiConnectionThrowsHttpRequestException_PropagatesException" />
    </UnitTest>
    <UnitTest name="ClickUp.Api.Client.Tests.ServiceTests.TimeTrackingServiceTests.StartTimeEntryAsync_ApiConnectionThrowsHttpRequestException_PropagatesException" storage="/app/src/clickup.api.client.tests/bin/debug/net9.0/clickup.api.client.tests.dll" id="a6767e11-07cf-022c-d1c8-5a4b5741034d">
      <Execution id="211549ad-abaa-44c0-8efe-f2b6447d62c2" />
      <TestMethod codeBase="/app/src/ClickUp.Api.Client.Tests/bin/Debug/net9.0/ClickUp.Api.Client.Tests.dll" adapterTypeName="executor://xunit/VsTestRunner2/netcoreapp" className="ClickUp.Api.Client.Tests.ServiceTests.TimeTrackingServiceTests" name="StartTimeEntryAsync_ApiConnectionThrowsHttpRequestException_PropagatesException" />
    </UnitTest>
    <UnitTest name="ClickUp.Api.Client.Tests.ServiceTests.GuestsServiceTests.AddGuestToTaskAsync_ValidRequest_CallsPostAndReturnsGuest" storage="/app/src/clickup.api.client.tests/bin/debug/net9.0/clickup.api.client.tests.dll" id="280f5e98-f3ab-164f-d4c2-e5cd5ad11a0f">
      <Execution id="d8fbb0cd-4c6f-4a3d-9036-f8400f86249e" />
      <TestMethod codeBase="/app/src/ClickUp.Api.Client.Tests/bin/Debug/net9.0/ClickUp.Api.Client.Tests.dll" adapterTypeName="executor://xunit/VsTestRunner2/netcoreapp" className="ClickUp.Api.Client.Tests.ServiceTests.GuestsServiceTests" name="AddGuestToTaskAsync_ValidRequest_CallsPostAndReturnsGuest" />
    </UnitTest>
    <UnitTest name="ClickUp.Api.Client.Tests.ServiceTests.WebhooksServiceTests.DeleteWebhookAsync_ValidWebhookId_CallsDeleteAsync" storage="/app/src/clickup.api.client.tests/bin/debug/net9.0/clickup.api.client.tests.dll" id="15deeb6b-5d37-c838-f818-dea1e0f2459c">
      <Execution id="adfdd779-05da-48a7-a9db-2c33a3c4843d" />
      <TestMethod codeBase="/app/src/ClickUp.Api.Client.Tests/bin/Debug/net9.0/ClickUp.Api.Client.Tests.dll" adapterTypeName="executor://xunit/VsTestRunner2/netcoreapp" className="ClickUp.Api.Client.Tests.ServiceTests.WebhooksServiceTests" name="DeleteWebhookAsync_ValidWebhookId_CallsDeleteAsync" />
    </UnitTest>
    <UnitTest name="ClickUp.Api.Client.Tests.ServiceTests.GoalsServiceTests.CreateKeyResultAsync_ApiConnectionThrowsTaskCanceledException_PropagatesException" storage="/app/src/clickup.api.client.tests/bin/debug/net9.0/clickup.api.client.tests.dll" id="615ce329-23fb-0e86-56db-8ca3bfc504f4">
      <Execution id="ca4a6c8e-4afb-4f2d-bd51-3619bcdf8562" />
      <TestMethod codeBase="/app/src/ClickUp.Api.Client.Tests/bin/Debug/net9.0/ClickUp.Api.Client.Tests.dll" adapterTypeName="executor://xunit/VsTestRunner2/netcoreapp" className="ClickUp.Api.Client.Tests.ServiceTests.GoalsServiceTests" name="CreateKeyResultAsync_ApiConnectionThrowsTaskCanceledException_PropagatesException" />
    </UnitTest>
    <UnitTest name="ClickUp.Api.Client.Tests.ServiceTests.TimeTrackingServiceTests.StopTimeEntryAsync_ApiReturnsResponseWithNullData_ThrowsInvalidOperationException" storage="/app/src/clickup.api.client.tests/bin/debug/net9.0/clickup.api.client.tests.dll" id="b6681964-59c0-3268-9b1a-1e37718996a3">
      <Execution id="aee7d4c7-7e4b-4400-a287-286d9dfe6c54" />
      <TestMethod codeBase="/app/src/ClickUp.Api.Client.Tests/bin/Debug/net9.0/ClickUp.Api.Client.Tests.dll" adapterTypeName="executor://xunit/VsTestRunner2/netcoreapp" className="ClickUp.Api.Client.Tests.ServiceTests.TimeTrackingServiceTests" name="StopTimeEntryAsync_ApiReturnsResponseWithNullData_ThrowsInvalidOperationException" />
    </UnitTest>
    <UnitTest name="ClickUp.Api.Client.Tests.Models.Serialization.Converters.JsonStringOrNumberConverterTests.Write_WhenValueIsString_ShouldWriteJsonString" storage="/app/src/clickup.api.client.tests/bin/debug/net9.0/clickup.api.client.tests.dll" id="90526451-6840-19f7-8a25-ab42548b6ebe">
      <Execution id="6cfe595a-1604-41cd-9f30-2ea6ae316912" />
      <TestMethod codeBase="/app/src/ClickUp.Api.Client.Tests/bin/Debug/net9.0/ClickUp.Api.Client.Tests.dll" adapterTypeName="executor://xunit/VsTestRunner2/netcoreapp" className="ClickUp.Api.Client.Tests.Models.Serialization.Converters.JsonStringOrNumberConverterTests" name="Write_WhenValueIsString_ShouldWriteJsonString" />
    </UnitTest>
    <UnitTest name="ClickUp.Api.Client.Tests.ServiceTests.GoalsServiceTests.GetGoalAsync_ValidId_ReturnsGoal" storage="/app/src/clickup.api.client.tests/bin/debug/net9.0/clickup.api.client.tests.dll" id="759a64a9-158e-94d9-6d51-ccb2b6db5855">
      <Execution id="8328c9bf-74d9-4b15-ad8a-42495bf32292" />
      <TestMethod codeBase="/app/src/ClickUp.Api.Client.Tests/bin/Debug/net9.0/ClickUp.Api.Client.Tests.dll" adapterTypeName="executor://xunit/VsTestRunner2/netcoreapp" className="ClickUp.Api.Client.Tests.ServiceTests.GoalsServiceTests" name="GetGoalAsync_ValidId_ReturnsGoal" />
    </UnitTest>
    <UnitTest name="ClickUp.Api.Client.Tests.ServiceTests.WorkspacesServiceTests.GetWorkspaceSeatsAsync_PassesCancellationTokenToApiConnection" storage="/app/src/clickup.api.client.tests/bin/debug/net9.0/clickup.api.client.tests.dll" id="ee2735fc-b087-9fcd-716d-143de6e3f5eb">
      <Execution id="549da88f-a7e3-4b81-93f9-11da9ded0889" />
      <TestMethod codeBase="/app/src/ClickUp.Api.Client.Tests/bin/Debug/net9.0/ClickUp.Api.Client.Tests.dll" adapterTypeName="executor://xunit/VsTestRunner2/netcoreapp" className="ClickUp.Api.Client.Tests.ServiceTests.WorkspacesServiceTests" name="GetWorkspaceSeatsAsync_PassesCancellationTokenToApiConnection" />
    </UnitTest>
    <UnitTest name="ClickUp.Api.Client.Tests.ServiceTests.ChatServiceTests.CreateChatReactionAsync_ApiError_ThrowsHttpRequestException" storage="/app/src/clickup.api.client.tests/bin/debug/net9.0/clickup.api.client.tests.dll" id="bc7ee3e4-a635-03d0-967a-f971c4572817">
      <Execution id="98d811d9-b6d3-4c36-8b90-7ca42fc6fca1" />
      <TestMethod codeBase="/app/src/ClickUp.Api.Client.Tests/bin/Debug/net9.0/ClickUp.Api.Client.Tests.dll" adapterTypeName="executor://xunit/VsTestRunner2/netcoreapp" className="ClickUp.Api.Client.Tests.ServiceTests.ChatServiceTests" name="CreateChatReactionAsync_ApiError_ThrowsHttpRequestException" />
    </UnitTest>
    <UnitTest name="ClickUp.Api.Client.Tests.ServiceTests.GoalsServiceTests.EditKeyResultAsync_ValidRequest_CallsPutAndReturnsKeyResult" storage="/app/src/clickup.api.client.tests/bin/debug/net9.0/clickup.api.client.tests.dll" id="0a1f2d43-8296-337d-6147-c0bb178be2a0">
      <Execution id="e43e0cc9-e89d-4eee-b6c6-7fc2e7ba4119" />
      <TestMethod codeBase="/app/src/ClickUp.Api.Client.Tests/bin/Debug/net9.0/ClickUp.Api.Client.Tests.dll" adapterTypeName="executor://xunit/VsTestRunner2/netcoreapp" className="ClickUp.Api.Client.Tests.ServiceTests.GoalsServiceTests" name="EditKeyResultAsync_ValidRequest_CallsPutAndReturnsKeyResult" />
    </UnitTest>
    <UnitTest name="ClickUp.Api.Client.Tests.ServiceTests.CommentServiceTests.GetTaskCommentsAsync_ApiConnectionThrowsException_PropagatesException" storage="/app/src/clickup.api.client.tests/bin/debug/net9.0/clickup.api.client.tests.dll" id="ef4a1808-46d3-657b-d153-6628c14bba3b">
      <Execution id="a5939cc6-6385-4272-b33e-5a25b83af757" />
      <TestMethod codeBase="/app/src/ClickUp.Api.Client.Tests/bin/Debug/net9.0/ClickUp.Api.Client.Tests.dll" adapterTypeName="executor://xunit/VsTestRunner2/netcoreapp" className="ClickUp.Api.Client.Tests.ServiceTests.CommentServiceTests" name="GetTaskCommentsAsync_ApiConnectionThrowsException_PropagatesException" />
    </UnitTest>
    <UnitTest name="ClickUp.Api.Client.Tests.ServiceTests.CommentServiceTests.UpdateCommentAsync_ApiConnectionThrowsException_PropagatesException" storage="/app/src/clickup.api.client.tests/bin/debug/net9.0/clickup.api.client.tests.dll" id="f48eeea0-1628-3a4f-951e-8100079445f9">
      <Execution id="988f09e5-0695-4387-b1fa-3de18a3239c8" />
      <TestMethod codeBase="/app/src/ClickUp.Api.Client.Tests/bin/Debug/net9.0/ClickUp.Api.Client.Tests.dll" adapterTypeName="executor://xunit/VsTestRunner2/netcoreapp" className="ClickUp.Api.Client.Tests.ServiceTests.CommentServiceTests" name="UpdateCommentAsync_ApiConnectionThrowsException_PropagatesException" />
    </UnitTest>
    <UnitTest name="ClickUp.Api.Client.Tests.ServiceTests.GuestsServiceTests.AddGuestToListAsync_NullApiResponse_ThrowsInvalidOperationException" storage="/app/src/clickup.api.client.tests/bin/debug/net9.0/clickup.api.client.tests.dll" id="fd21df4b-204e-a7c4-3467-b991d2cfdb59">
      <Execution id="6b8eb239-e2d5-4a8f-bdd7-3912b5cc4d4a" />
      <TestMethod codeBase="/app/src/ClickUp.Api.Client.Tests/bin/Debug/net9.0/ClickUp.Api.Client.Tests.dll" adapterTypeName="executor://xunit/VsTestRunner2/netcoreapp" className="ClickUp.Api.Client.Tests.ServiceTests.GuestsServiceTests" name="AddGuestToListAsync_NullApiResponse_ThrowsInvalidOperationException" />
    </UnitTest>
    <UnitTest name="ClickUp.Api.Client.Tests.Models.Entities.CustomFieldValueTests.Deserialize_DateFieldValue_Correctly" storage="/app/src/clickup.api.client.tests/bin/debug/net9.0/clickup.api.client.tests.dll" id="d02ae00d-1311-89ab-3fb9-c916f421eba3">
      <Execution id="298886ac-31ac-420d-8082-0b920e63350e" />
      <TestMethod codeBase="/app/src/ClickUp.Api.Client.Tests/bin/Debug/net9.0/ClickUp.Api.Client.Tests.dll" adapterTypeName="executor://xunit/VsTestRunner2/netcoreapp" className="ClickUp.Api.Client.Tests.Models.Entities.CustomFieldValueTests" name="Deserialize_DateFieldValue_Correctly" />
    </UnitTest>
    <UnitTest name="ClickUp.Api.Client.Tests.ServiceTests.DocsServiceTests.GetDocAsync_NullResponse_ThrowsInvalidOperationException" storage="/app/src/clickup.api.client.tests/bin/debug/net9.0/clickup.api.client.tests.dll" id="e83420e2-3e4c-0b46-91f0-367058c9ac00">
      <Execution id="cd756494-e3d3-4379-ac13-d110b14fb424" />
      <TestMethod codeBase="/app/src/ClickUp.Api.Client.Tests/bin/Debug/net9.0/ClickUp.Api.Client.Tests.dll" adapterTypeName="executor://xunit/VsTestRunner2/netcoreapp" className="ClickUp.Api.Client.Tests.ServiceTests.DocsServiceTests" name="GetDocAsync_NullResponse_ThrowsInvalidOperationException" />
    </UnitTest>
    <UnitTest name="ClickUp.Api.Client.Tests.ServiceTests.TimeTrackingServiceTests.GetRunningTimeEntryAsync_PassesCancellationTokenToApiConnection" storage="/app/src/clickup.api.client.tests/bin/debug/net9.0/clickup.api.client.tests.dll" id="1cb0a5ae-f23f-d489-08aa-7d3a9bd6d033">
      <Execution id="d95c1483-9e99-4fbe-96e9-5d5cb7aaf61b" />
      <TestMethod codeBase="/app/src/ClickUp.Api.Client.Tests/bin/Debug/net9.0/ClickUp.Api.Client.Tests.dll" adapterTypeName="executor://xunit/VsTestRunner2/netcoreapp" className="ClickUp.Api.Client.Tests.ServiceTests.TimeTrackingServiceTests" name="GetRunningTimeEntryAsync_PassesCancellationTokenToApiConnection" />
    </UnitTest>
    <UnitTest name="ClickUp.Api.Client.Tests.ServiceTests.TaskRelationshipsServiceTests.DeleteDependencyAsync_PassesCancellationTokenToApiConnection" storage="/app/src/clickup.api.client.tests/bin/debug/net9.0/clickup.api.client.tests.dll" id="6ad0b06e-9b13-00d3-c084-f5f295020c1e">
      <Execution id="c7155a13-9a32-43b0-9780-661066758a16" />
      <TestMethod codeBase="/app/src/ClickUp.Api.Client.Tests/bin/Debug/net9.0/ClickUp.Api.Client.Tests.dll" adapterTypeName="executor://xunit/VsTestRunner2/netcoreapp" className="ClickUp.Api.Client.Tests.ServiceTests.TaskRelationshipsServiceTests" name="DeleteDependencyAsync_PassesCancellationTokenToApiConnection" />
    </UnitTest>
    <UnitTest name="ClickUp.Api.Client.Tests.ServiceTests.ChatServiceTests.UpdateChatChannelAsync_ApiConnectionThrowsTaskCanceledException_PropagatesException" storage="/app/src/clickup.api.client.tests/bin/debug/net9.0/clickup.api.client.tests.dll" id="4f7ae0b2-8709-4bc2-a4cb-6a78eeb89c6e">
      <Execution id="8f9dd07b-d297-4535-8ae9-3116e6a292ad" />
      <TestMethod codeBase="/app/src/ClickUp.Api.Client.Tests/bin/Debug/net9.0/ClickUp.Api.Client.Tests.dll" adapterTypeName="executor://xunit/VsTestRunner2/netcoreapp" className="ClickUp.Api.Client.Tests.ServiceTests.ChatServiceTests" name="UpdateChatChannelAsync_ApiConnectionThrowsTaskCanceledException_PropagatesException" />
    </UnitTest>
    <UnitTest name="ClickUp.Api.Client.Tests.ServiceTests.GoalsServiceTests.DeleteKeyResultAsync_ApiError_ThrowsHttpRequestException" storage="/app/src/clickup.api.client.tests/bin/debug/net9.0/clickup.api.client.tests.dll" id="eae42adf-0600-1fec-8fbc-16e6c5032bcd">
      <Execution id="23f7d4b9-3915-4a4e-b5f2-4bfc9fac8606" />
      <TestMethod codeBase="/app/src/ClickUp.Api.Client.Tests/bin/Debug/net9.0/ClickUp.Api.Client.Tests.dll" adapterTypeName="executor://xunit/VsTestRunner2/netcoreapp" className="ClickUp.Api.Client.Tests.ServiceTests.GoalsServiceTests" name="DeleteKeyResultAsync_ApiError_ThrowsHttpRequestException" />
    </UnitTest>
    <UnitTest name="ClickUp.Api.Client.Tests.ServiceTests.ChatServiceTests.DeleteChatChannelAsync_ApiConnectionThrowsTaskCanceledException_PropagatesException" storage="/app/src/clickup.api.client.tests/bin/debug/net9.0/clickup.api.client.tests.dll" id="716555af-e165-d95b-b1b2-db5a93b55899">
      <Execution id="64947250-5004-497a-9f97-fb191f247600" />
      <TestMethod codeBase="/app/src/ClickUp.Api.Client.Tests/bin/Debug/net9.0/ClickUp.Api.Client.Tests.dll" adapterTypeName="executor://xunit/VsTestRunner2/netcoreapp" className="ClickUp.Api.Client.Tests.ServiceTests.ChatServiceTests" name="DeleteChatChannelAsync_ApiConnectionThrowsTaskCanceledException_PropagatesException" />
    </UnitTest>
    <UnitTest name="ClickUp.Api.Client.Tests.ServiceTests.AuthorizationServiceTests.GetAuthorizedWorkspacesAsync_ApiConnectionThrowsException_PropagatesException" storage="/app/src/clickup.api.client.tests/bin/debug/net9.0/clickup.api.client.tests.dll" id="cab1a997-800d-2c3b-4c26-6695fd51d4d2">
      <Execution id="966d90b5-e8c7-47ae-8cb5-66d55405a67c" />
      <TestMethod codeBase="/app/src/ClickUp.Api.Client.Tests/bin/Debug/net9.0/ClickUp.Api.Client.Tests.dll" adapterTypeName="executor://xunit/VsTestRunner2/netcoreapp" className="ClickUp.Api.Client.Tests.ServiceTests.AuthorizationServiceTests" name="GetAuthorizedWorkspacesAsync_ApiConnectionThrowsException_PropagatesException" />
    </UnitTest>
    <UnitTest name="ClickUp.Api.Client.Tests.ServiceTests.SpacesServiceTests.GetSpaceAsync_ValidSpaceId_ReturnsSpace" storage="/app/src/clickup.api.client.tests/bin/debug/net9.0/clickup.api.client.tests.dll" id="d10058ba-da32-5d23-6f62-2ea85d9b8d92">
      <Execution id="6d07a6c6-d49f-43f7-9340-39278db69dd6" />
      <TestMethod codeBase="/app/src/ClickUp.Api.Client.Tests/bin/Debug/net9.0/ClickUp.Api.Client.Tests.dll" adapterTypeName="executor://xunit/VsTestRunner2/netcoreapp" className="ClickUp.Api.Client.Tests.ServiceTests.SpacesServiceTests" name="GetSpaceAsync_ValidSpaceId_ReturnsSpace" />
    </UnitTest>
    <UnitTest name="ClickUp.Api.Client.Tests.ServiceTests.GuestsServiceTests.AddGuestToFolderAsync_NullGuestInResponse_ThrowsInvalidOperationException" storage="/app/src/clickup.api.client.tests/bin/debug/net9.0/clickup.api.client.tests.dll" id="3a5833f7-aba2-d5f8-b201-45f09afa3b5f">
      <Execution id="7b80bad3-a7cc-44d6-a5bd-c6e5ff880326" />
      <TestMethod codeBase="/app/src/ClickUp.Api.Client.Tests/bin/Debug/net9.0/ClickUp.Api.Client.Tests.dll" adapterTypeName="executor://xunit/VsTestRunner2/netcoreapp" className="ClickUp.Api.Client.Tests.ServiceTests.GuestsServiceTests" name="AddGuestToFolderAsync_NullGuestInResponse_ThrowsInvalidOperationException" />
    </UnitTest>
    <UnitTest name="ClickUp.Api.Client.Tests.ServiceTests.ChatServiceTests.GetChatChannelAsync_PassesCancellationTokenToApiConnection" storage="/app/src/clickup.api.client.tests/bin/debug/net9.0/clickup.api.client.tests.dll" id="51353947-3452-476e-394a-bcc34cf5934f">
      <Execution id="b8ac4902-6b89-4d8f-8ed2-f39f489cfcfc" />
      <TestMethod codeBase="/app/src/ClickUp.Api.Client.Tests/bin/Debug/net9.0/ClickUp.Api.Client.Tests.dll" adapterTypeName="executor://xunit/VsTestRunner2/netcoreapp" className="ClickUp.Api.Client.Tests.ServiceTests.ChatServiceTests" name="GetChatChannelAsync_PassesCancellationTokenToApiConnection" />
    </UnitTest>
    <UnitTest name="ClickUp.Api.Client.Tests.ServiceTests.TimeTrackingServiceTests.StopTimeEntryAsync_ValidRequest_ReturnsStoppedTimeEntry" storage="/app/src/clickup.api.client.tests/bin/debug/net9.0/clickup.api.client.tests.dll" id="bf5b6035-e322-69a8-84b4-c7074fea8038">
      <Execution id="932c7708-bf5c-4439-bee9-b6625ac66a78" />
      <TestMethod codeBase="/app/src/ClickUp.Api.Client.Tests/bin/Debug/net9.0/ClickUp.Api.Client.Tests.dll" adapterTypeName="executor://xunit/VsTestRunner2/netcoreapp" className="ClickUp.Api.Client.Tests.ServiceTests.TimeTrackingServiceTests" name="StopTimeEntryAsync_ValidRequest_ReturnsStoppedTimeEntry" />
    </UnitTest>
    <UnitTest name="ClickUp.Api.Client.Tests.ServiceTests.FoldersServiceTests.DeleteFolderAsync_PassesCancellationTokenToApiConnection" storage="/app/src/clickup.api.client.tests/bin/debug/net9.0/clickup.api.client.tests.dll" id="2ffcb69d-9871-fc53-e266-88fcc7d40f11">
      <Execution id="86406e18-98fc-4363-810e-bf6ef62305f5" />
      <TestMethod codeBase="/app/src/ClickUp.Api.Client.Tests/bin/Debug/net9.0/ClickUp.Api.Client.Tests.dll" adapterTypeName="executor://xunit/VsTestRunner2/netcoreapp" className="ClickUp.Api.Client.Tests.ServiceTests.FoldersServiceTests" name="DeleteFolderAsync_PassesCancellationTokenToApiConnection" />
    </UnitTest>
    <UnitTest name="ClickUp.Api.Client.Tests.ServiceTests.CommentServiceTests.DeleteCommentAsync_ValidInput_CallsApiConnectionDeleteAsyncWithCorrectParameters" storage="/app/src/clickup.api.client.tests/bin/debug/net9.0/clickup.api.client.tests.dll" id="b476c99b-742f-85e5-2038-a681239aadf2">
      <Execution id="2658a66d-5b7b-44d2-891c-20259889f70f" />
      <TestMethod codeBase="/app/src/ClickUp.Api.Client.Tests/bin/Debug/net9.0/ClickUp.Api.Client.Tests.dll" adapterTypeName="executor://xunit/VsTestRunner2/netcoreapp" className="ClickUp.Api.Client.Tests.ServiceTests.CommentServiceTests" name="DeleteCommentAsync_ValidInput_CallsApiConnectionDeleteAsyncWithCorrectParameters" />
    </UnitTest>
    <UnitTest name="ClickUp.Api.Client.Tests.ServiceTests.GuestsServiceTests.RemoveGuestFromFolderAsync_NullGuestInResponse_ThrowsInvalidOperationException" storage="/app/src/clickup.api.client.tests/bin/debug/net9.0/clickup.api.client.tests.dll" id="dbce0135-d84f-6c40-dddb-b4fa79e51dee">
      <Execution id="dd57a95a-e329-47ed-8521-3bd2ca96a47d" />
      <TestMethod codeBase="/app/src/ClickUp.Api.Client.Tests/bin/Debug/net9.0/ClickUp.Api.Client.Tests.dll" adapterTypeName="executor://xunit/VsTestRunner2/netcoreapp" className="ClickUp.Api.Client.Tests.ServiceTests.GuestsServiceTests" name="RemoveGuestFromFolderAsync_NullGuestInResponse_ThrowsInvalidOperationException" />
    </UnitTest>
    <UnitTest name="ClickUp.Api.Client.Tests.Models.Entities.CustomFieldValueTests.Deserialize_DropdownFieldValue_WithNumericValue_Correctly" storage="/app/src/clickup.api.client.tests/bin/debug/net9.0/clickup.api.client.tests.dll" id="3128f2ee-7977-9932-03b7-77d2d3472e5f">
      <Execution id="acef653c-9c26-477d-b4fe-e7c247748fe1" />
      <TestMethod codeBase="/app/src/ClickUp.Api.Client.Tests/bin/Debug/net9.0/ClickUp.Api.Client.Tests.dll" adapterTypeName="executor://xunit/VsTestRunner2/netcoreapp" className="ClickUp.Api.Client.Tests.Models.Entities.CustomFieldValueTests" name="Deserialize_DropdownFieldValue_WithNumericValue_Correctly" />
    </UnitTest>
    <UnitTest name="ClickUp.Api.Client.Tests.ServiceTests.CommentServiceTests.GetTaskCommentsAsync_PassesCancellationTokenToApiConnection" storage="/app/src/clickup.api.client.tests/bin/debug/net9.0/clickup.api.client.tests.dll" id="1049468b-6543-59b7-56f8-d0c94b4c3137">
      <Execution id="dfed740d-1dd3-47bf-8e81-fa0f438199b1" />
      <TestMethod codeBase="/app/src/ClickUp.Api.Client.Tests/bin/Debug/net9.0/ClickUp.Api.Client.Tests.dll" adapterTypeName="executor://xunit/VsTestRunner2/netcoreapp" className="ClickUp.Api.Client.Tests.ServiceTests.CommentServiceTests" name="GetTaskCommentsAsync_PassesCancellationTokenToApiConnection" />
    </UnitTest>
    <UnitTest name="ClickUp.Api.Client.Tests.ServiceTests.ListsServiceTests.GetListsInFolderAsync_PassesCancellationTokenToApiConnection" storage="/app/src/clickup.api.client.tests/bin/debug/net9.0/clickup.api.client.tests.dll" id="5ed5931b-eddf-c5a7-c428-1293ac7854f3">
      <Execution id="2649714d-d864-43f4-98ad-7a35a5669e8f" />
      <TestMethod codeBase="/app/src/ClickUp.Api.Client.Tests/bin/Debug/net9.0/ClickUp.Api.Client.Tests.dll" adapterTypeName="executor://xunit/VsTestRunner2/netcoreapp" className="ClickUp.Api.Client.Tests.ServiceTests.ListsServiceTests" name="GetListsInFolderAsync_PassesCancellationTokenToApiConnection" />
    </UnitTest>
    <UnitTest name="ClickUp.Api.Client.Tests.ServiceTests.ListsServiceTests.UpdateListAsync_ApiReturnsNullResponse_ThrowsInvalidOperationException" storage="/app/src/clickup.api.client.tests/bin/debug/net9.0/clickup.api.client.tests.dll" id="b0aedc6f-1baf-8832-331d-f35a8e0d267f">
      <Execution id="0f279ee4-3413-495b-98b3-773d055d88ab" />
      <TestMethod codeBase="/app/src/ClickUp.Api.Client.Tests/bin/Debug/net9.0/ClickUp.Api.Client.Tests.dll" adapterTypeName="executor://xunit/VsTestRunner2/netcoreapp" className="ClickUp.Api.Client.Tests.ServiceTests.ListsServiceTests" name="UpdateListAsync_ApiReturnsNullResponse_ThrowsInvalidOperationException" />
    </UnitTest>
    <UnitTest name="ClickUp.Api.Client.Tests.ServiceTests.ChatServiceTests.CreateLocationChatChannelAsync_PassesCancellationTokenToApiConnection" storage="/app/src/clickup.api.client.tests/bin/debug/net9.0/clickup.api.client.tests.dll" id="70a4a44a-4353-ff25-d1bc-ca98cbe1a7a0">
      <Execution id="12091648-85af-46fe-bbe8-a402d0ebe80e" />
      <TestMethod codeBase="/app/src/ClickUp.Api.Client.Tests/bin/Debug/net9.0/ClickUp.Api.Client.Tests.dll" adapterTypeName="executor://xunit/VsTestRunner2/netcoreapp" className="ClickUp.Api.Client.Tests.ServiceTests.ChatServiceTests" name="CreateLocationChatChannelAsync_PassesCancellationTokenToApiConnection" />
    </UnitTest>
    <UnitTest name="ClickUp.Api.Client.Tests.ServiceTests.ChatServiceTests.GetChatChannelFollowersAsync_PassesCancellationTokenToApiConnection" storage="/app/src/clickup.api.client.tests/bin/debug/net9.0/clickup.api.client.tests.dll" id="1ddb416b-a245-c9c3-9558-a21c55e29e6a">
      <Execution id="d24fabee-7ffa-4bd3-af2e-027ea791d447" />
      <TestMethod codeBase="/app/src/ClickUp.Api.Client.Tests/bin/Debug/net9.0/ClickUp.Api.Client.Tests.dll" adapterTypeName="executor://xunit/VsTestRunner2/netcoreapp" className="ClickUp.Api.Client.Tests.ServiceTests.ChatServiceTests" name="GetChatChannelFollowersAsync_PassesCancellationTokenToApiConnection" />
    </UnitTest>
    <UnitTest name="ClickUp.Api.Client.Tests.ServiceTests.UserGroupServiceTests.GetUserGroupsAsync_WithGroupIds_BuildsCorrectUrl" storage="/app/src/clickup.api.client.tests/bin/debug/net9.0/clickup.api.client.tests.dll" id="b858c712-c485-b294-8c44-8fde7e544397">
      <Execution id="5b0362e4-b2de-4ae3-97b0-be7ff25bd523" />
      <TestMethod codeBase="/app/src/ClickUp.Api.Client.Tests/bin/Debug/net9.0/ClickUp.Api.Client.Tests.dll" adapterTypeName="executor://xunit/VsTestRunner2/netcoreapp" className="ClickUp.Api.Client.Tests.ServiceTests.UserGroupServiceTests" name="GetUserGroupsAsync_WithGroupIds_BuildsCorrectUrl" />
    </UnitTest>
    <UnitTest name="ClickUp.Api.Client.Tests.ServiceTests.GoalsServiceTests.UpdateGoalAsync_ApiReturnsNullGoalInResponse_ThrowsInvalidOperationException" storage="/app/src/clickup.api.client.tests/bin/debug/net9.0/clickup.api.client.tests.dll" id="6f1ad50d-9b4f-0a15-1cc3-ea86e5488bdb">
      <Execution id="d8f95e0f-6f67-486a-babf-6aa57e8bc51f" />
      <TestMethod codeBase="/app/src/ClickUp.Api.Client.Tests/bin/Debug/net9.0/ClickUp.Api.Client.Tests.dll" adapterTypeName="executor://xunit/VsTestRunner2/netcoreapp" className="ClickUp.Api.Client.Tests.ServiceTests.GoalsServiceTests" name="UpdateGoalAsync_ApiReturnsNullGoalInResponse_ThrowsInvalidOperationException" />
    </UnitTest>
    <UnitTest name="ClickUp.Api.Client.Tests.ServiceTests.UserGroupServiceTests.CreateUserGroupAsync_PassesCancellationTokenToApiConnection" storage="/app/src/clickup.api.client.tests/bin/debug/net9.0/clickup.api.client.tests.dll" id="e014c4e5-e405-d77f-a0c8-5bc189ef8f1a">
      <Execution id="df855902-a0f5-4131-8bba-64abd93fd278" />
      <TestMethod codeBase="/app/src/ClickUp.Api.Client.Tests/bin/Debug/net9.0/ClickUp.Api.Client.Tests.dll" adapterTypeName="executor://xunit/VsTestRunner2/netcoreapp" className="ClickUp.Api.Client.Tests.ServiceTests.UserGroupServiceTests" name="CreateUserGroupAsync_PassesCancellationTokenToApiConnection" />
    </UnitTest>
    <UnitTest name="ClickUp.Api.Client.Tests.ServiceTests.TimeTrackingServiceTests.UpdateTimeEntryAsync_ApiConnectionThrowsHttpRequestException_PropagatesException" storage="/app/src/clickup.api.client.tests/bin/debug/net9.0/clickup.api.client.tests.dll" id="d09196e4-8c5a-dacd-765d-46b96285d752">
      <Execution id="2a8adfa5-69c1-4a1d-92ae-012b82821f66" />
      <TestMethod codeBase="/app/src/ClickUp.Api.Client.Tests/bin/Debug/net9.0/ClickUp.Api.Client.Tests.dll" adapterTypeName="executor://xunit/VsTestRunner2/netcoreapp" className="ClickUp.Api.Client.Tests.ServiceTests.TimeTrackingServiceTests" name="UpdateTimeEntryAsync_ApiConnectionThrowsHttpRequestException_PropagatesException" />
    </UnitTest>
    <UnitTest name="ClickUp.Api.Client.Tests.ServiceTests.WebhooksServiceTests.DeleteWebhookAsync_ApiConnectionThrowsHttpRequestException_PropagatesException" storage="/app/src/clickup.api.client.tests/bin/debug/net9.0/clickup.api.client.tests.dll" id="bfaf6352-4421-09bc-d915-7b2d2ece56ba">
      <Execution id="d3e7f6fb-34c7-4a54-953f-00a00831ccd4" />
      <TestMethod codeBase="/app/src/ClickUp.Api.Client.Tests/bin/Debug/net9.0/ClickUp.Api.Client.Tests.dll" adapterTypeName="executor://xunit/VsTestRunner2/netcoreapp" className="ClickUp.Api.Client.Tests.ServiceTests.WebhooksServiceTests" name="DeleteWebhookAsync_ApiConnectionThrowsHttpRequestException_PropagatesException" />
    </UnitTest>
    <UnitTest name="ClickUp.Api.Client.Tests.ServiceTests.ChatServiceTests.GetChatChannelMembersAsync_ApiError_ThrowsHttpRequestException" storage="/app/src/clickup.api.client.tests/bin/debug/net9.0/clickup.api.client.tests.dll" id="b31d7064-e5e6-7fa8-8b45-ebefa2aa8589">
      <Execution id="4daf744c-7ce7-45a6-a3a4-9ebafe126fb9" />
      <TestMethod codeBase="/app/src/ClickUp.Api.Client.Tests/bin/Debug/net9.0/ClickUp.Api.Client.Tests.dll" adapterTypeName="executor://xunit/VsTestRunner2/netcoreapp" className="ClickUp.Api.Client.Tests.ServiceTests.ChatServiceTests" name="GetChatChannelMembersAsync_ApiError_ThrowsHttpRequestException" />
    </UnitTest>
    <UnitTest name="ClickUp.Api.Client.Tests.ServiceTests.ChatServiceTests.CreateChatMessageAsync_ValidRequest_CallsPostAndReturnsMessage" storage="/app/src/clickup.api.client.tests/bin/debug/net9.0/clickup.api.client.tests.dll" id="7f29cc1a-1df0-1450-afd8-be1cdd65c1c5">
      <Execution id="9e58ee2e-872c-481e-891b-3dc0f4247df1" />
      <TestMethod codeBase="/app/src/ClickUp.Api.Client.Tests/bin/Debug/net9.0/ClickUp.Api.Client.Tests.dll" adapterTypeName="executor://xunit/VsTestRunner2/netcoreapp" className="ClickUp.Api.Client.Tests.ServiceTests.ChatServiceTests" name="CreateChatMessageAsync_ValidRequest_CallsPostAndReturnsMessage" />
    </UnitTest>
    <UnitTest name="ClickUp.Api.Client.Tests.ServiceTests.GuestsServiceTests.AddGuestToFolderAsync_NullApiResponse_ThrowsInvalidOperationException" storage="/app/src/clickup.api.client.tests/bin/debug/net9.0/clickup.api.client.tests.dll" id="67f50d33-f9fe-c18c-8531-02094f7b4272">
      <Execution id="cd75f311-992c-4868-ba2a-48cc9826157f" />
      <TestMethod codeBase="/app/src/ClickUp.Api.Client.Tests/bin/Debug/net9.0/ClickUp.Api.Client.Tests.dll" adapterTypeName="executor://xunit/VsTestRunner2/netcoreapp" className="ClickUp.Api.Client.Tests.ServiceTests.GuestsServiceTests" name="AddGuestToFolderAsync_NullApiResponse_ThrowsInvalidOperationException" />
    </UnitTest>
    <UnitTest name="ClickUp.Api.Client.Tests.ServiceTests.ChatServiceTests.GetChatMessageRepliesAsync_NullResponse_ThrowsInvalidOperationException" storage="/app/src/clickup.api.client.tests/bin/debug/net9.0/clickup.api.client.tests.dll" id="8e599e60-ab89-4b35-a0ff-6f9eb7d0e6aa">
      <Execution id="bcfc4d8f-6b6c-4deb-8ba6-84343f95fca2" />
      <TestMethod codeBase="/app/src/ClickUp.Api.Client.Tests/bin/Debug/net9.0/ClickUp.Api.Client.Tests.dll" adapterTypeName="executor://xunit/VsTestRunner2/netcoreapp" className="ClickUp.Api.Client.Tests.ServiceTests.ChatServiceTests" name="GetChatMessageRepliesAsync_NullResponse_ThrowsInvalidOperationException" />
    </UnitTest>
    <UnitTest name="ClickUp.Api.Client.Tests.ServiceTests.WebhooksServiceTests.GetWebhooksAsync_ApiReturnsNullResponse_ReturnsEmptyEnumerable" storage="/app/src/clickup.api.client.tests/bin/debug/net9.0/clickup.api.client.tests.dll" id="d4c2b297-8dff-48fc-f568-86d5264bc62f">
      <Execution id="d083beea-3856-4bcf-8b40-d191ff4e9c69" />
      <TestMethod codeBase="/app/src/ClickUp.Api.Client.Tests/bin/Debug/net9.0/ClickUp.Api.Client.Tests.dll" adapterTypeName="executor://xunit/VsTestRunner2/netcoreapp" className="ClickUp.Api.Client.Tests.ServiceTests.WebhooksServiceTests" name="GetWebhooksAsync_ApiReturnsNullResponse_ReturnsEmptyEnumerable" />
    </UnitTest>
    <UnitTest name="ClickUp.Api.Client.Tests.Http.ApiConnectionTests.GetAsync_ThrowsClickUpApiValidationException_ForUnprocessableEntity" storage="/app/src/clickup.api.client.tests/bin/debug/net9.0/clickup.api.client.tests.dll" id="c813dab8-ded2-b372-f84d-2989bfcad19b">
      <Execution id="3138d104-8586-4fd3-89b9-c7b24821e7a5" />
      <TestMethod codeBase="/app/src/ClickUp.Api.Client.Tests/bin/Debug/net9.0/ClickUp.Api.Client.Tests.dll" adapterTypeName="executor://xunit/VsTestRunner2/netcoreapp" className="ClickUp.Api.Client.Tests.Http.ApiConnectionTests" name="GetAsync_ThrowsClickUpApiValidationException_ForUnprocessableEntity" />
    </UnitTest>
    <UnitTest name="ClickUp.Api.Client.Tests.ServiceTests.MembersServiceTests.GetTaskMembersAsync_ApiConnectionThrowsTaskCanceledException_PropagatesException" storage="/app/src/clickup.api.client.tests/bin/debug/net9.0/clickup.api.client.tests.dll" id="b2f32484-a5e7-baee-136b-ccf738df26ea">
      <Execution id="12635c3c-483b-4173-8791-d83bc81a1de9" />
      <TestMethod codeBase="/app/src/ClickUp.Api.Client.Tests/bin/Debug/net9.0/ClickUp.Api.Client.Tests.dll" adapterTypeName="executor://xunit/VsTestRunner2/netcoreapp" className="ClickUp.Api.Client.Tests.ServiceTests.MembersServiceTests" name="GetTaskMembersAsync_ApiConnectionThrowsTaskCanceledException_PropagatesException" />
    </UnitTest>
    <UnitTest name="ClickUp.Api.Client.Tests.Http.AuthenticationDelegatingHandlerTests.Constructor_WithInvalidApiKey_ShouldThrowArgumentNullException(invalidApiKey: &quot; &quot;)" storage="/app/src/clickup.api.client.tests/bin/debug/net9.0/clickup.api.client.tests.dll" id="76c2b4cc-ba0a-5bcb-2c62-73d653a66d47">
      <Execution id="19a0bef8-afc1-4fae-96ce-c2e0cea64f93" />
      <TestMethod codeBase="/app/src/ClickUp.Api.Client.Tests/bin/Debug/net9.0/ClickUp.Api.Client.Tests.dll" adapterTypeName="executor://xunit/VsTestRunner2/netcoreapp" className="ClickUp.Api.Client.Tests.Http.AuthenticationDelegatingHandlerTests" name="Constructor_WithInvalidApiKey_ShouldThrowArgumentNullException" />
    </UnitTest>
    <UnitTest name="ClickUp.Api.Client.Tests.ServiceTests.AttachmentsServiceTests.CreateTaskAttachmentAsync_WithCustomTaskIdsAndTeamId_BuildsCorrectEndpoint" storage="/app/src/clickup.api.client.tests/bin/debug/net9.0/clickup.api.client.tests.dll" id="1ec5e2d0-3801-1f1b-660e-841b341b6ed8">
      <Execution id="4392b61c-60cb-43b1-ac45-4e2a9c31851e" />
      <TestMethod codeBase="/app/src/ClickUp.Api.Client.Tests/bin/Debug/net9.0/ClickUp.Api.Client.Tests.dll" adapterTypeName="executor://xunit/VsTestRunner2/netcoreapp" className="ClickUp.Api.Client.Tests.ServiceTests.AttachmentsServiceTests" name="CreateTaskAttachmentAsync_WithCustomTaskIdsAndTeamId_BuildsCorrectEndpoint" />
    </UnitTest>
    <UnitTest name="ClickUp.Api.Client.Tests.ServiceTests.SpacesServiceTests.UpdateSpaceAsync_PassesCancellationTokenToApiConnection" storage="/app/src/clickup.api.client.tests/bin/debug/net9.0/clickup.api.client.tests.dll" id="0be596ed-20ca-13c8-b1d0-4c31b3ab9f75">
      <Execution id="34ae653e-1831-440b-ac18-b056ad6d5b85" />
      <TestMethod codeBase="/app/src/ClickUp.Api.Client.Tests/bin/Debug/net9.0/ClickUp.Api.Client.Tests.dll" adapterTypeName="executor://xunit/VsTestRunner2/netcoreapp" className="ClickUp.Api.Client.Tests.ServiceTests.SpacesServiceTests" name="UpdateSpaceAsync_PassesCancellationTokenToApiConnection" />
    </UnitTest>
    <UnitTest name="ClickUp.Api.Client.Tests.ServiceTests.ChatServiceTests.CreateDirectMessageChatChannelAsync_NullResponse_ThrowsInvalidOperationException" storage="/app/src/clickup.api.client.tests/bin/debug/net9.0/clickup.api.client.tests.dll" id="deaa7d6d-5179-48ff-d03d-6b99299e1d96">
      <Execution id="febe4aa5-ffda-4718-9069-b3971f5db6a0" />
      <TestMethod codeBase="/app/src/ClickUp.Api.Client.Tests/bin/Debug/net9.0/ClickUp.Api.Client.Tests.dll" adapterTypeName="executor://xunit/VsTestRunner2/netcoreapp" className="ClickUp.Api.Client.Tests.ServiceTests.ChatServiceTests" name="CreateDirectMessageChatChannelAsync_NullResponse_ThrowsInvalidOperationException" />
    </UnitTest>
    <UnitTest name="ClickUp.Api.Client.Tests.ServiceTests.FoldersServiceTests.GetFolderAsync_ApiConnectionThrowsTaskCanceledException_PropagatesException" storage="/app/src/clickup.api.client.tests/bin/debug/net9.0/clickup.api.client.tests.dll" id="f0f83b5a-596a-0ab8-09af-a0a880cb9a69">
      <Execution id="6f4025d3-e7a5-4be8-b08c-e8fe8de84434" />
      <TestMethod codeBase="/app/src/ClickUp.Api.Client.Tests/bin/Debug/net9.0/ClickUp.Api.Client.Tests.dll" adapterTypeName="executor://xunit/VsTestRunner2/netcoreapp" className="ClickUp.Api.Client.Tests.ServiceTests.FoldersServiceTests" name="GetFolderAsync_ApiConnectionThrowsTaskCanceledException_PropagatesException" />
    </UnitTest>
    <UnitTest name="ClickUp.Api.Client.Tests.ServiceTests.TimeTrackingServiceTests.GetRunningTimeEntryAsync_WhenTimerIsRunning_ReturnsTimeEntry" storage="/app/src/clickup.api.client.tests/bin/debug/net9.0/clickup.api.client.tests.dll" id="f4ff0c79-3ea2-68e3-d566-a1db5c61fda0">
      <Execution id="f7299b92-2011-46d0-a26c-6821f90fe4b2" />
      <TestMethod codeBase="/app/src/ClickUp.Api.Client.Tests/bin/Debug/net9.0/ClickUp.Api.Client.Tests.dll" adapterTypeName="executor://xunit/VsTestRunner2/netcoreapp" className="ClickUp.Api.Client.Tests.ServiceTests.TimeTrackingServiceTests" name="GetRunningTimeEntryAsync_WhenTimerIsRunning_ReturnsTimeEntry" />
    </UnitTest>
    <UnitTest name="ClickUp.Api.Client.Tests.ServiceTests.TaskChecklistsServiceTests.CreateChecklistAsync_ApiConnectionThrowsTaskCanceledException_PropagatesException" storage="/app/src/clickup.api.client.tests/bin/debug/net9.0/clickup.api.client.tests.dll" id="5ec4b980-14a9-daae-341a-f8bfcb17afca">
      <Execution id="33a06bcd-c836-4cbd-bc16-07689c310d69" />
      <TestMethod codeBase="/app/src/ClickUp.Api.Client.Tests/bin/Debug/net9.0/ClickUp.Api.Client.Tests.dll" adapterTypeName="executor://xunit/VsTestRunner2/netcoreapp" className="ClickUp.Api.Client.Tests.ServiceTests.TaskChecklistsServiceTests" name="CreateChecklistAsync_ApiConnectionThrowsTaskCanceledException_PropagatesException" />
    </UnitTest>
    <UnitTest name="ClickUp.Api.Client.Tests.ServiceTests.TimeTrackingServiceTests.ChangeTimeEntryTagNameAsync_ApiConnectionThrowsTaskCanceledException_PropagatesException" storage="/app/src/clickup.api.client.tests/bin/debug/net9.0/clickup.api.client.tests.dll" id="443f2da3-b089-a650-7bb5-fbd792906525">
      <Execution id="06c172c3-e462-415d-9eb3-2e8ef5617a88" />
      <TestMethod codeBase="/app/src/ClickUp.Api.Client.Tests/bin/Debug/net9.0/ClickUp.Api.Client.Tests.dll" adapterTypeName="executor://xunit/VsTestRunner2/netcoreapp" className="ClickUp.Api.Client.Tests.ServiceTests.TimeTrackingServiceTests" name="ChangeTimeEntryTagNameAsync_ApiConnectionThrowsTaskCanceledException_PropagatesException" />
    </UnitTest>
    <UnitTest name="ClickUp.Api.Client.Tests.ServiceTests.GuestsServiceTests.RemoveGuestFromListAsync_NullApiResponse_ThrowsInvalidOperationException" storage="/app/src/clickup.api.client.tests/bin/debug/net9.0/clickup.api.client.tests.dll" id="d0d582a8-0c22-e0d2-4278-1deb51f5a180">
      <Execution id="164c7bc9-1c3b-4ad7-8dcd-27e598c26eb1" />
      <TestMethod codeBase="/app/src/ClickUp.Api.Client.Tests/bin/Debug/net9.0/ClickUp.Api.Client.Tests.dll" adapterTypeName="executor://xunit/VsTestRunner2/netcoreapp" className="ClickUp.Api.Client.Tests.ServiceTests.GuestsServiceTests" name="RemoveGuestFromListAsync_NullApiResponse_ThrowsInvalidOperationException" />
    </UnitTest>
    <UnitTest name="ClickUp.Api.Client.Tests.ServiceTests.TimeTrackingServiceTests.GetAllTimeEntryTagsAsync_ApiConnectionThrowsHttpRequestException_PropagatesException" storage="/app/src/clickup.api.client.tests/bin/debug/net9.0/clickup.api.client.tests.dll" id="c53c3423-ff8d-701c-7fc4-4700e82a795f">
      <Execution id="e5a02225-2a81-404b-8d04-03709bcbfd74" />
      <TestMethod codeBase="/app/src/ClickUp.Api.Client.Tests/bin/Debug/net9.0/ClickUp.Api.Client.Tests.dll" adapterTypeName="executor://xunit/VsTestRunner2/netcoreapp" className="ClickUp.Api.Client.Tests.ServiceTests.TimeTrackingServiceTests" name="GetAllTimeEntryTagsAsync_ApiConnectionThrowsHttpRequestException_PropagatesException" />
    </UnitTest>
    <UnitTest name="ClickUp.Api.Client.Tests.ServiceTests.UserGroupServiceTests.GetUserGroupsAsync_ApiReturnsNullResponse_ReturnsEmptyEnumerable" storage="/app/src/clickup.api.client.tests/bin/debug/net9.0/clickup.api.client.tests.dll" id="0180afdd-c3e5-7768-4cef-4956e2f0279d">
      <Execution id="0ed4b256-f029-4183-bf90-3e6a91adf788" />
      <TestMethod codeBase="/app/src/ClickUp.Api.Client.Tests/bin/Debug/net9.0/ClickUp.Api.Client.Tests.dll" adapterTypeName="executor://xunit/VsTestRunner2/netcoreapp" className="ClickUp.Api.Client.Tests.ServiceTests.UserGroupServiceTests" name="GetUserGroupsAsync_ApiReturnsNullResponse_ReturnsEmptyEnumerable" />
    </UnitTest>
    <UnitTest name="ClickUp.Api.Client.Tests.ServiceTests.TimeTrackingServiceTests.GetTimeEntriesAsyncEnumerableAsync_ReturnsAllEntries_WhenMultiplePages" storage="/app/src/clickup.api.client.tests/bin/debug/net9.0/clickup.api.client.tests.dll" id="af0e0e72-bb63-75ce-190c-aa98042ba6b1">
      <Execution id="1cbdf02f-0d61-4e17-9227-4f008d8fd51f" />
      <TestMethod codeBase="/app/src/ClickUp.Api.Client.Tests/bin/Debug/net9.0/ClickUp.Api.Client.Tests.dll" adapterTypeName="executor://xunit/VsTestRunner2/netcoreapp" className="ClickUp.Api.Client.Tests.ServiceTests.TimeTrackingServiceTests" name="GetTimeEntriesAsyncEnumerableAsync_ReturnsAllEntries_WhenMultiplePages" />
    </UnitTest>
    <UnitTest name="ClickUp.Api.Client.Tests.ServiceTests.DocsServiceTests.GetDocPageListingAsync_ApiConnectionThrowsTaskCanceledException_PropagatesException" storage="/app/src/clickup.api.client.tests/bin/debug/net9.0/clickup.api.client.tests.dll" id="3ec3d362-7dab-82c9-c789-b46f7915f705">
      <Execution id="34553d80-3a8f-4370-a7f9-2086b881f202" />
      <TestMethod codeBase="/app/src/ClickUp.Api.Client.Tests/bin/Debug/net9.0/ClickUp.Api.Client.Tests.dll" adapterTypeName="executor://xunit/VsTestRunner2/netcoreapp" className="ClickUp.Api.Client.Tests.ServiceTests.DocsServiceTests" name="GetDocPageListingAsync_ApiConnectionThrowsTaskCanceledException_PropagatesException" />
    </UnitTest>
    <UnitTest name="ClickUp.Api.Client.Tests.ServiceTests.CommentServiceTests.GetChatViewCommentsStreamAsync_IAsyncEnumerable_HandlesApiError" storage="/app/src/clickup.api.client.tests/bin/debug/net9.0/clickup.api.client.tests.dll" id="8dde9b4f-5d4e-aafa-6015-bfdb73c367d3">
      <Execution id="92182d48-93d7-46ed-a0bb-51707531a51f" />
      <TestMethod codeBase="/app/src/ClickUp.Api.Client.Tests/bin/Debug/net9.0/ClickUp.Api.Client.Tests.dll" adapterTypeName="executor://xunit/VsTestRunner2/netcoreapp" className="ClickUp.Api.Client.Tests.ServiceTests.CommentServiceTests" name="GetChatViewCommentsStreamAsync_IAsyncEnumerable_HandlesApiError" />
    </UnitTest>
    <UnitTest name="ClickUp.Api.Client.Tests.ServiceTests.DocsServiceTests.GetDocPagesAsync_ApiError_ThrowsHttpRequestException" storage="/app/src/clickup.api.client.tests/bin/debug/net9.0/clickup.api.client.tests.dll" id="b81c1618-316b-5c50-d8bb-6cce05c2b1d6">
      <Execution id="13cb44f6-5a05-4a65-b779-61fa1e1e558f" />
      <TestMethod codeBase="/app/src/ClickUp.Api.Client.Tests/bin/Debug/net9.0/ClickUp.Api.Client.Tests.dll" adapterTypeName="executor://xunit/VsTestRunner2/netcoreapp" className="ClickUp.Api.Client.Tests.ServiceTests.DocsServiceTests" name="GetDocPagesAsync_ApiError_ThrowsHttpRequestException" />
    </UnitTest>
    <UnitTest name="ClickUp.Api.Client.Tests.ServiceTests.GuestsServiceTests.InviteGuestToWorkspaceAsync_ApiConnectionThrowsTaskCanceledException_PropagatesException" storage="/app/src/clickup.api.client.tests/bin/debug/net9.0/clickup.api.client.tests.dll" id="fb09f46d-211c-0a0f-4cae-4689d463b1bf">
      <Execution id="ef4f2a01-c56f-44a5-84a1-16b5b16638c4" />
      <TestMethod codeBase="/app/src/ClickUp.Api.Client.Tests/bin/Debug/net9.0/ClickUp.Api.Client.Tests.dll" adapterTypeName="executor://xunit/VsTestRunner2/netcoreapp" className="ClickUp.Api.Client.Tests.ServiceTests.GuestsServiceTests" name="InviteGuestToWorkspaceAsync_ApiConnectionThrowsTaskCanceledException_PropagatesException" />
    </UnitTest>
    <UnitTest name="ClickUp.Api.Client.Tests.ServiceTests.SpacesServiceTests.GetSpacesAsync_ValidWorkspaceId_ReturnsSpaces" storage="/app/src/clickup.api.client.tests/bin/debug/net9.0/clickup.api.client.tests.dll" id="ad2f2747-ece5-41db-df6e-26eeee601f8b">
      <Execution id="a461334a-cdc9-463a-95e6-3638519d90f4" />
      <TestMethod codeBase="/app/src/ClickUp.Api.Client.Tests/bin/Debug/net9.0/ClickUp.Api.Client.Tests.dll" adapterTypeName="executor://xunit/VsTestRunner2/netcoreapp" className="ClickUp.Api.Client.Tests.ServiceTests.SpacesServiceTests" name="GetSpacesAsync_ValidWorkspaceId_ReturnsSpaces" />
    </UnitTest>
    <UnitTest name="ClickUp.Api.Client.Tests.ServiceTests.WorkspacesServiceTests.GetWorkspaceSeatsAsync_ApiReturnsNullResponse_ThrowsInvalidOperationException" storage="/app/src/clickup.api.client.tests/bin/debug/net9.0/clickup.api.client.tests.dll" id="112fd369-9f78-6ab1-720e-45063c084bcf">
      <Execution id="bd98f085-0489-4940-af79-60d8b35ace62" />
      <TestMethod codeBase="/app/src/ClickUp.Api.Client.Tests/bin/Debug/net9.0/ClickUp.Api.Client.Tests.dll" adapterTypeName="executor://xunit/VsTestRunner2/netcoreapp" className="ClickUp.Api.Client.Tests.ServiceTests.WorkspacesServiceTests" name="GetWorkspaceSeatsAsync_ApiReturnsNullResponse_ThrowsInvalidOperationException" />
    </UnitTest>
    <UnitTest name="ClickUp.Api.Client.Tests.ServiceTests.ChatServiceTests.CreateLocationChatChannelAsync_NullDataInResponse_ThrowsInvalidOperationException" storage="/app/src/clickup.api.client.tests/bin/debug/net9.0/clickup.api.client.tests.dll" id="f3a8a3fa-588f-6a24-409b-f2796686733d">
      <Execution id="714e6921-0491-428f-aedb-417c6c0b3398" />
      <TestMethod codeBase="/app/src/ClickUp.Api.Client.Tests/bin/Debug/net9.0/ClickUp.Api.Client.Tests.dll" adapterTypeName="executor://xunit/VsTestRunner2/netcoreapp" className="ClickUp.Api.Client.Tests.ServiceTests.ChatServiceTests" name="CreateLocationChatChannelAsync_NullDataInResponse_ThrowsInvalidOperationException" />
    </UnitTest>
    <UnitTest name="ClickUp.Api.Client.Tests.ServiceTests.SpacesServiceTests.GetSpacesAsync_ApiReturnsResponseWithNullSpaces_ReturnsEmptyEnumerable" storage="/app/src/clickup.api.client.tests/bin/debug/net9.0/clickup.api.client.tests.dll" id="173cddce-20b5-b1cf-f1bb-6e624f03b3b2">
      <Execution id="38d314aa-9cd6-410e-b2e6-922c637a476a" />
      <TestMethod codeBase="/app/src/ClickUp.Api.Client.Tests/bin/Debug/net9.0/ClickUp.Api.Client.Tests.dll" adapterTypeName="executor://xunit/VsTestRunner2/netcoreapp" className="ClickUp.Api.Client.Tests.ServiceTests.SpacesServiceTests" name="GetSpacesAsync_ApiReturnsResponseWithNullSpaces_ReturnsEmptyEnumerable" />
    </UnitTest>
    <UnitTest name="ClickUp.Api.Client.Tests.ServiceTests.RolesServiceTests.GetCustomRolesAsync_ApiConnectionThrowsHttpRequestException_PropagatesException" storage="/app/src/clickup.api.client.tests/bin/debug/net9.0/clickup.api.client.tests.dll" id="4b91ee2a-0556-a45e-2120-00f52c47f460">
      <Execution id="4821d692-0600-4584-b765-73e161e985d8" />
      <TestMethod codeBase="/app/src/ClickUp.Api.Client.Tests/bin/Debug/net9.0/ClickUp.Api.Client.Tests.dll" adapterTypeName="executor://xunit/VsTestRunner2/netcoreapp" className="ClickUp.Api.Client.Tests.ServiceTests.RolesServiceTests" name="GetCustomRolesAsync_ApiConnectionThrowsHttpRequestException_PropagatesException" />
    </UnitTest>
    <UnitTest name="ClickUp.Api.Client.Tests.ServiceTests.CustomFieldsServiceTests.GetWorkspaceCustomFieldsAsync_ApiError_ThrowsHttpRequestException" storage="/app/src/clickup.api.client.tests/bin/debug/net9.0/clickup.api.client.tests.dll" id="2b8edfa7-90a8-7c8f-bd51-68f140a4326e">
      <Execution id="1a8edb7a-cd3e-4220-8f9f-5bc99bf0dd48" />
      <TestMethod codeBase="/app/src/ClickUp.Api.Client.Tests/bin/Debug/net9.0/ClickUp.Api.Client.Tests.dll" adapterTypeName="executor://xunit/VsTestRunner2/netcoreapp" className="ClickUp.Api.Client.Tests.ServiceTests.CustomFieldsServiceTests" name="GetWorkspaceCustomFieldsAsync_ApiError_ThrowsHttpRequestException" />
    </UnitTest>
    <UnitTest name="ClickUp.Api.Client.Tests.ServiceTests.TaskRelationshipsServiceTests.AddDependencyAsync_BothDependsOnAndDependencyOf_ThrowsArgumentException" storage="/app/src/clickup.api.client.tests/bin/debug/net9.0/clickup.api.client.tests.dll" id="d3304698-5ea1-efe1-87f7-f7522dd04418">
      <Execution id="598b71e0-cd8e-4d4e-a196-ef204384f385" />
      <TestMethod codeBase="/app/src/ClickUp.Api.Client.Tests/bin/Debug/net9.0/ClickUp.Api.Client.Tests.dll" adapterTypeName="executor://xunit/VsTestRunner2/netcoreapp" className="ClickUp.Api.Client.Tests.ServiceTests.TaskRelationshipsServiceTests" name="AddDependencyAsync_BothDependsOnAndDependencyOf_ThrowsArgumentException" />
    </UnitTest>
    <UnitTest name="ClickUp.Api.Client.Tests.ServiceTests.GoalsServiceTests.CreateGoalAsync_ApiReturnsNullGoalInResponse_ThrowsInvalidOperationException" storage="/app/src/clickup.api.client.tests/bin/debug/net9.0/clickup.api.client.tests.dll" id="574450ea-f124-3a1f-aa8f-f6c0ff788a71">
      <Execution id="7b5836e5-1f26-4f1a-bfd0-9ee97f3caa63" />
      <TestMethod codeBase="/app/src/ClickUp.Api.Client.Tests/bin/Debug/net9.0/ClickUp.Api.Client.Tests.dll" adapterTypeName="executor://xunit/VsTestRunner2/netcoreapp" className="ClickUp.Api.Client.Tests.ServiceTests.GoalsServiceTests" name="CreateGoalAsync_ApiReturnsNullGoalInResponse_ThrowsInvalidOperationException" />
    </UnitTest>
    <UnitTest name="ClickUp.Api.Client.Tests.ServiceTests.TaskChecklistsServiceTests.CreateChecklistAsync_ApiReturnsNullResponse_ThrowsInvalidOperationException" storage="/app/src/clickup.api.client.tests/bin/debug/net9.0/clickup.api.client.tests.dll" id="ea9488c9-11bc-5c71-e6cc-7c27d8788554">
      <Execution id="42b95de2-a4cb-4ab2-a1d0-3127bebaf5ee" />
      <TestMethod codeBase="/app/src/ClickUp.Api.Client.Tests/bin/Debug/net9.0/ClickUp.Api.Client.Tests.dll" adapterTypeName="executor://xunit/VsTestRunner2/netcoreapp" className="ClickUp.Api.Client.Tests.ServiceTests.TaskChecklistsServiceTests" name="CreateChecklistAsync_ApiReturnsNullResponse_ThrowsInvalidOperationException" />
    </UnitTest>
    <UnitTest name="ClickUp.Api.Client.Tests.ServiceTests.CommentServiceTests.CreateChatViewCommentAsync_ApiConnectionReturnsNull_ThrowsInvalidOperationException" storage="/app/src/clickup.api.client.tests/bin/debug/net9.0/clickup.api.client.tests.dll" id="19881caf-b46a-2517-3bbb-94c4b3d38103">
      <Execution id="cf87778e-d628-4993-a6ed-a48b2dd0a820" />
      <TestMethod codeBase="/app/src/ClickUp.Api.Client.Tests/bin/Debug/net9.0/ClickUp.Api.Client.Tests.dll" adapterTypeName="executor://xunit/VsTestRunner2/netcoreapp" className="ClickUp.Api.Client.Tests.ServiceTests.CommentServiceTests" name="CreateChatViewCommentAsync_ApiConnectionReturnsNull_ThrowsInvalidOperationException" />
    </UnitTest>
    <UnitTest name="ClickUp.Api.Client.Tests.ServiceTests.CommentServiceTests.GetTaskCommentsAsync_IAsyncEnumerable_ReturnsAllComments_WhenSinglePage" storage="/app/src/clickup.api.client.tests/bin/debug/net9.0/clickup.api.client.tests.dll" id="50c5abd6-7b0a-4348-78da-8a2e086832a2">
      <Execution id="c3e4266f-2995-4b5a-b985-19f218b32274" />
      <TestMethod codeBase="/app/src/ClickUp.Api.Client.Tests/bin/Debug/net9.0/ClickUp.Api.Client.Tests.dll" adapterTypeName="executor://xunit/VsTestRunner2/netcoreapp" className="ClickUp.Api.Client.Tests.ServiceTests.CommentServiceTests" name="GetTaskCommentsAsync_IAsyncEnumerable_ReturnsAllComments_WhenSinglePage" />
    </UnitTest>
    <UnitTest name="ClickUp.Api.Client.Tests.ServiceTests.ChatServiceTests.GetChatMessageRepliesAsync_MinimalRequest_BuildsUrlAndReturnsResponse" storage="/app/src/clickup.api.client.tests/bin/debug/net9.0/clickup.api.client.tests.dll" id="8abaa201-50e1-f647-bec2-b35a68581c38">
      <Execution id="0d27138b-e71a-471d-8032-91b75e59dbb1" />
      <TestMethod codeBase="/app/src/ClickUp.Api.Client.Tests/bin/Debug/net9.0/ClickUp.Api.Client.Tests.dll" adapterTypeName="executor://xunit/VsTestRunner2/netcoreapp" className="ClickUp.Api.Client.Tests.ServiceTests.ChatServiceTests" name="GetChatMessageRepliesAsync_MinimalRequest_BuildsUrlAndReturnsResponse" />
    </UnitTest>
    <UnitTest name="ClickUp.Api.Client.Tests.ServiceTests.DocsServiceTests.CreatePageAsync_ApiError_ThrowsHttpRequestException" storage="/app/src/clickup.api.client.tests/bin/debug/net9.0/clickup.api.client.tests.dll" id="eada2816-e2a5-7237-2f8a-db27e9f63065">
      <Execution id="ed489897-7c92-46d8-8255-ced833be7936" />
      <TestMethod codeBase="/app/src/ClickUp.Api.Client.Tests/bin/Debug/net9.0/ClickUp.Api.Client.Tests.dll" adapterTypeName="executor://xunit/VsTestRunner2/netcoreapp" className="ClickUp.Api.Client.Tests.ServiceTests.DocsServiceTests" name="CreatePageAsync_ApiError_ThrowsHttpRequestException" />
    </UnitTest>
    <UnitTest name="ClickUp.Api.Client.Tests.Models.Common.MemberTests.Member_ShouldDeserializeCorrectly_WhenOptionalPropertiesAreMissing" storage="/app/src/clickup.api.client.tests/bin/debug/net9.0/clickup.api.client.tests.dll" id="2c0fff85-7492-bb9b-c2bf-9c38f36f1d11">
      <Execution id="efb58b37-752b-4eac-984c-1edef4c2bf5a" />
      <TestMethod codeBase="/app/src/ClickUp.Api.Client.Tests/bin/Debug/net9.0/ClickUp.Api.Client.Tests.dll" adapterTypeName="executor://xunit/VsTestRunner2/netcoreapp" className="ClickUp.Api.Client.Tests.Models.Common.MemberTests" name="Member_ShouldDeserializeCorrectly_WhenOptionalPropertiesAreMissing" />
    </UnitTest>
    <UnitTest name="ClickUp.Api.Client.Tests.ServiceTests.DocsServiceTests.GetPageAsync_MinimalRequest_BuildsUrlAndReturnsPage" storage="/app/src/clickup.api.client.tests/bin/debug/net9.0/clickup.api.client.tests.dll" id="f5b39a06-2e13-888e-4fa4-e84b24b30d0d">
      <Execution id="83a1c366-3cab-4568-8fb0-0c03f12ff987" />
      <TestMethod codeBase="/app/src/ClickUp.Api.Client.Tests/bin/Debug/net9.0/ClickUp.Api.Client.Tests.dll" adapterTypeName="executor://xunit/VsTestRunner2/netcoreapp" className="ClickUp.Api.Client.Tests.ServiceTests.DocsServiceTests" name="GetPageAsync_MinimalRequest_BuildsUrlAndReturnsPage" />
    </UnitTest>
    <UnitTest name="ClickUp.Api.Client.Tests.ServiceTests.ChatServiceTests.GetChatMessagesAsync_MinimalRequest_BuildsUrlAndReturnsResponse" storage="/app/src/clickup.api.client.tests/bin/debug/net9.0/clickup.api.client.tests.dll" id="2f460b08-43e7-5cfb-1f41-b11a2f92b56f">
      <Execution id="151853cc-b584-4c72-b26c-704d93e9b6e6" />
      <TestMethod codeBase="/app/src/ClickUp.Api.Client.Tests/bin/Debug/net9.0/ClickUp.Api.Client.Tests.dll" adapterTypeName="executor://xunit/VsTestRunner2/netcoreapp" className="ClickUp.Api.Client.Tests.ServiceTests.ChatServiceTests" name="GetChatMessagesAsync_MinimalRequest_BuildsUrlAndReturnsResponse" />
    </UnitTest>
    <UnitTest name="ClickUp.Api.Client.Tests.ServiceTests.ChatServiceTests.GetChatMessageRepliesAsync_ApiError_ThrowsHttpRequestException" storage="/app/src/clickup.api.client.tests/bin/debug/net9.0/clickup.api.client.tests.dll" id="a3e51ec7-b3af-413f-6ae4-8f1fbff3734c">
      <Execution id="60016c1d-5eb3-4896-8cb2-74088410de72" />
      <TestMethod codeBase="/app/src/ClickUp.Api.Client.Tests/bin/Debug/net9.0/ClickUp.Api.Client.Tests.dll" adapterTypeName="executor://xunit/VsTestRunner2/netcoreapp" className="ClickUp.Api.Client.Tests.ServiceTests.ChatServiceTests" name="GetChatMessageRepliesAsync_ApiError_ThrowsHttpRequestException" />
    </UnitTest>
    <UnitTest name="ClickUp.Api.Client.Tests.ServiceTests.CustomFieldsServiceTests.GetAccessibleCustomFieldsAsync_NullResponse_ReturnsEmptyList" storage="/app/src/clickup.api.client.tests/bin/debug/net9.0/clickup.api.client.tests.dll" id="57026cfb-7399-a346-baa6-26f7f3bcc001">
      <Execution id="dd31f37c-c8cc-4b31-9560-ae382b6dd53d" />
      <TestMethod codeBase="/app/src/ClickUp.Api.Client.Tests/bin/Debug/net9.0/ClickUp.Api.Client.Tests.dll" adapterTypeName="executor://xunit/VsTestRunner2/netcoreapp" className="ClickUp.Api.Client.Tests.ServiceTests.CustomFieldsServiceTests" name="GetAccessibleCustomFieldsAsync_NullResponse_ReturnsEmptyList" />
    </UnitTest>
    <UnitTest name="ClickUp.Api.Client.Tests.ServiceTests.GuestsServiceTests.RemoveGuestFromFolderAsync_PassesCancellationTokenToApiConnection" storage="/app/src/clickup.api.client.tests/bin/debug/net9.0/clickup.api.client.tests.dll" id="976057f5-1513-1aff-d45f-402de7473011">
      <Execution id="7f263560-95c6-4bbf-a938-ccaa16ad0b85" />
      <TestMethod codeBase="/app/src/ClickUp.Api.Client.Tests/bin/Debug/net9.0/ClickUp.Api.Client.Tests.dll" adapterTypeName="executor://xunit/VsTestRunner2/netcoreapp" className="ClickUp.Api.Client.Tests.ServiceTests.GuestsServiceTests" name="RemoveGuestFromFolderAsync_PassesCancellationTokenToApiConnection" />
    </UnitTest>
    <UnitTest name="ClickUp.Api.Client.Tests.ServiceTests.GoalsServiceTests.CreateGoalAsync_ApiError_ThrowsHttpRequestException" storage="/app/src/clickup.api.client.tests/bin/debug/net9.0/clickup.api.client.tests.dll" id="93a946a5-103f-9951-c4fb-21add3658490">
      <Execution id="4eaae6a8-e23a-41c0-a240-c296ab5d11c2" />
      <TestMethod codeBase="/app/src/ClickUp.Api.Client.Tests/bin/Debug/net9.0/ClickUp.Api.Client.Tests.dll" adapterTypeName="executor://xunit/VsTestRunner2/netcoreapp" className="ClickUp.Api.Client.Tests.ServiceTests.GoalsServiceTests" name="CreateGoalAsync_ApiError_ThrowsHttpRequestException" />
    </UnitTest>
    <UnitTest name="ClickUp.Api.Client.Tests.ServiceTests.FoldersServiceTests.CreateFolderAsync_ApiConnectionThrowsTaskCanceledException_PropagatesException" storage="/app/src/clickup.api.client.tests/bin/debug/net9.0/clickup.api.client.tests.dll" id="062b9029-8b37-6fb7-1cef-0200c21085ad">
      <Execution id="a6d5f4fe-a995-49c1-bc7f-854a787d3728" />
      <TestMethod codeBase="/app/src/ClickUp.Api.Client.Tests/bin/Debug/net9.0/ClickUp.Api.Client.Tests.dll" adapterTypeName="executor://xunit/VsTestRunner2/netcoreapp" className="ClickUp.Api.Client.Tests.ServiceTests.FoldersServiceTests" name="CreateFolderAsync_ApiConnectionThrowsTaskCanceledException_PropagatesException" />
    </UnitTest>
    <UnitTest name="ClickUp.Api.Client.Tests.ServiceTests.UserGroupServiceTests.GetUserGroupsAsync_ApiConnectionThrowsTaskCanceledException_PropagatesException" storage="/app/src/clickup.api.client.tests/bin/debug/net9.0/clickup.api.client.tests.dll" id="0bc15a78-ab39-3aa8-3013-acecb5d67602">
      <Execution id="8c63bcaf-db97-4d5f-a1d2-b233783eee3f" />
      <TestMethod codeBase="/app/src/ClickUp.Api.Client.Tests/bin/Debug/net9.0/ClickUp.Api.Client.Tests.dll" adapterTypeName="executor://xunit/VsTestRunner2/netcoreapp" className="ClickUp.Api.Client.Tests.ServiceTests.UserGroupServiceTests" name="GetUserGroupsAsync_ApiConnectionThrowsTaskCanceledException_PropagatesException" />
    </UnitTest>
    <UnitTest name="ClickUp.Api.Client.Tests.ServiceTests.TaskRelationshipsServiceTests.DeleteDependencyAsync_WithDependsOn_CallsDeleteAsyncWithCorrectUrl" storage="/app/src/clickup.api.client.tests/bin/debug/net9.0/clickup.api.client.tests.dll" id="2be44ee8-b70c-9a27-4d16-5b0b81c74ea0">
      <Execution id="50194916-ab4b-4f11-ad45-eda26e5f53ce" />
      <TestMethod codeBase="/app/src/ClickUp.Api.Client.Tests/bin/Debug/net9.0/ClickUp.Api.Client.Tests.dll" adapterTypeName="executor://xunit/VsTestRunner2/netcoreapp" className="ClickUp.Api.Client.Tests.ServiceTests.TaskRelationshipsServiceTests" name="DeleteDependencyAsync_WithDependsOn_CallsDeleteAsyncWithCorrectUrl" />
    </UnitTest>
    <UnitTest name="ClickUp.Api.Client.Tests.ServiceTests.TimeTrackingServiceTests.GetTimeEntriesAsync_WithAllRequestParameters_BuildsCorrectUrl" storage="/app/src/clickup.api.client.tests/bin/debug/net9.0/clickup.api.client.tests.dll" id="ab45238f-0962-86b9-1aeb-168e6306c508">
      <Execution id="66107c0c-ed75-4f1f-a739-ca96fd5b6668" />
      <TestMethod codeBase="/app/src/ClickUp.Api.Client.Tests/bin/Debug/net9.0/ClickUp.Api.Client.Tests.dll" adapterTypeName="executor://xunit/VsTestRunner2/netcoreapp" className="ClickUp.Api.Client.Tests.ServiceTests.TimeTrackingServiceTests" name="GetTimeEntriesAsync_WithAllRequestParameters_BuildsCorrectUrl" />
    </UnitTest>
    <UnitTest name="ClickUp.Api.Client.Tests.ServiceTests.TimeTrackingServiceTests.UpdateTimeEntryAsync_ApiReturnsNullResponse_ThrowsInvalidOperationException" storage="/app/src/clickup.api.client.tests/bin/debug/net9.0/clickup.api.client.tests.dll" id="37cf5525-c82f-3c56-5ac8-e74d70210968">
      <Execution id="75658532-b7b9-43a4-b0de-8ce41a032849" />
      <TestMethod codeBase="/app/src/ClickUp.Api.Client.Tests/bin/Debug/net9.0/ClickUp.Api.Client.Tests.dll" adapterTypeName="executor://xunit/VsTestRunner2/netcoreapp" className="ClickUp.Api.Client.Tests.ServiceTests.TimeTrackingServiceTests" name="UpdateTimeEntryAsync_ApiReturnsNullResponse_ThrowsInvalidOperationException" />
    </UnitTest>
    <UnitTest name="ClickUp.Api.Client.Tests.ServiceTests.DocsServiceTests.CreatePageAsync_ValidRequest_ReturnsPage" storage="/app/src/clickup.api.client.tests/bin/debug/net9.0/clickup.api.client.tests.dll" id="8743d94d-d6cd-c718-c5ad-f9c6fd6bc396">
      <Execution id="d54ee77d-abe9-4f85-a0f4-a4120a3ad3fd" />
      <TestMethod codeBase="/app/src/ClickUp.Api.Client.Tests/bin/Debug/net9.0/ClickUp.Api.Client.Tests.dll" adapterTypeName="executor://xunit/VsTestRunner2/netcoreapp" className="ClickUp.Api.Client.Tests.ServiceTests.DocsServiceTests" name="CreatePageAsync_ValidRequest_ReturnsPage" />
    </UnitTest>
    <UnitTest name="ClickUp.Api.Client.Tests.ServiceTests.TagsServiceTests.RemoveTagFromTaskAsync_ApiConnectionThrowsHttpRequestException_PropagatesException" storage="/app/src/clickup.api.client.tests/bin/debug/net9.0/clickup.api.client.tests.dll" id="da8fe84c-d4dc-25e2-a6c6-1542dbab91c3">
      <Execution id="65e4b730-59bc-4284-82a6-e2ddbf9d3a28" />
      <TestMethod codeBase="/app/src/ClickUp.Api.Client.Tests/bin/Debug/net9.0/ClickUp.Api.Client.Tests.dll" adapterTypeName="executor://xunit/VsTestRunner2/netcoreapp" className="ClickUp.Api.Client.Tests.ServiceTests.TagsServiceTests" name="RemoveTagFromTaskAsync_ApiConnectionThrowsHttpRequestException_PropagatesException" />
    </UnitTest>
    <UnitTest name="ClickUp.Api.Client.Tests.ServiceTests.CustomFieldsServiceTests.GetAccessibleCustomFieldsAsync_ValidListId_BuildsCorrectUrlAndReturnsFields" storage="/app/src/clickup.api.client.tests/bin/debug/net9.0/clickup.api.client.tests.dll" id="a87ff5e5-9b1d-5210-f1d7-074df30d80a7">
      <Execution id="fc683ba2-95c7-45df-9fdc-8f6851f9c883" />
      <TestMethod codeBase="/app/src/ClickUp.Api.Client.Tests/bin/Debug/net9.0/ClickUp.Api.Client.Tests.dll" adapterTypeName="executor://xunit/VsTestRunner2/netcoreapp" className="ClickUp.Api.Client.Tests.ServiceTests.CustomFieldsServiceTests" name="GetAccessibleCustomFieldsAsync_ValidListId_BuildsCorrectUrlAndReturnsFields" />
    </UnitTest>
    <UnitTest name="ClickUp.Api.Client.Tests.ServiceTests.GoalsServiceTests.GetGoalsAsync_ApiError_ThrowsHttpRequestException" storage="/app/src/clickup.api.client.tests/bin/debug/net9.0/clickup.api.client.tests.dll" id="68b3e192-a617-cbce-6861-aca6a4bea39b">
      <Execution id="411fd40b-c4b1-4aa6-a53c-b9c8c2cc47ae" />
      <TestMethod codeBase="/app/src/ClickUp.Api.Client.Tests/bin/Debug/net9.0/ClickUp.Api.Client.Tests.dll" adapterTypeName="executor://xunit/VsTestRunner2/netcoreapp" className="ClickUp.Api.Client.Tests.ServiceTests.GoalsServiceTests" name="GetGoalsAsync_ApiError_ThrowsHttpRequestException" />
    </UnitTest>
    <UnitTest name="ClickUp.Api.Client.Tests.ServiceTests.DocsServiceTests.GetDocAsync_PassesCancellationTokenToApiConnection" storage="/app/src/clickup.api.client.tests/bin/debug/net9.0/clickup.api.client.tests.dll" id="831c47b6-1e63-26b3-cfc9-7e982b76c0f0">
      <Execution id="23dc4688-c250-43ed-9379-91dd531dd075" />
      <TestMethod codeBase="/app/src/ClickUp.Api.Client.Tests/bin/Debug/net9.0/ClickUp.Api.Client.Tests.dll" adapterTypeName="executor://xunit/VsTestRunner2/netcoreapp" className="ClickUp.Api.Client.Tests.ServiceTests.DocsServiceTests" name="GetDocAsync_PassesCancellationTokenToApiConnection" />
    </UnitTest>
    <UnitTest name="ClickUp.Api.Client.Tests.ServiceTests.TimeTrackingServiceTests.ChangeTimeEntryTagNameAsync_ApiConnectionThrowsHttpRequestException_PropagatesException" storage="/app/src/clickup.api.client.tests/bin/debug/net9.0/clickup.api.client.tests.dll" id="2108bcbe-d0f1-5006-caac-16d5ac26803a">
      <Execution id="9d03e639-e404-4516-9087-ee9b7528d4a2" />
      <TestMethod codeBase="/app/src/ClickUp.Api.Client.Tests/bin/Debug/net9.0/ClickUp.Api.Client.Tests.dll" adapterTypeName="executor://xunit/VsTestRunner2/netcoreapp" className="ClickUp.Api.Client.Tests.ServiceTests.TimeTrackingServiceTests" name="ChangeTimeEntryTagNameAsync_ApiConnectionThrowsHttpRequestException_PropagatesException" />
    </UnitTest>
    <UnitTest name="ClickUp.Api.Client.Tests.ServiceTests.TimeTrackingServiceTests.StartTimeEntryAsync_WithCustomTaskIdsAndTeamId_BuildsCorrectUrl" storage="/app/src/clickup.api.client.tests/bin/debug/net9.0/clickup.api.client.tests.dll" id="549f319b-3d3e-04c7-ff45-17f0d1db712c">
      <Execution id="9dd9c9f7-d770-40f0-880d-9662cf6e577c" />
      <TestMethod codeBase="/app/src/ClickUp.Api.Client.Tests/bin/Debug/net9.0/ClickUp.Api.Client.Tests.dll" adapterTypeName="executor://xunit/VsTestRunner2/netcoreapp" className="ClickUp.Api.Client.Tests.ServiceTests.TimeTrackingServiceTests" name="StartTimeEntryAsync_WithCustomTaskIdsAndTeamId_BuildsCorrectUrl" />
    </UnitTest>
    <UnitTest name="ClickUp.Api.Client.Tests.Models.Common.MemberTests.Member_ShouldSerializeCorrectly_WhenOptionalPropertiesAreNull" storage="/app/src/clickup.api.client.tests/bin/debug/net9.0/clickup.api.client.tests.dll" id="1db1cf1a-a89d-63bd-e1eb-b0afa09e2872">
      <Execution id="a939084d-e420-4f4e-8f47-c8967ef4196b" />
      <TestMethod codeBase="/app/src/ClickUp.Api.Client.Tests/bin/Debug/net9.0/ClickUp.Api.Client.Tests.dll" adapterTypeName="executor://xunit/VsTestRunner2/netcoreapp" className="ClickUp.Api.Client.Tests.Models.Common.MemberTests" name="Member_ShouldSerializeCorrectly_WhenOptionalPropertiesAreNull" />
    </UnitTest>
    <UnitTest name="ClickUp.Api.Client.Tests.ServiceTests.TaskRelationshipsServiceTests.AddDependencyAsync_WithDependencyOf_CallsPostAsyncWithCorrectPayloadAndUrl" storage="/app/src/clickup.api.client.tests/bin/debug/net9.0/clickup.api.client.tests.dll" id="0875c5b2-9eb4-a182-bf98-f890bebee5ef">
      <Execution id="40cbdd28-8fa2-454a-babb-be473cd54122" />
      <TestMethod codeBase="/app/src/ClickUp.Api.Client.Tests/bin/Debug/net9.0/ClickUp.Api.Client.Tests.dll" adapterTypeName="executor://xunit/VsTestRunner2/netcoreapp" className="ClickUp.Api.Client.Tests.ServiceTests.TaskRelationshipsServiceTests" name="AddDependencyAsync_WithDependencyOf_CallsPostAsyncWithCorrectPayloadAndUrl" />
    </UnitTest>
    <UnitTest name="ClickUp.Api.Client.Tests.ServiceTests.CustomFieldsServiceTests.GetFolderCustomFieldsAsync_ApiError_ThrowsHttpRequestException" storage="/app/src/clickup.api.client.tests/bin/debug/net9.0/clickup.api.client.tests.dll" id="111b5745-dc75-6f3d-aaee-96747b4d798f">
      <Execution id="6fb86065-8da5-4b51-997f-44b57f5c0a8b" />
      <TestMethod codeBase="/app/src/ClickUp.Api.Client.Tests/bin/Debug/net9.0/ClickUp.Api.Client.Tests.dll" adapterTypeName="executor://xunit/VsTestRunner2/netcoreapp" className="ClickUp.Api.Client.Tests.ServiceTests.CustomFieldsServiceTests" name="GetFolderCustomFieldsAsync_ApiError_ThrowsHttpRequestException" />
    </UnitTest>
    <UnitTest name="ClickUp.Api.Client.Tests.ServiceTests.TaskServiceTests.GetTaskAsync_ApiConnectionThrowsException_PropagatesException" storage="/app/src/clickup.api.client.tests/bin/debug/net9.0/clickup.api.client.tests.dll" id="ca26ab62-0c75-5ed1-f634-c4b65f91d00f">
      <Execution id="64c53634-12da-4ddd-9423-7afed6382cf9" />
      <TestMethod codeBase="/app/src/ClickUp.Api.Client.Tests/bin/Debug/net9.0/ClickUp.Api.Client.Tests.dll" adapterTypeName="executor://xunit/VsTestRunner2/netcoreapp" className="ClickUp.Api.Client.Tests.ServiceTests.TaskServiceTests" name="GetTaskAsync_ApiConnectionThrowsException_PropagatesException" />
    </UnitTest>
    <UnitTest name="ClickUp.Api.Client.Tests.Http.ApiConnectionTests.GetAsync_ThrowsClickUpApiException_WhenContentIsEmpty" storage="/app/src/clickup.api.client.tests/bin/debug/net9.0/clickup.api.client.tests.dll" id="42da3e86-c4b2-f46d-0f5b-b82a328f739c">
      <Execution id="45dbf52f-5d28-4fd4-9319-231c3e486e5f" />
      <TestMethod codeBase="/app/src/ClickUp.Api.Client.Tests/bin/Debug/net9.0/ClickUp.Api.Client.Tests.dll" adapterTypeName="executor://xunit/VsTestRunner2/netcoreapp" className="ClickUp.Api.Client.Tests.Http.ApiConnectionTests" name="GetAsync_ThrowsClickUpApiException_WhenContentIsEmpty" />
    </UnitTest>
    <UnitTest name="ClickUp.Api.Client.Tests.ServiceTests.GoalsServiceTests.UpdateGoalAsync_ApiError_ThrowsHttpRequestException" storage="/app/src/clickup.api.client.tests/bin/debug/net9.0/clickup.api.client.tests.dll" id="c061e405-883c-9658-5a6e-a7bf565667ac">
      <Execution id="3fc48591-4e6a-4940-9f2e-1a66d74c361d" />
      <TestMethod codeBase="/app/src/ClickUp.Api.Client.Tests/bin/Debug/net9.0/ClickUp.Api.Client.Tests.dll" adapterTypeName="executor://xunit/VsTestRunner2/netcoreapp" className="ClickUp.Api.Client.Tests.ServiceTests.GoalsServiceTests" name="UpdateGoalAsync_ApiError_ThrowsHttpRequestException" />
    </UnitTest>
    <UnitTest name="ClickUp.Api.Client.Tests.ServiceTests.GuestsServiceTests.EditGuestOnWorkspaceAsync_PassesCancellationTokenToApiConnection" storage="/app/src/clickup.api.client.tests/bin/debug/net9.0/clickup.api.client.tests.dll" id="0ab8284b-1630-a3a0-4f89-bb74ed590d8d">
      <Execution id="10d51902-8d3d-4400-a983-72eaa85e9b8f" />
      <TestMethod codeBase="/app/src/ClickUp.Api.Client.Tests/bin/Debug/net9.0/ClickUp.Api.Client.Tests.dll" adapterTypeName="executor://xunit/VsTestRunner2/netcoreapp" className="ClickUp.Api.Client.Tests.ServiceTests.GuestsServiceTests" name="EditGuestOnWorkspaceAsync_PassesCancellationTokenToApiConnection" />
    </UnitTest>
    <UnitTest name="ClickUp.Api.Client.Tests.ServiceTests.ListsServiceTests.GetListAsync_ValidListId_ReturnsList" storage="/app/src/clickup.api.client.tests/bin/debug/net9.0/clickup.api.client.tests.dll" id="b2d4b964-f22a-8748-fa80-0fa6155a715e">
      <Execution id="6e33cf49-7aa9-4042-8a26-55b0f9df265a" />
      <TestMethod codeBase="/app/src/ClickUp.Api.Client.Tests/bin/Debug/net9.0/ClickUp.Api.Client.Tests.dll" adapterTypeName="executor://xunit/VsTestRunner2/netcoreapp" className="ClickUp.Api.Client.Tests.ServiceTests.ListsServiceTests" name="GetListAsync_ValidListId_ReturnsList" />
    </UnitTest>
    <UnitTest name="ClickUp.Api.Client.Tests.ServiceTests.ChatServiceTests.DeleteChatReactionAsync_PassesCancellationTokenToApiConnection" storage="/app/src/clickup.api.client.tests/bin/debug/net9.0/clickup.api.client.tests.dll" id="d8ab1085-75ed-8e3c-6704-cb239b515cf2">
      <Execution id="9bc60726-05c4-499a-a542-0ffe36b447bf" />
      <TestMethod codeBase="/app/src/ClickUp.Api.Client.Tests/bin/Debug/net9.0/ClickUp.Api.Client.Tests.dll" adapterTypeName="executor://xunit/VsTestRunner2/netcoreapp" className="ClickUp.Api.Client.Tests.ServiceTests.ChatServiceTests" name="DeleteChatReactionAsync_PassesCancellationTokenToApiConnection" />
    </UnitTest>
    <UnitTest name="ClickUp.Api.Client.Tests.ServiceTests.GuestsServiceTests.RemoveGuestFromFolderAsync_ApiError_ThrowsHttpRequestException" storage="/app/src/clickup.api.client.tests/bin/debug/net9.0/clickup.api.client.tests.dll" id="ef605509-fe85-323e-6c45-2d4e617f4103">
      <Execution id="812ab21c-ee54-4013-bb38-83f9ccc50ccd" />
      <TestMethod codeBase="/app/src/ClickUp.Api.Client.Tests/bin/Debug/net9.0/ClickUp.Api.Client.Tests.dll" adapterTypeName="executor://xunit/VsTestRunner2/netcoreapp" className="ClickUp.Api.Client.Tests.ServiceTests.GuestsServiceTests" name="RemoveGuestFromFolderAsync_ApiError_ThrowsHttpRequestException" />
    </UnitTest>
    <UnitTest name="ClickUp.Api.Client.Tests.ServiceTests.DocsServiceTests.GetDocPageListingAsync_NullDataInResponse_ReturnsEmptyEnumerable" storage="/app/src/clickup.api.client.tests/bin/debug/net9.0/clickup.api.client.tests.dll" id="fb4162d0-d605-099e-4577-131bcd47079e">
      <Execution id="a4966870-4110-4893-9d43-e785752bed5d" />
      <TestMethod codeBase="/app/src/ClickUp.Api.Client.Tests/bin/Debug/net9.0/ClickUp.Api.Client.Tests.dll" adapterTypeName="executor://xunit/VsTestRunner2/netcoreapp" className="ClickUp.Api.Client.Tests.ServiceTests.DocsServiceTests" name="GetDocPageListingAsync_NullDataInResponse_ReturnsEmptyEnumerable" />
    </UnitTest>
    <UnitTest name="ClickUp.Api.Client.Tests.ServiceTests.UsersServiceTests.EditUserOnWorkspaceAsync_ApiReturnsResponseWithNullMember_ThrowsInvalidOperationException" storage="/app/src/clickup.api.client.tests/bin/debug/net9.0/clickup.api.client.tests.dll" id="7d882415-d4c4-16f3-e125-247f5706c127">
      <Execution id="7580346d-8df8-4dc4-926a-8c58cb0f3e45" />
      <TestMethod codeBase="/app/src/ClickUp.Api.Client.Tests/bin/Debug/net9.0/ClickUp.Api.Client.Tests.dll" adapterTypeName="executor://xunit/VsTestRunner2/netcoreapp" className="ClickUp.Api.Client.Tests.ServiceTests.UsersServiceTests" name="EditUserOnWorkspaceAsync_ApiReturnsResponseWithNullMember_ThrowsInvalidOperationException" />
    </UnitTest>
    <UnitTest name="ClickUp.Api.Client.Tests.ServiceTests.GuestsServiceTests.RemoveGuestFromWorkspaceAsync_ApiConnectionThrowsTaskCanceledException_PropagatesException" storage="/app/src/clickup.api.client.tests/bin/debug/net9.0/clickup.api.client.tests.dll" id="764bb79d-f64b-321d-1c4f-cc3374bb3cf9">
      <Execution id="ebffbc8f-85f7-457b-9e65-f30dab757096" />
      <TestMethod codeBase="/app/src/ClickUp.Api.Client.Tests/bin/Debug/net9.0/ClickUp.Api.Client.Tests.dll" adapterTypeName="executor://xunit/VsTestRunner2/netcoreapp" className="ClickUp.Api.Client.Tests.ServiceTests.GuestsServiceTests" name="RemoveGuestFromWorkspaceAsync_ApiConnectionThrowsTaskCanceledException_PropagatesException" />
    </UnitTest>
    <UnitTest name="ClickUp.Api.Client.Tests.Http.ApiConnectionTests.GetAsync_ThrowsCorrectException_ForGeneralErrorStatusCodes(statusCode: ServiceUnavailable, expectedExceptionType: typeof(ClickUp.Api.Client.Models.Exceptions.ClickUpApiServerException), expectedMessageContent: &quot;Service Unavailable&quot;)" storage="/app/src/clickup.api.client.tests/bin/debug/net9.0/clickup.api.client.tests.dll" id="40e1d0a2-d829-f562-0816-5b584932a67d">
      <Execution id="5fb2052c-28f9-4df8-be56-1d633b954c57" />
      <TestMethod codeBase="/app/src/ClickUp.Api.Client.Tests/bin/Debug/net9.0/ClickUp.Api.Client.Tests.dll" adapterTypeName="executor://xunit/VsTestRunner2/netcoreapp" className="ClickUp.Api.Client.Tests.Http.ApiConnectionTests" name="GetAsync_ThrowsCorrectException_ForGeneralErrorStatusCodes" />
    </UnitTest>
    <UnitTest name="ClickUp.Api.Client.Tests.ServiceTests.TimeTrackingServiceTests.GetTimeEntryAsync_ApiReturnsResponseWithNullData_ThrowsInvalidOperationException" storage="/app/src/clickup.api.client.tests/bin/debug/net9.0/clickup.api.client.tests.dll" id="2cb3c672-69bb-9a88-208e-2d87e3e3f79b">
      <Execution id="bed2efa8-84c0-49c3-a0e0-8adb673bfa98" />
      <TestMethod codeBase="/app/src/ClickUp.Api.Client.Tests/bin/Debug/net9.0/ClickUp.Api.Client.Tests.dll" adapterTypeName="executor://xunit/VsTestRunner2/netcoreapp" className="ClickUp.Api.Client.Tests.ServiceTests.TimeTrackingServiceTests" name="GetTimeEntryAsync_ApiReturnsResponseWithNullData_ThrowsInvalidOperationException" />
    </UnitTest>
    <UnitTest name="ClickUp.Api.Client.Tests.ServiceTests.TimeTrackingServiceTests.StopTimeEntryAsync_PassesCancellationTokenToApiConnection" storage="/app/src/clickup.api.client.tests/bin/debug/net9.0/clickup.api.client.tests.dll" id="ae2d07de-feee-fcc6-8805-b90a829fa024">
      <Execution id="bea93722-adba-4814-8959-c698b0b87df0" />
      <TestMethod codeBase="/app/src/ClickUp.Api.Client.Tests/bin/Debug/net9.0/ClickUp.Api.Client.Tests.dll" adapterTypeName="executor://xunit/VsTestRunner2/netcoreapp" className="ClickUp.Api.Client.Tests.ServiceTests.TimeTrackingServiceTests" name="StopTimeEntryAsync_PassesCancellationTokenToApiConnection" />
    </UnitTest>
    <UnitTest name="ClickUp.Api.Client.Tests.ServiceTests.ChatServiceTests.GetChatMessageRepliesAsync_ApiConnectionThrowsTaskCanceledException_PropagatesException" storage="/app/src/clickup.api.client.tests/bin/debug/net9.0/clickup.api.client.tests.dll" id="8642783a-652f-cfe9-8ce3-8104816d7ab9">
      <Execution id="1eb14002-9253-4055-b433-2a4fa84e2c79" />
      <TestMethod codeBase="/app/src/ClickUp.Api.Client.Tests/bin/Debug/net9.0/ClickUp.Api.Client.Tests.dll" adapterTypeName="executor://xunit/VsTestRunner2/netcoreapp" className="ClickUp.Api.Client.Tests.ServiceTests.ChatServiceTests" name="GetChatMessageRepliesAsync_ApiConnectionThrowsTaskCanceledException_PropagatesException" />
    </UnitTest>
    <UnitTest name="ClickUp.Api.Client.Tests.ServiceTests.ChatServiceTests.UpdateChatChannelAsync_ValidRequest_CallsPutAndReturnsChannel" storage="/app/src/clickup.api.client.tests/bin/debug/net9.0/clickup.api.client.tests.dll" id="6c2e12bf-954a-e2dd-fb03-b30da6c844e7">
      <Execution id="f8c7e0e0-78a4-4808-bf4f-c4344de9b3ac" />
      <TestMethod codeBase="/app/src/ClickUp.Api.Client.Tests/bin/Debug/net9.0/ClickUp.Api.Client.Tests.dll" adapterTypeName="executor://xunit/VsTestRunner2/netcoreapp" className="ClickUp.Api.Client.Tests.ServiceTests.ChatServiceTests" name="UpdateChatChannelAsync_ValidRequest_CallsPutAndReturnsChannel" />
    </UnitTest>
    <UnitTest name="ClickUp.Api.Client.Tests.ServiceTests.GuestsServiceTests.EditGuestOnWorkspaceAsync_ApiConnectionThrowsTaskCanceledException_PropagatesException" storage="/app/src/clickup.api.client.tests/bin/debug/net9.0/clickup.api.client.tests.dll" id="cacfee87-a06a-0e6a-2bd1-b27fa68ce9eb">
      <Execution id="e76e0dd7-2373-4d5d-ace6-b0f78869f9c3" />
      <TestMethod codeBase="/app/src/ClickUp.Api.Client.Tests/bin/Debug/net9.0/ClickUp.Api.Client.Tests.dll" adapterTypeName="executor://xunit/VsTestRunner2/netcoreapp" className="ClickUp.Api.Client.Tests.ServiceTests.GuestsServiceTests" name="EditGuestOnWorkspaceAsync_ApiConnectionThrowsTaskCanceledException_PropagatesException" />
    </UnitTest>
    <UnitTest name="ClickUp.Api.Client.Tests.ServiceTests.RolesServiceTests.GetCustomRolesAsync_WithIncludeMembers_ConstructsCorrectUrl(includeMembers: True, expectedUrl: &quot;team/ws_params/customroles?include_members=true&quot;)" storage="/app/src/clickup.api.client.tests/bin/debug/net9.0/clickup.api.client.tests.dll" id="4fc9e7a2-a6f1-e4c6-c186-da830a0b57c2">
      <Execution id="a4c08389-12aa-4093-b260-62ab78dbd393" />
      <TestMethod codeBase="/app/src/ClickUp.Api.Client.Tests/bin/Debug/net9.0/ClickUp.Api.Client.Tests.dll" adapterTypeName="executor://xunit/VsTestRunner2/netcoreapp" className="ClickUp.Api.Client.Tests.ServiceTests.RolesServiceTests" name="GetCustomRolesAsync_WithIncludeMembers_ConstructsCorrectUrl" />
    </UnitTest>
    <UnitTest name="ClickUp.Api.Client.Tests.ServiceTests.TimeTrackingServiceTests.GetTimeEntriesAsyncEnumerableAsync_WithRequestParams_BuildsCorrectUrl" storage="/app/src/clickup.api.client.tests/bin/debug/net9.0/clickup.api.client.tests.dll" id="dab0bede-6d6a-1b77-7fda-80bd452978e9">
      <Execution id="7aee9ac5-1dba-4125-91ad-de0a7fbf7621" />
      <TestMethod codeBase="/app/src/ClickUp.Api.Client.Tests/bin/Debug/net9.0/ClickUp.Api.Client.Tests.dll" adapterTypeName="executor://xunit/VsTestRunner2/netcoreapp" className="ClickUp.Api.Client.Tests.ServiceTests.TimeTrackingServiceTests" name="GetTimeEntriesAsyncEnumerableAsync_WithRequestParams_BuildsCorrectUrl" />
    </UnitTest>
    <UnitTest name="ClickUp.Api.Client.Tests.ServiceTests.ChatServiceTests.UpdateChatMessageAsync_ApiConnectionThrowsTaskCanceledException_PropagatesException" storage="/app/src/clickup.api.client.tests/bin/debug/net9.0/clickup.api.client.tests.dll" id="725327de-c729-bba1-25ba-e4171c6a328b">
      <Execution id="ca608dab-fa76-4323-8b7e-3cf946035035" />
      <TestMethod codeBase="/app/src/ClickUp.Api.Client.Tests/bin/Debug/net9.0/ClickUp.Api.Client.Tests.dll" adapterTypeName="executor://xunit/VsTestRunner2/netcoreapp" className="ClickUp.Api.Client.Tests.ServiceTests.ChatServiceTests" name="UpdateChatMessageAsync_ApiConnectionThrowsTaskCanceledException_PropagatesException" />
    </UnitTest>
    <UnitTest name="ClickUp.Api.Client.Tests.ServiceTests.TaskRelationshipsServiceTests.DeleteTaskLinkAsync_ValidRequest_ReturnsNullAsPerCurrentImpl" storage="/app/src/clickup.api.client.tests/bin/debug/net9.0/clickup.api.client.tests.dll" id="f431fb4a-77c8-02d9-5874-49fe6f579e71">
      <Execution id="db9ec1c6-31ae-4e13-81df-4c0be45bf3eb" />
      <TestMethod codeBase="/app/src/ClickUp.Api.Client.Tests/bin/Debug/net9.0/ClickUp.Api.Client.Tests.dll" adapterTypeName="executor://xunit/VsTestRunner2/netcoreapp" className="ClickUp.Api.Client.Tests.ServiceTests.TaskRelationshipsServiceTests" name="DeleteTaskLinkAsync_ValidRequest_ReturnsNullAsPerCurrentImpl" />
    </UnitTest>
    <UnitTest name="ClickUp.Api.Client.Tests.ServiceTests.CustomFieldsServiceTests.RemoveCustomFieldValueAsync_ApiError_ThrowsHttpRequestException" storage="/app/src/clickup.api.client.tests/bin/debug/net9.0/clickup.api.client.tests.dll" id="f0cf4632-d6dd-1631-e787-56470f2d346f">
      <Execution id="04cba2e4-107b-44a4-98cf-36dc3c439b73" />
      <TestMethod codeBase="/app/src/ClickUp.Api.Client.Tests/bin/Debug/net9.0/ClickUp.Api.Client.Tests.dll" adapterTypeName="executor://xunit/VsTestRunner2/netcoreapp" className="ClickUp.Api.Client.Tests.ServiceTests.CustomFieldsServiceTests" name="RemoveCustomFieldValueAsync_ApiError_ThrowsHttpRequestException" />
    </UnitTest>
    <UnitTest name="ClickUp.Api.Client.Tests.ServiceTests.MembersServiceTests.GetListMembersAsync_ApiReturnsNullResponse_ReturnsEmptyEnumerable" storage="/app/src/clickup.api.client.tests/bin/debug/net9.0/clickup.api.client.tests.dll" id="abbbd104-459c-2918-03dc-02e01cf46063">
      <Execution id="7d34489c-424d-4caa-86ec-140fdaca91b1" />
      <TestMethod codeBase="/app/src/ClickUp.Api.Client.Tests/bin/Debug/net9.0/ClickUp.Api.Client.Tests.dll" adapterTypeName="executor://xunit/VsTestRunner2/netcoreapp" className="ClickUp.Api.Client.Tests.ServiceTests.MembersServiceTests" name="GetListMembersAsync_ApiReturnsNullResponse_ReturnsEmptyEnumerable" />
    </UnitTest>
    <UnitTest name="ClickUp.Api.Client.Tests.ServiceTests.FoldersServiceTests.UpdateFolderAsync_NullResponse_ThrowsInvalidOperationException" storage="/app/src/clickup.api.client.tests/bin/debug/net9.0/clickup.api.client.tests.dll" id="15b159b3-cb5f-f09c-f394-b08149c7dd09">
      <Execution id="b8be4c80-9c6b-4700-812a-d49e10df2033" />
      <TestMethod codeBase="/app/src/ClickUp.Api.Client.Tests/bin/Debug/net9.0/ClickUp.Api.Client.Tests.dll" adapterTypeName="executor://xunit/VsTestRunner2/netcoreapp" className="ClickUp.Api.Client.Tests.ServiceTests.FoldersServiceTests" name="UpdateFolderAsync_NullResponse_ThrowsInvalidOperationException" />
    </UnitTest>
    <UnitTest name="ClickUp.Api.Client.Tests.ServiceTests.CommentServiceTests.GetListCommentsStreamAsync_IAsyncEnumerable_HandlesCancellation" storage="/app/src/clickup.api.client.tests/bin/debug/net9.0/clickup.api.client.tests.dll" id="fca4fb8b-d92d-c12c-ce43-4e8f81294e05">
      <Execution id="8d5500f0-4811-44c0-a65b-247eb1c3829e" />
      <TestMethod codeBase="/app/src/ClickUp.Api.Client.Tests/bin/Debug/net9.0/ClickUp.Api.Client.Tests.dll" adapterTypeName="executor://xunit/VsTestRunner2/netcoreapp" className="ClickUp.Api.Client.Tests.ServiceTests.CommentServiceTests" name="GetListCommentsStreamAsync_IAsyncEnumerable_HandlesCancellation" />
    </UnitTest>
    <UnitTest name="ClickUp.Api.Client.Tests.ServiceTests.AuthorizationServiceTests.GetAuthorizedWorkspacesAsync_ApiConnectionReturnsNull_ReturnsNull" storage="/app/src/clickup.api.client.tests/bin/debug/net9.0/clickup.api.client.tests.dll" id="04e5087f-2ef0-9da2-f073-772468eea701">
      <Execution id="9e24c8ee-ea00-43ad-ac5a-c6b93a72b288" />
      <TestMethod codeBase="/app/src/ClickUp.Api.Client.Tests/bin/Debug/net9.0/ClickUp.Api.Client.Tests.dll" adapterTypeName="executor://xunit/VsTestRunner2/netcoreapp" className="ClickUp.Api.Client.Tests.ServiceTests.AuthorizationServiceTests" name="GetAuthorizedWorkspacesAsync_ApiConnectionReturnsNull_ReturnsNull" />
    </UnitTest>
    <UnitTest name="ClickUp.Api.Client.Tests.ServiceTests.FoldersServiceTests.GetFoldersAsync_PassesCancellationTokenToApiConnection" storage="/app/src/clickup.api.client.tests/bin/debug/net9.0/clickup.api.client.tests.dll" id="8ecb1ccf-0577-96a8-8ef7-6f2811a19468">
      <Execution id="3533df7d-1016-482e-88ee-7669eb3b3883" />
      <TestMethod codeBase="/app/src/ClickUp.Api.Client.Tests/bin/Debug/net9.0/ClickUp.Api.Client.Tests.dll" adapterTypeName="executor://xunit/VsTestRunner2/netcoreapp" className="ClickUp.Api.Client.Tests.ServiceTests.FoldersServiceTests" name="GetFoldersAsync_PassesCancellationTokenToApiConnection" />
    </UnitTest>
    <UnitTest name="ClickUp.Api.Client.Tests.ServiceTests.CommentServiceTests.CreateThreadedCommentAsync_ValidInput_CallsApiConnectionPostAsyncWithCorrectParameters" storage="/app/src/clickup.api.client.tests/bin/debug/net9.0/clickup.api.client.tests.dll" id="06216717-90a4-deb6-6c95-20467cbc32ad">
      <Execution id="2e81bd41-95f7-49bd-b6fc-b1d510b055fe" />
      <TestMethod codeBase="/app/src/ClickUp.Api.Client.Tests/bin/Debug/net9.0/ClickUp.Api.Client.Tests.dll" adapterTypeName="executor://xunit/VsTestRunner2/netcoreapp" className="ClickUp.Api.Client.Tests.ServiceTests.CommentServiceTests" name="CreateThreadedCommentAsync_ValidInput_CallsApiConnectionPostAsyncWithCorrectParameters" />
    </UnitTest>
    <UnitTest name="ClickUp.Api.Client.Tests.ServiceTests.TagsServiceTests.EditSpaceTagAsync_ApiConnectionThrowsHttpRequestException_PropagatesException" storage="/app/src/clickup.api.client.tests/bin/debug/net9.0/clickup.api.client.tests.dll" id="62d61001-527d-9d1b-b23e-81539a8cf50c">
      <Execution id="59429e21-635f-4a50-8907-58a5548c4f3d" />
      <TestMethod codeBase="/app/src/ClickUp.Api.Client.Tests/bin/Debug/net9.0/ClickUp.Api.Client.Tests.dll" adapterTypeName="executor://xunit/VsTestRunner2/netcoreapp" className="ClickUp.Api.Client.Tests.ServiceTests.TagsServiceTests" name="EditSpaceTagAsync_ApiConnectionThrowsHttpRequestException_PropagatesException" />
    </UnitTest>
    <UnitTest name="ClickUp.Api.Client.Tests.ServiceTests.ChatServiceTests.DeleteChatMessageAsync_ApiError_ThrowsHttpRequestException" storage="/app/src/clickup.api.client.tests/bin/debug/net9.0/clickup.api.client.tests.dll" id="f4595b48-ed9f-1dfd-8c5d-cab04899b749">
      <Execution id="89bb2ab5-4275-49bd-ac48-109b16f34bb0" />
      <TestMethod codeBase="/app/src/ClickUp.Api.Client.Tests/bin/Debug/net9.0/ClickUp.Api.Client.Tests.dll" adapterTypeName="executor://xunit/VsTestRunner2/netcoreapp" className="ClickUp.Api.Client.Tests.ServiceTests.ChatServiceTests" name="DeleteChatMessageAsync_ApiError_ThrowsHttpRequestException" />
    </UnitTest>
    <UnitTest name="ClickUp.Api.Client.Tests.ServiceTests.DocsServiceTests.GetPageAsync_NullDataInResponse_ThrowsInvalidOperationException" storage="/app/src/clickup.api.client.tests/bin/debug/net9.0/clickup.api.client.tests.dll" id="9b8ff836-b6ad-3695-bd79-77c45a56f268">
      <Execution id="055a5152-2ced-4262-9810-96c4ba0f9cc2" />
      <TestMethod codeBase="/app/src/ClickUp.Api.Client.Tests/bin/Debug/net9.0/ClickUp.Api.Client.Tests.dll" adapterTypeName="executor://xunit/VsTestRunner2/netcoreapp" className="ClickUp.Api.Client.Tests.ServiceTests.DocsServiceTests" name="GetPageAsync_NullDataInResponse_ThrowsInvalidOperationException" />
    </UnitTest>
    <UnitTest name="ClickUp.Api.Client.Tests.ServiceTests.ListsServiceTests.DeleteListAsync_ApiConnectionThrowsTaskCanceledException_PropagatesException" storage="/app/src/clickup.api.client.tests/bin/debug/net9.0/clickup.api.client.tests.dll" id="76271598-d406-2ed7-dae2-3fd4dd5c4009">
      <Execution id="48407294-dc11-40da-b511-d7d52b3c164a" />
      <TestMethod codeBase="/app/src/ClickUp.Api.Client.Tests/bin/Debug/net9.0/ClickUp.Api.Client.Tests.dll" adapterTypeName="executor://xunit/VsTestRunner2/netcoreapp" className="ClickUp.Api.Client.Tests.ServiceTests.ListsServiceTests" name="DeleteListAsync_ApiConnectionThrowsTaskCanceledException_PropagatesException" />
    </UnitTest>
    <UnitTest name="ClickUp.Api.Client.Tests.ServiceTests.ChatServiceTests.GetChatChannelsAsync_ApiError_ThrowsHttpRequestException" storage="/app/src/clickup.api.client.tests/bin/debug/net9.0/clickup.api.client.tests.dll" id="49a40760-165b-b98c-7b83-bcd32656873d">
      <Execution id="55f4da8c-b2cb-4747-9fd8-611cac4f7d06" />
      <TestMethod codeBase="/app/src/ClickUp.Api.Client.Tests/bin/Debug/net9.0/ClickUp.Api.Client.Tests.dll" adapterTypeName="executor://xunit/VsTestRunner2/netcoreapp" className="ClickUp.Api.Client.Tests.ServiceTests.ChatServiceTests" name="GetChatChannelsAsync_ApiError_ThrowsHttpRequestException" />
    </UnitTest>
    <UnitTest name="ClickUp.Api.Client.Tests.ServiceTests.TimeTrackingServiceTests.GetRunningTimeEntryAsync_ApiConnectionThrowsTaskCanceledException_PropagatesException" storage="/app/src/clickup.api.client.tests/bin/debug/net9.0/clickup.api.client.tests.dll" id="45f226c6-a7fb-f0c5-2b54-879f9f02343b">
      <Execution id="1d681380-9cad-4342-8349-d65ead41cb20" />
      <TestMethod codeBase="/app/src/ClickUp.Api.Client.Tests/bin/Debug/net9.0/ClickUp.Api.Client.Tests.dll" adapterTypeName="executor://xunit/VsTestRunner2/netcoreapp" className="ClickUp.Api.Client.Tests.ServiceTests.TimeTrackingServiceTests" name="GetRunningTimeEntryAsync_ApiConnectionThrowsTaskCanceledException_PropagatesException" />
    </UnitTest>
    <UnitTest name="ClickUp.Api.Client.Tests.ServiceTests.TagsServiceTests.AddTagToTaskAsync_WithCustomTaskIdsAndTeamId_BuildsCorrectUrl" storage="/app/src/clickup.api.client.tests/bin/debug/net9.0/clickup.api.client.tests.dll" id="87f8524a-3471-cf69-59a5-50a063c8cab4">
      <Execution id="1af689c3-a04b-4cfc-8861-e1b0c2ce5450" />
      <TestMethod codeBase="/app/src/ClickUp.Api.Client.Tests/bin/Debug/net9.0/ClickUp.Api.Client.Tests.dll" adapterTypeName="executor://xunit/VsTestRunner2/netcoreapp" className="ClickUp.Api.Client.Tests.ServiceTests.TagsServiceTests" name="AddTagToTaskAsync_WithCustomTaskIdsAndTeamId_BuildsCorrectUrl" />
    </UnitTest>
    <UnitTest name="ClickUp.Api.Client.Tests.ServiceTests.ChatServiceTests.CreateReplyMessageAsync_NullDataInResponse_ThrowsInvalidOperationException" storage="/app/src/clickup.api.client.tests/bin/debug/net9.0/clickup.api.client.tests.dll" id="9dd28c6d-eb99-7c8d-7660-36cc80eff1f3">
      <Execution id="3e7c9844-7112-4bec-b203-9764c3c6a3fa" />
      <TestMethod codeBase="/app/src/ClickUp.Api.Client.Tests/bin/Debug/net9.0/ClickUp.Api.Client.Tests.dll" adapterTypeName="executor://xunit/VsTestRunner2/netcoreapp" className="ClickUp.Api.Client.Tests.ServiceTests.ChatServiceTests" name="CreateReplyMessageAsync_NullDataInResponse_ThrowsInvalidOperationException" />
    </UnitTest>
    <UnitTest name="ClickUp.Api.Client.Tests.ServiceTests.ViewsServiceTests.GetFolderViewsAsync_ValidFolderId_ReturnsViews" storage="/app/src/clickup.api.client.tests/bin/debug/net9.0/clickup.api.client.tests.dll" id="e3943d2a-6513-8606-a94a-e88cf0bdc8fe">
      <Execution id="bf7910e4-bf11-4c71-b34e-3267ff532111" />
      <TestMethod codeBase="/app/src/ClickUp.Api.Client.Tests/bin/Debug/net9.0/ClickUp.Api.Client.Tests.dll" adapterTypeName="executor://xunit/VsTestRunner2/netcoreapp" className="ClickUp.Api.Client.Tests.ServiceTests.ViewsServiceTests" name="GetFolderViewsAsync_ValidFolderId_ReturnsViews" />
    </UnitTest>
    <UnitTest name="ClickUp.Api.Client.Tests.ServiceTests.TaskChecklistsServiceTests.EditChecklistItemAsync_PassesCancellationTokenToApiConnection" storage="/app/src/clickup.api.client.tests/bin/debug/net9.0/clickup.api.client.tests.dll" id="1db83022-6f26-bfac-dd11-eaf0b6a29704">
      <Execution id="7cef1da5-bf23-497c-8fe6-e250030482b6" />
      <TestMethod codeBase="/app/src/ClickUp.Api.Client.Tests/bin/Debug/net9.0/ClickUp.Api.Client.Tests.dll" adapterTypeName="executor://xunit/VsTestRunner2/netcoreapp" className="ClickUp.Api.Client.Tests.ServiceTests.TaskChecklistsServiceTests" name="EditChecklistItemAsync_PassesCancellationTokenToApiConnection" />
    </UnitTest>
    <UnitTest name="ClickUp.Api.Client.Tests.ServiceTests.UsersServiceTests.GetUserFromWorkspaceAsync_ApiReturnsResponseWithNullMember_ThrowsInvalidOperationException" storage="/app/src/clickup.api.client.tests/bin/debug/net9.0/clickup.api.client.tests.dll" id="5a411fd8-004a-df54-9143-f411c3f3fc8b">
      <Execution id="5d69bbe9-964f-4b17-a304-f5c6055930c3" />
      <TestMethod codeBase="/app/src/ClickUp.Api.Client.Tests/bin/Debug/net9.0/ClickUp.Api.Client.Tests.dll" adapterTypeName="executor://xunit/VsTestRunner2/netcoreapp" className="ClickUp.Api.Client.Tests.ServiceTests.UsersServiceTests" name="GetUserFromWorkspaceAsync_ApiReturnsResponseWithNullMember_ThrowsInvalidOperationException" />
    </UnitTest>
    <UnitTest name="ClickUp.Api.Client.Tests.ServiceTests.ListsServiceTests.CreateListFromTemplateInFolderAsync_ApiConnectionThrowsHttpRequestException_PropagatesException" storage="/app/src/clickup.api.client.tests/bin/debug/net9.0/clickup.api.client.tests.dll" id="e6daaaea-35c2-a1ec-4efb-e9b209ff48e2">
      <Execution id="903ed858-cad4-4e7b-8805-afea23ebcdd9" />
      <TestMethod codeBase="/app/src/ClickUp.Api.Client.Tests/bin/Debug/net9.0/ClickUp.Api.Client.Tests.dll" adapterTypeName="executor://xunit/VsTestRunner2/netcoreapp" className="ClickUp.Api.Client.Tests.ServiceTests.ListsServiceTests" name="CreateListFromTemplateInFolderAsync_ApiConnectionThrowsHttpRequestException_PropagatesException" />
    </UnitTest>
    <UnitTest name="ClickUp.Api.Client.Tests.ServiceTests.TimeTrackingServiceTests.DeleteTimeEntryAsync_ValidRequest_CallsDeleteAsync" storage="/app/src/clickup.api.client.tests/bin/debug/net9.0/clickup.api.client.tests.dll" id="7ed2c8a0-7d63-5145-26da-2e020b07f7d6">
      <Execution id="ed61b7ae-20fc-4710-95f4-f76b4acc6cc9" />
      <TestMethod codeBase="/app/src/ClickUp.Api.Client.Tests/bin/Debug/net9.0/ClickUp.Api.Client.Tests.dll" adapterTypeName="executor://xunit/VsTestRunner2/netcoreapp" className="ClickUp.Api.Client.Tests.ServiceTests.TimeTrackingServiceTests" name="DeleteTimeEntryAsync_ValidRequest_CallsDeleteAsync" />
    </UnitTest>
    <UnitTest name="ClickUp.Api.Client.Tests.ServiceTests.WebhooksServiceTests.UpdateWebhookAsync_ValidRequest_ReturnsUpdatedWebhook" storage="/app/src/clickup.api.client.tests/bin/debug/net9.0/clickup.api.client.tests.dll" id="703a1df5-a316-af5a-074a-213eff12ae62">
      <Execution id="a59b1482-5486-4240-9ea6-9564d2fdee25" />
      <TestMethod codeBase="/app/src/ClickUp.Api.Client.Tests/bin/Debug/net9.0/ClickUp.Api.Client.Tests.dll" adapterTypeName="executor://xunit/VsTestRunner2/netcoreapp" className="ClickUp.Api.Client.Tests.ServiceTests.WebhooksServiceTests" name="UpdateWebhookAsync_ValidRequest_ReturnsUpdatedWebhook" />
    </UnitTest>
    <UnitTest name="ClickUp.Api.Client.Tests.ServiceTests.CommentServiceTests.DeleteCommentAsync_ApiConnectionThrowsTaskCanceledException_PropagatesException" storage="/app/src/clickup.api.client.tests/bin/debug/net9.0/clickup.api.client.tests.dll" id="a4b5446d-f249-dc53-eabd-f14a5368a5e4">
      <Execution id="c003aecf-f79c-43b4-bd21-e7c6ffba6422" />
      <TestMethod codeBase="/app/src/ClickUp.Api.Client.Tests/bin/Debug/net9.0/ClickUp.Api.Client.Tests.dll" adapterTypeName="executor://xunit/VsTestRunner2/netcoreapp" className="ClickUp.Api.Client.Tests.ServiceTests.CommentServiceTests" name="DeleteCommentAsync_ApiConnectionThrowsTaskCanceledException_PropagatesException" />
    </UnitTest>
    <UnitTest name="ClickUp.Api.Client.Tests.ServiceTests.SpacesServiceTests.GetSpaceAsync_ApiReturnsNullResponse_ThrowsInvalidOperationException" storage="/app/src/clickup.api.client.tests/bin/debug/net9.0/clickup.api.client.tests.dll" id="9f2e3f3a-64e7-258f-cd9a-6969b9d16624">
      <Execution id="6b5ad95f-8bea-4782-b12f-05a6c2631e2f" />
      <TestMethod codeBase="/app/src/ClickUp.Api.Client.Tests/bin/Debug/net9.0/ClickUp.Api.Client.Tests.dll" adapterTypeName="executor://xunit/VsTestRunner2/netcoreapp" className="ClickUp.Api.Client.Tests.ServiceTests.SpacesServiceTests" name="GetSpaceAsync_ApiReturnsNullResponse_ThrowsInvalidOperationException" />
    </UnitTest>
    <UnitTest name="ClickUp.Api.Client.Tests.ServiceTests.ChatServiceTests.CreateChatChannelAsync_ApiError_ThrowsHttpRequestException" storage="/app/src/clickup.api.client.tests/bin/debug/net9.0/clickup.api.client.tests.dll" id="cbbfbcf5-4e99-ab8a-4aab-1b6e30b711ff">
      <Execution id="81945721-2f7b-410c-bcff-8282d926decd" />
      <TestMethod codeBase="/app/src/ClickUp.Api.Client.Tests/bin/Debug/net9.0/ClickUp.Api.Client.Tests.dll" adapterTypeName="executor://xunit/VsTestRunner2/netcoreapp" className="ClickUp.Api.Client.Tests.ServiceTests.ChatServiceTests" name="CreateChatChannelAsync_ApiError_ThrowsHttpRequestException" />
    </UnitTest>
    <UnitTest name="ClickUp.Api.Client.Tests.ServiceTests.DocsServiceTests.GetDocPagesAsync_MinimalRequest_BuildsUrlAndReturnsPages" storage="/app/src/clickup.api.client.tests/bin/debug/net9.0/clickup.api.client.tests.dll" id="83fa4b30-418d-4d63-8b7e-e52905edc26b">
      <Execution id="856fd359-58ac-4c19-b966-c10248fe4ea1" />
      <TestMethod codeBase="/app/src/ClickUp.Api.Client.Tests/bin/Debug/net9.0/ClickUp.Api.Client.Tests.dll" adapterTypeName="executor://xunit/VsTestRunner2/netcoreapp" className="ClickUp.Api.Client.Tests.ServiceTests.DocsServiceTests" name="GetDocPagesAsync_MinimalRequest_BuildsUrlAndReturnsPages" />
    </UnitTest>
    <UnitTest name="ClickUp.Api.Client.Tests.ServiceTests.UsersServiceTests.GetUserFromWorkspaceAsync_ApiReturnsNullResponse_ThrowsInvalidOperationException" storage="/app/src/clickup.api.client.tests/bin/debug/net9.0/clickup.api.client.tests.dll" id="475d9678-ed39-777c-2507-1c4359088c7d">
      <Execution id="8ee243e0-8fb1-4734-a326-5068bcb04366" />
      <TestMethod codeBase="/app/src/ClickUp.Api.Client.Tests/bin/Debug/net9.0/ClickUp.Api.Client.Tests.dll" adapterTypeName="executor://xunit/VsTestRunner2/netcoreapp" className="ClickUp.Api.Client.Tests.ServiceTests.UsersServiceTests" name="GetUserFromWorkspaceAsync_ApiReturnsNullResponse_ThrowsInvalidOperationException" />
    </UnitTest>
    <UnitTest name="ClickUp.Api.Client.Tests.ServiceTests.DocsServiceTests.EditPageAsync_PassesCancellationTokenToApiConnection" storage="/app/src/clickup.api.client.tests/bin/debug/net9.0/clickup.api.client.tests.dll" id="be466fe9-7b7a-b34e-e55a-b1f71a62e523">
      <Execution id="b5ca26d6-1559-482b-9e69-1bc1b1c07c56" />
      <TestMethod codeBase="/app/src/ClickUp.Api.Client.Tests/bin/Debug/net9.0/ClickUp.Api.Client.Tests.dll" adapterTypeName="executor://xunit/VsTestRunner2/netcoreapp" className="ClickUp.Api.Client.Tests.ServiceTests.DocsServiceTests" name="EditPageAsync_PassesCancellationTokenToApiConnection" />
    </UnitTest>
    <UnitTest name="ClickUp.Api.Client.Tests.ServiceTests.WebhooksServiceTests.CreateWebhookAsync_ApiConnectionThrowsHttpRequestException_PropagatesException" storage="/app/src/clickup.api.client.tests/bin/debug/net9.0/clickup.api.client.tests.dll" id="dbd63457-4988-d550-ab86-9da65e8ef0c1">
      <Execution id="c429cca7-0c16-4468-9759-102e4816d4e6" />
      <TestMethod codeBase="/app/src/ClickUp.Api.Client.Tests/bin/Debug/net9.0/ClickUp.Api.Client.Tests.dll" adapterTypeName="executor://xunit/VsTestRunner2/netcoreapp" className="ClickUp.Api.Client.Tests.ServiceTests.WebhooksServiceTests" name="CreateWebhookAsync_ApiConnectionThrowsHttpRequestException_PropagatesException" />
    </UnitTest>
    <UnitTest name="ClickUp.Api.Client.Tests.ServiceTests.FoldersServiceTests.GetFoldersAsync_ApiReturnsNullResponse_ReturnsEmptyEnumerable" storage="/app/src/clickup.api.client.tests/bin/debug/net9.0/clickup.api.client.tests.dll" id="cf9ce434-1940-5b62-89bd-3f210a8de02b">
      <Execution id="cece71c1-13a7-4b91-b053-7b41a3a344d4" />
      <TestMethod codeBase="/app/src/ClickUp.Api.Client.Tests/bin/Debug/net9.0/ClickUp.Api.Client.Tests.dll" adapterTypeName="executor://xunit/VsTestRunner2/netcoreapp" className="ClickUp.Api.Client.Tests.ServiceTests.FoldersServiceTests" name="GetFoldersAsync_ApiReturnsNullResponse_ReturnsEmptyEnumerable" />
    </UnitTest>
    <UnitTest name="ClickUp.Api.Client.Tests.ServiceTests.DocsServiceTests.SearchDocsAsync_PassesCancellationTokenToApiConnection" storage="/app/src/clickup.api.client.tests/bin/debug/net9.0/clickup.api.client.tests.dll" id="55b32a28-7140-7866-dfb0-7fc53d5705bd">
      <Execution id="5734daf8-d49a-4161-8f79-c5d963b00488" />
      <TestMethod codeBase="/app/src/ClickUp.Api.Client.Tests/bin/Debug/net9.0/ClickUp.Api.Client.Tests.dll" adapterTypeName="executor://xunit/VsTestRunner2/netcoreapp" className="ClickUp.Api.Client.Tests.ServiceTests.DocsServiceTests" name="SearchDocsAsync_PassesCancellationTokenToApiConnection" />
    </UnitTest>
    <UnitTest name="ClickUp.Api.Client.Tests.ServiceTests.ListsServiceTests.UpdateListAsync_ValidRequest_ReturnsUpdatedList" storage="/app/src/clickup.api.client.tests/bin/debug/net9.0/clickup.api.client.tests.dll" id="d7e51438-6f10-ba0d-c97e-e1b550ea3b42">
      <Execution id="d6558290-db03-4d74-950d-6fcdb362714b" />
      <TestMethod codeBase="/app/src/ClickUp.Api.Client.Tests/bin/Debug/net9.0/ClickUp.Api.Client.Tests.dll" adapterTypeName="executor://xunit/VsTestRunner2/netcoreapp" className="ClickUp.Api.Client.Tests.ServiceTests.ListsServiceTests" name="UpdateListAsync_ValidRequest_ReturnsUpdatedList" />
    </UnitTest>
    <UnitTest name="ClickUp.Api.Client.Tests.ServiceTests.TaskChecklistsServiceTests.EditChecklistAsync_ApiConnectionThrowsHttpRequestException_PropagatesException" storage="/app/src/clickup.api.client.tests/bin/debug/net9.0/clickup.api.client.tests.dll" id="f21ae241-b4bd-9868-77b6-d0156ab40b45">
      <Execution id="8d36052b-90ec-4c60-9aa0-e261cc755621" />
      <TestMethod codeBase="/app/src/ClickUp.Api.Client.Tests/bin/Debug/net9.0/ClickUp.Api.Client.Tests.dll" adapterTypeName="executor://xunit/VsTestRunner2/netcoreapp" className="ClickUp.Api.Client.Tests.ServiceTests.TaskChecklistsServiceTests" name="EditChecklistAsync_ApiConnectionThrowsHttpRequestException_PropagatesException" />
    </UnitTest>
    <UnitTest name="ClickUp.Api.Client.Tests.ServiceTests.SpacesServiceTests.GetSpaceAsync_PassesCancellationTokenToApiConnection" storage="/app/src/clickup.api.client.tests/bin/debug/net9.0/clickup.api.client.tests.dll" id="9d43684b-00da-7543-9bc1-a2202605ce82">
      <Execution id="c7cf5855-8013-46f7-b488-677ea14949f3" />
      <TestMethod codeBase="/app/src/ClickUp.Api.Client.Tests/bin/Debug/net9.0/ClickUp.Api.Client.Tests.dll" adapterTypeName="executor://xunit/VsTestRunner2/netcoreapp" className="ClickUp.Api.Client.Tests.ServiceTests.SpacesServiceTests" name="GetSpaceAsync_PassesCancellationTokenToApiConnection" />
    </UnitTest>
    <UnitTest name="ClickUp.Api.Client.Tests.ServiceTests.SpacesServiceTests.UpdateSpaceAsync_ApiReturnsNullResponse_ThrowsInvalidOperationException" storage="/app/src/clickup.api.client.tests/bin/debug/net9.0/clickup.api.client.tests.dll" id="917fa181-a315-21f5-7c4c-f9ac52837fa3">
      <Execution id="bbb26789-c678-4766-9f32-2f96e128a7ee" />
      <TestMethod codeBase="/app/src/ClickUp.Api.Client.Tests/bin/Debug/net9.0/ClickUp.Api.Client.Tests.dll" adapterTypeName="executor://xunit/VsTestRunner2/netcoreapp" className="ClickUp.Api.Client.Tests.ServiceTests.SpacesServiceTests" name="UpdateSpaceAsync_ApiReturnsNullResponse_ThrowsInvalidOperationException" />
    </UnitTest>
    <UnitTest name="ClickUp.Api.Client.Tests.ServiceTests.ChatServiceTests.CreateChatMessageAsync_NullResponse_ThrowsInvalidOperationException" storage="/app/src/clickup.api.client.tests/bin/debug/net9.0/clickup.api.client.tests.dll" id="4fdfaee4-1cf0-2001-bcdf-3109cca39e60">
      <Execution id="ec2a0060-72de-447c-80e5-ada69b52d199" />
      <TestMethod codeBase="/app/src/ClickUp.Api.Client.Tests/bin/Debug/net9.0/ClickUp.Api.Client.Tests.dll" adapterTypeName="executor://xunit/VsTestRunner2/netcoreapp" className="ClickUp.Api.Client.Tests.ServiceTests.ChatServiceTests" name="CreateChatMessageAsync_NullResponse_ThrowsInvalidOperationException" />
    </UnitTest>
    <UnitTest name="ClickUp.Api.Client.Tests.ServiceTests.CommentServiceTests.UpdateCommentAsync_ValidInput_CallsApiConnectionPutAsyncWithCorrectParameters" storage="/app/src/clickup.api.client.tests/bin/debug/net9.0/clickup.api.client.tests.dll" id="f8636ac7-ebb5-6860-e56f-179c84b09f7e">
      <Execution id="2ee2b204-5b28-4398-97ea-acfbc136442b" />
      <TestMethod codeBase="/app/src/ClickUp.Api.Client.Tests/bin/Debug/net9.0/ClickUp.Api.Client.Tests.dll" adapterTypeName="executor://xunit/VsTestRunner2/netcoreapp" className="ClickUp.Api.Client.Tests.ServiceTests.CommentServiceTests" name="UpdateCommentAsync_ValidInput_CallsApiConnectionPutAsyncWithCorrectParameters" />
    </UnitTest>
    <UnitTest name="ClickUp.Api.Client.Tests.ServiceTests.TimeTrackingServiceTests.GetAllTimeEntryTagsAsync_ApiConnectionThrowsTaskCanceledException_PropagatesException" storage="/app/src/clickup.api.client.tests/bin/debug/net9.0/clickup.api.client.tests.dll" id="f8a3be77-6b3e-6488-6197-4edc60313224">
      <Execution id="131ca604-18e0-46ef-adb5-9c6cd42848d6" />
      <TestMethod codeBase="/app/src/ClickUp.Api.Client.Tests/bin/Debug/net9.0/ClickUp.Api.Client.Tests.dll" adapterTypeName="executor://xunit/VsTestRunner2/netcoreapp" className="ClickUp.Api.Client.Tests.ServiceTests.TimeTrackingServiceTests" name="GetAllTimeEntryTagsAsync_ApiConnectionThrowsTaskCanceledException_PropagatesException" />
    </UnitTest>
    <UnitTest name="ClickUp.Api.Client.Tests.ServiceTests.TimeTrackingServiceTests.StopTimeEntryAsync_ApiReturnsNullResponse_ThrowsInvalidOperationException" storage="/app/src/clickup.api.client.tests/bin/debug/net9.0/clickup.api.client.tests.dll" id="53dc6fcd-4add-8508-6be8-e34134b4bcde">
      <Execution id="7250f82b-4399-40a8-96cd-db2b86b0be85" />
      <TestMethod codeBase="/app/src/ClickUp.Api.Client.Tests/bin/Debug/net9.0/ClickUp.Api.Client.Tests.dll" adapterTypeName="executor://xunit/VsTestRunner2/netcoreapp" className="ClickUp.Api.Client.Tests.ServiceTests.TimeTrackingServiceTests" name="StopTimeEntryAsync_ApiReturnsNullResponse_ThrowsInvalidOperationException" />
    </UnitTest>
    <UnitTest name="ClickUp.Api.Client.Tests.ServiceTests.GoalsServiceTests.GetGoalsAsync_ApiConnectionThrowsTaskCanceledException_PropagatesException" storage="/app/src/clickup.api.client.tests/bin/debug/net9.0/clickup.api.client.tests.dll" id="743584e0-a240-0ce4-5713-dd93c33b213a">
      <Execution id="ea915c52-bc1c-4ed3-8906-bfb2f205fd99" />
      <TestMethod codeBase="/app/src/ClickUp.Api.Client.Tests/bin/Debug/net9.0/ClickUp.Api.Client.Tests.dll" adapterTypeName="executor://xunit/VsTestRunner2/netcoreapp" className="ClickUp.Api.Client.Tests.ServiceTests.GoalsServiceTests" name="GetGoalsAsync_ApiConnectionThrowsTaskCanceledException_PropagatesException" />
    </UnitTest>
    <UnitTest name="ClickUp.Api.Client.Tests.ServiceTests.GoalsServiceTests.DeleteGoalAsync_ValidId_CallsDelete" storage="/app/src/clickup.api.client.tests/bin/debug/net9.0/clickup.api.client.tests.dll" id="deea7a7e-1fdd-f5a6-e2aa-442a21568894">
      <Execution id="674f3109-c231-4647-8316-fd6f08dc2730" />
      <TestMethod codeBase="/app/src/ClickUp.Api.Client.Tests/bin/Debug/net9.0/ClickUp.Api.Client.Tests.dll" adapterTypeName="executor://xunit/VsTestRunner2/netcoreapp" className="ClickUp.Api.Client.Tests.ServiceTests.GoalsServiceTests" name="DeleteGoalAsync_ValidId_CallsDelete" />
    </UnitTest>
    <UnitTest name="ClickUp.Api.Client.Tests.ServiceTests.CommentServiceTests.CreateListCommentAsync_PassesCancellationTokenToApiConnection" storage="/app/src/clickup.api.client.tests/bin/debug/net9.0/clickup.api.client.tests.dll" id="e6784f53-92b9-c672-3ed9-5f40c404e185">
      <Execution id="dfc567b3-4b62-4512-8e2f-97ffc393373a" />
      <TestMethod codeBase="/app/src/ClickUp.Api.Client.Tests/bin/Debug/net9.0/ClickUp.Api.Client.Tests.dll" adapterTypeName="executor://xunit/VsTestRunner2/netcoreapp" className="ClickUp.Api.Client.Tests.ServiceTests.CommentServiceTests" name="CreateListCommentAsync_PassesCancellationTokenToApiConnection" />
    </UnitTest>
    <UnitTest name="ClickUp.Api.Client.Tests.ServiceTests.UsersServiceTests.EditUserOnWorkspaceAsync_ValidRequest_ReturnsUpdatedUser" storage="/app/src/clickup.api.client.tests/bin/debug/net9.0/clickup.api.client.tests.dll" id="1c190a25-dea2-e5d6-075b-6246ded9bc7a">
      <Execution id="4f96a3db-69fb-4fcd-93b8-bcf878e3a23f" />
      <TestMethod codeBase="/app/src/ClickUp.Api.Client.Tests/bin/Debug/net9.0/ClickUp.Api.Client.Tests.dll" adapterTypeName="executor://xunit/VsTestRunner2/netcoreapp" className="ClickUp.Api.Client.Tests.ServiceTests.UsersServiceTests" name="EditUserOnWorkspaceAsync_ValidRequest_ReturnsUpdatedUser" />
    </UnitTest>
    <UnitTest name="ClickUp.Api.Client.Tests.ServiceTests.GoalsServiceTests.CreateGoalAsync_ApiReturnsNullResponse_ThrowsInvalidOperationException" storage="/app/src/clickup.api.client.tests/bin/debug/net9.0/clickup.api.client.tests.dll" id="50a4b829-9b8c-141f-9af8-de6d13d2fe78">
      <Execution id="62c31ab7-760d-4c5d-80e8-00a39686b2a0" />
      <TestMethod codeBase="/app/src/ClickUp.Api.Client.Tests/bin/Debug/net9.0/ClickUp.Api.Client.Tests.dll" adapterTypeName="executor://xunit/VsTestRunner2/netcoreapp" className="ClickUp.Api.Client.Tests.ServiceTests.GoalsServiceTests" name="CreateGoalAsync_ApiReturnsNullResponse_ThrowsInvalidOperationException" />
    </UnitTest>
    <UnitTest name="ClickUp.Api.Client.Tests.ServiceTests.TagsServiceTests.AddTagToTaskAsync_ApiConnectionThrowsTaskCanceledException_PropagatesException" storage="/app/src/clickup.api.client.tests/bin/debug/net9.0/clickup.api.client.tests.dll" id="20c11213-7a32-e5b1-4f9d-be32fc32fc40">
      <Execution id="f51dda63-6235-4ce1-963a-3c5bd383472a" />
      <TestMethod codeBase="/app/src/ClickUp.Api.Client.Tests/bin/Debug/net9.0/ClickUp.Api.Client.Tests.dll" adapterTypeName="executor://xunit/VsTestRunner2/netcoreapp" className="ClickUp.Api.Client.Tests.ServiceTests.TagsServiceTests" name="AddTagToTaskAsync_ApiConnectionThrowsTaskCanceledException_PropagatesException" />
    </UnitTest>
    <UnitTest name="ClickUp.Api.Client.Tests.ServiceTests.UsersServiceTests.GetUserFromWorkspaceAsync_ApiReturnsResponseWithNullUserInMember_ThrowsInvalidOperationException" storage="/app/src/clickup.api.client.tests/bin/debug/net9.0/clickup.api.client.tests.dll" id="d8f0fca4-15fd-11f8-f3f3-3e1c1e6fda8e">
      <Execution id="0cf2c7aa-44b9-49cb-8e55-6c47cf3c5015" />
      <TestMethod codeBase="/app/src/ClickUp.Api.Client.Tests/bin/Debug/net9.0/ClickUp.Api.Client.Tests.dll" adapterTypeName="executor://xunit/VsTestRunner2/netcoreapp" className="ClickUp.Api.Client.Tests.ServiceTests.UsersServiceTests" name="GetUserFromWorkspaceAsync_ApiReturnsResponseWithNullUserInMember_ThrowsInvalidOperationException" />
    </UnitTest>
    <UnitTest name="ClickUp.Api.Client.Tests.ServiceTests.DocsServiceTests.GetPageAsync_NullResponse_ThrowsInvalidOperationException" storage="/app/src/clickup.api.client.tests/bin/debug/net9.0/clickup.api.client.tests.dll" id="355387e6-3446-3780-0dcb-9de2799ba29b">
      <Execution id="5134574e-f44e-4f17-8a4e-9d34dd197fa0" />
      <TestMethod codeBase="/app/src/ClickUp.Api.Client.Tests/bin/Debug/net9.0/ClickUp.Api.Client.Tests.dll" adapterTypeName="executor://xunit/VsTestRunner2/netcoreapp" className="ClickUp.Api.Client.Tests.ServiceTests.DocsServiceTests" name="GetPageAsync_NullResponse_ThrowsInvalidOperationException" />
    </UnitTest>
    <UnitTest name="ClickUp.Api.Client.Tests.ServiceTests.SpacesServiceTests.UpdateSpaceAsync_ApiConnectionThrowsHttpRequestException_PropagatesException" storage="/app/src/clickup.api.client.tests/bin/debug/net9.0/clickup.api.client.tests.dll" id="10c50b8f-bcc8-df8e-e0b7-8d550856f9b0">
      <Execution id="4a7e7a43-b2f2-4fa5-9ce2-02b20d3c1c57" />
      <TestMethod codeBase="/app/src/ClickUp.Api.Client.Tests/bin/Debug/net9.0/ClickUp.Api.Client.Tests.dll" adapterTypeName="executor://xunit/VsTestRunner2/netcoreapp" className="ClickUp.Api.Client.Tests.ServiceTests.SpacesServiceTests" name="UpdateSpaceAsync_ApiConnectionThrowsHttpRequestException_PropagatesException" />
    </UnitTest>
    <UnitTest name="ClickUp.Api.Client.Tests.Models.Entities.CustomFieldValueTests.Deserialize_NumberFieldValue_Correctly" storage="/app/src/clickup.api.client.tests/bin/debug/net9.0/clickup.api.client.tests.dll" id="e30d5a07-9505-e75b-f1ba-e64638dc1353">
      <Execution id="4edb7b2c-e693-4b88-b28c-0ab94ce5359b" />
      <TestMethod codeBase="/app/src/ClickUp.Api.Client.Tests/bin/Debug/net9.0/ClickUp.Api.Client.Tests.dll" adapterTypeName="executor://xunit/VsTestRunner2/netcoreapp" className="ClickUp.Api.Client.Tests.Models.Entities.CustomFieldValueTests" name="Deserialize_NumberFieldValue_Correctly" />
    </UnitTest>
    <UnitTest name="ClickUp.Api.Client.Tests.ServiceTests.GoalsServiceTests.DeleteKeyResultAsync_ApiConnectionThrowsTaskCanceledException_PropagatesException" storage="/app/src/clickup.api.client.tests/bin/debug/net9.0/clickup.api.client.tests.dll" id="48c2b39b-d8a7-63f4-550c-ca6515b05f4e">
      <Execution id="c07aa7e3-ad49-4cb2-84ce-04eaa341387b" />
      <TestMethod codeBase="/app/src/ClickUp.Api.Client.Tests/bin/Debug/net9.0/ClickUp.Api.Client.Tests.dll" adapterTypeName="executor://xunit/VsTestRunner2/netcoreapp" className="ClickUp.Api.Client.Tests.ServiceTests.GoalsServiceTests" name="DeleteKeyResultAsync_ApiConnectionThrowsTaskCanceledException_PropagatesException" />
    </UnitTest>
    <UnitTest name="ClickUp.Api.Client.Tests.ServiceTests.GuestsServiceTests.RemoveGuestFromListAsync_NullGuestInResponse_ThrowsInvalidOperationException" storage="/app/src/clickup.api.client.tests/bin/debug/net9.0/clickup.api.client.tests.dll" id="e7983c9f-5e2f-f03b-fa2f-39dd8296bf5e">
      <Execution id="3625ef30-82e7-49ed-9791-d7c9796ce2f3" />
      <TestMethod codeBase="/app/src/ClickUp.Api.Client.Tests/bin/Debug/net9.0/ClickUp.Api.Client.Tests.dll" adapterTypeName="executor://xunit/VsTestRunner2/netcoreapp" className="ClickUp.Api.Client.Tests.ServiceTests.GuestsServiceTests" name="RemoveGuestFromListAsync_NullGuestInResponse_ThrowsInvalidOperationException" />
    </UnitTest>
    <UnitTest name="ClickUp.Api.Client.Tests.ServiceTests.GuestsServiceTests.EditGuestOnWorkspaceAsync_ApiError_ThrowsHttpRequestException" storage="/app/src/clickup.api.client.tests/bin/debug/net9.0/clickup.api.client.tests.dll" id="1fe75168-c800-b67c-9751-e0d12264c81c">
      <Execution id="25455516-7e1f-4455-9a56-9ee19f24267c" />
      <TestMethod codeBase="/app/src/ClickUp.Api.Client.Tests/bin/Debug/net9.0/ClickUp.Api.Client.Tests.dll" adapterTypeName="executor://xunit/VsTestRunner2/netcoreapp" className="ClickUp.Api.Client.Tests.ServiceTests.GuestsServiceTests" name="EditGuestOnWorkspaceAsync_ApiError_ThrowsHttpRequestException" />
    </UnitTest>
    <UnitTest name="ClickUp.Api.Client.Tests.ServiceTests.CommentServiceTests.GetListCommentsStreamAsync_IAsyncEnumerable_ReturnsEmpty_WhenNoComments" storage="/app/src/clickup.api.client.tests/bin/debug/net9.0/clickup.api.client.tests.dll" id="4b76b10c-3987-229a-82ef-c4d4464c6a7a">
      <Execution id="c2eb6f26-5c62-4fdc-b68d-2854a17d9827" />
      <TestMethod codeBase="/app/src/ClickUp.Api.Client.Tests/bin/Debug/net9.0/ClickUp.Api.Client.Tests.dll" adapterTypeName="executor://xunit/VsTestRunner2/netcoreapp" className="ClickUp.Api.Client.Tests.ServiceTests.CommentServiceTests" name="GetListCommentsStreamAsync_IAsyncEnumerable_ReturnsEmpty_WhenNoComments" />
    </UnitTest>
    <UnitTest name="ClickUp.Api.Client.Tests.Models.Serialization.Converters.JsonStringOrNumberConverterTests.Read_WhenJsonIsScientificNotation_ShouldReturnString" storage="/app/src/clickup.api.client.tests/bin/debug/net9.0/clickup.api.client.tests.dll" id="b47a9622-5ce0-0e31-06de-1f2bb7588e7f">
      <Execution id="97500f07-c22b-494b-a15a-fd091e348164" />
      <TestMethod codeBase="/app/src/ClickUp.Api.Client.Tests/bin/Debug/net9.0/ClickUp.Api.Client.Tests.dll" adapterTypeName="executor://xunit/VsTestRunner2/netcoreapp" className="ClickUp.Api.Client.Tests.Models.Serialization.Converters.JsonStringOrNumberConverterTests" name="Read_WhenJsonIsScientificNotation_ShouldReturnString" />
    </UnitTest>
    <UnitTest name="ClickUp.Api.Client.Tests.ServiceTests.DocsServiceTests.SearchAllDocsAsync_CancellationRequested_StopsIteration" storage="/app/src/clickup.api.client.tests/bin/debug/net9.0/clickup.api.client.tests.dll" id="4407b350-db9d-8c81-7116-88bb98212cd0">
      <Execution id="33dc89b1-f1a3-4b9c-8106-5767762d64e6" />
      <TestMethod codeBase="/app/src/ClickUp.Api.Client.Tests/bin/Debug/net9.0/ClickUp.Api.Client.Tests.dll" adapterTypeName="executor://xunit/VsTestRunner2/netcoreapp" className="ClickUp.Api.Client.Tests.ServiceTests.DocsServiceTests" name="SearchAllDocsAsync_CancellationRequested_StopsIteration" />
    </UnitTest>
    <UnitTest name="ClickUp.Api.Client.Tests.ServiceTests.AuthorizationServiceTests.GetAuthorizedWorkspacesAsync_ApiConnectionResponseHasNullWorkspaces_ReturnsNull" storage="/app/src/clickup.api.client.tests/bin/debug/net9.0/clickup.api.client.tests.dll" id="80ab7f0e-6cfe-9e83-8315-050a1996c963">
      <Execution id="851da000-9623-428a-82fa-e0e79708d979" />
      <TestMethod codeBase="/app/src/ClickUp.Api.Client.Tests/bin/Debug/net9.0/ClickUp.Api.Client.Tests.dll" adapterTypeName="executor://xunit/VsTestRunner2/netcoreapp" className="ClickUp.Api.Client.Tests.ServiceTests.AuthorizationServiceTests" name="GetAuthorizedWorkspacesAsync_ApiConnectionResponseHasNullWorkspaces_ReturnsNull" />
    </UnitTest>
    <UnitTest name="ClickUp.Api.Client.Tests.ServiceTests.TagsServiceTests.RemoveTagFromTaskAsync_ValidRequest_CallsDeleteAsyncWithCorrectUrl" storage="/app/src/clickup.api.client.tests/bin/debug/net9.0/clickup.api.client.tests.dll" id="2c6315b1-5c62-5afb-deb3-3d0ce2f1aa9c">
      <Execution id="dc40f611-0cc2-4f65-a6c8-1be5d93fe9da" />
      <TestMethod codeBase="/app/src/ClickUp.Api.Client.Tests/bin/Debug/net9.0/ClickUp.Api.Client.Tests.dll" adapterTypeName="executor://xunit/VsTestRunner2/netcoreapp" className="ClickUp.Api.Client.Tests.ServiceTests.TagsServiceTests" name="RemoveTagFromTaskAsync_ValidRequest_CallsDeleteAsyncWithCorrectUrl" />
    </UnitTest>
    <UnitTest name="ClickUp.Api.Client.Tests.ServiceTests.TemplatesServiceTests.GetTaskTemplatesAsync_ApiReturnsResponseWithNullTemplates_ReturnsEmptyList" storage="/app/src/clickup.api.client.tests/bin/debug/net9.0/clickup.api.client.tests.dll" id="b3e5ae08-2d01-f653-02ff-46c398308333">
      <Execution id="f8d164d3-8a95-4eb4-86e7-44400d30c182" />
      <TestMethod codeBase="/app/src/ClickUp.Api.Client.Tests/bin/Debug/net9.0/ClickUp.Api.Client.Tests.dll" adapterTypeName="executor://xunit/VsTestRunner2/netcoreapp" className="ClickUp.Api.Client.Tests.ServiceTests.TemplatesServiceTests" name="GetTaskTemplatesAsync_ApiReturnsResponseWithNullTemplates_ReturnsEmptyList" />
    </UnitTest>
    <UnitTest name="ClickUp.Api.Client.Tests.ServiceTests.ListsServiceTests.GetFolderlessListsAsync_WithArchivedTrue_BuildsCorrectUrl" storage="/app/src/clickup.api.client.tests/bin/debug/net9.0/clickup.api.client.tests.dll" id="6713f5db-229f-650d-5241-8148618d3899">
      <Execution id="f0aa34ee-0fb2-4347-bb81-b9ef26101997" />
      <TestMethod codeBase="/app/src/ClickUp.Api.Client.Tests/bin/Debug/net9.0/ClickUp.Api.Client.Tests.dll" adapterTypeName="executor://xunit/VsTestRunner2/netcoreapp" className="ClickUp.Api.Client.Tests.ServiceTests.ListsServiceTests" name="GetFolderlessListsAsync_WithArchivedTrue_BuildsCorrectUrl" />
    </UnitTest>
    <UnitTest name="ClickUp.Api.Client.Tests.ServiceTests.MembersServiceTests.GetTaskMembersAsync_ApiConnectionThrowsHttpRequestException_PropagatesException" storage="/app/src/clickup.api.client.tests/bin/debug/net9.0/clickup.api.client.tests.dll" id="b8102875-1530-5ffa-d85f-e540535c1165">
      <Execution id="13f33bd7-fe65-47b2-a2ba-63640c116cc3" />
      <TestMethod codeBase="/app/src/ClickUp.Api.Client.Tests/bin/Debug/net9.0/ClickUp.Api.Client.Tests.dll" adapterTypeName="executor://xunit/VsTestRunner2/netcoreapp" className="ClickUp.Api.Client.Tests.ServiceTests.MembersServiceTests" name="GetTaskMembersAsync_ApiConnectionThrowsHttpRequestException_PropagatesException" />
    </UnitTest>
    <UnitTest name="ClickUp.Api.Client.Tests.ServiceTests.CommentServiceTests.CreateListCommentAsync_ApiConnectionThrowsTaskCanceledException_PropagatesException" storage="/app/src/clickup.api.client.tests/bin/debug/net9.0/clickup.api.client.tests.dll" id="74562e14-cc5c-a9c9-1979-f6ded4eaa05c">
      <Execution id="56798497-c968-4fd0-b1df-498ab83a79c9" />
      <TestMethod codeBase="/app/src/ClickUp.Api.Client.Tests/bin/Debug/net9.0/ClickUp.Api.Client.Tests.dll" adapterTypeName="executor://xunit/VsTestRunner2/netcoreapp" className="ClickUp.Api.Client.Tests.ServiceTests.CommentServiceTests" name="CreateListCommentAsync_ApiConnectionThrowsTaskCanceledException_PropagatesException" />
    </UnitTest>
    <UnitTest name="ClickUp.Api.Client.Tests.Models.Serialization.Converters.JsonStringOrNumberConverterTests.Read_WhenJsonIsNull_ShouldReturnNull" storage="/app/src/clickup.api.client.tests/bin/debug/net9.0/clickup.api.client.tests.dll" id="fa893782-5dd8-9c41-a050-49aba0db9ae3">
      <Execution id="6d987fd9-e54e-4fed-b929-3a382a6530a3" />
      <TestMethod codeBase="/app/src/ClickUp.Api.Client.Tests/bin/Debug/net9.0/ClickUp.Api.Client.Tests.dll" adapterTypeName="executor://xunit/VsTestRunner2/netcoreapp" className="ClickUp.Api.Client.Tests.Models.Serialization.Converters.JsonStringOrNumberConverterTests" name="Read_WhenJsonIsNull_ShouldReturnNull" />
    </UnitTest>
    <UnitTest name="ClickUp.Api.Client.Tests.ServiceTests.ListsServiceTests.RemoveTaskFromListAsync_ApiConnectionThrowsHttpRequestException_PropagatesException" storage="/app/src/clickup.api.client.tests/bin/debug/net9.0/clickup.api.client.tests.dll" id="7166428a-b2c6-d817-221a-e3f6d6f9c367">
      <Execution id="d7d90cf5-2a26-4ea1-b866-2f1a96e3b562" />
      <TestMethod codeBase="/app/src/ClickUp.Api.Client.Tests/bin/Debug/net9.0/ClickUp.Api.Client.Tests.dll" adapterTypeName="executor://xunit/VsTestRunner2/netcoreapp" className="ClickUp.Api.Client.Tests.ServiceTests.ListsServiceTests" name="RemoveTaskFromListAsync_ApiConnectionThrowsHttpRequestException_PropagatesException" />
    </UnitTest>
    <UnitTest name="ClickUp.Api.Client.Tests.ServiceTests.TaskServiceTests.GetFilteredTeamTasksAsyncEnumerable_ReturnsEmpty_WhenNoTasks" storage="/app/src/clickup.api.client.tests/bin/debug/net9.0/clickup.api.client.tests.dll" id="77455564-3a69-726a-b534-8465919fcf2b">
      <Execution id="4313251d-0f6c-44fc-94b2-c16f710f6e55" />
      <TestMethod codeBase="/app/src/ClickUp.Api.Client.Tests/bin/Debug/net9.0/ClickUp.Api.Client.Tests.dll" adapterTypeName="executor://xunit/VsTestRunner2/netcoreapp" className="ClickUp.Api.Client.Tests.ServiceTests.TaskServiceTests" name="GetFilteredTeamTasksAsyncEnumerable_ReturnsEmpty_WhenNoTasks" />
    </UnitTest>
    <UnitTest name="ClickUp.Api.Client.Tests.ServiceTests.TimeTrackingServiceTests.DeleteTimeEntryAsync_PassesCancellationTokenToApiConnection" storage="/app/src/clickup.api.client.tests/bin/debug/net9.0/clickup.api.client.tests.dll" id="93860a70-03b6-6964-eca6-99f2a40f53bb">
      <Execution id="34a9bae7-1679-4219-a0f8-66837fa2af44" />
      <TestMethod codeBase="/app/src/ClickUp.Api.Client.Tests/bin/Debug/net9.0/ClickUp.Api.Client.Tests.dll" adapterTypeName="executor://xunit/VsTestRunner2/netcoreapp" className="ClickUp.Api.Client.Tests.ServiceTests.TimeTrackingServiceTests" name="DeleteTimeEntryAsync_PassesCancellationTokenToApiConnection" />
    </UnitTest>
    <UnitTest name="ClickUp.Api.Client.Tests.ServiceTests.DocsServiceTests.CreateDocAsync_ApiConnectionThrowsTaskCanceledException_PropagatesException" storage="/app/src/clickup.api.client.tests/bin/debug/net9.0/clickup.api.client.tests.dll" id="668bee19-e221-0a44-1d56-52288964742b">
      <Execution id="534a9bcd-d39b-4a47-a3c5-f93fae97017e" />
      <TestMethod codeBase="/app/src/ClickUp.Api.Client.Tests/bin/Debug/net9.0/ClickUp.Api.Client.Tests.dll" adapterTypeName="executor://xunit/VsTestRunner2/netcoreapp" className="ClickUp.Api.Client.Tests.ServiceTests.DocsServiceTests" name="CreateDocAsync_ApiConnectionThrowsTaskCanceledException_PropagatesException" />
    </UnitTest>
    <UnitTest name="ClickUp.Api.Client.Tests.ServiceTests.TaskServiceTests.GetFilteredTeamTasksAsync_EmptyWorkspaceId_ThrowsArgumentNullException" storage="/app/src/clickup.api.client.tests/bin/debug/net9.0/clickup.api.client.tests.dll" id="18810675-1d1f-7bbb-20d7-e2d7bb16299f">
      <Execution id="450cb09d-526c-47d9-85e1-ec63e4c56bbf" />
      <TestMethod codeBase="/app/src/ClickUp.Api.Client.Tests/bin/Debug/net9.0/ClickUp.Api.Client.Tests.dll" adapterTypeName="executor://xunit/VsTestRunner2/netcoreapp" className="ClickUp.Api.Client.Tests.ServiceTests.TaskServiceTests" name="GetFilteredTeamTasksAsync_EmptyWorkspaceId_ThrowsArgumentNullException" />
    </UnitTest>
    <UnitTest name="ClickUp.Api.Client.Tests.ServiceTests.TimeTrackingServiceTests.RemoveTagsFromTimeEntriesAsync_ValidRequest_CallsDeleteAsyncWithBody" storage="/app/src/clickup.api.client.tests/bin/debug/net9.0/clickup.api.client.tests.dll" id="77bdf4bc-d936-5dd2-d76f-d427b1d19eb7">
      <Execution id="22dab698-4adc-4514-b9f6-943de39749f8" />
      <TestMethod codeBase="/app/src/ClickUp.Api.Client.Tests/bin/Debug/net9.0/ClickUp.Api.Client.Tests.dll" adapterTypeName="executor://xunit/VsTestRunner2/netcoreapp" className="ClickUp.Api.Client.Tests.ServiceTests.TimeTrackingServiceTests" name="RemoveTagsFromTimeEntriesAsync_ValidRequest_CallsDeleteAsyncWithBody" />
    </UnitTest>
    <UnitTest name="ClickUp.Api.Client.Tests.ServiceTests.ListsServiceTests.GetListsInFolderAsync_WithArchivedFalse_BuildsCorrectUrl" storage="/app/src/clickup.api.client.tests/bin/debug/net9.0/clickup.api.client.tests.dll" id="b3f479bb-ab40-60c5-3495-dd1b3ee2147b">
      <Execution id="aa4636d5-e4e7-4449-9544-63fb455a3454" />
      <TestMethod codeBase="/app/src/ClickUp.Api.Client.Tests/bin/Debug/net9.0/ClickUp.Api.Client.Tests.dll" adapterTypeName="executor://xunit/VsTestRunner2/netcoreapp" className="ClickUp.Api.Client.Tests.ServiceTests.ListsServiceTests" name="GetListsInFolderAsync_WithArchivedFalse_BuildsCorrectUrl" />
    </UnitTest>
    <UnitTest name="ClickUp.Api.Client.Tests.ServiceTests.ListsServiceTests.GetListAsync_ApiConnectionThrowsTaskCanceledException_PropagatesException" storage="/app/src/clickup.api.client.tests/bin/debug/net9.0/clickup.api.client.tests.dll" id="833be0b6-b134-58cc-33d7-b86161f587e4">
      <Execution id="d6ec32d6-4e29-4479-8f8e-e00f05cd55f5" />
      <TestMethod codeBase="/app/src/ClickUp.Api.Client.Tests/bin/Debug/net9.0/ClickUp.Api.Client.Tests.dll" adapterTypeName="executor://xunit/VsTestRunner2/netcoreapp" className="ClickUp.Api.Client.Tests.ServiceTests.ListsServiceTests" name="GetListAsync_ApiConnectionThrowsTaskCanceledException_PropagatesException" />
    </UnitTest>
    <UnitTest name="ClickUp.Api.Client.Tests.ServiceTests.ChatServiceTests.UpdateChatChannelAsync_PassesCancellationTokenToApiConnection" storage="/app/src/clickup.api.client.tests/bin/debug/net9.0/clickup.api.client.tests.dll" id="5c7bd3fb-81ff-1ac2-6d57-8d1e80a09522">
      <Execution id="7db37340-7bc1-4b24-aa35-6e09f4de7bf6" />
      <TestMethod codeBase="/app/src/ClickUp.Api.Client.Tests/bin/Debug/net9.0/ClickUp.Api.Client.Tests.dll" adapterTypeName="executor://xunit/VsTestRunner2/netcoreapp" className="ClickUp.Api.Client.Tests.ServiceTests.ChatServiceTests" name="UpdateChatChannelAsync_PassesCancellationTokenToApiConnection" />
    </UnitTest>
    <UnitTest name="ClickUp.Api.Client.Tests.ServiceTests.TimeTrackingServiceTests.AddTagsToTimeEntriesAsync_ApiConnectionThrowsHttpRequestException_PropagatesException" storage="/app/src/clickup.api.client.tests/bin/debug/net9.0/clickup.api.client.tests.dll" id="c8c89718-5cad-690c-8dea-b9e5d88363b5">
      <Execution id="6a19faf1-bac1-4683-8024-c20651552859" />
      <TestMethod codeBase="/app/src/ClickUp.Api.Client.Tests/bin/Debug/net9.0/ClickUp.Api.Client.Tests.dll" adapterTypeName="executor://xunit/VsTestRunner2/netcoreapp" className="ClickUp.Api.Client.Tests.ServiceTests.TimeTrackingServiceTests" name="AddTagsToTimeEntriesAsync_ApiConnectionThrowsHttpRequestException_PropagatesException" />
    </UnitTest>
    <UnitTest name="ClickUp.Api.Client.Tests.ServiceTests.ChatServiceTests.UpdateChatMessageAsync_NullDataInResponse_ThrowsInvalidOperationException" storage="/app/src/clickup.api.client.tests/bin/debug/net9.0/clickup.api.client.tests.dll" id="b66a0705-5045-a9ff-6d1b-1ead82f483bf">
      <Execution id="481c039c-7524-4ab1-aa9f-285bddf3bda7" />
      <TestMethod codeBase="/app/src/ClickUp.Api.Client.Tests/bin/Debug/net9.0/ClickUp.Api.Client.Tests.dll" adapterTypeName="executor://xunit/VsTestRunner2/netcoreapp" className="ClickUp.Api.Client.Tests.ServiceTests.ChatServiceTests" name="UpdateChatMessageAsync_NullDataInResponse_ThrowsInvalidOperationException" />
    </UnitTest>
    <UnitTest name="ClickUp.Api.Client.Tests.ServiceTests.FoldersServiceTests.UpdateFolderAsync_ApiError_ThrowsHttpRequestException" storage="/app/src/clickup.api.client.tests/bin/debug/net9.0/clickup.api.client.tests.dll" id="8d925765-e431-d05b-4316-c8628381eee3">
      <Execution id="b5f3273f-29a3-4101-8444-e36b776746ae" />
      <TestMethod codeBase="/app/src/ClickUp.Api.Client.Tests/bin/Debug/net9.0/ClickUp.Api.Client.Tests.dll" adapterTypeName="executor://xunit/VsTestRunner2/netcoreapp" className="ClickUp.Api.Client.Tests.ServiceTests.FoldersServiceTests" name="UpdateFolderAsync_ApiError_ThrowsHttpRequestException" />
    </UnitTest>
    <UnitTest name="ClickUp.Api.Client.Tests.ServiceTests.TimeTrackingServiceTests.GetTimeEntryHistoryAsync_ApiReturnsResponseWithNullHistory_ReturnsEmptyEnumerable" storage="/app/src/clickup.api.client.tests/bin/debug/net9.0/clickup.api.client.tests.dll" id="f302c799-649b-b0ee-3afd-503e7e99c985">
      <Execution id="735296d6-c62b-43aa-b369-a3868f82d3e0" />
      <TestMethod codeBase="/app/src/ClickUp.Api.Client.Tests/bin/Debug/net9.0/ClickUp.Api.Client.Tests.dll" adapterTypeName="executor://xunit/VsTestRunner2/netcoreapp" className="ClickUp.Api.Client.Tests.ServiceTests.TimeTrackingServiceTests" name="GetTimeEntryHistoryAsync_ApiReturnsResponseWithNullHistory_ReturnsEmptyEnumerable" />
    </UnitTest>
    <UnitTest name="ClickUp.Api.Client.Tests.ServiceTests.CommentServiceTests.GetThreadedCommentsAsync_ApiConnectionThrowsTaskCanceledException_PropagatesException" storage="/app/src/clickup.api.client.tests/bin/debug/net9.0/clickup.api.client.tests.dll" id="14dbe8ff-b862-5633-193b-df6fb0fc63d4">
      <Execution id="042c14d3-18b4-4c22-b143-9dce568dc60c" />
      <TestMethod codeBase="/app/src/ClickUp.Api.Client.Tests/bin/Debug/net9.0/ClickUp.Api.Client.Tests.dll" adapterTypeName="executor://xunit/VsTestRunner2/netcoreapp" className="ClickUp.Api.Client.Tests.ServiceTests.CommentServiceTests" name="GetThreadedCommentsAsync_ApiConnectionThrowsTaskCanceledException_PropagatesException" />
    </UnitTest>
    <UnitTest name="ClickUp.Api.Client.Tests.ServiceTests.TagsServiceTests.GetSpaceTagsAsync_PassesCancellationTokenToApiConnection" storage="/app/src/clickup.api.client.tests/bin/debug/net9.0/clickup.api.client.tests.dll" id="eac1621c-c70f-03f6-5a70-66234bdd4b8b">
      <Execution id="b0f541cb-463f-4b8b-a3b5-b752300ae417" />
      <TestMethod codeBase="/app/src/ClickUp.Api.Client.Tests/bin/Debug/net9.0/ClickUp.Api.Client.Tests.dll" adapterTypeName="executor://xunit/VsTestRunner2/netcoreapp" className="ClickUp.Api.Client.Tests.ServiceTests.TagsServiceTests" name="GetSpaceTagsAsync_PassesCancellationTokenToApiConnection" />
    </UnitTest>
    <UnitTest name="ClickUp.Api.Client.Tests.ServiceTests.ListsServiceTests.RemoveTaskFromListAsync_PassesCancellationTokenToApiConnection" storage="/app/src/clickup.api.client.tests/bin/debug/net9.0/clickup.api.client.tests.dll" id="f1e36961-5c37-364c-023d-e92ca8cc1274">
      <Execution id="53f139df-6ca5-43b8-9e40-96198447fc4a" />
      <TestMethod codeBase="/app/src/ClickUp.Api.Client.Tests/bin/Debug/net9.0/ClickUp.Api.Client.Tests.dll" adapterTypeName="executor://xunit/VsTestRunner2/netcoreapp" className="ClickUp.Api.Client.Tests.ServiceTests.ListsServiceTests" name="RemoveTaskFromListAsync_PassesCancellationTokenToApiConnection" />
    </UnitTest>
    <UnitTest name="ClickUp.Api.Client.Tests.ServiceTests.TimeTrackingServiceTests.DeleteTimeEntryAsync_ApiConnectionThrowsTaskCanceledException_PropagatesException" storage="/app/src/clickup.api.client.tests/bin/debug/net9.0/clickup.api.client.tests.dll" id="c9d05bfe-c5f5-b0ae-ecec-cac77b7363df">
      <Execution id="b05fc31b-b8c5-4100-8f65-96f28e6e0b3c" />
      <TestMethod codeBase="/app/src/ClickUp.Api.Client.Tests/bin/Debug/net9.0/ClickUp.Api.Client.Tests.dll" adapterTypeName="executor://xunit/VsTestRunner2/netcoreapp" className="ClickUp.Api.Client.Tests.ServiceTests.TimeTrackingServiceTests" name="DeleteTimeEntryAsync_ApiConnectionThrowsTaskCanceledException_PropagatesException" />
    </UnitTest>
    <UnitTest name="ClickUp.Api.Client.Tests.ServiceTests.GoalsServiceTests.UpdateGoalAsync_ApiConnectionThrowsTaskCanceledException_PropagatesException" storage="/app/src/clickup.api.client.tests/bin/debug/net9.0/clickup.api.client.tests.dll" id="98aeb1c6-0311-034b-f3a6-7cfe1ed606b2">
      <Execution id="8efbe6c6-2dcb-4401-a2d7-f142983a724f" />
      <TestMethod codeBase="/app/src/ClickUp.Api.Client.Tests/bin/Debug/net9.0/ClickUp.Api.Client.Tests.dll" adapterTypeName="executor://xunit/VsTestRunner2/netcoreapp" className="ClickUp.Api.Client.Tests.ServiceTests.GoalsServiceTests" name="UpdateGoalAsync_ApiConnectionThrowsTaskCanceledException_PropagatesException" />
    </UnitTest>
    <UnitTest name="ClickUp.Api.Client.Tests.ServiceTests.ChatServiceTests.UpdateChatChannelAsync_NullResponse_ThrowsInvalidOperationException" storage="/app/src/clickup.api.client.tests/bin/debug/net9.0/clickup.api.client.tests.dll" id="f60ad773-b852-568a-f848-dd5f3fec899e">
      <Execution id="9053e1c9-7406-4a92-8f1e-28d4b4e6d5e1" />
      <TestMethod codeBase="/app/src/ClickUp.Api.Client.Tests/bin/Debug/net9.0/ClickUp.Api.Client.Tests.dll" adapterTypeName="executor://xunit/VsTestRunner2/netcoreapp" className="ClickUp.Api.Client.Tests.ServiceTests.ChatServiceTests" name="UpdateChatChannelAsync_NullResponse_ThrowsInvalidOperationException" />
    </UnitTest>
    <UnitTest name="ClickUp.Api.Client.Tests.ServiceTests.UsersServiceTests.RemoveUserFromWorkspaceAsync_PassesCancellationTokenToApiConnection" storage="/app/src/clickup.api.client.tests/bin/debug/net9.0/clickup.api.client.tests.dll" id="7f3958b9-1f8d-6baf-a1fe-2fb06fcdfede">
      <Execution id="0645e493-42f5-4b3a-8839-f9d61dd27d06" />
      <TestMethod codeBase="/app/src/ClickUp.Api.Client.Tests/bin/Debug/net9.0/ClickUp.Api.Client.Tests.dll" adapterTypeName="executor://xunit/VsTestRunner2/netcoreapp" className="ClickUp.Api.Client.Tests.ServiceTests.UsersServiceTests" name="RemoveUserFromWorkspaceAsync_PassesCancellationTokenToApiConnection" />
    </UnitTest>
    <UnitTest name="ClickUp.Api.Client.Tests.ServiceTests.ListsServiceTests.GetFolderlessListsAsyncEnumerableAsync_ReturnsEmpty_WhenNoLists" storage="/app/src/clickup.api.client.tests/bin/debug/net9.0/clickup.api.client.tests.dll" id="b5d24841-5913-74d3-42f1-eae7a6cd6b06">
      <Execution id="d1de797f-b7a2-410c-93a3-6abf7175511f" />
      <TestMethod codeBase="/app/src/ClickUp.Api.Client.Tests/bin/Debug/net9.0/ClickUp.Api.Client.Tests.dll" adapterTypeName="executor://xunit/VsTestRunner2/netcoreapp" className="ClickUp.Api.Client.Tests.ServiceTests.ListsServiceTests" name="GetFolderlessListsAsyncEnumerableAsync_ReturnsEmpty_WhenNoLists" />
    </UnitTest>
    <UnitTest name="ClickUp.Api.Client.Tests.ServiceTests.ChatServiceTests.DeleteChatChannelAsync_ApiError_ThrowsHttpRequestException" storage="/app/src/clickup.api.client.tests/bin/debug/net9.0/clickup.api.client.tests.dll" id="7eac7054-5c36-912a-b0a1-7a8b0f2cc93f">
      <Execution id="9f19e938-ba4b-4309-b21c-19f5c0b773e0" />
      <TestMethod codeBase="/app/src/ClickUp.Api.Client.Tests/bin/Debug/net9.0/ClickUp.Api.Client.Tests.dll" adapterTypeName="executor://xunit/VsTestRunner2/netcoreapp" className="ClickUp.Api.Client.Tests.ServiceTests.ChatServiceTests" name="DeleteChatChannelAsync_ApiError_ThrowsHttpRequestException" />
    </UnitTest>
    <UnitTest name="ClickUp.Api.Client.Tests.ServiceTests.ChatServiceTests.CreateChatChannelAsync_NullResponse_ThrowsInvalidOperationException" storage="/app/src/clickup.api.client.tests/bin/debug/net9.0/clickup.api.client.tests.dll" id="9130ff1c-3d20-6dbc-6548-4a4c26907e23">
      <Execution id="ab32f87b-0f92-419f-a489-0a7379850d28" />
      <TestMethod codeBase="/app/src/ClickUp.Api.Client.Tests/bin/Debug/net9.0/ClickUp.Api.Client.Tests.dll" adapterTypeName="executor://xunit/VsTestRunner2/netcoreapp" className="ClickUp.Api.Client.Tests.ServiceTests.ChatServiceTests" name="CreateChatChannelAsync_NullResponse_ThrowsInvalidOperationException" />
    </UnitTest>
    <UnitTest name="ClickUp.Api.Client.Tests.ServiceTests.UsersServiceTests.EditUserOnWorkspaceAsync_PassesCancellationTokenToApiConnection" storage="/app/src/clickup.api.client.tests/bin/debug/net9.0/clickup.api.client.tests.dll" id="c64906e5-891b-d070-0323-c95ffdca0dd5">
      <Execution id="6c997667-c258-465a-89ad-f906b91d455a" />
      <TestMethod codeBase="/app/src/ClickUp.Api.Client.Tests/bin/Debug/net9.0/ClickUp.Api.Client.Tests.dll" adapterTypeName="executor://xunit/VsTestRunner2/netcoreapp" className="ClickUp.Api.Client.Tests.ServiceTests.UsersServiceTests" name="EditUserOnWorkspaceAsync_PassesCancellationTokenToApiConnection" />
    </UnitTest>
    <UnitTest name="ClickUp.Api.Client.Tests.ServiceTests.UsersServiceTests.GetUserFromWorkspaceAsync_ValidRequest_ReturnsUser" storage="/app/src/clickup.api.client.tests/bin/debug/net9.0/clickup.api.client.tests.dll" id="4f9dd123-3126-b5f7-50ee-f21b0750d557">
      <Execution id="1af9d72d-7d4f-408e-9d37-56151efde706" />
      <TestMethod codeBase="/app/src/ClickUp.Api.Client.Tests/bin/Debug/net9.0/ClickUp.Api.Client.Tests.dll" adapterTypeName="executor://xunit/VsTestRunner2/netcoreapp" className="ClickUp.Api.Client.Tests.ServiceTests.UsersServiceTests" name="GetUserFromWorkspaceAsync_ValidRequest_ReturnsUser" />
    </UnitTest>
    <UnitTest name="ClickUp.Api.Client.Tests.ServiceTests.ChatServiceTests.GetChatMessagesAsync_ApiError_ThrowsHttpRequestException" storage="/app/src/clickup.api.client.tests/bin/debug/net9.0/clickup.api.client.tests.dll" id="5b1e9da7-ae1e-bd78-57ac-b89147ec436e">
      <Execution id="0e953241-0663-469a-b42d-48d1a62e653e" />
      <TestMethod codeBase="/app/src/ClickUp.Api.Client.Tests/bin/Debug/net9.0/ClickUp.Api.Client.Tests.dll" adapterTypeName="executor://xunit/VsTestRunner2/netcoreapp" className="ClickUp.Api.Client.Tests.ServiceTests.ChatServiceTests" name="GetChatMessagesAsync_ApiError_ThrowsHttpRequestException" />
    </UnitTest>
    <UnitTest name="ClickUp.Api.Client.Tests.ServiceTests.UserGroupServiceTests.GetUserGroupsAsync_PassesCancellationTokenToApiConnection" storage="/app/src/clickup.api.client.tests/bin/debug/net9.0/clickup.api.client.tests.dll" id="c93d5876-d848-f407-8531-7119037d719b">
      <Execution id="8843562c-115e-4d5d-b92c-dab5de147da9" />
      <TestMethod codeBase="/app/src/ClickUp.Api.Client.Tests/bin/Debug/net9.0/ClickUp.Api.Client.Tests.dll" adapterTypeName="executor://xunit/VsTestRunner2/netcoreapp" className="ClickUp.Api.Client.Tests.ServiceTests.UserGroupServiceTests" name="GetUserGroupsAsync_PassesCancellationTokenToApiConnection" />
    </UnitTest>
    <UnitTest name="ClickUp.Api.Client.Tests.ServiceTests.WorkspacesServiceTests.GetWorkspaceSeatsAsync_ApiConnectionThrowsHttpRequestException_PropagatesException" storage="/app/src/clickup.api.client.tests/bin/debug/net9.0/clickup.api.client.tests.dll" id="9281d5a3-bf55-f4a8-e9db-d28abfc3fecd">
      <Execution id="6fdb7539-9d01-484f-8983-376aa482cded" />
      <TestMethod codeBase="/app/src/ClickUp.Api.Client.Tests/bin/Debug/net9.0/ClickUp.Api.Client.Tests.dll" adapterTypeName="executor://xunit/VsTestRunner2/netcoreapp" className="ClickUp.Api.Client.Tests.ServiceTests.WorkspacesServiceTests" name="GetWorkspaceSeatsAsync_ApiConnectionThrowsHttpRequestException_PropagatesException" />
    </UnitTest>
    <UnitTest name="ClickUp.Api.Client.Tests.ServiceTests.CommentServiceTests.GetListCommentsAsync_PassesCancellationTokenToApiConnection" storage="/app/src/clickup.api.client.tests/bin/debug/net9.0/clickup.api.client.tests.dll" id="406d7e6b-1b2f-ceac-cd05-2ee2f4450951">
      <Execution id="265b7cc5-7cdf-4f42-b6e3-2b077fef394f" />
      <TestMethod codeBase="/app/src/ClickUp.Api.Client.Tests/bin/Debug/net9.0/ClickUp.Api.Client.Tests.dll" adapterTypeName="executor://xunit/VsTestRunner2/netcoreapp" className="ClickUp.Api.Client.Tests.ServiceTests.CommentServiceTests" name="GetListCommentsAsync_PassesCancellationTokenToApiConnection" />
    </UnitTest>
    <UnitTest name="ClickUp.Api.Client.Tests.ServiceTests.CommentServiceTests.GetCommentAsync_ApiConnectionReturnsNull_ThrowsInvalidOperationException" storage="/app/src/clickup.api.client.tests/bin/debug/net9.0/clickup.api.client.tests.dll" id="e1272f41-d93f-7653-ce37-72d07e88427c">
      <Execution id="0cf62c28-2256-406f-9c02-d8c421c38c2c" />
      <TestMethod codeBase="/app/src/ClickUp.Api.Client.Tests/bin/Debug/net9.0/ClickUp.Api.Client.Tests.dll" adapterTypeName="executor://xunit/VsTestRunner2/netcoreapp" className="ClickUp.Api.Client.Tests.ServiceTests.CommentServiceTests" name="GetCommentAsync_ApiConnectionReturnsNull_ThrowsInvalidOperationException" />
    </UnitTest>
    <UnitTest name="ClickUp.Api.Client.Tests.ServiceTests.TemplatesServiceTests.GetTaskTemplatesAsync_PassesCancellationTokenToApiConnection" storage="/app/src/clickup.api.client.tests/bin/debug/net9.0/clickup.api.client.tests.dll" id="98655471-90f4-59e7-525f-c8084b359d9f">
      <Execution id="d8aa382c-2a94-4037-9e00-dc325ecd3cdf" />
      <TestMethod codeBase="/app/src/ClickUp.Api.Client.Tests/bin/Debug/net9.0/ClickUp.Api.Client.Tests.dll" adapterTypeName="executor://xunit/VsTestRunner2/netcoreapp" className="ClickUp.Api.Client.Tests.ServiceTests.TemplatesServiceTests" name="GetTaskTemplatesAsync_PassesCancellationTokenToApiConnection" />
    </UnitTest>
    <UnitTest name="ClickUp.Api.Client.Tests.ServiceTests.SpacesServiceTests.DeleteSpaceAsync_ApiConnectionThrowsTaskCanceledException_PropagatesException" storage="/app/src/clickup.api.client.tests/bin/debug/net9.0/clickup.api.client.tests.dll" id="81089606-dbad-bccc-dd62-3b8223147034">
      <Execution id="cbeaa380-392c-4536-8e79-7ab157f7bad2" />
      <TestMethod codeBase="/app/src/ClickUp.Api.Client.Tests/bin/Debug/net9.0/ClickUp.Api.Client.Tests.dll" adapterTypeName="executor://xunit/VsTestRunner2/netcoreapp" className="ClickUp.Api.Client.Tests.ServiceTests.SpacesServiceTests" name="DeleteSpaceAsync_ApiConnectionThrowsTaskCanceledException_PropagatesException" />
    </UnitTest>
    <UnitTest name="ClickUp.Api.Client.Tests.ServiceTests.ListsServiceTests.AddTaskToListAsync_ApiConnectionThrowsTaskCanceledException_PropagatesException" storage="/app/src/clickup.api.client.tests/bin/debug/net9.0/clickup.api.client.tests.dll" id="470b8aed-e5b1-0f37-26ba-ad0e6c042ec6">
      <Execution id="4ff9bbbe-e3f9-493b-9f5a-71750e7f5d26" />
      <TestMethod codeBase="/app/src/ClickUp.Api.Client.Tests/bin/Debug/net9.0/ClickUp.Api.Client.Tests.dll" adapterTypeName="executor://xunit/VsTestRunner2/netcoreapp" className="ClickUp.Api.Client.Tests.ServiceTests.ListsServiceTests" name="AddTaskToListAsync_ApiConnectionThrowsTaskCanceledException_PropagatesException" />
    </UnitTest>
    <UnitTest name="ClickUp.Api.Client.Tests.ServiceTests.TagsServiceTests.EditSpaceTagAsync_ValidRequest_ReturnsUpdatedTag" storage="/app/src/clickup.api.client.tests/bin/debug/net9.0/clickup.api.client.tests.dll" id="38077e4a-1987-20ec-135a-13e02775b25f">
      <Execution id="902ac052-254e-4ca4-97f1-357d19bd2cbf" />
      <TestMethod codeBase="/app/src/ClickUp.Api.Client.Tests/bin/Debug/net9.0/ClickUp.Api.Client.Tests.dll" adapterTypeName="executor://xunit/VsTestRunner2/netcoreapp" className="ClickUp.Api.Client.Tests.ServiceTests.TagsServiceTests" name="EditSpaceTagAsync_ValidRequest_ReturnsUpdatedTag" />
    </UnitTest>
    <UnitTest name="ClickUp.Api.Client.Tests.ServiceTests.AttachmentsServiceTests.CreateTaskAttachmentAsync_ApiConnectionThrowsTaskCanceledException_PropagatesException" storage="/app/src/clickup.api.client.tests/bin/debug/net9.0/clickup.api.client.tests.dll" id="8c74a5c7-7577-2a52-606c-e8d97bc53bd8">
      <Execution id="6f961415-5234-4882-8486-9ce57816aabf" />
      <TestMethod codeBase="/app/src/ClickUp.Api.Client.Tests/bin/Debug/net9.0/ClickUp.Api.Client.Tests.dll" adapterTypeName="executor://xunit/VsTestRunner2/netcoreapp" className="ClickUp.Api.Client.Tests.ServiceTests.AttachmentsServiceTests" name="CreateTaskAttachmentAsync_ApiConnectionThrowsTaskCanceledException_PropagatesException" />
    </UnitTest>
    <UnitTest name="ClickUp.Api.Client.Tests.Http.AuthenticationDelegatingHandlerTests.SendAsync_ShouldAddAuthorizationHeader_WithApiKey" storage="/app/src/clickup.api.client.tests/bin/debug/net9.0/clickup.api.client.tests.dll" id="46b3c2ba-8592-31fb-7b9f-4c21bb30a437">
      <Execution id="e2679515-c6ad-4baa-abab-ec19229e736e" />
      <TestMethod codeBase="/app/src/ClickUp.Api.Client.Tests/bin/Debug/net9.0/ClickUp.Api.Client.Tests.dll" adapterTypeName="executor://xunit/VsTestRunner2/netcoreapp" className="ClickUp.Api.Client.Tests.Http.AuthenticationDelegatingHandlerTests" name="SendAsync_ShouldAddAuthorizationHeader_WithApiKey" />
    </UnitTest>
    <UnitTest name="ClickUp.Api.Client.Tests.ServiceTests.WebhooksServiceTests.GetWebhooksAsync_ValidWorkspaceId_ReturnsWebhooks" storage="/app/src/clickup.api.client.tests/bin/debug/net9.0/clickup.api.client.tests.dll" id="c6d13717-22a4-e2ba-6fe6-a632c8cb942c">
      <Execution id="51a64371-1cfa-476c-b5d9-8876f2450520" />
      <TestMethod codeBase="/app/src/ClickUp.Api.Client.Tests/bin/Debug/net9.0/ClickUp.Api.Client.Tests.dll" adapterTypeName="executor://xunit/VsTestRunner2/netcoreapp" className="ClickUp.Api.Client.Tests.ServiceTests.WebhooksServiceTests" name="GetWebhooksAsync_ValidWorkspaceId_ReturnsWebhooks" />
    </UnitTest>
    <UnitTest name="ClickUp.Api.Client.Tests.ServiceTests.GoalsServiceTests.DeleteGoalAsync_ApiConnectionThrowsTaskCanceledException_PropagatesException" storage="/app/src/clickup.api.client.tests/bin/debug/net9.0/clickup.api.client.tests.dll" id="b2e6b500-7969-7e58-f58c-f1d4a95af049">
      <Execution id="fb9497a2-22e3-4512-a18a-571d2cc86560" />
      <TestMethod codeBase="/app/src/ClickUp.Api.Client.Tests/bin/Debug/net9.0/ClickUp.Api.Client.Tests.dll" adapterTypeName="executor://xunit/VsTestRunner2/netcoreapp" className="ClickUp.Api.Client.Tests.ServiceTests.GoalsServiceTests" name="DeleteGoalAsync_ApiConnectionThrowsTaskCanceledException_PropagatesException" />
    </UnitTest>
    <UnitTest name="ClickUp.Api.Client.Tests.ServiceTests.GoalsServiceTests.GetGoalsAsync_IncludeCompletedFalse_BuildsCorrectUrl" storage="/app/src/clickup.api.client.tests/bin/debug/net9.0/clickup.api.client.tests.dll" id="a06ac183-48bd-dba7-97c8-11bc4f040665">
      <Execution id="c5d9241f-7e93-4018-8792-74457c8a9c3d" />
      <TestMethod codeBase="/app/src/ClickUp.Api.Client.Tests/bin/Debug/net9.0/ClickUp.Api.Client.Tests.dll" adapterTypeName="executor://xunit/VsTestRunner2/netcoreapp" className="ClickUp.Api.Client.Tests.ServiceTests.GoalsServiceTests" name="GetGoalsAsync_IncludeCompletedFalse_BuildsCorrectUrl" />
    </UnitTest>
    <UnitTest name="ClickUp.Api.Client.Tests.ServiceTests.TimeTrackingServiceTests.DeleteTimeEntryAsync_ApiConnectionThrowsHttpRequestException_PropagatesException" storage="/app/src/clickup.api.client.tests/bin/debug/net9.0/clickup.api.client.tests.dll" id="c4bb9c57-0c61-5955-6574-c3f05fe81266">
      <Execution id="cf96651b-3567-4324-b5df-900f5109f335" />
      <TestMethod codeBase="/app/src/ClickUp.Api.Client.Tests/bin/Debug/net9.0/ClickUp.Api.Client.Tests.dll" adapterTypeName="executor://xunit/VsTestRunner2/netcoreapp" className="ClickUp.Api.Client.Tests.ServiceTests.TimeTrackingServiceTests" name="DeleteTimeEntryAsync_ApiConnectionThrowsHttpRequestException_PropagatesException" />
    </UnitTest>
    <UnitTest name="ClickUp.Api.Client.Tests.ServiceTests.MembersServiceTests.GetTaskMembersAsync_ValidTaskId_ReturnsMembers" storage="/app/src/clickup.api.client.tests/bin/debug/net9.0/clickup.api.client.tests.dll" id="e13a926e-8f7a-1ebc-e350-9ac986a98f7c">
      <Execution id="d03a1f4f-29cc-4b12-a1db-c3b47d690558" />
      <TestMethod codeBase="/app/src/ClickUp.Api.Client.Tests/bin/Debug/net9.0/ClickUp.Api.Client.Tests.dll" adapterTypeName="executor://xunit/VsTestRunner2/netcoreapp" className="ClickUp.Api.Client.Tests.ServiceTests.MembersServiceTests" name="GetTaskMembersAsync_ValidTaskId_ReturnsMembers" />
    </UnitTest>
    <UnitTest name="ClickUp.Api.Client.Tests.ServiceTests.ViewsServiceTests.GetViewTasksAsync_PassesCancellationToken" storage="/app/src/clickup.api.client.tests/bin/debug/net9.0/clickup.api.client.tests.dll" id="ca732d3d-af42-ff8b-5506-889b7c7ef73a">
      <Execution id="7ceff291-bfc4-49ae-b11b-6b723f0bdf18" />
      <TestMethod codeBase="/app/src/ClickUp.Api.Client.Tests/bin/Debug/net9.0/ClickUp.Api.Client.Tests.dll" adapterTypeName="executor://xunit/VsTestRunner2/netcoreapp" className="ClickUp.Api.Client.Tests.ServiceTests.ViewsServiceTests" name="GetViewTasksAsync_PassesCancellationToken" />
    </UnitTest>
    <UnitTest name="ClickUp.Api.Client.Tests.Http.ApiConnectionTests.GetAsync_ThrowsClickUpApiRateLimitException_ForTooManyRequests" storage="/app/src/clickup.api.client.tests/bin/debug/net9.0/clickup.api.client.tests.dll" id="db023c3f-6d43-e932-afde-4a3e22b19baf">
      <Execution id="384154fc-a6b5-441b-8282-198234ccf6b4" />
      <TestMethod codeBase="/app/src/ClickUp.Api.Client.Tests/bin/Debug/net9.0/ClickUp.Api.Client.Tests.dll" adapterTypeName="executor://xunit/VsTestRunner2/netcoreapp" className="ClickUp.Api.Client.Tests.Http.ApiConnectionTests" name="GetAsync_ThrowsClickUpApiRateLimitException_ForTooManyRequests" />
    </UnitTest>
    <UnitTest name="ClickUp.Api.Client.Tests.ServiceTests.ListsServiceTests.DeleteListAsync_PassesCancellationTokenToApiConnection" storage="/app/src/clickup.api.client.tests/bin/debug/net9.0/clickup.api.client.tests.dll" id="adc90dd8-5ac7-3bbc-809a-8d948e56efe0">
      <Execution id="84a2a220-e0eb-43c8-9a3e-20b8392cfd8f" />
      <TestMethod codeBase="/app/src/ClickUp.Api.Client.Tests/bin/Debug/net9.0/ClickUp.Api.Client.Tests.dll" adapterTypeName="executor://xunit/VsTestRunner2/netcoreapp" className="ClickUp.Api.Client.Tests.ServiceTests.ListsServiceTests" name="DeleteListAsync_PassesCancellationTokenToApiConnection" />
    </UnitTest>
    <UnitTest name="ClickUp.Api.Client.Tests.ServiceTests.ListsServiceTests.RemoveTaskFromListAsync_ValidIds_CallsDeleteAsync" storage="/app/src/clickup.api.client.tests/bin/debug/net9.0/clickup.api.client.tests.dll" id="25c1b683-3a86-c917-ec64-a480a60709bd">
      <Execution id="6e71a0be-2ac9-4ec8-a78f-35061d41d97b" />
      <TestMethod codeBase="/app/src/ClickUp.Api.Client.Tests/bin/Debug/net9.0/ClickUp.Api.Client.Tests.dll" adapterTypeName="executor://xunit/VsTestRunner2/netcoreapp" className="ClickUp.Api.Client.Tests.ServiceTests.ListsServiceTests" name="RemoveTaskFromListAsync_ValidIds_CallsDeleteAsync" />
    </UnitTest>
    <UnitTest name="ClickUp.Api.Client.Tests.ServiceTests.ListsServiceTests.UpdateListAsync_PassesCancellationTokenToApiConnection" storage="/app/src/clickup.api.client.tests/bin/debug/net9.0/clickup.api.client.tests.dll" id="66c117ae-675d-18a0-d705-b89499349f67">
      <Execution id="f2d020c4-c1f7-47f0-9867-26a770d6849c" />
      <TestMethod codeBase="/app/src/ClickUp.Api.Client.Tests/bin/Debug/net9.0/ClickUp.Api.Client.Tests.dll" adapterTypeName="executor://xunit/VsTestRunner2/netcoreapp" className="ClickUp.Api.Client.Tests.ServiceTests.ListsServiceTests" name="UpdateListAsync_PassesCancellationTokenToApiConnection" />
    </UnitTest>
    <UnitTest name="ClickUp.Api.Client.Tests.ServiceTests.AuthorizationServiceTests.GetAuthorizedUserAsync_ApiConnectionResponseHasNullUser_ReturnsNull" storage="/app/src/clickup.api.client.tests/bin/debug/net9.0/clickup.api.client.tests.dll" id="897bb1d2-09ef-37c4-bd54-ba1c51cc5c63">
      <Execution id="21ee8102-51a3-4878-9bb4-13e058b73e39" />
      <TestMethod codeBase="/app/src/ClickUp.Api.Client.Tests/bin/Debug/net9.0/ClickUp.Api.Client.Tests.dll" adapterTypeName="executor://xunit/VsTestRunner2/netcoreapp" className="ClickUp.Api.Client.Tests.ServiceTests.AuthorizationServiceTests" name="GetAuthorizedUserAsync_ApiConnectionResponseHasNullUser_ReturnsNull" />
    </UnitTest>
    <UnitTest name="ClickUp.Api.Client.Tests.ServiceTests.AuthorizationServiceTests.GetAccessTokenAsync_ApiConnectionThrowsTaskCanceledException_PropagatesException" storage="/app/src/clickup.api.client.tests/bin/debug/net9.0/clickup.api.client.tests.dll" id="b832b975-47b0-af8c-06a6-7d2a3cee329b">
      <Execution id="0c3d7190-1c50-42cd-b384-644dbeb9c85f" />
      <TestMethod codeBase="/app/src/ClickUp.Api.Client.Tests/bin/Debug/net9.0/ClickUp.Api.Client.Tests.dll" adapterTypeName="executor://xunit/VsTestRunner2/netcoreapp" className="ClickUp.Api.Client.Tests.ServiceTests.AuthorizationServiceTests" name="GetAccessTokenAsync_ApiConnectionThrowsTaskCanceledException_PropagatesException" />
    </UnitTest>
    <UnitTest name="ClickUp.Api.Client.Tests.ServiceTests.DocsServiceTests.CreatePageAsync_ApiConnectionThrowsTaskCanceledException_PropagatesException" storage="/app/src/clickup.api.client.tests/bin/debug/net9.0/clickup.api.client.tests.dll" id="1887bee4-57a3-1c27-d962-9d4f275018ab">
      <Execution id="b783a9e1-0627-4d47-9234-6a5f5620648c" />
      <TestMethod codeBase="/app/src/ClickUp.Api.Client.Tests/bin/Debug/net9.0/ClickUp.Api.Client.Tests.dll" adapterTypeName="executor://xunit/VsTestRunner2/netcoreapp" className="ClickUp.Api.Client.Tests.ServiceTests.DocsServiceTests" name="CreatePageAsync_ApiConnectionThrowsTaskCanceledException_PropagatesException" />
    </UnitTest>
    <UnitTest name="ClickUp.Api.Client.Tests.ServiceTests.TaskChecklistsServiceTests.EditChecklistAsync_ApiConnectionThrowsTaskCanceledException_PropagatesException" storage="/app/src/clickup.api.client.tests/bin/debug/net9.0/clickup.api.client.tests.dll" id="59e33a76-17f7-78d2-1a23-c14a0665f9ea">
      <Execution id="5946b2ec-7164-4c88-8625-b441bbd5254d" />
      <TestMethod codeBase="/app/src/ClickUp.Api.Client.Tests/bin/Debug/net9.0/ClickUp.Api.Client.Tests.dll" adapterTypeName="executor://xunit/VsTestRunner2/netcoreapp" className="ClickUp.Api.Client.Tests.ServiceTests.TaskChecklistsServiceTests" name="EditChecklistAsync_ApiConnectionThrowsTaskCanceledException_PropagatesException" />
    </UnitTest>
    <UnitTest name="ClickUp.Api.Client.Tests.ServiceTests.ViewsServiceTests.GetViewAsync_ValidViewId_ReturnsView" storage="/app/src/clickup.api.client.tests/bin/debug/net9.0/clickup.api.client.tests.dll" id="0a3229f1-ee45-0b1e-b03c-b61586bbf7b1">
      <Execution id="fc8daa4d-dacd-4d05-9943-74ce36bfde8a" />
      <TestMethod codeBase="/app/src/ClickUp.Api.Client.Tests/bin/Debug/net9.0/ClickUp.Api.Client.Tests.dll" adapterTypeName="executor://xunit/VsTestRunner2/netcoreapp" className="ClickUp.Api.Client.Tests.ServiceTests.ViewsServiceTests" name="GetViewAsync_ValidViewId_ReturnsView" />
    </UnitTest>
    <UnitTest name="ClickUp.Api.Client.Tests.ServiceTests.CommentServiceTests.GetTaskCommentsAsync_IAsyncEnumerable_HandlesApiError" storage="/app/src/clickup.api.client.tests/bin/debug/net9.0/clickup.api.client.tests.dll" id="d3efdf8f-9f74-60d1-4d10-3906f1f4c2f3">
      <Execution id="1552da48-7b1d-4b74-b074-486222e1801f" />
      <TestMethod codeBase="/app/src/ClickUp.Api.Client.Tests/bin/Debug/net9.0/ClickUp.Api.Client.Tests.dll" adapterTypeName="executor://xunit/VsTestRunner2/netcoreapp" className="ClickUp.Api.Client.Tests.ServiceTests.CommentServiceTests" name="GetTaskCommentsAsync_IAsyncEnumerable_HandlesApiError" />
    </UnitTest>
    <UnitTest name="ClickUp.Api.Client.Tests.ServiceTests.GoalsServiceTests.GetGoalAsync_ApiReturnsNullGoalInResponse_ThrowsInvalidOperationException" storage="/app/src/clickup.api.client.tests/bin/debug/net9.0/clickup.api.client.tests.dll" id="d454eba3-18de-5a30-a13a-8d69e2b991ba">
      <Execution id="76636dc8-0a0c-49b9-b61d-3cb9ec41acec" />
      <TestMethod codeBase="/app/src/ClickUp.Api.Client.Tests/bin/Debug/net9.0/ClickUp.Api.Client.Tests.dll" adapterTypeName="executor://xunit/VsTestRunner2/netcoreapp" className="ClickUp.Api.Client.Tests.ServiceTests.GoalsServiceTests" name="GetGoalAsync_ApiReturnsNullGoalInResponse_ThrowsInvalidOperationException" />
    </UnitTest>
    <UnitTest name="ClickUp.Api.Client.Tests.ServiceTests.ChatServiceTests.GetChatChannelMembersAsync_ApiConnectionThrowsTaskCanceledException_PropagatesException" storage="/app/src/clickup.api.client.tests/bin/debug/net9.0/clickup.api.client.tests.dll" id="06571b54-322a-973e-41eb-4f39ab7afeba">
      <Execution id="a71ad384-1e49-4a18-bf9f-38a3046c23fc" />
      <TestMethod codeBase="/app/src/ClickUp.Api.Client.Tests/bin/Debug/net9.0/ClickUp.Api.Client.Tests.dll" adapterTypeName="executor://xunit/VsTestRunner2/netcoreapp" className="ClickUp.Api.Client.Tests.ServiceTests.ChatServiceTests" name="GetChatChannelMembersAsync_ApiConnectionThrowsTaskCanceledException_PropagatesException" />
    </UnitTest>
    <UnitTest name="ClickUp.Api.Client.Tests.ServiceTests.CustomFieldsServiceTests.GetSpaceCustomFieldsAsync_ApiConnectionThrowsTaskCanceledException_PropagatesException" storage="/app/src/clickup.api.client.tests/bin/debug/net9.0/clickup.api.client.tests.dll" id="b10f9914-07e1-3a3a-d981-3736b980ebd7">
      <Execution id="c096b204-4ff0-481b-90e8-4e9d3d6be1c1" />
      <TestMethod codeBase="/app/src/ClickUp.Api.Client.Tests/bin/Debug/net9.0/ClickUp.Api.Client.Tests.dll" adapterTypeName="executor://xunit/VsTestRunner2/netcoreapp" className="ClickUp.Api.Client.Tests.ServiceTests.CustomFieldsServiceTests" name="GetSpaceCustomFieldsAsync_ApiConnectionThrowsTaskCanceledException_PropagatesException" />
    </UnitTest>
    <UnitTest name="ClickUp.Api.Client.Tests.ServiceTests.UserGroupServiceTests.UpdateUserGroupAsync_ApiConnectionThrowsTaskCanceledException_PropagatesException" storage="/app/src/clickup.api.client.tests/bin/debug/net9.0/clickup.api.client.tests.dll" id="7973c737-8468-2c7a-c554-7b746e076293">
      <Execution id="01fdd5b0-4d03-436c-8042-112ab1172e84" />
      <TestMethod codeBase="/app/src/ClickUp.Api.Client.Tests/bin/Debug/net9.0/ClickUp.Api.Client.Tests.dll" adapterTypeName="executor://xunit/VsTestRunner2/netcoreapp" className="ClickUp.Api.Client.Tests.ServiceTests.UserGroupServiceTests" name="UpdateUserGroupAsync_ApiConnectionThrowsTaskCanceledException_PropagatesException" />
    </UnitTest>
    <UnitTest name="ClickUp.Api.Client.Tests.ServiceTests.ChatServiceTests.UpdateChatMessageAsync_PassesCancellationTokenToApiConnection" storage="/app/src/clickup.api.client.tests/bin/debug/net9.0/clickup.api.client.tests.dll" id="8fdfef11-0cbf-4548-2c30-a1ba063c7022">
      <Execution id="36d438fd-913a-4c82-ac68-1c3d5333b528" />
      <TestMethod codeBase="/app/src/ClickUp.Api.Client.Tests/bin/Debug/net9.0/ClickUp.Api.Client.Tests.dll" adapterTypeName="executor://xunit/VsTestRunner2/netcoreapp" className="ClickUp.Api.Client.Tests.ServiceTests.ChatServiceTests" name="UpdateChatMessageAsync_PassesCancellationTokenToApiConnection" />
    </UnitTest>
    <UnitTest name="ClickUp.Api.Client.Tests.ServiceTests.TagsServiceTests.GetSpaceTagsAsync_ApiConnectionThrowsTaskCanceledException_PropagatesException" storage="/app/src/clickup.api.client.tests/bin/debug/net9.0/clickup.api.client.tests.dll" id="cb3cc0e0-9cb2-567a-9243-195b46400359">
      <Execution id="e43c2c0c-7944-4f1f-b7c9-7e65889a3f13" />
      <TestMethod codeBase="/app/src/ClickUp.Api.Client.Tests/bin/Debug/net9.0/ClickUp.Api.Client.Tests.dll" adapterTypeName="executor://xunit/VsTestRunner2/netcoreapp" className="ClickUp.Api.Client.Tests.ServiceTests.TagsServiceTests" name="GetSpaceTagsAsync_ApiConnectionThrowsTaskCanceledException_PropagatesException" />
    </UnitTest>
    <UnitTest name="ClickUp.Api.Client.Tests.ServiceTests.TimeTrackingServiceTests.GetTimeEntriesAsync_ApiReturnsResponseWithNullData_ReturnsEmptyEnumerable" storage="/app/src/clickup.api.client.tests/bin/debug/net9.0/clickup.api.client.tests.dll" id="277525fb-5580-c091-ed78-0d5eca830b62">
      <Execution id="51e14c89-984e-4f4c-875d-e732d97f1e48" />
      <TestMethod codeBase="/app/src/ClickUp.Api.Client.Tests/bin/Debug/net9.0/ClickUp.Api.Client.Tests.dll" adapterTypeName="executor://xunit/VsTestRunner2/netcoreapp" className="ClickUp.Api.Client.Tests.ServiceTests.TimeTrackingServiceTests" name="GetTimeEntriesAsync_ApiReturnsResponseWithNullData_ReturnsEmptyEnumerable" />
    </UnitTest>
    <UnitTest name="ClickUp.Api.Client.Tests.ServiceTests.GuestsServiceTests.AddGuestToListAsync_NullGuestInResponse_ThrowsInvalidOperationException" storage="/app/src/clickup.api.client.tests/bin/debug/net9.0/clickup.api.client.tests.dll" id="23d91d77-3949-b723-f379-d2857eb55e79">
      <Execution id="678f11d9-31ae-4129-a1cd-9aae2cf9620e" />
      <TestMethod codeBase="/app/src/ClickUp.Api.Client.Tests/bin/Debug/net9.0/ClickUp.Api.Client.Tests.dll" adapterTypeName="executor://xunit/VsTestRunner2/netcoreapp" className="ClickUp.Api.Client.Tests.ServiceTests.GuestsServiceTests" name="AddGuestToListAsync_NullGuestInResponse_ThrowsInvalidOperationException" />
    </UnitTest>
    <UnitTest name="ClickUp.Api.Client.Tests.ServiceTests.FoldersServiceTests.UpdateFolderAsync_ApiConnectionThrowsTaskCanceledException_PropagatesException" storage="/app/src/clickup.api.client.tests/bin/debug/net9.0/clickup.api.client.tests.dll" id="75dcbe08-27fa-c937-8190-beebb93cb48e">
      <Execution id="3a250667-fb1b-454e-8462-d54a7f7691ff" />
      <TestMethod codeBase="/app/src/ClickUp.Api.Client.Tests/bin/Debug/net9.0/ClickUp.Api.Client.Tests.dll" adapterTypeName="executor://xunit/VsTestRunner2/netcoreapp" className="ClickUp.Api.Client.Tests.ServiceTests.FoldersServiceTests" name="UpdateFolderAsync_ApiConnectionThrowsTaskCanceledException_PropagatesException" />
    </UnitTest>
    <UnitTest name="ClickUp.Api.Client.Tests.ServiceTests.RolesServiceTests.GetCustomRolesAsync_PassesCancellationTokenToApiConnection" storage="/app/src/clickup.api.client.tests/bin/debug/net9.0/clickup.api.client.tests.dll" id="93e6c0ab-b688-6883-87ad-6413f17bbf57">
      <Execution id="ae07b19c-b5df-4167-9d43-4bc0bff9b8fa" />
      <TestMethod codeBase="/app/src/ClickUp.Api.Client.Tests/bin/Debug/net9.0/ClickUp.Api.Client.Tests.dll" adapterTypeName="executor://xunit/VsTestRunner2/netcoreapp" className="ClickUp.Api.Client.Tests.ServiceTests.RolesServiceTests" name="GetCustomRolesAsync_PassesCancellationTokenToApiConnection" />
    </UnitTest>
    <UnitTest name="ClickUp.Api.Client.Tests.ServiceTests.DocsServiceTests.GetDocPagesAsync_NullResponse_ReturnsEmptyEnumerable" storage="/app/src/clickup.api.client.tests/bin/debug/net9.0/clickup.api.client.tests.dll" id="f339c22a-09d4-48d9-e155-5ebff9beee40">
      <Execution id="726b6f7b-b086-44ba-9434-e07bb463d2cf" />
      <TestMethod codeBase="/app/src/ClickUp.Api.Client.Tests/bin/Debug/net9.0/ClickUp.Api.Client.Tests.dll" adapterTypeName="executor://xunit/VsTestRunner2/netcoreapp" className="ClickUp.Api.Client.Tests.ServiceTests.DocsServiceTests" name="GetDocPagesAsync_NullResponse_ReturnsEmptyEnumerable" />
    </UnitTest>
    <UnitTest name="ClickUp.Api.Client.Tests.ServiceTests.ViewsServiceTests.GetSpaceViewsAsync_ApiReturnsResponseWithNullViews_ServiceInitializesToEmptyList" storage="/app/src/clickup.api.client.tests/bin/debug/net9.0/clickup.api.client.tests.dll" id="65cb382b-a4f2-1d56-687f-d77636e84c28">
      <Execution id="468eb9c5-5e3b-4e1c-8aac-7220c14cd2c8" />
      <TestMethod codeBase="/app/src/ClickUp.Api.Client.Tests/bin/Debug/net9.0/ClickUp.Api.Client.Tests.dll" adapterTypeName="executor://xunit/VsTestRunner2/netcoreapp" className="ClickUp.Api.Client.Tests.ServiceTests.ViewsServiceTests" name="GetSpaceViewsAsync_ApiReturnsResponseWithNullViews_ServiceInitializesToEmptyList" />
    </UnitTest>
    <UnitTest name="ClickUp.Api.Client.Tests.ServiceTests.ListsServiceTests.GetFolderlessListsAsyncEnumerableAsync_ApiReturnsResponseWithNullLists_StopsIteration" storage="/app/src/clickup.api.client.tests/bin/debug/net9.0/clickup.api.client.tests.dll" id="7ca2baec-b800-c545-e218-0cb2bb88b41a">
      <Execution id="c17a5f18-e6d2-4cfb-bff2-642844e4eabe" />
      <TestMethod codeBase="/app/src/ClickUp.Api.Client.Tests/bin/Debug/net9.0/ClickUp.Api.Client.Tests.dll" adapterTypeName="executor://xunit/VsTestRunner2/netcoreapp" className="ClickUp.Api.Client.Tests.ServiceTests.ListsServiceTests" name="GetFolderlessListsAsyncEnumerableAsync_ApiReturnsResponseWithNullLists_StopsIteration" />
    </UnitTest>
    <UnitTest name="ClickUp.Api.Client.Tests.ServiceTests.DocsServiceTests.SearchDocsAsync_NullResponse_ThrowsInvalidOperationException" storage="/app/src/clickup.api.client.tests/bin/debug/net9.0/clickup.api.client.tests.dll" id="5d2d968b-a1e1-5073-58ed-95be7bc46a38">
      <Execution id="4dbdddec-4063-4aea-b7f4-e046be274340" />
      <TestMethod codeBase="/app/src/ClickUp.Api.Client.Tests/bin/Debug/net9.0/ClickUp.Api.Client.Tests.dll" adapterTypeName="executor://xunit/VsTestRunner2/netcoreapp" className="ClickUp.Api.Client.Tests.ServiceTests.DocsServiceTests" name="SearchDocsAsync_NullResponse_ThrowsInvalidOperationException" />
    </UnitTest>
    <UnitTest name="ClickUp.Api.Client.Tests.ServiceTests.ChatServiceTests.DeleteChatReactionAsync_ValidRequest_CallsDelete" storage="/app/src/clickup.api.client.tests/bin/debug/net9.0/clickup.api.client.tests.dll" id="2e95a326-74b5-4f58-e36a-1771072878b5">
      <Execution id="e2341353-48b7-4740-9a3e-4604f8cabc44" />
      <TestMethod codeBase="/app/src/ClickUp.Api.Client.Tests/bin/Debug/net9.0/ClickUp.Api.Client.Tests.dll" adapterTypeName="executor://xunit/VsTestRunner2/netcoreapp" className="ClickUp.Api.Client.Tests.ServiceTests.ChatServiceTests" name="DeleteChatReactionAsync_ValidRequest_CallsDelete" />
    </UnitTest>
    <UnitTest name="ClickUp.Api.Client.Tests.ServiceTests.FoldersServiceTests.CreateFolderAsync_ApiReturnsNull_ThrowsInvalidOperationException" storage="/app/src/clickup.api.client.tests/bin/debug/net9.0/clickup.api.client.tests.dll" id="e611bd83-a14a-7a54-e802-38193c5477db">
      <Execution id="c1b5b164-6a34-4fb5-b698-4d94b8befd76" />
      <TestMethod codeBase="/app/src/ClickUp.Api.Client.Tests/bin/Debug/net9.0/ClickUp.Api.Client.Tests.dll" adapterTypeName="executor://xunit/VsTestRunner2/netcoreapp" className="ClickUp.Api.Client.Tests.ServiceTests.FoldersServiceTests" name="CreateFolderAsync_ApiReturnsNull_ThrowsInvalidOperationException" />
    </UnitTest>
    <UnitTest name="ClickUp.Api.Client.Tests.ServiceTests.ChatServiceTests.GetChatMessageTaggedUsersAsync_NullResponse_ThrowsInvalidOperationException" storage="/app/src/clickup.api.client.tests/bin/debug/net9.0/clickup.api.client.tests.dll" id="18828e0a-1f2e-2d3b-2a40-f1abd48edfda">
      <Execution id="4cb00f20-08ef-422d-b6a1-68bcca9964f1" />
      <TestMethod codeBase="/app/src/ClickUp.Api.Client.Tests/bin/Debug/net9.0/ClickUp.Api.Client.Tests.dll" adapterTypeName="executor://xunit/VsTestRunner2/netcoreapp" className="ClickUp.Api.Client.Tests.ServiceTests.ChatServiceTests" name="GetChatMessageTaggedUsersAsync_NullResponse_ThrowsInvalidOperationException" />
    </UnitTest>
    <UnitTest name="ClickUp.Api.Client.Tests.ServiceTests.SpacesServiceTests.GetSpaceAsync_ApiConnectionThrowsHttpRequestException_PropagatesException" storage="/app/src/clickup.api.client.tests/bin/debug/net9.0/clickup.api.client.tests.dll" id="12b9a3cc-ed0e-3dca-82a7-a0f790cf139f">
      <Execution id="404f259a-aa3e-470f-97bc-c97d79ff8437" />
      <TestMethod codeBase="/app/src/ClickUp.Api.Client.Tests/bin/Debug/net9.0/ClickUp.Api.Client.Tests.dll" adapterTypeName="executor://xunit/VsTestRunner2/netcoreapp" className="ClickUp.Api.Client.Tests.ServiceTests.SpacesServiceTests" name="GetSpaceAsync_ApiConnectionThrowsHttpRequestException_PropagatesException" />
    </UnitTest>
    <UnitTest name="ClickUp.Api.Client.Tests.ServiceTests.GuestsServiceTests.AddGuestToFolderAsync_ApiConnectionThrowsTaskCanceledException_PropagatesException" storage="/app/src/clickup.api.client.tests/bin/debug/net9.0/clickup.api.client.tests.dll" id="6e8c97ec-e8b9-4664-064c-e2f855880c7c">
      <Execution id="15e9b22c-b59e-4a21-948a-11118af9976f" />
      <TestMethod codeBase="/app/src/ClickUp.Api.Client.Tests/bin/Debug/net9.0/ClickUp.Api.Client.Tests.dll" adapterTypeName="executor://xunit/VsTestRunner2/netcoreapp" className="ClickUp.Api.Client.Tests.ServiceTests.GuestsServiceTests" name="AddGuestToFolderAsync_ApiConnectionThrowsTaskCanceledException_PropagatesException" />
    </UnitTest>
    <UnitTest name="ClickUp.Api.Client.Tests.ServiceTests.DocsServiceTests.SearchDocsAsync_ValidRequest_BuildsCorrectUrlAndReturnsResponse" storage="/app/src/clickup.api.client.tests/bin/debug/net9.0/clickup.api.client.tests.dll" id="2068bcf3-f1be-2c88-7e58-ec00f3a317b8">
      <Execution id="ff4bf750-3023-451d-a15f-de5d5fb07de5" />
      <TestMethod codeBase="/app/src/ClickUp.Api.Client.Tests/bin/Debug/net9.0/ClickUp.Api.Client.Tests.dll" adapterTypeName="executor://xunit/VsTestRunner2/netcoreapp" className="ClickUp.Api.Client.Tests.ServiceTests.DocsServiceTests" name="SearchDocsAsync_ValidRequest_BuildsCorrectUrlAndReturnsResponse" />
    </UnitTest>
    <UnitTest name="ClickUp.Api.Client.Tests.ServiceTests.SharedHierarchyServiceTests.GetSharedHierarchyAsync_ValidWorkspaceId_ReturnsSharedHierarchy" storage="/app/src/clickup.api.client.tests/bin/debug/net9.0/clickup.api.client.tests.dll" id="048450f3-967a-39d8-a390-18f251e85531">
      <Execution id="b1df409b-6325-4362-a365-ae283886ef58" />
      <TestMethod codeBase="/app/src/ClickUp.Api.Client.Tests/bin/Debug/net9.0/ClickUp.Api.Client.Tests.dll" adapterTypeName="executor://xunit/VsTestRunner2/netcoreapp" className="ClickUp.Api.Client.Tests.ServiceTests.SharedHierarchyServiceTests" name="GetSharedHierarchyAsync_ValidWorkspaceId_ReturnsSharedHierarchy" />
    </UnitTest>
    <UnitTest name="ClickUp.Api.Client.Tests.ServiceTests.UserGroupServiceTests.DeleteUserGroupAsync_PassesCancellationTokenToApiConnection" storage="/app/src/clickup.api.client.tests/bin/debug/net9.0/clickup.api.client.tests.dll" id="67bc1776-6315-9a00-3713-6e986aea55e8">
      <Execution id="84d7cd06-acd4-45d8-973e-eac199447f0b" />
      <TestMethod codeBase="/app/src/ClickUp.Api.Client.Tests/bin/Debug/net9.0/ClickUp.Api.Client.Tests.dll" adapterTypeName="executor://xunit/VsTestRunner2/netcoreapp" className="ClickUp.Api.Client.Tests.ServiceTests.UserGroupServiceTests" name="DeleteUserGroupAsync_PassesCancellationTokenToApiConnection" />
    </UnitTest>
    <UnitTest name="ClickUp.Api.Client.Tests.ServiceTests.WebhooksServiceTests.UpdateWebhookAsync_PassesCancellationTokenToApiConnection" storage="/app/src/clickup.api.client.tests/bin/debug/net9.0/clickup.api.client.tests.dll" id="31498882-c4bb-afb1-0108-356ab9517aeb">
      <Execution id="bece7809-7f1c-4c18-bf7d-e294aa252230" />
      <TestMethod codeBase="/app/src/ClickUp.Api.Client.Tests/bin/Debug/net9.0/ClickUp.Api.Client.Tests.dll" adapterTypeName="executor://xunit/VsTestRunner2/netcoreapp" className="ClickUp.Api.Client.Tests.ServiceTests.WebhooksServiceTests" name="UpdateWebhookAsync_PassesCancellationTokenToApiConnection" />
    </UnitTest>
    <UnitTest name="ClickUp.Api.Client.Tests.ServiceTests.DocsServiceTests.SearchDocsAsync_ApiConnectionThrowsTaskCanceledException_PropagatesException" storage="/app/src/clickup.api.client.tests/bin/debug/net9.0/clickup.api.client.tests.dll" id="1aa2c57e-f447-7f14-49eb-3b9a485b3963">
      <Execution id="516670b6-a803-4919-bb02-993e1582e976" />
      <TestMethod codeBase="/app/src/ClickUp.Api.Client.Tests/bin/Debug/net9.0/ClickUp.Api.Client.Tests.dll" adapterTypeName="executor://xunit/VsTestRunner2/netcoreapp" className="ClickUp.Api.Client.Tests.ServiceTests.DocsServiceTests" name="SearchDocsAsync_ApiConnectionThrowsTaskCanceledException_PropagatesException" />
    </UnitTest>
    <UnitTest name="ClickUp.Api.Client.Tests.ServiceTests.MembersServiceTests.GetTaskMembersAsync_ApiReturnsNullResponse_ReturnsEmptyEnumerable" storage="/app/src/clickup.api.client.tests/bin/debug/net9.0/clickup.api.client.tests.dll" id="86e349cb-54c7-eeac-34ed-ee58de95c40c">
      <Execution id="be149348-bd19-4417-9135-b30a86dc9743" />
      <TestMethod codeBase="/app/src/ClickUp.Api.Client.Tests/bin/Debug/net9.0/ClickUp.Api.Client.Tests.dll" adapterTypeName="executor://xunit/VsTestRunner2/netcoreapp" className="ClickUp.Api.Client.Tests.ServiceTests.MembersServiceTests" name="GetTaskMembersAsync_ApiReturnsNullResponse_ReturnsEmptyEnumerable" />
    </UnitTest>
    <UnitTest name="ClickUp.Api.Client.Tests.ServiceTests.UsersServiceTests.EditUserOnWorkspaceAsync_ApiConnectionThrowsHttpRequestException_PropagatesException" storage="/app/src/clickup.api.client.tests/bin/debug/net9.0/clickup.api.client.tests.dll" id="d78e62b3-4c32-e675-1e81-ab68d35deb62">
      <Execution id="4fa687a0-a3b4-486f-9eb1-82284f50afe7" />
      <TestMethod codeBase="/app/src/ClickUp.Api.Client.Tests/bin/Debug/net9.0/ClickUp.Api.Client.Tests.dll" adapterTypeName="executor://xunit/VsTestRunner2/netcoreapp" className="ClickUp.Api.Client.Tests.ServiceTests.UsersServiceTests" name="EditUserOnWorkspaceAsync_ApiConnectionThrowsHttpRequestException_PropagatesException" />
    </UnitTest>
    <UnitTest name="ClickUp.Api.Client.Tests.ServiceTests.AttachmentsServiceTests.CreateTaskAttachmentAsync_PassesCancellationTokenToApiConnection" storage="/app/src/clickup.api.client.tests/bin/debug/net9.0/clickup.api.client.tests.dll" id="2416b36e-4cc6-c8d3-7f50-7ce93d30797a">
      <Execution id="d773cb54-8874-4057-bc61-f2a35ab189ff" />
      <TestMethod codeBase="/app/src/ClickUp.Api.Client.Tests/bin/Debug/net9.0/ClickUp.Api.Client.Tests.dll" adapterTypeName="executor://xunit/VsTestRunner2/netcoreapp" className="ClickUp.Api.Client.Tests.ServiceTests.AttachmentsServiceTests" name="CreateTaskAttachmentAsync_PassesCancellationTokenToApiConnection" />
    </UnitTest>
    <UnitTest name="ClickUp.Api.Client.Tests.ServiceTests.CustomFieldsServiceTests.RemoveCustomFieldValueAsync_ApiConnectionThrowsTaskCanceledException_PropagatesException" storage="/app/src/clickup.api.client.tests/bin/debug/net9.0/clickup.api.client.tests.dll" id="28198b81-66ec-1562-5ed0-6cabf57ebd54">
      <Execution id="4a1809b0-1c84-48f3-8c0e-7450fc24794e" />
      <TestMethod codeBase="/app/src/ClickUp.Api.Client.Tests/bin/Debug/net9.0/ClickUp.Api.Client.Tests.dll" adapterTypeName="executor://xunit/VsTestRunner2/netcoreapp" className="ClickUp.Api.Client.Tests.ServiceTests.CustomFieldsServiceTests" name="RemoveCustomFieldValueAsync_ApiConnectionThrowsTaskCanceledException_PropagatesException" />
    </UnitTest>
    <UnitTest name="ClickUp.Api.Client.Tests.ServiceTests.GuestsServiceTests.AddGuestToTaskAsync_ApiError_ThrowsHttpRequestException" storage="/app/src/clickup.api.client.tests/bin/debug/net9.0/clickup.api.client.tests.dll" id="331cbfad-34a4-b13c-ed64-42a3230ef7f4">
      <Execution id="c93a65a4-15f7-48dc-81da-96407690bc8b" />
      <TestMethod codeBase="/app/src/ClickUp.Api.Client.Tests/bin/Debug/net9.0/ClickUp.Api.Client.Tests.dll" adapterTypeName="executor://xunit/VsTestRunner2/netcoreapp" className="ClickUp.Api.Client.Tests.ServiceTests.GuestsServiceTests" name="AddGuestToTaskAsync_ApiError_ThrowsHttpRequestException" />
    </UnitTest>
    <UnitTest name="ClickUp.Api.Client.Tests.ServiceTests.GuestsServiceTests.AddGuestToFolderAsync_ApiError_ThrowsHttpRequestException" storage="/app/src/clickup.api.client.tests/bin/debug/net9.0/clickup.api.client.tests.dll" id="cfffaa5c-f039-1e50-80e4-a0c83b100e2e">
      <Execution id="7a72f754-3596-4032-8a5f-9dd68333557a" />
      <TestMethod codeBase="/app/src/ClickUp.Api.Client.Tests/bin/Debug/net9.0/ClickUp.Api.Client.Tests.dll" adapterTypeName="executor://xunit/VsTestRunner2/netcoreapp" className="ClickUp.Api.Client.Tests.ServiceTests.GuestsServiceTests" name="AddGuestToFolderAsync_ApiError_ThrowsHttpRequestException" />
    </UnitTest>
    <UnitTest name="ClickUp.Api.Client.Tests.Http.ApiConnectionTests.GetAsync_ThrowsCorrectException_ForGeneralErrorStatusCodes(statusCode: Forbidden, expectedExceptionType: typeof(ClickUp.Api.Client.Models.Exceptions.ClickUpApiAuthenticationException), expectedMessageContent: &quot;Forbidden&quot;)" storage="/app/src/clickup.api.client.tests/bin/debug/net9.0/clickup.api.client.tests.dll" id="f06b0bee-cd92-4ab3-04ec-051ae09a6a15">
      <Execution id="757aba2b-cbcf-4b8b-9793-559a80c86903" />
      <TestMethod codeBase="/app/src/ClickUp.Api.Client.Tests/bin/Debug/net9.0/ClickUp.Api.Client.Tests.dll" adapterTypeName="executor://xunit/VsTestRunner2/netcoreapp" className="ClickUp.Api.Client.Tests.Http.ApiConnectionTests" name="GetAsync_ThrowsCorrectException_ForGeneralErrorStatusCodes" />
    </UnitTest>
    <UnitTest name="ClickUp.Api.Client.Tests.ServiceTests.FoldersServiceTests.CreateFolderFromTemplateAsync_ApiReturnsNull_ThrowsInvalidOperationException" storage="/app/src/clickup.api.client.tests/bin/debug/net9.0/clickup.api.client.tests.dll" id="a7724b9a-291c-c2c0-28d6-ba145c64e34d">
      <Execution id="557b8d7b-098c-4899-ad93-b79bf4a702ae" />
      <TestMethod codeBase="/app/src/ClickUp.Api.Client.Tests/bin/Debug/net9.0/ClickUp.Api.Client.Tests.dll" adapterTypeName="executor://xunit/VsTestRunner2/netcoreapp" className="ClickUp.Api.Client.Tests.ServiceTests.FoldersServiceTests" name="CreateFolderFromTemplateAsync_ApiReturnsNull_ThrowsInvalidOperationException" />
    </UnitTest>
    <UnitTest name="ClickUp.Api.Client.Tests.ServiceTests.TimeTrackingServiceTests.UpdateTimeEntryAsync_WithCustomTaskIdsAndTeamId_BuildsCorrectUrl" storage="/app/src/clickup.api.client.tests/bin/debug/net9.0/clickup.api.client.tests.dll" id="fa0b2a88-e976-a041-14e3-8c8bd4b16949">
      <Execution id="8b561b13-1f50-48be-920a-da16b4c45f7c" />
      <TestMethod codeBase="/app/src/ClickUp.Api.Client.Tests/bin/Debug/net9.0/ClickUp.Api.Client.Tests.dll" adapterTypeName="executor://xunit/VsTestRunner2/netcoreapp" className="ClickUp.Api.Client.Tests.ServiceTests.TimeTrackingServiceTests" name="UpdateTimeEntryAsync_WithCustomTaskIdsAndTeamId_BuildsCorrectUrl" />
    </UnitTest>
    <UnitTest name="ClickUp.Api.Client.Tests.ServiceTests.FoldersServiceTests.GetFoldersAsync_ArchivedTrue_BuildsCorrectUrl" storage="/app/src/clickup.api.client.tests/bin/debug/net9.0/clickup.api.client.tests.dll" id="6f157339-746a-c5c0-6676-d390c2a907d3">
      <Execution id="808e96a3-80d1-4f48-9d8d-1d73b73a78f1" />
      <TestMethod codeBase="/app/src/ClickUp.Api.Client.Tests/bin/Debug/net9.0/ClickUp.Api.Client.Tests.dll" adapterTypeName="executor://xunit/VsTestRunner2/netcoreapp" className="ClickUp.Api.Client.Tests.ServiceTests.FoldersServiceTests" name="GetFoldersAsync_ArchivedTrue_BuildsCorrectUrl" />
    </UnitTest>
    <UnitTest name="ClickUp.Api.Client.Tests.ServiceTests.SpacesServiceTests.UpdateSpaceAsync_ValidRequest_ReturnsUpdatedSpace" storage="/app/src/clickup.api.client.tests/bin/debug/net9.0/clickup.api.client.tests.dll" id="08cd1022-e7e2-5161-140c-058a94b3cf40">
      <Execution id="f32e9ac9-a0ae-4327-a08d-a917d33c3a96" />
      <TestMethod codeBase="/app/src/ClickUp.Api.Client.Tests/bin/Debug/net9.0/ClickUp.Api.Client.Tests.dll" adapterTypeName="executor://xunit/VsTestRunner2/netcoreapp" className="ClickUp.Api.Client.Tests.ServiceTests.SpacesServiceTests" name="UpdateSpaceAsync_ValidRequest_ReturnsUpdatedSpace" />
    </UnitTest>
    <UnitTest name="ClickUp.Api.Client.Tests.ServiceTests.GoalsServiceTests.CreateKeyResultAsync_ApiReturnsNullResponse_ThrowsInvalidOperationException" storage="/app/src/clickup.api.client.tests/bin/debug/net9.0/clickup.api.client.tests.dll" id="cc9ac9d7-b9e8-4488-d232-2be18abcf3d4">
      <Execution id="298e64e3-884f-428e-b0f7-50a5dd316543" />
      <TestMethod codeBase="/app/src/ClickUp.Api.Client.Tests/bin/Debug/net9.0/ClickUp.Api.Client.Tests.dll" adapterTypeName="executor://xunit/VsTestRunner2/netcoreapp" className="ClickUp.Api.Client.Tests.ServiceTests.GoalsServiceTests" name="CreateKeyResultAsync_ApiReturnsNullResponse_ThrowsInvalidOperationException" />
    </UnitTest>
    <UnitTest name="ClickUp.Api.Client.Tests.ServiceTests.SpacesServiceTests.GetSpaceAsync_ApiConnectionThrowsTaskCanceledException_PropagatesException" storage="/app/src/clickup.api.client.tests/bin/debug/net9.0/clickup.api.client.tests.dll" id="fbd8feeb-89b4-a389-76c5-14662d3945a0">
      <Execution id="11250c8a-9407-4963-a81a-dd8d17e11e8b" />
      <TestMethod codeBase="/app/src/ClickUp.Api.Client.Tests/bin/Debug/net9.0/ClickUp.Api.Client.Tests.dll" adapterTypeName="executor://xunit/VsTestRunner2/netcoreapp" className="ClickUp.Api.Client.Tests.ServiceTests.SpacesServiceTests" name="GetSpaceAsync_ApiConnectionThrowsTaskCanceledException_PropagatesException" />
    </UnitTest>
    <UnitTest name="ClickUp.Api.Client.Tests.ServiceTests.ChatServiceTests.GetChatChannelAsync_NullResponseData_ThrowsInvalidOperationException" storage="/app/src/clickup.api.client.tests/bin/debug/net9.0/clickup.api.client.tests.dll" id="2a2f5e84-7fcd-ca4a-26ba-94e01ddf99a0">
      <Execution id="d6a36441-fd54-49b4-bb8b-b73eabdb7bbd" />
      <TestMethod codeBase="/app/src/ClickUp.Api.Client.Tests/bin/Debug/net9.0/ClickUp.Api.Client.Tests.dll" adapterTypeName="executor://xunit/VsTestRunner2/netcoreapp" className="ClickUp.Api.Client.Tests.ServiceTests.ChatServiceTests" name="GetChatChannelAsync_NullResponseData_ThrowsInvalidOperationException" />
    </UnitTest>
    <UnitTest name="ClickUp.Api.Client.Tests.ServiceTests.TimeTrackingServiceTests.GetTimeEntriesAsync_PassesCancellationTokenToApiConnection" storage="/app/src/clickup.api.client.tests/bin/debug/net9.0/clickup.api.client.tests.dll" id="81e48595-a716-b444-f5fe-63d0bc5d0aa5">
      <Execution id="653663f0-affa-4f2e-8da3-c5aae0e77b1e" />
      <TestMethod codeBase="/app/src/ClickUp.Api.Client.Tests/bin/Debug/net9.0/ClickUp.Api.Client.Tests.dll" adapterTypeName="executor://xunit/VsTestRunner2/netcoreapp" className="ClickUp.Api.Client.Tests.ServiceTests.TimeTrackingServiceTests" name="GetTimeEntriesAsync_PassesCancellationTokenToApiConnection" />
    </UnitTest>
    <UnitTest name="ClickUp.Api.Client.Tests.ServiceTests.TimeTrackingServiceTests.GetRunningTimeEntryAsync_WithAssigneeUserId_BuildsCorrectUrl" storage="/app/src/clickup.api.client.tests/bin/debug/net9.0/clickup.api.client.tests.dll" id="e9886eef-b51d-400f-716a-70c07e1ae074">
      <Execution id="4770b942-5c5e-40c2-a5c0-4a36e3d8aa19" />
      <TestMethod codeBase="/app/src/ClickUp.Api.Client.Tests/bin/Debug/net9.0/ClickUp.Api.Client.Tests.dll" adapterTypeName="executor://xunit/VsTestRunner2/netcoreapp" className="ClickUp.Api.Client.Tests.ServiceTests.TimeTrackingServiceTests" name="GetRunningTimeEntryAsync_WithAssigneeUserId_BuildsCorrectUrl" />
    </UnitTest>
    <UnitTest name="ClickUp.Api.Client.Tests.ServiceTests.ListsServiceTests.GetListAsync_PassesCancellationTokenToApiConnection" storage="/app/src/clickup.api.client.tests/bin/debug/net9.0/clickup.api.client.tests.dll" id="5a8b379e-f715-8a32-0ce3-5e832b1b3bbb">
      <Execution id="d7fff80e-f288-4b4e-90fc-cc3cbd3f2e0d" />
      <TestMethod codeBase="/app/src/ClickUp.Api.Client.Tests/bin/Debug/net9.0/ClickUp.Api.Client.Tests.dll" adapterTypeName="executor://xunit/VsTestRunner2/netcoreapp" className="ClickUp.Api.Client.Tests.ServiceTests.ListsServiceTests" name="GetListAsync_PassesCancellationTokenToApiConnection" />
    </UnitTest>
    <UnitTest name="ClickUp.Api.Client.Tests.ServiceTests.ListsServiceTests.CreateListFromTemplateInFolderAsync_ValidRequest_ReturnsList" storage="/app/src/clickup.api.client.tests/bin/debug/net9.0/clickup.api.client.tests.dll" id="53c6727e-4ff3-092e-cdf4-886284bca918">
      <Execution id="cdd69813-8edf-4805-bb9e-10dde480f603" />
      <TestMethod codeBase="/app/src/ClickUp.Api.Client.Tests/bin/Debug/net9.0/ClickUp.Api.Client.Tests.dll" adapterTypeName="executor://xunit/VsTestRunner2/netcoreapp" className="ClickUp.Api.Client.Tests.ServiceTests.ListsServiceTests" name="CreateListFromTemplateInFolderAsync_ValidRequest_ReturnsList" />
    </UnitTest>
    <UnitTest name="ClickUp.Api.Client.Tests.ServiceTests.CustomFieldsServiceTests.GetSpaceCustomFieldsAsync_PassesCancellationTokenToApiConnection" storage="/app/src/clickup.api.client.tests/bin/debug/net9.0/clickup.api.client.tests.dll" id="8c2cdbd3-f4a7-a7fa-ecf6-b0d72688d538">
      <Execution id="6cb3a51c-8db6-4dca-866e-9462de76c9dc" />
      <TestMethod codeBase="/app/src/ClickUp.Api.Client.Tests/bin/Debug/net9.0/ClickUp.Api.Client.Tests.dll" adapterTypeName="executor://xunit/VsTestRunner2/netcoreapp" className="ClickUp.Api.Client.Tests.ServiceTests.CustomFieldsServiceTests" name="GetSpaceCustomFieldsAsync_PassesCancellationTokenToApiConnection" />
    </UnitTest>
    <UnitTest name="ClickUp.Api.Client.Tests.ServiceTests.TimeTrackingServiceTests.GetTimeEntryAsync_ValidRequest_ReturnsTimeEntry" storage="/app/src/clickup.api.client.tests/bin/debug/net9.0/clickup.api.client.tests.dll" id="8b7b8d8c-4fe1-d6b9-04f4-c83a985cc65c">
      <Execution id="bfabb8e4-bde0-4ccd-87ff-584b60f1441d" />
      <TestMethod codeBase="/app/src/ClickUp.Api.Client.Tests/bin/Debug/net9.0/ClickUp.Api.Client.Tests.dll" adapterTypeName="executor://xunit/VsTestRunner2/netcoreapp" className="ClickUp.Api.Client.Tests.ServiceTests.TimeTrackingServiceTests" name="GetTimeEntryAsync_ValidRequest_ReturnsTimeEntry" />
    </UnitTest>
    <UnitTest name="ClickUp.Api.Client.Tests.ServiceTests.TaskRelationshipsServiceTests.DeleteDependencyAsync_WithCustomTaskIdsAndTeamId_BuildsCorrectUrl" storage="/app/src/clickup.api.client.tests/bin/debug/net9.0/clickup.api.client.tests.dll" id="0bee123b-d72f-6c3f-9e2d-a066d1934f8b">
      <Execution id="dc8436e2-7ea6-41ef-afc0-1f986e4cf998" />
      <TestMethod codeBase="/app/src/ClickUp.Api.Client.Tests/bin/Debug/net9.0/ClickUp.Api.Client.Tests.dll" adapterTypeName="executor://xunit/VsTestRunner2/netcoreapp" className="ClickUp.Api.Client.Tests.ServiceTests.TaskRelationshipsServiceTests" name="DeleteDependencyAsync_WithCustomTaskIdsAndTeamId_BuildsCorrectUrl" />
    </UnitTest>
    <UnitTest name="ClickUp.Api.Client.Tests.ServiceTests.GuestsServiceTests.AddGuestToTaskAsync_NullApiResponse_ThrowsInvalidOperationException" storage="/app/src/clickup.api.client.tests/bin/debug/net9.0/clickup.api.client.tests.dll" id="23245aba-b4e7-6be0-6324-0c727122f8a0">
      <Execution id="0473a77a-e886-43aa-adc1-464bd0b0086e" />
      <TestMethod codeBase="/app/src/ClickUp.Api.Client.Tests/bin/Debug/net9.0/ClickUp.Api.Client.Tests.dll" adapterTypeName="executor://xunit/VsTestRunner2/netcoreapp" className="ClickUp.Api.Client.Tests.ServiceTests.GuestsServiceTests" name="AddGuestToTaskAsync_NullApiResponse_ThrowsInvalidOperationException" />
    </UnitTest>
    <UnitTest name="ClickUp.Api.Client.Tests.Models.Entities.CustomFieldValueTests.Deserialize_LabelsFieldValue_Correctly" storage="/app/src/clickup.api.client.tests/bin/debug/net9.0/clickup.api.client.tests.dll" id="ad134f43-af46-ffb4-1224-9d0f96b1191a">
      <Execution id="624f8692-636c-4005-96cc-da710a840d5e" />
      <TestMethod codeBase="/app/src/ClickUp.Api.Client.Tests/bin/Debug/net9.0/ClickUp.Api.Client.Tests.dll" adapterTypeName="executor://xunit/VsTestRunner2/netcoreapp" className="ClickUp.Api.Client.Tests.Models.Entities.CustomFieldValueTests" name="Deserialize_LabelsFieldValue_Correctly" />
    </UnitTest>
    <UnitTest name="ClickUp.Api.Client.Tests.ServiceTests.ChatServiceTests.CreateDirectMessageChatChannelAsync_ApiConnectionThrowsTaskCanceledException_PropagatesException" storage="/app/src/clickup.api.client.tests/bin/debug/net9.0/clickup.api.client.tests.dll" id="57bacdbf-a0f3-52a6-bf94-fe17e3e3f642">
      <Execution id="87f93c6b-dc9b-408a-a21b-840372884822" />
      <TestMethod codeBase="/app/src/ClickUp.Api.Client.Tests/bin/Debug/net9.0/ClickUp.Api.Client.Tests.dll" adapterTypeName="executor://xunit/VsTestRunner2/netcoreapp" className="ClickUp.Api.Client.Tests.ServiceTests.ChatServiceTests" name="CreateDirectMessageChatChannelAsync_ApiConnectionThrowsTaskCanceledException_PropagatesException" />
    </UnitTest>
    <UnitTest name="ClickUp.Api.Client.Tests.ServiceTests.FoldersServiceTests.GetFolderAsync_ApiError_ThrowsHttpRequestException" storage="/app/src/clickup.api.client.tests/bin/debug/net9.0/clickup.api.client.tests.dll" id="28cceedd-0004-bcae-37ba-848d1807e699">
      <Execution id="4c2b5a78-7095-452d-bc6b-80f7d59e76c3" />
      <TestMethod codeBase="/app/src/ClickUp.Api.Client.Tests/bin/Debug/net9.0/ClickUp.Api.Client.Tests.dll" adapterTypeName="executor://xunit/VsTestRunner2/netcoreapp" className="ClickUp.Api.Client.Tests.ServiceTests.FoldersServiceTests" name="GetFolderAsync_ApiError_ThrowsHttpRequestException" />
    </UnitTest>
    <UnitTest name="ClickUp.Api.Client.Tests.ServiceTests.TaskServiceTests.GetTaskAsync_ValidTaskId_ReturnsTask" storage="/app/src/clickup.api.client.tests/bin/debug/net9.0/clickup.api.client.tests.dll" id="d8e8f656-b222-2cc4-39e9-933e25cf137d">
      <Execution id="ee173320-47be-432e-937b-02e6a79ade2b" />
      <TestMethod codeBase="/app/src/ClickUp.Api.Client.Tests/bin/Debug/net9.0/ClickUp.Api.Client.Tests.dll" adapterTypeName="executor://xunit/VsTestRunner2/netcoreapp" className="ClickUp.Api.Client.Tests.ServiceTests.TaskServiceTests" name="GetTaskAsync_ValidTaskId_ReturnsTask" />
    </UnitTest>
    <UnitTest name="ClickUp.Api.Client.Tests.ServiceTests.GuestsServiceTests.InviteGuestToWorkspaceAsync_PassesCancellationTokenToApiConnection" storage="/app/src/clickup.api.client.tests/bin/debug/net9.0/clickup.api.client.tests.dll" id="b8dc9bc7-4fc3-693a-56cc-e5d1b471dd1a">
      <Execution id="b1791462-7d53-4d3d-b996-351eb23d5435" />
      <TestMethod codeBase="/app/src/ClickUp.Api.Client.Tests/bin/Debug/net9.0/ClickUp.Api.Client.Tests.dll" adapterTypeName="executor://xunit/VsTestRunner2/netcoreapp" className="ClickUp.Api.Client.Tests.ServiceTests.GuestsServiceTests" name="InviteGuestToWorkspaceAsync_PassesCancellationTokenToApiConnection" />
    </UnitTest>
    <UnitTest name="ClickUp.Api.Client.Tests.ServiceTests.UsersServiceTests.GetUserFromWorkspaceAsync_ApiConnectionThrowsTaskCanceledException_PropagatesException" storage="/app/src/clickup.api.client.tests/bin/debug/net9.0/clickup.api.client.tests.dll" id="b5dc3f22-33c2-3b99-93aa-344fe768da56">
      <Execution id="b08c7571-6175-4d6d-87de-3f9df936478a" />
      <TestMethod codeBase="/app/src/ClickUp.Api.Client.Tests/bin/Debug/net9.0/ClickUp.Api.Client.Tests.dll" adapterTypeName="executor://xunit/VsTestRunner2/netcoreapp" className="ClickUp.Api.Client.Tests.ServiceTests.UsersServiceTests" name="GetUserFromWorkspaceAsync_ApiConnectionThrowsTaskCanceledException_PropagatesException" />
    </UnitTest>
    <UnitTest name="ClickUp.Api.Client.Tests.ServiceTests.SpacesServiceTests.DeleteSpaceAsync_PassesCancellationTokenToApiConnection" storage="/app/src/clickup.api.client.tests/bin/debug/net9.0/clickup.api.client.tests.dll" id="c6d7e2c8-c69e-63ac-2995-895307cfb489">
      <Execution id="fd2a26ec-0ac3-4503-b3e5-67569fa71847" />
      <TestMethod codeBase="/app/src/ClickUp.Api.Client.Tests/bin/Debug/net9.0/ClickUp.Api.Client.Tests.dll" adapterTypeName="executor://xunit/VsTestRunner2/netcoreapp" className="ClickUp.Api.Client.Tests.ServiceTests.SpacesServiceTests" name="DeleteSpaceAsync_PassesCancellationTokenToApiConnection" />
    </UnitTest>
    <UnitTest name="ClickUp.Api.Client.Tests.ServiceTests.DocsServiceTests.SearchAllDocsAsync_MultiplePagesOfResults_ReturnsAllItems" storage="/app/src/clickup.api.client.tests/bin/debug/net9.0/clickup.api.client.tests.dll" id="f3172ad1-5349-25f4-05c4-524037f2c966">
      <Execution id="14f55074-3bbf-4f59-9ccb-9b42c7145b4c" />
      <TestMethod codeBase="/app/src/ClickUp.Api.Client.Tests/bin/Debug/net9.0/ClickUp.Api.Client.Tests.dll" adapterTypeName="executor://xunit/VsTestRunner2/netcoreapp" className="ClickUp.Api.Client.Tests.ServiceTests.DocsServiceTests" name="SearchAllDocsAsync_MultiplePagesOfResults_ReturnsAllItems" />
    </UnitTest>
    <UnitTest name="ClickUp.Api.Client.Tests.ServiceTests.ViewsServiceTests.GetSpaceViewsAsync_ValidSpaceId_ReturnsViews" storage="/app/src/clickup.api.client.tests/bin/debug/net9.0/clickup.api.client.tests.dll" id="c40e86e2-e16f-4233-5fc4-00fc072bd6a2">
      <Execution id="23a1597c-3593-4c5d-85dc-739475734725" />
      <TestMethod codeBase="/app/src/ClickUp.Api.Client.Tests/bin/Debug/net9.0/ClickUp.Api.Client.Tests.dll" adapterTypeName="executor://xunit/VsTestRunner2/netcoreapp" className="ClickUp.Api.Client.Tests.ServiceTests.ViewsServiceTests" name="GetSpaceViewsAsync_ValidSpaceId_ReturnsViews" />
    </UnitTest>
    <UnitTest name="ClickUp.Api.Client.Tests.ServiceTests.DocsServiceTests.CreateDocAsync_PassesCancellationTokenToApiConnection" storage="/app/src/clickup.api.client.tests/bin/debug/net9.0/clickup.api.client.tests.dll" id="9aebd098-86b0-8135-3828-1a1b18cbdc09">
      <Execution id="09ffd8dd-a140-4da4-84f3-43da9b8f8355" />
      <TestMethod codeBase="/app/src/ClickUp.Api.Client.Tests/bin/Debug/net9.0/ClickUp.Api.Client.Tests.dll" adapterTypeName="executor://xunit/VsTestRunner2/netcoreapp" className="ClickUp.Api.Client.Tests.ServiceTests.DocsServiceTests" name="CreateDocAsync_PassesCancellationTokenToApiConnection" />
    </UnitTest>
    <UnitTest name="ClickUp.Api.Client.Tests.ServiceTests.ListsServiceTests.CreateListFromTemplateInFolderAsync_PassesCancellationTokenToApiConnection" storage="/app/src/clickup.api.client.tests/bin/debug/net9.0/clickup.api.client.tests.dll" id="99f975e9-90a9-1b95-68e2-bd28016666dc">
      <Execution id="72bc82f2-7b57-4079-8297-5c62bee5c06c" />
      <TestMethod codeBase="/app/src/ClickUp.Api.Client.Tests/bin/Debug/net9.0/ClickUp.Api.Client.Tests.dll" adapterTypeName="executor://xunit/VsTestRunner2/netcoreapp" className="ClickUp.Api.Client.Tests.ServiceTests.ListsServiceTests" name="CreateListFromTemplateInFolderAsync_PassesCancellationTokenToApiConnection" />
    </UnitTest>
    <UnitTest name="ClickUp.Api.Client.Tests.ServiceTests.GuestsServiceTests.RemoveGuestFromTaskAsync_ValidRequest_CallsDeleteAndReturnsGuest" storage="/app/src/clickup.api.client.tests/bin/debug/net9.0/clickup.api.client.tests.dll" id="84a0fe9e-88a9-b519-abce-44607ed3d60b">
      <Execution id="0015bb1d-62de-4948-ada6-9ad66515aadd" />
      <TestMethod codeBase="/app/src/ClickUp.Api.Client.Tests/bin/Debug/net9.0/ClickUp.Api.Client.Tests.dll" adapterTypeName="executor://xunit/VsTestRunner2/netcoreapp" className="ClickUp.Api.Client.Tests.ServiceTests.GuestsServiceTests" name="RemoveGuestFromTaskAsync_ValidRequest_CallsDeleteAndReturnsGuest" />
    </UnitTest>
    <UnitTest name="ClickUp.Api.Client.Tests.ServiceTests.CommentServiceTests.UpdateCommentAsync_ApiConnectionThrowsTaskCanceledException_PropagatesException" storage="/app/src/clickup.api.client.tests/bin/debug/net9.0/clickup.api.client.tests.dll" id="f31bace1-8f20-4ff1-a788-959919728bf7">
      <Execution id="c1ed79fb-efde-4e9c-8721-b2ad0d06b8d8" />
      <TestMethod codeBase="/app/src/ClickUp.Api.Client.Tests/bin/Debug/net9.0/ClickUp.Api.Client.Tests.dll" adapterTypeName="executor://xunit/VsTestRunner2/netcoreapp" className="ClickUp.Api.Client.Tests.ServiceTests.CommentServiceTests" name="UpdateCommentAsync_ApiConnectionThrowsTaskCanceledException_PropagatesException" />
    </UnitTest>
    <UnitTest name="ClickUp.Api.Client.Tests.ServiceTests.TaskChecklistsServiceTests.CreateChecklistAsync_ApiReturnsResponseWithNullChecklist_ThrowsInvalidOperationException" storage="/app/src/clickup.api.client.tests/bin/debug/net9.0/clickup.api.client.tests.dll" id="f61e67de-82a5-a96b-6915-0c05afd4c5fb">
      <Execution id="2a600642-eaa1-4ca1-9a75-f0677d5f743d" />
      <TestMethod codeBase="/app/src/ClickUp.Api.Client.Tests/bin/Debug/net9.0/ClickUp.Api.Client.Tests.dll" adapterTypeName="executor://xunit/VsTestRunner2/netcoreapp" className="ClickUp.Api.Client.Tests.ServiceTests.TaskChecklistsServiceTests" name="CreateChecklistAsync_ApiReturnsResponseWithNullChecklist_ThrowsInvalidOperationException" />
    </UnitTest>
    <UnitTest name="ClickUp.Api.Client.Tests.ServiceTests.TaskServiceTests.GetFilteredTeamTasksAsyncEnumerable_HandlesApiError" storage="/app/src/clickup.api.client.tests/bin/debug/net9.0/clickup.api.client.tests.dll" id="f6dfa8db-8634-305b-53fb-afe728588de3">
      <Execution id="5d6363fb-a10b-426b-b5b2-7017c9974152" />
      <TestMethod codeBase="/app/src/ClickUp.Api.Client.Tests/bin/Debug/net9.0/ClickUp.Api.Client.Tests.dll" adapterTypeName="executor://xunit/VsTestRunner2/netcoreapp" className="ClickUp.Api.Client.Tests.ServiceTests.TaskServiceTests" name="GetFilteredTeamTasksAsyncEnumerable_HandlesApiError" />
    </UnitTest>
    <UnitTest name="ClickUp.Api.Client.Tests.Http.AuthenticationDelegatingHandlerTests.Constructor_WithValidApiKey_ShouldNotThrow" storage="/app/src/clickup.api.client.tests/bin/debug/net9.0/clickup.api.client.tests.dll" id="7428b5be-e41e-3ae2-e6c3-7e5ae8113bcf">
      <Execution id="d3f3822f-c832-4998-a0ab-74e122d95851" />
      <TestMethod codeBase="/app/src/ClickUp.Api.Client.Tests/bin/Debug/net9.0/ClickUp.Api.Client.Tests.dll" adapterTypeName="executor://xunit/VsTestRunner2/netcoreapp" className="ClickUp.Api.Client.Tests.Http.AuthenticationDelegatingHandlerTests" name="Constructor_WithValidApiKey_ShouldNotThrow" />
    </UnitTest>
    <UnitTest name="ClickUp.Api.Client.Tests.ServiceTests.WorkspacesServiceTests.GetWorkspaceSeatsAsync_ApiConnectionThrowsTaskCanceledException_PropagatesException" storage="/app/src/clickup.api.client.tests/bin/debug/net9.0/clickup.api.client.tests.dll" id="96fca06f-0569-a7af-f21c-69e7c495e6cb">
      <Execution id="23741419-c1c8-4dd3-b165-0fdd212267bf" />
      <TestMethod codeBase="/app/src/ClickUp.Api.Client.Tests/bin/Debug/net9.0/ClickUp.Api.Client.Tests.dll" adapterTypeName="executor://xunit/VsTestRunner2/netcoreapp" className="ClickUp.Api.Client.Tests.ServiceTests.WorkspacesServiceTests" name="GetWorkspaceSeatsAsync_ApiConnectionThrowsTaskCanceledException_PropagatesException" />
    </UnitTest>
    <UnitTest name="ClickUp.Api.Client.Tests.ServiceTests.ListsServiceTests.DeleteListAsync_ValidListId_CallsDeleteAsync" storage="/app/src/clickup.api.client.tests/bin/debug/net9.0/clickup.api.client.tests.dll" id="f80cf9ee-905e-8863-bda8-9d4d9c6015ab">
      <Execution id="e273967d-3744-42fc-943e-860bac64bec9" />
      <TestMethod codeBase="/app/src/ClickUp.Api.Client.Tests/bin/Debug/net9.0/ClickUp.Api.Client.Tests.dll" adapterTypeName="executor://xunit/VsTestRunner2/netcoreapp" className="ClickUp.Api.Client.Tests.ServiceTests.ListsServiceTests" name="DeleteListAsync_ValidListId_CallsDeleteAsync" />
    </UnitTest>
    <UnitTest name="ClickUp.Api.Client.Tests.ServiceTests.TimeTrackingServiceTests.GetTimeEntryAsync_ApiConnectionThrowsHttpRequestException_PropagatesException" storage="/app/src/clickup.api.client.tests/bin/debug/net9.0/clickup.api.client.tests.dll" id="3d1ad44f-ad35-093f-1ddc-cdf28838fb0c">
      <Execution id="65dc3a6a-e4c6-4d05-aafa-7a7644fbaf24" />
      <TestMethod codeBase="/app/src/ClickUp.Api.Client.Tests/bin/Debug/net9.0/ClickUp.Api.Client.Tests.dll" adapterTypeName="executor://xunit/VsTestRunner2/netcoreapp" className="ClickUp.Api.Client.Tests.ServiceTests.TimeTrackingServiceTests" name="GetTimeEntryAsync_ApiConnectionThrowsHttpRequestException_PropagatesException" />
    </UnitTest>
    <UnitTest name="ClickUp.Api.Client.Tests.ServiceTests.CommentServiceTests.GetListCommentsAsync_ApiConnectionThrowsTaskCanceledException_PropagatesException" storage="/app/src/clickup.api.client.tests/bin/debug/net9.0/clickup.api.client.tests.dll" id="0d31d690-be18-682b-70ab-692d878b1d19">
      <Execution id="94039270-cc40-4b33-81d2-4c24ffb8e6ec" />
      <TestMethod codeBase="/app/src/ClickUp.Api.Client.Tests/bin/Debug/net9.0/ClickUp.Api.Client.Tests.dll" adapterTypeName="executor://xunit/VsTestRunner2/netcoreapp" className="ClickUp.Api.Client.Tests.ServiceTests.CommentServiceTests" name="GetListCommentsAsync_ApiConnectionThrowsTaskCanceledException_PropagatesException" />
    </UnitTest>
    <UnitTest name="ClickUp.Api.Client.Tests.ServiceTests.TaskServiceTests.GetFilteredTeamTasksAsync_ApiConnectionThrowsTaskCanceledException_PropagatesException" storage="/app/src/clickup.api.client.tests/bin/debug/net9.0/clickup.api.client.tests.dll" id="3e9d1a63-eb7d-0da1-8899-9b1a1bb3d3bd">
      <Execution id="c1c5a887-7370-4174-b275-142309f5d624" />
      <TestMethod codeBase="/app/src/ClickUp.Api.Client.Tests/bin/Debug/net9.0/ClickUp.Api.Client.Tests.dll" adapterTypeName="executor://xunit/VsTestRunner2/netcoreapp" className="ClickUp.Api.Client.Tests.ServiceTests.TaskServiceTests" name="GetFilteredTeamTasksAsync_ApiConnectionThrowsTaskCanceledException_PropagatesException" />
    </UnitTest>
    <UnitTest name="ClickUp.Api.Client.Tests.ServiceTests.ViewsServiceTests.GetViewAsync_ApiReturnsNull_ThrowsInvalidOperationException" storage="/app/src/clickup.api.client.tests/bin/debug/net9.0/clickup.api.client.tests.dll" id="fa1d252f-4ee5-fcd1-b822-82dea7f3bf68">
      <Execution id="655b6a76-d8ec-4bd6-9444-b1622088d455" />
      <TestMethod codeBase="/app/src/ClickUp.Api.Client.Tests/bin/Debug/net9.0/ClickUp.Api.Client.Tests.dll" adapterTypeName="executor://xunit/VsTestRunner2/netcoreapp" className="ClickUp.Api.Client.Tests.ServiceTests.ViewsServiceTests" name="GetViewAsync_ApiReturnsNull_ThrowsInvalidOperationException" />
    </UnitTest>
    <UnitTest name="ClickUp.Api.Client.Tests.ServiceTests.ListsServiceTests.GetFolderlessListsAsync_ApiReturnsNullResponse_ReturnsEmptyEnumerable" storage="/app/src/clickup.api.client.tests/bin/debug/net9.0/clickup.api.client.tests.dll" id="df534433-e81e-2362-089d-02b32a13ff5f">
      <Execution id="0c08585d-95ba-440c-82b8-d856f44996f4" />
      <TestMethod codeBase="/app/src/ClickUp.Api.Client.Tests/bin/Debug/net9.0/ClickUp.Api.Client.Tests.dll" adapterTypeName="executor://xunit/VsTestRunner2/netcoreapp" className="ClickUp.Api.Client.Tests.ServiceTests.ListsServiceTests" name="GetFolderlessListsAsync_ApiReturnsNullResponse_ReturnsEmptyEnumerable" />
    </UnitTest>
    <UnitTest name="ClickUp.Api.Client.Tests.ServiceTests.GuestsServiceTests.RemoveGuestFromTaskAsync_NullApiResponse_ThrowsInvalidOperationException" storage="/app/src/clickup.api.client.tests/bin/debug/net9.0/clickup.api.client.tests.dll" id="01826418-4acd-c446-dcf6-3d0fe5fda7b0">
      <Execution id="80fd2b73-9737-46fd-ab3a-9a6d7dcdfbb7" />
      <TestMethod codeBase="/app/src/ClickUp.Api.Client.Tests/bin/Debug/net9.0/ClickUp.Api.Client.Tests.dll" adapterTypeName="executor://xunit/VsTestRunner2/netcoreapp" className="ClickUp.Api.Client.Tests.ServiceTests.GuestsServiceTests" name="RemoveGuestFromTaskAsync_NullApiResponse_ThrowsInvalidOperationException" />
    </UnitTest>
    <UnitTest name="ClickUp.Api.Client.Tests.ServiceTests.TaskRelationshipsServiceTests.DeleteDependencyAsync_WithDependencyOf_CallsDeleteAsyncWithCorrectUrl" storage="/app/src/clickup.api.client.tests/bin/debug/net9.0/clickup.api.client.tests.dll" id="bf4bfb6f-14b9-988f-08de-3ea8deb5b1e2">
      <Execution id="49c0bc4e-66cd-4e91-a77e-72b078b1c686" />
      <TestMethod codeBase="/app/src/ClickUp.Api.Client.Tests/bin/Debug/net9.0/ClickUp.Api.Client.Tests.dll" adapterTypeName="executor://xunit/VsTestRunner2/netcoreapp" className="ClickUp.Api.Client.Tests.ServiceTests.TaskRelationshipsServiceTests" name="DeleteDependencyAsync_WithDependencyOf_CallsDeleteAsyncWithCorrectUrl" />
    </UnitTest>
    <UnitTest name="ClickUp.Api.Client.Tests.ServiceTests.CommentServiceTests.GetThreadedCommentsAsync_ValidInput_CallsApiConnectionGetAsyncWithCorrectParameters" storage="/app/src/clickup.api.client.tests/bin/debug/net9.0/clickup.api.client.tests.dll" id="5bfd1fe7-ef93-ce38-f006-77697e21739e">
      <Execution id="341e4037-26b2-40ae-858f-5dc6a017b584" />
      <TestMethod codeBase="/app/src/ClickUp.Api.Client.Tests/bin/Debug/net9.0/ClickUp.Api.Client.Tests.dll" adapterTypeName="executor://xunit/VsTestRunner2/netcoreapp" className="ClickUp.Api.Client.Tests.ServiceTests.CommentServiceTests" name="GetThreadedCommentsAsync_ValidInput_CallsApiConnectionGetAsyncWithCorrectParameters" />
    </UnitTest>
    <UnitTest name="ClickUp.Api.Client.Tests.ServiceTests.TimeTrackingServiceTests.CreateTimeEntryAsync_WithCustomTaskIdsAndTeamId_BuildsCorrectUrl" storage="/app/src/clickup.api.client.tests/bin/debug/net9.0/clickup.api.client.tests.dll" id="85698f3a-4e46-7ce5-ae3d-a0eb2be044a8">
      <Execution id="957b2f55-67e0-4cf2-b462-985966f60024" />
      <TestMethod codeBase="/app/src/ClickUp.Api.Client.Tests/bin/Debug/net9.0/ClickUp.Api.Client.Tests.dll" adapterTypeName="executor://xunit/VsTestRunner2/netcoreapp" className="ClickUp.Api.Client.Tests.ServiceTests.TimeTrackingServiceTests" name="CreateTimeEntryAsync_WithCustomTaskIdsAndTeamId_BuildsCorrectUrl" />
    </UnitTest>
    <UnitTest name="ClickUp.Api.Client.Tests.ServiceTests.TaskServiceTests.GetFilteredTeamTasksAsyncEnumerable_ReturnsAllTasks_WhenMultiplePages" storage="/app/src/clickup.api.client.tests/bin/debug/net9.0/clickup.api.client.tests.dll" id="b1dfb4f4-ba55-a7da-366a-3fd92a7e155a">
      <Execution id="311530a2-5148-4201-8510-e61f186d75f5" />
      <TestMethod codeBase="/app/src/ClickUp.Api.Client.Tests/bin/Debug/net9.0/ClickUp.Api.Client.Tests.dll" adapterTypeName="executor://xunit/VsTestRunner2/netcoreapp" className="ClickUp.Api.Client.Tests.ServiceTests.TaskServiceTests" name="GetFilteredTeamTasksAsyncEnumerable_ReturnsAllTasks_WhenMultiplePages" />
    </UnitTest>
    <UnitTest name="ClickUp.Api.Client.Tests.ServiceTests.TagsServiceTests.CreateSpaceTagAsync_ApiConnectionThrowsHttpRequestException_PropagatesException" storage="/app/src/clickup.api.client.tests/bin/debug/net9.0/clickup.api.client.tests.dll" id="6f8c638a-8549-3215-0ce5-427f31429e66">
      <Execution id="f99ea66f-89b2-476f-8312-fd3bab90f8d1" />
      <TestMethod codeBase="/app/src/ClickUp.Api.Client.Tests/bin/Debug/net9.0/ClickUp.Api.Client.Tests.dll" adapterTypeName="executor://xunit/VsTestRunner2/netcoreapp" className="ClickUp.Api.Client.Tests.ServiceTests.TagsServiceTests" name="CreateSpaceTagAsync_ApiConnectionThrowsHttpRequestException_PropagatesException" />
    </UnitTest>
    <UnitTest name="ClickUp.Api.Client.Tests.ServiceTests.TimeTrackingServiceTests.RemoveTagsFromTimeEntriesAsync_PassesCancellationTokenToApiConnection" storage="/app/src/clickup.api.client.tests/bin/debug/net9.0/clickup.api.client.tests.dll" id="3223a4af-d51d-dddf-a4c7-507562a03439">
      <Execution id="9233adae-b2eb-47b9-ab8f-e08c82779ebf" />
      <TestMethod codeBase="/app/src/ClickUp.Api.Client.Tests/bin/Debug/net9.0/ClickUp.Api.Client.Tests.dll" adapterTypeName="executor://xunit/VsTestRunner2/netcoreapp" className="ClickUp.Api.Client.Tests.ServiceTests.TimeTrackingServiceTests" name="RemoveTagsFromTimeEntriesAsync_PassesCancellationTokenToApiConnection" />
    </UnitTest>
    <UnitTest name="ClickUp.Api.Client.Tests.ServiceTests.GoalsServiceTests.CreateKeyResultAsync_ValidRequest_CallsPostAndReturnsKeyResult" storage="/app/src/clickup.api.client.tests/bin/debug/net9.0/clickup.api.client.tests.dll" id="43dfef0a-a898-a93a-d1b2-66d336e1114a">
      <Execution id="70ffd4df-811a-491f-935b-b4cbcfad2fac" />
      <TestMethod codeBase="/app/src/ClickUp.Api.Client.Tests/bin/Debug/net9.0/ClickUp.Api.Client.Tests.dll" adapterTypeName="executor://xunit/VsTestRunner2/netcoreapp" className="ClickUp.Api.Client.Tests.ServiceTests.GoalsServiceTests" name="CreateKeyResultAsync_ValidRequest_CallsPostAndReturnsKeyResult" />
    </UnitTest>
    <UnitTest name="ClickUp.Api.Client.Tests.ServiceTests.TaskChecklistsServiceTests.DeleteChecklistItemAsync_ApiConnectionThrowsHttpRequestException_PropagatesException" storage="/app/src/clickup.api.client.tests/bin/debug/net9.0/clickup.api.client.tests.dll" id="a9efc708-38a6-fcba-9a97-7f77a5ad553f">
      <Execution id="1af72a48-196f-4623-b7ab-4d722fc3f0af" />
      <TestMethod codeBase="/app/src/ClickUp.Api.Client.Tests/bin/Debug/net9.0/ClickUp.Api.Client.Tests.dll" adapterTypeName="executor://xunit/VsTestRunner2/netcoreapp" className="ClickUp.Api.Client.Tests.ServiceTests.TaskChecklistsServiceTests" name="DeleteChecklistItemAsync_ApiConnectionThrowsHttpRequestException_PropagatesException" />
    </UnitTest>
    <UnitTest name="ClickUp.Api.Client.Tests.ServiceTests.DocsServiceTests.CreatePageAsync_NullResponseData_ThrowsInvalidOperationException" storage="/app/src/clickup.api.client.tests/bin/debug/net9.0/clickup.api.client.tests.dll" id="d17156f2-d96b-7805-f2d0-4f7f66933361">
      <Execution id="3a21b3fc-d571-4ee3-83e3-d670becf9ce0" />
      <TestMethod codeBase="/app/src/ClickUp.Api.Client.Tests/bin/Debug/net9.0/ClickUp.Api.Client.Tests.dll" adapterTypeName="executor://xunit/VsTestRunner2/netcoreapp" className="ClickUp.Api.Client.Tests.ServiceTests.DocsServiceTests" name="CreatePageAsync_NullResponseData_ThrowsInvalidOperationException" />
    </UnitTest>
    <UnitTest name="ClickUp.Api.Client.Tests.ServiceTests.ChatServiceTests.UpdateChatMessageAsync_ValidRequest_CallsPutAndReturnsMessage" storage="/app/src/clickup.api.client.tests/bin/debug/net9.0/clickup.api.client.tests.dll" id="3365560f-90cb-4a81-f4ad-cb4301228614">
      <Execution id="b0b541ac-40dd-47e2-ab1e-30bd574b14ab" />
      <TestMethod codeBase="/app/src/ClickUp.Api.Client.Tests/bin/Debug/net9.0/ClickUp.Api.Client.Tests.dll" adapterTypeName="executor://xunit/VsTestRunner2/netcoreapp" className="ClickUp.Api.Client.Tests.ServiceTests.ChatServiceTests" name="UpdateChatMessageAsync_ValidRequest_CallsPutAndReturnsMessage" />
    </UnitTest>
    <UnitTest name="ClickUp.Api.Client.Tests.ServiceTests.CustomFieldsServiceTests.GetWorkspaceCustomFieldsAsync_ApiConnectionThrowsTaskCanceledException_PropagatesException" storage="/app/src/clickup.api.client.tests/bin/debug/net9.0/clickup.api.client.tests.dll" id="2e8375d0-534a-373a-a359-8388c50bf427">
      <Execution id="54a0b6c2-79d7-4b3a-a0bf-88348cfa2caa" />
      <TestMethod codeBase="/app/src/ClickUp.Api.Client.Tests/bin/Debug/net9.0/ClickUp.Api.Client.Tests.dll" adapterTypeName="executor://xunit/VsTestRunner2/netcoreapp" className="ClickUp.Api.Client.Tests.ServiceTests.CustomFieldsServiceTests" name="GetWorkspaceCustomFieldsAsync_ApiConnectionThrowsTaskCanceledException_PropagatesException" />
    </UnitTest>
    <UnitTest name="ClickUp.Api.Client.Tests.ServiceTests.DocsServiceTests.GetDocPagesAsync_PassesCancellationTokenToApiConnection" storage="/app/src/clickup.api.client.tests/bin/debug/net9.0/clickup.api.client.tests.dll" id="2f5333c3-b2fd-e93c-ff6c-9f4085c35de6">
      <Execution id="749984bf-b205-4585-828c-f43a3c29cf60" />
      <TestMethod codeBase="/app/src/ClickUp.Api.Client.Tests/bin/Debug/net9.0/ClickUp.Api.Client.Tests.dll" adapterTypeName="executor://xunit/VsTestRunner2/netcoreapp" className="ClickUp.Api.Client.Tests.ServiceTests.DocsServiceTests" name="GetDocPagesAsync_PassesCancellationTokenToApiConnection" />
    </UnitTest>
    <UnitTest name="ClickUp.Api.Client.Tests.ServiceTests.CommentServiceTests.GetChatViewCommentsStreamAsync_IAsyncEnumerable_HandlesCancellation" storage="/app/src/clickup.api.client.tests/bin/debug/net9.0/clickup.api.client.tests.dll" id="9d62c429-bfc4-7793-6e3b-107bc74d99f7">
      <Execution id="c7b8e25e-3932-48d9-81b1-e91290c61282" />
      <TestMethod codeBase="/app/src/ClickUp.Api.Client.Tests/bin/Debug/net9.0/ClickUp.Api.Client.Tests.dll" adapterTypeName="executor://xunit/VsTestRunner2/netcoreapp" className="ClickUp.Api.Client.Tests.ServiceTests.CommentServiceTests" name="GetChatViewCommentsStreamAsync_IAsyncEnumerable_HandlesCancellation" />
    </UnitTest>
    <UnitTest name="ClickUp.Api.Client.Tests.ServiceTests.TagsServiceTests.GetSpaceTagsAsync_ApiReturnsResponseWithNullTags_ReturnsEmptyEnumerable" storage="/app/src/clickup.api.client.tests/bin/debug/net9.0/clickup.api.client.tests.dll" id="029d77fc-29f0-2f6b-5b61-e801f211e1a6">
      <Execution id="69e58422-d3db-4c19-9b9d-7df292be280d" />
      <TestMethod codeBase="/app/src/ClickUp.Api.Client.Tests/bin/Debug/net9.0/ClickUp.Api.Client.Tests.dll" adapterTypeName="executor://xunit/VsTestRunner2/netcoreapp" className="ClickUp.Api.Client.Tests.ServiceTests.TagsServiceTests" name="GetSpaceTagsAsync_ApiReturnsResponseWithNullTags_ReturnsEmptyEnumerable" />
    </UnitTest>
    <UnitTest name="ClickUp.Api.Client.Tests.ServiceTests.ChatServiceTests.GetChatMessageRepliesAsync_PassesCancellationTokenToApiConnection" storage="/app/src/clickup.api.client.tests/bin/debug/net9.0/clickup.api.client.tests.dll" id="ef21dcdc-7a4c-1a08-c883-d07825afb5e5">
      <Execution id="711e2560-6c03-4af2-9387-ac70e3799915" />
      <TestMethod codeBase="/app/src/ClickUp.Api.Client.Tests/bin/Debug/net9.0/ClickUp.Api.Client.Tests.dll" adapterTypeName="executor://xunit/VsTestRunner2/netcoreapp" className="ClickUp.Api.Client.Tests.ServiceTests.ChatServiceTests" name="GetChatMessageRepliesAsync_PassesCancellationTokenToApiConnection" />
    </UnitTest>
    <UnitTest name="ClickUp.Api.Client.Tests.ServiceTests.GuestsServiceTests.GetGuestAsync_PassesCancellationTokenToApiConnection" storage="/app/src/clickup.api.client.tests/bin/debug/net9.0/clickup.api.client.tests.dll" id="381f377e-08c0-a262-2d01-bbb43b81a3fa">
      <Execution id="3db647cc-6ed2-4bd4-b5a4-1b3cb88dca93" />
      <TestMethod codeBase="/app/src/ClickUp.Api.Client.Tests/bin/Debug/net9.0/ClickUp.Api.Client.Tests.dll" adapterTypeName="executor://xunit/VsTestRunner2/netcoreapp" className="ClickUp.Api.Client.Tests.ServiceTests.GuestsServiceTests" name="GetGuestAsync_PassesCancellationTokenToApiConnection" />
    </UnitTest>
    <UnitTest name="ClickUp.Api.Client.Tests.ServiceTests.TaskRelationshipsServiceTests.AddTaskLinkAsync_ApiConnectionThrowsTaskCanceledException_PropagatesException" storage="/app/src/clickup.api.client.tests/bin/debug/net9.0/clickup.api.client.tests.dll" id="7b9e8da3-c1cf-a39e-6f3d-7f535dcbb54b">
      <Execution id="7714656e-c682-4b33-bf85-61e0dc478c10" />
      <TestMethod codeBase="/app/src/ClickUp.Api.Client.Tests/bin/Debug/net9.0/ClickUp.Api.Client.Tests.dll" adapterTypeName="executor://xunit/VsTestRunner2/netcoreapp" className="ClickUp.Api.Client.Tests.ServiceTests.TaskRelationshipsServiceTests" name="AddTaskLinkAsync_ApiConnectionThrowsTaskCanceledException_PropagatesException" />
    </UnitTest>
    <UnitTest name="ClickUp.Api.Client.Tests.ServiceTests.ChatServiceTests.GetChatChannelsAsync_PassesCancellationTokenToApiConnection" storage="/app/src/clickup.api.client.tests/bin/debug/net9.0/clickup.api.client.tests.dll" id="6db6db1d-1177-c8ea-5cf3-de091ac6501f">
      <Execution id="0edd6d32-5af1-49b9-bf05-bbd26cf6b418" />
      <TestMethod codeBase="/app/src/ClickUp.Api.Client.Tests/bin/Debug/net9.0/ClickUp.Api.Client.Tests.dll" adapterTypeName="executor://xunit/VsTestRunner2/netcoreapp" className="ClickUp.Api.Client.Tests.ServiceTests.ChatServiceTests" name="GetChatChannelsAsync_PassesCancellationTokenToApiConnection" />
    </UnitTest>
    <UnitTest name="ClickUp.Api.Client.Tests.ServiceTests.TaskRelationshipsServiceTests.AddDependencyAsync_ApiConnectionThrowsTaskCanceledException_PropagatesException" storage="/app/src/clickup.api.client.tests/bin/debug/net9.0/clickup.api.client.tests.dll" id="5e34e83a-50fc-5b2c-3593-fda1d4315bc6">
      <Execution id="8654a545-df1c-4776-a8fe-3d08ef9fda6c" />
      <TestMethod codeBase="/app/src/ClickUp.Api.Client.Tests/bin/Debug/net9.0/ClickUp.Api.Client.Tests.dll" adapterTypeName="executor://xunit/VsTestRunner2/netcoreapp" className="ClickUp.Api.Client.Tests.ServiceTests.TaskRelationshipsServiceTests" name="AddDependencyAsync_ApiConnectionThrowsTaskCanceledException_PropagatesException" />
    </UnitTest>
    <UnitTest name="ClickUp.Api.Client.Tests.ServiceTests.ListsServiceTests.GetFolderlessListsAsyncEnumerableAsync_WithArchivedTrue_BuildsCorrectUrl" storage="/app/src/clickup.api.client.tests/bin/debug/net9.0/clickup.api.client.tests.dll" id="c98cbe04-e496-ef3c-3fd0-70796bcf372d">
      <Execution id="08a2d6d7-3d86-4cad-8acd-c87ef711a2ad" />
      <TestMethod codeBase="/app/src/ClickUp.Api.Client.Tests/bin/Debug/net9.0/ClickUp.Api.Client.Tests.dll" adapterTypeName="executor://xunit/VsTestRunner2/netcoreapp" className="ClickUp.Api.Client.Tests.ServiceTests.ListsServiceTests" name="GetFolderlessListsAsyncEnumerableAsync_WithArchivedTrue_BuildsCorrectUrl" />
    </UnitTest>
    <UnitTest name="ClickUp.Api.Client.Tests.ServiceTests.ChatServiceTests.GetChatMessageTaggedUsersAsync_ValidRequest_BuildsUrlAndReturnsResponse" storage="/app/src/clickup.api.client.tests/bin/debug/net9.0/clickup.api.client.tests.dll" id="cf3f3ace-3121-9116-97fe-a26d5ed5c48e">
      <Execution id="9d39c31f-74c3-4dfb-9972-ede5bcf3ed54" />
      <TestMethod codeBase="/app/src/ClickUp.Api.Client.Tests/bin/Debug/net9.0/ClickUp.Api.Client.Tests.dll" adapterTypeName="executor://xunit/VsTestRunner2/netcoreapp" className="ClickUp.Api.Client.Tests.ServiceTests.ChatServiceTests" name="GetChatMessageTaggedUsersAsync_ValidRequest_BuildsUrlAndReturnsResponse" />
    </UnitTest>
    <UnitTest name="ClickUp.Api.Client.Tests.ServiceTests.ChatServiceTests.GetChatChannelMembersAsync_PassesCancellationTokenToApiConnection" storage="/app/src/clickup.api.client.tests/bin/debug/net9.0/clickup.api.client.tests.dll" id="20cfcaa7-17a2-21bf-4948-d30e73c0057d">
      <Execution id="cd8bc40f-fa19-4958-86a9-d24587f5867e" />
      <TestMethod codeBase="/app/src/ClickUp.Api.Client.Tests/bin/Debug/net9.0/ClickUp.Api.Client.Tests.dll" adapterTypeName="executor://xunit/VsTestRunner2/netcoreapp" className="ClickUp.Api.Client.Tests.ServiceTests.ChatServiceTests" name="GetChatChannelMembersAsync_PassesCancellationTokenToApiConnection" />
    </UnitTest>
    <UnitTest name="ClickUp.Api.Client.Tests.ServiceTests.GuestsServiceTests.RemoveGuestFromListAsync_PassesCancellationTokenToApiConnection" storage="/app/src/clickup.api.client.tests/bin/debug/net9.0/clickup.api.client.tests.dll" id="863ba840-d0c2-3b87-37ee-d6c2ae4bed7d">
      <Execution id="c1b34651-c4af-495c-993e-708732abd50a" />
      <TestMethod codeBase="/app/src/ClickUp.Api.Client.Tests/bin/Debug/net9.0/ClickUp.Api.Client.Tests.dll" adapterTypeName="executor://xunit/VsTestRunner2/netcoreapp" className="ClickUp.Api.Client.Tests.ServiceTests.GuestsServiceTests" name="RemoveGuestFromListAsync_PassesCancellationTokenToApiConnection" />
    </UnitTest>
    <UnitTest name="ClickUp.Api.Client.Tests.Models.Serialization.Converters.JsonStringOrNumberConverterTests.Write_WhenValueIsNull_ShouldWriteJsonNull" storage="/app/src/clickup.api.client.tests/bin/debug/net9.0/clickup.api.client.tests.dll" id="039440fb-ac2e-f86b-27ad-15c0a0322f0f">
      <Execution id="56a9c167-f4a0-4386-a509-7cf8fd1b5803" />
      <TestMethod codeBase="/app/src/ClickUp.Api.Client.Tests/bin/Debug/net9.0/ClickUp.Api.Client.Tests.dll" adapterTypeName="executor://xunit/VsTestRunner2/netcoreapp" className="ClickUp.Api.Client.Tests.Models.Serialization.Converters.JsonStringOrNumberConverterTests" name="Write_WhenValueIsNull_ShouldWriteJsonNull" />
    </UnitTest>
    <UnitTest name="ClickUp.Api.Client.Tests.ServiceTests.TaskServiceTests.GetFilteredTeamTasksAsyncEnumerable_ReturnsAllTasks_WhenSinglePage" storage="/app/src/clickup.api.client.tests/bin/debug/net9.0/clickup.api.client.tests.dll" id="ea2246a3-0287-0891-9a82-a77b59c13d14">
      <Execution id="221397a4-1c33-46b6-8d17-dc09ea2b6762" />
      <TestMethod codeBase="/app/src/ClickUp.Api.Client.Tests/bin/Debug/net9.0/ClickUp.Api.Client.Tests.dll" adapterTypeName="executor://xunit/VsTestRunner2/netcoreapp" className="ClickUp.Api.Client.Tests.ServiceTests.TaskServiceTests" name="GetFilteredTeamTasksAsyncEnumerable_ReturnsAllTasks_WhenSinglePage" />
    </UnitTest>
    <UnitTest name="ClickUp.Api.Client.Tests.ServiceTests.DocsServiceTests.EditPageAsync_ApiConnectionThrowsTaskCanceledException_PropagatesException" storage="/app/src/clickup.api.client.tests/bin/debug/net9.0/clickup.api.client.tests.dll" id="68579825-3ce7-f903-dde4-dce9eb6ac251">
      <Execution id="dd578667-8baf-4eaf-8078-a2eb6f6d8234" />
      <TestMethod codeBase="/app/src/ClickUp.Api.Client.Tests/bin/Debug/net9.0/ClickUp.Api.Client.Tests.dll" adapterTypeName="executor://xunit/VsTestRunner2/netcoreapp" className="ClickUp.Api.Client.Tests.ServiceTests.DocsServiceTests" name="EditPageAsync_ApiConnectionThrowsTaskCanceledException_PropagatesException" />
    </UnitTest>
    <UnitTest name="ClickUp.Api.Client.Tests.ServiceTests.CustomFieldsServiceTests.SetCustomFieldValueAsync_ApiConnectionThrowsTaskCanceledException_PropagatesException" storage="/app/src/clickup.api.client.tests/bin/debug/net9.0/clickup.api.client.tests.dll" id="0e24771a-d278-3b70-2819-b8f07c8eeffc">
      <Execution id="00408d7e-7461-49f2-a964-06d47a2e9ba1" />
      <TestMethod codeBase="/app/src/ClickUp.Api.Client.Tests/bin/Debug/net9.0/ClickUp.Api.Client.Tests.dll" adapterTypeName="executor://xunit/VsTestRunner2/netcoreapp" className="ClickUp.Api.Client.Tests.ServiceTests.CustomFieldsServiceTests" name="SetCustomFieldValueAsync_ApiConnectionThrowsTaskCanceledException_PropagatesException" />
    </UnitTest>
    <UnitTest name="ClickUp.Api.Client.Tests.ServiceTests.FoldersServiceTests.GetFoldersAsync_ApiReturnsEmptyList_ReturnsEmptyEnumerable" storage="/app/src/clickup.api.client.tests/bin/debug/net9.0/clickup.api.client.tests.dll" id="c7dd5536-1bf2-3d6d-6f68-304b45ba7805">
      <Execution id="e63be0e1-36bb-401e-9779-f9e1c64d3499" />
      <TestMethod codeBase="/app/src/ClickUp.Api.Client.Tests/bin/Debug/net9.0/ClickUp.Api.Client.Tests.dll" adapterTypeName="executor://xunit/VsTestRunner2/netcoreapp" className="ClickUp.Api.Client.Tests.ServiceTests.FoldersServiceTests" name="GetFoldersAsync_ApiReturnsEmptyList_ReturnsEmptyEnumerable" />
    </UnitTest>
    <UnitTest name="ClickUp.Api.Client.Tests.ServiceTests.WebhooksServiceTests.UpdateWebhookAsync_ApiReturnsNullResponse_ThrowsInvalidOperationException" storage="/app/src/clickup.api.client.tests/bin/debug/net9.0/clickup.api.client.tests.dll" id="e4cf8b68-6be1-c844-c90f-3cfa2745ffe1">
      <Execution id="32076c4c-f9b4-4b3f-b679-c87b092b453f" />
      <TestMethod codeBase="/app/src/ClickUp.Api.Client.Tests/bin/Debug/net9.0/ClickUp.Api.Client.Tests.dll" adapterTypeName="executor://xunit/VsTestRunner2/netcoreapp" className="ClickUp.Api.Client.Tests.ServiceTests.WebhooksServiceTests" name="UpdateWebhookAsync_ApiReturnsNullResponse_ThrowsInvalidOperationException" />
    </UnitTest>
    <UnitTest name="ClickUp.Api.Client.Tests.ServiceTests.AuthorizationServiceTests.GetAccessTokenAsync_ApiConnectionReturnsNull_ReturnsNull" storage="/app/src/clickup.api.client.tests/bin/debug/net9.0/clickup.api.client.tests.dll" id="6c39e4a4-4987-60d6-4adb-08817185965c">
      <Execution id="e47a4d47-553d-4cae-9163-c5c5d748255d" />
      <TestMethod codeBase="/app/src/ClickUp.Api.Client.Tests/bin/Debug/net9.0/ClickUp.Api.Client.Tests.dll" adapterTypeName="executor://xunit/VsTestRunner2/netcoreapp" className="ClickUp.Api.Client.Tests.ServiceTests.AuthorizationServiceTests" name="GetAccessTokenAsync_ApiConnectionReturnsNull_ReturnsNull" />
    </UnitTest>
    <UnitTest name="ClickUp.Api.Client.Tests.ServiceTests.DocsServiceTests.SearchAllDocsAsync_NoResults_ReturnsEmpty" storage="/app/src/clickup.api.client.tests/bin/debug/net9.0/clickup.api.client.tests.dll" id="87f69b82-785e-11d4-2d64-b9fd1097a0f3">
      <Execution id="29c5d56e-54dd-40a0-9892-940b77220d38" />
      <TestMethod codeBase="/app/src/ClickUp.Api.Client.Tests/bin/Debug/net9.0/ClickUp.Api.Client.Tests.dll" adapterTypeName="executor://xunit/VsTestRunner2/netcoreapp" className="ClickUp.Api.Client.Tests.ServiceTests.DocsServiceTests" name="SearchAllDocsAsync_NoResults_ReturnsEmpty" />
    </UnitTest>
    <UnitTest name="ClickUp.Api.Client.Tests.ServiceTests.ListsServiceTests.GetListsInFolderAsync_ApiReturnsNullResponse_ReturnsEmptyEnumerable" storage="/app/src/clickup.api.client.tests/bin/debug/net9.0/clickup.api.client.tests.dll" id="5a736385-92f4-596a-42c3-9ac76ed35208">
      <Execution id="4b770b1d-f6dc-4c3a-af8a-f22d05944182" />
      <TestMethod codeBase="/app/src/ClickUp.Api.Client.Tests/bin/Debug/net9.0/ClickUp.Api.Client.Tests.dll" adapterTypeName="executor://xunit/VsTestRunner2/netcoreapp" className="ClickUp.Api.Client.Tests.ServiceTests.ListsServiceTests" name="GetListsInFolderAsync_ApiReturnsNullResponse_ReturnsEmptyEnumerable" />
    </UnitTest>
    <UnitTest name="ClickUp.Api.Client.Tests.ServiceTests.UserGroupServiceTests.CreateUserGroupAsync_ApiConnectionThrowsTaskCanceledException_PropagatesException" storage="/app/src/clickup.api.client.tests/bin/debug/net9.0/clickup.api.client.tests.dll" id="a923348b-98da-86ae-cc3f-ba8c703bfc34">
      <Execution id="7fd93f28-669d-4c05-8d51-dc639708480c" />
      <TestMethod codeBase="/app/src/ClickUp.Api.Client.Tests/bin/Debug/net9.0/ClickUp.Api.Client.Tests.dll" adapterTypeName="executor://xunit/VsTestRunner2/netcoreapp" className="ClickUp.Api.Client.Tests.ServiceTests.UserGroupServiceTests" name="CreateUserGroupAsync_ApiConnectionThrowsTaskCanceledException_PropagatesException" />
    </UnitTest>
    <UnitTest name="ClickUp.Api.Client.Tests.ServiceTests.TimeTrackingServiceTests.GetRunningTimeEntryAsync_WhenNoTimerIsRunning_ReturnsNull" storage="/app/src/clickup.api.client.tests/bin/debug/net9.0/clickup.api.client.tests.dll" id="fa2e88d1-6b70-064f-28da-ce56fe3bc31b">
      <Execution id="2c7dc518-5732-4875-82c3-03b44c5ced8a" />
      <TestMethod codeBase="/app/src/ClickUp.Api.Client.Tests/bin/Debug/net9.0/ClickUp.Api.Client.Tests.dll" adapterTypeName="executor://xunit/VsTestRunner2/netcoreapp" className="ClickUp.Api.Client.Tests.ServiceTests.TimeTrackingServiceTests" name="GetRunningTimeEntryAsync_WhenNoTimerIsRunning_ReturnsNull" />
    </UnitTest>
    <UnitTest name="ClickUp.Api.Client.Tests.ServiceTests.ListsServiceTests.AddTaskToListAsync_PassesCancellationTokenToApiConnection" storage="/app/src/clickup.api.client.tests/bin/debug/net9.0/clickup.api.client.tests.dll" id="f48b6f9b-b0cd-e131-ab52-256dec0f6231">
      <Execution id="08e441e3-ddf8-4fc8-a63f-6b5738d90f3a" />
      <TestMethod codeBase="/app/src/ClickUp.Api.Client.Tests/bin/Debug/net9.0/ClickUp.Api.Client.Tests.dll" adapterTypeName="executor://xunit/VsTestRunner2/netcoreapp" className="ClickUp.Api.Client.Tests.ServiceTests.ListsServiceTests" name="AddTaskToListAsync_PassesCancellationTokenToApiConnection" />
    </UnitTest>
    <UnitTest name="ClickUp.Api.Client.Tests.ServiceTests.ListsServiceTests.CreateListFromTemplateInFolderAsync_ApiReturnsNullResponse_ThrowsInvalidOperationException" storage="/app/src/clickup.api.client.tests/bin/debug/net9.0/clickup.api.client.tests.dll" id="89f0d8dc-79be-9fdc-e94a-1be6d60f6415">
      <Execution id="18cae0fc-1b37-4f54-b280-d3706035893d" />
      <TestMethod codeBase="/app/src/ClickUp.Api.Client.Tests/bin/Debug/net9.0/ClickUp.Api.Client.Tests.dll" adapterTypeName="executor://xunit/VsTestRunner2/netcoreapp" className="ClickUp.Api.Client.Tests.ServiceTests.ListsServiceTests" name="CreateListFromTemplateInFolderAsync_ApiReturnsNullResponse_ThrowsInvalidOperationException" />
    </UnitTest>
    <UnitTest name="ClickUp.Api.Client.Tests.ServiceTests.ChatServiceTests.GetChatMessageReactionsAsync_ApiError_ThrowsHttpRequestException" storage="/app/src/clickup.api.client.tests/bin/debug/net9.0/clickup.api.client.tests.dll" id="10d6ca3f-1b9d-a635-ebd2-3e7bab601eee">
      <Execution id="9aa98ec6-2a84-47d4-98d1-fc9017c1b8f2" />
      <TestMethod codeBase="/app/src/ClickUp.Api.Client.Tests/bin/Debug/net9.0/ClickUp.Api.Client.Tests.dll" adapterTypeName="executor://xunit/VsTestRunner2/netcoreapp" className="ClickUp.Api.Client.Tests.ServiceTests.ChatServiceTests" name="GetChatMessageReactionsAsync_ApiError_ThrowsHttpRequestException" />
    </UnitTest>
    <UnitTest name="ClickUp.Api.Client.Tests.ServiceTests.CommentServiceTests.UpdateCommentAsync_PassesCancellationTokenToApiConnection" storage="/app/src/clickup.api.client.tests/bin/debug/net9.0/clickup.api.client.tests.dll" id="10d3ef1e-8924-2082-95c4-3c39faea2647">
      <Execution id="a63c8d73-5c54-42ac-9db7-a5650315e852" />
      <TestMethod codeBase="/app/src/ClickUp.Api.Client.Tests/bin/Debug/net9.0/ClickUp.Api.Client.Tests.dll" adapterTypeName="executor://xunit/VsTestRunner2/netcoreapp" className="ClickUp.Api.Client.Tests.ServiceTests.CommentServiceTests" name="UpdateCommentAsync_PassesCancellationTokenToApiConnection" />
    </UnitTest>
    <UnitTest name="ClickUp.Api.Client.Tests.ServiceTests.ListsServiceTests.GetListsInFolderAsync_ValidFolderId_ReturnsLists" storage="/app/src/clickup.api.client.tests/bin/debug/net9.0/clickup.api.client.tests.dll" id="bf10d8c3-c00d-cc29-13e7-658749b7f0ea">
      <Execution id="b60b85f2-0fa6-4855-8128-046f330d6607" />
      <TestMethod codeBase="/app/src/ClickUp.Api.Client.Tests/bin/Debug/net9.0/ClickUp.Api.Client.Tests.dll" adapterTypeName="executor://xunit/VsTestRunner2/netcoreapp" className="ClickUp.Api.Client.Tests.ServiceTests.ListsServiceTests" name="GetListsInFolderAsync_ValidFolderId_ReturnsLists" />
    </UnitTest>
    <UnitTest name="ClickUp.Api.Client.Tests.ServiceTests.ChatServiceTests.CreateReplyMessageAsync_ApiConnectionThrowsTaskCanceledException_PropagatesException" storage="/app/src/clickup.api.client.tests/bin/debug/net9.0/clickup.api.client.tests.dll" id="7f903fd8-7c94-6024-9ea6-9245d052b5b8">
      <Execution id="a1edea1f-8e88-496f-a044-fdea0478133a" />
      <TestMethod codeBase="/app/src/ClickUp.Api.Client.Tests/bin/Debug/net9.0/ClickUp.Api.Client.Tests.dll" adapterTypeName="executor://xunit/VsTestRunner2/netcoreapp" className="ClickUp.Api.Client.Tests.ServiceTests.ChatServiceTests" name="CreateReplyMessageAsync_ApiConnectionThrowsTaskCanceledException_PropagatesException" />
    </UnitTest>
    <UnitTest name="ClickUp.Api.Client.Tests.ServiceTests.ChatServiceTests.CreateChatMessageAsync_PassesCancellationTokenToApiConnection" storage="/app/src/clickup.api.client.tests/bin/debug/net9.0/clickup.api.client.tests.dll" id="0823628a-7c09-b726-d13c-9b0734623f88">
      <Execution id="a84ca428-37ea-4926-bc4f-7b58f77e4d6f" />
      <TestMethod codeBase="/app/src/ClickUp.Api.Client.Tests/bin/Debug/net9.0/ClickUp.Api.Client.Tests.dll" adapterTypeName="executor://xunit/VsTestRunner2/netcoreapp" className="ClickUp.Api.Client.Tests.ServiceTests.ChatServiceTests" name="CreateChatMessageAsync_PassesCancellationTokenToApiConnection" />
    </UnitTest>
    <UnitTest name="ClickUp.Api.Client.Tests.ServiceTests.CustomFieldsServiceTests.GetWorkspaceCustomFieldsAsync_ValidWorkspaceId_BuildsCorrectUrlAndReturnsFields" storage="/app/src/clickup.api.client.tests/bin/debug/net9.0/clickup.api.client.tests.dll" id="15827c38-4a1c-e443-5328-13c7405bb0ff">
      <Execution id="1f7869dd-3ece-4ed7-95ba-adb56a1dc5b9" />
      <TestMethod codeBase="/app/src/ClickUp.Api.Client.Tests/bin/Debug/net9.0/ClickUp.Api.Client.Tests.dll" adapterTypeName="executor://xunit/VsTestRunner2/netcoreapp" className="ClickUp.Api.Client.Tests.ServiceTests.CustomFieldsServiceTests" name="GetWorkspaceCustomFieldsAsync_ValidWorkspaceId_BuildsCorrectUrlAndReturnsFields" />
    </UnitTest>
    <UnitTest name="ClickUp.Api.Client.Tests.ServiceTests.GoalsServiceTests.GetGoalsAsync_PassesCancellationTokenToApiConnection" storage="/app/src/clickup.api.client.tests/bin/debug/net9.0/clickup.api.client.tests.dll" id="145ef69e-0c68-7865-489b-334a0ea4afb1">
      <Execution id="a1a52010-61f2-4678-a96d-8fdba7bc4a70" />
      <TestMethod codeBase="/app/src/ClickUp.Api.Client.Tests/bin/Debug/net9.0/ClickUp.Api.Client.Tests.dll" adapterTypeName="executor://xunit/VsTestRunner2/netcoreapp" className="ClickUp.Api.Client.Tests.ServiceTests.GoalsServiceTests" name="GetGoalsAsync_PassesCancellationTokenToApiConnection" />
    </UnitTest>
    <UnitTest name="ClickUp.Api.Client.Tests.ServiceTests.CommentServiceTests.GetChatViewCommentsAsync_ApiConnectionThrowsTaskCanceledException_PropagatesException" storage="/app/src/clickup.api.client.tests/bin/debug/net9.0/clickup.api.client.tests.dll" id="43d3aa7c-9de4-afce-d05b-93acd6576746">
      <Execution id="a2cfa786-d6dc-4f9d-9d19-aa7876da55a1" />
      <TestMethod codeBase="/app/src/ClickUp.Api.Client.Tests/bin/Debug/net9.0/ClickUp.Api.Client.Tests.dll" adapterTypeName="executor://xunit/VsTestRunner2/netcoreapp" className="ClickUp.Api.Client.Tests.ServiceTests.CommentServiceTests" name="GetChatViewCommentsAsync_ApiConnectionThrowsTaskCanceledException_PropagatesException" />
    </UnitTest>
    <UnitTest name="ClickUp.Api.Client.Tests.ServiceTests.TaskChecklistsServiceTests.CreateChecklistAsync_WithCustomTaskIdsAndTeamId_BuildsCorrectUrl" storage="/app/src/clickup.api.client.tests/bin/debug/net9.0/clickup.api.client.tests.dll" id="d54acfad-117b-dd2a-e0a9-e4f44eefcede">
      <Execution id="ccb8993b-35d7-4fac-aedf-454e5a58a20b" />
      <TestMethod codeBase="/app/src/ClickUp.Api.Client.Tests/bin/Debug/net9.0/ClickUp.Api.Client.Tests.dll" adapterTypeName="executor://xunit/VsTestRunner2/netcoreapp" className="ClickUp.Api.Client.Tests.ServiceTests.TaskChecklistsServiceTests" name="CreateChecklistAsync_WithCustomTaskIdsAndTeamId_BuildsCorrectUrl" />
    </UnitTest>
    <UnitTest name="ClickUp.Api.Client.Tests.ServiceTests.CustomFieldsServiceTests.GetSpaceCustomFieldsAsync_NullResponse_ReturnsEmptyList" storage="/app/src/clickup.api.client.tests/bin/debug/net9.0/clickup.api.client.tests.dll" id="06b04cbf-1fd5-d32f-d8f4-8b71f410d28d">
      <Execution id="74c44c96-00e6-44eb-9913-27d59f53220e" />
      <TestMethod codeBase="/app/src/ClickUp.Api.Client.Tests/bin/Debug/net9.0/ClickUp.Api.Client.Tests.dll" adapterTypeName="executor://xunit/VsTestRunner2/netcoreapp" className="ClickUp.Api.Client.Tests.ServiceTests.CustomFieldsServiceTests" name="GetSpaceCustomFieldsAsync_NullResponse_ReturnsEmptyList" />
    </UnitTest>
    <UnitTest name="ClickUp.Api.Client.Tests.ServiceTests.TaskChecklistsServiceTests.CreateChecklistItemAsync_ApiConnectionThrowsTaskCanceledException_PropagatesException" storage="/app/src/clickup.api.client.tests/bin/debug/net9.0/clickup.api.client.tests.dll" id="a27c1579-1f50-a3d6-b5ce-a40bc3aa10aa">
      <Execution id="ad578a4a-9a8f-4b8d-a75a-c9bd4079fdf1" />
      <TestMethod codeBase="/app/src/ClickUp.Api.Client.Tests/bin/Debug/net9.0/ClickUp.Api.Client.Tests.dll" adapterTypeName="executor://xunit/VsTestRunner2/netcoreapp" className="ClickUp.Api.Client.Tests.ServiceTests.TaskChecklistsServiceTests" name="CreateChecklistItemAsync_ApiConnectionThrowsTaskCanceledException_PropagatesException" />
    </UnitTest>
    <UnitTest name="ClickUp.Api.Client.Tests.ServiceTests.AuthorizationServiceTests.GetAccessTokenAsync_PassesCancellationTokenToApiConnection" storage="/app/src/clickup.api.client.tests/bin/debug/net9.0/clickup.api.client.tests.dll" id="da9a57dd-02b1-7ed0-bb08-dd7075b8d182">
      <Execution id="503d215f-a2e6-46c3-bb9d-6a743cddbc38" />
      <TestMethod codeBase="/app/src/ClickUp.Api.Client.Tests/bin/Debug/net9.0/ClickUp.Api.Client.Tests.dll" adapterTypeName="executor://xunit/VsTestRunner2/netcoreapp" className="ClickUp.Api.Client.Tests.ServiceTests.AuthorizationServiceTests" name="GetAccessTokenAsync_PassesCancellationTokenToApiConnection" />
    </UnitTest>
    <UnitTest name="ClickUp.Api.Client.Tests.ServiceTests.TaskServiceTests.GetFilteredTeamTasksAsync_WithSomeNewAndSomeOldParameters_BuildsCorrectEndpoint" storage="/app/src/clickup.api.client.tests/bin/debug/net9.0/clickup.api.client.tests.dll" id="277d3a09-41e9-41a2-8ab6-5a336e9e33fe">
      <Execution id="92e76276-f73d-4429-9c58-19f8abb5fd6a" />
      <TestMethod codeBase="/app/src/ClickUp.Api.Client.Tests/bin/Debug/net9.0/ClickUp.Api.Client.Tests.dll" adapterTypeName="executor://xunit/VsTestRunner2/netcoreapp" className="ClickUp.Api.Client.Tests.ServiceTests.TaskServiceTests" name="GetFilteredTeamTasksAsync_WithSomeNewAndSomeOldParameters_BuildsCorrectEndpoint" />
    </UnitTest>
    <UnitTest name="ClickUp.Api.Client.Tests.ServiceTests.GuestsServiceTests.AddGuestToTaskAsync_NullResponseData_ThrowsInvalidOperationException" storage="/app/src/clickup.api.client.tests/bin/debug/net9.0/clickup.api.client.tests.dll" id="bae66f04-674d-5778-f225-eefd270ffbe9">
      <Execution id="24212926-bd13-4536-9a2c-49b3e9a7c216" />
      <TestMethod codeBase="/app/src/ClickUp.Api.Client.Tests/bin/Debug/net9.0/ClickUp.Api.Client.Tests.dll" adapterTypeName="executor://xunit/VsTestRunner2/netcoreapp" className="ClickUp.Api.Client.Tests.ServiceTests.GuestsServiceTests" name="AddGuestToTaskAsync_NullResponseData_ThrowsInvalidOperationException" />
    </UnitTest>
    <UnitTest name="ClickUp.Api.Client.Tests.ServiceTests.TaskChecklistsServiceTests.CreateChecklistAsync_PassesCancellationTokenToApiConnection" storage="/app/src/clickup.api.client.tests/bin/debug/net9.0/clickup.api.client.tests.dll" id="2b484fed-800e-eefb-c232-611caa07952d">
      <Execution id="b598386d-0342-4fec-817a-fb5a44691d16" />
      <TestMethod codeBase="/app/src/ClickUp.Api.Client.Tests/bin/Debug/net9.0/ClickUp.Api.Client.Tests.dll" adapterTypeName="executor://xunit/VsTestRunner2/netcoreapp" className="ClickUp.Api.Client.Tests.ServiceTests.TaskChecklistsServiceTests" name="CreateChecklistAsync_PassesCancellationTokenToApiConnection" />
    </UnitTest>
    <UnitTest name="ClickUp.Api.Client.Tests.Http.ApiConnectionTests.GetAsync_ThrowsClickUpApiRateLimitException_ForTooManyRequests_NoRetryAfterHeader" storage="/app/src/clickup.api.client.tests/bin/debug/net9.0/clickup.api.client.tests.dll" id="d74a0847-3fd5-d904-c7af-363717dfd5a4">
      <Execution id="afc97616-9dac-4611-b8e5-1cd82ad8b5e9" />
      <TestMethod codeBase="/app/src/ClickUp.Api.Client.Tests/bin/Debug/net9.0/ClickUp.Api.Client.Tests.dll" adapterTypeName="executor://xunit/VsTestRunner2/netcoreapp" className="ClickUp.Api.Client.Tests.Http.ApiConnectionTests" name="GetAsync_ThrowsClickUpApiRateLimitException_ForTooManyRequests_NoRetryAfterHeader" />
    </UnitTest>
    <UnitTest name="ClickUp.Api.Client.Tests.ServiceTests.GuestsServiceTests.RemoveGuestFromWorkspaceAsync_ValidIds_CallsDelete" storage="/app/src/clickup.api.client.tests/bin/debug/net9.0/clickup.api.client.tests.dll" id="8c3af055-720f-3152-0354-855afd66a7ec">
      <Execution id="92cb54a6-2235-44c2-af35-fea8fe52f2f9" />
      <TestMethod codeBase="/app/src/ClickUp.Api.Client.Tests/bin/Debug/net9.0/ClickUp.Api.Client.Tests.dll" adapterTypeName="executor://xunit/VsTestRunner2/netcoreapp" className="ClickUp.Api.Client.Tests.ServiceTests.GuestsServiceTests" name="RemoveGuestFromWorkspaceAsync_ValidIds_CallsDelete" />
    </UnitTest>
    <UnitTest name="ClickUp.Api.Client.Tests.ServiceTests.TimeTrackingServiceTests.GetTimeEntriesAsync_ApiConnectionThrowsHttpRequestException_PropagatesException" storage="/app/src/clickup.api.client.tests/bin/debug/net9.0/clickup.api.client.tests.dll" id="bb345544-bfb8-1b01-5339-f2605a9da222">
      <Execution id="ce9b1aa6-5e35-4bed-9b0a-fc9bc4ff7fe1" />
      <TestMethod codeBase="/app/src/ClickUp.Api.Client.Tests/bin/Debug/net9.0/ClickUp.Api.Client.Tests.dll" adapterTypeName="executor://xunit/VsTestRunner2/netcoreapp" className="ClickUp.Api.Client.Tests.ServiceTests.TimeTrackingServiceTests" name="GetTimeEntriesAsync_ApiConnectionThrowsHttpRequestException_PropagatesException" />
    </UnitTest>
    <UnitTest name="ClickUp.Api.Client.Tests.ServiceTests.TaskServiceTests.GetFilteredTeamTasksAsync_PassesCancellationTokenToApiConnection" storage="/app/src/clickup.api.client.tests/bin/debug/net9.0/clickup.api.client.tests.dll" id="42a07047-804b-3c03-19b8-b3db03190b07">
      <Execution id="9c406d1f-4e51-4864-8902-16372a3e5a36" />
      <TestMethod codeBase="/app/src/ClickUp.Api.Client.Tests/bin/Debug/net9.0/ClickUp.Api.Client.Tests.dll" adapterTypeName="executor://xunit/VsTestRunner2/netcoreapp" className="ClickUp.Api.Client.Tests.ServiceTests.TaskServiceTests" name="GetFilteredTeamTasksAsync_PassesCancellationTokenToApiConnection" />
    </UnitTest>
    <UnitTest name="ClickUp.Api.Client.Tests.ServiceTests.TaskRelationshipsServiceTests.AddTaskLinkAsync_ApiReturnsNullResponse_ReturnsNull" storage="/app/src/clickup.api.client.tests/bin/debug/net9.0/clickup.api.client.tests.dll" id="1333ae30-e539-8125-0fa9-c7d494b55731">
      <Execution id="ebcfaadf-85ff-413a-9460-0e07c2b087c1" />
      <TestMethod codeBase="/app/src/ClickUp.Api.Client.Tests/bin/Debug/net9.0/ClickUp.Api.Client.Tests.dll" adapterTypeName="executor://xunit/VsTestRunner2/netcoreapp" className="ClickUp.Api.Client.Tests.ServiceTests.TaskRelationshipsServiceTests" name="AddTaskLinkAsync_ApiReturnsNullResponse_ReturnsNull" />
    </UnitTest>
    <UnitTest name="ClickUp.Api.Client.Tests.ServiceTests.TaskRelationshipsServiceTests.DeleteDependencyAsync_ApiConnectionThrowsHttpRequestException_PropagatesException" storage="/app/src/clickup.api.client.tests/bin/debug/net9.0/clickup.api.client.tests.dll" id="de5d3632-269c-15fc-64aa-2fff5984de26">
      <Execution id="165f9730-d775-486d-ba35-12e8c0607bdc" />
      <TestMethod codeBase="/app/src/ClickUp.Api.Client.Tests/bin/Debug/net9.0/ClickUp.Api.Client.Tests.dll" adapterTypeName="executor://xunit/VsTestRunner2/netcoreapp" className="ClickUp.Api.Client.Tests.ServiceTests.TaskRelationshipsServiceTests" name="DeleteDependencyAsync_ApiConnectionThrowsHttpRequestException_PropagatesException" />
    </UnitTest>
    <UnitTest name="ClickUp.Api.Client.Tests.ServiceTests.GoalsServiceTests.GetGoalsAsync_ApiReturnsNullResponse_ThrowsInvalidOperationException" storage="/app/src/clickup.api.client.tests/bin/debug/net9.0/clickup.api.client.tests.dll" id="b2a10411-83ed-06ca-063e-eb5f07ad9002">
      <Execution id="60b56c27-3cd4-41c0-811c-f1adb1e699b0" />
      <TestMethod codeBase="/app/src/ClickUp.Api.Client.Tests/bin/Debug/net9.0/ClickUp.Api.Client.Tests.dll" adapterTypeName="executor://xunit/VsTestRunner2/netcoreapp" className="ClickUp.Api.Client.Tests.ServiceTests.GoalsServiceTests" name="GetGoalsAsync_ApiReturnsNullResponse_ThrowsInvalidOperationException" />
    </UnitTest>
    <UnitTest name="ClickUp.Api.Client.Tests.ServiceTests.UsersServiceTests.EditUserOnWorkspaceAsync_ApiReturnsResponseWithNullUserInMember_ThrowsInvalidOperationException" storage="/app/src/clickup.api.client.tests/bin/debug/net9.0/clickup.api.client.tests.dll" id="7d06bb65-bc90-8430-d9f8-34b0ee050fa3">
      <Execution id="2273c842-75a3-4214-80cd-2818cdc3c15b" />
      <TestMethod codeBase="/app/src/ClickUp.Api.Client.Tests/bin/Debug/net9.0/ClickUp.Api.Client.Tests.dll" adapterTypeName="executor://xunit/VsTestRunner2/netcoreapp" className="ClickUp.Api.Client.Tests.ServiceTests.UsersServiceTests" name="EditUserOnWorkspaceAsync_ApiReturnsResponseWithNullUserInMember_ThrowsInvalidOperationException" />
    </UnitTest>
    <UnitTest name="ClickUp.Api.Client.Tests.ServiceTests.DocsServiceTests.GetDocAsync_ApiError_ThrowsHttpRequestException" storage="/app/src/clickup.api.client.tests/bin/debug/net9.0/clickup.api.client.tests.dll" id="94d721c8-ee4e-319c-2167-6beaaf83b935">
      <Execution id="7834267b-6737-4746-957c-be833b26e83e" />
      <TestMethod codeBase="/app/src/ClickUp.Api.Client.Tests/bin/Debug/net9.0/ClickUp.Api.Client.Tests.dll" adapterTypeName="executor://xunit/VsTestRunner2/netcoreapp" className="ClickUp.Api.Client.Tests.ServiceTests.DocsServiceTests" name="GetDocAsync_ApiError_ThrowsHttpRequestException" />
    </UnitTest>
    <UnitTest name="ClickUp.Api.Client.Tests.ServiceTests.TagsServiceTests.RemoveTagFromTaskAsync_PassesCancellationTokenToApiConnection" storage="/app/src/clickup.api.client.tests/bin/debug/net9.0/clickup.api.client.tests.dll" id="20034fd8-e7e6-9f59-86b8-581519456825">
      <Execution id="0a79a6bc-2155-4235-a69b-e4e1c6e55917" />
      <TestMethod codeBase="/app/src/ClickUp.Api.Client.Tests/bin/Debug/net9.0/ClickUp.Api.Client.Tests.dll" adapterTypeName="executor://xunit/VsTestRunner2/netcoreapp" className="ClickUp.Api.Client.Tests.ServiceTests.TagsServiceTests" name="RemoveTagFromTaskAsync_PassesCancellationTokenToApiConnection" />
    </UnitTest>
    <UnitTest name="ClickUp.Api.Client.Tests.Models.Common.MemberTests.Member_ShouldSerializeCorrectly_WhenAllPropertiesAreSet" storage="/app/src/clickup.api.client.tests/bin/debug/net9.0/clickup.api.client.tests.dll" id="7d593b95-9e68-62ca-7a26-9c22a24ac56d">
      <Execution id="3e34b9f7-256c-47bf-9dff-beb10b572d90" />
      <TestMethod codeBase="/app/src/ClickUp.Api.Client.Tests/bin/Debug/net9.0/ClickUp.Api.Client.Tests.dll" adapterTypeName="executor://xunit/VsTestRunner2/netcoreapp" className="ClickUp.Api.Client.Tests.Models.Common.MemberTests" name="Member_ShouldSerializeCorrectly_WhenAllPropertiesAreSet" />
    </UnitTest>
    <UnitTest name="ClickUp.Api.Client.Tests.ServiceTests.ViewsServiceTests.GetListViewsAsync_ValidListId_ReturnsViews" storage="/app/src/clickup.api.client.tests/bin/debug/net9.0/clickup.api.client.tests.dll" id="69b770dc-77c1-875c-bfd5-2824b2a4de2c">
      <Execution id="a7ff15fa-1616-4926-b1e8-3770b29d0ed8" />
      <TestMethod codeBase="/app/src/ClickUp.Api.Client.Tests/bin/Debug/net9.0/ClickUp.Api.Client.Tests.dll" adapterTypeName="executor://xunit/VsTestRunner2/netcoreapp" className="ClickUp.Api.Client.Tests.ServiceTests.ViewsServiceTests" name="GetListViewsAsync_ValidListId_ReturnsViews" />
    </UnitTest>
    <UnitTest name="ClickUp.Api.Client.Tests.ServiceTests.TimeTrackingServiceTests.GetTimeEntriesAsyncEnumerableAsync_ApiReturnsResponseWithNullData_StopsIteration" storage="/app/src/clickup.api.client.tests/bin/debug/net9.0/clickup.api.client.tests.dll" id="2c39881f-acfd-7524-f80d-ba4ce6031720">
      <Execution id="8d6ddc1b-6fab-4d81-af27-5763e645a4ab" />
      <TestMethod codeBase="/app/src/ClickUp.Api.Client.Tests/bin/Debug/net9.0/ClickUp.Api.Client.Tests.dll" adapterTypeName="executor://xunit/VsTestRunner2/netcoreapp" className="ClickUp.Api.Client.Tests.ServiceTests.TimeTrackingServiceTests" name="GetTimeEntriesAsyncEnumerableAsync_ApiReturnsResponseWithNullData_StopsIteration" />
    </UnitTest>
    <UnitTest name="ClickUp.Api.Client.Tests.ServiceTests.GuestsServiceTests.EditGuestOnWorkspaceAsync_ValidRequest_CallsPutAndReturnsGuest" storage="/app/src/clickup.api.client.tests/bin/debug/net9.0/clickup.api.client.tests.dll" id="a08932a6-9369-c308-ac78-803254710165">
      <Execution id="3a726a7a-5cc2-488e-8dd5-9d890a88f9f0" />
      <TestMethod codeBase="/app/src/ClickUp.Api.Client.Tests/bin/Debug/net9.0/ClickUp.Api.Client.Tests.dll" adapterTypeName="executor://xunit/VsTestRunner2/netcoreapp" className="ClickUp.Api.Client.Tests.ServiceTests.GuestsServiceTests" name="EditGuestOnWorkspaceAsync_ValidRequest_CallsPutAndReturnsGuest" />
    </UnitTest>
    <UnitTest name="ClickUp.Api.Client.Tests.ServiceTests.CustomFieldsServiceTests.GetSpaceCustomFieldsAsync_ApiError_ThrowsHttpRequestException" storage="/app/src/clickup.api.client.tests/bin/debug/net9.0/clickup.api.client.tests.dll" id="d18af540-e4d6-a005-bdec-72a24b34a0e1">
      <Execution id="643af7af-f7c0-4f05-a7a0-6137a851ab17" />
      <TestMethod codeBase="/app/src/ClickUp.Api.Client.Tests/bin/Debug/net9.0/ClickUp.Api.Client.Tests.dll" adapterTypeName="executor://xunit/VsTestRunner2/netcoreapp" className="ClickUp.Api.Client.Tests.ServiceTests.CustomFieldsServiceTests" name="GetSpaceCustomFieldsAsync_ApiError_ThrowsHttpRequestException" />
    </UnitTest>
    <UnitTest name="ClickUp.Api.Client.Tests.ServiceTests.GuestsServiceTests.AddGuestToListAsync_ApiConnectionThrowsTaskCanceledException_PropagatesException" storage="/app/src/clickup.api.client.tests/bin/debug/net9.0/clickup.api.client.tests.dll" id="edd30935-2f6e-0a0e-28f0-afa501a88ab0">
      <Execution id="d2cce58a-e8d7-4c6b-be14-0a61c9638e60" />
      <TestMethod codeBase="/app/src/ClickUp.Api.Client.Tests/bin/Debug/net9.0/ClickUp.Api.Client.Tests.dll" adapterTypeName="executor://xunit/VsTestRunner2/netcoreapp" className="ClickUp.Api.Client.Tests.ServiceTests.GuestsServiceTests" name="AddGuestToListAsync_ApiConnectionThrowsTaskCanceledException_PropagatesException" />
    </UnitTest>
    <UnitTest name="ClickUp.Api.Client.Tests.ServiceTests.TaskServiceTests.GetFilteredTeamTasksAsync_NullWorkspaceId_ThrowsArgumentNullException" storage="/app/src/clickup.api.client.tests/bin/debug/net9.0/clickup.api.client.tests.dll" id="f447d02b-c52c-cc92-7a2b-d7f4be1d6131">
      <Execution id="b5232b7f-92df-4634-b538-f1e7607933d7" />
      <TestMethod codeBase="/app/src/ClickUp.Api.Client.Tests/bin/Debug/net9.0/ClickUp.Api.Client.Tests.dll" adapterTypeName="executor://xunit/VsTestRunner2/netcoreapp" className="ClickUp.Api.Client.Tests.ServiceTests.TaskServiceTests" name="GetFilteredTeamTasksAsync_NullWorkspaceId_ThrowsArgumentNullException" />
    </UnitTest>
    <UnitTest name="ClickUp.Api.Client.Tests.ServiceTests.UsersServiceTests.EditUserOnWorkspaceAsync_ApiReturnsNullResponse_ThrowsInvalidOperationException" storage="/app/src/clickup.api.client.tests/bin/debug/net9.0/clickup.api.client.tests.dll" id="09b274a7-e78e-6020-a04b-64c57df859ed">
      <Execution id="7e2cd9ac-e9dd-4c6f-9854-f9521ea3e457" />
      <TestMethod codeBase="/app/src/ClickUp.Api.Client.Tests/bin/Debug/net9.0/ClickUp.Api.Client.Tests.dll" adapterTypeName="executor://xunit/VsTestRunner2/netcoreapp" className="ClickUp.Api.Client.Tests.ServiceTests.UsersServiceTests" name="EditUserOnWorkspaceAsync_ApiReturnsNullResponse_ThrowsInvalidOperationException" />
    </UnitTest>
    <UnitTest name="ClickUp.Api.Client.Tests.ServiceTests.ListsServiceTests.RemoveTaskFromListAsync_ApiConnectionThrowsTaskCanceledException_PropagatesException" storage="/app/src/clickup.api.client.tests/bin/debug/net9.0/clickup.api.client.tests.dll" id="db7ef84f-789d-fca7-ad54-9eacd2abd3b3">
      <Execution id="16063ba5-f5ce-40ca-963c-bea9c9c22ec4" />
      <TestMethod codeBase="/app/src/ClickUp.Api.Client.Tests/bin/Debug/net9.0/ClickUp.Api.Client.Tests.dll" adapterTypeName="executor://xunit/VsTestRunner2/netcoreapp" className="ClickUp.Api.Client.Tests.ServiceTests.ListsServiceTests" name="RemoveTaskFromListAsync_ApiConnectionThrowsTaskCanceledException_PropagatesException" />
    </UnitTest>
    <UnitTest name="ClickUp.Api.Client.Tests.ServiceTests.RolesServiceTests.GetCustomRolesAsync_ApiConnectionThrowsTaskCanceledException_PropagatesException" storage="/app/src/clickup.api.client.tests/bin/debug/net9.0/clickup.api.client.tests.dll" id="40452ac3-133f-485f-97d4-273cd14a475c">
      <Execution id="73c67f69-dfd1-45dc-b075-247710402462" />
      <TestMethod codeBase="/app/src/ClickUp.Api.Client.Tests/bin/Debug/net9.0/ClickUp.Api.Client.Tests.dll" adapterTypeName="executor://xunit/VsTestRunner2/netcoreapp" className="ClickUp.Api.Client.Tests.ServiceTests.RolesServiceTests" name="GetCustomRolesAsync_ApiConnectionThrowsTaskCanceledException_PropagatesException" />
    </UnitTest>
    <UnitTest name="ClickUp.Api.Client.Tests.ServiceTests.WebhooksServiceTests.DeleteWebhookAsync_PassesCancellationTokenToApiConnection" storage="/app/src/clickup.api.client.tests/bin/debug/net9.0/clickup.api.client.tests.dll" id="61d97a99-bc30-8f14-515f-5aff50f32230">
      <Execution id="5a11a6ed-db8b-421f-a6ed-520f08761368" />
      <TestMethod codeBase="/app/src/ClickUp.Api.Client.Tests/bin/Debug/net9.0/ClickUp.Api.Client.Tests.dll" adapterTypeName="executor://xunit/VsTestRunner2/netcoreapp" className="ClickUp.Api.Client.Tests.ServiceTests.WebhooksServiceTests" name="DeleteWebhookAsync_PassesCancellationTokenToApiConnection" />
    </UnitTest>
    <UnitTest name="ClickUp.Api.Client.Tests.ServiceTests.TaskServiceTests.GetFilteredTeamTasksAsyncEnumerable_HandlesCancellation" storage="/app/src/clickup.api.client.tests/bin/debug/net9.0/clickup.api.client.tests.dll" id="2fab693e-80b6-8ae4-dc77-08a7e65ebf3d">
      <Execution id="2da5903e-cf3e-4b2e-b605-3940258f6cf3" />
      <TestMethod codeBase="/app/src/ClickUp.Api.Client.Tests/bin/Debug/net9.0/ClickUp.Api.Client.Tests.dll" adapterTypeName="executor://xunit/VsTestRunner2/netcoreapp" className="ClickUp.Api.Client.Tests.ServiceTests.TaskServiceTests" name="GetFilteredTeamTasksAsyncEnumerable_HandlesCancellation" />
    </UnitTest>
    <UnitTest name="ClickUp.Api.Client.Tests.ServiceTests.CommentServiceTests.CreateChatViewCommentAsync_ApiConnectionThrowsTaskCanceledException_PropagatesException" storage="/app/src/clickup.api.client.tests/bin/debug/net9.0/clickup.api.client.tests.dll" id="7a8f70ef-f14e-4b6a-be25-56eba0f74c58">
      <Execution id="92fdfbf5-2bb4-4f2d-ab23-a568f8209d27" />
      <TestMethod codeBase="/app/src/ClickUp.Api.Client.Tests/bin/Debug/net9.0/ClickUp.Api.Client.Tests.dll" adapterTypeName="executor://xunit/VsTestRunner2/netcoreapp" className="ClickUp.Api.Client.Tests.ServiceTests.CommentServiceTests" name="CreateChatViewCommentAsync_ApiConnectionThrowsTaskCanceledException_PropagatesException" />
    </UnitTest>
    <UnitTest name="ClickUp.Api.Client.Tests.ServiceTests.SpacesServiceTests.GetSpacesAsync_ApiConnectionThrowsHttpRequestException_PropagatesException" storage="/app/src/clickup.api.client.tests/bin/debug/net9.0/clickup.api.client.tests.dll" id="0346062f-313c-4b40-bb4d-c6231b21cb33">
      <Execution id="3e064d98-8191-4983-949c-f99738a22148" />
      <TestMethod codeBase="/app/src/ClickUp.Api.Client.Tests/bin/Debug/net9.0/ClickUp.Api.Client.Tests.dll" adapterTypeName="executor://xunit/VsTestRunner2/netcoreapp" className="ClickUp.Api.Client.Tests.ServiceTests.SpacesServiceTests" name="GetSpacesAsync_ApiConnectionThrowsHttpRequestException_PropagatesException" />
    </UnitTest>
    <UnitTest name="ClickUp.Api.Client.Tests.Models.Entities.CustomFieldValueTests.Deserialize_UsersFieldValue_Correctly" storage="/app/src/clickup.api.client.tests/bin/debug/net9.0/clickup.api.client.tests.dll" id="fcee2476-61da-8656-1de0-178f20c169dc">
      <Execution id="52e72244-c40f-482a-b342-d934f92cc947" />
      <TestMethod codeBase="/app/src/ClickUp.Api.Client.Tests/bin/Debug/net9.0/ClickUp.Api.Client.Tests.dll" adapterTypeName="executor://xunit/VsTestRunner2/netcoreapp" className="ClickUp.Api.Client.Tests.Models.Entities.CustomFieldValueTests" name="Deserialize_UsersFieldValue_Correctly" />
    </UnitTest>
    <UnitTest name="ClickUp.Api.Client.Tests.ServiceTests.WorkspacesServiceTests.GetWorkspacePlanAsync_ValidWorkspaceId_ReturnsPlanResponse" storage="/app/src/clickup.api.client.tests/bin/debug/net9.0/clickup.api.client.tests.dll" id="d035db6c-0fa8-1fa3-79f9-636ffcf58549">
      <Execution id="8b68d0be-0663-4fa5-b3f2-ddf9e35c0c27" />
      <TestMethod codeBase="/app/src/ClickUp.Api.Client.Tests/bin/Debug/net9.0/ClickUp.Api.Client.Tests.dll" adapterTypeName="executor://xunit/VsTestRunner2/netcoreapp" className="ClickUp.Api.Client.Tests.ServiceTests.WorkspacesServiceTests" name="GetWorkspacePlanAsync_ValidWorkspaceId_ReturnsPlanResponse" />
    </UnitTest>
    <UnitTest name="ClickUp.Api.Client.Tests.ServiceTests.MembersServiceTests.GetListMembersAsync_ValidListId_ReturnsMembers" storage="/app/src/clickup.api.client.tests/bin/debug/net9.0/clickup.api.client.tests.dll" id="d40b57a6-c538-1a9a-79a2-8126658cdaff">
      <Execution id="f2000c0a-258f-415f-9b57-22cda64d71c0" />
      <TestMethod codeBase="/app/src/ClickUp.Api.Client.Tests/bin/Debug/net9.0/ClickUp.Api.Client.Tests.dll" adapterTypeName="executor://xunit/VsTestRunner2/netcoreapp" className="ClickUp.Api.Client.Tests.ServiceTests.MembersServiceTests" name="GetListMembersAsync_ValidListId_ReturnsMembers" />
    </UnitTest>
    <UnitTest name="ClickUp.Api.Client.Tests.ServiceTests.TaskRelationshipsServiceTests.AddTaskLinkAsync_PassesCancellationTokenToApiConnection" storage="/app/src/clickup.api.client.tests/bin/debug/net9.0/clickup.api.client.tests.dll" id="c581f042-8783-656a-7359-34518f36fa24">
      <Execution id="6322f63b-b50e-4d7d-a602-43ead0c7d26f" />
      <TestMethod codeBase="/app/src/ClickUp.Api.Client.Tests/bin/Debug/net9.0/ClickUp.Api.Client.Tests.dll" adapterTypeName="executor://xunit/VsTestRunner2/netcoreapp" className="ClickUp.Api.Client.Tests.ServiceTests.TaskRelationshipsServiceTests" name="AddTaskLinkAsync_PassesCancellationTokenToApiConnection" />
    </UnitTest>
    <UnitTest name="ClickUp.Api.Client.Tests.ServiceTests.ChatServiceTests.GetChatChannelFollowersAsync_MinimalRequest_BuildsUrlAndReturnsResponse" storage="/app/src/clickup.api.client.tests/bin/debug/net9.0/clickup.api.client.tests.dll" id="bf05b4b4-c19c-b14e-83f2-8776361847ab">
      <Execution id="b70c435a-f407-418b-af0c-323a37aed468" />
      <TestMethod codeBase="/app/src/ClickUp.Api.Client.Tests/bin/Debug/net9.0/ClickUp.Api.Client.Tests.dll" adapterTypeName="executor://xunit/VsTestRunner2/netcoreapp" className="ClickUp.Api.Client.Tests.ServiceTests.ChatServiceTests" name="GetChatChannelFollowersAsync_MinimalRequest_BuildsUrlAndReturnsResponse" />
    </UnitTest>
    <UnitTest name="ClickUp.Api.Client.Tests.Http.ApiConnectionTests.GetAsync_ThrowsClickUpApiException_WhenContentIsNotJson" storage="/app/src/clickup.api.client.tests/bin/debug/net9.0/clickup.api.client.tests.dll" id="e6896e68-172c-7d75-7ae6-4d62e7ed6747">
      <Execution id="e5f8f833-2411-4467-9eff-79f0101ed216" />
      <TestMethod codeBase="/app/src/ClickUp.Api.Client.Tests/bin/Debug/net9.0/ClickUp.Api.Client.Tests.dll" adapterTypeName="executor://xunit/VsTestRunner2/netcoreapp" className="ClickUp.Api.Client.Tests.Http.ApiConnectionTests" name="GetAsync_ThrowsClickUpApiException_WhenContentIsNotJson" />
    </UnitTest>
    <UnitTest name="ClickUp.Api.Client.Tests.ServiceTests.SharedHierarchyServiceTests.GetSharedHierarchyAsync_ApiConnectionThrowsTaskCanceledException_PropagatesException" storage="/app/src/clickup.api.client.tests/bin/debug/net9.0/clickup.api.client.tests.dll" id="d514cbef-9ae0-3465-36ea-91b11bbefd16">
      <Execution id="f5220083-d519-49af-92ac-a62326950a49" />
      <TestMethod codeBase="/app/src/ClickUp.Api.Client.Tests/bin/Debug/net9.0/ClickUp.Api.Client.Tests.dll" adapterTypeName="executor://xunit/VsTestRunner2/netcoreapp" className="ClickUp.Api.Client.Tests.ServiceTests.SharedHierarchyServiceTests" name="GetSharedHierarchyAsync_ApiConnectionThrowsTaskCanceledException_PropagatesException" />
    </UnitTest>
    <UnitTest name="ClickUp.Api.Client.Tests.ServiceTests.ListsServiceTests.CreateListFromTemplateInFolderAsync_ApiConnectionThrowsTaskCanceledException_PropagatesException" storage="/app/src/clickup.api.client.tests/bin/debug/net9.0/clickup.api.client.tests.dll" id="a148e1d3-c0a7-ab22-6711-ed696844e290">
      <Execution id="d4b4ef2d-b8ed-457e-97a9-b2b2a1339bf5" />
      <TestMethod codeBase="/app/src/ClickUp.Api.Client.Tests/bin/Debug/net9.0/ClickUp.Api.Client.Tests.dll" adapterTypeName="executor://xunit/VsTestRunner2/netcoreapp" className="ClickUp.Api.Client.Tests.ServiceTests.ListsServiceTests" name="CreateListFromTemplateInFolderAsync_ApiConnectionThrowsTaskCanceledException_PropagatesException" />
    </UnitTest>
    <UnitTest name="ClickUp.Api.Client.Tests.ServiceTests.ChatServiceTests.CreateChatMessageAsync_NullDataInResponse_ThrowsInvalidOperationException" storage="/app/src/clickup.api.client.tests/bin/debug/net9.0/clickup.api.client.tests.dll" id="7f402585-2713-267c-c0c6-1302cda9f995">
      <Execution id="af388e11-a237-43d4-88ef-e247c7c9dc31" />
      <TestMethod codeBase="/app/src/ClickUp.Api.Client.Tests/bin/Debug/net9.0/ClickUp.Api.Client.Tests.dll" adapterTypeName="executor://xunit/VsTestRunner2/netcoreapp" className="ClickUp.Api.Client.Tests.ServiceTests.ChatServiceTests" name="CreateChatMessageAsync_NullDataInResponse_ThrowsInvalidOperationException" />
    </UnitTest>
    <UnitTest name="ClickUp.Api.Client.Tests.ServiceTests.ChatServiceTests.GetChatMessageTaggedUsersAsync_PassesCancellationTokenToApiConnection" storage="/app/src/clickup.api.client.tests/bin/debug/net9.0/clickup.api.client.tests.dll" id="e5ea9d8a-b01b-7d10-c780-2c6531265b98">
      <Execution id="5fd5932d-09b0-414c-91dc-84443aa2a816" />
      <TestMethod codeBase="/app/src/ClickUp.Api.Client.Tests/bin/Debug/net9.0/ClickUp.Api.Client.Tests.dll" adapterTypeName="executor://xunit/VsTestRunner2/netcoreapp" className="ClickUp.Api.Client.Tests.ServiceTests.ChatServiceTests" name="GetChatMessageTaggedUsersAsync_PassesCancellationTokenToApiConnection" />
    </UnitTest>
    <UnitTest name="ClickUp.Api.Client.Tests.ServiceTests.ListsServiceTests.AddTaskToListAsync_ApiConnectionThrowsHttpRequestException_PropagatesException" storage="/app/src/clickup.api.client.tests/bin/debug/net9.0/clickup.api.client.tests.dll" id="9082994c-0b1e-da81-b55e-f5dc0f0f5f9f">
      <Execution id="6749c12e-0bdc-4c6c-bbcc-b91605a9df86" />
      <TestMethod codeBase="/app/src/ClickUp.Api.Client.Tests/bin/Debug/net9.0/ClickUp.Api.Client.Tests.dll" adapterTypeName="executor://xunit/VsTestRunner2/netcoreapp" className="ClickUp.Api.Client.Tests.ServiceTests.ListsServiceTests" name="AddTaskToListAsync_ApiConnectionThrowsHttpRequestException_PropagatesException" />
    </UnitTest>
    <UnitTest name="ClickUp.Api.Client.Tests.ServiceTests.SpacesServiceTests.GetSpacesAsync_WithArchivedTrue_BuildsCorrectUrl" storage="/app/src/clickup.api.client.tests/bin/debug/net9.0/clickup.api.client.tests.dll" id="512b6d5d-6ba4-7056-c5d5-21bae2877484">
      <Execution id="f2ae3b7d-25e8-4dd9-9cc0-49e8e0a4ab0b" />
      <TestMethod codeBase="/app/src/ClickUp.Api.Client.Tests/bin/Debug/net9.0/ClickUp.Api.Client.Tests.dll" adapterTypeName="executor://xunit/VsTestRunner2/netcoreapp" className="ClickUp.Api.Client.Tests.ServiceTests.SpacesServiceTests" name="GetSpacesAsync_WithArchivedTrue_BuildsCorrectUrl" />
    </UnitTest>
    <UnitTest name="ClickUp.Api.Client.Tests.ServiceTests.AuthorizationServiceTests.GetAuthorizedUserAsync_ApiConnectionReturnsNull_ReturnsNull" storage="/app/src/clickup.api.client.tests/bin/debug/net9.0/clickup.api.client.tests.dll" id="baea752d-54d8-3c83-578e-889160e95153">
      <Execution id="a55433b9-2084-41e3-9f77-c2af05d20e31" />
      <TestMethod codeBase="/app/src/ClickUp.Api.Client.Tests/bin/Debug/net9.0/ClickUp.Api.Client.Tests.dll" adapterTypeName="executor://xunit/VsTestRunner2/netcoreapp" className="ClickUp.Api.Client.Tests.ServiceTests.AuthorizationServiceTests" name="GetAuthorizedUserAsync_ApiConnectionReturnsNull_ReturnsNull" />
    </UnitTest>
    <UnitTest name="ClickUp.Api.Client.Tests.ServiceTests.GoalsServiceTests.GetGoalAsync_PassesCancellationTokenToApiConnection" storage="/app/src/clickup.api.client.tests/bin/debug/net9.0/clickup.api.client.tests.dll" id="187c0f01-e375-0ebc-5c60-9af9ed8903db">
      <Execution id="d740d113-7fc8-4784-99a8-09d4b4c6aabf" />
      <TestMethod codeBase="/app/src/ClickUp.Api.Client.Tests/bin/Debug/net9.0/ClickUp.Api.Client.Tests.dll" adapterTypeName="executor://xunit/VsTestRunner2/netcoreapp" className="ClickUp.Api.Client.Tests.ServiceTests.GoalsServiceTests" name="GetGoalAsync_PassesCancellationTokenToApiConnection" />
    </UnitTest>
    <UnitTest name="ClickUp.Api.Client.Tests.ServiceTests.GuestsServiceTests.RemoveGuestFromListAsync_ApiConnectionThrowsTaskCanceledException_PropagatesException" storage="/app/src/clickup.api.client.tests/bin/debug/net9.0/clickup.api.client.tests.dll" id="a54fb913-e59f-936a-6dac-d9b99d7d2b02">
      <Execution id="d856ef68-2a04-4f9b-a012-06efa3318100" />
      <TestMethod codeBase="/app/src/ClickUp.Api.Client.Tests/bin/Debug/net9.0/ClickUp.Api.Client.Tests.dll" adapterTypeName="executor://xunit/VsTestRunner2/netcoreapp" className="ClickUp.Api.Client.Tests.ServiceTests.GuestsServiceTests" name="RemoveGuestFromListAsync_ApiConnectionThrowsTaskCanceledException_PropagatesException" />
    </UnitTest>
    <UnitTest name="ClickUp.Api.Client.Tests.ServiceTests.ChatServiceTests.CreateChatReactionAsync_NullResponse_ThrowsInvalidOperationException" storage="/app/src/clickup.api.client.tests/bin/debug/net9.0/clickup.api.client.tests.dll" id="3e153557-6ec4-cb92-cb2d-9aa00fa5afac">
      <Execution id="8f43b232-7c2e-42b5-9552-027dd499e3fe" />
      <TestMethod codeBase="/app/src/ClickUp.Api.Client.Tests/bin/Debug/net9.0/ClickUp.Api.Client.Tests.dll" adapterTypeName="executor://xunit/VsTestRunner2/netcoreapp" className="ClickUp.Api.Client.Tests.ServiceTests.ChatServiceTests" name="CreateChatReactionAsync_NullResponse_ThrowsInvalidOperationException" />
    </UnitTest>
    <UnitTest name="ClickUp.Api.Client.Tests.ServiceTests.ChatServiceTests.DeleteChatMessageAsync_ValidRequest_CallsDelete" storage="/app/src/clickup.api.client.tests/bin/debug/net9.0/clickup.api.client.tests.dll" id="30b9de58-1a14-f03e-d802-269c770e923a">
      <Execution id="9c33675f-29da-4926-a5f4-1ce0d79a2a1f" />
      <TestMethod codeBase="/app/src/ClickUp.Api.Client.Tests/bin/Debug/net9.0/ClickUp.Api.Client.Tests.dll" adapterTypeName="executor://xunit/VsTestRunner2/netcoreapp" className="ClickUp.Api.Client.Tests.ServiceTests.ChatServiceTests" name="DeleteChatMessageAsync_ValidRequest_CallsDelete" />
    </UnitTest>
    <UnitTest name="ClickUp.Api.Client.Tests.ServiceTests.DocsServiceTests.GetPageAsync_ValidRequest_BuildsUrlAndReturnsPage" storage="/app/src/clickup.api.client.tests/bin/debug/net9.0/clickup.api.client.tests.dll" id="5519bd7e-9166-72fd-aaec-cf2034f21955">
      <Execution id="5bb26d02-d433-4ebc-9877-81477bab9470" />
      <TestMethod codeBase="/app/src/ClickUp.Api.Client.Tests/bin/Debug/net9.0/ClickUp.Api.Client.Tests.dll" adapterTypeName="executor://xunit/VsTestRunner2/netcoreapp" className="ClickUp.Api.Client.Tests.ServiceTests.DocsServiceTests" name="GetPageAsync_ValidRequest_BuildsUrlAndReturnsPage" />
    </UnitTest>
    <UnitTest name="ClickUp.Api.Client.Tests.ServiceTests.GuestsServiceTests.GetGuestAsync_ApiError_ThrowsHttpRequestException" storage="/app/src/clickup.api.client.tests/bin/debug/net9.0/clickup.api.client.tests.dll" id="b04f067e-538f-45ea-ca52-c8528853dc98">
      <Execution id="b403fad9-95fd-4415-a85a-ffd083ed32ce" />
      <TestMethod codeBase="/app/src/ClickUp.Api.Client.Tests/bin/Debug/net9.0/ClickUp.Api.Client.Tests.dll" adapterTypeName="executor://xunit/VsTestRunner2/netcoreapp" className="ClickUp.Api.Client.Tests.ServiceTests.GuestsServiceTests" name="GetGuestAsync_ApiError_ThrowsHttpRequestException" />
    </UnitTest>
    <UnitTest name="ClickUp.Api.Client.Tests.ServiceTests.ChatServiceTests.DeleteChatMessageAsync_PassesCancellationTokenToApiConnection" storage="/app/src/clickup.api.client.tests/bin/debug/net9.0/clickup.api.client.tests.dll" id="3dec75a1-2efb-df48-cb0d-9006d61d86c5">
      <Execution id="d22d603c-aac4-4dad-b870-bbe481f1dab0" />
      <TestMethod codeBase="/app/src/ClickUp.Api.Client.Tests/bin/Debug/net9.0/ClickUp.Api.Client.Tests.dll" adapterTypeName="executor://xunit/VsTestRunner2/netcoreapp" className="ClickUp.Api.Client.Tests.ServiceTests.ChatServiceTests" name="DeleteChatMessageAsync_PassesCancellationTokenToApiConnection" />
    </UnitTest>
    <UnitTest name="ClickUp.Api.Client.Tests.ServiceTests.TemplatesServiceTests.GetTaskTemplatesAsync_ValidRequest_ReturnsResponseWithTemplates" storage="/app/src/clickup.api.client.tests/bin/debug/net9.0/clickup.api.client.tests.dll" id="9181c853-26cf-b8d7-7024-b477f4cb3cf2">
      <Execution id="5213a937-7186-44ab-b65b-93d40ba10642" />
      <TestMethod codeBase="/app/src/ClickUp.Api.Client.Tests/bin/Debug/net9.0/ClickUp.Api.Client.Tests.dll" adapterTypeName="executor://xunit/VsTestRunner2/netcoreapp" className="ClickUp.Api.Client.Tests.ServiceTests.TemplatesServiceTests" name="GetTaskTemplatesAsync_ValidRequest_ReturnsResponseWithTemplates" />
    </UnitTest>
    <UnitTest name="ClickUp.Api.Client.Tests.ServiceTests.CustomFieldsServiceTests.SetCustomFieldValueAsync_ValidRequest_CallsPostAsyncWithCorrectUrlAndBody" storage="/app/src/clickup.api.client.tests/bin/debug/net9.0/clickup.api.client.tests.dll" id="c0cfb625-561f-2355-e53a-38b139149b30">
      <Execution id="eed6179e-71f7-482c-8f73-1b5db6a69d86" />
      <TestMethod codeBase="/app/src/ClickUp.Api.Client.Tests/bin/Debug/net9.0/ClickUp.Api.Client.Tests.dll" adapterTypeName="executor://xunit/VsTestRunner2/netcoreapp" className="ClickUp.Api.Client.Tests.ServiceTests.CustomFieldsServiceTests" name="SetCustomFieldValueAsync_ValidRequest_CallsPostAsyncWithCorrectUrlAndBody" />
    </UnitTest>
    <UnitTest name="ClickUp.Api.Client.Tests.ServiceTests.ChatServiceTests.CreateLocationChatChannelAsync_ValidRequest_CallsPostAndReturnsChannel" storage="/app/src/clickup.api.client.tests/bin/debug/net9.0/clickup.api.client.tests.dll" id="37b34059-0f65-9a6f-04ed-b65ab163cd9e">
      <Execution id="87978f84-bcf8-4641-91c1-b0f32dd75de0" />
      <TestMethod codeBase="/app/src/ClickUp.Api.Client.Tests/bin/Debug/net9.0/ClickUp.Api.Client.Tests.dll" adapterTypeName="executor://xunit/VsTestRunner2/netcoreapp" className="ClickUp.Api.Client.Tests.ServiceTests.ChatServiceTests" name="CreateLocationChatChannelAsync_ValidRequest_CallsPostAndReturnsChannel" />
    </UnitTest>
    <UnitTest name="ClickUp.Api.Client.Tests.ServiceTests.CommentServiceTests.CreateTaskCommentAsync_PassesCancellationTokenToApiConnection" storage="/app/src/clickup.api.client.tests/bin/debug/net9.0/clickup.api.client.tests.dll" id="f23660f2-fffd-56f2-2044-21e10448f9f4">
      <Execution id="e86eda19-6d22-422c-95e9-e5cb318e88ba" />
      <TestMethod codeBase="/app/src/ClickUp.Api.Client.Tests/bin/Debug/net9.0/ClickUp.Api.Client.Tests.dll" adapterTypeName="executor://xunit/VsTestRunner2/netcoreapp" className="ClickUp.Api.Client.Tests.ServiceTests.CommentServiceTests" name="CreateTaskCommentAsync_PassesCancellationTokenToApiConnection" />
    </UnitTest>
    <UnitTest name="ClickUp.Api.Client.Tests.ServiceTests.TaskRelationshipsServiceTests.AddDependencyAsync_WithCustomTaskIdsAndTeamId_BuildsCorrectUrl" storage="/app/src/clickup.api.client.tests/bin/debug/net9.0/clickup.api.client.tests.dll" id="ed3b368b-5fc9-9eb6-3ee2-aeb3a1e0cc4a">
      <Execution id="117ce6c4-3cdc-4b77-a22f-85266e07d9b1" />
      <TestMethod codeBase="/app/src/ClickUp.Api.Client.Tests/bin/Debug/net9.0/ClickUp.Api.Client.Tests.dll" adapterTypeName="executor://xunit/VsTestRunner2/netcoreapp" className="ClickUp.Api.Client.Tests.ServiceTests.TaskRelationshipsServiceTests" name="AddDependencyAsync_WithCustomTaskIdsAndTeamId_BuildsCorrectUrl" />
    </UnitTest>
    <UnitTest name="ClickUp.Api.Client.Tests.ServiceTests.ListsServiceTests.CreateListInFolderAsync_PassesCancellationTokenToApiConnection" storage="/app/src/clickup.api.client.tests/bin/debug/net9.0/clickup.api.client.tests.dll" id="d15a78dd-4e5d-1e70-ad9e-7c1326ed70f1">
      <Execution id="92bc4ab2-e872-4be2-8737-e971c3707954" />
      <TestMethod codeBase="/app/src/ClickUp.Api.Client.Tests/bin/Debug/net9.0/ClickUp.Api.Client.Tests.dll" adapterTypeName="executor://xunit/VsTestRunner2/netcoreapp" className="ClickUp.Api.Client.Tests.ServiceTests.ListsServiceTests" name="CreateListInFolderAsync_PassesCancellationTokenToApiConnection" />
    </UnitTest>
    <UnitTest name="ClickUp.Api.Client.Tests.ServiceTests.WebhooksServiceTests.GetWebhooksAsync_ApiConnectionThrowsTaskCanceledException_PropagatesException" storage="/app/src/clickup.api.client.tests/bin/debug/net9.0/clickup.api.client.tests.dll" id="bb11f76c-b72d-ed60-cb62-d44e29999fcc">
      <Execution id="21de0641-9dd3-44a3-9d48-e9eb55defcf6" />
      <TestMethod codeBase="/app/src/ClickUp.Api.Client.Tests/bin/Debug/net9.0/ClickUp.Api.Client.Tests.dll" adapterTypeName="executor://xunit/VsTestRunner2/netcoreapp" className="ClickUp.Api.Client.Tests.ServiceTests.WebhooksServiceTests" name="GetWebhooksAsync_ApiConnectionThrowsTaskCanceledException_PropagatesException" />
    </UnitTest>
    <UnitTest name="ClickUp.Api.Client.Tests.ServiceTests.DocsServiceTests.GetDocAsync_ApiConnectionThrowsTaskCanceledException_PropagatesException" storage="/app/src/clickup.api.client.tests/bin/debug/net9.0/clickup.api.client.tests.dll" id="ddb44325-0b2d-129d-e82f-9203a2572f55">
      <Execution id="d8d4d680-5d01-430d-86ed-280a4b661c86" />
      <TestMethod codeBase="/app/src/ClickUp.Api.Client.Tests/bin/Debug/net9.0/ClickUp.Api.Client.Tests.dll" adapterTypeName="executor://xunit/VsTestRunner2/netcoreapp" className="ClickUp.Api.Client.Tests.ServiceTests.DocsServiceTests" name="GetDocAsync_ApiConnectionThrowsTaskCanceledException_PropagatesException" />
    </UnitTest>
    <UnitTest name="ClickUp.Api.Client.Tests.ServiceTests.ChatServiceTests.CreateReplyMessageAsync_PassesCancellationTokenToApiConnection" storage="/app/src/clickup.api.client.tests/bin/debug/net9.0/clickup.api.client.tests.dll" id="72fdaf0f-a6ec-0124-7913-bcb625625cca">
      <Execution id="c3431a22-e8b1-43cb-a286-3b427ae2ea65" />
      <TestMethod codeBase="/app/src/ClickUp.Api.Client.Tests/bin/Debug/net9.0/ClickUp.Api.Client.Tests.dll" adapterTypeName="executor://xunit/VsTestRunner2/netcoreapp" className="ClickUp.Api.Client.Tests.ServiceTests.ChatServiceTests" name="CreateReplyMessageAsync_PassesCancellationTokenToApiConnection" />
    </UnitTest>
    <UnitTest name="ClickUp.Api.Client.Tests.ServiceTests.ViewsServiceTests.UpdateViewAsync_ValidRequest_ReturnsView" storage="/app/src/clickup.api.client.tests/bin/debug/net9.0/clickup.api.client.tests.dll" id="e696dbf6-4b54-8154-003d-09395465f207">
      <Execution id="56707f14-6a94-4a53-aa48-2a570e9cde3f" />
      <TestMethod codeBase="/app/src/ClickUp.Api.Client.Tests/bin/Debug/net9.0/ClickUp.Api.Client.Tests.dll" adapterTypeName="executor://xunit/VsTestRunner2/netcoreapp" className="ClickUp.Api.Client.Tests.ServiceTests.ViewsServiceTests" name="UpdateViewAsync_ValidRequest_ReturnsView" />
    </UnitTest>
    <UnitTest name="ClickUp.Api.Client.Tests.ServiceTests.GuestsServiceTests.RemoveGuestFromFolderAsync_ApiConnectionThrowsTaskCanceledException_PropagatesException" storage="/app/src/clickup.api.client.tests/bin/debug/net9.0/clickup.api.client.tests.dll" id="114b0c56-3cd9-6e29-2cb9-d244c016d012">
      <Execution id="b06853ab-fda0-4d18-b729-8a5c8f9d0584" />
      <TestMethod codeBase="/app/src/ClickUp.Api.Client.Tests/bin/Debug/net9.0/ClickUp.Api.Client.Tests.dll" adapterTypeName="executor://xunit/VsTestRunner2/netcoreapp" className="ClickUp.Api.Client.Tests.ServiceTests.GuestsServiceTests" name="RemoveGuestFromFolderAsync_ApiConnectionThrowsTaskCanceledException_PropagatesException" />
    </UnitTest>
    <UnitTest name="ClickUp.Api.Client.Tests.ServiceTests.GuestsServiceTests.InviteGuestToWorkspaceAsync_ValidRequest_CallsPostAndReturnsResponse" storage="/app/src/clickup.api.client.tests/bin/debug/net9.0/clickup.api.client.tests.dll" id="b44a823b-fb1a-dc2e-eaad-b63c00487d51">
      <Execution id="00c74ca7-a7ec-420b-b53c-7521f80582cd" />
      <TestMethod codeBase="/app/src/ClickUp.Api.Client.Tests/bin/Debug/net9.0/ClickUp.Api.Client.Tests.dll" adapterTypeName="executor://xunit/VsTestRunner2/netcoreapp" className="ClickUp.Api.Client.Tests.ServiceTests.GuestsServiceTests" name="InviteGuestToWorkspaceAsync_ValidRequest_CallsPostAndReturnsResponse" />
    </UnitTest>
    <UnitTest name="ClickUp.Api.Client.Tests.ServiceTests.CommentServiceTests.GetChatViewCommentsStreamAsync_IAsyncEnumerable_ReturnsAllComments_WhenMultiplePages" storage="/app/src/clickup.api.client.tests/bin/debug/net9.0/clickup.api.client.tests.dll" id="46b65487-d6a5-d890-628a-f9beae9627a1">
      <Execution id="370bd63f-a1d2-434b-b79e-11e96e9857c0" />
      <TestMethod codeBase="/app/src/ClickUp.Api.Client.Tests/bin/Debug/net9.0/ClickUp.Api.Client.Tests.dll" adapterTypeName="executor://xunit/VsTestRunner2/netcoreapp" className="ClickUp.Api.Client.Tests.ServiceTests.CommentServiceTests" name="GetChatViewCommentsStreamAsync_IAsyncEnumerable_ReturnsAllComments_WhenMultiplePages" />
    </UnitTest>
    <UnitTest name="ClickUp.Api.Client.Tests.ServiceTests.DocsServiceTests.GetDocAsync_NullDataInResponse_ThrowsInvalidOperationException" storage="/app/src/clickup.api.client.tests/bin/debug/net9.0/clickup.api.client.tests.dll" id="c8272ceb-7748-0664-e2e5-41dcf83b5568">
      <Execution id="ab8aa774-85ab-4ffb-8b56-4d1e876433de" />
      <TestMethod codeBase="/app/src/ClickUp.Api.Client.Tests/bin/Debug/net9.0/ClickUp.Api.Client.Tests.dll" adapterTypeName="executor://xunit/VsTestRunner2/netcoreapp" className="ClickUp.Api.Client.Tests.ServiceTests.DocsServiceTests" name="GetDocAsync_NullDataInResponse_ThrowsInvalidOperationException" />
    </UnitTest>
    <UnitTest name="ClickUp.Api.Client.Tests.ServiceTests.GoalsServiceTests.CreateGoalAsync_PassesCancellationTokenToApiConnection" storage="/app/src/clickup.api.client.tests/bin/debug/net9.0/clickup.api.client.tests.dll" id="754e506c-648d-4410-32f3-1251243899e1">
      <Execution id="fd242c58-a9c7-4ea0-a4d0-8a4b7f2771c9" />
      <TestMethod codeBase="/app/src/ClickUp.Api.Client.Tests/bin/Debug/net9.0/ClickUp.Api.Client.Tests.dll" adapterTypeName="executor://xunit/VsTestRunner2/netcoreapp" className="ClickUp.Api.Client.Tests.ServiceTests.GoalsServiceTests" name="CreateGoalAsync_PassesCancellationTokenToApiConnection" />
    </UnitTest>
    <UnitTest name="ClickUp.Api.Client.Tests.ServiceTests.ChatServiceTests.CreateDirectMessageChatChannelAsync_ValidRequest_CallsPostAndReturnsChannel" storage="/app/src/clickup.api.client.tests/bin/debug/net9.0/clickup.api.client.tests.dll" id="34abb1af-94d9-b22a-918b-1feb9ac89d01">
      <Execution id="2f9f417f-763c-4aa5-bf5d-582701e9f81f" />
      <TestMethod codeBase="/app/src/ClickUp.Api.Client.Tests/bin/Debug/net9.0/ClickUp.Api.Client.Tests.dll" adapterTypeName="executor://xunit/VsTestRunner2/netcoreapp" className="ClickUp.Api.Client.Tests.ServiceTests.ChatServiceTests" name="CreateDirectMessageChatChannelAsync_ValidRequest_CallsPostAndReturnsChannel" />
    </UnitTest>
    <UnitTest name="ClickUp.Api.Client.Tests.ServiceTests.ListsServiceTests.CreateListFromTemplateInSpaceAsync_ValidRequest_ReturnsList" storage="/app/src/clickup.api.client.tests/bin/debug/net9.0/clickup.api.client.tests.dll" id="e18052c4-2700-62d1-b690-f3526c7f4366">
      <Execution id="baf155d3-6754-47d3-9823-609a223a155a" />
      <TestMethod codeBase="/app/src/ClickUp.Api.Client.Tests/bin/Debug/net9.0/ClickUp.Api.Client.Tests.dll" adapterTypeName="executor://xunit/VsTestRunner2/netcoreapp" className="ClickUp.Api.Client.Tests.ServiceTests.ListsServiceTests" name="CreateListFromTemplateInSpaceAsync_ValidRequest_ReturnsList" />
    </UnitTest>
    <UnitTest name="ClickUp.Api.Client.Tests.ServiceTests.TagsServiceTests.DeleteSpaceTagAsync_ApiConnectionThrowsTaskCanceledException_PropagatesException" storage="/app/src/clickup.api.client.tests/bin/debug/net9.0/clickup.api.client.tests.dll" id="f17c2f5d-3278-deae-e3e0-0f673524d524">
      <Execution id="504e769d-b920-4e24-b4a9-d277154553b5" />
      <TestMethod codeBase="/app/src/ClickUp.Api.Client.Tests/bin/Debug/net9.0/ClickUp.Api.Client.Tests.dll" adapterTypeName="executor://xunit/VsTestRunner2/netcoreapp" className="ClickUp.Api.Client.Tests.ServiceTests.TagsServiceTests" name="DeleteSpaceTagAsync_ApiConnectionThrowsTaskCanceledException_PropagatesException" />
    </UnitTest>
    <UnitTest name="ClickUp.Api.Client.Tests.ServiceTests.ChatServiceTests.CreateChatReactionAsync_PassesCancellationTokenToApiConnection" storage="/app/src/clickup.api.client.tests/bin/debug/net9.0/clickup.api.client.tests.dll" id="5d366c36-141d-ee9f-0e5c-a1ebaf18b891">
      <Execution id="34104965-1545-4dfc-a8d8-ae1df474f48d" />
      <TestMethod codeBase="/app/src/ClickUp.Api.Client.Tests/bin/Debug/net9.0/ClickUp.Api.Client.Tests.dll" adapterTypeName="executor://xunit/VsTestRunner2/netcoreapp" className="ClickUp.Api.Client.Tests.ServiceTests.ChatServiceTests" name="CreateChatReactionAsync_PassesCancellationTokenToApiConnection" />
    </UnitTest>
    <UnitTest name="ClickUp.Api.Client.Tests.ServiceTests.GuestsServiceTests.AddGuestToListAsync_ApiError_ThrowsHttpRequestException" storage="/app/src/clickup.api.client.tests/bin/debug/net9.0/clickup.api.client.tests.dll" id="dfa86d51-ee16-240f-a412-26f6a168a649">
      <Execution id="4325271b-570a-4de5-946c-57e1829d78e1" />
      <TestMethod codeBase="/app/src/ClickUp.Api.Client.Tests/bin/Debug/net9.0/ClickUp.Api.Client.Tests.dll" adapterTypeName="executor://xunit/VsTestRunner2/netcoreapp" className="ClickUp.Api.Client.Tests.ServiceTests.GuestsServiceTests" name="AddGuestToListAsync_ApiError_ThrowsHttpRequestException" />
    </UnitTest>
    <UnitTest name="ClickUp.Api.Client.Tests.ServiceTests.TaskChecklistsServiceTests.EditChecklistItemAsync_ApiConnectionThrowsHttpRequestException_PropagatesException" storage="/app/src/clickup.api.client.tests/bin/debug/net9.0/clickup.api.client.tests.dll" id="f6bdcac0-22ed-72e6-9550-717b92896985">
      <Execution id="bbc40e5d-c70d-4fe9-a754-55816ffb6f89" />
      <TestMethod codeBase="/app/src/ClickUp.Api.Client.Tests/bin/Debug/net9.0/ClickUp.Api.Client.Tests.dll" adapterTypeName="executor://xunit/VsTestRunner2/netcoreapp" className="ClickUp.Api.Client.Tests.ServiceTests.TaskChecklistsServiceTests" name="EditChecklistItemAsync_ApiConnectionThrowsHttpRequestException_PropagatesException" />
    </UnitTest>
    <UnitTest name="ClickUp.Api.Client.Tests.ServiceTests.ChatServiceTests.UpdateChatChannelAsync_ApiError_ThrowsHttpRequestException" storage="/app/src/clickup.api.client.tests/bin/debug/net9.0/clickup.api.client.tests.dll" id="12579a38-9224-a534-9694-f9d58779dd93">
      <Execution id="e5db1e12-4255-4313-9338-bf43507f422e" />
      <TestMethod codeBase="/app/src/ClickUp.Api.Client.Tests/bin/Debug/net9.0/ClickUp.Api.Client.Tests.dll" adapterTypeName="executor://xunit/VsTestRunner2/netcoreapp" className="ClickUp.Api.Client.Tests.ServiceTests.ChatServiceTests" name="UpdateChatChannelAsync_ApiError_ThrowsHttpRequestException" />
    </UnitTest>
    <UnitTest name="ClickUp.Api.Client.Tests.ServiceTests.WorkspacesServiceTests.GetWorkspaceSeatsAsync_ValidWorkspaceId_ReturnsSeatsResponse" storage="/app/src/clickup.api.client.tests/bin/debug/net9.0/clickup.api.client.tests.dll" id="b6f51341-a030-7010-92b4-f1c1a8bc9169">
      <Execution id="38bcadcf-3ba9-4d01-98cf-0388ebea2e14" />
      <TestMethod codeBase="/app/src/ClickUp.Api.Client.Tests/bin/Debug/net9.0/ClickUp.Api.Client.Tests.dll" adapterTypeName="executor://xunit/VsTestRunner2/netcoreapp" className="ClickUp.Api.Client.Tests.ServiceTests.WorkspacesServiceTests" name="GetWorkspaceSeatsAsync_ValidWorkspaceId_ReturnsSeatsResponse" />
    </UnitTest>
    <UnitTest name="ClickUp.Api.Client.Tests.ServiceTests.WebhooksServiceTests.CreateWebhookAsync_ValidRequest_ReturnsWebhook" storage="/app/src/clickup.api.client.tests/bin/debug/net9.0/clickup.api.client.tests.dll" id="570d2e98-25b4-429b-1b58-b7f94d923fa0">
      <Execution id="0be19263-626d-42ae-95be-647278306628" />
      <TestMethod codeBase="/app/src/ClickUp.Api.Client.Tests/bin/Debug/net9.0/ClickUp.Api.Client.Tests.dll" adapterTypeName="executor://xunit/VsTestRunner2/netcoreapp" className="ClickUp.Api.Client.Tests.ServiceTests.WebhooksServiceTests" name="CreateWebhookAsync_ValidRequest_ReturnsWebhook" />
    </UnitTest>
    <UnitTest name="ClickUp.Api.Client.Tests.ServiceTests.ChatServiceTests.GetChatChannelsAsync_ValidRequest_BuildsCorrectUrlAndReturnsResponse" storage="/app/src/clickup.api.client.tests/bin/debug/net9.0/clickup.api.client.tests.dll" id="1f98161b-00b2-ba0b-c4dd-2a3b9d61fecd">
      <Execution id="1a599586-fc6d-400d-97f0-8fe0619a4b04" />
      <TestMethod codeBase="/app/src/ClickUp.Api.Client.Tests/bin/Debug/net9.0/ClickUp.Api.Client.Tests.dll" adapterTypeName="executor://xunit/VsTestRunner2/netcoreapp" className="ClickUp.Api.Client.Tests.ServiceTests.ChatServiceTests" name="GetChatChannelsAsync_ValidRequest_BuildsCorrectUrlAndReturnsResponse" />
    </UnitTest>
    <UnitTest name="ClickUp.Api.Client.Tests.ServiceTests.SpacesServiceTests.CreateSpaceAsync_ValidRequest_ReturnsSpace" storage="/app/src/clickup.api.client.tests/bin/debug/net9.0/clickup.api.client.tests.dll" id="f9054252-86a9-2376-abd0-e7fcbaa75a2b">
      <Execution id="0fccced0-b675-4faa-957f-f796842fcdc9" />
      <TestMethod codeBase="/app/src/ClickUp.Api.Client.Tests/bin/Debug/net9.0/ClickUp.Api.Client.Tests.dll" adapterTypeName="executor://xunit/VsTestRunner2/netcoreapp" className="ClickUp.Api.Client.Tests.ServiceTests.SpacesServiceTests" name="CreateSpaceAsync_ValidRequest_ReturnsSpace" />
    </UnitTest>
    <UnitTest name="ClickUp.Api.Client.Tests.ServiceTests.TaskRelationshipsServiceTests.DeleteTaskLinkAsync_PassesCancellationTokenToApiConnection" storage="/app/src/clickup.api.client.tests/bin/debug/net9.0/clickup.api.client.tests.dll" id="e95468cf-0e28-32c4-2996-dea959a8d7d5">
      <Execution id="20ef9bf4-38b9-4f4d-bc5c-be4f00ecae1f" />
      <TestMethod codeBase="/app/src/ClickUp.Api.Client.Tests/bin/Debug/net9.0/ClickUp.Api.Client.Tests.dll" adapterTypeName="executor://xunit/VsTestRunner2/netcoreapp" className="ClickUp.Api.Client.Tests.ServiceTests.TaskRelationshipsServiceTests" name="DeleteTaskLinkAsync_PassesCancellationTokenToApiConnection" />
    </UnitTest>
    <UnitTest name="ClickUp.Api.Client.Tests.ServiceTests.ListsServiceTests.GetListAsync_ApiReturnsNullResponse_ThrowsInvalidOperationException" storage="/app/src/clickup.api.client.tests/bin/debug/net9.0/clickup.api.client.tests.dll" id="2be7544e-7b3b-7222-ed6c-048455d7cdad">
      <Execution id="c6acb1ee-55b5-47bd-8a59-15009ff623fd" />
      <TestMethod codeBase="/app/src/ClickUp.Api.Client.Tests/bin/Debug/net9.0/ClickUp.Api.Client.Tests.dll" adapterTypeName="executor://xunit/VsTestRunner2/netcoreapp" className="ClickUp.Api.Client.Tests.ServiceTests.ListsServiceTests" name="GetListAsync_ApiReturnsNullResponse_ThrowsInvalidOperationException" />
    </UnitTest>
    <UnitTest name="ClickUp.Api.Client.Tests.Integration.AuthorizationServiceIntegrationTests.GetAuthorizedUserAsync_WithInvalidToken_ThrowsClickUpApiAuthenticationException" storage="/app/src/clickup.api.client.tests/bin/debug/net9.0/clickup.api.client.tests.dll" id="a5a77c23-3fc3-73eb-726a-706853169a5b">
      <Properties>
        <Property Key="Category" Value="Integration" />
      </Properties>
      <Execution id="baa88826-3d39-402f-be2d-be23d34b6dbe" />
      <TestMethod codeBase="/app/src/ClickUp.Api.Client.Tests/bin/Debug/net9.0/ClickUp.Api.Client.Tests.dll" adapterTypeName="executor://xunit/VsTestRunner2/netcoreapp" className="ClickUp.Api.Client.Tests.Integration.AuthorizationServiceIntegrationTests" name="GetAuthorizedUserAsync_WithInvalidToken_ThrowsClickUpApiAuthenticationException" />
    </UnitTest>
    <UnitTest name="ClickUp.Api.Client.Tests.ServiceTests.FoldersServiceTests.GetFolderAsync_ApiReturnsNull_ThrowsInvalidOperationException" storage="/app/src/clickup.api.client.tests/bin/debug/net9.0/clickup.api.client.tests.dll" id="e2e9293a-4c73-471b-0e98-16ee7bb12ace">
      <Execution id="5de50e3a-e24c-41d5-b0bd-91aa40102fbf" />
      <TestMethod codeBase="/app/src/ClickUp.Api.Client.Tests/bin/Debug/net9.0/ClickUp.Api.Client.Tests.dll" adapterTypeName="executor://xunit/VsTestRunner2/netcoreapp" className="ClickUp.Api.Client.Tests.ServiceTests.FoldersServiceTests" name="GetFolderAsync_ApiReturnsNull_ThrowsInvalidOperationException" />
    </UnitTest>
    <UnitTest name="ClickUp.Api.Client.Tests.ServiceTests.TimeTrackingServiceTests.StartTimeEntryAsync_ValidRequest_ReturnsStartedTimeEntry" storage="/app/src/clickup.api.client.tests/bin/debug/net9.0/clickup.api.client.tests.dll" id="f72762c7-a54f-ad5e-19cd-19742e6bb18c">
      <Execution id="62e825f3-c1ef-4312-926b-a706c794637f" />
      <TestMethod codeBase="/app/src/ClickUp.Api.Client.Tests/bin/Debug/net9.0/ClickUp.Api.Client.Tests.dll" adapterTypeName="executor://xunit/VsTestRunner2/netcoreapp" className="ClickUp.Api.Client.Tests.ServiceTests.TimeTrackingServiceTests" name="StartTimeEntryAsync_ValidRequest_ReturnsStartedTimeEntry" />
    </UnitTest>
    <UnitTest name="ClickUp.Api.Client.Tests.ServiceTests.ChatServiceTests.CreateReplyMessageAsync_ApiError_ThrowsHttpRequestException" storage="/app/src/clickup.api.client.tests/bin/debug/net9.0/clickup.api.client.tests.dll" id="34db1a41-ae07-57ef-bc5b-624a4ed4ae66">
      <Execution id="99d77362-c039-4364-a284-a30f84f0856e" />
      <TestMethod codeBase="/app/src/ClickUp.Api.Client.Tests/bin/Debug/net9.0/ClickUp.Api.Client.Tests.dll" adapterTypeName="executor://xunit/VsTestRunner2/netcoreapp" className="ClickUp.Api.Client.Tests.ServiceTests.ChatServiceTests" name="CreateReplyMessageAsync_ApiError_ThrowsHttpRequestException" />
    </UnitTest>
    <UnitTest name="ClickUp.Api.Client.Tests.ServiceTests.FoldersServiceTests.CreateFolderFromTemplateAsync_PassesCancellationTokenToApiConnection" storage="/app/src/clickup.api.client.tests/bin/debug/net9.0/clickup.api.client.tests.dll" id="060a0ab5-38d7-1a51-f31b-f4f97a6b8532">
      <Execution id="96e3400e-ecc5-40e6-8b63-61c7221f1503" />
      <TestMethod codeBase="/app/src/ClickUp.Api.Client.Tests/bin/Debug/net9.0/ClickUp.Api.Client.Tests.dll" adapterTypeName="executor://xunit/VsTestRunner2/netcoreapp" className="ClickUp.Api.Client.Tests.ServiceTests.FoldersServiceTests" name="CreateFolderFromTemplateAsync_PassesCancellationTokenToApiConnection" />
    </UnitTest>
    <UnitTest name="ClickUp.Api.Client.Tests.ServiceTests.FoldersServiceTests.GetFolderAsync_PassesCancellationTokenToApiConnection" storage="/app/src/clickup.api.client.tests/bin/debug/net9.0/clickup.api.client.tests.dll" id="fe82358d-1255-07ca-16e6-994378e6173c">
      <Execution id="3b8b6596-2cd8-4678-9832-cdd7fe93a860" />
      <TestMethod codeBase="/app/src/ClickUp.Api.Client.Tests/bin/Debug/net9.0/ClickUp.Api.Client.Tests.dll" adapterTypeName="executor://xunit/VsTestRunner2/netcoreapp" className="ClickUp.Api.Client.Tests.ServiceTests.FoldersServiceTests" name="GetFolderAsync_PassesCancellationTokenToApiConnection" />
    </UnitTest>
    <UnitTest name="ClickUp.Api.Client.Tests.ServiceTests.CustomFieldsServiceTests.GetAccessibleCustomFieldsAsync_PassesCancellationTokenToApiConnection" storage="/app/src/clickup.api.client.tests/bin/debug/net9.0/clickup.api.client.tests.dll" id="2704797e-871f-8d89-561c-7af30a05128f">
      <Execution id="33e3a296-8c91-407e-875b-ed688ba32896" />
      <TestMethod codeBase="/app/src/ClickUp.Api.Client.Tests/bin/Debug/net9.0/ClickUp.Api.Client.Tests.dll" adapterTypeName="executor://xunit/VsTestRunner2/netcoreapp" className="ClickUp.Api.Client.Tests.ServiceTests.CustomFieldsServiceTests" name="GetAccessibleCustomFieldsAsync_PassesCancellationTokenToApiConnection" />
    </UnitTest>
    <UnitTest name="ClickUp.Api.Client.Tests.ServiceTests.ChatServiceTests.GetChatMessageTaggedUsersAsync_ApiError_ThrowsHttpRequestException" storage="/app/src/clickup.api.client.tests/bin/debug/net9.0/clickup.api.client.tests.dll" id="87976f7c-14dd-b9b7-be4a-35a8302aaf4c">
      <Execution id="7a2624e4-d937-494e-9007-54b79028a077" />
      <TestMethod codeBase="/app/src/ClickUp.Api.Client.Tests/bin/Debug/net9.0/ClickUp.Api.Client.Tests.dll" adapterTypeName="executor://xunit/VsTestRunner2/netcoreapp" className="ClickUp.Api.Client.Tests.ServiceTests.ChatServiceTests" name="GetChatMessageTaggedUsersAsync_ApiError_ThrowsHttpRequestException" />
    </UnitTest>
    <UnitTest name="ClickUp.Api.Client.Tests.ServiceTests.RolesServiceTests.GetCustomRolesAsync_WithIncludeMembers_ConstructsCorrectUrl(includeMembers: False, expectedUrl: &quot;team/ws_params/customroles?include_members=false&quot;)" storage="/app/src/clickup.api.client.tests/bin/debug/net9.0/clickup.api.client.tests.dll" id="6442377a-2b00-e812-5ab4-2cda87cd60f0">
      <Execution id="bc1faf18-7f71-41c9-96d1-fab8d5ae8d47" />
      <TestMethod codeBase="/app/src/ClickUp.Api.Client.Tests/bin/Debug/net9.0/ClickUp.Api.Client.Tests.dll" adapterTypeName="executor://xunit/VsTestRunner2/netcoreapp" className="ClickUp.Api.Client.Tests.ServiceTests.RolesServiceTests" name="GetCustomRolesAsync_WithIncludeMembers_ConstructsCorrectUrl" />
    </UnitTest>
    <UnitTest name="ClickUp.Api.Client.Tests.ServiceTests.ListsServiceTests.CreateFolderlessListAsync_ApiReturnsNullResponse_ThrowsInvalidOperationException" storage="/app/src/clickup.api.client.tests/bin/debug/net9.0/clickup.api.client.tests.dll" id="cc867c7c-0d5c-801d-c7c1-fb77450424f9">
      <Execution id="427224cc-0f9b-42bc-8887-486270bec0c7" />
      <TestMethod codeBase="/app/src/ClickUp.Api.Client.Tests/bin/Debug/net9.0/ClickUp.Api.Client.Tests.dll" adapterTypeName="executor://xunit/VsTestRunner2/netcoreapp" className="ClickUp.Api.Client.Tests.ServiceTests.ListsServiceTests" name="CreateFolderlessListAsync_ApiReturnsNullResponse_ThrowsInvalidOperationException" />
    </UnitTest>
    <UnitTest name="ClickUp.Api.Client.Tests.ServiceTests.ViewsServiceTests.GetFolderViewsAsync_ApiReturnsNull_ThrowsInvalidOperationException" storage="/app/src/clickup.api.client.tests/bin/debug/net9.0/clickup.api.client.tests.dll" id="8812ebd6-a94c-fad4-8b2a-125aaec04975">
      <Execution id="b24c2e99-21b9-443e-b779-aa45acbfe53e" />
      <TestMethod codeBase="/app/src/ClickUp.Api.Client.Tests/bin/Debug/net9.0/ClickUp.Api.Client.Tests.dll" adapterTypeName="executor://xunit/VsTestRunner2/netcoreapp" className="ClickUp.Api.Client.Tests.ServiceTests.ViewsServiceTests" name="GetFolderViewsAsync_ApiReturnsNull_ThrowsInvalidOperationException" />
    </UnitTest>
    <UnitTest name="ClickUp.Api.Client.Tests.ServiceTests.CustomFieldsServiceTests.SetCustomFieldValueAsync_ApiError_ThrowsHttpRequestException" storage="/app/src/clickup.api.client.tests/bin/debug/net9.0/clickup.api.client.tests.dll" id="675e2670-8de8-d481-d98d-0e72193293be">
      <Execution id="d0718a7c-7d7b-4c94-8162-f430bb7adef6" />
      <TestMethod codeBase="/app/src/ClickUp.Api.Client.Tests/bin/Debug/net9.0/ClickUp.Api.Client.Tests.dll" adapterTypeName="executor://xunit/VsTestRunner2/netcoreapp" className="ClickUp.Api.Client.Tests.ServiceTests.CustomFieldsServiceTests" name="SetCustomFieldValueAsync_ApiError_ThrowsHttpRequestException" />
    </UnitTest>
    <UnitTest name="ClickUp.Api.Client.Tests.ServiceTests.GoalsServiceTests.CreateKeyResultAsync_NullResponseData_ThrowsInvalidOperationException" storage="/app/src/clickup.api.client.tests/bin/debug/net9.0/clickup.api.client.tests.dll" id="b89d58f6-3451-4a52-c26c-ae9d3822f836">
      <Execution id="a912f5e4-2897-4f56-a34e-6a1107fa5310" />
      <TestMethod codeBase="/app/src/ClickUp.Api.Client.Tests/bin/Debug/net9.0/ClickUp.Api.Client.Tests.dll" adapterTypeName="executor://xunit/VsTestRunner2/netcoreapp" className="ClickUp.Api.Client.Tests.ServiceTests.GoalsServiceTests" name="CreateKeyResultAsync_NullResponseData_ThrowsInvalidOperationException" />
    </UnitTest>
    <UnitTest name="ClickUp.Api.Client.Tests.ServiceTests.TagsServiceTests.CreateSpaceTagAsync_PassesCancellationTokenToApiConnection" storage="/app/src/clickup.api.client.tests/bin/debug/net9.0/clickup.api.client.tests.dll" id="80130715-8654-c968-d178-dd7e1786799a">
      <Execution id="66253fb3-2c5d-4737-81cf-f0bf0aaec175" />
      <TestMethod codeBase="/app/src/ClickUp.Api.Client.Tests/bin/Debug/net9.0/ClickUp.Api.Client.Tests.dll" adapterTypeName="executor://xunit/VsTestRunner2/netcoreapp" className="ClickUp.Api.Client.Tests.ServiceTests.TagsServiceTests" name="CreateSpaceTagAsync_PassesCancellationTokenToApiConnection" />
    </UnitTest>
    <UnitTest name="ClickUp.Api.Client.Tests.ServiceTests.TaskChecklistsServiceTests.DeleteChecklistItemAsync_PassesCancellationTokenToApiConnection" storage="/app/src/clickup.api.client.tests/bin/debug/net9.0/clickup.api.client.tests.dll" id="1e5f29df-ed10-0b1f-d07d-d53b219d368d">
      <Execution id="59e2bf83-91fa-4201-a612-773baa5ff0ba" />
      <TestMethod codeBase="/app/src/ClickUp.Api.Client.Tests/bin/Debug/net9.0/ClickUp.Api.Client.Tests.dll" adapterTypeName="executor://xunit/VsTestRunner2/netcoreapp" className="ClickUp.Api.Client.Tests.ServiceTests.TaskChecklistsServiceTests" name="DeleteChecklistItemAsync_PassesCancellationTokenToApiConnection" />
    </UnitTest>
    <UnitTest name="ClickUp.Api.Client.Tests.Integration.AuthorizationServiceIntegrationTests.GetAuthorizedUserAsync_WithValidToken_ReturnsUser" storage="/app/src/clickup.api.client.tests/bin/debug/net9.0/clickup.api.client.tests.dll" id="0e83a29c-c336-f714-4279-3b30ab28abf1">
      <Properties>
        <Property Key="Category" Value="Integration" />
      </Properties>
      <Execution id="bef9d704-1a7f-43ca-87b0-222081acc0c6" />
      <TestMethod codeBase="/app/src/ClickUp.Api.Client.Tests/bin/Debug/net9.0/ClickUp.Api.Client.Tests.dll" adapterTypeName="executor://xunit/VsTestRunner2/netcoreapp" className="ClickUp.Api.Client.Tests.Integration.AuthorizationServiceIntegrationTests" name="GetAuthorizedUserAsync_WithValidToken_ReturnsUser" />
    </UnitTest>
    <UnitTest name="ClickUp.Api.Client.Tests.ServiceTests.TimeTrackingServiceTests.GetTimeEntryHistoryAsync_ApiReturnsNullResponse_ReturnsEmptyEnumerable" storage="/app/src/clickup.api.client.tests/bin/debug/net9.0/clickup.api.client.tests.dll" id="0e7a1813-5e2f-3c15-eca5-6462120e4310">
      <Execution id="ea7634fc-7d73-413c-a4c9-5b7be7adc460" />
      <TestMethod codeBase="/app/src/ClickUp.Api.Client.Tests/bin/Debug/net9.0/ClickUp.Api.Client.Tests.dll" adapterTypeName="executor://xunit/VsTestRunner2/netcoreapp" className="ClickUp.Api.Client.Tests.ServiceTests.TimeTrackingServiceTests" name="GetTimeEntryHistoryAsync_ApiReturnsNullResponse_ReturnsEmptyEnumerable" />
    </UnitTest>
    <UnitTest name="ClickUp.Api.Client.Tests.ServiceTests.GuestsServiceTests.RemoveGuestFromTaskAsync_PassesCancellationTokenToApiConnection" storage="/app/src/clickup.api.client.tests/bin/debug/net9.0/clickup.api.client.tests.dll" id="1a70e6dc-ed7f-99d8-a7c4-718e191e6269">
      <Execution id="4d362cf6-a26d-4955-ac49-aa083b6e8ea4" />
      <TestMethod codeBase="/app/src/ClickUp.Api.Client.Tests/bin/Debug/net9.0/ClickUp.Api.Client.Tests.dll" adapterTypeName="executor://xunit/VsTestRunner2/netcoreapp" className="ClickUp.Api.Client.Tests.ServiceTests.GuestsServiceTests" name="RemoveGuestFromTaskAsync_PassesCancellationTokenToApiConnection" />
    </UnitTest>
    <UnitTest name="ClickUp.Api.Client.Tests.ServiceTests.CustomFieldsServiceTests.RemoveCustomFieldValueAsync_PassesCancellationTokenToApiConnection" storage="/app/src/clickup.api.client.tests/bin/debug/net9.0/clickup.api.client.tests.dll" id="7e1f1d35-e167-a7a3-ef29-ab516cd5247c">
      <Execution id="ee320b40-4780-43f5-b217-20807e213c98" />
      <TestMethod codeBase="/app/src/ClickUp.Api.Client.Tests/bin/Debug/net9.0/ClickUp.Api.Client.Tests.dll" adapterTypeName="executor://xunit/VsTestRunner2/netcoreapp" className="ClickUp.Api.Client.Tests.ServiceTests.CustomFieldsServiceTests" name="RemoveCustomFieldValueAsync_PassesCancellationTokenToApiConnection" />
    </UnitTest>
    <UnitTest name="ClickUp.Api.Client.Tests.ServiceTests.TaskChecklistsServiceTests.DeleteChecklistItemAsync_ApiConnectionThrowsTaskCanceledException_PropagatesException" storage="/app/src/clickup.api.client.tests/bin/debug/net9.0/clickup.api.client.tests.dll" id="4184d3dd-ca69-c1b8-586f-f93c06d5d26b">
      <Execution id="080301f5-cdf0-4c58-85a6-a8c3b9315173" />
      <TestMethod codeBase="/app/src/ClickUp.Api.Client.Tests/bin/Debug/net9.0/ClickUp.Api.Client.Tests.dll" adapterTypeName="executor://xunit/VsTestRunner2/netcoreapp" className="ClickUp.Api.Client.Tests.ServiceTests.TaskChecklistsServiceTests" name="DeleteChecklistItemAsync_ApiConnectionThrowsTaskCanceledException_PropagatesException" />
    </UnitTest>
    <UnitTest name="ClickUp.Api.Client.Tests.ServiceTests.CommentServiceTests.DeleteCommentAsync_ApiConnectionThrowsException_PropagatesException" storage="/app/src/clickup.api.client.tests/bin/debug/net9.0/clickup.api.client.tests.dll" id="f9588afd-6fe7-8f3d-e924-6a0a0e764359">
      <Execution id="662d6e34-9314-42ef-ae8d-b2eb704816ee" />
      <TestMethod codeBase="/app/src/ClickUp.Api.Client.Tests/bin/Debug/net9.0/ClickUp.Api.Client.Tests.dll" adapterTypeName="executor://xunit/VsTestRunner2/netcoreapp" className="ClickUp.Api.Client.Tests.ServiceTests.CommentServiceTests" name="DeleteCommentAsync_ApiConnectionThrowsException_PropagatesException" />
    </UnitTest>
    <UnitTest name="ClickUp.Api.Client.Tests.ServiceTests.CommentServiceTests.CreateTaskCommentAsync_ApiConnectionThrowsTaskCanceledException_PropagatesException" storage="/app/src/clickup.api.client.tests/bin/debug/net9.0/clickup.api.client.tests.dll" id="fa070ce3-3c08-42bf-88c4-d169ef6e2c39">
      <Execution id="29f999c6-1144-47b5-acd0-cd74695a6902" />
      <TestMethod codeBase="/app/src/ClickUp.Api.Client.Tests/bin/Debug/net9.0/ClickUp.Api.Client.Tests.dll" adapterTypeName="executor://xunit/VsTestRunner2/netcoreapp" className="ClickUp.Api.Client.Tests.ServiceTests.CommentServiceTests" name="CreateTaskCommentAsync_ApiConnectionThrowsTaskCanceledException_PropagatesException" />
    </UnitTest>
    <UnitTest name="ClickUp.Api.Client.Tests.ServiceTests.ChatServiceTests.GetChatChannelMembersAsync_MinimalRequest_BuildsUrlAndReturnsResponse" storage="/app/src/clickup.api.client.tests/bin/debug/net9.0/clickup.api.client.tests.dll" id="acf704e6-6e76-ec7c-35c3-b31f4421f15c">
      <Execution id="8879cb3a-1b84-42d2-80e7-3e07291ce269" />
      <TestMethod codeBase="/app/src/ClickUp.Api.Client.Tests/bin/Debug/net9.0/ClickUp.Api.Client.Tests.dll" adapterTypeName="executor://xunit/VsTestRunner2/netcoreapp" className="ClickUp.Api.Client.Tests.ServiceTests.ChatServiceTests" name="GetChatChannelMembersAsync_MinimalRequest_BuildsUrlAndReturnsResponse" />
    </UnitTest>
    <UnitTest name="ClickUp.Api.Client.Tests.ServiceTests.UsersServiceTests.EditUserOnWorkspaceAsync_ApiConnectionThrowsTaskCanceledException_PropagatesException" storage="/app/src/clickup.api.client.tests/bin/debug/net9.0/clickup.api.client.tests.dll" id="8b526042-2739-8ce1-d8f4-c1bf02014643">
      <Execution id="e4c1416f-3600-462b-a40d-d9d383e8630a" />
      <TestMethod codeBase="/app/src/ClickUp.Api.Client.Tests/bin/Debug/net9.0/ClickUp.Api.Client.Tests.dll" adapterTypeName="executor://xunit/VsTestRunner2/netcoreapp" className="ClickUp.Api.Client.Tests.ServiceTests.UsersServiceTests" name="EditUserOnWorkspaceAsync_ApiConnectionThrowsTaskCanceledException_PropagatesException" />
    </UnitTest>
    <UnitTest name="ClickUp.Api.Client.Tests.ServiceTests.GuestsServiceTests.RemoveGuestFromListAsync_ValidRequest_CallsDeleteAndReturnsGuest" storage="/app/src/clickup.api.client.tests/bin/debug/net9.0/clickup.api.client.tests.dll" id="46b8a299-9fde-9539-71fe-3aef5b8601e2">
      <Execution id="4702fff3-3ae1-4b0c-8491-8eee57c4d67b" />
      <TestMethod codeBase="/app/src/ClickUp.Api.Client.Tests/bin/Debug/net9.0/ClickUp.Api.Client.Tests.dll" adapterTypeName="executor://xunit/VsTestRunner2/netcoreapp" className="ClickUp.Api.Client.Tests.ServiceTests.GuestsServiceTests" name="RemoveGuestFromListAsync_ValidRequest_CallsDeleteAndReturnsGuest" />
    </UnitTest>
    <UnitTest name="ClickUp.Api.Client.Tests.ServiceTests.TaskChecklistsServiceTests.EditChecklistAsync_PassesCancellationTokenToApiConnection" storage="/app/src/clickup.api.client.tests/bin/debug/net9.0/clickup.api.client.tests.dll" id="5fbca718-7a0e-355e-c07c-924a30024ba9">
      <Execution id="6649afe2-50b5-40b2-a2c1-2c7cf057ba36" />
      <TestMethod codeBase="/app/src/ClickUp.Api.Client.Tests/bin/Debug/net9.0/ClickUp.Api.Client.Tests.dll" adapterTypeName="executor://xunit/VsTestRunner2/netcoreapp" className="ClickUp.Api.Client.Tests.ServiceTests.TaskChecklistsServiceTests" name="EditChecklistAsync_PassesCancellationTokenToApiConnection" />
    </UnitTest>
    <UnitTest name="ClickUp.Api.Client.Tests.ServiceTests.TimeTrackingServiceTests.AddTagsToTimeEntriesAsync_ApiConnectionThrowsTaskCanceledException_PropagatesException" storage="/app/src/clickup.api.client.tests/bin/debug/net9.0/clickup.api.client.tests.dll" id="4bb0600b-7552-bec3-f9e2-bd119f76cea4">
      <Execution id="00bcdfaa-8353-484b-9a01-0a9fb063b6c6" />
      <TestMethod codeBase="/app/src/ClickUp.Api.Client.Tests/bin/Debug/net9.0/ClickUp.Api.Client.Tests.dll" adapterTypeName="executor://xunit/VsTestRunner2/netcoreapp" className="ClickUp.Api.Client.Tests.ServiceTests.TimeTrackingServiceTests" name="AddTagsToTimeEntriesAsync_ApiConnectionThrowsTaskCanceledException_PropagatesException" />
    </UnitTest>
    <UnitTest name="ClickUp.Api.Client.Tests.ServiceTests.GuestsServiceTests.RemoveGuestFromTaskAsync_ApiError_ThrowsHttpRequestException" storage="/app/src/clickup.api.client.tests/bin/debug/net9.0/clickup.api.client.tests.dll" id="4c9ecf77-59b5-b6a6-528c-23344d04e870">
      <Execution id="5be7f6b9-a1b3-481c-a2b0-239ebba61535" />
      <TestMethod codeBase="/app/src/ClickUp.Api.Client.Tests/bin/Debug/net9.0/ClickUp.Api.Client.Tests.dll" adapterTypeName="executor://xunit/VsTestRunner2/netcoreapp" className="ClickUp.Api.Client.Tests.ServiceTests.GuestsServiceTests" name="RemoveGuestFromTaskAsync_ApiError_ThrowsHttpRequestException" />
    </UnitTest>
    <UnitTest name="ClickUp.Api.Client.Tests.ServiceTests.CommentServiceTests.GetTaskCommentsAsync_IAsyncEnumerable_ReturnsEmpty_WhenNoComments" storage="/app/src/clickup.api.client.tests/bin/debug/net9.0/clickup.api.client.tests.dll" id="2d8ab494-87f3-3eb5-2d44-6b26816709fb">
      <Execution id="e716e51d-19e7-46bf-a56d-e8c2a4141aca" />
      <TestMethod codeBase="/app/src/ClickUp.Api.Client.Tests/bin/Debug/net9.0/ClickUp.Api.Client.Tests.dll" adapterTypeName="executor://xunit/VsTestRunner2/netcoreapp" className="ClickUp.Api.Client.Tests.ServiceTests.CommentServiceTests" name="GetTaskCommentsAsync_IAsyncEnumerable_ReturnsEmpty_WhenNoComments" />
    </UnitTest>
    <UnitTest name="ClickUp.Api.Client.Tests.ServiceTests.AttachmentsServiceTests.CreateTaskAttachmentAsync_ApiConnectionReturnsNull_ThrowsInvalidOperationException" storage="/app/src/clickup.api.client.tests/bin/debug/net9.0/clickup.api.client.tests.dll" id="4e8d34fb-f4b6-28e4-b444-7aeea57cc091">
      <Execution id="6cb213a7-3341-47b6-939e-271d6149aaf8" />
      <TestMethod codeBase="/app/src/ClickUp.Api.Client.Tests/bin/Debug/net9.0/ClickUp.Api.Client.Tests.dll" adapterTypeName="executor://xunit/VsTestRunner2/netcoreapp" className="ClickUp.Api.Client.Tests.ServiceTests.AttachmentsServiceTests" name="CreateTaskAttachmentAsync_ApiConnectionReturnsNull_ThrowsInvalidOperationException" />
    </UnitTest>
    <UnitTest name="ClickUp.Api.Client.Tests.ServiceTests.TaskChecklistsServiceTests.CreateChecklistItemAsync_ApiReturnsResponseWithNullChecklist_ThrowsInvalidOperationException" storage="/app/src/clickup.api.client.tests/bin/debug/net9.0/clickup.api.client.tests.dll" id="40af15f1-3c4b-b585-b45f-69578573be98">
      <Execution id="b8d50822-f457-430a-8909-339b9e00704a" />
      <TestMethod codeBase="/app/src/ClickUp.Api.Client.Tests/bin/Debug/net9.0/ClickUp.Api.Client.Tests.dll" adapterTypeName="executor://xunit/VsTestRunner2/netcoreapp" className="ClickUp.Api.Client.Tests.ServiceTests.TaskChecklistsServiceTests" name="CreateChecklistItemAsync_ApiReturnsResponseWithNullChecklist_ThrowsInvalidOperationException" />
    </UnitTest>
    <UnitTest name="ClickUp.Api.Client.Tests.ServiceTests.DocsServiceTests.GetDocPagesAsync_ValidRequest_BuildsUrlAndReturnsPages" storage="/app/src/clickup.api.client.tests/bin/debug/net9.0/clickup.api.client.tests.dll" id="01e7d27d-5dfb-11ca-f36b-fb5e7da77ca3">
      <Execution id="229c3f56-8cb2-4af5-8965-5f51897d90ec" />
      <TestMethod codeBase="/app/src/ClickUp.Api.Client.Tests/bin/Debug/net9.0/ClickUp.Api.Client.Tests.dll" adapterTypeName="executor://xunit/VsTestRunner2/netcoreapp" className="ClickUp.Api.Client.Tests.ServiceTests.DocsServiceTests" name="GetDocPagesAsync_ValidRequest_BuildsUrlAndReturnsPages" />
    </UnitTest>
    <UnitTest name="ClickUp.Api.Client.Tests.ServiceTests.GoalsServiceTests.CreateGoalAsync_ApiConnectionThrowsTaskCanceledException_PropagatesException" storage="/app/src/clickup.api.client.tests/bin/debug/net9.0/clickup.api.client.tests.dll" id="cbc7773d-8c1a-833d-6ca3-5c12e4916814">
      <Execution id="918d7023-b98b-4c88-8038-c970a2e56d3e" />
      <TestMethod codeBase="/app/src/ClickUp.Api.Client.Tests/bin/Debug/net9.0/ClickUp.Api.Client.Tests.dll" adapterTypeName="executor://xunit/VsTestRunner2/netcoreapp" className="ClickUp.Api.Client.Tests.ServiceTests.GoalsServiceTests" name="CreateGoalAsync_ApiConnectionThrowsTaskCanceledException_PropagatesException" />
    </UnitTest>
    <UnitTest name="ClickUp.Api.Client.Tests.ServiceTests.TimeTrackingServiceTests.GetTimeEntryAsync_ApiConnectionThrowsTaskCanceledException_PropagatesException" storage="/app/src/clickup.api.client.tests/bin/debug/net9.0/clickup.api.client.tests.dll" id="c283905a-c94a-e35b-3c4e-06b1ee829ec7">
      <Execution id="6714b7de-95dd-4e29-8edf-77d430314eee" />
      <TestMethod codeBase="/app/src/ClickUp.Api.Client.Tests/bin/Debug/net9.0/ClickUp.Api.Client.Tests.dll" adapterTypeName="executor://xunit/VsTestRunner2/netcoreapp" className="ClickUp.Api.Client.Tests.ServiceTests.TimeTrackingServiceTests" name="GetTimeEntryAsync_ApiConnectionThrowsTaskCanceledException_PropagatesException" />
    </UnitTest>
    <UnitTest name="ClickUp.Api.Client.Tests.ServiceTests.GuestsServiceTests.GetGuestAsync_NullApiResponse_ThrowsInvalidOperationException" storage="/app/src/clickup.api.client.tests/bin/debug/net9.0/clickup.api.client.tests.dll" id="fbd963d5-8fdc-5f98-443c-7fe2f17bd0bf">
      <Execution id="00d42a19-fc6f-4d3d-af9d-2611b0f8a18f" />
      <TestMethod codeBase="/app/src/ClickUp.Api.Client.Tests/bin/Debug/net9.0/ClickUp.Api.Client.Tests.dll" adapterTypeName="executor://xunit/VsTestRunner2/netcoreapp" className="ClickUp.Api.Client.Tests.ServiceTests.GuestsServiceTests" name="GetGuestAsync_NullApiResponse_ThrowsInvalidOperationException" />
    </UnitTest>
    <UnitTest name="ClickUp.Api.Client.Tests.ServiceTests.FoldersServiceTests.GetFolderAsync_ValidId_ReturnsFolder" storage="/app/src/clickup.api.client.tests/bin/debug/net9.0/clickup.api.client.tests.dll" id="c773f17e-b775-ef06-613c-7b13dda1c4a3">
      <Execution id="03a01fe2-e8dd-4e26-9f0d-63af6e10b3a7" />
      <TestMethod codeBase="/app/src/ClickUp.Api.Client.Tests/bin/Debug/net9.0/ClickUp.Api.Client.Tests.dll" adapterTypeName="executor://xunit/VsTestRunner2/netcoreapp" className="ClickUp.Api.Client.Tests.ServiceTests.FoldersServiceTests" name="GetFolderAsync_ValidId_ReturnsFolder" />
    </UnitTest>
    <UnitTest name="ClickUp.Api.Client.Tests.ServiceTests.GoalsServiceTests.DeleteGoalAsync_PassesCancellationTokenToApiConnection" storage="/app/src/clickup.api.client.tests/bin/debug/net9.0/clickup.api.client.tests.dll" id="00ad0c06-8a51-2cd4-079d-9ed4022e7cf7">
      <Execution id="dad24770-bfb0-4f42-9470-2680e5e51c3c" />
      <TestMethod codeBase="/app/src/ClickUp.Api.Client.Tests/bin/Debug/net9.0/ClickUp.Api.Client.Tests.dll" adapterTypeName="executor://xunit/VsTestRunner2/netcoreapp" className="ClickUp.Api.Client.Tests.ServiceTests.GoalsServiceTests" name="DeleteGoalAsync_PassesCancellationTokenToApiConnection" />
    </UnitTest>
    <UnitTest name="ClickUp.Api.Client.Tests.ServiceTests.CommentServiceTests.CreateChatViewCommentAsync_ValidInput_CallsApiConnectionPostAsyncWithCorrectParameters" storage="/app/src/clickup.api.client.tests/bin/debug/net9.0/clickup.api.client.tests.dll" id="ff8e5368-8586-954c-9206-ce80c08a8e42">
      <Execution id="a67856d6-f4cd-4e96-9e5d-4b4306ff2f32" />
      <TestMethod codeBase="/app/src/ClickUp.Api.Client.Tests/bin/Debug/net9.0/ClickUp.Api.Client.Tests.dll" adapterTypeName="executor://xunit/VsTestRunner2/netcoreapp" className="ClickUp.Api.Client.Tests.ServiceTests.CommentServiceTests" name="CreateChatViewCommentAsync_ValidInput_CallsApiConnectionPostAsyncWithCorrectParameters" />
    </UnitTest>
    <UnitTest name="ClickUp.Api.Client.Tests.Models.Serialization.Converters.JsonStringOrNumberConverterTests.Read_WhenJsonIsString_ShouldReturnString" storage="/app/src/clickup.api.client.tests/bin/debug/net9.0/clickup.api.client.tests.dll" id="bb976e19-65fc-b580-3e4b-cb83b66ef1ab">
      <Execution id="925dff70-9bb2-41bc-a412-a3559c6e2c4d" />
      <TestMethod codeBase="/app/src/ClickUp.Api.Client.Tests/bin/Debug/net9.0/ClickUp.Api.Client.Tests.dll" adapterTypeName="executor://xunit/VsTestRunner2/netcoreapp" className="ClickUp.Api.Client.Tests.Models.Serialization.Converters.JsonStringOrNumberConverterTests" name="Read_WhenJsonIsString_ShouldReturnString" />
    </UnitTest>
    <UnitTest name="ClickUp.Api.Client.Tests.ServiceTests.CommentServiceTests.GetThreadedCommentsAsync_PassesCancellationTokenToApiConnection" storage="/app/src/clickup.api.client.tests/bin/debug/net9.0/clickup.api.client.tests.dll" id="334f90e3-9090-3910-ec93-4148e933e055">
      <Execution id="3deb966c-f62f-4f91-996a-6f478b041d23" />
      <TestMethod codeBase="/app/src/ClickUp.Api.Client.Tests/bin/Debug/net9.0/ClickUp.Api.Client.Tests.dll" adapterTypeName="executor://xunit/VsTestRunner2/netcoreapp" className="ClickUp.Api.Client.Tests.ServiceTests.CommentServiceTests" name="GetThreadedCommentsAsync_PassesCancellationTokenToApiConnection" />
    </UnitTest>
    <UnitTest name="ClickUp.Api.Client.Tests.ServiceTests.CustomFieldsServiceTests.GetFolderCustomFieldsAsync_PassesCancellationTokenToApiConnection" storage="/app/src/clickup.api.client.tests/bin/debug/net9.0/clickup.api.client.tests.dll" id="9fe5da7b-8344-b527-8330-6fbce0aa2ad1">
      <Execution id="b6845627-fa04-4db8-94fa-1d086166bfcb" />
      <TestMethod codeBase="/app/src/ClickUp.Api.Client.Tests/bin/Debug/net9.0/ClickUp.Api.Client.Tests.dll" adapterTypeName="executor://xunit/VsTestRunner2/netcoreapp" className="ClickUp.Api.Client.Tests.ServiceTests.CustomFieldsServiceTests" name="GetFolderCustomFieldsAsync_PassesCancellationTokenToApiConnection" />
    </UnitTest>
    <UnitTest name="ClickUp.Api.Client.Tests.ServiceTests.ListsServiceTests.GetFolderlessListsAsyncEnumerableAsync_HandlesApiError" storage="/app/src/clickup.api.client.tests/bin/debug/net9.0/clickup.api.client.tests.dll" id="c6cb1ae3-0175-ebe0-cbe2-c8cec6618f3a">
      <Execution id="4f42dd3a-86f4-4e94-8d1e-cc7276d3c179" />
      <TestMethod codeBase="/app/src/ClickUp.Api.Client.Tests/bin/Debug/net9.0/ClickUp.Api.Client.Tests.dll" adapterTypeName="executor://xunit/VsTestRunner2/netcoreapp" className="ClickUp.Api.Client.Tests.ServiceTests.ListsServiceTests" name="GetFolderlessListsAsyncEnumerableAsync_HandlesApiError" />
    </UnitTest>
    <UnitTest name="ClickUp.Api.Client.Tests.ServiceTests.WorkspacesServiceTests.GetWorkspacePlanAsync_PassesCancellationTokenToApiConnection" storage="/app/src/clickup.api.client.tests/bin/debug/net9.0/clickup.api.client.tests.dll" id="9415dd1f-0072-fe71-547a-377104a39855">
      <Execution id="af41e93b-56ee-43ad-9f17-7822b3567352" />
      <TestMethod codeBase="/app/src/ClickUp.Api.Client.Tests/bin/Debug/net9.0/ClickUp.Api.Client.Tests.dll" adapterTypeName="executor://xunit/VsTestRunner2/netcoreapp" className="ClickUp.Api.Client.Tests.ServiceTests.WorkspacesServiceTests" name="GetWorkspacePlanAsync_PassesCancellationTokenToApiConnection" />
    </UnitTest>
    <UnitTest name="ClickUp.Api.Client.Tests.ServiceTests.ListsServiceTests.GetFolderlessListsAsyncEnumerableAsync_ReturnsAllLists_WhenMultiplePages" storage="/app/src/clickup.api.client.tests/bin/debug/net9.0/clickup.api.client.tests.dll" id="8c1ea02a-7c9b-6e5c-1358-475fd593bfdd">
      <Execution id="e15d96ac-3a3c-44bd-9832-252ba0074619" />
      <TestMethod codeBase="/app/src/ClickUp.Api.Client.Tests/bin/Debug/net9.0/ClickUp.Api.Client.Tests.dll" adapterTypeName="executor://xunit/VsTestRunner2/netcoreapp" className="ClickUp.Api.Client.Tests.ServiceTests.ListsServiceTests" name="GetFolderlessListsAsyncEnumerableAsync_ReturnsAllLists_WhenMultiplePages" />
    </UnitTest>
    <UnitTest name="ClickUp.Api.Client.Tests.ServiceTests.TimeTrackingServiceTests.AddTagsToTimeEntriesAsync_PassesCancellationTokenToApiConnection" storage="/app/src/clickup.api.client.tests/bin/debug/net9.0/clickup.api.client.tests.dll" id="e8c9d034-4940-a993-5fdb-45ecf9af63fa">
      <Execution id="3087c1e6-828f-4951-8912-8abd9d80c7e5" />
      <TestMethod codeBase="/app/src/ClickUp.Api.Client.Tests/bin/Debug/net9.0/ClickUp.Api.Client.Tests.dll" adapterTypeName="executor://xunit/VsTestRunner2/netcoreapp" className="ClickUp.Api.Client.Tests.ServiceTests.TimeTrackingServiceTests" name="AddTagsToTimeEntriesAsync_PassesCancellationTokenToApiConnection" />
    </UnitTest>
    <UnitTest name="ClickUp.Api.Client.Tests.ServiceTests.TagsServiceTests.AddTagToTaskAsync_ApiConnectionThrowsHttpRequestException_PropagatesException" storage="/app/src/clickup.api.client.tests/bin/debug/net9.0/clickup.api.client.tests.dll" id="99aa1ae7-f783-a977-8317-5f1ee410306e">
      <Execution id="05112317-6d76-4592-b481-52a63ac84271" />
      <TestMethod codeBase="/app/src/ClickUp.Api.Client.Tests/bin/Debug/net9.0/ClickUp.Api.Client.Tests.dll" adapterTypeName="executor://xunit/VsTestRunner2/netcoreapp" className="ClickUp.Api.Client.Tests.ServiceTests.TagsServiceTests" name="AddTagToTaskAsync_ApiConnectionThrowsHttpRequestException_PropagatesException" />
    </UnitTest>
    <UnitTest name="ClickUp.Api.Client.Tests.ServiceTests.UserGroupServiceTests.CreateUserGroupAsync_ValidRequest_ReturnsUserGroup" storage="/app/src/clickup.api.client.tests/bin/debug/net9.0/clickup.api.client.tests.dll" id="5029c3b5-d588-cd35-ac8d-8e98a6748ee3">
      <Execution id="02946c46-72fe-4835-a32a-f60178c1a932" />
      <TestMethod codeBase="/app/src/ClickUp.Api.Client.Tests/bin/Debug/net9.0/ClickUp.Api.Client.Tests.dll" adapterTypeName="executor://xunit/VsTestRunner2/netcoreapp" className="ClickUp.Api.Client.Tests.ServiceTests.UserGroupServiceTests" name="CreateUserGroupAsync_ValidRequest_ReturnsUserGroup" />
    </UnitTest>
    <UnitTest name="ClickUp.Api.Client.Tests.ServiceTests.FoldersServiceTests.CreateFolderFromTemplateAsync_ApiConnectionThrowsTaskCanceledException_PropagatesException" storage="/app/src/clickup.api.client.tests/bin/debug/net9.0/clickup.api.client.tests.dll" id="b525a9d3-5ad0-5c70-a1c9-be78c0c85d0c">
      <Execution id="80bfc7b0-46ed-4de3-99a2-bfe60d6f1f79" />
      <TestMethod codeBase="/app/src/ClickUp.Api.Client.Tests/bin/Debug/net9.0/ClickUp.Api.Client.Tests.dll" adapterTypeName="executor://xunit/VsTestRunner2/netcoreapp" className="ClickUp.Api.Client.Tests.ServiceTests.FoldersServiceTests" name="CreateFolderFromTemplateAsync_ApiConnectionThrowsTaskCanceledException_PropagatesException" />
    </UnitTest>
    <UnitTest name="ClickUp.Api.Client.Tests.ServiceTests.SpacesServiceTests.CreateSpaceAsync_PassesCancellationTokenToApiConnection" storage="/app/src/clickup.api.client.tests/bin/debug/net9.0/clickup.api.client.tests.dll" id="561d9772-0316-21fe-2400-8e017df75524">
      <Execution id="8eb218ee-67b1-41d6-9c96-9dd059356dd7" />
      <TestMethod codeBase="/app/src/ClickUp.Api.Client.Tests/bin/Debug/net9.0/ClickUp.Api.Client.Tests.dll" adapterTypeName="executor://xunit/VsTestRunner2/netcoreapp" className="ClickUp.Api.Client.Tests.ServiceTests.SpacesServiceTests" name="CreateSpaceAsync_PassesCancellationTokenToApiConnection" />
    </UnitTest>
    <UnitTest name="ClickUp.Api.Client.Tests.ServiceTests.ListsServiceTests.GetListAsync_ApiConnectionThrowsHttpRequestException_PropagatesException" storage="/app/src/clickup.api.client.tests/bin/debug/net9.0/clickup.api.client.tests.dll" id="c5fae893-eb66-6e9d-af0b-8952ca2daecc">
      <Execution id="d034d769-cd4b-4fbe-8f71-f341c02c3a34" />
      <TestMethod codeBase="/app/src/ClickUp.Api.Client.Tests/bin/Debug/net9.0/ClickUp.Api.Client.Tests.dll" adapterTypeName="executor://xunit/VsTestRunner2/netcoreapp" className="ClickUp.Api.Client.Tests.ServiceTests.ListsServiceTests" name="GetListAsync_ApiConnectionThrowsHttpRequestException_PropagatesException" />
    </UnitTest>
    <UnitTest name="ClickUp.Api.Client.Tests.ServiceTests.TimeTrackingServiceTests.GetAllTimeEntryTagsAsync_PassesCancellationTokenToApiConnection" storage="/app/src/clickup.api.client.tests/bin/debug/net9.0/clickup.api.client.tests.dll" id="c3a8c95e-a906-3842-0974-bcb69399281c">
      <Execution id="bdff2e43-2504-4205-bb5c-24049142cf06" />
      <TestMethod codeBase="/app/src/ClickUp.Api.Client.Tests/bin/Debug/net9.0/ClickUp.Api.Client.Tests.dll" adapterTypeName="executor://xunit/VsTestRunner2/netcoreapp" className="ClickUp.Api.Client.Tests.ServiceTests.TimeTrackingServiceTests" name="GetAllTimeEntryTagsAsync_PassesCancellationTokenToApiConnection" />
    </UnitTest>
    <UnitTest name="ClickUp.Api.Client.Tests.ServiceTests.MembersServiceTests.GetListMembersAsync_ApiReturnsResponseWithNullMembers_ReturnsEmptyEnumerable" storage="/app/src/clickup.api.client.tests/bin/debug/net9.0/clickup.api.client.tests.dll" id="73dfb1c8-1ee0-ba4e-93db-2f57b9c5c6e5">
      <Execution id="f277c314-5c28-4eaf-ad77-47cb3a0245a5" />
      <TestMethod codeBase="/app/src/ClickUp.Api.Client.Tests/bin/Debug/net9.0/ClickUp.Api.Client.Tests.dll" adapterTypeName="executor://xunit/VsTestRunner2/netcoreapp" className="ClickUp.Api.Client.Tests.ServiceTests.MembersServiceTests" name="GetListMembersAsync_ApiReturnsResponseWithNullMembers_ReturnsEmptyEnumerable" />
    </UnitTest>
    <UnitTest name="ClickUp.Api.Client.Tests.ServiceTests.ChatServiceTests.CreateChatReactionAsync_ValidRequest_CallsPostAndReturnsReaction" storage="/app/src/clickup.api.client.tests/bin/debug/net9.0/clickup.api.client.tests.dll" id="1640ab59-3d48-3db5-9028-b768d88243d1">
      <Execution id="b08b5f6a-5eda-432b-a29a-4f88de41fac6" />
      <TestMethod codeBase="/app/src/ClickUp.Api.Client.Tests/bin/Debug/net9.0/ClickUp.Api.Client.Tests.dll" adapterTypeName="executor://xunit/VsTestRunner2/netcoreapp" className="ClickUp.Api.Client.Tests.ServiceTests.ChatServiceTests" name="CreateChatReactionAsync_ValidRequest_CallsPostAndReturnsReaction" />
    </UnitTest>
    <UnitTest name="ClickUp.Api.Client.Tests.ServiceTests.DocsServiceTests.EditPageAsync_ValidRequest_CallsPutAsync" storage="/app/src/clickup.api.client.tests/bin/debug/net9.0/clickup.api.client.tests.dll" id="ccf79253-a57c-36f1-e922-c20571fa8b5f">
      <Execution id="dc17bda9-9333-4251-a51f-40d2a30eefcb" />
      <TestMethod codeBase="/app/src/ClickUp.Api.Client.Tests/bin/Debug/net9.0/ClickUp.Api.Client.Tests.dll" adapterTypeName="executor://xunit/VsTestRunner2/netcoreapp" className="ClickUp.Api.Client.Tests.ServiceTests.DocsServiceTests" name="EditPageAsync_ValidRequest_CallsPutAsync" />
    </UnitTest>
    <UnitTest name="ClickUp.Api.Client.Tests.ServiceTests.UserGroupServiceTests.DeleteUserGroupAsync_ValidGroupId_CallsDeleteAsync" storage="/app/src/clickup.api.client.tests/bin/debug/net9.0/clickup.api.client.tests.dll" id="525066eb-7153-bffe-95f1-f352ab1e697a">
      <Execution id="edd3af00-01d7-4c05-9627-cd898e9ef3d2" />
      <TestMethod codeBase="/app/src/ClickUp.Api.Client.Tests/bin/Debug/net9.0/ClickUp.Api.Client.Tests.dll" adapterTypeName="executor://xunit/VsTestRunner2/netcoreapp" className="ClickUp.Api.Client.Tests.ServiceTests.UserGroupServiceTests" name="DeleteUserGroupAsync_ValidGroupId_CallsDeleteAsync" />
    </UnitTest>
    <UnitTest name="ClickUp.Api.Client.Tests.ServiceTests.ListsServiceTests.DeleteListAsync_ApiConnectionThrowsHttpRequestException_PropagatesException" storage="/app/src/clickup.api.client.tests/bin/debug/net9.0/clickup.api.client.tests.dll" id="cd556b6b-ff5d-c391-c786-354eac177599">
      <Execution id="a0268eb9-2f60-4751-a8df-1e0f23f9a5fe" />
      <TestMethod codeBase="/app/src/ClickUp.Api.Client.Tests/bin/Debug/net9.0/ClickUp.Api.Client.Tests.dll" adapterTypeName="executor://xunit/VsTestRunner2/netcoreapp" className="ClickUp.Api.Client.Tests.ServiceTests.ListsServiceTests" name="DeleteListAsync_ApiConnectionThrowsHttpRequestException_PropagatesException" />
    </UnitTest>
    <UnitTest name="ClickUp.Api.Client.Tests.ServiceTests.ListsServiceTests.CreateListFromTemplateInSpaceAsync_PassesCancellationTokenToApiConnection" storage="/app/src/clickup.api.client.tests/bin/debug/net9.0/clickup.api.client.tests.dll" id="00b82c02-2151-2480-b488-fce89b6e3b07">
      <Execution id="b269419c-575f-45ab-8174-ab74570f03d4" />
      <TestMethod codeBase="/app/src/ClickUp.Api.Client.Tests/bin/Debug/net9.0/ClickUp.Api.Client.Tests.dll" adapterTypeName="executor://xunit/VsTestRunner2/netcoreapp" className="ClickUp.Api.Client.Tests.ServiceTests.ListsServiceTests" name="CreateListFromTemplateInSpaceAsync_PassesCancellationTokenToApiConnection" />
    </UnitTest>
    <UnitTest name="ClickUp.Api.Client.Tests.ServiceTests.AttachmentsServiceTests.CreateTaskAttachmentAsync_ApiConnectionThrowsException_PropagatesException" storage="/app/src/clickup.api.client.tests/bin/debug/net9.0/clickup.api.client.tests.dll" id="613be7f4-a7a7-5395-df61-0abb70eb195e">
      <Execution id="cd578b22-4d89-403b-a72b-df73c2aec058" />
      <TestMethod codeBase="/app/src/ClickUp.Api.Client.Tests/bin/Debug/net9.0/ClickUp.Api.Client.Tests.dll" adapterTypeName="executor://xunit/VsTestRunner2/netcoreapp" className="ClickUp.Api.Client.Tests.ServiceTests.AttachmentsServiceTests" name="CreateTaskAttachmentAsync_ApiConnectionThrowsException_PropagatesException" />
    </UnitTest>
    <UnitTest name="ClickUp.Api.Client.Tests.Http.ApiConnectionTests.GetAsync_ThrowsCorrectException_ForGeneralErrorStatusCodes(statusCode: BadGateway, expectedExceptionType: typeof(ClickUp.Api.Client.Models.Exceptions.ClickUpApiServerException), expectedMessageContent: &quot;Bad Gateway&quot;)" storage="/app/src/clickup.api.client.tests/bin/debug/net9.0/clickup.api.client.tests.dll" id="7f534aaf-3d3a-6b6e-7f78-02adb85253d7">
      <Execution id="9134f27d-464d-4a4d-903c-67df95a4a8cf" />
      <TestMethod codeBase="/app/src/ClickUp.Api.Client.Tests/bin/Debug/net9.0/ClickUp.Api.Client.Tests.dll" adapterTypeName="executor://xunit/VsTestRunner2/netcoreapp" className="ClickUp.Api.Client.Tests.Http.ApiConnectionTests" name="GetAsync_ThrowsCorrectException_ForGeneralErrorStatusCodes" />
    </UnitTest>
    <UnitTest name="ClickUp.Api.Client.Tests.ServiceTests.ChatServiceTests.UpdateChatMessageAsync_ApiError_ThrowsHttpRequestException" storage="/app/src/clickup.api.client.tests/bin/debug/net9.0/clickup.api.client.tests.dll" id="af662909-c2b2-cc32-22b4-6721aba0f3b3">
      <Execution id="1fdb41a1-d709-4399-91f4-2711e5ec9958" />
      <TestMethod codeBase="/app/src/ClickUp.Api.Client.Tests/bin/Debug/net9.0/ClickUp.Api.Client.Tests.dll" adapterTypeName="executor://xunit/VsTestRunner2/netcoreapp" className="ClickUp.Api.Client.Tests.ServiceTests.ChatServiceTests" name="UpdateChatMessageAsync_ApiError_ThrowsHttpRequestException" />
    </UnitTest>
    <UnitTest name="ClickUp.Api.Client.Tests.Http.ApiConnectionTests.GetAsync_ThrowsCorrectException_ForGeneralErrorStatusCodes(statusCode: GatewayTimeout, expectedExceptionType: typeof(ClickUp.Api.Client.Models.Exceptions.ClickUpApiServerException), expectedMessageContent: &quot;Gateway Timeout&quot;)" storage="/app/src/clickup.api.client.tests/bin/debug/net9.0/clickup.api.client.tests.dll" id="f877fa82-b666-1ee2-d996-68f2efcc932e">
      <Execution id="eed3e7b5-632a-4e48-ab47-6489edb328f8" />
      <TestMethod codeBase="/app/src/ClickUp.Api.Client.Tests/bin/Debug/net9.0/ClickUp.Api.Client.Tests.dll" adapterTypeName="executor://xunit/VsTestRunner2/netcoreapp" className="ClickUp.Api.Client.Tests.Http.ApiConnectionTests" name="GetAsync_ThrowsCorrectException_ForGeneralErrorStatusCodes" />
    </UnitTest>
    <UnitTest name="ClickUp.Api.Client.Tests.ServiceTests.ChatServiceTests.CreateReplyMessageAsync_NullResponse_ThrowsInvalidOperationException" storage="/app/src/clickup.api.client.tests/bin/debug/net9.0/clickup.api.client.tests.dll" id="fe82db39-aa79-3bc4-cad5-8a81cc6a37c5">
      <Execution id="b5627259-04bd-47e2-ba45-60488ea05b46" />
      <TestMethod codeBase="/app/src/ClickUp.Api.Client.Tests/bin/Debug/net9.0/ClickUp.Api.Client.Tests.dll" adapterTypeName="executor://xunit/VsTestRunner2/netcoreapp" className="ClickUp.Api.Client.Tests.ServiceTests.ChatServiceTests" name="CreateReplyMessageAsync_NullResponse_ThrowsInvalidOperationException" />
    </UnitTest>
    <UnitTest name="ClickUp.Api.Client.Tests.ServiceTests.CommentServiceTests.GetChatViewCommentsAsync_PassesCancellationTokenToApiConnection" storage="/app/src/clickup.api.client.tests/bin/debug/net9.0/clickup.api.client.tests.dll" id="7719e203-2337-c642-9646-c6f6ea3c2fd5">
      <Execution id="d096002b-7b06-4fc7-940d-52592a6f1893" />
      <TestMethod codeBase="/app/src/ClickUp.Api.Client.Tests/bin/Debug/net9.0/ClickUp.Api.Client.Tests.dll" adapterTypeName="executor://xunit/VsTestRunner2/netcoreapp" className="ClickUp.Api.Client.Tests.ServiceTests.CommentServiceTests" name="GetChatViewCommentsAsync_PassesCancellationTokenToApiConnection" />
    </UnitTest>
    <UnitTest name="ClickUp.Api.Client.Tests.ServiceTests.GoalsServiceTests.DeleteGoalAsync_ApiError_ThrowsHttpRequestException" storage="/app/src/clickup.api.client.tests/bin/debug/net9.0/clickup.api.client.tests.dll" id="ca2b40c5-5ae1-bcc9-b91c-ceb89636f876">
      <Execution id="f1663132-0a53-4071-98c1-4a6f25deeaa9" />
      <TestMethod codeBase="/app/src/ClickUp.Api.Client.Tests/bin/Debug/net9.0/ClickUp.Api.Client.Tests.dll" adapterTypeName="executor://xunit/VsTestRunner2/netcoreapp" className="ClickUp.Api.Client.Tests.ServiceTests.GoalsServiceTests" name="DeleteGoalAsync_ApiError_ThrowsHttpRequestException" />
    </UnitTest>
    <UnitTest name="ClickUp.Api.Client.Tests.ServiceTests.ChatServiceTests.GetChatMessagesAsync_NullResponse_ThrowsInvalidOperationException" storage="/app/src/clickup.api.client.tests/bin/debug/net9.0/clickup.api.client.tests.dll" id="a618fa57-693b-239b-b71b-0308944ead29">
      <Execution id="bfa949cc-e315-4c9f-94cf-dcfa476b5044" />
      <TestMethod codeBase="/app/src/ClickUp.Api.Client.Tests/bin/Debug/net9.0/ClickUp.Api.Client.Tests.dll" adapterTypeName="executor://xunit/VsTestRunner2/netcoreapp" className="ClickUp.Api.Client.Tests.ServiceTests.ChatServiceTests" name="GetChatMessagesAsync_NullResponse_ThrowsInvalidOperationException" />
    </UnitTest>
    <UnitTest name="ClickUp.Api.Client.Tests.ServiceTests.GoalsServiceTests.DeleteKeyResultAsync_ValidId_CallsDelete" storage="/app/src/clickup.api.client.tests/bin/debug/net9.0/clickup.api.client.tests.dll" id="f1b6bce5-130d-1faa-5068-6575d8c7b6c8">
      <Execution id="998cedd0-5421-4119-8986-2b5ca2d0454b" />
      <TestMethod codeBase="/app/src/ClickUp.Api.Client.Tests/bin/Debug/net9.0/ClickUp.Api.Client.Tests.dll" adapterTypeName="executor://xunit/VsTestRunner2/netcoreapp" className="ClickUp.Api.Client.Tests.ServiceTests.GoalsServiceTests" name="DeleteKeyResultAsync_ValidId_CallsDelete" />
    </UnitTest>
    <UnitTest name="ClickUp.Api.Client.Tests.ServiceTests.ChatServiceTests.GetChatChannelAsync_ApiConnectionThrowsTaskCanceledException_PropagatesException" storage="/app/src/clickup.api.client.tests/bin/debug/net9.0/clickup.api.client.tests.dll" id="97306b5e-57a8-1e44-dc97-d537cbab6021">
      <Execution id="e61287b3-394d-47f0-8a7f-2efd6097e0f5" />
      <TestMethod codeBase="/app/src/ClickUp.Api.Client.Tests/bin/Debug/net9.0/ClickUp.Api.Client.Tests.dll" adapterTypeName="executor://xunit/VsTestRunner2/netcoreapp" className="ClickUp.Api.Client.Tests.ServiceTests.ChatServiceTests" name="GetChatChannelAsync_ApiConnectionThrowsTaskCanceledException_PropagatesException" />
    </UnitTest>
    <UnitTest name="ClickUp.Api.Client.Tests.ServiceTests.CommentServiceTests.CreateTaskCommentAsync_ApiConnectionThrowsException_PropagatesException" storage="/app/src/clickup.api.client.tests/bin/debug/net9.0/clickup.api.client.tests.dll" id="7f9f33b1-cd7d-6178-7cdc-24666175caf4">
      <Execution id="f94af78b-8679-4cd8-a958-941b0d85e2ab" />
      <TestMethod codeBase="/app/src/ClickUp.Api.Client.Tests/bin/Debug/net9.0/ClickUp.Api.Client.Tests.dll" adapterTypeName="executor://xunit/VsTestRunner2/netcoreapp" className="ClickUp.Api.Client.Tests.ServiceTests.CommentServiceTests" name="CreateTaskCommentAsync_ApiConnectionThrowsException_PropagatesException" />
    </UnitTest>
    <UnitTest name="ClickUp.Api.Client.Tests.ServiceTests.ChatServiceTests.GetChatChannelMembersAsync_ValidRequest_BuildsUrlAndReturnsResponse" storage="/app/src/clickup.api.client.tests/bin/debug/net9.0/clickup.api.client.tests.dll" id="e9acc007-17a7-abc1-649b-24da425a2197">
      <Execution id="442e1fb6-9c0e-4d3d-8bc0-d17601662783" />
      <TestMethod codeBase="/app/src/ClickUp.Api.Client.Tests/bin/Debug/net9.0/ClickUp.Api.Client.Tests.dll" adapterTypeName="executor://xunit/VsTestRunner2/netcoreapp" className="ClickUp.Api.Client.Tests.ServiceTests.ChatServiceTests" name="GetChatChannelMembersAsync_ValidRequest_BuildsUrlAndReturnsResponse" />
    </UnitTest>
    <UnitTest name="ClickUp.Api.Client.Tests.ServiceTests.AuthorizationServiceTests.GetAuthorizedUserAsync_PassesCancellationTokenToApiConnection" storage="/app/src/clickup.api.client.tests/bin/debug/net9.0/clickup.api.client.tests.dll" id="b2b1ba78-012d-1497-f263-b8a991c11e87">
      <Execution id="7804a3d7-600f-4fd2-9db3-7044f8b1e0fd" />
      <TestMethod codeBase="/app/src/ClickUp.Api.Client.Tests/bin/Debug/net9.0/ClickUp.Api.Client.Tests.dll" adapterTypeName="executor://xunit/VsTestRunner2/netcoreapp" className="ClickUp.Api.Client.Tests.ServiceTests.AuthorizationServiceTests" name="GetAuthorizedUserAsync_PassesCancellationTokenToApiConnection" />
    </UnitTest>
    <UnitTest name="ClickUp.Api.Client.Tests.ServiceTests.ListsServiceTests.UpdateListAsync_ApiConnectionThrowsTaskCanceledException_PropagatesException" storage="/app/src/clickup.api.client.tests/bin/debug/net9.0/clickup.api.client.tests.dll" id="8b866447-66c6-e5a8-8978-03992b373a6f">
      <Execution id="ba0d360e-f268-4f0a-9ccb-840bfb1cc13b" />
      <TestMethod codeBase="/app/src/ClickUp.Api.Client.Tests/bin/Debug/net9.0/ClickUp.Api.Client.Tests.dll" adapterTypeName="executor://xunit/VsTestRunner2/netcoreapp" className="ClickUp.Api.Client.Tests.ServiceTests.ListsServiceTests" name="UpdateListAsync_ApiConnectionThrowsTaskCanceledException_PropagatesException" />
    </UnitTest>
    <UnitTest name="ClickUp.Api.Client.Tests.Models.Serialization.Converters.JsonStringOrNumberConverterTests.Read_WhenJsonIsNegativeNumber_ShouldReturnString" storage="/app/src/clickup.api.client.tests/bin/debug/net9.0/clickup.api.client.tests.dll" id="c8aa7cd7-a7b3-c1a0-6c4b-23b85cbae4cf">
      <Execution id="bdefa252-cac3-463b-8ba4-17b0b7e30f8b" />
      <TestMethod codeBase="/app/src/ClickUp.Api.Client.Tests/bin/Debug/net9.0/ClickUp.Api.Client.Tests.dll" adapterTypeName="executor://xunit/VsTestRunner2/netcoreapp" className="ClickUp.Api.Client.Tests.Models.Serialization.Converters.JsonStringOrNumberConverterTests" name="Read_WhenJsonIsNegativeNumber_ShouldReturnString" />
    </UnitTest>
    <UnitTest name="ClickUp.Api.Client.Tests.ServiceTests.CommentServiceTests.GetTaskCommentsAsync_IAsyncEnumerable_HandlesCancellation" storage="/app/src/clickup.api.client.tests/bin/debug/net9.0/clickup.api.client.tests.dll" id="9740645e-2eff-51b8-67f0-1df7cf8acb83">
      <Execution id="102dd843-73c8-4ef9-8b40-3436bde3e8da" />
      <TestMethod codeBase="/app/src/ClickUp.Api.Client.Tests/bin/Debug/net9.0/ClickUp.Api.Client.Tests.dll" adapterTypeName="executor://xunit/VsTestRunner2/netcoreapp" className="ClickUp.Api.Client.Tests.ServiceTests.CommentServiceTests" name="GetTaskCommentsAsync_IAsyncEnumerable_HandlesCancellation" />
    </UnitTest>
    <UnitTest name="ClickUp.Api.Client.Tests.ServiceTests.TimeTrackingServiceTests.CreateTimeEntryAsync_ApiConnectionThrowsTaskCanceledException_PropagatesException" storage="/app/src/clickup.api.client.tests/bin/debug/net9.0/clickup.api.client.tests.dll" id="a8acab2a-2caa-508e-14f3-97b846e4b249">
      <Execution id="0f854ec7-3253-4b21-9917-16f614814fe4" />
      <TestMethod codeBase="/app/src/ClickUp.Api.Client.Tests/bin/Debug/net9.0/ClickUp.Api.Client.Tests.dll" adapterTypeName="executor://xunit/VsTestRunner2/netcoreapp" className="ClickUp.Api.Client.Tests.ServiceTests.TimeTrackingServiceTests" name="CreateTimeEntryAsync_ApiConnectionThrowsTaskCanceledException_PropagatesException" />
    </UnitTest>
    <UnitTest name="ClickUp.Api.Client.Tests.ServiceTests.CustomFieldsServiceTests.GetWorkspaceCustomFieldsAsync_NullResponse_ReturnsEmptyList" storage="/app/src/clickup.api.client.tests/bin/debug/net9.0/clickup.api.client.tests.dll" id="0bf23eb2-0c49-dfa7-75c5-e1b7bf6065d3">
      <Execution id="1a523f9f-71f4-42c4-a381-87bc93575558" />
      <TestMethod codeBase="/app/src/ClickUp.Api.Client.Tests/bin/Debug/net9.0/ClickUp.Api.Client.Tests.dll" adapterTypeName="executor://xunit/VsTestRunner2/netcoreapp" className="ClickUp.Api.Client.Tests.ServiceTests.CustomFieldsServiceTests" name="GetWorkspaceCustomFieldsAsync_NullResponse_ReturnsEmptyList" />
    </UnitTest>
    <UnitTest name="ClickUp.Api.Client.Tests.ServiceTests.CustomFieldsServiceTests.RemoveCustomFieldValueAsync_ValidRequest_CallsDeleteAsyncWithCorrectUrl" storage="/app/src/clickup.api.client.tests/bin/debug/net9.0/clickup.api.client.tests.dll" id="16a40cd0-7c1d-e04f-26f5-0deea294674b">
      <Execution id="09a45c56-9356-404a-a532-a6eb73ec74cd" />
      <TestMethod codeBase="/app/src/ClickUp.Api.Client.Tests/bin/Debug/net9.0/ClickUp.Api.Client.Tests.dll" adapterTypeName="executor://xunit/VsTestRunner2/netcoreapp" className="ClickUp.Api.Client.Tests.ServiceTests.CustomFieldsServiceTests" name="RemoveCustomFieldValueAsync_ValidRequest_CallsDeleteAsyncWithCorrectUrl" />
    </UnitTest>
    <UnitTest name="ClickUp.Api.Client.Tests.ServiceTests.WebhooksServiceTests.GetWebhooksAsync_ApiConnectionThrowsHttpRequestException_PropagatesException" storage="/app/src/clickup.api.client.tests/bin/debug/net9.0/clickup.api.client.tests.dll" id="7f2545cd-23f8-0aee-870c-ff6019724a7c">
      <Execution id="c46cfe52-f31d-4c43-880e-cb542d92234f" />
      <TestMethod codeBase="/app/src/ClickUp.Api.Client.Tests/bin/Debug/net9.0/ClickUp.Api.Client.Tests.dll" adapterTypeName="executor://xunit/VsTestRunner2/netcoreapp" className="ClickUp.Api.Client.Tests.ServiceTests.WebhooksServiceTests" name="GetWebhooksAsync_ApiConnectionThrowsHttpRequestException_PropagatesException" />
    </UnitTest>
    <UnitTest name="ClickUp.Api.Client.Tests.ServiceTests.ChatServiceTests.UpdateChatChannelAsync_NullDataInResponse_ThrowsInvalidOperationException" storage="/app/src/clickup.api.client.tests/bin/debug/net9.0/clickup.api.client.tests.dll" id="8f659a23-c7b7-66ca-b3d6-6d900b8016f1">
      <Execution id="6eb234f0-e819-4f25-a79e-57cfbf9221c8" />
      <TestMethod codeBase="/app/src/ClickUp.Api.Client.Tests/bin/Debug/net9.0/ClickUp.Api.Client.Tests.dll" adapterTypeName="executor://xunit/VsTestRunner2/netcoreapp" className="ClickUp.Api.Client.Tests.ServiceTests.ChatServiceTests" name="UpdateChatChannelAsync_NullDataInResponse_ThrowsInvalidOperationException" />
    </UnitTest>
    <UnitTest name="ClickUp.Api.Client.Tests.ServiceTests.ChatServiceTests.CreateLocationChatChannelAsync_ApiConnectionThrowsTaskCanceledException_PropagatesException" storage="/app/src/clickup.api.client.tests/bin/debug/net9.0/clickup.api.client.tests.dll" id="f94b0515-49d7-5657-5ad1-7dc42f3d780b">
      <Execution id="a05fcba5-468d-4507-8967-3c81136a4461" />
      <TestMethod codeBase="/app/src/ClickUp.Api.Client.Tests/bin/Debug/net9.0/ClickUp.Api.Client.Tests.dll" adapterTypeName="executor://xunit/VsTestRunner2/netcoreapp" className="ClickUp.Api.Client.Tests.ServiceTests.ChatServiceTests" name="CreateLocationChatChannelAsync_ApiConnectionThrowsTaskCanceledException_PropagatesException" />
    </UnitTest>
    <UnitTest name="ClickUp.Api.Client.Tests.ServiceTests.FoldersServiceTests.CreateFolderAsync_ApiError_ThrowsHttpRequestException" storage="/app/src/clickup.api.client.tests/bin/debug/net9.0/clickup.api.client.tests.dll" id="16fd87ca-abac-693d-a145-e399999aee30">
      <Execution id="2c023e4c-e2a9-4580-8fb3-5b7009990906" />
      <TestMethod codeBase="/app/src/ClickUp.Api.Client.Tests/bin/Debug/net9.0/ClickUp.Api.Client.Tests.dll" adapterTypeName="executor://xunit/VsTestRunner2/netcoreapp" className="ClickUp.Api.Client.Tests.ServiceTests.FoldersServiceTests" name="CreateFolderAsync_ApiError_ThrowsHttpRequestException" />
    </UnitTest>
    <UnitTest name="ClickUp.Api.Client.Tests.ServiceTests.CommentServiceTests.GetListCommentsStreamAsync_IAsyncEnumerable_ReturnsAllComments_WhenMultiplePages" storage="/app/src/clickup.api.client.tests/bin/debug/net9.0/clickup.api.client.tests.dll" id="248a1e10-c767-8040-25eb-7fa857fbbbc9">
      <Execution id="a48dbdad-82e7-4f21-8780-67b0512a3601" />
      <TestMethod codeBase="/app/src/ClickUp.Api.Client.Tests/bin/Debug/net9.0/ClickUp.Api.Client.Tests.dll" adapterTypeName="executor://xunit/VsTestRunner2/netcoreapp" className="ClickUp.Api.Client.Tests.ServiceTests.CommentServiceTests" name="GetListCommentsStreamAsync_IAsyncEnumerable_ReturnsAllComments_WhenMultiplePages" />
    </UnitTest>
    <UnitTest name="ClickUp.Api.Client.Tests.Http.ApiConnectionTests.GetAsync_ThrowsClickUpApiException_WithMinimalJsonError" storage="/app/src/clickup.api.client.tests/bin/debug/net9.0/clickup.api.client.tests.dll" id="12ab63cf-64fa-9d57-fbd4-b033250cc371">
      <Execution id="0011e668-5116-451e-a99b-7eded13ac914" />
      <TestMethod codeBase="/app/src/ClickUp.Api.Client.Tests/bin/Debug/net9.0/ClickUp.Api.Client.Tests.dll" adapterTypeName="executor://xunit/VsTestRunner2/netcoreapp" className="ClickUp.Api.Client.Tests.Http.ApiConnectionTests" name="GetAsync_ThrowsClickUpApiException_WithMinimalJsonError" />
    </UnitTest>
    <UnitTest name="ClickUp.Api.Client.Tests.ServiceTests.ViewsServiceTests.DeleteViewAsync_ValidViewId_CallsDeleteAndCompletes" storage="/app/src/clickup.api.client.tests/bin/debug/net9.0/clickup.api.client.tests.dll" id="a705d7b1-9f2a-33f9-8926-8e198d0223f0">
      <Execution id="562d1510-8105-4880-825e-11c348991799" />
      <TestMethod codeBase="/app/src/ClickUp.Api.Client.Tests/bin/Debug/net9.0/ClickUp.Api.Client.Tests.dll" adapterTypeName="executor://xunit/VsTestRunner2/netcoreapp" className="ClickUp.Api.Client.Tests.ServiceTests.ViewsServiceTests" name="DeleteViewAsync_ValidViewId_CallsDeleteAndCompletes" />
    </UnitTest>
    <UnitTest name="ClickUp.Api.Client.Tests.ServiceTests.CommentServiceTests.CreateThreadedCommentAsync_ApiConnectionThrowsTaskCanceledException_PropagatesException" storage="/app/src/clickup.api.client.tests/bin/debug/net9.0/clickup.api.client.tests.dll" id="2fb89daf-6ee3-46a2-c61d-75f4955b9a7b">
      <Execution id="d6078d3d-5827-4ead-8ed6-b8cc92874bdc" />
      <TestMethod codeBase="/app/src/ClickUp.Api.Client.Tests/bin/Debug/net9.0/ClickUp.Api.Client.Tests.dll" adapterTypeName="executor://xunit/VsTestRunner2/netcoreapp" className="ClickUp.Api.Client.Tests.ServiceTests.CommentServiceTests" name="CreateThreadedCommentAsync_ApiConnectionThrowsTaskCanceledException_PropagatesException" />
    </UnitTest>
    <UnitTest name="ClickUp.Api.Client.Tests.ServiceTests.ListsServiceTests.GetListsInFolderAsync_ApiConnectionThrowsTaskCanceledException_PropagatesException" storage="/app/src/clickup.api.client.tests/bin/debug/net9.0/clickup.api.client.tests.dll" id="0c44ebb7-c083-dc33-00c9-98ffd670e1c5">
      <Execution id="4ad31765-776b-4c25-b83e-c47442929593" />
      <TestMethod codeBase="/app/src/ClickUp.Api.Client.Tests/bin/Debug/net9.0/ClickUp.Api.Client.Tests.dll" adapterTypeName="executor://xunit/VsTestRunner2/netcoreapp" className="ClickUp.Api.Client.Tests.ServiceTests.ListsServiceTests" name="GetListsInFolderAsync_ApiConnectionThrowsTaskCanceledException_PropagatesException" />
    </UnitTest>
    <UnitTest name="ClickUp.Api.Client.Tests.ServiceTests.SharedHierarchyServiceTests.GetSharedHierarchyAsync_PassesCancellationTokenToApiConnection" storage="/app/src/clickup.api.client.tests/bin/debug/net9.0/clickup.api.client.tests.dll" id="e0c10e64-da27-8957-c6de-5fbaaed554d3">
      <Execution id="be6b4676-7575-4c60-8006-b189349a4dfc" />
      <TestMethod codeBase="/app/src/ClickUp.Api.Client.Tests/bin/Debug/net9.0/ClickUp.Api.Client.Tests.dll" adapterTypeName="executor://xunit/VsTestRunner2/netcoreapp" className="ClickUp.Api.Client.Tests.ServiceTests.SharedHierarchyServiceTests" name="GetSharedHierarchyAsync_PassesCancellationTokenToApiConnection" />
    </UnitTest>
    <UnitTest name="ClickUp.Api.Client.Tests.Models.Entities.CustomFieldValueTests.Deserialize_CheckboxFieldValue_Correctly" storage="/app/src/clickup.api.client.tests/bin/debug/net9.0/clickup.api.client.tests.dll" id="96333dd8-5a74-360b-92fb-215ab6923163">
      <Execution id="3afa4c5b-7a6b-4ff1-a60a-0b7278a67b81" />
      <TestMethod codeBase="/app/src/ClickUp.Api.Client.Tests/bin/Debug/net9.0/ClickUp.Api.Client.Tests.dll" adapterTypeName="executor://xunit/VsTestRunner2/netcoreapp" className="ClickUp.Api.Client.Tests.Models.Entities.CustomFieldValueTests" name="Deserialize_CheckboxFieldValue_Correctly" />
    </UnitTest>
    <UnitTest name="ClickUp.Api.Client.Tests.ServiceTests.TemplatesServiceTests.GetTaskTemplatesAsync_ApiConnectionThrowsTaskCanceledException_PropagatesException" storage="/app/src/clickup.api.client.tests/bin/debug/net9.0/clickup.api.client.tests.dll" id="becb7f2a-b219-c2c9-8d5f-f1598f4d5a18">
      <Execution id="6b47177a-c77b-4580-a1f2-5690b8a21181" />
      <TestMethod codeBase="/app/src/ClickUp.Api.Client.Tests/bin/Debug/net9.0/ClickUp.Api.Client.Tests.dll" adapterTypeName="executor://xunit/VsTestRunner2/netcoreapp" className="ClickUp.Api.Client.Tests.ServiceTests.TemplatesServiceTests" name="GetTaskTemplatesAsync_ApiConnectionThrowsTaskCanceledException_PropagatesException" />
    </UnitTest>
    <UnitTest name="ClickUp.Api.Client.Tests.ServiceTests.DocsServiceTests.CreateDocAsync_NullDataInResponse_ThrowsInvalidOperationException" storage="/app/src/clickup.api.client.tests/bin/debug/net9.0/clickup.api.client.tests.dll" id="e494e481-9899-4aff-8ac0-6c2a711a3ba2">
      <Execution id="2f360df1-9a83-4155-b1d1-60812297582d" />
      <TestMethod codeBase="/app/src/ClickUp.Api.Client.Tests/bin/Debug/net9.0/ClickUp.Api.Client.Tests.dll" adapterTypeName="executor://xunit/VsTestRunner2/netcoreapp" className="ClickUp.Api.Client.Tests.ServiceTests.DocsServiceTests" name="CreateDocAsync_NullDataInResponse_ThrowsInvalidOperationException" />
    </UnitTest>
    <UnitTest name="ClickUp.Api.Client.Tests.ServiceTests.ChatServiceTests.GetChatMessageRepliesAsync_ValidRequest_BuildsUrlAndReturnsResponse" storage="/app/src/clickup.api.client.tests/bin/debug/net9.0/clickup.api.client.tests.dll" id="894e2728-4245-42fa-915a-9f574681c41e">
      <Execution id="3f7ea956-1cbd-440a-84f5-6d9c50d5f77b" />
      <TestMethod codeBase="/app/src/ClickUp.Api.Client.Tests/bin/Debug/net9.0/ClickUp.Api.Client.Tests.dll" adapterTypeName="executor://xunit/VsTestRunner2/netcoreapp" className="ClickUp.Api.Client.Tests.ServiceTests.ChatServiceTests" name="GetChatMessageRepliesAsync_ValidRequest_BuildsUrlAndReturnsResponse" />
    </UnitTest>
    <UnitTest name="ClickUp.Api.Client.Tests.ServiceTests.TaskRelationshipsServiceTests.AddDependencyAsync_WithDependsOn_CallsPostAsyncWithCorrectPayloadAndUrl" storage="/app/src/clickup.api.client.tests/bin/debug/net9.0/clickup.api.client.tests.dll" id="4fb259f6-15ac-2922-8eea-4bc0fff07d04">
      <Execution id="5554f4aa-f5f8-42ad-b80a-2c4feaa66738" />
      <TestMethod codeBase="/app/src/ClickUp.Api.Client.Tests/bin/Debug/net9.0/ClickUp.Api.Client.Tests.dll" adapterTypeName="executor://xunit/VsTestRunner2/netcoreapp" className="ClickUp.Api.Client.Tests.ServiceTests.TaskRelationshipsServiceTests" name="AddDependencyAsync_WithDependsOn_CallsPostAsyncWithCorrectPayloadAndUrl" />
    </UnitTest>
  </TestDefinitions>
  <TestEntries>
    <TestEntry testId="5519bd7e-9166-72fd-aaec-cf2034f21955" executionId="5bb26d02-d433-4ebc-9877-81477bab9470" testListId="8c84fa94-04c1-424b-9868-57a2d4851a1d" />
    <TestEntry testId="1aa2c57e-f447-7f14-49eb-3b9a485b3963" executionId="516670b6-a803-4919-bb02-993e1582e976" testListId="8c84fa94-04c1-424b-9868-57a2d4851a1d" />
    <TestEntry testId="7719e203-2337-c642-9646-c6f6ea3c2fd5" executionId="d096002b-7b06-4fc7-940d-52592a6f1893" testListId="8c84fa94-04c1-424b-9868-57a2d4851a1d" />
    <TestEntry testId="703a1df5-a316-af5a-074a-213eff12ae62" executionId="a59b1482-5486-4240-9ea6-9564d2fdee25" testListId="8c84fa94-04c1-424b-9868-57a2d4851a1d" />
    <TestEntry testId="d035db6c-0fa8-1fa3-79f9-636ffcf58549" executionId="8b68d0be-0663-4fa5-b3f2-ddf9e35c0c27" testListId="8c84fa94-04c1-424b-9868-57a2d4851a1d" />
    <TestEntry testId="adc90dd8-5ac7-3bbc-809a-8d948e56efe0" executionId="84a2a220-e0eb-43c8-9a3e-20b8392cfd8f" testListId="8c84fa94-04c1-424b-9868-57a2d4851a1d" />
    <TestEntry testId="b2f32484-a5e7-baee-136b-ccf738df26ea" executionId="12635c3c-483b-4173-8791-d83bc81a1de9" testListId="8c84fa94-04c1-424b-9868-57a2d4851a1d" />
    <TestEntry testId="46b65487-d6a5-d890-628a-f9beae9627a1" executionId="370bd63f-a1d2-434b-b79e-11e96e9857c0" testListId="8c84fa94-04c1-424b-9868-57a2d4851a1d" />
    <TestEntry testId="725327de-c729-bba1-25ba-e4171c6a328b" executionId="ca608dab-fa76-4323-8b7e-3cf946035035" testListId="8c84fa94-04c1-424b-9868-57a2d4851a1d" />
    <TestEntry testId="e494e481-9899-4aff-8ac0-6c2a711a3ba2" executionId="2f360df1-9a83-4155-b1d1-60812297582d" testListId="8c84fa94-04c1-424b-9868-57a2d4851a1d" />
    <TestEntry testId="31498882-c4bb-afb1-0108-356ab9517aeb" executionId="bece7809-7f1c-4c18-bf7d-e294aa252230" testListId="8c84fa94-04c1-424b-9868-57a2d4851a1d" />
    <TestEntry testId="a08932a6-9369-c308-ac78-803254710165" executionId="3a726a7a-5cc2-488e-8dd5-9d890a88f9f0" testListId="8c84fa94-04c1-424b-9868-57a2d4851a1d" />
    <TestEntry testId="8cb37b60-2322-a77e-5d01-114ce8ef583d" executionId="b90fdd5e-1719-4c95-a981-b1010e44a5fa" testListId="8c84fa94-04c1-424b-9868-57a2d4851a1d" />
    <TestEntry testId="49a40760-165b-b98c-7b83-bcd32656873d" executionId="55f4da8c-b2cb-4747-9fd8-611cac4f7d06" testListId="8c84fa94-04c1-424b-9868-57a2d4851a1d" />
    <TestEntry testId="9130ff1c-3d20-6dbc-6548-4a4c26907e23" executionId="ab32f87b-0f92-419f-a489-0a7379850d28" testListId="8c84fa94-04c1-424b-9868-57a2d4851a1d" />
    <TestEntry testId="b8102875-1530-5ffa-d85f-e540535c1165" executionId="13f33bd7-fe65-47b2-a2ba-63640c116cc3" testListId="8c84fa94-04c1-424b-9868-57a2d4851a1d" />
    <TestEntry testId="e12e7acd-2331-13b9-9d8f-f8f7f7f3c03e" executionId="00031524-e2fc-4150-bc04-56f046ff2322" testListId="8c84fa94-04c1-424b-9868-57a2d4851a1d" />
    <TestEntry testId="c061e405-883c-9658-5a6e-a7bf565667ac" executionId="3fc48591-4e6a-4940-9f2e-1a66d74c361d" testListId="8c84fa94-04c1-424b-9868-57a2d4851a1d" />
    <TestEntry testId="28485d5f-48c5-58ca-c218-78fddbd7025c" executionId="e69f5d4e-2b44-4621-97c6-3944bec87356" testListId="8c84fa94-04c1-424b-9868-57a2d4851a1d" />
    <TestEntry testId="87f69b82-785e-11d4-2d64-b9fd1097a0f3" executionId="29c5d56e-54dd-40a0-9892-940b77220d38" testListId="8c84fa94-04c1-424b-9868-57a2d4851a1d" />
    <TestEntry testId="fe7ac19d-dd0b-cf43-1f4b-31ffc8d755d1" executionId="338b8621-0bb8-4c26-8494-d7260f447cab" testListId="8c84fa94-04c1-424b-9868-57a2d4851a1d" />
    <TestEntry testId="16db33d3-f78a-14af-08ba-1ee180bc20a5" executionId="e817e12e-d633-4cbf-9e94-56afe6f359a8" testListId="8c84fa94-04c1-424b-9868-57a2d4851a1d" />
    <TestEntry testId="4258fb6c-c2cd-a351-3bea-df12428172b9" executionId="bdf2914f-1684-4e75-97f4-fcb53e5cdcc2" testListId="8c84fa94-04c1-424b-9868-57a2d4851a1d" />
    <TestEntry testId="eddd9d9b-e083-b446-daa1-21bad430c388" executionId="421c384c-6305-4a96-bc34-995ec9405c7f" testListId="8c84fa94-04c1-424b-9868-57a2d4851a1d" />
    <TestEntry testId="574450ea-f124-3a1f-aa8f-f6c0ff788a71" executionId="7b5836e5-1f26-4f1a-bfd0-9ee97f3caa63" testListId="8c84fa94-04c1-424b-9868-57a2d4851a1d" />
    <TestEntry testId="53c6727e-4ff3-092e-cdf4-886284bca918" executionId="cdd69813-8edf-4805-bb9e-10dde480f603" testListId="8c84fa94-04c1-424b-9868-57a2d4851a1d" />
    <TestEntry testId="f48b6f9b-b0cd-e131-ab52-256dec0f6231" executionId="08e441e3-ddf8-4fc8-a63f-6b5738d90f3a" testListId="8c84fa94-04c1-424b-9868-57a2d4851a1d" />
    <TestEntry testId="fa2c12ce-c436-1daf-ffc0-e83345703f4e" executionId="c4394b82-0533-4b0e-a15f-d4e0ae9482f4" testListId="8c84fa94-04c1-424b-9868-57a2d4851a1d" />
    <TestEntry testId="30cbc6c1-e207-9636-2837-013eab9a8ee3" executionId="23c34aeb-137f-42a5-8175-caef6d7508d8" testListId="8c84fa94-04c1-424b-9868-57a2d4851a1d" />
    <TestEntry testId="e8c9d034-4940-a993-5fdb-45ecf9af63fa" executionId="3087c1e6-828f-4951-8912-8abd9d80c7e5" testListId="8c84fa94-04c1-424b-9868-57a2d4851a1d" />
    <TestEntry testId="ea5a41f0-3296-5896-9060-90e606cfb0ac" executionId="73820789-d2c4-4a70-aa85-0edbd2c69245" testListId="8c84fa94-04c1-424b-9868-57a2d4851a1d" />
    <TestEntry testId="9edc3d01-0f4e-9855-faef-f39f06d14cce" executionId="f78b4e7b-6f8c-4724-8c97-97211626c790" testListId="8c84fa94-04c1-424b-9868-57a2d4851a1d" />
    <TestEntry testId="7fb93413-a557-7a8d-16c0-74f3d6ddf901" executionId="9ce14a64-7513-4446-841f-1f4cb9259a70" testListId="8c84fa94-04c1-424b-9868-57a2d4851a1d" />
    <TestEntry testId="c581f042-8783-656a-7359-34518f36fa24" executionId="6322f63b-b50e-4d7d-a602-43ead0c7d26f" testListId="8c84fa94-04c1-424b-9868-57a2d4851a1d" />
    <TestEntry testId="1a6ecfe3-8465-12d2-501e-52aba80255ad" executionId="9202f95b-207a-429e-b10b-f5a567ba74d0" testListId="8c84fa94-04c1-424b-9868-57a2d4851a1d" />
    <TestEntry testId="b5dc3f22-33c2-3b99-93aa-344fe768da56" executionId="b08c7571-6175-4d6d-87de-3f9df936478a" testListId="8c84fa94-04c1-424b-9868-57a2d4851a1d" />
    <TestEntry testId="ea9488c9-11bc-5c71-e6cc-7c27d8788554" executionId="42b95de2-a4cb-4ab2-a1d0-3127bebaf5ee" testListId="8c84fa94-04c1-424b-9868-57a2d4851a1d" />
    <TestEntry testId="00b82c02-2151-2480-b488-fce89b6e3b07" executionId="b269419c-575f-45ab-8174-ab74570f03d4" testListId="8c84fa94-04c1-424b-9868-57a2d4851a1d" />
    <TestEntry testId="fa893782-5dd8-9c41-a050-49aba0db9ae3" executionId="6d987fd9-e54e-4fed-b929-3a382a6530a3" testListId="8c84fa94-04c1-424b-9868-57a2d4851a1d" />
    <TestEntry testId="f302c799-649b-b0ee-3afd-503e7e99c985" executionId="735296d6-c62b-43aa-b369-a3868f82d3e0" testListId="8c84fa94-04c1-424b-9868-57a2d4851a1d" />
    <TestEntry testId="c7f035c2-1d86-2ff4-146d-6e6c8addec33" executionId="5e544a7b-bb03-4f1d-89d0-f8dc672b63bb" testListId="8c84fa94-04c1-424b-9868-57a2d4851a1d" />
    <TestEntry testId="a5857de3-4c5c-b040-fb8d-0bda53457090" executionId="a7837bec-efcd-49ea-8300-53f20d12129a" testListId="8c84fa94-04c1-424b-9868-57a2d4851a1d" />
    <TestEntry testId="d4f02ca2-cf2b-a903-5171-e8a9873f1fdb" executionId="03cb948b-8d4a-4e49-8c74-0bd50ca83572" testListId="8c84fa94-04c1-424b-9868-57a2d4851a1d" />
    <TestEntry testId="dbd63457-4988-d550-ab86-9da65e8ef0c1" executionId="c429cca7-0c16-4468-9759-102e4816d4e6" testListId="8c84fa94-04c1-424b-9868-57a2d4851a1d" />
    <TestEntry testId="ffb609b2-e71e-6830-1f60-49e0153938df" executionId="5c334392-9cc2-4839-a905-6d41e7f15b51" testListId="8c84fa94-04c1-424b-9868-57a2d4851a1d" />
    <TestEntry testId="fca4fb8b-d92d-c12c-ce43-4e8f81294e05" executionId="8d5500f0-4811-44c0-a65b-247eb1c3829e" testListId="8c84fa94-04c1-424b-9868-57a2d4851a1d" />
    <TestEntry testId="c283905a-c94a-e35b-3c4e-06b1ee829ec7" executionId="6714b7de-95dd-4e29-8edf-77d430314eee" testListId="8c84fa94-04c1-424b-9868-57a2d4851a1d" />
    <TestEntry testId="a1836fe9-5442-216b-5777-465e396b7d81" executionId="d3096101-99ef-4afb-a456-e2d921f098cb" testListId="8c84fa94-04c1-424b-9868-57a2d4851a1d" />
    <TestEntry testId="4d40b394-203e-b193-af93-1107e104b241" executionId="e2d18485-924a-4a9f-8586-565660c2c028" testListId="8c84fa94-04c1-424b-9868-57a2d4851a1d" />
    <TestEntry testId="7973c737-8468-2c7a-c554-7b746e076293" executionId="01fdd5b0-4d03-436c-8042-112ab1172e84" testListId="8c84fa94-04c1-424b-9868-57a2d4851a1d" />
    <TestEntry testId="759a64a9-158e-94d9-6d51-ccb2b6db5855" executionId="8328c9bf-74d9-4b15-ad8a-42495bf32292" testListId="8c84fa94-04c1-424b-9868-57a2d4851a1d" />
    <TestEntry testId="112fd369-9f78-6ab1-720e-45063c084bcf" executionId="bd98f085-0489-4940-af79-60d8b35ace62" testListId="8c84fa94-04c1-424b-9868-57a2d4851a1d" />
    <TestEntry testId="6442377a-2b00-e812-5ab4-2cda87cd60f0" executionId="bc1faf18-7f71-41c9-96d1-fab8d5ae8d47" testListId="8c84fa94-04c1-424b-9868-57a2d4851a1d" />
    <TestEntry testId="a7543171-6e4a-824a-11b7-fead58dad668" executionId="d31466bb-289e-4aea-a498-89d5245270ee" testListId="8c84fa94-04c1-424b-9868-57a2d4851a1d" />
    <TestEntry testId="f61e67de-82a5-a96b-6915-0c05afd4c5fb" executionId="2a600642-eaa1-4ca1-9a75-f0677d5f743d" testListId="8c84fa94-04c1-424b-9868-57a2d4851a1d" />
    <TestEntry testId="3adb9e95-bf7d-fce9-582e-4589918c8651" executionId="f260f0e8-e280-4ea6-b5cb-944694818be0" testListId="8c84fa94-04c1-424b-9868-57a2d4851a1d" />
    <TestEntry testId="cacfee87-a06a-0e6a-2bd1-b27fa68ce9eb" executionId="e76e0dd7-2373-4d5d-ace6-b0f78869f9c3" testListId="8c84fa94-04c1-424b-9868-57a2d4851a1d" />
    <TestEntry testId="01826418-4acd-c446-dcf6-3d0fe5fda7b0" executionId="80fd2b73-9737-46fd-ab3a-9a6d7dcdfbb7" testListId="8c84fa94-04c1-424b-9868-57a2d4851a1d" />
    <TestEntry testId="e9886eef-b51d-400f-716a-70c07e1ae074" executionId="4770b942-5c5e-40c2-a5c0-4a36e3d8aa19" testListId="8c84fa94-04c1-424b-9868-57a2d4851a1d" />
    <TestEntry testId="1ac77b27-42c1-cff1-ba4f-002fe435aeb7" executionId="7cfb70cc-3618-4c87-8863-4a5eda43147f" testListId="8c84fa94-04c1-424b-9868-57a2d4851a1d" />
    <TestEntry testId="e6784f53-92b9-c672-3ed9-5f40c404e185" executionId="dfc567b3-4b62-4512-8e2f-97ffc393373a" testListId="8c84fa94-04c1-424b-9868-57a2d4851a1d" />
    <TestEntry testId="0eff24a5-06f2-da45-55fd-5d93cfe49ac8" executionId="4f50e569-7c36-4a33-845a-97815d386d73" testListId="8c84fa94-04c1-424b-9868-57a2d4851a1d" />
    <TestEntry testId="2fb89daf-6ee3-46a2-c61d-75f4955b9a7b" executionId="d6078d3d-5827-4ead-8ed6-b8cc92874bdc" testListId="8c84fa94-04c1-424b-9868-57a2d4851a1d" />
    <TestEntry testId="de5d3632-269c-15fc-64aa-2fff5984de26" executionId="165f9730-d775-486d-ba35-12e8c0607bdc" testListId="8c84fa94-04c1-424b-9868-57a2d4851a1d" />
    <TestEntry testId="67630699-418a-515b-6c7b-74476e1555f9" executionId="bfb789f2-7327-45d2-84f9-a263324999b3" testListId="8c84fa94-04c1-424b-9868-57a2d4851a1d" />
    <TestEntry testId="ed8a8a24-2be7-0e16-87d4-1576115f9184" executionId="4f9392d3-f5a7-44a5-9ec2-29b5b2cba77a" testListId="8c84fa94-04c1-424b-9868-57a2d4851a1d" />
    <TestEntry testId="831c47b6-1e63-26b3-cfc9-7e982b76c0f0" executionId="23dc4688-c250-43ed-9379-91dd531dd075" testListId="8c84fa94-04c1-424b-9868-57a2d4851a1d" />
    <TestEntry testId="145ef69e-0c68-7865-489b-334a0ea4afb1" executionId="a1a52010-61f2-4678-a96d-8fdba7bc4a70" testListId="8c84fa94-04c1-424b-9868-57a2d4851a1d" />
    <TestEntry testId="6c39e4a4-4987-60d6-4adb-08817185965c" executionId="e47a4d47-553d-4cae-9163-c5c5d748255d" testListId="8c84fa94-04c1-424b-9868-57a2d4851a1d" />
    <TestEntry testId="7a8f70ef-f14e-4b6a-be25-56eba0f74c58" executionId="92fdfbf5-2bb4-4f2d-ab23-a568f8209d27" testListId="8c84fa94-04c1-424b-9868-57a2d4851a1d" />
    <TestEntry testId="bc0cf908-745b-84bd-9ad4-ff08ec13d089" executionId="3ce8f37e-0e2c-4c84-a560-d71064bc17c5" testListId="8c84fa94-04c1-424b-9868-57a2d4851a1d" />
    <TestEntry testId="f877fa82-b666-1ee2-d996-68f2efcc932e" executionId="eed3e7b5-632a-4e48-ab47-6489edb328f8" testListId="8c84fa94-04c1-424b-9868-57a2d4851a1d" />
    <TestEntry testId="99f975e9-90a9-1b95-68e2-bd28016666dc" executionId="72bc82f2-7b57-4079-8297-5c62bee5c06c" testListId="8c84fa94-04c1-424b-9868-57a2d4851a1d" />
    <TestEntry testId="e21ea325-6311-04ff-ceec-9541daba37da" executionId="dcc6503a-7414-48d9-9f82-17eb96e9b16f" testListId="8c84fa94-04c1-424b-9868-57a2d4851a1d" />
    <TestEntry testId="eae42adf-0600-1fec-8fbc-16e6c5032bcd" executionId="23f7d4b9-3915-4a4e-b5f2-4bfc9fac8606" testListId="8c84fa94-04c1-424b-9868-57a2d4851a1d" />
    <TestEntry testId="7166428a-b2c6-d817-221a-e3f6d6f9c367" executionId="d7d90cf5-2a26-4ea1-b866-2f1a96e3b562" testListId="8c84fa94-04c1-424b-9868-57a2d4851a1d" />
    <TestEntry testId="ff154841-f4c4-3ae0-7856-0ff67226c34e" executionId="4c26ebda-c5d7-4187-9e96-6c41dbe407d8" testListId="8c84fa94-04c1-424b-9868-57a2d4851a1d" />
    <TestEntry testId="8c74a5c7-7577-2a52-606c-e8d97bc53bd8" executionId="6f961415-5234-4882-8486-9ce57816aabf" testListId="8c84fa94-04c1-424b-9868-57a2d4851a1d" />
    <TestEntry testId="8f0c0a2e-0c73-8a2d-173e-07e83c810a4b" executionId="f1be190d-7331-4189-b915-16f8c1e038f0" testListId="8c84fa94-04c1-424b-9868-57a2d4851a1d" />
    <TestEntry testId="b9c9e1d8-b3b4-ee70-36b2-55593cbe6424" executionId="f511db4c-30e3-4ff3-8741-f7e752ca4290" testListId="8c84fa94-04c1-424b-9868-57a2d4851a1d" />
    <TestEntry testId="bf10d8c3-c00d-cc29-13e7-658749b7f0ea" executionId="b60b85f2-0fa6-4855-8128-046f330d6607" testListId="8c84fa94-04c1-424b-9868-57a2d4851a1d" />
    <TestEntry testId="835da13e-af61-c112-f0d7-c7f33e20a9ab" executionId="c84e4f06-8066-4b7a-a257-ba68678702af" testListId="8c84fa94-04c1-424b-9868-57a2d4851a1d" />
    <TestEntry testId="f0f83b5a-596a-0ab8-09af-a0a880cb9a69" executionId="6f4025d3-e7a5-4be8-b08c-e8fe8de84434" testListId="8c84fa94-04c1-424b-9868-57a2d4851a1d" />
    <TestEntry testId="1333ae30-e539-8125-0fa9-c7d494b55731" executionId="ebcfaadf-85ff-413a-9460-0e07c2b087c1" testListId="8c84fa94-04c1-424b-9868-57a2d4851a1d" />
    <TestEntry testId="68579825-3ce7-f903-dde4-dce9eb6ac251" executionId="dd578667-8baf-4eaf-8078-a2eb6f6d8234" testListId="8c84fa94-04c1-424b-9868-57a2d4851a1d" />
    <TestEntry testId="09b274a7-e78e-6020-a04b-64c57df859ed" executionId="7e2cd9ac-e9dd-4c6f-9854-f9521ea3e457" testListId="8c84fa94-04c1-424b-9868-57a2d4851a1d" />
    <TestEntry testId="7731c593-e1db-42bb-1b62-8967c0817c49" executionId="86f1a9ee-5a01-45b6-9f45-7708a3644b2e" testListId="8c84fa94-04c1-424b-9868-57a2d4851a1d" />
    <TestEntry testId="280f5e98-f3ab-164f-d4c2-e5cd5ad11a0f" executionId="d8fbb0cd-4c6f-4a3d-9036-f8400f86249e" testListId="8c84fa94-04c1-424b-9868-57a2d4851a1d" />
    <TestEntry testId="e1d56f19-7b37-5b0e-97d0-17752542f126" executionId="f4206109-179f-4963-9622-482d8d9df4c8" testListId="8c84fa94-04c1-424b-9868-57a2d4851a1d" />
    <TestEntry testId="0823628a-7c09-b726-d13c-9b0734623f88" executionId="a84ca428-37ea-4926-bc4f-7b58f77e4d6f" testListId="8c84fa94-04c1-424b-9868-57a2d4851a1d" />
    <TestEntry testId="897bb1d2-09ef-37c4-bd54-ba1c51cc5c63" executionId="21ee8102-51a3-4878-9bb4-13e058b73e39" testListId="8c84fa94-04c1-424b-9868-57a2d4851a1d" />
    <TestEntry testId="076a7cae-ff68-768e-055a-6ca2111b4d3e" executionId="93364c5a-0712-4a17-a752-738216996acb" testListId="8c84fa94-04c1-424b-9868-57a2d4851a1d" />
    <TestEntry testId="36d06b84-6e04-11a0-210f-b3c13e89dcf3" executionId="9c1d2499-bd18-44a5-92ff-1e32de01d448" testListId="8c84fa94-04c1-424b-9868-57a2d4851a1d" />
    <TestEntry testId="2a0ee772-d72f-6d38-8859-f5a918be0ff7" executionId="86d784cc-9fdc-4d45-98ed-847e5f46ab19" testListId="8c84fa94-04c1-424b-9868-57a2d4851a1d" />
    <TestEntry testId="a4b5446d-f249-dc53-eabd-f14a5368a5e4" executionId="c003aecf-f79c-43b4-bd21-e7c6ffba6422" testListId="8c84fa94-04c1-424b-9868-57a2d4851a1d" />
    <TestEntry testId="16fd87ca-abac-693d-a145-e399999aee30" executionId="2c023e4c-e2a9-4580-8fb3-5b7009990906" testListId="8c84fa94-04c1-424b-9868-57a2d4851a1d" />
    <TestEntry testId="292c6286-4615-62d6-6838-a11ada9076a4" executionId="33903357-7639-4d09-992e-431608509795" testListId="8c84fa94-04c1-424b-9868-57a2d4851a1d" />
    <TestEntry testId="ee2735fc-b087-9fcd-716d-143de6e3f5eb" executionId="549da88f-a7e3-4b81-93f9-11da9ded0889" testListId="8c84fa94-04c1-424b-9868-57a2d4851a1d" />
    <TestEntry testId="5d366c36-141d-ee9f-0e5c-a1ebaf18b891" executionId="34104965-1545-4dfc-a8d8-ae1df474f48d" testListId="8c84fa94-04c1-424b-9868-57a2d4851a1d" />
    <TestEntry testId="08cd1022-e7e2-5161-140c-058a94b3cf40" executionId="f32e9ac9-a0ae-4327-a08d-a917d33c3a96" testListId="8c84fa94-04c1-424b-9868-57a2d4851a1d" />
    <TestEntry testId="88118fa7-58f0-56eb-6e17-4a676b37d466" executionId="2f59c32e-13eb-422b-bf94-46ce8efa84bd" testListId="8c84fa94-04c1-424b-9868-57a2d4851a1d" />
    <TestEntry testId="b47a9622-5ce0-0e31-06de-1f2bb7588e7f" executionId="97500f07-c22b-494b-a15a-fd091e348164" testListId="8c84fa94-04c1-424b-9868-57a2d4851a1d" />
    <TestEntry testId="c6d7e2c8-c69e-63ac-2995-895307cfb489" executionId="fd2a26ec-0ac3-4503-b3e5-67569fa71847" testListId="8c84fa94-04c1-424b-9868-57a2d4851a1d" />
    <TestEntry testId="b476c99b-742f-85e5-2038-a681239aadf2" executionId="2658a66d-5b7b-44d2-891c-20259889f70f" testListId="8c84fa94-04c1-424b-9868-57a2d4851a1d" />
    <TestEntry testId="ae2d07de-feee-fcc6-8805-b90a829fa024" executionId="bea93722-adba-4814-8959-c698b0b87df0" testListId="8c84fa94-04c1-424b-9868-57a2d4851a1d" />
    <TestEntry testId="9415dd1f-0072-fe71-547a-377104a39855" executionId="af41e93b-56ee-43ad-9f17-7822b3567352" testListId="8c84fa94-04c1-424b-9868-57a2d4851a1d" />
    <TestEntry testId="38077e4a-1987-20ec-135a-13e02775b25f" executionId="902ac052-254e-4ca4-97f1-357d19bd2cbf" testListId="8c84fa94-04c1-424b-9868-57a2d4851a1d" />
    <TestEntry testId="b0aedc6f-1baf-8832-331d-f35a8e0d267f" executionId="0f279ee4-3413-495b-98b3-773d055d88ab" testListId="8c84fa94-04c1-424b-9868-57a2d4851a1d" />
    <TestEntry testId="ff8e5368-8586-954c-9206-ce80c08a8e42" executionId="a67856d6-f4cd-4e96-9e5d-4b4306ff2f32" testListId="8c84fa94-04c1-424b-9868-57a2d4851a1d" />
    <TestEntry testId="b31d7064-e5e6-7fa8-8b45-ebefa2aa8589" executionId="4daf744c-7ce7-45a6-a3a4-9ebafe126fb9" testListId="8c84fa94-04c1-424b-9868-57a2d4851a1d" />
    <TestEntry testId="7e1f1d35-e167-a7a3-ef29-ab516cd5247c" executionId="ee320b40-4780-43f5-b217-20807e213c98" testListId="8c84fa94-04c1-424b-9868-57a2d4851a1d" />
    <TestEntry testId="a87ff5e5-9b1d-5210-f1d7-074df30d80a7" executionId="fc683ba2-95c7-45df-9fdc-8f6851f9c883" testListId="8c84fa94-04c1-424b-9868-57a2d4851a1d" />
    <TestEntry testId="72fdaf0f-a6ec-0124-7913-bcb625625cca" executionId="c3431a22-e8b1-43cb-a286-3b427ae2ea65" testListId="8c84fa94-04c1-424b-9868-57a2d4851a1d" />
    <TestEntry testId="b43043ee-a97b-ce0d-b146-a66bef5ed3c0" executionId="bf2cb806-6279-415a-a20e-0cfa24df3d97" testListId="8c84fa94-04c1-424b-9868-57a2d4851a1d" />
    <TestEntry testId="6f8c638a-8549-3215-0ce5-427f31429e66" executionId="f99ea66f-89b2-476f-8312-fd3bab90f8d1" testListId="8c84fa94-04c1-424b-9868-57a2d4851a1d" />
    <TestEntry testId="b2d4b964-f22a-8748-fa80-0fa6155a715e" executionId="6e33cf49-7aa9-4042-8a26-55b0f9df265a" testListId="8c84fa94-04c1-424b-9868-57a2d4851a1d" />
    <TestEntry testId="cfffaa5c-f039-1e50-80e4-a0c83b100e2e" executionId="7a72f754-3596-4032-8a5f-9dd68333557a" testListId="8c84fa94-04c1-424b-9868-57a2d4851a1d" />
    <TestEntry testId="1d56fabf-6545-86bf-c7d3-9fcbf11a9191" executionId="288edef6-c9a6-4700-abc7-877c69413c5c" testListId="8c84fa94-04c1-424b-9868-57a2d4851a1d" />
    <TestEntry testId="9740645e-2eff-51b8-67f0-1df7cf8acb83" executionId="102dd843-73c8-4ef9-8b40-3436bde3e8da" testListId="8c84fa94-04c1-424b-9868-57a2d4851a1d" />
    <TestEntry testId="31a1065a-ac19-32b8-35df-25a464c51606" executionId="c78e499f-884a-4696-ba06-c07b165d0ef4" testListId="8c84fa94-04c1-424b-9868-57a2d4851a1d" />
    <TestEntry testId="a7724b9a-291c-c2c0-28d6-ba145c64e34d" executionId="557b8d7b-098c-4899-ad93-b79bf4a702ae" testListId="8c84fa94-04c1-424b-9868-57a2d4851a1d" />
    <TestEntry testId="d40b57a6-c538-1a9a-79a2-8126658cdaff" executionId="f2000c0a-258f-415f-9b57-22cda64d71c0" testListId="8c84fa94-04c1-424b-9868-57a2d4851a1d" />
    <TestEntry testId="15deeb6b-5d37-c838-f818-dea1e0f2459c" executionId="adfdd779-05da-48a7-a9db-2c33a3c4843d" testListId="8c84fa94-04c1-424b-9868-57a2d4851a1d" />
    <TestEntry testId="2068bcf3-f1be-2c88-7e58-ec00f3a317b8" executionId="ff4bf750-3023-451d-a15f-de5d5fb07de5" testListId="8c84fa94-04c1-424b-9868-57a2d4851a1d" />
    <TestEntry testId="8e599e60-ab89-4b35-a0ff-6f9eb7d0e6aa" executionId="bcfc4d8f-6b6c-4deb-8ba6-84343f95fca2" testListId="8c84fa94-04c1-424b-9868-57a2d4851a1d" />
    <TestEntry testId="85184259-d996-ead8-1ad9-399123e3fa94" executionId="0051f807-93d7-4592-8e34-90763fd16c39" testListId="8c84fa94-04c1-424b-9868-57a2d4851a1d" />
    <TestEntry testId="a705d7b1-9f2a-33f9-8926-8e198d0223f0" executionId="562d1510-8105-4880-825e-11c348991799" testListId="8c84fa94-04c1-424b-9868-57a2d4851a1d" />
    <TestEntry testId="ef21dcdc-7a4c-1a08-c883-d07825afb5e5" executionId="711e2560-6c03-4af2-9387-ac70e3799915" testListId="8c84fa94-04c1-424b-9868-57a2d4851a1d" />
    <TestEntry testId="84b8ed57-41d6-2128-cf45-76c917cb0395" executionId="5c759ac6-c8a9-4d7e-8d19-4122087bce70" testListId="8c84fa94-04c1-424b-9868-57a2d4851a1d" />
    <TestEntry testId="a5a77c23-3fc3-73eb-726a-706853169a5b" executionId="baa88826-3d39-402f-be2d-be23d34b6dbe" testListId="8c84fa94-04c1-424b-9868-57a2d4851a1d" />
    <TestEntry testId="173cddce-20b5-b1cf-f1bb-6e624f03b3b2" executionId="38d314aa-9cd6-410e-b2e6-922c637a476a" testListId="8c84fa94-04c1-424b-9868-57a2d4851a1d" />
    <TestEntry testId="569bfaae-0410-8771-222d-4bb8137ef450" executionId="356fa838-4804-4b01-9451-a4e6b78c5bac" testListId="8c84fa94-04c1-424b-9868-57a2d4851a1d" />
    <TestEntry testId="3e153557-6ec4-cb92-cb2d-9aa00fa5afac" executionId="8f43b232-7c2e-42b5-9552-027dd499e3fe" testListId="8c84fa94-04c1-424b-9868-57a2d4851a1d" />
    <TestEntry testId="b44a823b-fb1a-dc2e-eaad-b63c00487d51" executionId="00c74ca7-a7ec-420b-b53c-7521f80582cd" testListId="8c84fa94-04c1-424b-9868-57a2d4851a1d" />
    <TestEntry testId="5f07255c-d5cd-c0df-f7ee-814cf222be88" executionId="0afd378a-b143-4780-8446-effaa1303bbb" testListId="8c84fa94-04c1-424b-9868-57a2d4851a1d" />
    <TestEntry testId="e53e156b-129a-c92c-df82-35500b563cae" executionId="bcaae479-d8a1-4863-81fb-3f36c1629110" testListId="8c84fa94-04c1-424b-9868-57a2d4851a1d" />
    <TestEntry testId="19627d26-5122-0b52-adb2-09b422d28326" executionId="0bc1eadd-1675-478d-9839-edaeb056d50f" testListId="8c84fa94-04c1-424b-9868-57a2d4851a1d" />
    <TestEntry testId="e18052c4-2700-62d1-b690-f3526c7f4366" executionId="baf155d3-6754-47d3-9823-609a223a155a" testListId="8c84fa94-04c1-424b-9868-57a2d4851a1d" />
    <TestEntry testId="98655471-90f4-59e7-525f-c8084b359d9f" executionId="d8aa382c-2a94-4037-9e00-dc325ecd3cdf" testListId="8c84fa94-04c1-424b-9868-57a2d4851a1d" />
    <TestEntry testId="4bb0600b-7552-bec3-f9e2-bd119f76cea4" executionId="00bcdfaa-8353-484b-9a01-0a9fb063b6c6" testListId="8c84fa94-04c1-424b-9868-57a2d4851a1d" />
    <TestEntry testId="5a411fd8-004a-df54-9143-f411c3f3fc8b" executionId="5d69bbe9-964f-4b17-a304-f5c6055930c3" testListId="8c84fa94-04c1-424b-9868-57a2d4851a1d" />
    <TestEntry testId="668bee19-e221-0a44-1d56-52288964742b" executionId="534a9bcd-d39b-4a47-a3c5-f93fae97017e" testListId="8c84fa94-04c1-424b-9868-57a2d4851a1d" />
    <TestEntry testId="b04f067e-538f-45ea-ca52-c8528853dc98" executionId="b403fad9-95fd-4415-a85a-ffd083ed32ce" testListId="8c84fa94-04c1-424b-9868-57a2d4851a1d" />
    <TestEntry testId="69dddec3-7578-2080-835c-667dbf4daafa" executionId="0a22b25d-b170-4368-80c1-af9c329106e4" testListId="8c84fa94-04c1-424b-9868-57a2d4851a1d" />
    <TestEntry testId="cb3cc0e0-9cb2-567a-9243-195b46400359" executionId="e43c2c0c-7944-4f1f-b7c9-7e65889a3f13" testListId="8c84fa94-04c1-424b-9868-57a2d4851a1d" />
    <TestEntry testId="9f2e3f3a-64e7-258f-cd9a-6969b9d16624" executionId="6b5ad95f-8bea-4782-b12f-05a6c2631e2f" testListId="8c84fa94-04c1-424b-9868-57a2d4851a1d" />
    <TestEntry testId="a27c1579-1f50-a3d6-b5ce-a40bc3aa10aa" executionId="ad578a4a-9a8f-4b8d-a75a-c9bd4079fdf1" testListId="8c84fa94-04c1-424b-9868-57a2d4851a1d" />
    <TestEntry testId="99aa1ae7-f783-a977-8317-5f1ee410306e" executionId="05112317-6d76-4592-b481-52a63ac84271" testListId="8c84fa94-04c1-424b-9868-57a2d4851a1d" />
    <TestEntry testId="d0eb5381-36bb-6765-acec-28e247a9a321" executionId="6827d5c4-761f-4195-b3e1-d6186cb6bc28" testListId="8c84fa94-04c1-424b-9868-57a2d4851a1d" />
    <TestEntry testId="b6f51341-a030-7010-92b4-f1c1a8bc9169" executionId="38bcadcf-3ba9-4d01-98cf-0388ebea2e14" testListId="8c84fa94-04c1-424b-9868-57a2d4851a1d" />
    <TestEntry testId="dfa86d51-ee16-240f-a412-26f6a168a649" executionId="4325271b-570a-4de5-946c-57e1829d78e1" testListId="8c84fa94-04c1-424b-9868-57a2d4851a1d" />
    <TestEntry testId="a6095f80-0334-edb4-2e89-a759c9293c61" executionId="4333f7a8-8f97-46a6-a439-c8b3ef25f9d6" testListId="8c84fa94-04c1-424b-9868-57a2d4851a1d" />
    <TestEntry testId="b4f6f39f-3841-4d5c-7777-c2dcf6f49b62" executionId="1e362dd5-8a34-415a-9a7d-089c8ace6037" testListId="8c84fa94-04c1-424b-9868-57a2d4851a1d" />
    <TestEntry testId="7f903fd8-7c94-6024-9ea6-9245d052b5b8" executionId="a1edea1f-8e88-496f-a044-fdea0478133a" testListId="8c84fa94-04c1-424b-9868-57a2d4851a1d" />
    <TestEntry testId="76c2b4cc-ba0a-5bcb-2c62-73d653a66d47" executionId="19a0bef8-afc1-4fae-96ce-c2e0cea64f93" testListId="8c84fa94-04c1-424b-9868-57a2d4851a1d" />
    <TestEntry testId="a7ce0cf7-cff4-9872-af69-4eef992b93b8" executionId="7a73a939-1a9d-47fa-a1e0-266253fa9955" testListId="8c84fa94-04c1-424b-9868-57a2d4851a1d" />
    <TestEntry testId="10c50b8f-bcc8-df8e-e0b7-8d550856f9b0" executionId="4a7e7a43-b2f2-4fa5-9ce2-02b20d3c1c57" testListId="8c84fa94-04c1-424b-9868-57a2d4851a1d" />
    <TestEntry testId="6db6db1d-1177-c8ea-5cf3-de091ac6501f" executionId="0edd6d32-5af1-49b9-bf05-bbd26cf6b418" testListId="8c84fa94-04c1-424b-9868-57a2d4851a1d" />
    <TestEntry testId="20034fd8-e7e6-9f59-86b8-581519456825" executionId="0a79a6bc-2155-4235-a69b-e4e1c6e55917" testListId="8c84fa94-04c1-424b-9868-57a2d4851a1d" />
    <TestEntry testId="0cf6b1ac-325e-ac64-fd36-574ae75b25e5" executionId="04f9fafa-8f37-4bbc-b97a-64ed56b2febf" testListId="8c84fa94-04c1-424b-9868-57a2d4851a1d" />
    <TestEntry testId="706d4ec4-0adc-57c9-3071-10e90fc0f70f" executionId="8fc9de94-b7db-48ae-8f2f-a29a4a508b22" testListId="8c84fa94-04c1-424b-9868-57a2d4851a1d" />
    <TestEntry testId="7f3958b9-1f8d-6baf-a1fe-2fb06fcdfede" executionId="0645e493-42f5-4b3a-8839-f9d61dd27d06" testListId="8c84fa94-04c1-424b-9868-57a2d4851a1d" />
    <TestEntry testId="74562e14-cc5c-a9c9-1979-f6ded4eaa05c" executionId="56798497-c968-4fd0-b1df-498ab83a79c9" testListId="8c84fa94-04c1-424b-9868-57a2d4851a1d" />
    <TestEntry testId="cc867c7c-0d5c-801d-c7c1-fb77450424f9" executionId="427224cc-0f9b-42bc-8887-486270bec0c7" testListId="8c84fa94-04c1-424b-9868-57a2d4851a1d" />
    <TestEntry testId="30bc3756-0d13-9f03-5c94-49181b7b2f53" executionId="ce94d666-6757-40ec-8c71-1e4dbd5ef78b" testListId="8c84fa94-04c1-424b-9868-57a2d4851a1d" />
    <TestEntry testId="f13914a9-e3c4-4f53-b448-c11020d7474c" executionId="8a986456-3fa0-4a14-9c0d-1c9579e5a885" testListId="8c84fa94-04c1-424b-9868-57a2d4851a1d" />
    <TestEntry testId="114b0c56-3cd9-6e29-2cb9-d244c016d012" executionId="b06853ab-fda0-4d18-b729-8a5c8f9d0584" testListId="8c84fa94-04c1-424b-9868-57a2d4851a1d" />
    <TestEntry testId="5a736385-92f4-596a-42c3-9ac76ed35208" executionId="4b770b1d-f6dc-4c3a-af8a-f22d05944182" testListId="8c84fa94-04c1-424b-9868-57a2d4851a1d" />
    <TestEntry testId="9173bdb8-0644-720d-11dc-acce7b1baa61" executionId="de120f4a-e53a-440b-99b5-3f71dc14afa6" testListId="8c84fa94-04c1-424b-9868-57a2d4851a1d" />
    <TestEntry testId="45f226c6-a7fb-f0c5-2b54-879f9f02343b" executionId="1d681380-9cad-4342-8349-d65ead41cb20" testListId="8c84fa94-04c1-424b-9868-57a2d4851a1d" />
    <TestEntry testId="613be7f4-a7a7-5395-df61-0abb70eb195e" executionId="cd578b22-4d89-403b-a72b-df73c2aec058" testListId="8c84fa94-04c1-424b-9868-57a2d4851a1d" />
    <TestEntry testId="5c7bd3fb-81ff-1ac2-6d57-8d1e80a09522" executionId="7db37340-7bc1-4b24-aa35-6e09f4de7bf6" testListId="8c84fa94-04c1-424b-9868-57a2d4851a1d" />
    <TestEntry testId="a3e51ec7-b3af-413f-6ae4-8f1fbff3734c" executionId="60016c1d-5eb3-4896-8cb2-74088410de72" testListId="8c84fa94-04c1-424b-9868-57a2d4851a1d" />
    <TestEntry testId="8b526042-2739-8ce1-d8f4-c1bf02014643" executionId="e4c1416f-3600-462b-a40d-d9d383e8630a" testListId="8c84fa94-04c1-424b-9868-57a2d4851a1d" />
    <TestEntry testId="ad134f43-af46-ffb4-1224-9d0f96b1191a" executionId="624f8692-636c-4005-96cc-da710a840d5e" testListId="8c84fa94-04c1-424b-9868-57a2d4851a1d" />
    <TestEntry testId="ae8f0629-548d-85f5-1896-27263638cd5d" executionId="7ea0f3fd-d8a0-4787-8b22-ca0c498fced5" testListId="8c84fa94-04c1-424b-9868-57a2d4851a1d" />
    <TestEntry testId="c00a10e7-76a8-0ad0-ac0a-20828a92aa3c" executionId="6cafb807-d639-470d-8392-7418fdf5c7f6" testListId="8c84fa94-04c1-424b-9868-57a2d4851a1d" />
    <TestEntry testId="343cb0e1-1417-cf7e-abff-eab562d84b81" executionId="aaa5c620-ce9c-4042-bf1e-7d16ab8def9a" testListId="8c84fa94-04c1-424b-9868-57a2d4851a1d" />
    <TestEntry testId="c130309f-793c-3c54-1997-75ff6d96554c" executionId="6b32fbbe-271c-44fe-8c33-b7818f315894" testListId="8c84fa94-04c1-424b-9868-57a2d4851a1d" />
    <TestEntry testId="c64906e5-891b-d070-0323-c95ffdca0dd5" executionId="6c997667-c258-465a-89ad-f906b91d455a" testListId="8c84fa94-04c1-424b-9868-57a2d4851a1d" />
    <TestEntry testId="10d6ca3f-1b9d-a635-ebd2-3e7bab601eee" executionId="9aa98ec6-2a84-47d4-98d1-fc9017c1b8f2" testListId="8c84fa94-04c1-424b-9868-57a2d4851a1d" />
    <TestEntry testId="2532a0e0-d26a-c0fc-c5f7-f06b4858b91b" executionId="e097a85d-521b-426a-a529-d5ce2f46c550" testListId="8c84fa94-04c1-424b-9868-57a2d4851a1d" />
    <TestEntry testId="efa20886-c864-a3ce-f5ed-40c64826a507" executionId="ef3e93a1-ffe0-43f4-9d80-a67343abec5d" testListId="8c84fa94-04c1-424b-9868-57a2d4851a1d" />
    <TestEntry testId="57d5351e-89a1-88f5-047f-ba6226dd4f1e" executionId="1302dc6e-9c95-4977-b3b3-11f51f015a76" testListId="8c84fa94-04c1-424b-9868-57a2d4851a1d" />
    <TestEntry testId="4cd07aad-f8b5-25a7-0e51-5fa1fc4c127d" executionId="4523a775-5b4b-4740-92fc-79f10965f8ba" testListId="8c84fa94-04c1-424b-9868-57a2d4851a1d" />
    <TestEntry testId="b62285e3-710c-7c9a-e1f3-058f7c0cf59e" executionId="40151708-592f-4426-bcf5-9f171bdffd4c" testListId="8c84fa94-04c1-424b-9868-57a2d4851a1d" />
    <TestEntry testId="c4d12ff3-60f4-4492-afbf-1372b99887a4" executionId="d239c9fc-bca5-43a4-b2e8-9f51a475c827" testListId="8c84fa94-04c1-424b-9868-57a2d4851a1d" />
    <TestEntry testId="8fdfef11-0cbf-4548-2c30-a1ba063c7022" executionId="36d438fd-913a-4c82-ac68-1c3d5333b528" testListId="8c84fa94-04c1-424b-9868-57a2d4851a1d" />
    <TestEntry testId="57bacdbf-a0f3-52a6-bf94-fe17e3e3f642" executionId="87f93c6b-dc9b-408a-a21b-840372884822" testListId="8c84fa94-04c1-424b-9868-57a2d4851a1d" />
    <TestEntry testId="9da7c202-58c3-5fab-0031-2fe16a925c22" executionId="eadc02be-4af5-4c27-8c3e-3790f4e305b5" testListId="8c84fa94-04c1-424b-9868-57a2d4851a1d" />
    <TestEntry testId="9d43684b-00da-7543-9bc1-a2202605ce82" executionId="c7cf5855-8013-46f7-b488-677ea14949f3" testListId="8c84fa94-04c1-424b-9868-57a2d4851a1d" />
    <TestEntry testId="6fe0c3e8-d70e-aa1e-ebb5-3824f2093751" executionId="d577a5af-d6ab-4e70-a6a9-3096f9095073" testListId="8c84fa94-04c1-424b-9868-57a2d4851a1d" />
    <TestEntry testId="111b5745-dc75-6f3d-aaee-96747b4d798f" executionId="6fb86065-8da5-4b51-997f-44b57f5c0a8b" testListId="8c84fa94-04c1-424b-9868-57a2d4851a1d" />
    <TestEntry testId="5ffbebdf-5e40-5008-341b-badf7d73af51" executionId="9d823610-6dbb-4d92-aa32-6cdfcfe39fe2" testListId="8c84fa94-04c1-424b-9868-57a2d4851a1d" />
    <TestEntry testId="f88a9eb1-1b2d-6978-811a-00b9776f9a7b" executionId="558624a2-36ed-4bb9-b596-d8ba8512f4f5" testListId="8c84fa94-04c1-424b-9868-57a2d4851a1d" />
    <TestEntry testId="df534433-e81e-2362-089d-02b32a13ff5f" executionId="0c08585d-95ba-440c-82b8-d856f44996f4" testListId="8c84fa94-04c1-424b-9868-57a2d4851a1d" />
    <TestEntry testId="fbfcdd25-8006-e7af-fc46-35b988e5dd70" executionId="541cf5fd-234f-474c-bf78-98b807a95e64" testListId="8c84fa94-04c1-424b-9868-57a2d4851a1d" />
    <TestEntry testId="759e141d-5006-5154-479b-168738883742" executionId="642c2207-e7d3-4117-b413-acd9dab8b4a1" testListId="8c84fa94-04c1-424b-9868-57a2d4851a1d" />
    <TestEntry testId="96fca06f-0569-a7af-f21c-69e7c495e6cb" executionId="23741419-c1c8-4dd3-b165-0fdd212267bf" testListId="8c84fa94-04c1-424b-9868-57a2d4851a1d" />
    <TestEntry testId="ca2b40c5-5ae1-bcc9-b91c-ceb89636f876" executionId="f1663132-0a53-4071-98c1-4a6f25deeaa9" testListId="8c84fa94-04c1-424b-9868-57a2d4851a1d" />
    <TestEntry testId="f6bdcac0-22ed-72e6-9550-717b92896985" executionId="bbc40e5d-c70d-4fe9-a754-55816ffb6f89" testListId="8c84fa94-04c1-424b-9868-57a2d4851a1d" />
    <TestEntry testId="fa0b2a88-e976-a041-14e3-8c8bd4b16949" executionId="8b561b13-1f50-48be-920a-da16b4c45f7c" testListId="8c84fa94-04c1-424b-9868-57a2d4851a1d" />
    <TestEntry testId="becb7f2a-b219-c2c9-8d5f-f1598f4d5a18" executionId="6b47177a-c77b-4580-a1f2-5690b8a21181" testListId="8c84fa94-04c1-424b-9868-57a2d4851a1d" />
    <TestEntry testId="d4385330-0e50-361b-c879-ddcb17aa9645" executionId="3d1855e0-8c94-4594-9658-d7fe106e4bf6" testListId="8c84fa94-04c1-424b-9868-57a2d4851a1d" />
    <TestEntry testId="86a9646a-8331-f524-cd39-1cefc26b403c" executionId="a4ac0980-7f22-4d2e-9506-5dd7b5829b57" testListId="8c84fa94-04c1-424b-9868-57a2d4851a1d" />
    <TestEntry testId="f72762c7-a54f-ad5e-19cd-19742e6bb18c" executionId="62e825f3-c1ef-4312-926b-a706c794637f" testListId="8c84fa94-04c1-424b-9868-57a2d4851a1d" />
    <TestEntry testId="70b712f1-924e-8712-a0fe-8efa050afe1d" executionId="72d07b31-f5b9-4140-a500-11ecbd90e575" testListId="8c84fa94-04c1-424b-9868-57a2d4851a1d" />
    <TestEntry testId="da8fe84c-d4dc-25e2-a6c6-1542dbab91c3" executionId="65e4b730-59bc-4284-82a6-e2ddbf9d3a28" testListId="8c84fa94-04c1-424b-9868-57a2d4851a1d" />
    <TestEntry testId="d15a78dd-4e5d-1e70-ad9e-7c1326ed70f1" executionId="92bc4ab2-e872-4be2-8737-e971c3707954" testListId="8c84fa94-04c1-424b-9868-57a2d4851a1d" />
    <TestEntry testId="20c11213-7a32-e5b1-4f9d-be32fc32fc40" executionId="f51dda63-6235-4ce1-963a-3c5bd383472a" testListId="8c84fa94-04c1-424b-9868-57a2d4851a1d" />
    <TestEntry testId="fbd8feeb-89b4-a389-76c5-14662d3945a0" executionId="11250c8a-9407-4963-a81a-dd8d17e11e8b" testListId="8c84fa94-04c1-424b-9868-57a2d4851a1d" />
    <TestEntry testId="2f460b08-43e7-5cfb-1f41-b11a2f92b56f" executionId="151853cc-b584-4c72-b26c-704d93e9b6e6" testListId="8c84fa94-04c1-424b-9868-57a2d4851a1d" />
    <TestEntry testId="e3f46882-a63f-659a-a290-fdc403564c9f" executionId="effb639e-0030-43ca-9268-59e68c998a12" testListId="8c84fa94-04c1-424b-9868-57a2d4851a1d" />
    <TestEntry testId="1546303a-edc4-61b2-b8a8-c5fe00f4d6c5" executionId="79e87a7e-4e46-421d-a97f-11bf940a4bdf" testListId="8c84fa94-04c1-424b-9868-57a2d4851a1d" />
    <TestEntry testId="e014c4e5-e405-d77f-a0c8-5bc189ef8f1a" executionId="df855902-a0f5-4131-8bba-64abd93fd278" testListId="8c84fa94-04c1-424b-9868-57a2d4851a1d" />
    <TestEntry testId="2be44ee8-b70c-9a27-4d16-5b0b81c74ea0" executionId="50194916-ab4b-4f11-ad45-eda26e5f53ce" testListId="8c84fa94-04c1-424b-9868-57a2d4851a1d" />
    <TestEntry testId="f1e36961-5c37-364c-023d-e92ca8cc1274" executionId="53f139df-6ca5-43b8-9e40-96198447fc4a" testListId="8c84fa94-04c1-424b-9868-57a2d4851a1d" />
    <TestEntry testId="d1f76e23-8059-620d-d855-759c9dc84cc1" executionId="18ecba27-1387-48d4-9d69-9c26a2ae4124" testListId="8c84fa94-04c1-424b-9868-57a2d4851a1d" />
    <TestEntry testId="135c7de2-1b5f-0ae7-2213-1f450010e885" executionId="541b0815-6372-4d79-a6bc-dc6dcf06c154" testListId="8c84fa94-04c1-424b-9868-57a2d4851a1d" />
    <TestEntry testId="62d61001-527d-9d1b-b23e-81539a8cf50c" executionId="59429e21-635f-4a50-8907-58a5548c4f3d" testListId="8c84fa94-04c1-424b-9868-57a2d4851a1d" />
    <TestEntry testId="94f6961b-99ac-3736-ade9-470132a8b137" executionId="0284bf09-5027-4fe8-9212-675f1c27e97f" testListId="8c84fa94-04c1-424b-9868-57a2d4851a1d" />
    <TestEntry testId="f5b39a06-2e13-888e-4fa4-e84b24b30d0d" executionId="83a1c366-3cab-4568-8fb0-0c03f12ff987" testListId="8c84fa94-04c1-424b-9868-57a2d4851a1d" />
    <TestEntry testId="ca732d3d-af42-ff8b-5506-889b7c7ef73a" executionId="7ceff291-bfc4-49ae-b11b-6b723f0bdf18" testListId="8c84fa94-04c1-424b-9868-57a2d4851a1d" />
    <TestEntry testId="0bee123b-d72f-6c3f-9e2d-a066d1934f8b" executionId="dc8436e2-7ea6-41ef-afc0-1f986e4cf998" testListId="8c84fa94-04c1-424b-9868-57a2d4851a1d" />
    <TestEntry testId="187c0f01-e375-0ebc-5c60-9af9ed8903db" executionId="d740d113-7fc8-4784-99a8-09d4b4c6aabf" testListId="8c84fa94-04c1-424b-9868-57a2d4851a1d" />
    <TestEntry testId="b6f833d8-499e-ed7b-6b41-c89313a68967" executionId="7ba4a6a9-60a3-4800-9dc9-82788c15f888" testListId="8c84fa94-04c1-424b-9868-57a2d4851a1d" />
    <TestEntry testId="76028a67-5647-15f3-939f-9a6a64300933" executionId="ba793c20-2e93-4c8b-b50f-0043812c1c50" testListId="8c84fa94-04c1-424b-9868-57a2d4851a1d" />
    <TestEntry testId="0346062f-313c-4b40-bb4d-c6231b21cb33" executionId="3e064d98-8191-4983-949c-f99738a22148" testListId="8c84fa94-04c1-424b-9868-57a2d4851a1d" />
    <TestEntry testId="492aa0e3-a375-6bd6-318e-67cf4753a81e" executionId="e00ffde3-a503-4593-a324-e1b30672de38" testListId="8c84fa94-04c1-424b-9868-57a2d4851a1d" />
    <TestEntry testId="d026e7ad-37c2-eeb6-fe71-0201019f497b" executionId="b3093c41-07fb-4636-9d4a-9818aa8baa77" testListId="8c84fa94-04c1-424b-9868-57a2d4851a1d" />
    <TestEntry testId="a6767e11-07cf-022c-d1c8-5a4b5741034d" executionId="211549ad-abaa-44c0-8efe-f2b6447d62c2" testListId="8c84fa94-04c1-424b-9868-57a2d4851a1d" />
    <TestEntry testId="ede22c26-cac5-27e4-85d7-5752263c860e" executionId="be354fdc-17d4-4390-b50b-c3599ebb7966" testListId="8c84fa94-04c1-424b-9868-57a2d4851a1d" />
    <TestEntry testId="80ab7f0e-6cfe-9e83-8315-050a1996c963" executionId="851da000-9623-428a-82fa-e0e79708d979" testListId="8c84fa94-04c1-424b-9868-57a2d4851a1d" />
    <TestEntry testId="beacfd38-f6f3-6d05-0ca0-2c0310bf64de" executionId="6ab21250-f841-455b-a1e0-73adca6ffff2" testListId="8c84fa94-04c1-424b-9868-57a2d4851a1d" />
    <TestEntry testId="83fa4b30-418d-4d63-8b7e-e52905edc26b" executionId="856fd359-58ac-4c19-b966-c10248fe4ea1" testListId="8c84fa94-04c1-424b-9868-57a2d4851a1d" />
    <TestEntry testId="b81c1618-316b-5c50-d8bb-6cce05c2b1d6" executionId="13cb44f6-5a05-4a65-b779-61fa1e1e558f" testListId="8c84fa94-04c1-424b-9868-57a2d4851a1d" />
    <TestEntry testId="87f8524a-3471-cf69-59a5-50a063c8cab4" executionId="1af689c3-a04b-4cfc-8861-e1b0c2ce5450" testListId="8c84fa94-04c1-424b-9868-57a2d4851a1d" />
    <TestEntry testId="d8f0fca4-15fd-11f8-f3f3-3e1c1e6fda8e" executionId="0cf2c7aa-44b9-49cb-8e55-6c47cf3c5015" testListId="8c84fa94-04c1-424b-9868-57a2d4851a1d" />
    <TestEntry testId="ef4a1808-46d3-657b-d153-6628c14bba3b" executionId="a5939cc6-6385-4272-b33e-5a25b83af757" testListId="8c84fa94-04c1-424b-9868-57a2d4851a1d" />
    <TestEntry testId="af662909-c2b2-cc32-22b4-6721aba0f3b3" executionId="1fdb41a1-d709-4399-91f4-2711e5ec9958" testListId="8c84fa94-04c1-424b-9868-57a2d4851a1d" />
    <TestEntry testId="e6896e68-172c-7d75-7ae6-4d62e7ed6747" executionId="e5f8f833-2411-4467-9eff-79f0101ed216" testListId="8c84fa94-04c1-424b-9868-57a2d4851a1d" />
    <TestEntry testId="1db83022-6f26-bfac-dd11-eaf0b6a29704" executionId="7cef1da5-bf23-497c-8fe6-e250030482b6" testListId="8c84fa94-04c1-424b-9868-57a2d4851a1d" />
    <TestEntry testId="deae957c-62e2-1d26-6901-48b1e5ced5dc" executionId="02e0f198-ad41-42ef-b95f-315f1ca1b2ce" testListId="8c84fa94-04c1-424b-9868-57a2d4851a1d" />
    <TestEntry testId="acf704e6-6e76-ec7c-35c3-b31f4421f15c" executionId="8879cb3a-1b84-42d2-80e7-3e07291ce269" testListId="8c84fa94-04c1-424b-9868-57a2d4851a1d" />
    <TestEntry testId="fb4162d0-d605-099e-4577-131bcd47079e" executionId="a4966870-4110-4893-9d43-e785752bed5d" testListId="8c84fa94-04c1-424b-9868-57a2d4851a1d" />
    <TestEntry testId="36a0eb4e-8858-75dc-f8e8-1d56b3da2a13" executionId="eef50d8f-9aa3-460f-a85a-b654de8c0ca2" testListId="8c84fa94-04c1-424b-9868-57a2d4851a1d" />
    <TestEntry testId="295e364a-764a-2988-9a20-8be47ed81d51" executionId="2641065d-de24-48b0-8d44-a3d9cd335aea" testListId="8c84fa94-04c1-424b-9868-57a2d4851a1d" />
    <TestEntry testId="1cb0a5ae-f23f-d489-08aa-7d3a9bd6d033" executionId="d95c1483-9e99-4fbe-96e9-5d5cb7aaf61b" testListId="8c84fa94-04c1-424b-9868-57a2d4851a1d" />
    <TestEntry testId="34db1a41-ae07-57ef-bc5b-624a4ed4ae66" executionId="99d77362-c039-4364-a284-a30f84f0856e" testListId="8c84fa94-04c1-424b-9868-57a2d4851a1d" />
    <TestEntry testId="5bacd513-6195-b41b-3bb0-2f6e5335e84f" executionId="20754578-6a1d-46f4-90ff-d8365d0fa27d" testListId="8c84fa94-04c1-424b-9868-57a2d4851a1d" />
    <TestEntry testId="69b770dc-77c1-875c-bfd5-2824b2a4de2c" executionId="a7ff15fa-1616-4926-b1e8-3770b29d0ed8" testListId="8c84fa94-04c1-424b-9868-57a2d4851a1d" />
    <TestEntry testId="1fe75168-c800-b67c-9751-e0d12264c81c" executionId="25455516-7e1f-4455-9a56-9ee19f24267c" testListId="8c84fa94-04c1-424b-9868-57a2d4851a1d" />
    <TestEntry testId="2088a3e1-2a27-b1c6-9758-fcf8e948fdef" executionId="3166d9bb-bbf5-42f3-86f1-d34cf76b1e18" testListId="8c84fa94-04c1-424b-9868-57a2d4851a1d" />
    <TestEntry testId="af0e0e72-bb63-75ce-190c-aa98042ba6b1" executionId="1cbdf02f-0d61-4e17-9227-4f008d8fd51f" testListId="8c84fa94-04c1-424b-9868-57a2d4851a1d" />
    <TestEntry testId="5e34e83a-50fc-5b2c-3593-fda1d4315bc6" executionId="8654a545-df1c-4776-a8fe-3d08ef9fda6c" testListId="8c84fa94-04c1-424b-9868-57a2d4851a1d" />
    <TestEntry testId="db7ef84f-789d-fca7-ad54-9eacd2abd3b3" executionId="16063ba5-f5ce-40ca-963c-bea9c9c22ec4" testListId="8c84fa94-04c1-424b-9868-57a2d4851a1d" />
    <TestEntry testId="f80cf9ee-905e-8863-bda8-9d4d9c6015ab" executionId="e273967d-3744-42fc-943e-860bac64bec9" testListId="8c84fa94-04c1-424b-9868-57a2d4851a1d" />
    <TestEntry testId="fa070ce3-3c08-42bf-88c4-d169ef6e2c39" executionId="29f999c6-1144-47b5-acd0-cd74695a6902" testListId="8c84fa94-04c1-424b-9868-57a2d4851a1d" />
    <TestEntry testId="54c9c409-338d-3da7-1143-c8338dceb6cf" executionId="6a506518-9ae8-43c8-b3e9-479d2de9399f" testListId="8c84fa94-04c1-424b-9868-57a2d4851a1d" />
    <TestEntry testId="f6dfa8db-8634-305b-53fb-afe728588de3" executionId="5d6363fb-a10b-426b-b5b2-7017c9974152" testListId="8c84fa94-04c1-424b-9868-57a2d4851a1d" />
    <TestEntry testId="3dec75a1-2efb-df48-cb0d-9006d61d86c5" executionId="d22d603c-aac4-4dad-b870-bbe481f1dab0" testListId="8c84fa94-04c1-424b-9868-57a2d4851a1d" />
    <TestEntry testId="d6dc7060-8317-5826-203f-fe37bff9af1d" executionId="78b537f5-4459-4338-a4fd-474822c3dbc5" testListId="8c84fa94-04c1-424b-9868-57a2d4851a1d" />
    <TestEntry testId="1aeced91-2bcf-ca87-1dde-1e82fd8c0772" executionId="c7f90954-9530-404a-915f-f67a58bbf7d9" testListId="8c84fa94-04c1-424b-9868-57a2d4851a1d" />
    <TestEntry testId="5ff9f8c5-a602-278e-9018-6f84584c4fe6" executionId="c6151ace-8fa7-440b-b38d-d1220f1a5826" testListId="8c84fa94-04c1-424b-9868-57a2d4851a1d" />
    <TestEntry testId="5d612f8b-c91c-9d3d-ce0b-ffe53fe5d9a0" executionId="535af6ce-4d89-4d4f-9d18-68a09ff2dd04" testListId="8c84fa94-04c1-424b-9868-57a2d4851a1d" />
    <TestEntry testId="3a5833f7-aba2-d5f8-b201-45f09afa3b5f" executionId="7b80bad3-a7cc-44d6-a5bd-c6e5ff880326" testListId="8c84fa94-04c1-424b-9868-57a2d4851a1d" />
    <TestEntry testId="e4fcace6-2c75-0e64-c285-70cbf2156b4a" executionId="830aaea6-4d4d-491a-a458-ba7e274d1054" testListId="8c84fa94-04c1-424b-9868-57a2d4851a1d" />
    <TestEntry testId="74a6c389-14e7-9d6b-b263-f485828c30bc" executionId="84f4ec92-f37f-404a-9223-d1ea48ee661a" testListId="8c84fa94-04c1-424b-9868-57a2d4851a1d" />
    <TestEntry testId="12579a38-9224-a534-9694-f9d58779dd93" executionId="e5db1e12-4255-4313-9338-bf43507f422e" testListId="8c84fa94-04c1-424b-9868-57a2d4851a1d" />
    <TestEntry testId="4d240a1d-4d36-6e9f-f89d-d0cc429f321f" executionId="f56e7989-c427-4ea8-8953-bcf187968cfa" testListId="8c84fa94-04c1-424b-9868-57a2d4851a1d" />
    <TestEntry testId="30d009dc-eac0-b4e6-900a-5292be5377f4" executionId="5f59e9d6-dfdb-4018-82ef-025295e7e831" testListId="8c84fa94-04c1-424b-9868-57a2d4851a1d" />
    <TestEntry testId="8abaa201-50e1-f647-bec2-b35a68581c38" executionId="0d27138b-e71a-471d-8032-91b75e59dbb1" testListId="8c84fa94-04c1-424b-9868-57a2d4851a1d" />
    <TestEntry testId="4f7ae0b2-8709-4bc2-a4cb-6a78eeb89c6e" executionId="8f9dd07b-d297-4535-8ae9-3116e6a292ad" testListId="8c84fa94-04c1-424b-9868-57a2d4851a1d" />
    <TestEntry testId="12b9a3cc-ed0e-3dca-82a7-a0f790cf139f" executionId="404f259a-aa3e-470f-97bc-c97d79ff8437" testListId="8c84fa94-04c1-424b-9868-57a2d4851a1d" />
    <TestEntry testId="351fa298-b5c8-61d2-89c9-71b803ffece1" executionId="f3baf455-3012-4231-b472-f645bb92635b" testListId="8c84fa94-04c1-424b-9868-57a2d4851a1d" />
    <TestEntry testId="2f5df4c7-efcc-17fd-a190-a85554d096c7" executionId="2b691271-b60f-4f04-ba2d-f2c367838640" testListId="8c84fa94-04c1-424b-9868-57a2d4851a1d" />
    <TestEntry testId="9181c853-26cf-b8d7-7024-b477f4cb3cf2" executionId="5213a937-7186-44ab-b65b-93d40ba10642" testListId="8c84fa94-04c1-424b-9868-57a2d4851a1d" />
    <TestEntry testId="d454eba3-18de-5a30-a13a-8d69e2b991ba" executionId="76636dc8-0a0c-49b9-b61d-3cb9ec41acec" testListId="8c84fa94-04c1-424b-9868-57a2d4851a1d" />
    <TestEntry testId="ed95c627-45e9-fe1d-df08-c1d1d5ed2b3c" executionId="d84ff7a3-e593-43cc-8546-a5e009c3f17c" testListId="8c84fa94-04c1-424b-9868-57a2d4851a1d" />
    <TestEntry testId="b1dfb4f4-ba55-a7da-366a-3fd92a7e155a" executionId="311530a2-5148-4201-8510-e61f186d75f5" testListId="8c84fa94-04c1-424b-9868-57a2d4851a1d" />
    <TestEntry testId="0a2daad4-07c6-5b3d-9ace-c60a0200dbb8" executionId="e6784118-94fb-4bf1-8eaa-eba040fdb0b0" testListId="8c84fa94-04c1-424b-9868-57a2d4851a1d" />
    <TestEntry testId="225bcf76-0865-56a4-8a40-2f39bcea62a8" executionId="b3d12dce-c777-40ab-a241-a1b8ea54b50c" testListId="8c84fa94-04c1-424b-9868-57a2d4851a1d" />
    <TestEntry testId="7f534aaf-3d3a-6b6e-7f78-02adb85253d7" executionId="9134f27d-464d-4a4d-903c-67df95a4a8cf" testListId="8c84fa94-04c1-424b-9868-57a2d4851a1d" />
    <TestEntry testId="99e3ba4a-37fa-896e-1ea0-aac4634d9ac2" executionId="48d03bf2-5c59-4e45-ae73-24015f89ac7e" testListId="8c84fa94-04c1-424b-9868-57a2d4851a1d" />
    <TestEntry testId="3c27a31f-e076-0d6d-19f1-c3fb8a72001f" executionId="d84d67ce-fe6d-4d48-ac38-b1b80a9bb291" testListId="8c84fa94-04c1-424b-9868-57a2d4851a1d" />
    <TestEntry testId="40452ac3-133f-485f-97d4-273cd14a475c" executionId="73c67f69-dfd1-45dc-b075-247710402462" testListId="8c84fa94-04c1-424b-9868-57a2d4851a1d" />
    <TestEntry testId="ed3b368b-5fc9-9eb6-3ee2-aeb3a1e0cc4a" executionId="117ce6c4-3cdc-4b77-a22f-85266e07d9b1" testListId="8c84fa94-04c1-424b-9868-57a2d4851a1d" />
    <TestEntry testId="f0cf4632-d6dd-1631-e787-56470f2d346f" executionId="04cba2e4-107b-44a4-98cf-36dc3c439b73" testListId="8c84fa94-04c1-424b-9868-57a2d4851a1d" />
    <TestEntry testId="c12825c8-ae4e-584d-bb7e-d7cd8271538d" executionId="c3414b57-5aa3-4847-bdc4-dae58d48f2c2" testListId="8c84fa94-04c1-424b-9868-57a2d4851a1d" />
    <TestEntry testId="366c9a4c-d373-a66d-1c36-09f56a7219f6" executionId="093beba6-132e-4d8d-b221-fd7a6b7414d2" testListId="8c84fa94-04c1-424b-9868-57a2d4851a1d" />
    <TestEntry testId="411b0de1-1ca4-cd23-455d-a5352764ff19" executionId="72ed1b92-607d-4891-b583-d83d790161b7" testListId="8c84fa94-04c1-424b-9868-57a2d4851a1d" />
    <TestEntry testId="c53c3423-ff8d-701c-7fc4-4700e82a795f" executionId="e5a02225-2a81-404b-8d04-03709bcbfd74" testListId="8c84fa94-04c1-424b-9868-57a2d4851a1d" />
    <TestEntry testId="2dd1f79f-057e-86fd-44c4-9024fe1314ac" executionId="c288ce5c-6611-4d18-8aae-30cf6ada7b12" testListId="8c84fa94-04c1-424b-9868-57a2d4851a1d" />
    <TestEntry testId="67bc1776-6315-9a00-3713-6e986aea55e8" executionId="84d7cd06-acd4-45d8-973e-eac199447f0b" testListId="8c84fa94-04c1-424b-9868-57a2d4851a1d" />
    <TestEntry testId="ca6333b1-aef7-00b3-7099-87181c2d9eba" executionId="6ddab0d0-eb1f-4428-a906-7d5e776917af" testListId="8c84fa94-04c1-424b-9868-57a2d4851a1d" />
    <TestEntry testId="e9acc007-17a7-abc1-649b-24da425a2197" executionId="442e1fb6-9c0e-4d3d-8bc0-d17601662783" testListId="8c84fa94-04c1-424b-9868-57a2d4851a1d" />
    <TestEntry testId="d8ab1085-75ed-8e3c-6704-cb239b515cf2" executionId="9bc60726-05c4-499a-a542-0ffe36b447bf" testListId="8c84fa94-04c1-424b-9868-57a2d4851a1d" />
    <TestEntry testId="d8e8f656-b222-2cc4-39e9-933e25cf137d" executionId="ee173320-47be-432e-937b-02e6a79ade2b" testListId="8c84fa94-04c1-424b-9868-57a2d4851a1d" />
    <TestEntry testId="d74a0847-3fd5-d904-c7af-363717dfd5a4" executionId="afc97616-9dac-4611-b8e5-1cd82ad8b5e9" testListId="8c84fa94-04c1-424b-9868-57a2d4851a1d" />
    <TestEntry testId="e9632c8c-2e19-3a9c-42ff-3dfd5ac4ab1b" executionId="7d393ff7-a7e0-45ea-92f4-cee82c6a14f7" testListId="8c84fa94-04c1-424b-9868-57a2d4851a1d" />
    <TestEntry testId="d17156f2-d96b-7805-f2d0-4f7f66933361" executionId="3a21b3fc-d571-4ee3-83e3-d670becf9ce0" testListId="8c84fa94-04c1-424b-9868-57a2d4851a1d" />
    <TestEntry testId="4fb259f6-15ac-2922-8eea-4bc0fff07d04" executionId="5554f4aa-f5f8-42ad-b80a-2c4feaa66738" testListId="8c84fa94-04c1-424b-9868-57a2d4851a1d" />
    <TestEntry testId="14dbe8ff-b862-5633-193b-df6fb0fc63d4" executionId="042c14d3-18b4-4c22-b143-9dce568dc60c" testListId="8c84fa94-04c1-424b-9868-57a2d4851a1d" />
    <TestEntry testId="94d721c8-ee4e-319c-2167-6beaaf83b935" executionId="7834267b-6737-4746-957c-be833b26e83e" testListId="8c84fa94-04c1-424b-9868-57a2d4851a1d" />
    <TestEntry testId="eefcfbfe-2cc7-633f-f32b-37bc1f1a9241" executionId="6ccc35fe-7409-4db5-bd9e-7c44f54f66c9" testListId="8c84fa94-04c1-424b-9868-57a2d4851a1d" />
    <TestEntry testId="cadcb56b-1265-165e-5791-65d8d3f838ca" executionId="d52aeab5-d12c-48c8-80a1-62d64a64f5a3" testListId="8c84fa94-04c1-424b-9868-57a2d4851a1d" />
    <TestEntry testId="743584e0-a240-0ce4-5713-dd93c33b213a" executionId="ea915c52-bc1c-4ed3-8906-bfb2f205fd99" testListId="8c84fa94-04c1-424b-9868-57a2d4851a1d" />
    <TestEntry testId="d2da073d-29db-1812-1e61-1eb772d7166b" executionId="34bd31cd-0a7e-41bf-b3cb-cc9e7081d47c" testListId="8c84fa94-04c1-424b-9868-57a2d4851a1d" />
    <TestEntry testId="8df66596-2fbf-8e84-1c90-b51fc4118a95" executionId="1454d3fc-daf1-4ea1-affb-5cadce5e9ddf" testListId="8c84fa94-04c1-424b-9868-57a2d4851a1d" />
    <TestEntry testId="7f2545cd-23f8-0aee-870c-ff6019724a7c" executionId="c46cfe52-f31d-4c43-880e-cb542d92234f" testListId="8c84fa94-04c1-424b-9868-57a2d4851a1d" />
    <TestEntry testId="03fc13e8-59e6-dc26-59a6-54a183532f2d" executionId="e3043b55-f93a-45a3-ad11-043aa88bc469" testListId="8c84fa94-04c1-424b-9868-57a2d4851a1d" />
    <TestEntry testId="ea2246a3-0287-0891-9a82-a77b59c13d14" executionId="221397a4-1c33-46b6-8d17-dc09ea2b6762" testListId="8c84fa94-04c1-424b-9868-57a2d4851a1d" />
    <TestEntry testId="b122c509-1688-809e-ff0e-b8d07977af92" executionId="efa9e0c9-b288-4e49-9b4a-273b8d77270e" testListId="8c84fa94-04c1-424b-9868-57a2d4851a1d" />
    <TestEntry testId="b832b975-47b0-af8c-06a6-7d2a3cee329b" executionId="0c3d7190-1c50-42cd-b384-644dbeb9c85f" testListId="8c84fa94-04c1-424b-9868-57a2d4851a1d" />
    <TestEntry testId="9309341b-b8a6-df5d-756c-93b5b5add603" executionId="96072faa-a3c4-464b-8283-45464242b4f6" testListId="8c84fa94-04c1-424b-9868-57a2d4851a1d" />
    <TestEntry testId="2cb3c672-69bb-9a88-208e-2d87e3e3f79b" executionId="bed2efa8-84c0-49c3-a0e0-8adb673bfa98" testListId="8c84fa94-04c1-424b-9868-57a2d4851a1d" />
    <TestEntry testId="deea7a7e-1fdd-f5a6-e2aa-442a21568894" executionId="674f3109-c231-4647-8316-fd6f08dc2730" testListId="8c84fa94-04c1-424b-9868-57a2d4851a1d" />
    <TestEntry testId="5ed5931b-eddf-c5a7-c428-1293ac7854f3" executionId="2649714d-d864-43f4-98ad-7a35a5669e8f" testListId="8c84fa94-04c1-424b-9868-57a2d4851a1d" />
    <TestEntry testId="039440fb-ac2e-f86b-27ad-15c0a0322f0f" executionId="56a9c167-f4a0-4386-a509-7cf8fd1b5803" testListId="8c84fa94-04c1-424b-9868-57a2d4851a1d" />
    <TestEntry testId="847146fe-1180-6206-469c-a22b64731580" executionId="d5309d65-17db-40e4-b9c9-7fa8720d2e1b" testListId="8c84fa94-04c1-424b-9868-57a2d4851a1d" />
    <TestEntry testId="334f90e3-9090-3910-ec93-4148e933e055" executionId="3deb966c-f62f-4f91-996a-6f478b041d23" testListId="8c84fa94-04c1-424b-9868-57a2d4851a1d" />
    <TestEntry testId="b525a9d3-5ad0-5c70-a1c9-be78c0c85d0c" executionId="80bfc7b0-46ed-4de3-99a2-bfe60d6f1f79" testListId="8c84fa94-04c1-424b-9868-57a2d4851a1d" />
    <TestEntry testId="2c39881f-acfd-7524-f80d-ba4ce6031720" executionId="8d6ddc1b-6fab-4d81-af27-5763e645a4ab" testListId="8c84fa94-04c1-424b-9868-57a2d4851a1d" />
    <TestEntry testId="f23660f2-fffd-56f2-2044-21e10448f9f4" executionId="e86eda19-6d22-422c-95e9-e5cb318e88ba" testListId="8c84fa94-04c1-424b-9868-57a2d4851a1d" />
    <TestEntry testId="cbc7773d-8c1a-833d-6ca3-5c12e4916814" executionId="918d7023-b98b-4c88-8038-c970a2e56d3e" testListId="8c84fa94-04c1-424b-9868-57a2d4851a1d" />
    <TestEntry testId="b59fa0d8-acfb-5e6f-7f65-1cf2b7e27e0c" executionId="4532ff79-40dd-4efc-9083-2a447de0e05f" testListId="8c84fa94-04c1-424b-9868-57a2d4851a1d" />
    <TestEntry testId="40af15f1-3c4b-b585-b45f-69578573be98" executionId="b8d50822-f457-430a-8909-339b9e00704a" testListId="8c84fa94-04c1-424b-9868-57a2d4851a1d" />
    <TestEntry testId="40dbcff3-94ed-953c-0b76-876807c0eb6e" executionId="32f5cd62-988c-4fcc-9ef0-689ea8cc3fab" testListId="8c84fa94-04c1-424b-9868-57a2d4851a1d" />
    <TestEntry testId="4101a95e-40c4-0bc3-2388-01b84243ebee" executionId="c7b1ec7c-e0ca-4396-9e62-9466a8fe2804" testListId="8c84fa94-04c1-424b-9868-57a2d4851a1d" />
    <TestEntry testId="04e5087f-2ef0-9da2-f073-772468eea701" executionId="9e24c8ee-ea00-43ad-ac5a-c6b93a72b288" testListId="8c84fa94-04c1-424b-9868-57a2d4851a1d" />
    <TestEntry testId="d2c88e8f-9c4a-4484-9e22-8c95b1688e77" executionId="99d945a0-585a-498d-bc2c-729ca26b8018" testListId="8c84fa94-04c1-424b-9868-57a2d4851a1d" />
    <TestEntry testId="2e95a326-74b5-4f58-e36a-1771072878b5" executionId="e2341353-48b7-4740-9a3e-4604f8cabc44" testListId="8c84fa94-04c1-424b-9868-57a2d4851a1d" />
    <TestEntry testId="391840f3-e206-976c-b617-454923bcfaa0" executionId="2479ea23-e1dd-4e3d-b86e-6753ec672bd8" testListId="8c84fa94-04c1-424b-9868-57a2d4851a1d" />
    <TestEntry testId="e7eef8b8-b7ee-6891-ce18-9fc77d65aac2" executionId="dfb3af01-4d65-4055-ab07-b24275d71ec8" testListId="8c84fa94-04c1-424b-9868-57a2d4851a1d" />
    <TestEntry testId="f4f05f7e-c1aa-8a7f-f1ec-8bb2f604023d" executionId="22502dbe-dca5-4f00-9ffc-e7c5258b8a14" testListId="8c84fa94-04c1-424b-9868-57a2d4851a1d" />
    <TestEntry testId="67bbf7ed-a3ff-066f-e1a0-d7495df89ca2" executionId="05234813-fbe7-4072-b88a-b59208672d28" testListId="8c84fa94-04c1-424b-9868-57a2d4851a1d" />
    <TestEntry testId="46c9e644-11ac-6008-9ad9-f53ec92ce874" executionId="4e1c4196-fa1c-4983-88cf-1cd66a7823c5" testListId="8c84fa94-04c1-424b-9868-57a2d4851a1d" />
    <TestEntry testId="5ec4b980-14a9-daae-341a-f8bfcb17afca" executionId="33a06bcd-c836-4cbd-bc16-07689c310d69" testListId="8c84fa94-04c1-424b-9868-57a2d4851a1d" />
    <TestEntry testId="1efc2ef9-44be-85e2-7d31-b1e570c99961" executionId="f9d64962-3aa4-4c74-ac85-38ce74b4f077" testListId="8c84fa94-04c1-424b-9868-57a2d4851a1d" />
    <TestEntry testId="6f1ad50d-9b4f-0a15-1cc3-ea86e5488bdb" executionId="d8f95e0f-6f67-486a-babf-6aa57e8bc51f" testListId="8c84fa94-04c1-424b-9868-57a2d4851a1d" />
    <TestEntry testId="3072f26e-d5f5-2e36-37f6-f3e5da4116e7" executionId="e34342e6-eb72-40d3-bcc4-133bd622ee4b" testListId="8c84fa94-04c1-424b-9868-57a2d4851a1d" />
    <TestEntry testId="3dade232-cdca-928f-6336-c86b6cc60ce7" executionId="0372e01a-4005-405c-b656-164aa8d68768" testListId="8c84fa94-04c1-424b-9868-57a2d4851a1d" />
    <TestEntry testId="d474425b-a25b-fe1c-8f25-d72d04077456" executionId="951c4936-1ce6-4fc4-99c7-15a4cb35bcbc" testListId="8c84fa94-04c1-424b-9868-57a2d4851a1d" />
    <TestEntry testId="9d62c429-bfc4-7793-6e3b-107bc74d99f7" executionId="c7b8e25e-3932-48d9-81b1-e91290c61282" testListId="8c84fa94-04c1-424b-9868-57a2d4851a1d" />
    <TestEntry testId="7b5c7cae-2505-a196-c16b-d8cf3f95f4df" executionId="583a3f5f-7396-49e8-be8f-1538acfe0f21" testListId="8c84fa94-04c1-424b-9868-57a2d4851a1d" />
    <TestEntry testId="ad94ca9d-6aae-8981-0fc2-21ef17e38873" executionId="be970525-6e73-4c08-b093-7b345b3288c7" testListId="8c84fa94-04c1-424b-9868-57a2d4851a1d" />
    <TestEntry testId="549f319b-3d3e-04c7-ff45-17f0d1db712c" executionId="9dd9c9f7-d770-40f0-880d-9662cf6e577c" testListId="8c84fa94-04c1-424b-9868-57a2d4851a1d" />
    <TestEntry testId="11641888-952c-34d2-e65f-507d355849cc" executionId="3fda8b0f-6815-43b1-b4f8-71008d182235" testListId="8c84fa94-04c1-424b-9868-57a2d4851a1d" />
    <TestEntry testId="8c1ea02a-7c9b-6e5c-1358-475fd593bfdd" executionId="e15d96ac-3a3c-44bd-9832-252ba0074619" testListId="8c84fa94-04c1-424b-9868-57a2d4851a1d" />
    <TestEntry testId="e2e9293a-4c73-471b-0e98-16ee7bb12ace" executionId="5de50e3a-e24c-41d5-b0bd-91aa40102fbf" testListId="8c84fa94-04c1-424b-9868-57a2d4851a1d" />
    <TestEntry testId="cf3f3ace-3121-9116-97fe-a26d5ed5c48e" executionId="9d39c31f-74c3-4dfb-9972-ede5bcf3ed54" testListId="8c84fa94-04c1-424b-9868-57a2d4851a1d" />
    <TestEntry testId="e696dbf6-4b54-8154-003d-09395465f207" executionId="56707f14-6a94-4a53-aa48-2a570e9cde3f" testListId="8c84fa94-04c1-424b-9868-57a2d4851a1d" />
    <TestEntry testId="b736d5ec-8e87-221b-2f8d-32963a4352d8" executionId="6f7e2471-9c92-4fae-bac2-2b32eec6865a" testListId="8c84fa94-04c1-424b-9868-57a2d4851a1d" />
    <TestEntry testId="8b7b8d8c-4fe1-d6b9-04f4-c83a985cc65c" executionId="bfabb8e4-bde0-4ccd-87ff-584b60f1441d" testListId="8c84fa94-04c1-424b-9868-57a2d4851a1d" />
    <TestEntry testId="3223a4af-d51d-dddf-a4c7-507562a03439" executionId="9233adae-b2eb-47b9-ab8f-e08c82779ebf" testListId="8c84fa94-04c1-424b-9868-57a2d4851a1d" />
    <TestEntry testId="ebe3ced5-0003-1568-37be-eabc6ff009c2" executionId="d263f8ef-9645-4b94-b230-8c87f0ad7a2d" testListId="8c84fa94-04c1-424b-9868-57a2d4851a1d" />
    <TestEntry testId="308068ef-e228-299b-8b27-073212400b00" executionId="55c86504-bbdb-4e2b-bfeb-fd5198971833" testListId="8c84fa94-04c1-424b-9868-57a2d4851a1d" />
    <TestEntry testId="f21ae241-b4bd-9868-77b6-d0156ab40b45" executionId="8d36052b-90ec-4c60-9aa0-e261cc755621" testListId="8c84fa94-04c1-424b-9868-57a2d4851a1d" />
    <TestEntry testId="13b04cd4-8537-43f4-d359-9f5e07054bb4" executionId="5b518352-123c-4655-96c0-11936e6b61c8" testListId="8c84fa94-04c1-424b-9868-57a2d4851a1d" />
    <TestEntry testId="03f1ed65-4935-2ba6-c695-507c69645911" executionId="1e812f76-7840-4df9-a28f-2fe447449caa" testListId="8c84fa94-04c1-424b-9868-57a2d4851a1d" />
    <TestEntry testId="d025fa76-f572-e920-4bb6-547123fdc357" executionId="2ae6a5a8-da1b-49a0-898e-ec372cb27e67" testListId="8c84fa94-04c1-424b-9868-57a2d4851a1d" />
    <TestEntry testId="e00fbc9e-f7de-c06d-72fe-b42d59595a10" executionId="8722306d-a7a6-42dd-8137-ccea32c4261f" testListId="8c84fa94-04c1-424b-9868-57a2d4851a1d" />
    <TestEntry testId="37cf5525-c82f-3c56-5ac8-e74d70210968" executionId="75658532-b7b9-43a4-b0de-8ce41a032849" testListId="8c84fa94-04c1-424b-9868-57a2d4851a1d" />
    <TestEntry testId="a618fa57-693b-239b-b71b-0308944ead29" executionId="bfa949cc-e315-4c9f-94cf-dcfa476b5044" testListId="8c84fa94-04c1-424b-9868-57a2d4851a1d" />
    <TestEntry testId="8ecb1ccf-0577-96a8-8ef7-6f2811a19468" executionId="3533df7d-1016-482e-88ee-7669eb3b3883" testListId="8c84fa94-04c1-424b-9868-57a2d4851a1d" />
    <TestEntry testId="a00ccaed-d422-5174-66fa-c2af3acc6080" executionId="a9069776-27bb-464d-87fb-4036243a56d2" testListId="8c84fa94-04c1-424b-9868-57a2d4851a1d" />
    <TestEntry testId="7df0cb14-1ce2-b903-7b1c-3aebe16ea71a" executionId="12a8c293-e52c-448e-9b5d-64a542e0b371" testListId="8c84fa94-04c1-424b-9868-57a2d4851a1d" />
    <TestEntry testId="cd556b6b-ff5d-c391-c786-354eac177599" executionId="a0268eb9-2f60-4751-a8df-1e0f23f9a5fe" testListId="8c84fa94-04c1-424b-9868-57a2d4851a1d" />
    <TestEntry testId="0ce2e948-cdcf-98e1-8c6c-871c42bca80a" executionId="fd52344b-b29f-478e-a310-2f9b391aed00" testListId="8c84fa94-04c1-424b-9868-57a2d4851a1d" />
    <TestEntry testId="b8dc9bc7-4fc3-693a-56cc-e5d1b471dd1a" executionId="b1791462-7d53-4d3d-b996-351eb23d5435" testListId="8c84fa94-04c1-424b-9868-57a2d4851a1d" />
    <TestEntry testId="8402c4be-58d2-4373-a7ae-0bcd589f5325" executionId="6257e688-a5e2-4eb7-a0b7-b947941dd836" testListId="8c84fa94-04c1-424b-9868-57a2d4851a1d" />
    <TestEntry testId="bbaa2134-d544-d4f3-8422-7acb5b3b93cd" executionId="7c172089-d7f8-4bde-b977-fe502fcc7cb3" testListId="8c84fa94-04c1-424b-9868-57a2d4851a1d" />
    <TestEntry testId="4e8d34fb-f4b6-28e4-b444-7aeea57cc091" executionId="6cb213a7-3341-47b6-939e-271d6149aaf8" testListId="8c84fa94-04c1-424b-9868-57a2d4851a1d" />
    <TestEntry testId="f431fb4a-77c8-02d9-5874-49fe6f579e71" executionId="db9ec1c6-31ae-4e13-81df-4c0be45bf3eb" testListId="8c84fa94-04c1-424b-9868-57a2d4851a1d" />
    <TestEntry testId="54af56a8-3528-2202-2a3a-47b709b84ddf" executionId="40b715b7-6f78-4bea-9f5d-8cc419886727" testListId="8c84fa94-04c1-424b-9868-57a2d4851a1d" />
    <TestEntry testId="f5c38650-c831-2729-550b-94e2b2333058" executionId="5fe17b05-85e3-4158-abcf-e1c2b89b2908" testListId="8c84fa94-04c1-424b-9868-57a2d4851a1d" />
    <TestEntry testId="900f0b1f-7974-2227-f665-969a6eeab7cc" executionId="2e18d7b8-963e-4397-b3b1-09f0365b7d6f" testListId="8c84fa94-04c1-424b-9868-57a2d4851a1d" />
    <TestEntry testId="0d31d690-be18-682b-70ab-692d878b1d19" executionId="94039270-cc40-4b33-81d2-4c24ffb8e6ec" testListId="8c84fa94-04c1-424b-9868-57a2d4851a1d" />
    <TestEntry testId="98aeb1c6-0311-034b-f3a6-7cfe1ed606b2" executionId="8efbe6c6-2dcb-4401-a2d7-f142983a724f" testListId="8c84fa94-04c1-424b-9868-57a2d4851a1d" />
    <TestEntry testId="3365560f-90cb-4a81-f4ad-cb4301228614" executionId="b0b541ac-40dd-47e2-ab1e-30bd574b14ab" testListId="8c84fa94-04c1-424b-9868-57a2d4851a1d" />
    <TestEntry testId="9281d5a3-bf55-f4a8-e9db-d28abfc3fecd" executionId="6fdb7539-9d01-484f-8983-376aa482cded" testListId="8c84fa94-04c1-424b-9868-57a2d4851a1d" />
    <TestEntry testId="9dd28c6d-eb99-7c8d-7660-36cc80eff1f3" executionId="3e7c9844-7112-4bec-b203-9764c3c6a3fa" testListId="8c84fa94-04c1-424b-9868-57a2d4851a1d" />
    <TestEntry testId="ad198581-af12-5320-2df9-9b7a437637c5" executionId="36d76fda-8ce6-4dc9-a270-b1e90fddb214" testListId="8c84fa94-04c1-424b-9868-57a2d4851a1d" />
    <TestEntry testId="57026cfb-7399-a346-baa6-26f7f3bcc001" executionId="dd31f37c-c8cc-4b31-9560-ae382b6dd53d" testListId="8c84fa94-04c1-424b-9868-57a2d4851a1d" />
    <TestEntry testId="23245aba-b4e7-6be0-6324-0c727122f8a0" executionId="0473a77a-e886-43aa-adc1-464bd0b0086e" testListId="8c84fa94-04c1-424b-9868-57a2d4851a1d" />
    <TestEntry testId="c773f17e-b775-ef06-613c-7b13dda1c4a3" executionId="03a01fe2-e8dd-4e26-9f0d-63af6e10b3a7" testListId="8c84fa94-04c1-424b-9868-57a2d4851a1d" />
    <TestEntry testId="81657e1a-e641-b3fc-2fbf-b0679b2fc1d1" executionId="ae819d37-031a-4b7c-b351-cc3bde4f855c" testListId="8c84fa94-04c1-424b-9868-57a2d4851a1d" />
    <TestEntry testId="0a1f2d43-8296-337d-6147-c0bb178be2a0" executionId="e43e0cc9-e89d-4eee-b6c6-7fc2e7ba4119" testListId="8c84fa94-04c1-424b-9868-57a2d4851a1d" />
    <TestEntry testId="2c0fff85-7492-bb9b-c2bf-9c38f36f1d11" executionId="efb58b37-752b-4eac-984c-1edef4c2bf5a" testListId="8c84fa94-04c1-424b-9868-57a2d4851a1d" />
    <TestEntry testId="f31bace1-8f20-4ff1-a788-959919728bf7" executionId="c1ed79fb-efde-4e9c-8721-b2ad0d06b8d8" testListId="8c84fa94-04c1-424b-9868-57a2d4851a1d" />
    <TestEntry testId="432343ba-1ff8-33bb-c663-8e4732a49a83" executionId="659899cc-0399-41d1-a62c-3673ae5c4d49" testListId="8c84fa94-04c1-424b-9868-57a2d4851a1d" />
    <TestEntry testId="43dfef0a-a898-a93a-d1b2-66d336e1114a" executionId="70ffd4df-811a-491f-935b-b4cbcfad2fac" testListId="8c84fa94-04c1-424b-9868-57a2d4851a1d" />
    <TestEntry testId="cc9ac9d7-b9e8-4488-d232-2be18abcf3d4" executionId="298e64e3-884f-428e-b0f7-50a5dd316543" testListId="8c84fa94-04c1-424b-9868-57a2d4851a1d" />
    <TestEntry testId="2108bcbe-d0f1-5006-caac-16d5ac26803a" executionId="9d03e639-e404-4516-9087-ee9b7528d4a2" testListId="8c84fa94-04c1-424b-9868-57a2d4851a1d" />
    <TestEntry testId="e83ed511-c40f-c1db-281e-9fbb36db81f3" executionId="82f63c9a-9570-41f5-93b3-b4a2cea786e0" testListId="8c84fa94-04c1-424b-9868-57a2d4851a1d" />
    <TestEntry testId="0e7a1813-5e2f-3c15-eca5-6462120e4310" executionId="ea7634fc-7d73-413c-a4c9-5b7be7adc460" testListId="8c84fa94-04c1-424b-9868-57a2d4851a1d" />
    <TestEntry testId="027f9e62-c340-9cfd-f88d-e3e7c831dd77" executionId="453a5739-cda2-402b-a4ee-3f6442ae71fb" testListId="8c84fa94-04c1-424b-9868-57a2d4851a1d" />
    <TestEntry testId="1049468b-6543-59b7-56f8-d0c94b4c3137" executionId="dfed740d-1dd3-47bf-8e81-fa0f438199b1" testListId="8c84fa94-04c1-424b-9868-57a2d4851a1d" />
    <TestEntry testId="bbc4faf3-453f-8a73-6d16-fb009635f7df" executionId="5f2f546e-63a7-4771-9b64-b3b46c8fc3ee" testListId="8c84fa94-04c1-424b-9868-57a2d4851a1d" />
    <TestEntry testId="10d3ef1e-8924-2082-95c4-3c39faea2647" executionId="a63c8d73-5c54-42ac-9db7-a5650315e852" testListId="8c84fa94-04c1-424b-9868-57a2d4851a1d" />
    <TestEntry testId="20cfcaa7-17a2-21bf-4948-d30e73c0057d" executionId="cd8bc40f-fa19-4958-86a9-d24587f5867e" testListId="8c84fa94-04c1-424b-9868-57a2d4851a1d" />
    <TestEntry testId="50ffa6c2-4cd9-92e5-bcd4-292ccad9b739" executionId="c7970893-ace0-42ac-b771-95417164fe7c" testListId="8c84fa94-04c1-424b-9868-57a2d4851a1d" />
    <TestEntry testId="bcd1ad3f-2517-2515-148e-90fabf13f6fd" executionId="2c34a1d7-0ac5-418f-b17c-97d272b4b678" testListId="8c84fa94-04c1-424b-9868-57a2d4851a1d" />
    <TestEntry testId="3ec3d362-7dab-82c9-c789-b46f7915f705" executionId="34553d80-3a8f-4370-a7f9-2086b881f202" testListId="8c84fa94-04c1-424b-9868-57a2d4851a1d" />
    <TestEntry testId="c6d13717-22a4-e2ba-6fe6-a632c8cb942c" executionId="51a64371-1cfa-476c-b5d9-8876f2450520" testListId="8c84fa94-04c1-424b-9868-57a2d4851a1d" />
    <TestEntry testId="6f157339-746a-c5c0-6676-d390c2a907d3" executionId="808e96a3-80d1-4f48-9d8d-1d73b73a78f1" testListId="8c84fa94-04c1-424b-9868-57a2d4851a1d" />
    <TestEntry testId="b2e6b500-7969-7e58-f58c-f1d4a95af049" executionId="fb9497a2-22e3-4512-a18a-571d2cc86560" testListId="8c84fa94-04c1-424b-9868-57a2d4851a1d" />
    <TestEntry testId="e6daaaea-35c2-a1ec-4efb-e9b209ff48e2" executionId="903ed858-cad4-4e7b-8805-afea23ebcdd9" testListId="8c84fa94-04c1-424b-9868-57a2d4851a1d" />
    <TestEntry testId="f60ad773-b852-568a-f848-dd5f3fec899e" executionId="9053e1c9-7406-4a92-8f1e-28d4b4e6d5e1" testListId="8c84fa94-04c1-424b-9868-57a2d4851a1d" />
    <TestEntry testId="2b8edfa7-90a8-7c8f-bd51-68f140a4326e" executionId="1a8edb7a-cd3e-4220-8f9f-5bc99bf0dd48" testListId="8c84fa94-04c1-424b-9868-57a2d4851a1d" />
    <TestEntry testId="268752d1-798d-3eac-dd72-4e4823b26aee" executionId="157a1449-e8c1-448c-a6fa-5f7cdbae9497" testListId="8c84fa94-04c1-424b-9868-57a2d4851a1d" />
    <TestEntry testId="57bfda38-b7b9-e365-6c9e-bb2b1772bce8" executionId="b2d8b8a4-6592-4067-82c1-9770af2a235e" testListId="8c84fa94-04c1-424b-9868-57a2d4851a1d" />
    <TestEntry testId="edba1904-1233-d717-493b-63954672373b" executionId="e9aeee48-1ce9-43c6-8778-a005561b3775" testListId="8c84fa94-04c1-424b-9868-57a2d4851a1d" />
    <TestEntry testId="c8272ceb-7748-0664-e2e5-41dcf83b5568" executionId="ab8aa774-85ab-4ffb-8b56-4d1e876433de" testListId="8c84fa94-04c1-424b-9868-57a2d4851a1d" />
    <TestEntry testId="cdcfd57b-84ac-e23e-78d4-34efb784ebdf" executionId="504ef2e8-2bcd-4f7b-be5c-9ecbab37ccfa" testListId="8c84fa94-04c1-424b-9868-57a2d4851a1d" />
    <TestEntry testId="0c571b32-a1cb-6377-4b96-b1264a79e63a" executionId="5aa08355-e9c5-41d5-ba52-dffbbe96514c" testListId="8c84fa94-04c1-424b-9868-57a2d4851a1d" />
    <TestEntry testId="4ea123c2-111f-b61a-ccb7-d65e9e244c3c" executionId="8adc3867-807a-4c0d-9c81-2e97a11904bf" testListId="8c84fa94-04c1-424b-9868-57a2d4851a1d" />
    <TestEntry testId="be466fe9-7b7a-b34e-e55a-b1f71a62e523" executionId="b5ca26d6-1559-482b-9e69-1bc1b1c07c56" testListId="8c84fa94-04c1-424b-9868-57a2d4851a1d" />
    <TestEntry testId="e13a926e-8f7a-1ebc-e350-9ac986a98f7c" executionId="d03a1f4f-29cc-4b12-a1db-c3b47d690558" testListId="8c84fa94-04c1-424b-9868-57a2d4851a1d" />
    <TestEntry testId="e4cf8b68-6be1-c844-c90f-3cfa2745ffe1" executionId="32076c4c-f9b4-4b3f-b679-c87b092b453f" testListId="8c84fa94-04c1-424b-9868-57a2d4851a1d" />
    <TestEntry testId="c7dd5536-1bf2-3d6d-6f68-304b45ba7805" executionId="e63be0e1-36bb-401e-9779-f9e1c64d3499" testListId="8c84fa94-04c1-424b-9868-57a2d4851a1d" />
    <TestEntry testId="8a5b4e05-a4b2-8f97-f9df-809c810b58e5" executionId="5fda3fe6-448a-4d7f-9e12-a69f313c4286" testListId="8c84fa94-04c1-424b-9868-57a2d4851a1d" />
    <TestEntry testId="30b9de58-1a14-f03e-d802-269c770e923a" executionId="9c33675f-29da-4926-a5f4-1ce0d79a2a1f" testListId="8c84fa94-04c1-424b-9868-57a2d4851a1d" />
    <TestEntry testId="86e349cb-54c7-eeac-34ed-ee58de95c40c" executionId="be149348-bd19-4417-9135-b30a86dc9743" testListId="8c84fa94-04c1-424b-9868-57a2d4851a1d" />
    <TestEntry testId="a474e3f4-7b2b-a10f-817b-c3d993d8d057" executionId="58ab6948-e5a8-4dfd-ae41-d92f1d5fe451" testListId="8c84fa94-04c1-424b-9868-57a2d4851a1d" />
    <TestEntry testId="e66f2070-3ec2-0e7c-07bc-31cfe55bc2b3" executionId="73c36d7b-1aae-4ea1-b98d-e31939cd503e" testListId="8c84fa94-04c1-424b-9868-57a2d4851a1d" />
    <TestEntry testId="a008fa4d-3311-e7d5-6ba1-8acc7485f062" executionId="4b2f11b9-7db7-4296-9059-7417c66f992e" testListId="8c84fa94-04c1-424b-9868-57a2d4851a1d" />
    <TestEntry testId="070d7c8a-fee2-0268-54b0-5b0d9e860eb5" executionId="21b54581-7ad7-49a5-bfe9-31dd8c413db0" testListId="8c84fa94-04c1-424b-9868-57a2d4851a1d" />
    <TestEntry testId="0ab8284b-1630-a3a0-4f89-bb74ed590d8d" executionId="10d51902-8d3d-4400-a983-72eaa85e9b8f" testListId="8c84fa94-04c1-424b-9868-57a2d4851a1d" />
    <TestEntry testId="e5ea9d8a-b01b-7d10-c780-2c6531265b98" executionId="5fd5932d-09b0-414c-91dc-84443aa2a816" testListId="8c84fa94-04c1-424b-9868-57a2d4851a1d" />
    <TestEntry testId="4407b350-db9d-8c81-7116-88bb98212cd0" executionId="33dc89b1-f1a3-4b9c-8106-5767762d64e6" testListId="8c84fa94-04c1-424b-9868-57a2d4851a1d" />
    <TestEntry testId="cbd2079e-cd51-2aed-a413-37ad1b7afddd" executionId="55474cf1-06f9-4b73-9f9a-5478d1c93b3e" testListId="8c84fa94-04c1-424b-9868-57a2d4851a1d" />
    <TestEntry testId="18828e0a-1f2e-2d3b-2a40-f1abd48edfda" executionId="4cb00f20-08ef-422d-b6a1-68bcca9964f1" testListId="8c84fa94-04c1-424b-9868-57a2d4851a1d" />
    <TestEntry testId="ad2f2747-ece5-41db-df6e-26eeee601f8b" executionId="a461334a-cdc9-463a-95e6-3638519d90f4" testListId="8c84fa94-04c1-424b-9868-57a2d4851a1d" />
    <TestEntry testId="8dde9b4f-5d4e-aafa-6015-bfdb73c367d3" executionId="92182d48-93d7-46ed-a0bb-51707531a51f" testListId="8c84fa94-04c1-424b-9868-57a2d4851a1d" />
    <TestEntry testId="0bc15a78-ab39-3aa8-3013-acecb5d67602" executionId="8c63bcaf-db97-4d5f-a1d2-b233783eee3f" testListId="8c84fa94-04c1-424b-9868-57a2d4851a1d" />
    <TestEntry testId="d64c8a48-94a6-5d45-b994-65e073b17456" executionId="33bbb604-041e-4234-b90c-6e3e9db5cb63" testListId="8c84fa94-04c1-424b-9868-57a2d4851a1d" />
    <TestEntry testId="277d3a09-41e9-41a2-8ab6-5a336e9e33fe" executionId="92e76276-f73d-4429-9c58-19f8abb5fd6a" testListId="8c84fa94-04c1-424b-9868-57a2d4851a1d" />
    <TestEntry testId="f3a8a3fa-588f-6a24-409b-f2796686733d" executionId="714e6921-0491-428f-aedb-417c6c0b3398" testListId="8c84fa94-04c1-424b-9868-57a2d4851a1d" />
    <TestEntry testId="4cd48218-1563-ac39-7034-a94c299a8df0" executionId="27cb0199-2a9a-44e7-9830-ee14e37ffdf9" testListId="8c84fa94-04c1-424b-9868-57a2d4851a1d" />
    <TestEntry testId="77ddda33-f5c0-0546-2603-cfcb62b8c11e" executionId="77cd4e7a-5e90-436a-be65-cea01639a294" testListId="8c84fa94-04c1-424b-9868-57a2d4851a1d" />
    <TestEntry testId="89f0d8dc-79be-9fdc-e94a-1be6d60f6415" executionId="18cae0fc-1b37-4f54-b280-d3706035893d" testListId="8c84fa94-04c1-424b-9868-57a2d4851a1d" />
    <TestEntry testId="bebdec2a-9cb5-52d7-1ed7-a5796f24ad3d" executionId="123096b9-8623-4230-888d-f4dc3b6acb04" testListId="8c84fa94-04c1-424b-9868-57a2d4851a1d" />
    <TestEntry testId="8c2cdbd3-f4a7-a7fa-ecf6-b0d72688d538" executionId="6cb3a51c-8db6-4dca-866e-9462de76c9dc" testListId="8c84fa94-04c1-424b-9868-57a2d4851a1d" />
    <TestEntry testId="3b396c1e-d5f9-0397-57da-c38e0ac367e8" executionId="aec5c427-835c-422e-92b7-4c3089694231" testListId="8c84fa94-04c1-424b-9868-57a2d4851a1d" />
    <TestEntry testId="5cfef7c9-4c98-ecbd-c878-db328469599f" executionId="8035193d-6169-47f8-bb1d-dbd7d4187d78" testListId="8c84fa94-04c1-424b-9868-57a2d4851a1d" />
    <TestEntry testId="e274d54f-dbd8-3d21-b6c5-05d28e1afadf" executionId="c32604c3-4e2e-4551-a9dd-f3be4792b237" testListId="8c84fa94-04c1-424b-9868-57a2d4851a1d" />
    <TestEntry testId="1a70e6dc-ed7f-99d8-a7c4-718e191e6269" executionId="4d362cf6-a26d-4955-ac49-aa083b6e8ea4" testListId="8c84fa94-04c1-424b-9868-57a2d4851a1d" />
    <TestEntry testId="c3f78f48-a866-b86e-0984-689bef337df5" executionId="76c00b4d-21f2-4771-aeda-ba8425ae73ca" testListId="8c84fa94-04c1-424b-9868-57a2d4851a1d" />
    <TestEntry testId="4007011b-94e0-985a-1e4f-af1e83cbb54c" executionId="ddf98225-85cc-43c2-95ae-293fa54c012f" testListId="8c84fa94-04c1-424b-9868-57a2d4851a1d" />
    <TestEntry testId="470b8aed-e5b1-0f37-26ba-ad0e6c042ec6" executionId="4ff9bbbe-e3f9-493b-9f5a-71750e7f5d26" testListId="8c84fa94-04c1-424b-9868-57a2d4851a1d" />
    <TestEntry testId="73037e9b-1fcc-6402-5b2e-26dfd5dbecaa" executionId="c30beeac-b305-4f93-b6a5-d57191652d83" testListId="8c84fa94-04c1-424b-9868-57a2d4851a1d" />
    <TestEntry testId="76f37285-a0bd-133c-8a9e-2874b7621389" executionId="4a0117ef-7187-43a4-a018-5f7645961040" testListId="8c84fa94-04c1-424b-9868-57a2d4851a1d" />
    <TestEntry testId="5b8f60fa-e114-e9c0-8cce-43e48875fa0e" executionId="3dd036ec-4269-4839-8b51-915c4d815b55" testListId="8c84fa94-04c1-424b-9868-57a2d4851a1d" />
    <TestEntry testId="6a94dc11-ffe5-0b60-12c5-19c379bb4b7f" executionId="5f4710ce-69c3-4c60-991e-c7aba7c7d7df" testListId="8c84fa94-04c1-424b-9868-57a2d4851a1d" />
    <TestEntry testId="c9d05bfe-c5f5-b0ae-ecec-cac77b7363df" executionId="b05fc31b-b8c5-4100-8f65-96f28e6e0b3c" testListId="8c84fa94-04c1-424b-9868-57a2d4851a1d" />
    <TestEntry testId="e56ecf4a-2afb-69f6-4624-afbf5ecf4c78" executionId="79d4f313-61e2-4977-8c7b-808dbaa4d89c" testListId="8c84fa94-04c1-424b-9868-57a2d4851a1d" />
    <TestEntry testId="455d373c-0768-e4b9-a7a0-973113e32cb6" executionId="8f95b60b-a1c2-4c19-afc2-3f278076c384" testListId="8c84fa94-04c1-424b-9868-57a2d4851a1d" />
    <TestEntry testId="720c460b-8ae4-d002-95bf-b1e81393149f" executionId="f8b7a363-6d35-4981-b84c-c3d128c6acbf" testListId="8c84fa94-04c1-424b-9868-57a2d4851a1d" />
    <TestEntry testId="7527c8ed-75f7-2f06-edb4-4d6b09bcc381" executionId="1b5b76d4-662f-4c3c-b860-089428c0838d" testListId="8c84fa94-04c1-424b-9868-57a2d4851a1d" />
    <TestEntry testId="42a07047-804b-3c03-19b8-b3db03190b07" executionId="9c406d1f-4e51-4864-8902-16372a3e5a36" testListId="8c84fa94-04c1-424b-9868-57a2d4851a1d" />
    <TestEntry testId="c3a8c95e-a906-3842-0974-bcb69399281c" executionId="bdff2e43-2504-4205-bb5c-24049142cf06" testListId="8c84fa94-04c1-424b-9868-57a2d4851a1d" />
    <TestEntry testId="fd21df4b-204e-a7c4-3467-b991d2cfdb59" executionId="6b8eb239-e2d5-4a8f-bdd7-3912b5cc4d4a" testListId="8c84fa94-04c1-424b-9868-57a2d4851a1d" />
    <TestEntry testId="4bf77a8b-eadd-cc6c-ae22-4cf427189d73" executionId="f52c1a43-a6f4-4636-bc86-333cff51d3fb" testListId="8c84fa94-04c1-424b-9868-57a2d4851a1d" />
    <TestEntry testId="b3e5ae08-2d01-f653-02ff-46c398308333" executionId="f8d164d3-8a95-4eb4-86e7-44400d30c182" testListId="8c84fa94-04c1-424b-9868-57a2d4851a1d" />
    <TestEntry testId="93e6c0ab-b688-6883-87ad-6413f17bbf57" executionId="ae07b19c-b5df-4167-9d43-4bc0bff9b8fa" testListId="8c84fa94-04c1-424b-9868-57a2d4851a1d" />
    <TestEntry testId="754e506c-648d-4410-32f3-1251243899e1" executionId="fd242c58-a9c7-4ea0-a4d0-8a4b7f2771c9" testListId="8c84fa94-04c1-424b-9868-57a2d4851a1d" />
    <TestEntry testId="976057f5-1513-1aff-d45f-402de7473011" executionId="7f263560-95c6-4bbf-a938-ccaa16ad0b85" testListId="8c84fa94-04c1-424b-9868-57a2d4851a1d" />
    <TestEntry testId="66672cba-936c-533d-864c-75fba8575d33" executionId="c77c827c-7a48-413d-b785-0d8d8ef2e06f" testListId="8c84fa94-04c1-424b-9868-57a2d4851a1d" />
    <TestEntry testId="85c18ef7-be83-6afe-381b-b8c0e3e1a67a" executionId="3351d32c-6e6c-4c26-bc4d-a8a59d054ebf" testListId="8c84fa94-04c1-424b-9868-57a2d4851a1d" />
    <TestEntry testId="9082994c-0b1e-da81-b55e-f5dc0f0f5f9f" executionId="6749c12e-0bdc-4c6c-bbcc-b91605a9df86" testListId="8c84fa94-04c1-424b-9868-57a2d4851a1d" />
    <TestEntry testId="561d9772-0316-21fe-2400-8e017df75524" executionId="8eb218ee-67b1-41d6-9c96-9dd059356dd7" testListId="8c84fa94-04c1-424b-9868-57a2d4851a1d" />
    <TestEntry testId="248a1e10-c767-8040-25eb-7fa857fbbbc9" executionId="a48dbdad-82e7-4f21-8780-67b0512a3601" testListId="8c84fa94-04c1-424b-9868-57a2d4851a1d" />
    <TestEntry testId="5a8b379e-f715-8a32-0ce3-5e832b1b3bbb" executionId="d7fff80e-f288-4b4e-90fc-cc3cbd3f2e0d" testListId="8c84fa94-04c1-424b-9868-57a2d4851a1d" />
    <TestEntry testId="61d97a99-bc30-8f14-515f-5aff50f32230" executionId="5a11a6ed-db8b-421f-a6ed-520f08761368" testListId="8c84fa94-04c1-424b-9868-57a2d4851a1d" />
    <TestEntry testId="f9588afd-6fe7-8f3d-e924-6a0a0e764359" executionId="662d6e34-9314-42ef-ae8d-b2eb704816ee" testListId="8c84fa94-04c1-424b-9868-57a2d4851a1d" />
    <TestEntry testId="59e33a76-17f7-78d2-1a23-c14a0665f9ea" executionId="5946b2ec-7164-4c88-8625-b441bbd5254d" testListId="8c84fa94-04c1-424b-9868-57a2d4851a1d" />
    <TestEntry testId="70c8ace6-8f3b-34a2-110c-2a568e443797" executionId="b3309051-8ba0-4776-afbc-1357c3726c95" testListId="8c84fa94-04c1-424b-9868-57a2d4851a1d" />
    <TestEntry testId="34f277fa-ec03-1aeb-6403-506e4d378aa6" executionId="8c895bfc-373a-4fcd-907d-206729bd1282" testListId="8c84fa94-04c1-424b-9868-57a2d4851a1d" />
    <TestEntry testId="590f9a1b-9780-f1dc-efea-f0675586c5c8" executionId="a72325c9-fea5-41db-8720-b6717a665051" testListId="8c84fa94-04c1-424b-9868-57a2d4851a1d" />
    <TestEntry testId="fe82db39-aa79-3bc4-cad5-8a81cc6a37c5" executionId="b5627259-04bd-47e2-ba45-60488ea05b46" testListId="8c84fa94-04c1-424b-9868-57a2d4851a1d" />
    <TestEntry testId="90fee545-1ff9-6e18-2957-a831277bd463" executionId="827e97b3-ca40-425f-b9b1-77962fab1a92" testListId="8c84fa94-04c1-424b-9868-57a2d4851a1d" />
    <TestEntry testId="ee299c0b-4367-2d6c-62ba-77e92b1ad5f3" executionId="36bdb54e-4c54-43f5-9472-effb9e1610cb" testListId="8c84fa94-04c1-424b-9868-57a2d4851a1d" />
    <TestEntry testId="f43d8311-52c5-88a5-eb88-eb05365dad8b" executionId="c759f9f8-6bba-4bc9-a298-48a93d3d707a" testListId="8c84fa94-04c1-424b-9868-57a2d4851a1d" />
    <TestEntry testId="c0cfb625-561f-2355-e53a-38b139149b30" executionId="eed6179e-71f7-482c-8f73-1b5db6a69d86" testListId="8c84fa94-04c1-424b-9868-57a2d4851a1d" />
    <TestEntry testId="871e8200-84d4-3c3f-f020-c721e2d74775" executionId="ba38dd10-236e-47c3-a60e-e146f43b4dc1" testListId="8c84fa94-04c1-424b-9868-57a2d4851a1d" />
    <TestEntry testId="d5a44384-7423-bfcb-cbff-38ad79aa2245" executionId="6ccfd7f4-7a2e-4618-89e8-f2471721f3b6" testListId="8c84fa94-04c1-424b-9868-57a2d4851a1d" />
    <TestEntry testId="85698f3a-4e46-7ce5-ae3d-a0eb2be044a8" executionId="957b2f55-67e0-4cf2-b462-985966f60024" testListId="8c84fa94-04c1-424b-9868-57a2d4851a1d" />
    <TestEntry testId="c76b7fd5-7ff2-176d-1cad-f31aaca9e9dd" executionId="e8d9ff9f-ae6a-4812-b565-f0fa095ba0c5" testListId="8c84fa94-04c1-424b-9868-57a2d4851a1d" />
    <TestEntry testId="76271598-d406-2ed7-dae2-3fd4dd5c4009" executionId="48407294-dc11-40da-b511-d7d52b3c164a" testListId="8c84fa94-04c1-424b-9868-57a2d4851a1d" />
    <TestEntry testId="4c9ecf77-59b5-b6a6-528c-23344d04e870" executionId="5be7f6b9-a1b3-481c-a2b0-239ebba61535" testListId="8c84fa94-04c1-424b-9868-57a2d4851a1d" />
    <TestEntry testId="dab0bede-6d6a-1b77-7fda-80bd452978e9" executionId="7aee9ac5-1dba-4125-91ad-de0a7fbf7621" testListId="8c84fa94-04c1-424b-9868-57a2d4851a1d" />
    <TestEntry testId="0875c5b2-9eb4-a182-bf98-f890bebee5ef" executionId="40cbdd28-8fa2-454a-babb-be473cd54122" testListId="8c84fa94-04c1-424b-9868-57a2d4851a1d" />
    <TestEntry testId="2a20ee89-4328-4035-843a-0dab3c664c44" executionId="88f7caa2-bcd4-4987-98cd-294ebc6e4db0" testListId="8c84fa94-04c1-424b-9868-57a2d4851a1d" />
    <TestEntry testId="f9054252-86a9-2376-abd0-e7fcbaa75a2b" executionId="0fccced0-b675-4faa-957f-f796842fcdc9" testListId="8c84fa94-04c1-424b-9868-57a2d4851a1d" />
    <TestEntry testId="2d8ab494-87f3-3eb5-2d44-6b26816709fb" executionId="e716e51d-19e7-46bf-a56d-e8c2a4141aca" testListId="8c84fa94-04c1-424b-9868-57a2d4851a1d" />
    <TestEntry testId="b858c712-c485-b294-8c44-8fde7e544397" executionId="5b0362e4-b2de-4ae3-97b0-be7ff25bd523" testListId="8c84fa94-04c1-424b-9868-57a2d4851a1d" />
    <TestEntry testId="b8d226bc-f3b7-412c-83c2-b72c9c49261b" executionId="ab757ed2-42cf-4d6b-aa1a-5f0e2bde60ce" testListId="8c84fa94-04c1-424b-9868-57a2d4851a1d" />
    <TestEntry testId="355387e6-3446-3780-0dcb-9de2799ba29b" executionId="5134574e-f44e-4f17-8a4e-9d34dd197fa0" testListId="8c84fa94-04c1-424b-9868-57a2d4851a1d" />
    <TestEntry testId="12ab63cf-64fa-9d57-fbd4-b033250cc371" executionId="0011e668-5116-451e-a99b-7eded13ac914" testListId="8c84fa94-04c1-424b-9868-57a2d4851a1d" />
    <TestEntry testId="15b48231-b9af-4e3f-9b78-4f9754c6946b" executionId="7966e57f-efac-4866-900b-c6ad027263e0" testListId="8c84fa94-04c1-424b-9868-57a2d4851a1d" />
    <TestEntry testId="2ffcb69d-9871-fc53-e266-88fcc7d40f11" executionId="86406e18-98fc-4363-810e-bf6ef62305f5" testListId="8c84fa94-04c1-424b-9868-57a2d4851a1d" />
    <TestEntry testId="48c2b39b-d8a7-63f4-550c-ca6515b05f4e" executionId="c07aa7e3-ad49-4cb2-84ce-04eaa341387b" testListId="8c84fa94-04c1-424b-9868-57a2d4851a1d" />
    <TestEntry testId="b1e407f0-46e9-9ef2-35be-94d64a804f0d" executionId="3e80f0ef-2490-4848-b8f7-a64d718c856f" testListId="8c84fa94-04c1-424b-9868-57a2d4851a1d" />
    <TestEntry testId="ddb44325-0b2d-129d-e82f-9203a2572f55" executionId="d8d4d680-5d01-430d-86ed-280a4b661c86" testListId="8c84fa94-04c1-424b-9868-57a2d4851a1d" />
    <TestEntry testId="5232a3f8-13d9-37ff-c6b8-237dece3a250" executionId="07505167-3215-46c9-8dd9-06e0ca6d596b" testListId="8c84fa94-04c1-424b-9868-57a2d4851a1d" />
    <TestEntry testId="a8c503d8-bf66-6c1b-861c-dc987f306f2c" executionId="38f0921d-fb55-463f-9486-66a970275e0b" testListId="8c84fa94-04c1-424b-9868-57a2d4851a1d" />
    <TestEntry testId="d0177f6f-6a82-e8fa-e9cf-86d683d38968" executionId="bef91c22-02e3-425e-a035-7e32382944f3" testListId="8c84fa94-04c1-424b-9868-57a2d4851a1d" />
    <TestEntry testId="26d4b4dc-4bfc-3c83-5743-0847b7876e96" executionId="b6e8e564-f888-4d6e-b717-8def67fc1166" testListId="8c84fa94-04c1-424b-9868-57a2d4851a1d" />
    <TestEntry testId="7ca2baec-b800-c545-e218-0cb2bb88b41a" executionId="c17a5f18-e6d2-4cfb-bff2-642844e4eabe" testListId="8c84fa94-04c1-424b-9868-57a2d4851a1d" />
    <TestEntry testId="46b8a299-9fde-9539-71fe-3aef5b8601e2" executionId="4702fff3-3ae1-4b0c-8491-8eee57c4d67b" testListId="8c84fa94-04c1-424b-9868-57a2d4851a1d" />
    <TestEntry testId="c40e86e2-e16f-4233-5fc4-00fc072bd6a2" executionId="23a1597c-3593-4c5d-85dc-739475734725" testListId="8c84fa94-04c1-424b-9868-57a2d4851a1d" />
    <TestEntry testId="615ce329-23fb-0e86-56db-8ca3bfc504f4" executionId="ca4a6c8e-4afb-4f2d-bd51-3619bcdf8562" testListId="8c84fa94-04c1-424b-9868-57a2d4851a1d" />
    <TestEntry testId="1f98161b-00b2-ba0b-c4dd-2a3b9d61fecd" executionId="1a599586-fc6d-400d-97f0-8fe0619a4b04" testListId="8c84fa94-04c1-424b-9868-57a2d4851a1d" />
    <TestEntry testId="8d83ef78-349f-f2f7-954e-1ccfc00af170" executionId="bfa0187d-8f5f-499c-b63b-bb37fd37bef1" testListId="8c84fa94-04c1-424b-9868-57a2d4851a1d" />
    <TestEntry testId="1c190a25-dea2-e5d6-075b-6246ded9bc7a" executionId="4f96a3db-69fb-4fcd-93b8-bcf878e3a23f" testListId="8c84fa94-04c1-424b-9868-57a2d4851a1d" />
    <TestEntry testId="feb8a439-8d94-723d-b05b-e68b3f553aaa" executionId="63bd06fe-5039-494a-8cde-4959b2375bbc" testListId="8c84fa94-04c1-424b-9868-57a2d4851a1d" />
    <TestEntry testId="1db1cf1a-a89d-63bd-e1eb-b0afa09e2872" executionId="a939084d-e420-4f4e-8f47-c8967ef4196b" testListId="8c84fa94-04c1-424b-9868-57a2d4851a1d" />
    <TestEntry testId="a923348b-98da-86ae-cc3f-ba8c703bfc34" executionId="7fd93f28-669d-4c05-8d51-dc639708480c" testListId="8c84fa94-04c1-424b-9868-57a2d4851a1d" />
    <TestEntry testId="93860a70-03b6-6964-eca6-99f2a40f53bb" executionId="34a9bae7-1679-4219-a0f8-66837fa2af44" testListId="8c84fa94-04c1-424b-9868-57a2d4851a1d" />
    <TestEntry testId="ca26ab62-0c75-5ed1-f634-c4b65f91d00f" executionId="64c53634-12da-4ddd-9423-7afed6382cf9" testListId="8c84fa94-04c1-424b-9868-57a2d4851a1d" />
    <TestEntry testId="f8636ac7-ebb5-6860-e56f-179c84b09f7e" executionId="2ee2b204-5b28-4398-97ea-acfbc136442b" testListId="8c84fa94-04c1-424b-9868-57a2d4851a1d" />
    <TestEntry testId="7f29cc1a-1df0-1450-afd8-be1cdd65c1c5" executionId="9e58ee2e-872c-481e-891b-3dc0f4247df1" testListId="8c84fa94-04c1-424b-9868-57a2d4851a1d" />
    <TestEntry testId="cbbfbcf5-4e99-ab8a-4aab-1b6e30b711ff" executionId="81945721-2f7b-410c-bcff-8282d926decd" testListId="8c84fa94-04c1-424b-9868-57a2d4851a1d" />
    <TestEntry testId="f642d3e9-eefa-9249-80a9-6b9eb517faf6" executionId="cc3de8df-8dbf-4593-aaff-fbd15334a553" testListId="8c84fa94-04c1-424b-9868-57a2d4851a1d" />
    <TestEntry testId="bf4bfb6f-14b9-988f-08de-3ea8deb5b1e2" executionId="49c0bc4e-66cd-4e91-a77e-72b078b1c686" testListId="8c84fa94-04c1-424b-9868-57a2d4851a1d" />
    <TestEntry testId="3cc41e1c-f137-34d9-9951-3176ae70469a" executionId="8569d79d-c774-478c-9cf4-be071c2ffcb6" testListId="8c84fa94-04c1-424b-9868-57a2d4851a1d" />
    <TestEntry testId="4b91ee2a-0556-a45e-2120-00f52c47f460" executionId="4821d692-0600-4584-b765-73e161e985d8" testListId="8c84fa94-04c1-424b-9868-57a2d4851a1d" />
    <TestEntry testId="c4bb9c57-0c61-5955-6574-c3f05fe81266" executionId="cf96651b-3567-4324-b5df-900f5109f335" testListId="8c84fa94-04c1-424b-9868-57a2d4851a1d" />
    <TestEntry testId="8f286339-d7f1-b96a-ccab-ea46d42d5f35" executionId="36568e91-cb9a-427e-a277-e540b38c5a50" testListId="8c84fa94-04c1-424b-9868-57a2d4851a1d" />
    <TestEntry testId="c5fae893-eb66-6e9d-af0b-8952ca2daecc" executionId="d034d769-cd4b-4fbe-8f71-f341c02c3a34" testListId="8c84fa94-04c1-424b-9868-57a2d4851a1d" />
    <TestEntry testId="1f8ae3bb-5dfe-4695-affb-1e9555986740" executionId="2ef42b9a-8dd5-454a-aa25-2e88e9217ce2" testListId="8c84fa94-04c1-424b-9868-57a2d4851a1d" />
    <TestEntry testId="710920d1-d956-98bf-2e0c-65eba0b48c1a" executionId="1e43bd38-b16a-477f-b7bc-0f6bc549ee66" testListId="8c84fa94-04c1-424b-9868-57a2d4851a1d" />
    <TestEntry testId="93a946a5-103f-9951-c4fb-21add3658490" executionId="4eaae6a8-e23a-41c0-a240-c296ab5d11c2" testListId="8c84fa94-04c1-424b-9868-57a2d4851a1d" />
    <TestEntry testId="d10058ba-da32-5d23-6f62-2ea85d9b8d92" executionId="6d07a6c6-d49f-43f7-9340-39278db69dd6" testListId="8c84fa94-04c1-424b-9868-57a2d4851a1d" />
    <TestEntry testId="c6cb1ae3-0175-ebe0-cbe2-c8cec6618f3a" executionId="4f42dd3a-86f4-4e94-8d1e-cc7276d3c179" testListId="8c84fa94-04c1-424b-9868-57a2d4851a1d" />
    <TestEntry testId="c98cbe04-e496-ef3c-3fd0-70796bcf372d" executionId="08a2d6d7-3d86-4cad-8acd-c87ef711a2ad" testListId="8c84fa94-04c1-424b-9868-57a2d4851a1d" />
    <TestEntry testId="bb11f76c-b72d-ed60-cb62-d44e29999fcc" executionId="21de0641-9dd3-44a3-9d48-e9eb55defcf6" testListId="8c84fa94-04c1-424b-9868-57a2d4851a1d" />
    <TestEntry testId="e611bd83-a14a-7a54-e802-38193c5477db" executionId="c1b5b164-6a34-4fb5-b698-4d94b8befd76" testListId="8c84fa94-04c1-424b-9868-57a2d4851a1d" />
    <TestEntry testId="9a41e783-e265-7ebc-850b-805b60274fbf" executionId="8486a668-a58b-4a95-b994-8b292c8b6415" testListId="8c84fa94-04c1-424b-9868-57a2d4851a1d" />
    <TestEntry testId="9405568f-449c-1bbd-189d-d54eb7aa3ec8" executionId="0f555ee9-4950-4747-a2e2-756207b8d947" testListId="8c84fa94-04c1-424b-9868-57a2d4851a1d" />
    <TestEntry testId="2e8375d0-534a-373a-a359-8388c50bf427" executionId="54a0b6c2-79d7-4b3a-a0bf-88348cfa2caa" testListId="8c84fa94-04c1-424b-9868-57a2d4851a1d" />
    <TestEntry testId="2c6315b1-5c62-5afb-deb3-3d0ce2f1aa9c" executionId="dc40f611-0cc2-4f65-a6c8-1be5d93fe9da" testListId="8c84fa94-04c1-424b-9868-57a2d4851a1d" />
    <TestEntry testId="a07cc75f-2506-89c9-d3be-f2bb7173f859" executionId="6ee2b96f-be3a-4341-b633-c07c9ef642ba" testListId="8c84fa94-04c1-424b-9868-57a2d4851a1d" />
    <TestEntry testId="0a390555-c9c5-c6e7-4311-a72571d7438f" executionId="aeefe9d7-0b97-4f27-8fd5-db853ee7365c" testListId="8c84fa94-04c1-424b-9868-57a2d4851a1d" />
    <TestEntry testId="8088e513-e412-9622-3f7a-f9562ac3bf34" executionId="5d3c2d38-ca60-4322-a7d0-431cddd86302" testListId="8c84fa94-04c1-424b-9868-57a2d4851a1d" />
    <TestEntry testId="d3efdf8f-9f74-60d1-4d10-3906f1f4c2f3" executionId="1552da48-7b1d-4b74-b074-486222e1801f" testListId="8c84fa94-04c1-424b-9868-57a2d4851a1d" />
    <TestEntry testId="1cb730d0-bf20-050d-fad8-130d525b6950" executionId="5cb7e95b-08d4-4967-a8a2-cec33a4ceead" testListId="8c84fa94-04c1-424b-9868-57a2d4851a1d" />
    <TestEntry testId="e0c10e64-da27-8957-c6de-5fbaaed554d3" executionId="be6b4676-7575-4c60-8006-b189349a4dfc" testListId="8c84fa94-04c1-424b-9868-57a2d4851a1d" />
    <TestEntry testId="512b6d5d-6ba4-7056-c5d5-21bae2877484" executionId="f2ae3b7d-25e8-4dd9-9cc0-49e8e0a4ab0b" testListId="8c84fa94-04c1-424b-9868-57a2d4851a1d" />
    <TestEntry testId="381f377e-08c0-a262-2d01-bbb43b81a3fa" executionId="3db647cc-6ed2-4bd4-b5a4-1b3cb88dca93" testListId="8c84fa94-04c1-424b-9868-57a2d4851a1d" />
    <TestEntry testId="ae16afd9-8b81-6199-6082-79ed796c40eb" executionId="c2b65b07-ed78-4826-92bf-0e54c0927b26" testListId="8c84fa94-04c1-424b-9868-57a2d4851a1d" />
    <TestEntry testId="8d6013d2-eac4-b2ad-1c02-2354fe342274" executionId="54b06aa0-e235-4412-836a-40220b6ff394" testListId="8c84fa94-04c1-424b-9868-57a2d4851a1d" />
    <TestEntry testId="d72fb435-8173-77af-f05a-89cd3c59e69b" executionId="2dc0221d-8cd2-4e29-8d08-5ebfb532cc71" testListId="8c84fa94-04c1-424b-9868-57a2d4851a1d" />
    <TestEntry testId="13a6d80e-fad7-d3cb-3b94-dc72adcac4c9" executionId="01c1e108-b5e3-4f4e-ad40-984da1b94cc8" testListId="8c84fa94-04c1-424b-9868-57a2d4851a1d" />
    <TestEntry testId="1025c4f2-b409-f54a-628d-3ac9271a2402" executionId="a7a0ee98-4c00-4714-a03b-1686080b32af" testListId="8c84fa94-04c1-424b-9868-57a2d4851a1d" />
    <TestEntry testId="a8538cad-4863-b880-6785-1dd361e5281a" executionId="3d6854ea-9f49-4ad3-a340-f87219db83a6" testListId="8c84fa94-04c1-424b-9868-57a2d4851a1d" />
    <TestEntry testId="c8aa7cd7-a7b3-c1a0-6c4b-23b85cbae4cf" executionId="bdefa252-cac3-463b-8ba4-17b0b7e30f8b" testListId="8c84fa94-04c1-424b-9868-57a2d4851a1d" />
    <TestEntry testId="42cf65ee-3bf6-187f-b4bd-5ecca3afb806" executionId="d7b3df21-2595-4e9b-ae13-a4880fcc8990" testListId="8c84fa94-04c1-424b-9868-57a2d4851a1d" />
    <TestEntry testId="f447d02b-c52c-cc92-7a2b-d7f4be1d6131" executionId="b5232b7f-92df-4634-b538-f1e7607933d7" testListId="8c84fa94-04c1-424b-9868-57a2d4851a1d" />
    <TestEntry testId="81e48595-a716-b444-f5fe-63d0bc5d0aa5" executionId="653663f0-affa-4f2e-8da3-c5aae0e77b1e" testListId="8c84fa94-04c1-424b-9868-57a2d4851a1d" />
    <TestEntry testId="2be7544e-7b3b-7222-ed6c-048455d7cdad" executionId="c6acb1ee-55b5-47bd-8a59-15009ff623fd" testListId="8c84fa94-04c1-424b-9868-57a2d4851a1d" />
    <TestEntry testId="4dc95a35-dbeb-1d83-363f-030e74e2f451" executionId="2bdea296-bc42-4a9e-a6ff-cc97dea9f10f" testListId="8c84fa94-04c1-424b-9868-57a2d4851a1d" />
    <TestEntry testId="2a2f5e84-7fcd-ca4a-26ba-94e01ddf99a0" executionId="d6a36441-fd54-49b4-bb8b-b73eabdb7bbd" testListId="8c84fa94-04c1-424b-9868-57a2d4851a1d" />
    <TestEntry testId="ef605509-fe85-323e-6c45-2d4e617f4103" executionId="812ab21c-ee54-4013-bb38-83f9ccc50ccd" testListId="8c84fa94-04c1-424b-9868-57a2d4851a1d" />
    <TestEntry testId="ad4649d3-2edb-0827-e342-e3062ebfff80" executionId="df518437-c82f-4541-841b-fd8409dba0a4" testListId="8c84fa94-04c1-424b-9868-57a2d4851a1d" />
    <TestEntry testId="68d897a4-6a85-c8f5-57c8-3625c4c02b5f" executionId="97c0002a-73f5-4190-bedd-e1179f36a057" testListId="8c84fa94-04c1-424b-9868-57a2d4851a1d" />
    <TestEntry testId="be33725e-bc92-9417-a609-016459ee48cb" executionId="2faf3b4f-4fae-4c70-805d-c742713c3c50" testListId="8c84fa94-04c1-424b-9868-57a2d4851a1d" />
    <TestEntry testId="b66a0705-5045-a9ff-6d1b-1ead82f483bf" executionId="481c039c-7524-4ab1-aa9f-285bddf3bda7" testListId="8c84fa94-04c1-424b-9868-57a2d4851a1d" />
    <TestEntry testId="18908a83-d63a-c717-8a2e-5ac4d4dd7bc5" executionId="7d392715-3477-4566-9989-10917da79502" testListId="8c84fa94-04c1-424b-9868-57a2d4851a1d" />
    <TestEntry testId="8328c1c6-9f57-2aa0-f832-969a9fa1cfee" executionId="b009337d-7e9f-4e2c-a5ef-9dd5027321fa" testListId="8c84fa94-04c1-424b-9868-57a2d4851a1d" />
    <TestEntry testId="675e2670-8de8-d481-d98d-0e72193293be" executionId="d0718a7c-7d7b-4c94-8162-f430bb7adef6" testListId="8c84fa94-04c1-424b-9868-57a2d4851a1d" />
    <TestEntry testId="9970e260-92f2-5d02-5be5-4561fdf848fb" executionId="e30968f5-6d0f-4a68-8a28-38a0a606ba80" testListId="8c84fa94-04c1-424b-9868-57a2d4851a1d" />
    <TestEntry testId="eac1621c-c70f-03f6-5a70-66234bdd4b8b" executionId="b0f541cb-463f-4b8b-a3b5-b752300ae417" testListId="8c84fa94-04c1-424b-9868-57a2d4851a1d" />
    <TestEntry testId="4fdfaee4-1cf0-2001-bcdf-3109cca39e60" executionId="ec2a0060-72de-447c-80e5-ada69b52d199" testListId="8c84fa94-04c1-424b-9868-57a2d4851a1d" />
    <TestEntry testId="7f402585-2713-267c-c0c6-1302cda9f995" executionId="af388e11-a237-43d4-88ef-e247c7c9dc31" testListId="8c84fa94-04c1-424b-9868-57a2d4851a1d" />
    <TestEntry testId="c8f84837-475f-c268-9d80-b3447b9de129" executionId="e92bcef8-d262-457c-920a-a879af014b34" testListId="8c84fa94-04c1-424b-9868-57a2d4851a1d" />
    <TestEntry testId="89e8e2e1-f67c-2c9e-75cd-4f156d8c851c" executionId="62554fe8-a610-460f-98e7-7da217b49280" testListId="8c84fa94-04c1-424b-9868-57a2d4851a1d" />
    <TestEntry testId="a9efc708-38a6-fcba-9a97-7f77a5ad553f" executionId="1af72a48-196f-4623-b7ab-4d722fc3f0af" testListId="8c84fa94-04c1-424b-9868-57a2d4851a1d" />
    <TestEntry testId="7428b5be-e41e-3ae2-e6c3-7e5ae8113bcf" executionId="d3f3822f-c832-4998-a0ab-74e122d95851" testListId="8c84fa94-04c1-424b-9868-57a2d4851a1d" />
    <TestEntry testId="0ec4f347-68ff-9ec8-73d0-7812bda10241" executionId="b6eba8a0-3f4c-474a-9ef4-9e5207725ab1" testListId="8c84fa94-04c1-424b-9868-57a2d4851a1d" />
    <TestEntry testId="e1272f41-d93f-7653-ce37-72d07e88427c" executionId="0cf62c28-2256-406f-9c02-d8c421c38c2c" testListId="8c84fa94-04c1-424b-9868-57a2d4851a1d" />
    <TestEntry testId="34abb1af-94d9-b22a-918b-1feb9ac89d01" executionId="2f9f417f-763c-4aa5-bf5d-582701e9f81f" testListId="8c84fa94-04c1-424b-9868-57a2d4851a1d" />
    <TestEntry testId="570d2e98-25b4-429b-1b58-b7f94d923fa0" executionId="0be19263-626d-42ae-95be-647278306628" testListId="8c84fa94-04c1-424b-9868-57a2d4851a1d" />
    <TestEntry testId="6bc956e3-e6c8-a454-313a-7c1524cb0c01" executionId="875fb3da-e89f-47c4-9be5-472911d071a7" testListId="8c84fa94-04c1-424b-9868-57a2d4851a1d" />
    <TestEntry testId="e95468cf-0e28-32c4-2996-dea959a8d7d5" executionId="20ef9bf4-38b9-4f4d-bc5c-be4f00ecae1f" testListId="8c84fa94-04c1-424b-9868-57a2d4851a1d" />
    <TestEntry testId="4c39326c-e2d5-a8eb-9323-ce9f4058bba1" executionId="70791900-d14a-420a-8eca-9d5e90238b25" testListId="8c84fa94-04c1-424b-9868-57a2d4851a1d" />
    <TestEntry testId="833be0b6-b134-58cc-33d7-b86161f587e4" executionId="d6ec32d6-4e29-4479-8f8e-e00f05cd55f5" testListId="8c84fa94-04c1-424b-9868-57a2d4851a1d" />
    <TestEntry testId="c8c89718-5cad-690c-8dea-b9e5d88363b5" executionId="6a19faf1-bac1-4683-8024-c20651552859" testListId="8c84fa94-04c1-424b-9868-57a2d4851a1d" />
    <TestEntry testId="fa2e88d1-6b70-064f-28da-ce56fe3bc31b" executionId="2c7dc518-5732-4875-82c3-03b44c5ced8a" testListId="8c84fa94-04c1-424b-9868-57a2d4851a1d" />
    <TestEntry testId="d86ded55-5f4c-77c6-f606-ed4d9d7f15d2" executionId="0aa6845e-cb22-44b7-b984-168b2981daef" testListId="8c84fa94-04c1-424b-9868-57a2d4851a1d" />
    <TestEntry testId="75dcbe08-27fa-c937-8190-beebb93cb48e" executionId="3a250667-fb1b-454e-8462-d54a7f7691ff" testListId="8c84fa94-04c1-424b-9868-57a2d4851a1d" />
    <TestEntry testId="c53f3266-96ab-10cf-e5cd-8a310b3ac046" executionId="41fe8837-a135-471a-9b1b-81b2680089d2" testListId="8c84fa94-04c1-424b-9868-57a2d4851a1d" />
    <TestEntry testId="5029c3b5-d588-cd35-ac8d-8e98a6748ee3" executionId="02946c46-72fe-4835-a32a-f60178c1a932" testListId="8c84fa94-04c1-424b-9868-57a2d4851a1d" />
    <TestEntry testId="8c3af055-720f-3152-0354-855afd66a7ec" executionId="92cb54a6-2235-44c2-af35-fea8fe52f2f9" testListId="8c84fa94-04c1-424b-9868-57a2d4851a1d" />
    <TestEntry testId="f4996435-af05-7f68-a1f7-cd772da197a8" executionId="dfc8806c-7702-4f04-858e-9d2d6a0434e5" testListId="8c84fa94-04c1-424b-9868-57a2d4851a1d" />
    <TestEntry testId="06571b54-322a-973e-41eb-4f39ab7afeba" executionId="a71ad384-1e49-4a18-bf9f-38a3046c23fc" testListId="8c84fa94-04c1-424b-9868-57a2d4851a1d" />
    <TestEntry testId="fa1d252f-4ee5-fcd1-b822-82dea7f3bf68" executionId="655b6a76-d8ec-4bd6-9444-b1622088d455" testListId="8c84fa94-04c1-424b-9868-57a2d4851a1d" />
    <TestEntry testId="a8acab2a-2caa-508e-14f3-97b846e4b249" executionId="0f854ec7-3253-4b21-9917-16f614814fe4" testListId="8c84fa94-04c1-424b-9868-57a2d4851a1d" />
    <TestEntry testId="1887bee4-57a3-1c27-d962-9d4f275018ab" executionId="b783a9e1-0627-4d47-9234-6a5f5620648c" testListId="8c84fa94-04c1-424b-9868-57a2d4851a1d" />
    <TestEntry testId="4fc9e7a2-a6f1-e4c6-c186-da830a0b57c2" executionId="a4c08389-12aa-4093-b260-62ab78dbd393" testListId="8c84fa94-04c1-424b-9868-57a2d4851a1d" />
    <TestEntry testId="a8345ecf-deb0-fe09-c1e4-e6f7f6482ec8" executionId="46ff8036-0f2c-426b-b70b-ae97f570dc9f" testListId="8c84fa94-04c1-424b-9868-57a2d4851a1d" />
    <TestEntry testId="cab1a997-800d-2c3b-4c26-6695fd51d4d2" executionId="966d90b5-e8c7-47ae-8cb5-66d55405a67c" testListId="8c84fa94-04c1-424b-9868-57a2d4851a1d" />
    <TestEntry testId="f1b6bce5-130d-1faa-5068-6575d8c7b6c8" executionId="998cedd0-5421-4119-8986-2b5ca2d0454b" testListId="8c84fa94-04c1-424b-9868-57a2d4851a1d" />
    <TestEntry testId="029d77fc-29f0-2f6b-5b61-e801f211e1a6" executionId="69e58422-d3db-4c19-9b9d-7df292be280d" testListId="8c84fa94-04c1-424b-9868-57a2d4851a1d" />
    <TestEntry testId="95228d50-b047-35cb-0adc-aa268423bfc6" executionId="fe9381a8-1e9a-4d49-bb91-b6b135426aee" testListId="8c84fa94-04c1-424b-9868-57a2d4851a1d" />
    <TestEntry testId="b2b1ba78-012d-1497-f263-b8a991c11e87" executionId="7804a3d7-600f-4fd2-9db3-7044f8b1e0fd" testListId="8c84fa94-04c1-424b-9868-57a2d4851a1d" />
    <TestEntry testId="b490ce64-b61a-562f-990e-1dd9b5014121" executionId="517fd120-4b55-4191-9cf8-92a0aec8054c" testListId="8c84fa94-04c1-424b-9868-57a2d4851a1d" />
    <TestEntry testId="9a676e03-e012-f8a9-7b8b-ab620799d1bd" executionId="b19ad644-2b16-431e-a978-f1de5ec1d36f" testListId="8c84fa94-04c1-424b-9868-57a2d4851a1d" />
    <TestEntry testId="4f9dd123-3126-b5f7-50ee-f21b0750d557" executionId="1af9d72d-7d4f-408e-9d37-56151efde706" testListId="8c84fa94-04c1-424b-9868-57a2d4851a1d" />
    <TestEntry testId="66c117ae-675d-18a0-d705-b89499349f67" executionId="f2d020c4-c1f7-47f0-9867-26a770d6849c" testListId="8c84fa94-04c1-424b-9868-57a2d4851a1d" />
    <TestEntry testId="0c44ebb7-c083-dc33-00c9-98ffd670e1c5" executionId="4ad31765-776b-4c25-b83e-c47442929593" testListId="8c84fa94-04c1-424b-9868-57a2d4851a1d" />
    <TestEntry testId="37aeb74d-1afe-d731-1e29-c7cb0e4a1451" executionId="27009db1-c607-4dbf-949f-5fe880c90e68" testListId="8c84fa94-04c1-424b-9868-57a2d4851a1d" />
    <TestEntry testId="581e1f6d-e187-c463-c2d9-8bb80abfd2d1" executionId="87ac621d-a17c-4250-8aec-d793f46cb859" testListId="8c84fa94-04c1-424b-9868-57a2d4851a1d" />
    <TestEntry testId="8f659a23-c7b7-66ca-b3d6-6d900b8016f1" executionId="6eb234f0-e819-4f25-a79e-57cfbf9221c8" testListId="8c84fa94-04c1-424b-9868-57a2d4851a1d" />
    <TestEntry testId="df92ad98-bce4-a78f-33fd-44173b296ba5" executionId="7ac4c72a-3ebf-4a1f-bfdf-69780762b8f9" testListId="8c84fa94-04c1-424b-9868-57a2d4851a1d" />
    <TestEntry testId="bc7ee3e4-a635-03d0-967a-f971c4572817" executionId="98d811d9-b6d3-4c36-8b90-7ca42fc6fca1" testListId="8c84fa94-04c1-424b-9868-57a2d4851a1d" />
    <TestEntry testId="cb2d034b-1aa3-2639-d04b-f94270484348" executionId="c9df1ec0-5c63-4fe4-b7b6-9ec38a9deafd" testListId="8c84fa94-04c1-424b-9868-57a2d4851a1d" />
    <TestEntry testId="9cbcc853-b49d-d7c6-9b93-09a174dcc2da" executionId="085f29ea-86fc-4d4f-8c35-c698d81f7e4c" testListId="8c84fa94-04c1-424b-9868-57a2d4851a1d" />
    <TestEntry testId="f339c22a-09d4-48d9-e155-5ebff9beee40" executionId="726b6f7b-b086-44ba-9434-e07bb463d2cf" testListId="8c84fa94-04c1-424b-9868-57a2d4851a1d" />
    <TestEntry testId="2416b36e-4cc6-c8d3-7f50-7ce93d30797a" executionId="d773cb54-8874-4057-bc61-f2a35ab189ff" testListId="8c84fa94-04c1-424b-9868-57a2d4851a1d" />
    <TestEntry testId="c171dfa7-4a27-8f56-a6c9-57cfcd42dce5" executionId="e1eb0b34-448e-4081-ab05-aa66f8992189" testListId="8c84fa94-04c1-424b-9868-57a2d4851a1d" />
    <TestEntry testId="fe82358d-1255-07ca-16e6-994378e6173c" executionId="3b8b6596-2cd8-4678-9832-cdd7fe93a860" testListId="8c84fa94-04c1-424b-9868-57a2d4851a1d" />
    <TestEntry testId="0d429cb4-e725-1d4d-9793-815570156f76" executionId="8c32c507-9cce-41da-a3f6-d936e8c684ee" testListId="8c84fa94-04c1-424b-9868-57a2d4851a1d" />
    <TestEntry testId="96333dd8-5a74-360b-92fb-215ab6923163" executionId="3afa4c5b-7a6b-4ff1-a60a-0b7278a67b81" testListId="8c84fa94-04c1-424b-9868-57a2d4851a1d" />
    <TestEntry testId="6628d820-75ad-6955-de7e-b8cd13fb14bf" executionId="82095a0c-bf9c-47db-b8aa-4b13e98a1958" testListId="8c84fa94-04c1-424b-9868-57a2d4851a1d" />
    <TestEntry testId="894e2728-4245-42fa-915a-9f574681c41e" executionId="3f7ea956-1cbd-440a-84f5-6d9c50d5f77b" testListId="8c84fa94-04c1-424b-9868-57a2d4851a1d" />
    <TestEntry testId="277525fb-5580-c091-ed78-0d5eca830b62" executionId="51e14c89-984e-4f4c-875d-e732d97f1e48" testListId="8c84fa94-04c1-424b-9868-57a2d4851a1d" />
    <TestEntry testId="77455564-3a69-726a-b534-8465919fcf2b" executionId="4313251d-0f6c-44fc-94b2-c16f710f6e55" testListId="8c84fa94-04c1-424b-9868-57a2d4851a1d" />
    <TestEntry testId="e7983c9f-5e2f-f03b-fa2f-39dd8296bf5e" executionId="3625ef30-82e7-49ed-9791-d7c9796ce2f3" testListId="8c84fa94-04c1-424b-9868-57a2d4851a1d" />
    <TestEntry testId="1ec5e2d0-3801-1f1b-660e-841b341b6ed8" executionId="4392b61c-60cb-43b1-ac45-4e2a9c31851e" testListId="8c84fa94-04c1-424b-9868-57a2d4851a1d" />
    <TestEntry testId="7d593b95-9e68-62ca-7a26-9c22a24ac56d" executionId="3e34b9f7-256c-47bf-9dff-beb10b572d90" testListId="8c84fa94-04c1-424b-9868-57a2d4851a1d" />
    <TestEntry testId="d994fd6e-80bf-ef91-7713-64a44d290335" executionId="5e6b90bf-21a5-4f35-86b2-b1a650e44bf2" testListId="8c84fa94-04c1-424b-9868-57a2d4851a1d" />
    <TestEntry testId="bb976e19-65fc-b580-3e4b-cb83b66ef1ab" executionId="925dff70-9bb2-41bc-a412-a3559c6e2c4d" testListId="8c84fa94-04c1-424b-9868-57a2d4851a1d" />
    <TestEntry testId="b3f479bb-ab40-60c5-3495-dd1b3ee2147b" executionId="aa4636d5-e4e7-4449-9544-63fb455a3454" testListId="8c84fa94-04c1-424b-9868-57a2d4851a1d" />
    <TestEntry testId="d09196e4-8c5a-dacd-765d-46b96285d752" executionId="2a8adfa5-69c1-4a1d-92ae-012b82821f66" testListId="8c84fa94-04c1-424b-9868-57a2d4851a1d" />
    <TestEntry testId="8d925765-e431-d05b-4316-c8628381eee3" executionId="b5f3273f-29a3-4101-8444-e36b776746ae" testListId="8c84fa94-04c1-424b-9868-57a2d4851a1d" />
    <TestEntry testId="d18af540-e4d6-a005-bdec-72a24b34a0e1" executionId="643af7af-f7c0-4f05-a7a0-6137a851ab17" testListId="8c84fa94-04c1-424b-9868-57a2d4851a1d" />
    <TestEntry testId="734e0fc6-fbea-71d0-23d0-faf15d6e2fac" executionId="f2e85671-5246-4a8e-9598-5b4141894e1e" testListId="8c84fa94-04c1-424b-9868-57a2d4851a1d" />
    <TestEntry testId="4fb15a10-7dd6-baa4-3513-dbaf2feafd3d" executionId="e1f6d33d-b843-4dfc-8865-c4021c275fe8" testListId="8c84fa94-04c1-424b-9868-57a2d4851a1d" />
    <TestEntry testId="25faf64c-8253-d4a5-f991-33a0ca358e80" executionId="c337a3ad-3318-496a-85f4-41b8ecc549f9" testListId="8c84fa94-04c1-424b-9868-57a2d4851a1d" />
    <TestEntry testId="b6681964-59c0-3268-9b1a-1e37718996a3" executionId="aee7d4c7-7e4b-4400-a287-286d9dfe6c54" testListId="8c84fa94-04c1-424b-9868-57a2d4851a1d" />
    <TestEntry testId="0180afdd-c3e5-7768-4cef-4956e2f0279d" executionId="0ed4b256-f029-4183-bf90-3e6a91adf788" testListId="8c84fa94-04c1-424b-9868-57a2d4851a1d" />
    <TestEntry testId="e30d5a07-9505-e75b-f1ba-e64638dc1353" executionId="4edb7b2c-e693-4b88-b28c-0ab94ce5359b" testListId="8c84fa94-04c1-424b-9868-57a2d4851a1d" />
    <TestEntry testId="a54fb913-e59f-936a-6dac-d9b99d7d2b02" executionId="d856ef68-2a04-4f9b-a012-06efa3318100" testListId="8c84fa94-04c1-424b-9868-57a2d4851a1d" />
    <TestEntry testId="c93d5876-d848-f407-8531-7119037d719b" executionId="8843562c-115e-4d5d-b92c-dab5de147da9" testListId="8c84fa94-04c1-424b-9868-57a2d4851a1d" />
    <TestEntry testId="3e9d1a63-eb7d-0da1-8899-9b1a1bb3d3bd" executionId="c1c5a887-7370-4174-b275-142309f5d624" testListId="8c84fa94-04c1-424b-9868-57a2d4851a1d" />
    <TestEntry testId="fe09c7b4-462e-8afb-8d2c-92d0157754f1" executionId="2d5e966b-3707-45dd-9c6e-9a62e6d2d871" testListId="8c84fa94-04c1-424b-9868-57a2d4851a1d" />
    <TestEntry testId="3cfecb8b-b415-0e78-489d-03f2ecb5cea0" executionId="ffd71b95-b458-4f69-b9e0-775a60700159" testListId="8c84fa94-04c1-424b-9868-57a2d4851a1d" />
    <TestEntry testId="63d81eda-39da-9070-2f9b-d992d73272c0" executionId="bdf4342b-0fa8-4583-8b1b-983c9c145931" testListId="8c84fa94-04c1-424b-9868-57a2d4851a1d" />
    <TestEntry testId="e67d5763-5299-d5bc-04ab-8c3e8096df9b" executionId="57ba8e0e-37a8-4463-93df-0c458c8e54a2" testListId="8c84fa94-04c1-424b-9868-57a2d4851a1d" />
    <TestEntry testId="0e83a29c-c336-f714-4279-3b30ab28abf1" executionId="bef9d704-1a7f-43ca-87b0-222081acc0c6" testListId="8c84fa94-04c1-424b-9868-57a2d4851a1d" />
    <TestEntry testId="81089606-dbad-bccc-dd62-3b8223147034" executionId="cbeaa380-392c-4536-8e79-7ab157f7bad2" testListId="8c84fa94-04c1-424b-9868-57a2d4851a1d" />
    <TestEntry testId="d07b686e-9adb-252d-f865-90dbc810765e" executionId="0a16ccc1-752d-4e8d-b1ad-0846c99d87a0" testListId="8c84fa94-04c1-424b-9868-57a2d4851a1d" />
    <TestEntry testId="8642783a-652f-cfe9-8ce3-8104816d7ab9" executionId="1eb14002-9253-4055-b433-2a4fa84e2c79" testListId="8c84fa94-04c1-424b-9868-57a2d4851a1d" />
    <TestEntry testId="06b04cbf-1fd5-d32f-d8f4-8b71f410d28d" executionId="74c44c96-00e6-44eb-9913-27d59f53220e" testListId="8c84fa94-04c1-424b-9868-57a2d4851a1d" />
    <TestEntry testId="43d3aa7c-9de4-afce-d05b-93acd6576746" executionId="a2cfa786-d6dc-4f9d-9d19-aa7876da55a1" testListId="8c84fa94-04c1-424b-9868-57a2d4851a1d" />
    <TestEntry testId="dbce0135-d84f-6c40-dddb-b4fa79e51dee" executionId="dd57a95a-e329-47ed-8521-3bd2ca96a47d" testListId="8c84fa94-04c1-424b-9868-57a2d4851a1d" />
    <TestEntry testId="ccc8db3c-2a40-6a23-d865-c5fdedd56357" executionId="c58706d2-9b24-4a10-b239-3492baa53282" testListId="8c84fa94-04c1-424b-9868-57a2d4851a1d" />
    <TestEntry testId="d939a691-315b-b0a2-01a2-f86a45831d39" executionId="56684c4a-c270-432a-8833-c2cbb5ca95b5" testListId="8c84fa94-04c1-424b-9868-57a2d4851a1d" />
    <TestEntry testId="2704797e-871f-8d89-561c-7af30a05128f" executionId="33e3a296-8c91-407e-875b-ed688ba32896" testListId="8c84fa94-04c1-424b-9868-57a2d4851a1d" />
    <TestEntry testId="67f50d33-f9fe-c18c-8531-02094f7b4272" executionId="cd75f311-992c-4868-ba2a-48cc9826157f" testListId="8c84fa94-04c1-424b-9868-57a2d4851a1d" />
    <TestEntry testId="99f9eaa0-a090-1f7c-a3f5-4863ab613546" executionId="9bfdcfaa-0144-455b-b5b7-80c5673cbc25" testListId="8c84fa94-04c1-424b-9868-57a2d4851a1d" />
    <TestEntry testId="c7cd6567-938f-c1b9-858f-c5b856d8b3bb" executionId="2c9eb72d-3f7f-4fcd-81f5-dfa7f0c381ed" testListId="8c84fa94-04c1-424b-9868-57a2d4851a1d" />
    <TestEntry testId="062b9029-8b37-6fb7-1cef-0200c21085ad" executionId="a6d5f4fe-a995-49c1-bc7f-854a787d3728" testListId="8c84fa94-04c1-424b-9868-57a2d4851a1d" />
    <TestEntry testId="5fbca718-7a0e-355e-c07c-924a30024ba9" executionId="6649afe2-50b5-40b2-a2c1-2c7cf057ba36" testListId="8c84fa94-04c1-424b-9868-57a2d4851a1d" />
    <TestEntry testId="1ddb416b-a245-c9c3-9558-a21c55e29e6a" executionId="d24fabee-7ffa-4bd3-af2e-027ea791d447" testListId="8c84fa94-04c1-424b-9868-57a2d4851a1d" />
    <TestEntry testId="46b3c2ba-8592-31fb-7b9f-4c21bb30a437" executionId="e2679515-c6ad-4baa-abab-ec19229e736e" testListId="8c84fa94-04c1-424b-9868-57a2d4851a1d" />
    <TestEntry testId="f94b0515-49d7-5657-5ad1-7dc42f3d780b" executionId="a05fcba5-468d-4507-8967-3c81136a4461" testListId="8c84fa94-04c1-424b-9868-57a2d4851a1d" />
    <TestEntry testId="50395e0c-0486-8ab3-cfcf-db624913577f" executionId="37397c75-4236-4cfa-bc5b-db745371b475" testListId="8c84fa94-04c1-424b-9868-57a2d4851a1d" />
    <TestEntry testId="3a43e3a5-dc7c-a35b-7191-ecd99bb582dd" executionId="524ffb79-80f8-4b89-831c-bd0d33f96ba3" testListId="8c84fa94-04c1-424b-9868-57a2d4851a1d" />
    <TestEntry testId="d514cbef-9ae0-3465-36ea-91b11bbefd16" executionId="f5220083-d519-49af-92ac-a62326950a49" testListId="8c84fa94-04c1-424b-9868-57a2d4851a1d" />
    <TestEntry testId="40e1d0a2-d829-f562-0816-5b584932a67d" executionId="5fb2052c-28f9-4df8-be56-1d633b954c57" testListId="8c84fa94-04c1-424b-9868-57a2d4851a1d" />
    <TestEntry testId="97306b5e-57a8-1e44-dc97-d537cbab6021" executionId="e61287b3-394d-47f0-8a7f-2efd6097e0f5" testListId="8c84fa94-04c1-424b-9868-57a2d4851a1d" />
    <TestEntry testId="c3eab5ce-1a68-3e3e-6d51-71b8e8d33cc5" executionId="83df89ef-6ae7-44dd-9411-18e564f134f3" testListId="8c84fa94-04c1-424b-9868-57a2d4851a1d" />
    <TestEntry testId="b97fcd3e-801b-56c2-7c15-be4f6547d4bd" executionId="7860bdee-1ad3-4dce-a817-424e5d249348" testListId="8c84fa94-04c1-424b-9868-57a2d4851a1d" />
    <TestEntry testId="c5e0be45-241d-5b76-f44d-464d0e8cb047" executionId="3ac32163-c20b-41f9-8e2a-c3e6db13ec62" testListId="8c84fa94-04c1-424b-9868-57a2d4851a1d" />
    <TestEntry testId="cf9ce434-1940-5b62-89bd-3f210a8de02b" executionId="cece71c1-13a7-4b91-b053-7b41a3a344d4" testListId="8c84fa94-04c1-424b-9868-57a2d4851a1d" />
    <TestEntry testId="bf5b6035-e322-69a8-84b4-c7074fea8038" executionId="932c7708-bf5c-4439-bee9-b6625ac66a78" testListId="8c84fa94-04c1-424b-9868-57a2d4851a1d" />
    <TestEntry testId="bfaf6352-4421-09bc-d915-7b2d2ece56ba" executionId="d3e7f6fb-34c7-4a54-953f-00a00831ccd4" testListId="8c84fa94-04c1-424b-9868-57a2d4851a1d" />
    <TestEntry testId="53dc6fcd-4add-8508-6be8-e34134b4bcde" executionId="7250f82b-4399-40a8-96cd-db2b86b0be85" testListId="8c84fa94-04c1-424b-9868-57a2d4851a1d" />
    <TestEntry testId="764bb79d-f64b-321d-1c4f-cc3374bb3cf9" executionId="ebffbc8f-85f7-457b-9e65-f30dab757096" testListId="8c84fa94-04c1-424b-9868-57a2d4851a1d" />
    <TestEntry testId="c4201998-1b61-94fa-68e5-733a302980cd" executionId="9f543ea5-07b7-4a8a-aa68-8b6938c0023f" testListId="8c84fa94-04c1-424b-9868-57a2d4851a1d" />
    <TestEntry testId="5d2d968b-a1e1-5073-58ed-95be7bc46a38" executionId="4dbdddec-4063-4aea-b7f4-e046be274340" testListId="8c84fa94-04c1-424b-9868-57a2d4851a1d" />
    <TestEntry testId="7d06bb65-bc90-8430-d9f8-34b0ee050fa3" executionId="2273c842-75a3-4214-80cd-2818cdc3c15b" testListId="8c84fa94-04c1-424b-9868-57a2d4851a1d" />
    <TestEntry testId="66fa857b-e963-0d65-bc03-7e07247eb20e" executionId="0b8cffc6-cb4e-4fa6-8e32-55b91dcd142e" testListId="8c84fa94-04c1-424b-9868-57a2d4851a1d" />
    <TestEntry testId="0bf23eb2-0c49-dfa7-75c5-e1b7bf6065d3" executionId="1a523f9f-71f4-42c4-a381-87bc93575558" testListId="8c84fa94-04c1-424b-9868-57a2d4851a1d" />
    <TestEntry testId="16a40cd0-7c1d-e04f-26f5-0deea294674b" executionId="09a45c56-9356-404a-a532-a6eb73ec74cd" testListId="8c84fa94-04c1-424b-9868-57a2d4851a1d" />
    <TestEntry testId="0e24771a-d278-3b70-2819-b8f07c8eeffc" executionId="00408d7e-7461-49f2-a964-06d47a2e9ba1" testListId="8c84fa94-04c1-424b-9868-57a2d4851a1d" />
    <TestEntry testId="7d882415-d4c4-16f3-e125-247f5706c127" executionId="7580346d-8df8-4dc4-926a-8c58cb0f3e45" testListId="8c84fa94-04c1-424b-9868-57a2d4851a1d" />
    <TestEntry testId="c8dadf2f-d99b-7fdd-c771-65d4d23b6f2a" executionId="5534a1bf-d706-4a5a-a2f2-d9fd3d074f1e" testListId="8c84fa94-04c1-424b-9868-57a2d4851a1d" />
    <TestEntry testId="1fbfa319-c69d-e1db-1d93-bbb3d9e8e78c" executionId="b6328f9b-9f88-487b-887a-dad6b0a26af2" testListId="8c84fa94-04c1-424b-9868-57a2d4851a1d" />
    <TestEntry testId="6d7735d0-7064-6afa-5a15-3310ca58c375" executionId="9b420c71-7190-407a-a64a-893f45ae4671" testListId="8c84fa94-04c1-424b-9868-57a2d4851a1d" />
    <TestEntry testId="55b32a28-7140-7866-dfb0-7fc53d5705bd" executionId="5734daf8-d49a-4161-8f79-c5d963b00488" testListId="8c84fa94-04c1-424b-9868-57a2d4851a1d" />
    <TestEntry testId="0a3229f1-ee45-0b1e-b03c-b61586bbf7b1" executionId="fc8daa4d-dacd-4d05-9943-74ce36bfde8a" testListId="8c84fa94-04c1-424b-9868-57a2d4851a1d" />
    <TestEntry testId="4045d95b-cc29-79d5-a41d-0b1fdbca4123" executionId="36645710-5ca2-458f-9ccd-240a482db2ed" testListId="8c84fa94-04c1-424b-9868-57a2d4851a1d" />
    <TestEntry testId="77bdf4bc-d936-5dd2-d76f-d427b1d19eb7" executionId="22dab698-4adc-4514-b9f6-943de39749f8" testListId="8c84fa94-04c1-424b-9868-57a2d4851a1d" />
    <TestEntry testId="d4c2b297-8dff-48fc-f568-86d5264bc62f" executionId="d083beea-3856-4bcf-8b40-d191ff4e9c69" testListId="8c84fa94-04c1-424b-9868-57a2d4851a1d" />
    <TestEntry testId="e83420e2-3e4c-0b46-91f0-367058c9ac00" executionId="cd756494-e3d3-4379-ac13-d110b14fb424" testListId="8c84fa94-04c1-424b-9868-57a2d4851a1d" />
    <TestEntry testId="a06ac183-48bd-dba7-97c8-11bc4f040665" executionId="c5d9241f-7e93-4018-8792-74457c8a9c3d" testListId="8c84fa94-04c1-424b-9868-57a2d4851a1d" />
    <TestEntry testId="1640ab59-3d48-3db5-9028-b768d88243d1" executionId="b08b5f6a-5eda-432b-a29a-4f88de41fac6" testListId="8c84fa94-04c1-424b-9868-57a2d4851a1d" />
    <TestEntry testId="6713f5db-229f-650d-5241-8148618d3899" executionId="f0aa34ee-0fb2-4347-bb81-b9ef26101997" testListId="8c84fa94-04c1-424b-9868-57a2d4851a1d" />
    <TestEntry testId="abbbd104-459c-2918-03dc-02e01cf46063" executionId="7d34489c-424d-4caa-86ec-140fdaca91b1" testListId="8c84fa94-04c1-424b-9868-57a2d4851a1d" />
    <TestEntry testId="f3172ad1-5349-25f4-05c4-524037f2c966" executionId="14f55074-3bbf-4f59-9ccb-9b42c7145b4c" testListId="8c84fa94-04c1-424b-9868-57a2d4851a1d" />
    <TestEntry testId="c1a36449-b473-86a7-6764-65536be57608" executionId="9947c96b-4911-4c2b-b9b2-782b3db70dc2" testListId="8c84fa94-04c1-424b-9868-57a2d4851a1d" />
    <TestEntry testId="15b159b3-cb5f-f09c-f394-b08149c7dd09" executionId="b8be4c80-9c6b-4700-812a-d49e10df2033" testListId="8c84fa94-04c1-424b-9868-57a2d4851a1d" />
    <TestEntry testId="f4595b48-ed9f-1dfd-8c5d-cab04899b749" executionId="89bb2ab5-4275-49bd-ac48-109b16f34bb0" testListId="8c84fa94-04c1-424b-9868-57a2d4851a1d" />
    <TestEntry testId="51353947-3452-476e-394a-bcc34cf5934f" executionId="b8ac4902-6b89-4d8f-8ed2-f39f489cfcfc" testListId="8c84fa94-04c1-424b-9868-57a2d4851a1d" />
    <TestEntry testId="f48eeea0-1628-3a4f-951e-8100079445f9" executionId="988f09e5-0695-4387-b1fa-3de18a3239c8" testListId="8c84fa94-04c1-424b-9868-57a2d4851a1d" />
    <TestEntry testId="406d7e6b-1b2f-ceac-cd05-2ee2f4450951" executionId="265b7cc5-7cdf-4f42-b6e3-2b077fef394f" testListId="8c84fa94-04c1-424b-9868-57a2d4851a1d" />
    <TestEntry testId="5779e282-5f15-b356-3ba1-d082a48628f1" executionId="469808d4-3494-41c6-8242-65395834025a" testListId="8c84fa94-04c1-424b-9868-57a2d4851a1d" />
    <TestEntry testId="1112d1dd-eea7-ec92-2073-5e99606250d4" executionId="6448c4d8-f27f-4966-b56c-9ff77a4c4b5e" testListId="8c84fa94-04c1-424b-9868-57a2d4851a1d" />
    <TestEntry testId="bb345544-bfb8-1b01-5339-f2605a9da222" executionId="ce9b1aa6-5e35-4bed-9b0a-fc9bc4ff7fe1" testListId="8c84fa94-04c1-424b-9868-57a2d4851a1d" />
    <TestEntry testId="9acac3b6-59ed-baed-27c4-81256cf3e2b7" executionId="17827453-4bcb-44c6-8348-c23265f9812f" testListId="8c84fa94-04c1-424b-9868-57a2d4851a1d" />
    <TestEntry testId="bf05b4b4-c19c-b14e-83f2-8776361847ab" executionId="b70c435a-f407-418b-af0c-323a37aed468" testListId="8c84fa94-04c1-424b-9868-57a2d4851a1d" />
    <TestEntry testId="475d9678-ed39-777c-2507-1c4359088c7d" executionId="8ee243e0-8fb1-4734-a326-5068bcb04366" testListId="8c84fa94-04c1-424b-9868-57a2d4851a1d" />
    <TestEntry testId="6e8c97ec-e8b9-4664-064c-e2f855880c7c" executionId="15e9b22c-b59e-4a21-948a-11118af9976f" testListId="8c84fa94-04c1-424b-9868-57a2d4851a1d" />
    <TestEntry testId="24c60078-9625-8e92-f24a-c8acb4a37b6f" executionId="086aa03d-e425-4091-9d89-0139ac907f6d" testListId="8c84fa94-04c1-424b-9868-57a2d4851a1d" />
    <TestEntry testId="2e1fa312-8a9c-62d8-e52c-b05292789ed7" executionId="7f281241-758f-4321-af64-0ac376238e6d" testListId="8c84fa94-04c1-424b-9868-57a2d4851a1d" />
    <TestEntry testId="42da3e86-c4b2-f46d-0f5b-b82a328f739c" executionId="45dbf52f-5d28-4fd4-9319-231c3e486e5f" testListId="8c84fa94-04c1-424b-9868-57a2d4851a1d" />
    <TestEntry testId="68b3e192-a617-cbce-6861-aca6a4bea39b" executionId="411fd40b-c4b1-4aa6-a53c-b9c8c2cc47ae" testListId="8c84fa94-04c1-424b-9868-57a2d4851a1d" />
    <TestEntry testId="8f7bacc1-cfc7-b0fe-3fce-f3b6c6e9b7de" executionId="9cb7c772-b5ea-4a42-8dcd-6e52610a4d2c" testListId="8c84fa94-04c1-424b-9868-57a2d4851a1d" />
    <TestEntry testId="da8dace8-4ac6-e8fe-48f6-c0c642948111" executionId="5b8b54df-f5ca-4d95-9ab9-3b8e18831119" testListId="8c84fa94-04c1-424b-9868-57a2d4851a1d" />
    <TestEntry testId="3128f2ee-7977-9932-03b7-77d2d3472e5f" executionId="acef653c-9c26-477d-b4fe-e7c247748fe1" testListId="8c84fa94-04c1-424b-9868-57a2d4851a1d" />
    <TestEntry testId="25c1b683-3a86-c917-ec64-a480a60709bd" executionId="6e71a0be-2ac9-4ec8-a78f-35061d41d97b" testListId="8c84fa94-04c1-424b-9868-57a2d4851a1d" />
    <TestEntry testId="da9a57dd-02b1-7ed0-bb08-dd7075b8d182" executionId="503d215f-a2e6-46c3-bb9d-6a743cddbc38" testListId="8c84fa94-04c1-424b-9868-57a2d4851a1d" />
    <TestEntry testId="cf45ee30-83d2-0b82-f62e-b027766bbeaf" executionId="da440713-0e96-46c3-bbf6-3e48ef5a8de5" testListId="8c84fa94-04c1-424b-9868-57a2d4851a1d" />
    <TestEntry testId="e3943d2a-6513-8606-a94a-e88cf0bdc8fe" executionId="bf7910e4-bf11-4c71-b34e-3267ff532111" testListId="8c84fa94-04c1-424b-9868-57a2d4851a1d" />
    <TestEntry testId="048450f3-967a-39d8-a390-18f251e85531" executionId="b1df409b-6325-4362-a365-ae283886ef58" testListId="8c84fa94-04c1-424b-9868-57a2d4851a1d" />
    <TestEntry testId="87976f7c-14dd-b9b7-be4a-35a8302aaf4c" executionId="7a2624e4-d937-494e-9007-54b79028a077" testListId="8c84fa94-04c1-424b-9868-57a2d4851a1d" />
    <TestEntry testId="00ad0c06-8a51-2cd4-079d-9ed4022e7cf7" executionId="dad24770-bfb0-4f42-9470-2680e5e51c3c" testListId="8c84fa94-04c1-424b-9868-57a2d4851a1d" />
    <TestEntry testId="1e5f29df-ed10-0b1f-d07d-d53b219d368d" executionId="59e2bf83-91fa-4201-a612-773baa5ff0ba" testListId="8c84fa94-04c1-424b-9868-57a2d4851a1d" />
    <TestEntry testId="d54acfad-117b-dd2a-e0a9-e4f44eefcede" executionId="ccb8993b-35d7-4fac-aedf-454e5a58a20b" testListId="8c84fa94-04c1-424b-9868-57a2d4851a1d" />
    <TestEntry testId="22ba9a81-eee3-dacf-96ca-4ab79d52bbe1" executionId="f6ffe4b8-417e-4d89-a962-9fd0f76c4cd3" testListId="8c84fa94-04c1-424b-9868-57a2d4851a1d" />
    <TestEntry testId="1d032141-85af-eb53-6ddd-406db8e920da" executionId="45594f90-f447-41ed-b799-6bf29d965b97" testListId="8c84fa94-04c1-424b-9868-57a2d4851a1d" />
    <TestEntry testId="70a4a44a-4353-ff25-d1bc-ca98cbe1a7a0" executionId="12091648-85af-46fe-bbe8-a402d0ebe80e" testListId="8c84fa94-04c1-424b-9868-57a2d4851a1d" />
    <TestEntry testId="50eba22f-250a-1f15-3be5-df167f038182" executionId="fb3f1fc9-fccd-44d8-ac13-a6c2096f4e76" testListId="8c84fa94-04c1-424b-9868-57a2d4851a1d" />
    <TestEntry testId="62989f9b-f63f-16f7-5285-44ecee7d8fc2" executionId="8b85f302-1c3f-4520-9ec9-78da8ff16a9e" testListId="8c84fa94-04c1-424b-9868-57a2d4851a1d" />
    <TestEntry testId="eada2816-e2a5-7237-2f8a-db27e9f63065" executionId="ed489897-7c92-46d8-8255-ced833be7936" testListId="8c84fa94-04c1-424b-9868-57a2d4851a1d" />
    <TestEntry testId="bae66f04-674d-5778-f225-eefd270ffbe9" executionId="24212926-bd13-4536-9a2c-49b3e9a7c216" testListId="8c84fa94-04c1-424b-9868-57a2d4851a1d" />
    <TestEntry testId="19881caf-b46a-2517-3bbb-94c4b3d38103" executionId="cf87778e-d628-4993-a6ed-a48b2dd0a820" testListId="8c84fa94-04c1-424b-9868-57a2d4851a1d" />
    <TestEntry testId="6ad0b06e-9b13-00d3-c084-f5f295020c1e" executionId="c7155a13-9a32-43b0-9780-661066758a16" testListId="8c84fa94-04c1-424b-9868-57a2d4851a1d" />
    <TestEntry testId="f8a3be77-6b3e-6488-6197-4edc60313224" executionId="131ca604-18e0-46ef-adb5-9c6cd42848d6" testListId="8c84fa94-04c1-424b-9868-57a2d4851a1d" />
    <TestEntry testId="9aebd098-86b0-8135-3828-1a1b18cbdc09" executionId="09ffd8dd-a140-4da4-84f3-43da9b8f8355" testListId="8c84fa94-04c1-424b-9868-57a2d4851a1d" />
    <TestEntry testId="fb09f46d-211c-0a0f-4cae-4689d463b1bf" executionId="ef4f2a01-c56f-44a5-84a1-16b5b16638c4" testListId="8c84fa94-04c1-424b-9868-57a2d4851a1d" />
    <TestEntry testId="445820b3-85f7-a45b-0dbb-176036ea27f3" executionId="59f589df-8eac-4073-ad40-bcadcb099683" testListId="8c84fa94-04c1-424b-9868-57a2d4851a1d" />
    <TestEntry testId="822f4957-5137-d7c6-2e55-84f7df38fa3f" executionId="a6ec94b6-3098-45b4-a6ee-f335b49b0815" testListId="8c84fa94-04c1-424b-9868-57a2d4851a1d" />
    <TestEntry testId="fbd963d5-8fdc-5f98-443c-7fe2f17bd0bf" executionId="00d42a19-fc6f-4d3d-af9d-2611b0f8a18f" testListId="8c84fa94-04c1-424b-9868-57a2d4851a1d" />
    <TestEntry testId="f17c2f5d-3278-deae-e3e0-0f673524d524" executionId="504e769d-b920-4e24-b4a9-d277154553b5" testListId="8c84fa94-04c1-424b-9868-57a2d4851a1d" />
    <TestEntry testId="23d91d77-3949-b723-f379-d2857eb55e79" executionId="678f11d9-31ae-4129-a1cd-9aae2cf9620e" testListId="8c84fa94-04c1-424b-9868-57a2d4851a1d" />
    <TestEntry testId="e1ac1f73-3f50-b772-36d3-f1ba06996415" executionId="18cdfa0c-fc4c-4d33-8f17-85d3ba7a3c8f" testListId="8c84fa94-04c1-424b-9868-57a2d4851a1d" />
    <TestEntry testId="50a4b829-9b8c-141f-9af8-de6d13d2fe78" executionId="62c31ab7-760d-4c5d-80e8-00a39686b2a0" testListId="8c84fa94-04c1-424b-9868-57a2d4851a1d" />
    <TestEntry testId="1841d452-ef08-e1b1-92c9-459ff161fad6" executionId="d0114e7e-b81f-40cf-90df-eca4b08ec2a0" testListId="8c84fa94-04c1-424b-9868-57a2d4851a1d" />
    <TestEntry testId="73dfb1c8-1ee0-ba4e-93db-2f57b9c5c6e5" executionId="f277c314-5c28-4eaf-ad77-47cb3a0245a5" testListId="8c84fa94-04c1-424b-9868-57a2d4851a1d" />
    <TestEntry testId="f06b0bee-cd92-4ab3-04ec-051ae09a6a15" executionId="757aba2b-cbcf-4b8b-9793-559a80c86903" testListId="8c84fa94-04c1-424b-9868-57a2d4851a1d" />
    <TestEntry testId="18810675-1d1f-7bbb-20d7-e2d7bb16299f" executionId="450cb09d-526c-47d9-85e1-ec63e4c56bbf" testListId="8c84fa94-04c1-424b-9868-57a2d4851a1d" />
    <TestEntry testId="c813dab8-ded2-b372-f84d-2989bfcad19b" executionId="3138d104-8586-4fd3-89b9-c7b24821e7a5" testListId="8c84fa94-04c1-424b-9868-57a2d4851a1d" />
    <TestEntry testId="ebfd92fd-e95f-c858-6e96-50164aa07333" executionId="bb46b8d2-544b-4f90-94aa-60bc023a7021" testListId="8c84fa94-04c1-424b-9868-57a2d4851a1d" />
    <TestEntry testId="5bfd1fe7-ef93-ce38-f006-77697e21739e" executionId="341e4037-26b2-40ae-858f-5dc6a017b584" testListId="8c84fa94-04c1-424b-9868-57a2d4851a1d" />
    <TestEntry testId="d3304698-5ea1-efe1-87f7-f7522dd04418" executionId="598b71e0-cd8e-4d4e-a196-ef204384f385" testListId="8c84fa94-04c1-424b-9868-57a2d4851a1d" />
    <TestEntry testId="b4439e05-a4aa-b998-a3b8-3b5334aa4ab1" executionId="7cffa6bc-21ed-48bc-86d2-2dc1b6fa016b" testListId="8c84fa94-04c1-424b-9868-57a2d4851a1d" />
    <TestEntry testId="3d1ad44f-ad35-093f-1ddc-cdf28838fb0c" executionId="65dc3a6a-e4c6-4d05-aafa-7a7644fbaf24" testListId="8c84fa94-04c1-424b-9868-57a2d4851a1d" />
    <TestEntry testId="01e7d27d-5dfb-11ca-f36b-fb5e7da77ca3" executionId="229c3f56-8cb2-4af5-8965-5f51897d90ec" testListId="8c84fa94-04c1-424b-9868-57a2d4851a1d" />
    <TestEntry testId="343f948c-430b-2580-b3de-8dba47621f99" executionId="6fc31cd1-bdd5-4480-8b18-a9dd5e763c46" testListId="8c84fa94-04c1-424b-9868-57a2d4851a1d" />
    <TestEntry testId="89fbf0eb-5aad-f921-b1a0-e4b70f27ce71" executionId="65714830-14cd-434f-992c-3bd098d999ec" testListId="8c84fa94-04c1-424b-9868-57a2d4851a1d" />
    <TestEntry testId="06216717-90a4-deb6-6c95-20467cbc32ad" executionId="2e81bd41-95f7-49bd-b6fc-b1d510b055fe" testListId="8c84fa94-04c1-424b-9868-57a2d4851a1d" />
    <TestEntry testId="78145ca3-f064-cb2e-ebce-b57ecce4f5f7" executionId="e0f4038d-724f-42af-ba1e-a9fbff7106b3" testListId="8c84fa94-04c1-424b-9868-57a2d4851a1d" />
    <TestEntry testId="5b1e9da7-ae1e-bd78-57ac-b89147ec436e" executionId="0e953241-0663-469a-b42d-48d1a62e653e" testListId="8c84fa94-04c1-424b-9868-57a2d4851a1d" />
    <TestEntry testId="37b34059-0f65-9a6f-04ed-b65ab163cd9e" executionId="87978f84-bcf8-4641-91c1-b0f32dd75de0" testListId="8c84fa94-04c1-424b-9868-57a2d4851a1d" />
    <TestEntry testId="2f5333c3-b2fd-e93c-ff6c-9f4085c35de6" executionId="749984bf-b205-4585-828c-f43a3c29cf60" testListId="8c84fa94-04c1-424b-9868-57a2d4851a1d" />
    <TestEntry testId="b2a10411-83ed-06ca-063e-eb5f07ad9002" executionId="60b56c27-3cd4-41c0-811c-f1adb1e699b0" testListId="8c84fa94-04c1-424b-9868-57a2d4851a1d" />
    <TestEntry testId="d8b0b902-5f95-0147-3f49-4c67c17e28e0" executionId="edff3833-9ca8-4227-97b8-88785fef07a1" testListId="8c84fa94-04c1-424b-9868-57a2d4851a1d" />
    <TestEntry testId="57bcb7bc-72d9-ad1f-99f2-a076d64fe7fb" executionId="bfa30901-0faf-403e-9db3-cc2a598c254a" testListId="8c84fa94-04c1-424b-9868-57a2d4851a1d" />
    <TestEntry testId="c4a3c2cc-a5a0-9c38-2fa0-2901c104e6a7" executionId="c90421ff-60f3-40a1-a563-be32c2a2b456" testListId="8c84fa94-04c1-424b-9868-57a2d4851a1d" />
    <TestEntry testId="0be596ed-20ca-13c8-b1d0-4c31b3ab9f75" executionId="34ae653e-1831-440b-ac18-b056ad6d5b85" testListId="8c84fa94-04c1-424b-9868-57a2d4851a1d" />
    <TestEntry testId="7ed2c8a0-7d63-5145-26da-2e020b07f7d6" executionId="ed61b7ae-20fc-4710-95f4-f76b4acc6cc9" testListId="8c84fa94-04c1-424b-9868-57a2d4851a1d" />
    <TestEntry testId="96f6f192-ed3a-aaee-aefe-d76ac3dfd73f" executionId="91d14af0-17e1-4be3-af09-287ed85475cd" testListId="8c84fa94-04c1-424b-9868-57a2d4851a1d" />
    <TestEntry testId="fcee2476-61da-8656-1de0-178f20c169dc" executionId="52e72244-c40f-482a-b342-d934f92cc947" testListId="8c84fa94-04c1-424b-9868-57a2d4851a1d" />
    <TestEntry testId="15827c38-4a1c-e443-5328-13c7405bb0ff" executionId="1f7869dd-3ece-4ed7-95ba-adb56a1dc5b9" testListId="8c84fa94-04c1-424b-9868-57a2d4851a1d" />
    <TestEntry testId="a148e1d3-c0a7-ab22-6711-ed696844e290" executionId="d4b4ef2d-b8ed-457e-97a9-b2b2a1339bf5" testListId="8c84fa94-04c1-424b-9868-57a2d4851a1d" />
    <TestEntry testId="dd755980-a9f7-6ed1-2252-b0148c3d540c" executionId="764ba50f-c7e3-4854-87b2-cf1d40a5df4b" testListId="8c84fa94-04c1-424b-9868-57a2d4851a1d" />
    <TestEntry testId="b89d58f6-3451-4a52-c26c-ae9d3822f836" executionId="a912f5e4-2897-4f56-a34e-6a1107fa5310" testListId="8c84fa94-04c1-424b-9868-57a2d4851a1d" />
    <TestEntry testId="faccfa53-2df6-24a2-b853-bc0462bcfc1c" executionId="f8271226-3e7b-45ee-b526-3e0a1aeaa455" testListId="8c84fa94-04c1-424b-9868-57a2d4851a1d" />
    <TestEntry testId="714f0003-938d-dad5-3c4f-f245997bfc86" executionId="4cc0b2bf-c76f-48a4-88d5-3c43e9810006" testListId="8c84fa94-04c1-424b-9868-57a2d4851a1d" />
    <TestEntry testId="8b866447-66c6-e5a8-8978-03992b373a6f" executionId="ba0d360e-f268-4f0a-9ccb-840bfb1cc13b" testListId="8c84fa94-04c1-424b-9868-57a2d4851a1d" />
    <TestEntry testId="db023c3f-6d43-e932-afde-4a3e22b19baf" executionId="384154fc-a6b5-441b-8282-198234ccf6b4" testListId="8c84fa94-04c1-424b-9868-57a2d4851a1d" />
    <TestEntry testId="d5f064a1-b917-5f3a-ebae-229ca0040d12" executionId="8048b0a7-2cda-4785-a22f-5391b6c915fb" testListId="8c84fa94-04c1-424b-9868-57a2d4851a1d" />
    <TestEntry testId="2fab693e-80b6-8ae4-dc77-08a7e65ebf3d" executionId="2da5903e-cf3e-4b2e-b605-3940258f6cf3" testListId="8c84fa94-04c1-424b-9868-57a2d4851a1d" />
    <TestEntry testId="80130715-8654-c968-d178-dd7e1786799a" executionId="66253fb3-2c5d-4737-81cf-f0bf0aaec175" testListId="8c84fa94-04c1-424b-9868-57a2d4851a1d" />
    <TestEntry testId="ab45238f-0962-86b9-1aeb-168e6306c508" executionId="66107c0c-ed75-4f1f-a739-ca96fd5b6668" testListId="8c84fa94-04c1-424b-9868-57a2d4851a1d" />
    <TestEntry testId="719e549b-8b5f-4965-33fd-0d077879e351" executionId="958fc99f-62ba-4e42-a138-743038866a46" testListId="8c84fa94-04c1-424b-9868-57a2d4851a1d" />
    <TestEntry testId="863ba840-d0c2-3b87-37ee-d6c2ae4bed7d" executionId="c1b34651-c4af-495c-993e-708732abd50a" testListId="8c84fa94-04c1-424b-9868-57a2d4851a1d" />
    <TestEntry testId="a6cbf3bf-8536-d3d8-7967-29553bc7bd7d" executionId="41f0d63f-7f0d-47c4-b810-a72adff15c82" testListId="8c84fa94-04c1-424b-9868-57a2d4851a1d" />
    <TestEntry testId="ccf79253-a57c-36f1-e922-c20571fa8b5f" executionId="dc17bda9-9333-4251-a51f-40d2a30eefcb" testListId="8c84fa94-04c1-424b-9868-57a2d4851a1d" />
    <TestEntry testId="0815f71f-d1b5-383f-c254-24620e55ca59" executionId="8c3658f2-aa9f-497e-ba37-fc2fb075919d" testListId="8c84fa94-04c1-424b-9868-57a2d4851a1d" />
    <TestEntry testId="ffba5041-3dad-a171-d402-f1044d82d98b" executionId="1bda464a-7118-4555-8450-7328894b7d6c" testListId="8c84fa94-04c1-424b-9868-57a2d4851a1d" />
    <TestEntry testId="baea752d-54d8-3c83-578e-889160e95153" executionId="a55433b9-2084-41e3-9f77-c2af05d20e31" testListId="8c84fa94-04c1-424b-9868-57a2d4851a1d" />
    <TestEntry testId="d364fe51-32f4-0505-0794-50c70ce2f6f1" executionId="73276c6a-7734-4eb0-8282-74bbe57be09e" testListId="8c84fa94-04c1-424b-9868-57a2d4851a1d" />
    <TestEntry testId="84a0fe9e-88a9-b519-abce-44607ed3d60b" executionId="0015bb1d-62de-4948-ada6-9ad66515aadd" testListId="8c84fa94-04c1-424b-9868-57a2d4851a1d" />
    <TestEntry testId="443f2da3-b089-a650-7bb5-fbd792906525" executionId="06c172c3-e462-415d-9eb3-2e8ef5617a88" testListId="8c84fa94-04c1-424b-9868-57a2d4851a1d" />
    <TestEntry testId="10e5a3ce-9290-0bf4-2ea9-aabafbb1a973" executionId="10ba8746-1a61-49fa-9829-3fd3bf247d6c" testListId="8c84fa94-04c1-424b-9868-57a2d4851a1d" />
    <TestEntry testId="d02ae00d-1311-89ab-3fb9-c916f421eba3" executionId="298886ac-31ac-420d-8082-0b920e63350e" testListId="8c84fa94-04c1-424b-9868-57a2d4851a1d" />
    <TestEntry testId="45289421-0910-5184-0d1e-471036646f71" executionId="28076601-7cbf-422d-8755-2f0de3ebe5bd" testListId="8c84fa94-04c1-424b-9868-57a2d4851a1d" />
    <TestEntry testId="deaa7d6d-5179-48ff-d03d-6b99299e1d96" executionId="febe4aa5-ffda-4718-9069-b3971f5db6a0" testListId="8c84fa94-04c1-424b-9868-57a2d4851a1d" />
    <TestEntry testId="ea7264c8-ee1d-7984-e681-677cdab9bc36" executionId="f46b8d0d-9385-48df-a0fa-044c87ec6cdd" testListId="8c84fa94-04c1-424b-9868-57a2d4851a1d" />
    <TestEntry testId="917fa181-a315-21f5-7c4c-f9ac52837fa3" executionId="bbb26789-c678-4766-9f32-2f96e128a7ee" testListId="8c84fa94-04c1-424b-9868-57a2d4851a1d" />
    <TestEntry testId="4caefc62-ab13-e69f-9847-b104043b9487" executionId="fb0077e3-f008-4b98-b0b2-f35e5a058c3f" testListId="8c84fa94-04c1-424b-9868-57a2d4851a1d" />
    <TestEntry testId="6c2e12bf-954a-e2dd-fb03-b30da6c844e7" executionId="f8c7e0e0-78a4-4808-bf4f-c4344de9b3ac" testListId="8c84fa94-04c1-424b-9868-57a2d4851a1d" />
    <TestEntry testId="d78e62b3-4c32-e675-1e81-ab68d35deb62" executionId="4fa687a0-a3b4-486f-9eb1-82284f50afe7" testListId="8c84fa94-04c1-424b-9868-57a2d4851a1d" />
    <TestEntry testId="84062fa8-9f95-3ee2-8d8a-899204450a85" executionId="63352636-59c7-4521-add9-9867d6000ed4" testListId="8c84fa94-04c1-424b-9868-57a2d4851a1d" />
    <TestEntry testId="b10f9914-07e1-3a3a-d981-3736b980ebd7" executionId="c096b204-4ff0-481b-90e8-4e9d3d6be1c1" testListId="8c84fa94-04c1-424b-9868-57a2d4851a1d" />
    <TestEntry testId="c07f3ebe-feeb-0c21-e851-13afcafc278a" executionId="02c4170a-bc40-486e-9e0b-880b0ad8f927" testListId="8c84fa94-04c1-424b-9868-57a2d4851a1d" />
    <TestEntry testId="50c5abd6-7b0a-4348-78da-8a2e086832a2" executionId="c3e4266f-2995-4b5a-b985-19f218b32274" testListId="8c84fa94-04c1-424b-9868-57a2d4851a1d" />
    <TestEntry testId="331cbfad-34a4-b13c-ed64-42a3230ef7f4" executionId="c93a65a4-15f7-48dc-81da-96407690bc8b" testListId="8c84fa94-04c1-424b-9868-57a2d4851a1d" />
    <TestEntry testId="b47e4fb5-70dd-1ea2-05ee-5e86e036cb6a" executionId="a8d869e6-5305-438a-93c3-466269a4975f" testListId="8c84fa94-04c1-424b-9868-57a2d4851a1d" />
    <TestEntry testId="7f9f33b1-cd7d-6178-7cdc-24666175caf4" executionId="f94af78b-8679-4cd8-a958-941b0d85e2ab" testListId="8c84fa94-04c1-424b-9868-57a2d4851a1d" />
    <TestEntry testId="edd30935-2f6e-0a0e-28f0-afa501a88ab0" executionId="d2cce58a-e8d7-4c6b-be14-0a61c9638e60" testListId="8c84fa94-04c1-424b-9868-57a2d4851a1d" />
    <TestEntry testId="0c583350-00fc-c256-1d2e-f648f6c1b140" executionId="ed4a87cd-918e-4002-8b02-11b571c0f6bd" testListId="8c84fa94-04c1-424b-9868-57a2d4851a1d" />
    <TestEntry testId="4184d3dd-ca69-c1b8-586f-f93c06d5d26b" executionId="080301f5-cdf0-4c58-85a6-a8c3b9315173" testListId="8c84fa94-04c1-424b-9868-57a2d4851a1d" />
    <TestEntry testId="90526451-6840-19f7-8a25-ab42548b6ebe" executionId="6cfe595a-1604-41cd-9f30-2ea6ae316912" testListId="8c84fa94-04c1-424b-9868-57a2d4851a1d" />
    <TestEntry testId="716555af-e165-d95b-b1b2-db5a93b55899" executionId="64947250-5004-497a-9f97-fb191f247600" testListId="8c84fa94-04c1-424b-9868-57a2d4851a1d" />
    <TestEntry testId="8812ebd6-a94c-fad4-8b2a-125aaec04975" executionId="b24c2e99-21b9-443e-b779-aa45acbfe53e" testListId="8c84fa94-04c1-424b-9868-57a2d4851a1d" />
    <TestEntry testId="7b9e8da3-c1cf-a39e-6f3d-7f535dcbb54b" executionId="7714656e-c682-4b33-bf85-61e0dc478c10" testListId="8c84fa94-04c1-424b-9868-57a2d4851a1d" />
    <TestEntry testId="65cb382b-a4f2-1d56-687f-d77636e84c28" executionId="468eb9c5-5e3b-4e1c-8aac-7220c14cd2c8" testListId="8c84fa94-04c1-424b-9868-57a2d4851a1d" />
    <TestEntry testId="d7e51438-6f10-ba0d-c97e-e1b550ea3b42" executionId="d6558290-db03-4d74-950d-6fcdb362714b" testListId="8c84fa94-04c1-424b-9868-57a2d4851a1d" />
    <TestEntry testId="b418870a-8d2c-3360-5644-60e4db33ab07" executionId="28d4b697-d400-40aa-bfb8-a9d57625029a" testListId="8c84fa94-04c1-424b-9868-57a2d4851a1d" />
    <TestEntry testId="8743d94d-d6cd-c718-c5ad-f9c6fd6bc396" executionId="d54ee77d-abe9-4f85-a0f4-a4120a3ad3fd" testListId="8c84fa94-04c1-424b-9868-57a2d4851a1d" />
    <TestEntry testId="060a0ab5-38d7-1a51-f31b-f4f97a6b8532" executionId="96e3400e-ecc5-40e6-8b63-61c7221f1503" testListId="8c84fa94-04c1-424b-9868-57a2d4851a1d" />
    <TestEntry testId="9b8ff836-b6ad-3695-bd79-77c45a56f268" executionId="055a5152-2ced-4262-9810-96c4ba0f9cc2" testListId="8c84fa94-04c1-424b-9868-57a2d4851a1d" />
    <TestEntry testId="9fe5da7b-8344-b527-8330-6fbce0aa2ad1" executionId="b6845627-fa04-4db8-94fa-1d086166bfcb" testListId="8c84fa94-04c1-424b-9868-57a2d4851a1d" />
    <TestEntry testId="1fc0a138-aae1-a53b-1473-03ab377675e8" executionId="dbf90d08-8ba7-4178-bc51-3600a8df8d4e" testListId="8c84fa94-04c1-424b-9868-57a2d4851a1d" />
    <TestEntry testId="525066eb-7153-bffe-95f1-f352ab1e697a" executionId="edd3af00-01d7-4c05-9627-cd898e9ef3d2" testListId="8c84fa94-04c1-424b-9868-57a2d4851a1d" />
    <TestEntry testId="28cceedd-0004-bcae-37ba-848d1807e699" executionId="4c2b5a78-7095-452d-bc6b-80f7d59e76c3" testListId="8c84fa94-04c1-424b-9868-57a2d4851a1d" />
    <TestEntry testId="6327abf2-47ef-c94a-62f6-39014c1d6551" executionId="40cf845b-2670-402f-a9de-6f787283e4b7" testListId="8c84fa94-04c1-424b-9868-57a2d4851a1d" />
    <TestEntry testId="d4dbc83b-2530-789e-5f5b-4985bc73e6f9" executionId="efa62227-8219-45ad-80fa-e1c4a3821909" testListId="8c84fa94-04c1-424b-9868-57a2d4851a1d" />
    <TestEntry testId="f4ff0c79-3ea2-68e3-d566-a1db5c61fda0" executionId="f7299b92-2011-46d0-a26c-6821f90fe4b2" testListId="8c84fa94-04c1-424b-9868-57a2d4851a1d" />
    <TestEntry testId="28198b81-66ec-1562-5ed0-6cabf57ebd54" executionId="4a1809b0-1c84-48f3-8c0e-7450fc24794e" testListId="8c84fa94-04c1-424b-9868-57a2d4851a1d" />
    <TestEntry testId="b5d24841-5913-74d3-42f1-eae7a6cd6b06" executionId="d1de797f-b7a2-410c-93a3-6abf7175511f" testListId="8c84fa94-04c1-424b-9868-57a2d4851a1d" />
    <TestEntry testId="2b484fed-800e-eefb-c232-611caa07952d" executionId="b598386d-0342-4fec-817a-fb5a44691d16" testListId="8c84fa94-04c1-424b-9868-57a2d4851a1d" />
    <TestEntry testId="4b76b10c-3987-229a-82ef-c4d4464c6a7a" executionId="c2eb6f26-5c62-4fdc-b68d-2854a17d9827" testListId="8c84fa94-04c1-424b-9868-57a2d4851a1d" />
    <TestEntry testId="99925d98-cc15-0d9d-8c6c-cced5a935ca8" executionId="69e0a763-d012-4fa4-93c2-11b80723af42" testListId="8c84fa94-04c1-424b-9868-57a2d4851a1d" />
    <TestEntry testId="8d4f003b-e7fd-d6d0-07aa-d85ded595d3d" executionId="5f8db798-d8f0-4ef4-a5f6-69a0b0053ecb" testListId="8c84fa94-04c1-424b-9868-57a2d4851a1d" />
    <TestEntry testId="7eac7054-5c36-912a-b0a1-7a8b0f2cc93f" executionId="9f19e938-ba4b-4309-b21c-19f5c0b773e0" testListId="8c84fa94-04c1-424b-9868-57a2d4851a1d" />
    <TestEntry testId="d205cd4f-7e75-1065-1e83-e2c9c6957054" executionId="142f7d3b-2f09-46e2-b88d-0aaffce9400c" testListId="8c84fa94-04c1-424b-9868-57a2d4851a1d" />
    <TestEntry testId="d0d582a8-0c22-e0d2-4278-1deb51f5a180" executionId="164c7bc9-1c3b-4ad7-8dcd-27e598c26eb1" testListId="8c84fa94-04c1-424b-9868-57a2d4851a1d" />
  </TestEntries>
  <TestLists>
    <TestList name="Results Not in a List" id="8c84fa94-04c1-424b-9868-57a2d4851a1d" />
    <TestList name="All Loaded Results" id="19431567-8539-422a-85d7-44ee4e166bda" />
  </TestLists>
  <ResultSummary outcome="Failed">
    <Counters total="845" executed="845" passed="842" failed="3" error="0" timeout="0" aborted="0" inconclusive="0" passedButRunAborted="0" notRunnable="0" notExecuted="0" disconnected="0" warning="0" completed="0" inProgress="0" pending="0" />
    <Output>
      <StdOut>[xUnit.net 00:00:00.00] xUnit.net VSTest Adapter v2.5.4.1+b9eacec401 (64-bit .NET 9.0.6)
[xUnit.net 00:00:00.13]   Discovering: ClickUp.Api.Client.Tests
[xUnit.net 00:00:00.41]   Discovered:  ClickUp.Api.Client.Tests
[xUnit.net 00:00:00.41]   Starting:    ClickUp.Api.Client.Tests
[xUnit.net 00:00:00.52]       System.InvalidOperationException : ClickUp API PersonalAccessToken not configured for integration tests. Set via User Secrets (e.g., 'ClickUpApi:PersonalAccessToken') or Environment Variables (e.g., 'ClickUpApi__PersonalAccessToken').
[xUnit.net 00:00:00.52]       Stack Trace:
[xUnit.net 00:00:00.52]         /app/src/ClickUp.Api.Client.Tests/Integration/IntegrationTestBase.cs(28,0): at ClickUp.Api.Client.Tests.Integration.IntegrationTestBase..ctor()
[xUnit.net 00:00:00.52]         /app/src/ClickUp.Api.Client.Tests/Integration/AuthorizationServiceIntegrationTests.cs(19,0): at ClickUp.Api.Client.Tests.Integration.AuthorizationServiceIntegrationTests..ctor(ITestOutputHelper output)
[xUnit.net 00:00:00.52]            at System.RuntimeMethodHandle.InvokeMethod(Object target, Void** arguments, Signature sig, Boolean isConstructor)
[xUnit.net 00:00:00.52]            at System.Reflection.MethodBaseInvoker.InvokeDirectByRefWithFewArgs(Object obj, Span`1 copyOfArgs, BindingFlags invokeAttr)
[xUnit.net 00:00:00.53]       System.InvalidOperationException : ClickUp API PersonalAccessToken not configured for integration tests. Set via User Secrets (e.g., 'ClickUpApi:PersonalAccessToken') or Environment Variables (e.g., 'ClickUpApi__PersonalAccessToken').
[xUnit.net 00:00:00.53]       Stack Trace:
[xUnit.net 00:00:00.53]         /app/src/ClickUp.Api.Client.Tests/Integration/IntegrationTestBase.cs(28,0): at ClickUp.Api.Client.Tests.Integration.IntegrationTestBase..ctor()
[xUnit.net 00:00:00.53]         /app/src/ClickUp.Api.Client.Tests/Integration/AuthorizationServiceIntegrationTests.cs(19,0): at ClickUp.Api.Client.Tests.Integration.AuthorizationServiceIntegrationTests..ctor(ITestOutputHelper output)
[xUnit.net 00:00:00.53]            at InvokeStub_AuthorizationServiceIntegrationTests..ctor(Object, Span`1)
[xUnit.net 00:00:00.53]            at System.Reflection.MethodBaseInvoker.InvokeWithOneArg(Object obj, BindingFlags invokeAttr, Binder binder, Object[] parameters, CultureInfo culture)
[xUnit.net 00:00:00.53]       System.InvalidOperationException : ClickUp API PersonalAccessToken not configured for integration tests. Set via User Secrets (e.g., 'ClickUpApi:PersonalAccessToken') or Environment Variables (e.g., 'ClickUpApi__PersonalAccessToken').
[xUnit.net 00:00:00.53]       Stack Trace:
[xUnit.net 00:00:00.53]         /app/src/ClickUp.Api.Client.Tests/Integration/IntegrationTestBase.cs(28,0): at ClickUp.Api.Client.Tests.Integration.IntegrationTestBase..ctor()
[xUnit.net 00:00:00.53]         /app/src/ClickUp.Api.Client.Tests/Integration/AuthorizationServiceIntegrationTests.cs(19,0): at ClickUp.Api.Client.Tests.Integration.AuthorizationServiceIntegrationTests..ctor(ITestOutputHelper output)
[xUnit.net 00:00:00.53]            at InvokeStub_AuthorizationServiceIntegrationTests..ctor(Object, Span`1)
[xUnit.net 00:00:00.53]            at System.Reflection.MethodBaseInvoker.InvokeWithOneArg(Object obj, BindingFlags invokeAttr, Binder binder, Object[] parameters, CultureInfo culture)
[xUnit.net 00:00:02.10]   Finished:    ClickUp.Api.Client.Tests
</StdOut>
    </Output>
    <RunInfos>
      <RunInfo computerName="devbox" outcome="Error" timestamp="2025-06-24T03:53:50.8640238+00:00">
        <Text>[xUnit.net 00:00:00.52]     ClickUp.Api.Client.Tests.Integration.AuthorizationServiceIntegrationTests.GetAuthorizedWorkspacesAsync_WithValidToken_ReturnsWorkspaces [FAIL]</Text>
      </RunInfo>
      <RunInfo computerName="devbox" outcome="Error" timestamp="2025-06-24T03:53:50.8746346+00:00">
        <Text>[xUnit.net 00:00:00.53]     ClickUp.Api.Client.Tests.Integration.AuthorizationServiceIntegrationTests.GetAuthorizedUserAsync_WithInvalidToken_ThrowsClickUpApiAuthenticationException [FAIL]</Text>
      </RunInfo>
      <RunInfo computerName="devbox" outcome="Error" timestamp="2025-06-24T03:53:50.8755699+00:00">
        <Text>[xUnit.net 00:00:00.53]     ClickUp.Api.Client.Tests.Integration.AuthorizationServiceIntegrationTests.GetAuthorizedUserAsync_WithValidToken_ReturnsUser [FAIL]</Text>
      </RunInfo>
    </RunInfos>
  </ResultSummary>
</TestRun>