<?xml version="1.0" encoding="utf-8"?>
<TestRun id="67cac2d8-55fa-488a-8e87-de01861beebb" name="@devbox 2025-06-23 16:17:45" xmlns="http://microsoft.com/schemas/VisualStudio/TeamTest/2010">
  <Times creation="2025-06-23T16:17:45.2783340+00:00" queuing="2025-06-23T16:17:45.2783341+00:00" start="2025-06-23T16:17:43.4536396+00:00" finish="2025-06-23T16:17:46.7865518+00:00" />
  <TestSettings name="default" id="5bf2f16c-260d-45bb-8042-df9a6d32262f">
    <Deployment runDeploymentRoot="_devbox_2025-06-23_16_17_45" />
  </TestSettings>
  <Results>
    <UnitTestResult executionId="f2484fe5-dfa6-42a4-91e4-7a91b40b3295" testId="f5c38650-c831-2729-550b-94e2b2333058" testName="ClickUp.Api.Client.Tests.ServiceTests.GoalsServiceTests.UpdateGoalAsync_ValidRequest_CallsPutAndReturnsGoal" computerName="devbox" duration="00:00:00.0069475" startTime="2025-06-23T16:17:46.3106524+00:00" endTime="2025-06-23T16:17:46.3106525+00:00" testType="13cdc9d9-ddb5-4fa4-a97d-d965ccfc6d4b" outcome="Passed" testListId="8c84fa94-04c1-424b-9868-57a2d4851a1d" relativeResultsDirectory="f2484fe5-dfa6-42a4-91e4-7a91b40b3295" />
    <UnitTestResult executionId="9b53cae7-1c9e-47bb-8c0c-689ec4406a13" testId="10d6ca3f-1b9d-a635-ebd2-3e7bab601eee" testName="ClickUp.Api.Client.Tests.ServiceTests.ChatServiceTests.GetChatMessageReactionsAsync_ApiError_ThrowsHttpRequestException" computerName="devbox" duration="00:00:00.0022352" startTime="2025-06-23T16:17:45.4027558+00:00" endTime="2025-06-23T16:17:45.4027559+00:00" testType="13cdc9d9-ddb5-4fa4-a97d-d965ccfc6d4b" outcome="Passed" testListId="8c84fa94-04c1-424b-9868-57a2d4851a1d" relativeResultsDirectory="9b53cae7-1c9e-47bb-8c0c-689ec4406a13" />
    <UnitTestResult executionId="baccea51-515c-41ef-934a-7672b791d1a2" testId="3cfecb8b-b415-0e78-489d-03f2ecb5cea0" testName="ClickUp.Api.Client.Tests.ServiceTests.WebhooksServiceTests.CreateWebhookAsync_ApiReturnsNullResponse_ThrowsInvalidOperationException" computerName="devbox" duration="00:00:00.0089488" startTime="2025-06-23T16:17:46.4837188+00:00" endTime="2025-06-23T16:17:46.4837189+00:00" testType="13cdc9d9-ddb5-4fa4-a97d-d965ccfc6d4b" outcome="Passed" testListId="8c84fa94-04c1-424b-9868-57a2d4851a1d" relativeResultsDirectory="baccea51-515c-41ef-934a-7672b791d1a2" />
    <UnitTestResult executionId="d751c5ae-baad-4aa4-b583-d8851a31d81a" testId="f13914a9-e3c4-4f53-b448-c11020d7474c" testName="ClickUp.Api.Client.Tests.ServiceTests.ListsServiceTests.CreateListInFolderAsync_ApiConnectionThrowsHttpRequestException_PropagatesException" computerName="devbox" duration="00:00:00.0079423" startTime="2025-06-23T16:17:46.1327638+00:00" endTime="2025-06-23T16:17:46.1327639+00:00" testType="13cdc9d9-ddb5-4fa4-a97d-d965ccfc6d4b" outcome="Passed" testListId="8c84fa94-04c1-424b-9868-57a2d4851a1d" relativeResultsDirectory="d751c5ae-baad-4aa4-b583-d8851a31d81a" />
    <UnitTestResult executionId="fc03ed3c-ff2d-4a6c-9ee8-5446084cd189" testId="31498882-c4bb-afb1-0108-356ab9517aeb" testName="ClickUp.Api.Client.Tests.ServiceTests.WebhooksServiceTests.UpdateWebhookAsync_PassesCancellationTokenToApiConnection" computerName="devbox" duration="00:00:00.0055550" startTime="2025-06-23T16:17:46.4073871+00:00" endTime="2025-06-23T16:17:46.4073872+00:00" testType="13cdc9d9-ddb5-4fa4-a97d-d965ccfc6d4b" outcome="Passed" testListId="8c84fa94-04c1-424b-9868-57a2d4851a1d" relativeResultsDirectory="fc03ed3c-ff2d-4a6c-9ee8-5446084cd189" />
    <UnitTestResult executionId="fb6ca3b2-85da-4d4a-80a7-f12b26800eb0" testId="f1e36961-5c37-364c-023d-e92ca8cc1274" testName="ClickUp.Api.Client.Tests.ServiceTests.ListsServiceTests.RemoveTaskFromListAsync_PassesCancellationTokenToApiConnection" computerName="devbox" duration="00:00:00.0053438" startTime="2025-06-23T16:17:46.6653974+00:00" endTime="2025-06-23T16:17:46.6653976+00:00" testType="13cdc9d9-ddb5-4fa4-a97d-d965ccfc6d4b" outcome="Passed" testListId="8c84fa94-04c1-424b-9868-57a2d4851a1d" relativeResultsDirectory="fb6ca3b2-85da-4d4a-80a7-f12b26800eb0" />
    <UnitTestResult executionId="5f2533b8-f411-442a-b21d-0bb0d667d04b" testId="2a0ee772-d72f-6d38-8859-f5a918be0ff7" testName="ClickUp.Api.Client.Tests.ServiceTests.TimeTrackingServiceTests.CreateTimeEntryAsync_ValidRequest_ReturnsTimeEntry" computerName="devbox" duration="00:00:00.0218965" startTime="2025-06-23T16:17:46.6260801+00:00" endTime="2025-06-23T16:17:46.6260801+00:00" testType="13cdc9d9-ddb5-4fa4-a97d-d965ccfc6d4b" outcome="Passed" testListId="8c84fa94-04c1-424b-9868-57a2d4851a1d" relativeResultsDirectory="5f2533b8-f411-442a-b21d-0bb0d667d04b" />
    <UnitTestResult executionId="275aabd6-feb3-449b-b4d9-24f158079fe1" testId="d0eb5381-36bb-6765-acec-28e247a9a321" testName="ClickUp.Api.Client.Tests.ServiceTests.AttachmentsServiceTests.CreateTaskAttachmentAsync_ValidInput_CallsApiConnectionPostMultipartAsync" computerName="devbox" duration="00:00:00.0081399" startTime="2025-06-23T16:17:46.1406656+00:00" endTime="2025-06-23T16:17:46.1406657+00:00" testType="13cdc9d9-ddb5-4fa4-a97d-d965ccfc6d4b" outcome="Passed" testListId="8c84fa94-04c1-424b-9868-57a2d4851a1d" relativeResultsDirectory="275aabd6-feb3-449b-b4d9-24f158079fe1" />
    <UnitTestResult executionId="add7a937-cdee-40aa-bd7a-abbf3e6545a4" testId="eada2816-e2a5-7237-2f8a-db27e9f63065" testName="ClickUp.Api.Client.Tests.ServiceTests.DocsServiceTests.CreatePageAsync_ApiError_ThrowsHttpRequestException" computerName="devbox" duration="00:00:00.0027361" startTime="2025-06-23T16:17:45.6437796+00:00" endTime="2025-06-23T16:17:45.6437799+00:00" testType="13cdc9d9-ddb5-4fa4-a97d-d965ccfc6d4b" outcome="Passed" testListId="8c84fa94-04c1-424b-9868-57a2d4851a1d" relativeResultsDirectory="add7a937-cdee-40aa-bd7a-abbf3e6545a4" />
    <UnitTestResult executionId="1c62b692-4894-4424-8fa9-7c07f27ca6fa" testId="331cbfad-34a4-b13c-ed64-42a3230ef7f4" testName="ClickUp.Api.Client.Tests.ServiceTests.GuestsServiceTests.AddGuestToTaskAsync_ApiError_ThrowsHttpRequestException" computerName="devbox" duration="00:00:00.0026563" startTime="2025-06-23T16:17:45.4528837+00:00" endTime="2025-06-23T16:17:45.4528838+00:00" testType="13cdc9d9-ddb5-4fa4-a97d-d965ccfc6d4b" outcome="Passed" testListId="8c84fa94-04c1-424b-9868-57a2d4851a1d" relativeResultsDirectory="1c62b692-4894-4424-8fa9-7c07f27ca6fa" />
    <UnitTestResult executionId="d81b531e-1b99-47b9-9e3b-4122591a351b" testId="8c1ea02a-7c9b-6e5c-1358-475fd593bfdd" testName="ClickUp.Api.Client.Tests.ServiceTests.ListsServiceTests.GetFolderlessListsAsyncEnumerableAsync_ReturnsAllLists_WhenMultiplePages" computerName="devbox" duration="00:00:00.0121841" startTime="2025-06-23T16:17:46.5830726+00:00" endTime="2025-06-23T16:17:46.5830728+00:00" testType="13cdc9d9-ddb5-4fa4-a97d-d965ccfc6d4b" outcome="Passed" testListId="8c84fa94-04c1-424b-9868-57a2d4851a1d" relativeResultsDirectory="d81b531e-1b99-47b9-9e3b-4122591a351b" />
    <UnitTestResult executionId="be3ed8b4-93af-4c04-9a75-73954ca76d0a" testId="25faf64c-8253-d4a5-f991-33a0ca358e80" testName="ClickUp.Api.Client.Tests.ServiceTests.GuestsServiceTests.RemoveGuestFromFolderAsync_ValidRequest_CallsDeleteAndReturnsGuest" computerName="devbox" duration="00:00:00.0047645" startTime="2025-06-23T16:17:45.4268929+00:00" endTime="2025-06-23T16:17:45.4268930+00:00" testType="13cdc9d9-ddb5-4fa4-a97d-d965ccfc6d4b" outcome="Passed" testListId="8c84fa94-04c1-424b-9868-57a2d4851a1d" relativeResultsDirectory="be3ed8b4-93af-4c04-9a75-73954ca76d0a" />
    <UnitTestResult executionId="653b8979-273f-4300-8666-a2fd84d99cad" testId="40dbcff3-94ed-953c-0b76-876807c0eb6e" testName="ClickUp.Api.Client.Tests.Models.Entities.CustomFieldValueTests.Deserialize_LocationFieldValue_Correctly" computerName="devbox" duration="00:00:00.0141505" startTime="2025-06-23T16:17:46.0210551+00:00" endTime="2025-06-23T16:17:46.0210552+00:00" testType="13cdc9d9-ddb5-4fa4-a97d-d965ccfc6d4b" outcome="Passed" testListId="8c84fa94-04c1-424b-9868-57a2d4851a1d" relativeResultsDirectory="653b8979-273f-4300-8666-a2fd84d99cad" />
    <UnitTestResult executionId="2917b6c2-73f2-487e-aaab-c7dec6ff6840" testId="a705d7b1-9f2a-33f9-8926-8e198d0223f0" testName="ClickUp.Api.Client.Tests.ServiceTests.ViewsServiceTests.DeleteViewAsync_ValidViewId_CallsDeleteAndCompletes" computerName="devbox" duration="00:00:00.0102050" startTime="2025-06-23T16:17:45.2436365+00:00" endTime="2025-06-23T16:17:45.2436366+00:00" testType="13cdc9d9-ddb5-4fa4-a97d-d965ccfc6d4b" outcome="Passed" testListId="8c84fa94-04c1-424b-9868-57a2d4851a1d" relativeResultsDirectory="2917b6c2-73f2-487e-aaab-c7dec6ff6840" />
    <UnitTestResult executionId="32d7afb7-677e-42d3-80fb-e0eae964a4b1" testId="076a7cae-ff68-768e-055a-6ca2111b4d3e" testName="ClickUp.Api.Client.Tests.ServiceTests.TimeTrackingServiceTests.RemoveTagsFromTimeEntriesAsync_ApiConnectionThrowsHttpRequestException_PropagatesException" computerName="devbox" duration="00:00:00.0038471" startTime="2025-06-23T16:17:46.5916732+00:00" endTime="2025-06-23T16:17:46.5916733+00:00" testType="13cdc9d9-ddb5-4fa4-a97d-d965ccfc6d4b" outcome="Passed" testListId="8c84fa94-04c1-424b-9868-57a2d4851a1d" relativeResultsDirectory="32d7afb7-677e-42d3-80fb-e0eae964a4b1" />
    <UnitTestResult executionId="6a4d23b2-6f58-452a-b1e3-5e57b5471030" testId="355387e6-3446-3780-0dcb-9de2799ba29b" testName="ClickUp.Api.Client.Tests.ServiceTests.DocsServiceTests.GetPageAsync_NullResponse_ThrowsInvalidOperationException" computerName="devbox" duration="00:00:00.0017618" startTime="2025-06-23T16:17:45.6338332+00:00" endTime="2025-06-23T16:17:45.6338333+00:00" testType="13cdc9d9-ddb5-4fa4-a97d-d965ccfc6d4b" outcome="Passed" testListId="8c84fa94-04c1-424b-9868-57a2d4851a1d" relativeResultsDirectory="6a4d23b2-6f58-452a-b1e3-5e57b5471030" />
    <UnitTestResult executionId="f684e250-b338-43c9-ba73-b9ce8a8abb5d" testId="14dbe8ff-b862-5633-193b-df6fb0fc63d4" testName="ClickUp.Api.Client.Tests.ServiceTests.CommentServiceTests.GetThreadedCommentsAsync_ApiConnectionThrowsTaskCanceledException_PropagatesException" computerName="devbox" duration="00:00:00.0036388" startTime="2025-06-23T16:17:46.1622479+00:00" endTime="2025-06-23T16:17:46.1622481+00:00" testType="13cdc9d9-ddb5-4fa4-a97d-d965ccfc6d4b" outcome="Passed" testListId="8c84fa94-04c1-424b-9868-57a2d4851a1d" relativeResultsDirectory="f684e250-b338-43c9-ba73-b9ce8a8abb5d" />
    <UnitTestResult executionId="aee5fc8d-8a79-4a19-a385-694d0c37b382" testId="d7e51438-6f10-ba0d-c97e-e1b550ea3b42" testName="ClickUp.Api.Client.Tests.ServiceTests.ListsServiceTests.UpdateListAsync_ValidRequest_ReturnsUpdatedList" computerName="devbox" duration="00:00:00.0054288" startTime="2025-06-23T16:17:46.5473330+00:00" endTime="2025-06-23T16:17:46.5473331+00:00" testType="13cdc9d9-ddb5-4fa4-a97d-d965ccfc6d4b" outcome="Passed" testListId="8c84fa94-04c1-424b-9868-57a2d4851a1d" relativeResultsDirectory="aee5fc8d-8a79-4a19-a385-694d0c37b382" />
    <UnitTestResult executionId="33d512d8-3288-4a03-9b13-be18f72403d4" testId="ebe3ced5-0003-1568-37be-eabc6ff009c2" testName="ClickUp.Api.Client.Tests.ServiceTests.CommentServiceTests.GetListCommentsStreamAsync_IAsyncEnumerable_HandlesApiError" computerName="devbox" duration="00:00:00.0169857" startTime="2025-06-23T16:17:45.8508443+00:00" endTime="2025-06-23T16:17:45.8508444+00:00" testType="13cdc9d9-ddb5-4fa4-a97d-d965ccfc6d4b" outcome="Passed" testListId="8c84fa94-04c1-424b-9868-57a2d4851a1d" relativeResultsDirectory="33d512d8-3288-4a03-9b13-be18f72403d4" />
    <UnitTestResult executionId="086134b6-6c92-463f-8e29-5792cc2a567e" testId="fa2c12ce-c436-1daf-ffc0-e83345703f4e" testName="ClickUp.Api.Client.Tests.ServiceTests.FoldersServiceTests.DeleteFolderAsync_ApiError_ThrowsHttpRequestException" computerName="devbox" duration="00:00:00.0036607" startTime="2025-06-23T16:17:45.8854390+00:00" endTime="2025-06-23T16:17:45.8854391+00:00" testType="13cdc9d9-ddb5-4fa4-a97d-d965ccfc6d4b" outcome="Passed" testListId="8c84fa94-04c1-424b-9868-57a2d4851a1d" relativeResultsDirectory="086134b6-6c92-463f-8e29-5792cc2a567e" />
    <UnitTestResult executionId="8d4c326f-b77c-447e-941a-d583f64db42a" testId="4fdfaee4-1cf0-2001-bcdf-3109cca39e60" testName="ClickUp.Api.Client.Tests.ServiceTests.ChatServiceTests.CreateChatMessageAsync_NullResponse_ThrowsInvalidOperationException" computerName="devbox" duration="00:00:00.0065391" startTime="2025-06-23T16:17:45.2747274+00:00" endTime="2025-06-23T16:17:45.2747276+00:00" testType="13cdc9d9-ddb5-4fa4-a97d-d965ccfc6d4b" outcome="Passed" testListId="8c84fa94-04c1-424b-9868-57a2d4851a1d" relativeResultsDirectory="8d4c326f-b77c-447e-941a-d583f64db42a" />
    <UnitTestResult executionId="6a6c44ed-f6f7-4927-8d2f-ffe9ad93e652" testId="6c39e4a4-4987-60d6-4adb-08817185965c" testName="ClickUp.Api.Client.Tests.ServiceTests.AuthorizationServiceTests.GetAccessTokenAsync_ApiConnectionReturnsNull_ReturnsNull" computerName="devbox" duration="00:00:00.0018303" startTime="2025-06-23T16:17:45.2459444+00:00" endTime="2025-06-23T16:17:45.2459444+00:00" testType="13cdc9d9-ddb5-4fa4-a97d-d965ccfc6d4b" outcome="Passed" testListId="8c84fa94-04c1-424b-9868-57a2d4851a1d" relativeResultsDirectory="6a6c44ed-f6f7-4927-8d2f-ffe9ad93e652" />
    <UnitTestResult executionId="0894c2a1-9a2d-4d7d-b126-3f44066dcbc9" testId="c9d05bfe-c5f5-b0ae-ecec-cac77b7363df" testName="ClickUp.Api.Client.Tests.ServiceTests.TimeTrackingServiceTests.DeleteTimeEntryAsync_ApiConnectionThrowsTaskCanceledException_PropagatesException" computerName="devbox" duration="00:00:00.0021279" startTime="2025-06-23T16:17:46.5038916+00:00" endTime="2025-06-23T16:17:46.5038917+00:00" testType="13cdc9d9-ddb5-4fa4-a97d-d965ccfc6d4b" outcome="Passed" testListId="8c84fa94-04c1-424b-9868-57a2d4851a1d" relativeResultsDirectory="0894c2a1-9a2d-4d7d-b126-3f44066dcbc9" />
    <UnitTestResult executionId="36f80146-f917-4cf5-869a-e7f7b01268c1" testId="c5fae893-eb66-6e9d-af0b-8952ca2daecc" testName="ClickUp.Api.Client.Tests.ServiceTests.ListsServiceTests.GetListAsync_ApiConnectionThrowsHttpRequestException_PropagatesException" computerName="devbox" duration="00:00:00.0158229" startTime="2025-06-23T16:17:46.0599499+00:00" endTime="2025-06-23T16:17:46.0599500+00:00" testType="13cdc9d9-ddb5-4fa4-a97d-d965ccfc6d4b" outcome="Passed" testListId="8c84fa94-04c1-424b-9868-57a2d4851a1d" relativeResultsDirectory="36f80146-f917-4cf5-869a-e7f7b01268c1" />
    <UnitTestResult executionId="ed5156d0-8cc6-4e85-ba4d-43a2376d3649" testId="a7ce0cf7-cff4-9872-af69-4eef992b93b8" testName="ClickUp.Api.Client.Tests.ServiceTests.TimeTrackingServiceTests.GetTimeEntryHistoryAsync_ApiConnectionThrowsTaskCanceledException_PropagatesException" computerName="devbox" duration="00:00:00.0017661" startTime="2025-06-23T16:17:46.4201338+00:00" endTime="2025-06-23T16:17:46.4201339+00:00" testType="13cdc9d9-ddb5-4fa4-a97d-d965ccfc6d4b" outcome="Passed" testListId="8c84fa94-04c1-424b-9868-57a2d4851a1d" relativeResultsDirectory="ed5156d0-8cc6-4e85-ba4d-43a2376d3649" />
    <UnitTestResult executionId="297697e1-e9c3-44c9-90fe-d191fa52136b" testId="9415dd1f-0072-fe71-547a-377104a39855" testName="ClickUp.Api.Client.Tests.ServiceTests.WorkspacesServiceTests.GetWorkspacePlanAsync_PassesCancellationTokenToApiConnection" computerName="devbox" duration="00:00:00.0066349" startTime="2025-06-23T16:17:45.2210877+00:00" endTime="2025-06-23T16:17:45.2210878+00:00" testType="13cdc9d9-ddb5-4fa4-a97d-d965ccfc6d4b" outcome="Passed" testListId="8c84fa94-04c1-424b-9868-57a2d4851a1d" relativeResultsDirectory="297697e1-e9c3-44c9-90fe-d191fa52136b" />
    <UnitTestResult executionId="5330c2bb-d893-470f-8169-924d8c61ba94" testId="ed8a8a24-2be7-0e16-87d4-1576115f9184" testName="ClickUp.Api.Client.Tests.ServiceTests.ChatServiceTests.CreateChatMessageAsync_ApiError_ThrowsHttpRequestException" computerName="devbox" duration="00:00:00.0049790" startTime="2025-06-23T16:17:45.4441971+00:00" endTime="2025-06-23T16:17:45.4441972+00:00" testType="13cdc9d9-ddb5-4fa4-a97d-d965ccfc6d4b" outcome="Passed" testListId="8c84fa94-04c1-424b-9868-57a2d4851a1d" relativeResultsDirectory="5330c2bb-d893-470f-8169-924d8c61ba94" />
    <UnitTestResult executionId="f191ea77-a325-483d-9a34-a45a64331f0a" testId="96fca06f-0569-a7af-f21c-69e7c495e6cb" testName="ClickUp.Api.Client.Tests.ServiceTests.WorkspacesServiceTests.GetWorkspaceSeatsAsync_ApiConnectionThrowsTaskCanceledException_PropagatesException" computerName="devbox" duration="00:00:00.0026759" startTime="2025-06-23T16:17:45.2208695+00:00" endTime="2025-06-23T16:17:45.2208696+00:00" testType="13cdc9d9-ddb5-4fa4-a97d-d965ccfc6d4b" outcome="Passed" testListId="8c84fa94-04c1-424b-9868-57a2d4851a1d" relativeResultsDirectory="f191ea77-a325-483d-9a34-a45a64331f0a" />
    <UnitTestResult executionId="fb079ae2-7688-41fe-a33c-3dc26d382863" testId="1333ae30-e539-8125-0fa9-c7d494b55731" testName="ClickUp.Api.Client.Tests.ServiceTests.TaskRelationshipsServiceTests.AddTaskLinkAsync_ApiReturnsNullResponse_ReturnsNull" computerName="devbox" duration="00:00:00.0044923" startTime="2025-06-23T16:17:45.2541849+00:00" endTime="2025-06-23T16:17:45.2541850+00:00" testType="13cdc9d9-ddb5-4fa4-a97d-d965ccfc6d4b" outcome="Passed" testListId="8c84fa94-04c1-424b-9868-57a2d4851a1d" relativeResultsDirectory="fb079ae2-7688-41fe-a33c-3dc26d382863" />
    <UnitTestResult executionId="6ed2ecef-1c4d-43d2-b6b4-da20031b4f2b" testId="4c39326c-e2d5-a8eb-9323-ce9f4058bba1" testName="ClickUp.Api.Client.Tests.ServiceTests.TagsServiceTests.EditSpaceTagAsync_ApiConnectionThrowsTaskCanceledException_PropagatesException" computerName="devbox" duration="00:00:00.0073500" startTime="2025-06-23T16:17:45.7548741+00:00" endTime="2025-06-23T16:17:45.7548742+00:00" testType="13cdc9d9-ddb5-4fa4-a97d-d965ccfc6d4b" outcome="Passed" testListId="8c84fa94-04c1-424b-9868-57a2d4851a1d" relativeResultsDirectory="6ed2ecef-1c4d-43d2-b6b4-da20031b4f2b" />
    <UnitTestResult executionId="fe2bb34c-756b-49fb-aed1-6d9db32692af" testId="f72762c7-a54f-ad5e-19cd-19742e6bb18c" testName="ClickUp.Api.Client.Tests.ServiceTests.TimeTrackingServiceTests.StartTimeEntryAsync_ValidRequest_ReturnsStartedTimeEntry" computerName="devbox" duration="00:00:00.0048849" startTime="2025-06-23T16:17:46.5576099+00:00" endTime="2025-06-23T16:17:46.5576100+00:00" testType="13cdc9d9-ddb5-4fa4-a97d-d965ccfc6d4b" outcome="Passed" testListId="8c84fa94-04c1-424b-9868-57a2d4851a1d" relativeResultsDirectory="fe2bb34c-756b-49fb-aed1-6d9db32692af" />
    <UnitTestResult executionId="b153705a-a934-4bc2-8caa-6887e73862d7" testId="c53c3423-ff8d-701c-7fc4-4700e82a795f" testName="ClickUp.Api.Client.Tests.ServiceTests.TimeTrackingServiceTests.GetAllTimeEntryTagsAsync_ApiConnectionThrowsHttpRequestException_PropagatesException" computerName="devbox" duration="00:00:00.0019749" startTime="2025-06-23T16:17:46.5596446+00:00" endTime="2025-06-23T16:17:46.5596447+00:00" testType="13cdc9d9-ddb5-4fa4-a97d-d965ccfc6d4b" outcome="Passed" testListId="8c84fa94-04c1-424b-9868-57a2d4851a1d" relativeResultsDirectory="b153705a-a934-4bc2-8caa-6887e73862d7" />
    <UnitTestResult executionId="80f858a2-bd97-4221-b78a-9b210b4296c9" testId="411b0de1-1ca4-cd23-455d-a5352764ff19" testName="ClickUp.Api.Client.Tests.ServiceTests.UserGroupServiceTests.CreateUserGroupAsync_ApiConnectionThrowsHttpRequestException_PropagatesException" computerName="devbox" duration="00:00:00.0021463" startTime="2025-06-23T16:17:46.3291144+00:00" endTime="2025-06-23T16:17:46.3291145+00:00" testType="13cdc9d9-ddb5-4fa4-a97d-d965ccfc6d4b" outcome="Passed" testListId="8c84fa94-04c1-424b-9868-57a2d4851a1d" relativeResultsDirectory="80f858a2-bd97-4221-b78a-9b210b4296c9" />
    <UnitTestResult executionId="f18637e7-872d-4465-a55a-e901ed93e572" testId="b2a10411-83ed-06ca-063e-eb5f07ad9002" testName="ClickUp.Api.Client.Tests.ServiceTests.GoalsServiceTests.GetGoalsAsync_ApiReturnsNullResponse_ThrowsInvalidOperationException" computerName="devbox" duration="00:00:00.0026167" startTime="2025-06-23T16:17:46.2999149+00:00" endTime="2025-06-23T16:17:46.2999150+00:00" testType="13cdc9d9-ddb5-4fa4-a97d-d965ccfc6d4b" outcome="Passed" testListId="8c84fa94-04c1-424b-9868-57a2d4851a1d" relativeResultsDirectory="f18637e7-872d-4465-a55a-e901ed93e572" />
    <UnitTestResult executionId="835c941b-94c1-4f8c-bcfa-530b2f64501f" testId="18828e0a-1f2e-2d3b-2a40-f1abd48edfda" testName="ClickUp.Api.Client.Tests.ServiceTests.ChatServiceTests.GetChatMessageTaggedUsersAsync_NullResponse_ThrowsInvalidOperationException" computerName="devbox" duration="00:00:00.0020095" startTime="2025-06-23T16:17:45.4002746+00:00" endTime="2025-06-23T16:17:45.4002748+00:00" testType="13cdc9d9-ddb5-4fa4-a97d-d965ccfc6d4b" outcome="Passed" testListId="8c84fa94-04c1-424b-9868-57a2d4851a1d" relativeResultsDirectory="835c941b-94c1-4f8c-bcfa-530b2f64501f" />
    <UnitTestResult executionId="0c98f6f1-c998-4937-9aaf-e3ba614c0924" testId="b1e407f0-46e9-9ef2-35be-94d64a804f0d" testName="ClickUp.Api.Client.Tests.ServiceTests.UsersServiceTests.GetUserFromWorkspaceAsync_ApiConnectionThrowsHttpRequestException_PropagatesException" computerName="devbox" duration="00:00:00.0039251" startTime="2025-06-23T16:17:46.4059927+00:00" endTime="2025-06-23T16:17:46.4059928+00:00" testType="13cdc9d9-ddb5-4fa4-a97d-d965ccfc6d4b" outcome="Passed" testListId="8c84fa94-04c1-424b-9868-57a2d4851a1d" relativeResultsDirectory="0c98f6f1-c998-4937-9aaf-e3ba614c0924" />
    <UnitTestResult executionId="eaacc5d2-9b5d-4556-b0fb-8855f8022ffd" testId="f94b0515-49d7-5657-5ad1-7dc42f3d780b" testName="ClickUp.Api.Client.Tests.ServiceTests.ChatServiceTests.CreateLocationChatChannelAsync_ApiConnectionThrowsTaskCanceledException_PropagatesException" computerName="devbox" duration="00:00:00.0063839" startTime="2025-06-23T16:17:45.4992264+00:00" endTime="2025-06-23T16:17:45.4992266+00:00" testType="13cdc9d9-ddb5-4fa4-a97d-d965ccfc6d4b" outcome="Passed" testListId="8c84fa94-04c1-424b-9868-57a2d4851a1d" relativeResultsDirectory="eaacc5d2-9b5d-4556-b0fb-8855f8022ffd" />
    <UnitTestResult executionId="12604df5-630e-41bd-98f0-b6c39ef6c1d9" testId="0346062f-313c-4b40-bb4d-c6231b21cb33" testName="ClickUp.Api.Client.Tests.ServiceTests.SpacesServiceTests.GetSpacesAsync_ApiConnectionThrowsHttpRequestException_PropagatesException" computerName="devbox" duration="00:00:00.0099689" startTime="2025-06-23T16:17:45.6534453+00:00" endTime="2025-06-23T16:17:45.6534454+00:00" testType="13cdc9d9-ddb5-4fa4-a97d-d965ccfc6d4b" outcome="Passed" testListId="8c84fa94-04c1-424b-9868-57a2d4851a1d" relativeResultsDirectory="12604df5-630e-41bd-98f0-b6c39ef6c1d9" />
    <UnitTestResult executionId="9692a6a0-3212-442b-8fc8-12348d1ac8db" testId="93e6c0ab-b688-6883-87ad-6413f17bbf57" testName="ClickUp.Api.Client.Tests.ServiceTests.RolesServiceTests.GetCustomRolesAsync_PassesCancellationTokenToApiConnection" computerName="devbox" duration="00:00:00.0088166" startTime="2025-06-23T16:17:46.3335858+00:00" endTime="2025-06-23T16:17:46.3335859+00:00" testType="13cdc9d9-ddb5-4fa4-a97d-d965ccfc6d4b" outcome="Passed" testListId="8c84fa94-04c1-424b-9868-57a2d4851a1d" relativeResultsDirectory="9692a6a0-3212-442b-8fc8-12348d1ac8db" />
    <UnitTestResult executionId="6486aaad-1312-4772-ba20-9683e5f925b8" testId="69b770dc-77c1-875c-bfd5-2824b2a4de2c" testName="ClickUp.Api.Client.Tests.ServiceTests.ViewsServiceTests.GetListViewsAsync_ValidListId_ReturnsViews" computerName="devbox" duration="00:00:00.0067100" startTime="2025-06-23T16:17:45.2454122+00:00" endTime="2025-06-23T16:17:45.2454123+00:00" testType="13cdc9d9-ddb5-4fa4-a97d-d965ccfc6d4b" outcome="Passed" testListId="8c84fa94-04c1-424b-9868-57a2d4851a1d" relativeResultsDirectory="6486aaad-1312-4772-ba20-9683e5f925b8" />
    <UnitTestResult executionId="258e8030-8460-4c75-9c29-b9ff868ce9fd" testId="d025fa76-f572-e920-4bb6-547123fdc357" testName="ClickUp.Api.Client.Tests.ServiceTests.UsersServiceTests.GetUserFromWorkspaceAsync_PassesCancellationTokenToApiConnection" computerName="devbox" duration="00:00:00.0063263" startTime="2025-06-23T16:17:46.4438647+00:00" endTime="2025-06-23T16:17:46.4438648+00:00" testType="13cdc9d9-ddb5-4fa4-a97d-d965ccfc6d4b" outcome="Passed" testListId="8c84fa94-04c1-424b-9868-57a2d4851a1d" relativeResultsDirectory="258e8030-8460-4c75-9c29-b9ff868ce9fd" />
    <UnitTestResult executionId="2a2ad1f3-6cfe-4ab1-b454-caf94a4fea36" testId="53dc6fcd-4add-8508-6be8-e34134b4bcde" testName="ClickUp.Api.Client.Tests.ServiceTests.TimeTrackingServiceTests.StopTimeEntryAsync_ApiReturnsNullResponse_ThrowsInvalidOperationException" computerName="devbox" duration="00:00:00.0022883" startTime="2025-06-23T16:17:46.5619994+00:00" endTime="2025-06-23T16:17:46.5619995+00:00" testType="13cdc9d9-ddb5-4fa4-a97d-d965ccfc6d4b" outcome="Passed" testListId="8c84fa94-04c1-424b-9868-57a2d4851a1d" relativeResultsDirectory="2a2ad1f3-6cfe-4ab1-b454-caf94a4fea36" />
    <UnitTestResult executionId="e2d3f8f1-a67c-4620-8462-e90edf991d0d" testId="a08932a6-9369-c308-ac78-803254710165" testName="ClickUp.Api.Client.Tests.ServiceTests.GuestsServiceTests.EditGuestOnWorkspaceAsync_ValidRequest_CallsPutAndReturnsGuest" computerName="devbox" duration="00:00:00.0091632" startTime="2025-06-23T16:17:45.5115686+00:00" endTime="2025-06-23T16:17:45.5115687+00:00" testType="13cdc9d9-ddb5-4fa4-a97d-d965ccfc6d4b" outcome="Passed" testListId="8c84fa94-04c1-424b-9868-57a2d4851a1d" relativeResultsDirectory="e2d3f8f1-a67c-4620-8462-e90edf991d0d" />
    <UnitTestResult executionId="ab5bd652-5104-40b9-9af0-6596bc1ecc47" testId="675e2670-8de8-d481-d98d-0e72193293be" testName="ClickUp.Api.Client.Tests.ServiceTests.CustomFieldsServiceTests.SetCustomFieldValueAsync_ApiError_ThrowsHttpRequestException" computerName="devbox" duration="00:00:00.0050036" startTime="2025-06-23T16:17:45.3099691+00:00" endTime="2025-06-23T16:17:45.3099692+00:00" testType="13cdc9d9-ddb5-4fa4-a97d-d965ccfc6d4b" outcome="Passed" testListId="8c84fa94-04c1-424b-9868-57a2d4851a1d" relativeResultsDirectory="ab5bd652-5104-40b9-9af0-6596bc1ecc47" />
    <UnitTestResult executionId="d20bc665-2d63-4fbf-9f84-0ef63480edbc" testId="6713f5db-229f-650d-5241-8148618d3899" testName="ClickUp.Api.Client.Tests.ServiceTests.ListsServiceTests.GetFolderlessListsAsync_WithArchivedTrue_BuildsCorrectUrl" computerName="devbox" duration="00:00:00.0021613" startTime="2025-06-23T16:17:46.6951347+00:00" endTime="2025-06-23T16:17:46.6951348+00:00" testType="13cdc9d9-ddb5-4fa4-a97d-d965ccfc6d4b" outcome="Passed" testListId="8c84fa94-04c1-424b-9868-57a2d4851a1d" relativeResultsDirectory="d20bc665-2d63-4fbf-9f84-0ef63480edbc" />
    <UnitTestResult executionId="42401ed1-9ef7-4a64-9280-fdf3812edf1c" testId="0a390555-c9c5-c6e7-4311-a72571d7438f" testName="ClickUp.Api.Client.Tests.ServiceTests.GuestsServiceTests.AddGuestToTaskAsync_PassesCancellationTokenToApiConnection" computerName="devbox" duration="00:00:00.0054466" startTime="2025-06-23T16:17:45.4584099+00:00" endTime="2025-06-23T16:17:45.4584100+00:00" testType="13cdc9d9-ddb5-4fa4-a97d-d965ccfc6d4b" outcome="Passed" testListId="8c84fa94-04c1-424b-9868-57a2d4851a1d" relativeResultsDirectory="42401ed1-9ef7-4a64-9280-fdf3812edf1c" />
    <UnitTestResult executionId="a740d22a-1558-4da9-a55e-f3cc17fc2842" testId="c061e405-883c-9658-5a6e-a7bf565667ac" testName="ClickUp.Api.Client.Tests.ServiceTests.GoalsServiceTests.UpdateGoalAsync_ApiError_ThrowsHttpRequestException" computerName="devbox" duration="00:00:00.0079528" startTime="2025-06-23T16:17:46.3336561+00:00" endTime="2025-06-23T16:17:46.3336562+00:00" testType="13cdc9d9-ddb5-4fa4-a97d-d965ccfc6d4b" outcome="Passed" testListId="8c84fa94-04c1-424b-9868-57a2d4851a1d" relativeResultsDirectory="a740d22a-1558-4da9-a55e-f3cc17fc2842" />
    <UnitTestResult executionId="71f25e29-6b0f-494b-8480-a3a7738b9dfa" testId="85c18ef7-be83-6afe-381b-b8c0e3e1a67a" testName="ClickUp.Api.Client.Tests.ServiceTests.CommentServiceTests.CreateChatViewCommentAsync_PassesCancellationTokenToApiConnection" computerName="devbox" duration="00:00:00.0121522" startTime="2025-06-23T16:17:45.9776693+00:00" endTime="2025-06-23T16:17:45.9776695+00:00" testType="13cdc9d9-ddb5-4fa4-a97d-d965ccfc6d4b" outcome="Passed" testListId="8c84fa94-04c1-424b-9868-57a2d4851a1d" relativeResultsDirectory="71f25e29-6b0f-494b-8480-a3a7738b9dfa" />
    <UnitTestResult executionId="0013b4fb-7b1b-4320-b5c3-37ac0ddd4370" testId="e95468cf-0e28-32c4-2996-dea959a8d7d5" testName="ClickUp.Api.Client.Tests.ServiceTests.TaskRelationshipsServiceTests.DeleteTaskLinkAsync_PassesCancellationTokenToApiConnection" computerName="devbox" duration="00:00:00.0038420" startTime="2025-06-23T16:17:45.3606541+00:00" endTime="2025-06-23T16:17:45.3606542+00:00" testType="13cdc9d9-ddb5-4fa4-a97d-d965ccfc6d4b" outcome="Passed" testListId="8c84fa94-04c1-424b-9868-57a2d4851a1d" relativeResultsDirectory="0013b4fb-7b1b-4320-b5c3-37ac0ddd4370" />
    <UnitTestResult executionId="10c31cbd-d451-40bd-80b2-7611fe5990ec" testId="f642d3e9-eefa-9249-80a9-6b9eb517faf6" testName="ClickUp.Api.Client.Tests.ServiceTests.SpacesServiceTests.DeleteSpaceAsync_ApiConnectionThrowsHttpRequestException_PropagatesException" computerName="devbox" duration="00:00:00.0060546" startTime="2025-06-23T16:17:45.7089357+00:00" endTime="2025-06-23T16:17:45.7089358+00:00" testType="13cdc9d9-ddb5-4fa4-a97d-d965ccfc6d4b" outcome="Passed" testListId="8c84fa94-04c1-424b-9868-57a2d4851a1d" relativeResultsDirectory="10c31cbd-d451-40bd-80b2-7611fe5990ec" />
    <UnitTestResult executionId="2b31f194-2d20-4bc3-9cb5-41f989325c12" testId="45289421-0910-5184-0d1e-471036646f71" testName="ClickUp.Api.Client.Tests.ServiceTests.ViewsServiceTests.GetSpaceViewsAsync_ThrowsHttpRequestException_WhenApiCallFails" computerName="devbox" duration="00:00:00.0016117" startTime="2025-06-23T16:17:45.2983292+00:00" endTime="2025-06-23T16:17:45.2983293+00:00" testType="13cdc9d9-ddb5-4fa4-a97d-d965ccfc6d4b" outcome="Passed" testListId="8c84fa94-04c1-424b-9868-57a2d4851a1d" relativeResultsDirectory="2b31f194-2d20-4bc3-9cb5-41f989325c12" />
    <UnitTestResult executionId="826cbb46-64a2-476b-93ff-6810622e2d31" testId="4cd07aad-f8b5-25a7-0e51-5fa1fc4c127d" testName="ClickUp.Api.Client.Tests.ServiceTests.GoalsServiceTests.CreateGoalAsync_ValidRequest_CallsPostAndReturnsGoal" computerName="devbox" duration="00:00:00.0048160" startTime="2025-06-23T16:17:46.3808159+00:00" endTime="2025-06-23T16:17:46.3808160+00:00" testType="13cdc9d9-ddb5-4fa4-a97d-d965ccfc6d4b" outcome="Passed" testListId="8c84fa94-04c1-424b-9868-57a2d4851a1d" relativeResultsDirectory="826cbb46-64a2-476b-93ff-6810622e2d31" />
    <UnitTestResult executionId="5fd0ade0-c135-4a85-8a86-3c490a6d8016" testId="98655471-90f4-59e7-525f-c8084b359d9f" testName="ClickUp.Api.Client.Tests.ServiceTests.TemplatesServiceTests.GetTaskTemplatesAsync_PassesCancellationTokenToApiConnection" computerName="devbox" duration="00:00:00.0054411" startTime="2025-06-23T16:17:45.8980521+00:00" endTime="2025-06-23T16:17:45.8980522+00:00" testType="13cdc9d9-ddb5-4fa4-a97d-d965ccfc6d4b" outcome="Passed" testListId="8c84fa94-04c1-424b-9868-57a2d4851a1d" relativeResultsDirectory="5fd0ade0-c135-4a85-8a86-3c490a6d8016" />
    <UnitTestResult executionId="3764d51d-5d28-4d6a-83f1-a30d9385b6e9" testId="12579a38-9224-a534-9694-f9d58779dd93" testName="ClickUp.Api.Client.Tests.ServiceTests.ChatServiceTests.UpdateChatChannelAsync_ApiError_ThrowsHttpRequestException" computerName="devbox" duration="00:00:00.0076546" startTime="2025-06-23T16:17:45.2435284+00:00" endTime="2025-06-23T16:17:45.2435285+00:00" testType="13cdc9d9-ddb5-4fa4-a97d-d965ccfc6d4b" outcome="Passed" testListId="8c84fa94-04c1-424b-9868-57a2d4851a1d" relativeResultsDirectory="3764d51d-5d28-4d6a-83f1-a30d9385b6e9" />
    <UnitTestResult executionId="e969f545-069d-4a60-af03-d978f149d1fd" testId="d0177f6f-6a82-e8fa-e9cf-86d683d38968" testName="ClickUp.Api.Client.Tests.ServiceTests.CommentServiceTests.GetTaskCommentsAsync_IAsyncEnumerable_ReturnsAllComments_WhenMultiplePages" computerName="devbox" duration="00:00:00.0159608" startTime="2025-06-23T16:17:46.1356454+00:00" endTime="2025-06-23T16:17:46.1356455+00:00" testType="13cdc9d9-ddb5-4fa4-a97d-d965ccfc6d4b" outcome="Passed" testListId="8c84fa94-04c1-424b-9868-57a2d4851a1d" relativeResultsDirectory="e969f545-069d-4a60-af03-d978f149d1fd" />
    <UnitTestResult executionId="84d8b056-c1a7-4d8a-a169-d33703d5bc62" testId="50395e0c-0486-8ab3-cfcf-db624913577f" testName="ClickUp.Api.Client.Tests.ServiceTests.TaskRelationshipsServiceTests.DeleteTaskLinkAsync_ApiConnectionThrowsHttpRequestException_PropagatesException" computerName="devbox" duration="00:00:00.0028008" startTime="2025-06-23T16:17:45.2773004+00:00" endTime="2025-06-23T16:17:45.2773004+00:00" testType="13cdc9d9-ddb5-4fa4-a97d-d965ccfc6d4b" outcome="Passed" testListId="8c84fa94-04c1-424b-9868-57a2d4851a1d" relativeResultsDirectory="84d8b056-c1a7-4d8a-a169-d33703d5bc62" />
    <UnitTestResult executionId="95803930-e158-40d6-9479-8654f53360a2" testId="470b8aed-e5b1-0f37-26ba-ad0e6c042ec6" testName="ClickUp.Api.Client.Tests.ServiceTests.ListsServiceTests.AddTaskToListAsync_ApiConnectionThrowsTaskCanceledException_PropagatesException" computerName="devbox" duration="00:00:00.0018723" startTime="2025-06-23T16:17:46.6902933+00:00" endTime="2025-06-23T16:17:46.6902934+00:00" testType="13cdc9d9-ddb5-4fa4-a97d-d965ccfc6d4b" outcome="Passed" testListId="8c84fa94-04c1-424b-9868-57a2d4851a1d" relativeResultsDirectory="95803930-e158-40d6-9479-8654f53360a2" />
    <UnitTestResult executionId="0b00b7a2-f45c-4dc0-a3ef-2fc3c051da3b" testId="590f9a1b-9780-f1dc-efea-f0675586c5c8" testName="ClickUp.Api.Client.Tests.ServiceTests.RolesServiceTests.GetCustomRolesAsync_DefaultIncludeMembers_ConstructsCorrectUrl" computerName="devbox" duration="00:00:00.0049577" startTime="2025-06-23T16:17:46.3427347+00:00" endTime="2025-06-23T16:17:46.3427348+00:00" testType="13cdc9d9-ddb5-4fa4-a97d-d965ccfc6d4b" outcome="Passed" testListId="8c84fa94-04c1-424b-9868-57a2d4851a1d" relativeResultsDirectory="0b00b7a2-f45c-4dc0-a3ef-2fc3c051da3b" />
    <UnitTestResult executionId="0eef1ee9-9f35-4b9c-a06a-f3067c3587e0" testId="b31d7064-e5e6-7fa8-8b45-ebefa2aa8589" testName="ClickUp.Api.Client.Tests.ServiceTests.ChatServiceTests.GetChatChannelMembersAsync_ApiError_ThrowsHttpRequestException" computerName="devbox" duration="00:00:00.0015330" startTime="2025-06-23T16:17:45.2840642+00:00" endTime="2025-06-23T16:17:45.2840642+00:00" testType="13cdc9d9-ddb5-4fa4-a97d-d965ccfc6d4b" outcome="Passed" testListId="8c84fa94-04c1-424b-9868-57a2d4851a1d" relativeResultsDirectory="0eef1ee9-9f35-4b9c-a06a-f3067c3587e0" />
    <UnitTestResult executionId="b41502fc-a293-4b06-9b14-0adfd1888f43" testId="c6cb1ae3-0175-ebe0-cbe2-c8cec6618f3a" testName="ClickUp.Api.Client.Tests.ServiceTests.ListsServiceTests.GetFolderlessListsAsyncEnumerableAsync_HandlesApiError" computerName="devbox" duration="00:00:00.0055426" startTime="2025-06-23T16:17:46.5172554+00:00" endTime="2025-06-23T16:17:46.5172556+00:00" testType="13cdc9d9-ddb5-4fa4-a97d-d965ccfc6d4b" outcome="Passed" testListId="8c84fa94-04c1-424b-9868-57a2d4851a1d" relativeResultsDirectory="b41502fc-a293-4b06-9b14-0adfd1888f43" />
    <UnitTestResult executionId="b1759d46-f95f-452e-8e57-19b2015d325c" testId="e8c9d034-4940-a993-5fdb-45ecf9af63fa" testName="ClickUp.Api.Client.Tests.ServiceTests.TimeTrackingServiceTests.AddTagsToTimeEntriesAsync_PassesCancellationTokenToApiConnection" computerName="devbox" duration="00:00:00.0075140" startTime="2025-06-23T16:17:46.3076412+00:00" endTime="2025-06-23T16:17:46.3076413+00:00" testType="13cdc9d9-ddb5-4fa4-a97d-d965ccfc6d4b" outcome="Passed" testListId="8c84fa94-04c1-424b-9868-57a2d4851a1d" relativeResultsDirectory="b1759d46-f95f-452e-8e57-19b2015d325c" />
    <UnitTestResult executionId="b4bbb577-61a6-4dfd-8232-be315a423315" testId="8c2cdbd3-f4a7-a7fa-ecf6-b0d72688d538" testName="ClickUp.Api.Client.Tests.ServiceTests.CustomFieldsServiceTests.GetSpaceCustomFieldsAsync_PassesCancellationTokenToApiConnection" computerName="devbox" duration="00:00:00.0039864" startTime="2025-06-23T16:17:45.3904301+00:00" endTime="2025-06-23T16:17:45.3904302+00:00" testType="13cdc9d9-ddb5-4fa4-a97d-d965ccfc6d4b" outcome="Passed" testListId="8c84fa94-04c1-424b-9868-57a2d4851a1d" relativeResultsDirectory="b4bbb577-61a6-4dfd-8232-be315a423315" />
    <UnitTestResult executionId="0f06b453-341d-4a54-9161-87c8f56e7501" testId="c3eab5ce-1a68-3e3e-6d51-71b8e8d33cc5" testName="ClickUp.Api.Client.Tests.ServiceTests.GoalsServiceTests.DeleteKeyResultAsync_PassesCancellationTokenToApiConnection" computerName="devbox" duration="00:00:00.0087826" startTime="2025-06-23T16:17:46.4373028+00:00" endTime="2025-06-23T16:17:46.4373029+00:00" testType="13cdc9d9-ddb5-4fa4-a97d-d965ccfc6d4b" outcome="Passed" testListId="8c84fa94-04c1-424b-9868-57a2d4851a1d" relativeResultsDirectory="0f06b453-341d-4a54-9161-87c8f56e7501" />
    <UnitTestResult executionId="971cfd44-fda2-429e-9812-c1bb847493c8" testId="5a8b379e-f715-8a32-0ce3-5e832b1b3bbb" testName="ClickUp.Api.Client.Tests.ServiceTests.ListsServiceTests.GetListAsync_PassesCancellationTokenToApiConnection" computerName="devbox" duration="00:00:00.0039913" startTime="2025-06-23T16:17:46.5669647+00:00" endTime="2025-06-23T16:17:46.5669648+00:00" testType="13cdc9d9-ddb5-4fa4-a97d-d965ccfc6d4b" outcome="Passed" testListId="8c84fa94-04c1-424b-9868-57a2d4851a1d" relativeResultsDirectory="971cfd44-fda2-429e-9812-c1bb847493c8" />
    <UnitTestResult executionId="ce2f7f99-a2ca-4bfe-bdf2-27d975504bfe" testId="f447d02b-c52c-cc92-7a2b-d7f4be1d6131" testName="ClickUp.Api.Client.Tests.ServiceTests.TaskServiceTests.GetFilteredTeamTasksAsync_NullWorkspaceId_ThrowsArgumentNullException" computerName="devbox" duration="00:00:00.0056190" startTime="2025-06-23T16:17:45.7425465+00:00" endTime="2025-06-23T16:17:45.7425467+00:00" testType="13cdc9d9-ddb5-4fa4-a97d-d965ccfc6d4b" outcome="Passed" testListId="8c84fa94-04c1-424b-9868-57a2d4851a1d" relativeResultsDirectory="ce2f7f99-a2ca-4bfe-bdf2-27d975504bfe" />
    <UnitTestResult executionId="c5a95ec9-dfe2-4deb-b320-70a5e122811a" testId="4ea123c2-111f-b61a-ccb7-d65e9e244c3c" testName="ClickUp.Api.Client.Tests.ServiceTests.RolesServiceTests.GetCustomRolesAsync_ApiReturnsNullResponse_ReturnsEmptyEnumerable" computerName="devbox" duration="00:00:00.0014560" startTime="2025-06-23T16:17:46.3428272+00:00" endTime="2025-06-23T16:17:46.3428273+00:00" testType="13cdc9d9-ddb5-4fa4-a97d-d965ccfc6d4b" outcome="Passed" testListId="8c84fa94-04c1-424b-9868-57a2d4851a1d" relativeResultsDirectory="c5a95ec9-dfe2-4deb-b320-70a5e122811a" />
    <UnitTestResult executionId="7773decd-c6d0-44ad-a26d-c39dd5a81d93" testId="d3304698-5ea1-efe1-87f7-f7522dd04418" testName="ClickUp.Api.Client.Tests.ServiceTests.TaskRelationshipsServiceTests.AddDependencyAsync_BothDependsOnAndDependencyOf_ThrowsArgumentException" computerName="devbox" duration="00:00:00.0020707" startTime="2025-06-23T16:17:45.3011176+00:00" endTime="2025-06-23T16:17:45.3011176+00:00" testType="13cdc9d9-ddb5-4fa4-a97d-d965ccfc6d4b" outcome="Passed" testListId="8c84fa94-04c1-424b-9868-57a2d4851a1d" relativeResultsDirectory="7773decd-c6d0-44ad-a26d-c39dd5a81d93" />
    <UnitTestResult executionId="98973c91-b6cf-44f2-8674-42ad571dd821" testId="561d9772-0316-21fe-2400-8e017df75524" testName="ClickUp.Api.Client.Tests.ServiceTests.SpacesServiceTests.CreateSpaceAsync_PassesCancellationTokenToApiConnection" computerName="devbox" duration="00:00:00.0050259" startTime="2025-06-23T16:17:45.8435941+00:00" endTime="2025-06-23T16:17:45.8435943+00:00" testType="13cdc9d9-ddb5-4fa4-a97d-d965ccfc6d4b" outcome="Passed" testListId="8c84fa94-04c1-424b-9868-57a2d4851a1d" relativeResultsDirectory="98973c91-b6cf-44f2-8674-42ad571dd821" />
    <UnitTestResult executionId="e5f539e0-dd15-44a2-a578-385096519bba" testId="fa1d252f-4ee5-fcd1-b822-82dea7f3bf68" testName="ClickUp.Api.Client.Tests.ServiceTests.ViewsServiceTests.GetViewAsync_ApiReturnsNull_ThrowsInvalidOperationException" computerName="devbox" duration="00:00:00.0028325" startTime="2025-06-23T16:17:45.2965868+00:00" endTime="2025-06-23T16:17:45.2965870+00:00" testType="13cdc9d9-ddb5-4fa4-a97d-d965ccfc6d4b" outcome="Passed" testListId="8c84fa94-04c1-424b-9868-57a2d4851a1d" relativeResultsDirectory="e5f539e0-dd15-44a2-a578-385096519bba" />
    <UnitTestResult executionId="ce91423f-ad60-4105-b521-988ed0c55a50" testId="ad134f43-af46-ffb4-1224-9d0f96b1191a" testName="ClickUp.Api.Client.Tests.Models.Entities.CustomFieldValueTests.Deserialize_LabelsFieldValue_Correctly" computerName="devbox" duration="00:00:00.0016937" startTime="2025-06-23T16:17:46.0239928+00:00" endTime="2025-06-23T16:17:46.0239929+00:00" testType="13cdc9d9-ddb5-4fa4-a97d-d965ccfc6d4b" outcome="Passed" testListId="8c84fa94-04c1-424b-9868-57a2d4851a1d" relativeResultsDirectory="ce91423f-ad60-4105-b521-988ed0c55a50" />
    <UnitTestResult executionId="9b2bc3d2-fead-445c-9cf3-f72baf1403b5" testId="6ad0b06e-9b13-00d3-c084-f5f295020c1e" testName="ClickUp.Api.Client.Tests.ServiceTests.TaskRelationshipsServiceTests.DeleteDependencyAsync_PassesCancellationTokenToApiConnection" computerName="devbox" duration="00:00:00.0055513" startTime="2025-06-23T16:17:45.3445598+00:00" endTime="2025-06-23T16:17:45.3445598+00:00" testType="13cdc9d9-ddb5-4fa4-a97d-d965ccfc6d4b" outcome="Passed" testListId="8c84fa94-04c1-424b-9868-57a2d4851a1d" relativeResultsDirectory="9b2bc3d2-fead-445c-9cf3-f72baf1403b5" />
    <UnitTestResult executionId="298f375a-7e0c-4743-9363-fa6f9e082a29" testId="e21ea325-6311-04ff-ceec-9541daba37da" testName="ClickUp.Api.Client.Tests.ServiceTests.TimeTrackingServiceTests.GetAllTimeEntryTagsAsync_ValidRequest_ReturnsTags" computerName="devbox" duration="00:00:00.0057433" startTime="2025-06-23T16:17:46.5877461+00:00" endTime="2025-06-23T16:17:46.5877463+00:00" testType="13cdc9d9-ddb5-4fa4-a97d-d965ccfc6d4b" outcome="Passed" testListId="8c84fa94-04c1-424b-9868-57a2d4851a1d" relativeResultsDirectory="298f375a-7e0c-4743-9363-fa6f9e082a29" />
    <UnitTestResult executionId="4a4d8eee-6531-4c55-a1ab-a4cdb4ae31a3" testId="2f5333c3-b2fd-e93c-ff6c-9f4085c35de6" testName="ClickUp.Api.Client.Tests.ServiceTests.DocsServiceTests.GetDocPagesAsync_PassesCancellationTokenToApiConnection" computerName="devbox" duration="00:00:00.0043761" startTime="2025-06-23T16:17:45.4827501+00:00" endTime="2025-06-23T16:17:45.4827502+00:00" testType="13cdc9d9-ddb5-4fa4-a97d-d965ccfc6d4b" outcome="Passed" testListId="8c84fa94-04c1-424b-9868-57a2d4851a1d" relativeResultsDirectory="4a4d8eee-6531-4c55-a1ab-a4cdb4ae31a3" />
    <UnitTestResult executionId="aebf84eb-0d4a-4ab5-ad57-c276cd498f10" testId="d8b0b902-5f95-0147-3f49-4c67c17e28e0" testName="ClickUp.Api.Client.Tests.ServiceTests.ListsServiceTests.CreateFolderlessListAsync_ValidRequest_ReturnsList" computerName="devbox" duration="00:00:00.0045725" startTime="2025-06-23T16:17:46.6369987+00:00" endTime="2025-06-23T16:17:46.6369989+00:00" testType="13cdc9d9-ddb5-4fa4-a97d-d965ccfc6d4b" outcome="Passed" testListId="8c84fa94-04c1-424b-9868-57a2d4851a1d" relativeResultsDirectory="aebf84eb-0d4a-4ab5-ad57-c276cd498f10" />
    <UnitTestResult executionId="45baae24-7c24-493a-ab31-b38759259047" testId="2fab693e-80b6-8ae4-dc77-08a7e65ebf3d" testName="ClickUp.Api.Client.Tests.ServiceTests.TaskServiceTests.GetFilteredTeamTasksAsyncEnumerable_HandlesCancellation" computerName="devbox" duration="00:00:00.0689657" startTime="2025-06-23T16:17:45.8324468+00:00" endTime="2025-06-23T16:17:45.8324470+00:00" testType="13cdc9d9-ddb5-4fa4-a97d-d965ccfc6d4b" outcome="Passed" testListId="8c84fa94-04c1-424b-9868-57a2d4851a1d" relativeResultsDirectory="45baae24-7c24-493a-ab31-b38759259047" />
    <UnitTestResult executionId="38fb25f1-672b-4274-b43c-8d29fdcf1287" testId="1fe75168-c800-b67c-9751-e0d12264c81c" testName="ClickUp.Api.Client.Tests.ServiceTests.GuestsServiceTests.EditGuestOnWorkspaceAsync_ApiError_ThrowsHttpRequestException" computerName="devbox" duration="00:00:00.0025252" startTime="2025-06-23T16:17:45.4687721+00:00" endTime="2025-06-23T16:17:45.4687721+00:00" testType="13cdc9d9-ddb5-4fa4-a97d-d965ccfc6d4b" outcome="Passed" testListId="8c84fa94-04c1-424b-9868-57a2d4851a1d" relativeResultsDirectory="38fb25f1-672b-4274-b43c-8d29fdcf1287" />
    <UnitTestResult executionId="3f5ba1eb-c0fe-4f8a-b8b8-90e2552cf002" testId="3128f2ee-7977-9932-03b7-77d2d3472e5f" testName="ClickUp.Api.Client.Tests.Models.Entities.CustomFieldValueTests.Deserialize_DropdownFieldValue_WithNumericValue_Correctly" computerName="devbox" duration="00:00:00.0003050" startTime="2025-06-23T16:17:46.0061690+00:00" endTime="2025-06-23T16:17:46.0061691+00:00" testType="13cdc9d9-ddb5-4fa4-a97d-d965ccfc6d4b" outcome="Passed" testListId="8c84fa94-04c1-424b-9868-57a2d4851a1d" relativeResultsDirectory="3f5ba1eb-c0fe-4f8a-b8b8-90e2552cf002" />
    <UnitTestResult executionId="f23398eb-4e05-4385-a4a7-f892f3dfdd28" testId="4fc9e7a2-a6f1-e4c6-c186-da830a0b57c2" testName="ClickUp.Api.Client.Tests.ServiceTests.RolesServiceTests.GetCustomRolesAsync_WithIncludeMembers_ConstructsCorrectUrl(includeMembers: True, expectedUrl: &quot;team/ws_params/customroles?include_members=true&quot;)" computerName="devbox" duration="00:00:00.0038909" startTime="2025-06-23T16:17:46.3177564+00:00" endTime="2025-06-23T16:17:46.3177565+00:00" testType="13cdc9d9-ddb5-4fa4-a97d-d965ccfc6d4b" outcome="Passed" testListId="8c84fa94-04c1-424b-9868-57a2d4851a1d" relativeResultsDirectory="f23398eb-4e05-4385-a4a7-f892f3dfdd28" />
    <UnitTestResult executionId="37ff4a0b-266c-405a-a996-960daa9359fa" testId="225bcf76-0865-56a4-8a40-2f39bcea62a8" testName="ClickUp.Api.Client.Tests.ServiceTests.TaskServiceTests.GetTaskAsync_WithSomeQueryParameters_BuildsCorrectEndpoint" computerName="devbox" duration="00:00:00.0031068" startTime="2025-06-23T16:17:45.6738323+00:00" endTime="2025-06-23T16:17:45.6738324+00:00" testType="13cdc9d9-ddb5-4fa4-a97d-d965ccfc6d4b" outcome="Passed" testListId="8c84fa94-04c1-424b-9868-57a2d4851a1d" relativeResultsDirectory="37ff4a0b-266c-405a-a996-960daa9359fa" />
    <UnitTestResult executionId="c67d4564-b998-44dd-a3ef-56efcadbd37e" testId="18810675-1d1f-7bbb-20d7-e2d7bb16299f" testName="ClickUp.Api.Client.Tests.ServiceTests.TaskServiceTests.GetFilteredTeamTasksAsync_EmptyWorkspaceId_ThrowsArgumentNullException" computerName="devbox" duration="00:00:00.0008137" startTime="2025-06-23T16:17:45.7607195+00:00" endTime="2025-06-23T16:17:45.7607196+00:00" testType="13cdc9d9-ddb5-4fa4-a97d-d965ccfc6d4b" outcome="Passed" testListId="8c84fa94-04c1-424b-9868-57a2d4851a1d" relativeResultsDirectory="c67d4564-b998-44dd-a3ef-56efcadbd37e" />
    <UnitTestResult executionId="9a995484-30dd-4355-b3f0-88804ab3d64a" testId="ad2f2747-ece5-41db-df6e-26eeee601f8b" testName="ClickUp.Api.Client.Tests.ServiceTests.SpacesServiceTests.GetSpacesAsync_ValidWorkspaceId_ReturnsSpaces" computerName="devbox" duration="00:00:00.0724365" startTime="2025-06-23T16:17:45.8375459+00:00" endTime="2025-06-23T16:17:45.8375460+00:00" testType="13cdc9d9-ddb5-4fa4-a97d-d965ccfc6d4b" outcome="Passed" testListId="8c84fa94-04c1-424b-9868-57a2d4851a1d" relativeResultsDirectory="9a995484-30dd-4355-b3f0-88804ab3d64a" />
    <UnitTestResult executionId="a8bbcb8c-803b-4cec-a20a-34ab42e2c5aa" testId="49a40760-165b-b98c-7b83-bcd32656873d" testName="ClickUp.Api.Client.Tests.ServiceTests.ChatServiceTests.GetChatChannelsAsync_ApiError_ThrowsHttpRequestException" computerName="devbox" duration="00:00:00.0084665" startTime="2025-06-23T16:17:45.3365040+00:00" endTime="2025-06-23T16:17:45.3365042+00:00" testType="13cdc9d9-ddb5-4fa4-a97d-d965ccfc6d4b" outcome="Passed" testListId="8c84fa94-04c1-424b-9868-57a2d4851a1d" relativeResultsDirectory="a8bbcb8c-803b-4cec-a20a-34ab42e2c5aa" />
    <UnitTestResult executionId="9bd767fd-5f1d-493c-81bd-0c48475cb097" testId="4cd48218-1563-ac39-7034-a94c299a8df0" testName="ClickUp.Api.Client.Tests.ServiceTests.TagsServiceTests.EditSpaceTagAsync_ApiReturnsNullResponse_ThrowsInvalidOperationException" computerName="devbox" duration="00:00:00.0043023" startTime="2025-06-23T16:17:45.8814418+00:00" endTime="2025-06-23T16:17:45.8814419+00:00" testType="13cdc9d9-ddb5-4fa4-a97d-d965ccfc6d4b" outcome="Passed" testListId="8c84fa94-04c1-424b-9868-57a2d4851a1d" relativeResultsDirectory="9bd767fd-5f1d-493c-81bd-0c48475cb097" />
    <UnitTestResult executionId="c74404a7-3733-44c5-8a10-538dae588ae2" testId="1d032141-85af-eb53-6ddd-406db8e920da" testName="ClickUp.Api.Client.Tests.ServiceTests.TemplatesServiceTests.GetTaskTemplatesAsync_ApiReturnsNullResponse_ThrowsInvalidOperationException" computerName="devbox" duration="00:00:00.0067582" startTime="2025-06-23T16:17:45.8948299+00:00" endTime="2025-06-23T16:17:45.8948300+00:00" testType="13cdc9d9-ddb5-4fa4-a97d-d965ccfc6d4b" outcome="Failed" testListId="8c84fa94-04c1-424b-9868-57a2d4851a1d" relativeResultsDirectory="c74404a7-3733-44c5-8a10-538dae588ae2">
      <Output>
        <ErrorInfo>
          <Message>Assert.Throws() Failure: No exception was thrown
Expected: typeof(System.InvalidOperationException)</Message>
          <StackTrace>   at ClickUp.Api.Client.Tests.ServiceTests.TemplatesServiceTests.GetTaskTemplatesAsync_ApiReturnsNullResponse_ThrowsInvalidOperationException() in /app/src/ClickUp.Api.Client.Tests/ServiceTests/TemplatesServiceTests.cs:line 102
--- End of stack trace from previous location ---</StackTrace>
        </ErrorInfo>
      </Output>
    </UnitTestResult>
    <UnitTestResult executionId="1947e219-841a-4398-8870-3a58e391b9b1" testId="277525fb-5580-c091-ed78-0d5eca830b62" testName="ClickUp.Api.Client.Tests.ServiceTests.TimeTrackingServiceTests.GetTimeEntriesAsync_ApiReturnsResponseWithNullData_ReturnsEmptyEnumerable" computerName="devbox" duration="00:00:00.0018035" startTime="2025-06-23T16:17:46.6686537+00:00" endTime="2025-06-23T16:17:46.6686539+00:00" testType="13cdc9d9-ddb5-4fa4-a97d-d965ccfc6d4b" outcome="Passed" testListId="8c84fa94-04c1-424b-9868-57a2d4851a1d" relativeResultsDirectory="1947e219-841a-4398-8870-3a58e391b9b1" />
    <UnitTestResult executionId="cd0164c3-bea4-407c-828d-34096ad623ed" testId="c1a36449-b473-86a7-6764-65536be57608" testName="ClickUp.Api.Client.Tests.ServiceTests.TaskServiceTests.GetTaskAsync_ApiConnectionReturnsNull_ThrowsInvalidOperationException" computerName="devbox" duration="00:00:00.0017840" startTime="2025-06-23T16:17:45.7427045+00:00" endTime="2025-06-23T16:17:45.7427046+00:00" testType="13cdc9d9-ddb5-4fa4-a97d-d965ccfc6d4b" outcome="Passed" testListId="8c84fa94-04c1-424b-9868-57a2d4851a1d" relativeResultsDirectory="cd0164c3-bea4-407c-828d-34096ad623ed" />
    <UnitTestResult executionId="1f05a6bf-157f-4448-a361-f66fe1eca126" testId="3365560f-90cb-4a81-f4ad-cb4301228614" testName="ClickUp.Api.Client.Tests.ServiceTests.ChatServiceTests.UpdateChatMessageAsync_ValidRequest_CallsPutAndReturnsMessage" computerName="devbox" duration="00:00:00.0137347" startTime="2025-06-23T16:17:45.2447579+00:00" endTime="2025-06-23T16:17:45.2447579+00:00" testType="13cdc9d9-ddb5-4fa4-a97d-d965ccfc6d4b" outcome="Passed" testListId="8c84fa94-04c1-424b-9868-57a2d4851a1d" relativeResultsDirectory="1f05a6bf-157f-4448-a361-f66fe1eca126" />
    <UnitTestResult executionId="78f823fa-59b0-44bb-a135-595a4f45da2b" testId="b47e4fb5-70dd-1ea2-05ee-5e86e036cb6a" testName="ClickUp.Api.Client.Tests.ServiceTests.TagsServiceTests.GetSpaceTagsAsync_ValidSpaceId_ReturnsTags" computerName="devbox" duration="00:00:00.0045241" startTime="2025-06-23T16:17:45.8961492+00:00" endTime="2025-06-23T16:17:45.8961493+00:00" testType="13cdc9d9-ddb5-4fa4-a97d-d965ccfc6d4b" outcome="Passed" testListId="8c84fa94-04c1-424b-9868-57a2d4851a1d" relativeResultsDirectory="78f823fa-59b0-44bb-a135-595a4f45da2b" />
    <UnitTestResult executionId="87dad0cc-6ad2-4df8-b828-e026c817a7db" testId="cd556b6b-ff5d-c391-c786-354eac177599" testName="ClickUp.Api.Client.Tests.ServiceTests.ListsServiceTests.DeleteListAsync_ApiConnectionThrowsHttpRequestException_PropagatesException" computerName="devbox" duration="00:00:00.0192227" startTime="2025-06-23T16:17:46.6235692+00:00" endTime="2025-06-23T16:17:46.6235695+00:00" testType="13cdc9d9-ddb5-4fa4-a97d-d965ccfc6d4b" outcome="Passed" testListId="8c84fa94-04c1-424b-9868-57a2d4851a1d" relativeResultsDirectory="87dad0cc-6ad2-4df8-b828-e026c817a7db" />
    <UnitTestResult executionId="7713f4c2-810f-4e15-a695-1bb3f321fea1" testId="863ba840-d0c2-3b87-37ee-d6c2ae4bed7d" testName="ClickUp.Api.Client.Tests.ServiceTests.GuestsServiceTests.RemoveGuestFromListAsync_PassesCancellationTokenToApiConnection" computerName="devbox" duration="00:00:00.0096820" startTime="2025-06-23T16:17:45.4802363+00:00" endTime="2025-06-23T16:17:45.4802364+00:00" testType="13cdc9d9-ddb5-4fa4-a97d-d965ccfc6d4b" outcome="Passed" testListId="8c84fa94-04c1-424b-9868-57a2d4851a1d" relativeResultsDirectory="7713f4c2-810f-4e15-a695-1bb3f321fea1" />
    <UnitTestResult executionId="a8547587-f77a-498a-bab3-be3d18c3d5c3" testId="d4385330-0e50-361b-c879-ddcb17aa9645" testName="ClickUp.Api.Client.Tests.ServiceTests.TaskRelationshipsServiceTests.AddTaskLinkAsync_WithCustomIdsAndTeamId_BuildsCorrectUrl" computerName="devbox" duration="00:00:00.0037596" startTime="2025-06-23T16:17:45.2747899+00:00" endTime="2025-06-23T16:17:45.2747899+00:00" testType="13cdc9d9-ddb5-4fa4-a97d-d965ccfc6d4b" outcome="Passed" testListId="8c84fa94-04c1-424b-9868-57a2d4851a1d" relativeResultsDirectory="a8547587-f77a-498a-bab3-be3d18c3d5c3" />
    <UnitTestResult executionId="016dd4ea-7340-4039-acb4-093b967fed16" testId="9f2e3f3a-64e7-258f-cd9a-6969b9d16624" testName="ClickUp.Api.Client.Tests.ServiceTests.SpacesServiceTests.GetSpaceAsync_ApiReturnsNullResponse_ThrowsInvalidOperationException" computerName="devbox" duration="00:00:00.0014802" startTime="2025-06-23T16:17:45.8451832+00:00" endTime="2025-06-23T16:17:45.8451832+00:00" testType="13cdc9d9-ddb5-4fa4-a97d-d965ccfc6d4b" outcome="Passed" testListId="8c84fa94-04c1-424b-9868-57a2d4851a1d" relativeResultsDirectory="016dd4ea-7340-4039-acb4-093b967fed16" />
    <UnitTestResult executionId="e6a4bc67-74d7-42b7-b58c-3901ab22b1b9" testId="5fbca718-7a0e-355e-c07c-924a30024ba9" testName="ClickUp.Api.Client.Tests.ServiceTests.TaskChecklistsServiceTests.EditChecklistAsync_PassesCancellationTokenToApiConnection" computerName="devbox" duration="00:00:00.0047988" startTime="2025-06-23T16:17:46.0203196+00:00" endTime="2025-06-23T16:17:46.0203198+00:00" testType="13cdc9d9-ddb5-4fa4-a97d-d965ccfc6d4b" outcome="Passed" testListId="8c84fa94-04c1-424b-9868-57a2d4851a1d" relativeResultsDirectory="e6a4bc67-74d7-42b7-b58c-3901ab22b1b9" />
    <UnitTestResult executionId="dba50c49-87a5-4a7c-a961-0f79ddd1bb0b" testId="1aa2c57e-f447-7f14-49eb-3b9a485b3963" testName="ClickUp.Api.Client.Tests.ServiceTests.DocsServiceTests.SearchDocsAsync_ApiConnectionThrowsTaskCanceledException_PropagatesException" computerName="devbox" duration="00:00:00.0692719" startTime="2025-06-23T16:17:45.8325367+00:00" endTime="2025-06-23T16:17:45.8325368+00:00" testType="13cdc9d9-ddb5-4fa4-a97d-d965ccfc6d4b" outcome="Passed" testListId="8c84fa94-04c1-424b-9868-57a2d4851a1d" relativeResultsDirectory="dba50c49-87a5-4a7c-a961-0f79ddd1bb0b" />
    <UnitTestResult executionId="eb14672d-d049-4476-bd1f-d0c203b24eb5" testId="76c2b4cc-ba0a-5bcb-2c62-73d653a66d47" testName="ClickUp.Api.Client.Tests.Http.AuthenticationDelegatingHandlerTests.Constructor_WithInvalidApiKey_ShouldThrowArgumentNullException(invalidApiKey: &quot; &quot;)" computerName="devbox" duration="00:00:00.0002775" startTime="2025-06-23T16:17:45.6508012+00:00" endTime="2025-06-23T16:17:45.6508013+00:00" testType="13cdc9d9-ddb5-4fa4-a97d-d965ccfc6d4b" outcome="Passed" testListId="8c84fa94-04c1-424b-9868-57a2d4851a1d" relativeResultsDirectory="eb14672d-d049-4476-bd1f-d0c203b24eb5" />
    <UnitTestResult executionId="38c941b7-1f9a-45da-9227-4cdc6c4fb9b8" testId="77bdf4bc-d936-5dd2-d76f-d427b1d19eb7" testName="ClickUp.Api.Client.Tests.ServiceTests.TimeTrackingServiceTests.RemoveTagsFromTimeEntriesAsync_ValidRequest_CallsDeleteAsyncWithBody" computerName="devbox" duration="00:00:00.0042372" startTime="2025-06-23T16:17:46.6413030+00:00" endTime="2025-06-23T16:17:46.6413031+00:00" testType="13cdc9d9-ddb5-4fa4-a97d-d965ccfc6d4b" outcome="Passed" testListId="8c84fa94-04c1-424b-9868-57a2d4851a1d" relativeResultsDirectory="38c941b7-1f9a-45da-9227-4cdc6c4fb9b8" />
    <UnitTestResult executionId="e1ac2362-f2ae-4863-9fb2-f52268286fed" testId="81089606-dbad-bccc-dd62-3b8223147034" testName="ClickUp.Api.Client.Tests.ServiceTests.SpacesServiceTests.DeleteSpaceAsync_ApiConnectionThrowsTaskCanceledException_PropagatesException" computerName="devbox" duration="00:00:00.0015837" startTime="2025-06-23T16:17:45.8487720+00:00" endTime="2025-06-23T16:17:45.8487721+00:00" testType="13cdc9d9-ddb5-4fa4-a97d-d965ccfc6d4b" outcome="Passed" testListId="8c84fa94-04c1-424b-9868-57a2d4851a1d" relativeResultsDirectory="e1ac2362-f2ae-4863-9fb2-f52268286fed" />
    <UnitTestResult executionId="3bd33a66-757c-433b-8d31-ead8668dc2e2" testId="e9886eef-b51d-400f-716a-70c07e1ae074" testName="ClickUp.Api.Client.Tests.ServiceTests.TimeTrackingServiceTests.GetRunningTimeEntryAsync_WithAssigneeUserId_BuildsCorrectUrl" computerName="devbox" duration="00:00:00.0036266" startTime="2025-06-23T16:17:46.5428162+00:00" endTime="2025-06-23T16:17:46.5428164+00:00" testType="13cdc9d9-ddb5-4fa4-a97d-d965ccfc6d4b" outcome="Passed" testListId="8c84fa94-04c1-424b-9868-57a2d4851a1d" relativeResultsDirectory="3bd33a66-757c-433b-8d31-ead8668dc2e2" />
    <UnitTestResult executionId="4518e345-a0ec-481a-ac78-4bdb23b2aec7" testId="9082994c-0b1e-da81-b55e-f5dc0f0f5f9f" testName="ClickUp.Api.Client.Tests.ServiceTests.ListsServiceTests.AddTaskToListAsync_ApiConnectionThrowsHttpRequestException_PropagatesException" computerName="devbox" duration="00:00:00.0020970" startTime="2025-06-23T16:17:46.5852546+00:00" endTime="2025-06-23T16:17:46.5852547+00:00" testType="13cdc9d9-ddb5-4fa4-a97d-d965ccfc6d4b" outcome="Passed" testListId="8c84fa94-04c1-424b-9868-57a2d4851a1d" relativeResultsDirectory="4518e345-a0ec-481a-ac78-4bdb23b2aec7" />
    <UnitTestResult executionId="0ad6d9c3-fa7a-4677-9e39-8cc4d136cffb" testId="c171dfa7-4a27-8f56-a6c9-57cfcd42dce5" testName="ClickUp.Api.Client.Tests.ServiceTests.GuestsServiceTests.AddGuestToListAsync_ValidRequest_CallsPostAndReturnsGuest" computerName="devbox" duration="00:00:00.0121129" startTime="2025-06-23T16:17:45.5020187+00:00" endTime="2025-06-23T16:17:45.5020189+00:00" testType="13cdc9d9-ddb5-4fa4-a97d-d965ccfc6d4b" outcome="Passed" testListId="8c84fa94-04c1-424b-9868-57a2d4851a1d" relativeResultsDirectory="0ad6d9c3-fa7a-4677-9e39-8cc4d136cffb" />
    <UnitTestResult executionId="c9c8ebc6-e9d9-4c74-a152-d2d2f8c3815e" testId="1025c4f2-b409-f54a-628d-3ac9271a2402" testName="ClickUp.Api.Client.Tests.ServiceTests.GoalsServiceTests.CreateKeyResultAsync_PassesCancellationTokenToApiConnection" computerName="devbox" duration="00:00:00.0039943" startTime="2025-06-23T16:17:46.4219984+00:00" endTime="2025-06-23T16:17:46.4219985+00:00" testType="13cdc9d9-ddb5-4fa4-a97d-d965ccfc6d4b" outcome="Passed" testListId="8c84fa94-04c1-424b-9868-57a2d4851a1d" relativeResultsDirectory="c9c8ebc6-e9d9-4c74-a152-d2d2f8c3815e" />
    <UnitTestResult executionId="35a0c717-3a5e-417f-bb31-d6d211c5e52b" testId="00b82c02-2151-2480-b488-fce89b6e3b07" testName="ClickUp.Api.Client.Tests.ServiceTests.ListsServiceTests.CreateListFromTemplateInSpaceAsync_PassesCancellationTokenToApiConnection" computerName="devbox" duration="00:00:00.0252006" startTime="2025-06-23T16:17:46.0800886+00:00" endTime="2025-06-23T16:17:46.0800888+00:00" testType="13cdc9d9-ddb5-4fa4-a97d-d965ccfc6d4b" outcome="Passed" testListId="8c84fa94-04c1-424b-9868-57a2d4851a1d" relativeResultsDirectory="35a0c717-3a5e-417f-bb31-d6d211c5e52b" />
    <UnitTestResult executionId="efefada9-3c60-496d-b1a1-16834905efc0" testId="34db1a41-ae07-57ef-bc5b-624a4ed4ae66" testName="ClickUp.Api.Client.Tests.ServiceTests.ChatServiceTests.CreateReplyMessageAsync_ApiError_ThrowsHttpRequestException" computerName="devbox" duration="00:00:00.0047366" startTime="2025-06-23T16:17:45.4564624+00:00" endTime="2025-06-23T16:17:45.4564625+00:00" testType="13cdc9d9-ddb5-4fa4-a97d-d965ccfc6d4b" outcome="Passed" testListId="8c84fa94-04c1-424b-9868-57a2d4851a1d" relativeResultsDirectory="efefada9-3c60-496d-b1a1-16834905efc0" />
    <UnitTestResult executionId="e8ce9436-af51-441b-88fc-1e7a5095b9bd" testId="ad94ca9d-6aae-8981-0fc2-21ef17e38873" testName="ClickUp.Api.Client.Tests.ServiceTests.ViewsServiceTests.GetWorkspaceViewsAsync_ValidWorkspaceId_ReturnsViews" computerName="devbox" duration="00:00:00.0030517" startTime="2025-06-23T16:17:45.2841021+00:00" endTime="2025-06-23T16:17:45.2841022+00:00" testType="13cdc9d9-ddb5-4fa4-a97d-d965ccfc6d4b" outcome="Passed" testListId="8c84fa94-04c1-424b-9868-57a2d4851a1d" relativeResultsDirectory="e8ce9436-af51-441b-88fc-1e7a5095b9bd" />
    <UnitTestResult executionId="c6c7cd50-fff3-499b-b625-dc580269a12c" testId="a9efc708-38a6-fcba-9a97-7f77a5ad553f" testName="ClickUp.Api.Client.Tests.ServiceTests.TaskChecklistsServiceTests.DeleteChecklistItemAsync_ApiConnectionThrowsHttpRequestException_PropagatesException" computerName="devbox" duration="00:00:00.0053010" startTime="2025-06-23T16:17:45.9650738+00:00" endTime="2025-06-23T16:17:45.9650739+00:00" testType="13cdc9d9-ddb5-4fa4-a97d-d965ccfc6d4b" outcome="Passed" testListId="8c84fa94-04c1-424b-9868-57a2d4851a1d" relativeResultsDirectory="c6c7cd50-fff3-499b-b625-dc580269a12c" />
    <UnitTestResult executionId="929736b2-147d-467f-9f8c-349f979720d1" testId="9740645e-2eff-51b8-67f0-1df7cf8acb83" testName="ClickUp.Api.Client.Tests.ServiceTests.CommentServiceTests.GetTaskCommentsAsync_IAsyncEnumerable_HandlesCancellation" computerName="devbox" duration="00:00:00.0254371" startTime="2025-06-23T16:17:45.8998311+00:00" endTime="2025-06-23T16:17:45.8998312+00:00" testType="13cdc9d9-ddb5-4fa4-a97d-d965ccfc6d4b" outcome="Passed" testListId="8c84fa94-04c1-424b-9868-57a2d4851a1d" relativeResultsDirectory="929736b2-147d-467f-9f8c-349f979720d1" />
    <UnitTestResult executionId="d893d5d3-d79b-47a1-a345-20822040e2dc" testId="f339c22a-09d4-48d9-e155-5ebff9beee40" testName="ClickUp.Api.Client.Tests.ServiceTests.DocsServiceTests.GetDocPagesAsync_NullResponse_ReturnsEmptyEnumerable" computerName="devbox" duration="00:00:00.0033490" startTime="2025-06-23T16:17:45.5699137+00:00" endTime="2025-06-23T16:17:45.5699137+00:00" testType="13cdc9d9-ddb5-4fa4-a97d-d965ccfc6d4b" outcome="Passed" testListId="8c84fa94-04c1-424b-9868-57a2d4851a1d" relativeResultsDirectory="d893d5d3-d79b-47a1-a345-20822040e2dc" />
    <UnitTestResult executionId="0d90378a-21bc-4eee-8194-e081ac2653db" testId="99925d98-cc15-0d9d-8c6c-cced5a935ca8" testName="ClickUp.Api.Client.Tests.ServiceTests.ChatServiceTests.GetChatMessageTaggedUsersAsync_MinimalRequest_BuildsUrlAndReturnsResponse" computerName="devbox" duration="00:00:00.0035172" startTime="2025-06-23T16:17:45.6962175+00:00" endTime="2025-06-23T16:17:45.6962177+00:00" testType="13cdc9d9-ddb5-4fa4-a97d-d965ccfc6d4b" outcome="Passed" testListId="8c84fa94-04c1-424b-9868-57a2d4851a1d" relativeResultsDirectory="0d90378a-21bc-4eee-8194-e081ac2653db" />
    <UnitTestResult executionId="257f44c1-9d59-4ea0-b123-8ba11c84a1f6" testId="6f8c638a-8549-3215-0ce5-427f31429e66" testName="ClickUp.Api.Client.Tests.ServiceTests.TagsServiceTests.CreateSpaceTagAsync_ApiConnectionThrowsHttpRequestException_PropagatesException" computerName="devbox" duration="00:00:00.0041866" startTime="2025-06-23T16:17:45.8576379+00:00" endTime="2025-06-23T16:17:45.8576381+00:00" testType="13cdc9d9-ddb5-4fa4-a97d-d965ccfc6d4b" outcome="Passed" testListId="8c84fa94-04c1-424b-9868-57a2d4851a1d" relativeResultsDirectory="257f44c1-9d59-4ea0-b123-8ba11c84a1f6" />
    <UnitTestResult executionId="5869e831-784f-49de-ab0d-585e1d4afd42" testId="16db33d3-f78a-14af-08ba-1ee180bc20a5" testName="ClickUp.Api.Client.Tests.ServiceTests.ListsServiceTests.GetFolderlessListsAsync_ValidSpaceId_ReturnsLists" computerName="devbox" duration="00:00:00.0033560" startTime="2025-06-23T16:17:46.6600381+00:00" endTime="2025-06-23T16:17:46.6600382+00:00" testType="13cdc9d9-ddb5-4fa4-a97d-d965ccfc6d4b" outcome="Passed" testListId="8c84fa94-04c1-424b-9868-57a2d4851a1d" relativeResultsDirectory="5869e831-784f-49de-ab0d-585e1d4afd42" />
    <UnitTestResult executionId="d73ed11f-7fbb-46c4-aeaa-39426104b0aa" testId="b8dc9bc7-4fc3-693a-56cc-e5d1b471dd1a" testName="ClickUp.Api.Client.Tests.ServiceTests.GuestsServiceTests.InviteGuestToWorkspaceAsync_PassesCancellationTokenToApiConnection" computerName="devbox" duration="00:00:00.0072710" startTime="2025-06-23T16:17:45.5636279+00:00" endTime="2025-06-23T16:17:45.5636280+00:00" testType="13cdc9d9-ddb5-4fa4-a97d-d965ccfc6d4b" outcome="Passed" testListId="8c84fa94-04c1-424b-9868-57a2d4851a1d" relativeResultsDirectory="d73ed11f-7fbb-46c4-aeaa-39426104b0aa" />
    <UnitTestResult executionId="a2781d7f-e42c-4eff-a85c-fb965bff80f1" testId="7df0cb14-1ce2-b903-7b1c-3aebe16ea71a" testName="ClickUp.Api.Client.Tests.ServiceTests.CommentServiceTests.CreateListCommentAsync_ValidInput_CallsApiConnectionPostAsyncWithCorrectParameters" computerName="devbox" duration="00:00:00.0094883" startTime="2025-06-23T16:17:46.1045165+00:00" endTime="2025-06-23T16:17:46.1045167+00:00" testType="13cdc9d9-ddb5-4fa4-a97d-d965ccfc6d4b" outcome="Passed" testListId="8c84fa94-04c1-424b-9868-57a2d4851a1d" relativeResultsDirectory="a2781d7f-e42c-4eff-a85c-fb965bff80f1" />
    <UnitTestResult executionId="e0e20d48-0e9b-4b84-a09e-0aa5b0a904a9" testId="f23660f2-fffd-56f2-2044-21e10448f9f4" testName="ClickUp.Api.Client.Tests.ServiceTests.CommentServiceTests.CreateTaskCommentAsync_PassesCancellationTokenToApiConnection" computerName="devbox" duration="00:00:00.0043060" startTime="2025-06-23T16:17:46.1464509+00:00" endTime="2025-06-23T16:17:46.1464510+00:00" testType="13cdc9d9-ddb5-4fa4-a97d-d965ccfc6d4b" outcome="Passed" testListId="8c84fa94-04c1-424b-9868-57a2d4851a1d" relativeResultsDirectory="e0e20d48-0e9b-4b84-a09e-0aa5b0a904a9" />
    <UnitTestResult executionId="3d648f25-20de-479b-9d60-7fd9c0841883" testId="97306b5e-57a8-1e44-dc97-d537cbab6021" testName="ClickUp.Api.Client.Tests.ServiceTests.ChatServiceTests.GetChatChannelAsync_ApiConnectionThrowsTaskCanceledException_PropagatesException" computerName="devbox" duration="00:00:00.0016670" startTime="2025-06-23T16:17:45.5023777+00:00" endTime="2025-06-23T16:17:45.5023778+00:00" testType="13cdc9d9-ddb5-4fa4-a97d-d965ccfc6d4b" outcome="Passed" testListId="8c84fa94-04c1-424b-9868-57a2d4851a1d" relativeResultsDirectory="3d648f25-20de-479b-9d60-7fd9c0841883" />
    <UnitTestResult executionId="37f4cb60-2c2c-4fbd-adb3-5e941501405d" testId="512b6d5d-6ba4-7056-c5d5-21bae2877484" testName="ClickUp.Api.Client.Tests.ServiceTests.SpacesServiceTests.GetSpacesAsync_WithArchivedTrue_BuildsCorrectUrl" computerName="devbox" duration="00:00:00.0039508" startTime="2025-06-23T16:17:45.8542527+00:00" endTime="2025-06-23T16:17:45.8542528+00:00" testType="13cdc9d9-ddb5-4fa4-a97d-d965ccfc6d4b" outcome="Passed" testListId="8c84fa94-04c1-424b-9868-57a2d4851a1d" relativeResultsDirectory="37f4cb60-2c2c-4fbd-adb3-5e941501405d" />
    <UnitTestResult executionId="8aa46f67-be33-4a80-934a-d5487d423f79" testId="efa20886-c864-a3ce-f5ed-40c64826a507" testName="ClickUp.Api.Client.Tests.ServiceTests.ChatServiceTests.DeleteChatChannelAsync_ValidRequest_CallsDelete" computerName="devbox" duration="00:00:00.1479364" startTime="2025-06-23T16:17:45.1318070+00:00" endTime="2025-06-23T16:17:45.1318070+00:00" testType="13cdc9d9-ddb5-4fa4-a97d-d965ccfc6d4b" outcome="Passed" testListId="8c84fa94-04c1-424b-9868-57a2d4851a1d" relativeResultsDirectory="8aa46f67-be33-4a80-934a-d5487d423f79" />
    <UnitTestResult executionId="7af5ecea-fbee-4b03-bb03-3a046ab16849" testId="e7983c9f-5e2f-f03b-fa2f-39dd8296bf5e" testName="ClickUp.Api.Client.Tests.ServiceTests.GuestsServiceTests.RemoveGuestFromListAsync_NullGuestInResponse_ThrowsInvalidOperationException" computerName="devbox" duration="00:00:00.0025912" startTime="2025-06-23T16:17:45.5998504+00:00" endTime="2025-06-23T16:17:45.5998507+00:00" testType="13cdc9d9-ddb5-4fa4-a97d-d965ccfc6d4b" outcome="Passed" testListId="8c84fa94-04c1-424b-9868-57a2d4851a1d" relativeResultsDirectory="7af5ecea-fbee-4b03-bb03-3a046ab16849" />
    <UnitTestResult executionId="d6d23a9b-1162-41cd-8e9e-b0ed4daf1cfa" testId="c4d12ff3-60f4-4492-afbf-1372b99887a4" testName="ClickUp.Api.Client.Tests.ServiceTests.TimeTrackingServiceTests.GetTimeEntryHistoryAsync_ValidRequest_ReturnsHistory" computerName="devbox" duration="00:00:00.0135173" startTime="2025-06-23T16:17:46.4343917+00:00" endTime="2025-06-23T16:17:46.4343918+00:00" testType="13cdc9d9-ddb5-4fa4-a97d-d965ccfc6d4b" outcome="Passed" testListId="8c84fa94-04c1-424b-9868-57a2d4851a1d" relativeResultsDirectory="d6d23a9b-1162-41cd-8e9e-b0ed4daf1cfa" />
    <UnitTestResult executionId="6bdd6edc-0828-4aa3-807b-00055925bf7a" testId="81e48595-a716-b444-f5fe-63d0bc5d0aa5" testName="ClickUp.Api.Client.Tests.ServiceTests.TimeTrackingServiceTests.GetTimeEntriesAsync_PassesCancellationTokenToApiConnection" computerName="devbox" duration="00:00:00.0062270" startTime="2025-06-23T16:17:46.2528807+00:00" endTime="2025-06-23T16:17:46.2528808+00:00" testType="13cdc9d9-ddb5-4fa4-a97d-d965ccfc6d4b" outcome="Passed" testListId="8c84fa94-04c1-424b-9868-57a2d4851a1d" relativeResultsDirectory="6bdd6edc-0828-4aa3-807b-00055925bf7a" />
    <UnitTestResult executionId="62570765-987e-49d1-8d4d-cdbabdf8d952" testId="d3efdf8f-9f74-60d1-4d10-3906f1f4c2f3" testName="ClickUp.Api.Client.Tests.ServiceTests.CommentServiceTests.GetTaskCommentsAsync_IAsyncEnumerable_HandlesApiError" computerName="devbox" duration="00:00:00.0054171" startTime="2025-06-23T16:17:46.1193622+00:00" endTime="2025-06-23T16:17:46.1193623+00:00" testType="13cdc9d9-ddb5-4fa4-a97d-d965ccfc6d4b" outcome="Passed" testListId="8c84fa94-04c1-424b-9868-57a2d4851a1d" relativeResultsDirectory="62570765-987e-49d1-8d4d-cdbabdf8d952" />
    <UnitTestResult executionId="e3ec3a17-b97b-4601-a708-e8b6f5c5cec0" testId="7a8f70ef-f14e-4b6a-be25-56eba0f74c58" testName="ClickUp.Api.Client.Tests.ServiceTests.CommentServiceTests.CreateChatViewCommentAsync_ApiConnectionThrowsTaskCanceledException_PropagatesException" computerName="devbox" duration="00:00:00.0022353" startTime="2025-06-23T16:17:46.0136954+00:00" endTime="2025-06-23T16:17:46.0136954+00:00" testType="13cdc9d9-ddb5-4fa4-a97d-d965ccfc6d4b" outcome="Passed" testListId="8c84fa94-04c1-424b-9868-57a2d4851a1d" relativeResultsDirectory="e3ec3a17-b97b-4601-a708-e8b6f5c5cec0" />
    <UnitTestResult executionId="db160bbd-1947-407c-bd59-19d1084e2e5e" testId="5232a3f8-13d9-37ff-c6b8-237dece3a250" testName="ClickUp.Api.Client.Tests.ServiceTests.TaskChecklistsServiceTests.EditChecklistItemAsync_ApiReturnsNullResponse_ThrowsInvalidOperationException" computerName="devbox" duration="00:00:00.0032076" startTime="2025-06-23T16:17:46.0720235+00:00" endTime="2025-06-23T16:17:46.0720236+00:00" testType="13cdc9d9-ddb5-4fa4-a97d-d965ccfc6d4b" outcome="Passed" testListId="8c84fa94-04c1-424b-9868-57a2d4851a1d" relativeResultsDirectory="db160bbd-1947-407c-bd59-19d1084e2e5e" />
    <UnitTestResult executionId="76a15528-7a58-436a-b00e-2a5081b46ee2" testId="8d6013d2-eac4-b2ad-1c02-2354fe342274" testName="ClickUp.Api.Client.Tests.ServiceTests.ChatServiceTests.CreateDirectMessageChatChannelAsync_NullDataInResponse_ThrowsInvalidOperationException" computerName="devbox" duration="00:00:00.0023831" startTime="2025-06-23T16:17:45.3058025+00:00" endTime="2025-06-23T16:17:45.3058026+00:00" testType="13cdc9d9-ddb5-4fa4-a97d-d965ccfc6d4b" outcome="Passed" testListId="8c84fa94-04c1-424b-9868-57a2d4851a1d" relativeResultsDirectory="76a15528-7a58-436a-b00e-2a5081b46ee2" />
    <UnitTestResult executionId="e38bb8d8-bba1-4e70-b6c8-a04eed30f7a9" testId="c5e0be45-241d-5b76-f44d-464d0e8cb047" testName="ClickUp.Api.Client.Tests.ServiceTests.TimeTrackingServiceTests.AddTagsToTimeEntriesAsync_ValidRequest_CallsPostAsync" computerName="devbox" duration="00:00:00.0049404" startTime="2025-06-23T16:17:46.5791379+00:00" endTime="2025-06-23T16:17:46.5791381+00:00" testType="13cdc9d9-ddb5-4fa4-a97d-d965ccfc6d4b" outcome="Passed" testListId="8c84fa94-04c1-424b-9868-57a2d4851a1d" relativeResultsDirectory="e38bb8d8-bba1-4e70-b6c8-a04eed30f7a9" />
    <UnitTestResult executionId="cbf39106-ab8f-4d56-9898-7254931ac930" testId="72fdaf0f-a6ec-0124-7913-bcb625625cca" testName="ClickUp.Api.Client.Tests.ServiceTests.ChatServiceTests.CreateReplyMessageAsync_PassesCancellationTokenToApiConnection" computerName="devbox" duration="00:00:00.0054012" startTime="2025-06-23T16:17:45.3855798+00:00" endTime="2025-06-23T16:17:45.3855799+00:00" testType="13cdc9d9-ddb5-4fa4-a97d-d965ccfc6d4b" outcome="Passed" testListId="8c84fa94-04c1-424b-9868-57a2d4851a1d" relativeResultsDirectory="cbf39106-ab8f-4d56-9898-7254931ac930" />
    <UnitTestResult executionId="be800999-b1ed-4880-8b01-bdafde452d6d" testId="d4f02ca2-cf2b-a903-5171-e8a9873f1fdb" testName="ClickUp.Api.Client.Tests.ServiceTests.ListsServiceTests.CreateFolderlessListAsync_PassesCancellationTokenToApiConnection" computerName="devbox" duration="00:00:00.0040274" startTime="2025-06-23T16:17:46.6409232+00:00" endTime="2025-06-23T16:17:46.6409233+00:00" testType="13cdc9d9-ddb5-4fa4-a97d-d965ccfc6d4b" outcome="Passed" testListId="8c84fa94-04c1-424b-9868-57a2d4851a1d" relativeResultsDirectory="be800999-b1ed-4880-8b01-bdafde452d6d" />
    <UnitTestResult executionId="21af4864-7619-42f2-bf32-c21e087657fa" testId="e3943d2a-6513-8606-a94a-e88cf0bdc8fe" testName="ClickUp.Api.Client.Tests.ServiceTests.ViewsServiceTests.GetFolderViewsAsync_ValidFolderId_ReturnsViews" computerName="devbox" duration="00:00:00.0073133" startTime="2025-06-23T16:17:45.2674746+00:00" endTime="2025-06-23T16:17:45.2674747+00:00" testType="13cdc9d9-ddb5-4fa4-a97d-d965ccfc6d4b" outcome="Passed" testListId="8c84fa94-04c1-424b-9868-57a2d4851a1d" relativeResultsDirectory="21af4864-7619-42f2-bf32-c21e087657fa" />
    <UnitTestResult executionId="c47bf381-3bd5-4a12-af33-1305f9ab7ce9" testId="7b9e8da3-c1cf-a39e-6f3d-7f535dcbb54b" testName="ClickUp.Api.Client.Tests.ServiceTests.TaskRelationshipsServiceTests.AddTaskLinkAsync_ApiConnectionThrowsTaskCanceledException_PropagatesException" computerName="devbox" duration="00:00:00.0023758" startTime="2025-06-23T16:17:45.3623963+00:00" endTime="2025-06-23T16:17:45.3623964+00:00" testType="13cdc9d9-ddb5-4fa4-a97d-d965ccfc6d4b" outcome="Passed" testListId="8c84fa94-04c1-424b-9868-57a2d4851a1d" relativeResultsDirectory="c47bf381-3bd5-4a12-af33-1305f9ab7ce9" />
    <UnitTestResult executionId="cf2ba403-bad5-41f9-a2ad-94487fc37929" testId="46c9e644-11ac-6008-9ad9-f53ec92ce874" testName="ClickUp.Api.Client.Tests.ServiceTests.CustomFieldsServiceTests.GetAccessibleCustomFieldsAsync_ApiConnectionThrowsTaskCanceledException_PropagatesException" computerName="devbox" duration="00:00:00.0046930" startTime="2025-06-23T16:17:45.2635860+00:00" endTime="2025-06-23T16:17:45.2635861+00:00" testType="13cdc9d9-ddb5-4fa4-a97d-d965ccfc6d4b" outcome="Passed" testListId="8c84fa94-04c1-424b-9868-57a2d4851a1d" relativeResultsDirectory="cf2ba403-bad5-41f9-a2ad-94487fc37929" />
    <UnitTestResult executionId="d76b9972-3a36-4902-905f-7107bb42f908" testId="ca2b40c5-5ae1-bcc9-b91c-ceb89636f876" testName="ClickUp.Api.Client.Tests.ServiceTests.GoalsServiceTests.DeleteGoalAsync_ApiError_ThrowsHttpRequestException" computerName="devbox" duration="00:00:00.0024257" startTime="2025-06-23T16:17:46.2854364+00:00" endTime="2025-06-23T16:17:46.2854365+00:00" testType="13cdc9d9-ddb5-4fa4-a97d-d965ccfc6d4b" outcome="Passed" testListId="8c84fa94-04c1-424b-9868-57a2d4851a1d" relativeResultsDirectory="d76b9972-3a36-4902-905f-7107bb42f908" />
    <UnitTestResult executionId="f04212ad-d2b2-4b40-b33f-913783cf55cf" testId="e274d54f-dbd8-3d21-b6c5-05d28e1afadf" testName="ClickUp.Api.Client.Tests.ServiceTests.UserGroupServiceTests.UpdateUserGroupAsync_PassesCancellationTokenToApiConnection" computerName="devbox" duration="00:00:00.0075928" startTime="2025-06-23T16:17:46.3503215+00:00" endTime="2025-06-23T16:17:46.3503217+00:00" testType="13cdc9d9-ddb5-4fa4-a97d-d965ccfc6d4b" outcome="Passed" testListId="8c84fa94-04c1-424b-9868-57a2d4851a1d" relativeResultsDirectory="f04212ad-d2b2-4b40-b33f-913783cf55cf" />
    <UnitTestResult executionId="bb1d93e6-1494-4ead-8d58-1de2434f7819" testId="e7eef8b8-b7ee-6891-ce18-9fc77d65aac2" testName="ClickUp.Api.Client.Tests.ServiceTests.CustomFieldsServiceTests.GetFolderCustomFieldsAsync_ValidFolderId_BuildsCorrectUrlAndReturnsFields" computerName="devbox" duration="00:00:00.0100122" startTime="2025-06-23T16:17:45.3200947+00:00" endTime="2025-06-23T16:17:45.3200949+00:00" testType="13cdc9d9-ddb5-4fa4-a97d-d965ccfc6d4b" outcome="Passed" testListId="8c84fa94-04c1-424b-9868-57a2d4851a1d" relativeResultsDirectory="bb1d93e6-1494-4ead-8d58-1de2434f7819" />
    <UnitTestResult executionId="c3e2287c-5eee-4ec4-87d7-f9254f7fa5ae" testId="8642783a-652f-cfe9-8ce3-8104816d7ab9" testName="ClickUp.Api.Client.Tests.ServiceTests.ChatServiceTests.GetChatMessageRepliesAsync_ApiConnectionThrowsTaskCanceledException_PropagatesException" computerName="devbox" duration="00:00:00.0015898" startTime="2025-06-23T16:17:45.6344037+00:00" endTime="2025-06-23T16:17:45.6344038+00:00" testType="13cdc9d9-ddb5-4fa4-a97d-d965ccfc6d4b" outcome="Passed" testListId="8c84fa94-04c1-424b-9868-57a2d4851a1d" relativeResultsDirectory="c3e2287c-5eee-4ec4-87d7-f9254f7fa5ae" />
    <UnitTestResult executionId="5ad36c19-3138-497a-9b3f-0d55ec94148e" testId="9b8ff836-b6ad-3695-bd79-77c45a56f268" testName="ClickUp.Api.Client.Tests.ServiceTests.DocsServiceTests.GetPageAsync_NullDataInResponse_ThrowsInvalidOperationException" computerName="devbox" duration="00:00:00.0100217" startTime="2025-06-23T16:17:45.6858272+00:00" endTime="2025-06-23T16:17:45.6858274+00:00" testType="13cdc9d9-ddb5-4fa4-a97d-d965ccfc6d4b" outcome="Passed" testListId="8c84fa94-04c1-424b-9868-57a2d4851a1d" relativeResultsDirectory="5ad36c19-3138-497a-9b3f-0d55ec94148e" />
    <UnitTestResult executionId="074a14a3-515a-4016-811f-baaed1f21d14" testId="2dd1f79f-057e-86fd-44c4-9024fe1314ac" testName="ClickUp.Api.Client.Tests.ServiceTests.ListsServiceTests.CreateListFromTemplateInSpaceAsync_ApiConnectionThrowsHttpRequestException_PropagatesException" computerName="devbox" duration="00:00:00.0021271" startTime="2025-06-23T16:17:46.7004829+00:00" endTime="2025-06-23T16:17:46.7004831+00:00" testType="13cdc9d9-ddb5-4fa4-a97d-d965ccfc6d4b" outcome="Passed" testListId="8c84fa94-04c1-424b-9868-57a2d4851a1d" relativeResultsDirectory="074a14a3-515a-4016-811f-baaed1f21d14" />
    <UnitTestResult executionId="8b674912-041d-40a9-affd-59ac7b16737b" testId="ee299c0b-4367-2d6c-62ba-77e92b1ad5f3" testName="ClickUp.Api.Client.Tests.ServiceTests.MembersServiceTests.GetListMembersAsync_PassesCancellationTokenToApiConnection" computerName="devbox" duration="00:00:00.0044850" startTime="2025-06-23T16:17:46.2434356+00:00" endTime="2025-06-23T16:17:46.2434357+00:00" testType="13cdc9d9-ddb5-4fa4-a97d-d965ccfc6d4b" outcome="Passed" testListId="8c84fa94-04c1-424b-9868-57a2d4851a1d" relativeResultsDirectory="8b674912-041d-40a9-affd-59ac7b16737b" />
    <UnitTestResult executionId="a737ccf0-7088-4395-b2e8-3af5414b7244" testId="1841d452-ef08-e1b1-92c9-459ff161fad6" testName="ClickUp.Api.Client.Tests.ServiceTests.TagsServiceTests.GetSpaceTagsAsync_ApiConnectionThrowsHttpRequestException_PropagatesException" computerName="devbox" duration="00:00:00.0733114" startTime="2025-06-23T16:17:45.8376381+00:00" endTime="2025-06-23T16:17:45.8376382+00:00" testType="13cdc9d9-ddb5-4fa4-a97d-d965ccfc6d4b" outcome="Passed" testListId="8c84fa94-04c1-424b-9868-57a2d4851a1d" relativeResultsDirectory="a737ccf0-7088-4395-b2e8-3af5414b7244" />
    <UnitTestResult executionId="90e4e13f-1c6e-4a56-97c9-32741c6e010e" testId="6c2e12bf-954a-e2dd-fb03-b30da6c844e7" testName="ClickUp.Api.Client.Tests.ServiceTests.ChatServiceTests.UpdateChatChannelAsync_ValidRequest_CallsPutAndReturnsChannel" computerName="devbox" duration="00:00:00.0123027" startTime="2025-06-23T16:17:45.5509710+00:00" endTime="2025-06-23T16:17:45.5509711+00:00" testType="13cdc9d9-ddb5-4fa4-a97d-d965ccfc6d4b" outcome="Passed" testListId="8c84fa94-04c1-424b-9868-57a2d4851a1d" relativeResultsDirectory="90e4e13f-1c6e-4a56-97c9-32741c6e010e" />
    <UnitTestResult executionId="9cae824e-0c11-48f3-bfd6-a61153d8a72e" testId="99e3ba4a-37fa-896e-1ea0-aac4634d9ac2" testName="ClickUp.Api.Client.Tests.ServiceTests.TaskChecklistsServiceTests.CreateChecklistItemAsync_ValidRequest_ReturnsChecklistItemResponse" computerName="devbox" duration="00:00:00.0137987" startTime="2025-06-23T16:17:45.9273565+00:00" endTime="2025-06-23T16:17:45.9273567+00:00" testType="13cdc9d9-ddb5-4fa4-a97d-d965ccfc6d4b" outcome="Passed" testListId="8c84fa94-04c1-424b-9868-57a2d4851a1d" relativeResultsDirectory="9cae824e-0c11-48f3-bfd6-a61153d8a72e" />
    <UnitTestResult executionId="d92d4a54-1e34-4298-9c9a-ea290e5b11a3" testId="30cbc6c1-e207-9636-2837-013eab9a8ee3" testName="ClickUp.Api.Client.Tests.ServiceTests.CustomFieldsServiceTests.SetCustomFieldValueAsync_PassesCancellationTokenToApiConnection" computerName="devbox" duration="00:00:00.0193958" startTime="2025-06-23T16:17:45.3661113+00:00" endTime="2025-06-23T16:17:45.3661114+00:00" testType="13cdc9d9-ddb5-4fa4-a97d-d965ccfc6d4b" outcome="Passed" testListId="8c84fa94-04c1-424b-9868-57a2d4851a1d" relativeResultsDirectory="d92d4a54-1e34-4298-9c9a-ea290e5b11a3" />
    <UnitTestResult executionId="77aa16f3-c7fc-47c5-85c7-4e3dbf2a6639" testId="89f0d8dc-79be-9fdc-e94a-1be6d60f6415" testName="ClickUp.Api.Client.Tests.ServiceTests.ListsServiceTests.CreateListFromTemplateInFolderAsync_ApiReturnsNullResponse_ThrowsInvalidOperationException" computerName="devbox" duration="00:00:00.0020979" startTime="2025-06-23T16:17:46.5359404+00:00" endTime="2025-06-23T16:17:46.5359405+00:00" testType="13cdc9d9-ddb5-4fa4-a97d-d965ccfc6d4b" outcome="Passed" testListId="8c84fa94-04c1-424b-9868-57a2d4851a1d" relativeResultsDirectory="77aa16f3-c7fc-47c5-85c7-4e3dbf2a6639" />
    <UnitTestResult executionId="73430cc0-0773-4ada-8b1a-73a085266376" testId="581e1f6d-e187-c463-c2d9-8bb80abfd2d1" testName="ClickUp.Api.Client.Tests.ServiceTests.UserGroupServiceTests.UpdateUserGroupAsync_ApiConnectionThrowsHttpRequestException_PropagatesException" computerName="devbox" duration="00:00:00.0031581" startTime="2025-06-23T16:17:46.3179083+00:00" endTime="2025-06-23T16:17:46.3179084+00:00" testType="13cdc9d9-ddb5-4fa4-a97d-d965ccfc6d4b" outcome="Passed" testListId="8c84fa94-04c1-424b-9868-57a2d4851a1d" relativeResultsDirectory="73430cc0-0773-4ada-8b1a-73a085266376" />
    <UnitTestResult executionId="9db986be-89b5-4b9e-8e49-ed43a322a72d" testId="43dfef0a-a898-a93a-d1b2-66d336e1114a" testName="ClickUp.Api.Client.Tests.ServiceTests.GoalsServiceTests.CreateKeyResultAsync_ValidRequest_CallsPostAndReturnsKeyResult" computerName="devbox" duration="00:00:00.0163443" startTime="2025-06-23T16:17:46.3560535+00:00" endTime="2025-06-23T16:17:46.3560536+00:00" testType="13cdc9d9-ddb5-4fa4-a97d-d965ccfc6d4b" outcome="Passed" testListId="8c84fa94-04c1-424b-9868-57a2d4851a1d" relativeResultsDirectory="9db986be-89b5-4b9e-8e49-ed43a322a72d" />
    <UnitTestResult executionId="0110e0ce-c9e4-4e21-b944-c9c1573510cb" testId="4b91ee2a-0556-a45e-2120-00f52c47f460" testName="ClickUp.Api.Client.Tests.ServiceTests.RolesServiceTests.GetCustomRolesAsync_ApiConnectionThrowsHttpRequestException_PropagatesException" computerName="devbox" duration="00:00:00.0154626" startTime="2025-06-23T16:17:46.2917686+00:00" endTime="2025-06-23T16:17:46.2917687+00:00" testType="13cdc9d9-ddb5-4fa4-a97d-d965ccfc6d4b" outcome="Passed" testListId="8c84fa94-04c1-424b-9868-57a2d4851a1d" relativeResultsDirectory="0110e0ce-c9e4-4e21-b944-c9c1573510cb" />
    <UnitTestResult executionId="5b718d6b-74e3-424e-8a20-ee3df9893ab3" testId="e9632c8c-2e19-3a9c-42ff-3dfd5ac4ab1b" testName="ClickUp.Api.Client.Tests.ServiceTests.ListsServiceTests.GetListsInFolderAsync_ApiReturnsResponseWithNullLists_ReturnsEmptyEnumerable" computerName="devbox" duration="00:00:00.0019822" startTime="2025-06-23T16:17:46.1150415+00:00" endTime="2025-06-23T16:17:46.1150416+00:00" testType="13cdc9d9-ddb5-4fa4-a97d-d965ccfc6d4b" outcome="Passed" testListId="8c84fa94-04c1-424b-9868-57a2d4851a1d" relativeResultsDirectory="5b718d6b-74e3-424e-8a20-ee3df9893ab3" />
    <UnitTestResult executionId="5bef7c6d-3977-4cdc-9525-c9cc3ae4c57f" testId="668bee19-e221-0a44-1d56-52288964742b" testName="ClickUp.Api.Client.Tests.ServiceTests.DocsServiceTests.CreateDocAsync_ApiConnectionThrowsTaskCanceledException_PropagatesException" computerName="devbox" duration="00:00:00.0026259" startTime="2025-06-23T16:17:45.6470228+00:00" endTime="2025-06-23T16:17:45.6470228+00:00" testType="13cdc9d9-ddb5-4fa4-a97d-d965ccfc6d4b" outcome="Passed" testListId="8c84fa94-04c1-424b-9868-57a2d4851a1d" relativeResultsDirectory="5bef7c6d-3977-4cdc-9525-c9cc3ae4c57f" />
    <UnitTestResult executionId="a2062e3b-f5a0-4bb1-a5fb-028693a67097" testId="8fdfef11-0cbf-4548-2c30-a1ba063c7022" testName="ClickUp.Api.Client.Tests.ServiceTests.ChatServiceTests.UpdateChatMessageAsync_PassesCancellationTokenToApiConnection" computerName="devbox" duration="00:00:00.0056690" startTime="2025-06-23T16:17:45.4757382+00:00" endTime="2025-06-23T16:17:45.4757383+00:00" testType="13cdc9d9-ddb5-4fa4-a97d-d965ccfc6d4b" outcome="Passed" testListId="8c84fa94-04c1-424b-9868-57a2d4851a1d" relativeResultsDirectory="a2062e3b-f5a0-4bb1-a5fb-028693a67097" />
    <UnitTestResult executionId="6432a924-cec0-42e8-89af-f55f0eab3d49" testId="ed3b368b-5fc9-9eb6-3ee2-aeb3a1e0cc4a" testName="ClickUp.Api.Client.Tests.ServiceTests.TaskRelationshipsServiceTests.AddDependencyAsync_WithCustomTaskIdsAndTeamId_BuildsCorrectUrl" computerName="devbox" duration="00:00:00.0201064" startTime="2025-06-23T16:17:45.2447178+00:00" endTime="2025-06-23T16:17:45.2447179+00:00" testType="13cdc9d9-ddb5-4fa4-a97d-d965ccfc6d4b" outcome="Passed" testListId="8c84fa94-04c1-424b-9868-57a2d4851a1d" relativeResultsDirectory="6432a924-cec0-42e8-89af-f55f0eab3d49" />
    <UnitTestResult executionId="635876e3-12c0-4155-936b-e498ed6cce94" testId="50ffa6c2-4cd9-92e5-bcd4-292ccad9b739" testName="ClickUp.Api.Client.Tests.ServiceTests.DocsServiceTests.SearchAllDocsAsync_SinglePageOfResults_ReturnsAllItems" computerName="devbox" duration="00:00:00.0194662" startTime="2025-06-23T16:17:45.5310750+00:00" endTime="2025-06-23T16:17:45.5310751+00:00" testType="13cdc9d9-ddb5-4fa4-a97d-d965ccfc6d4b" outcome="Passed" testListId="8c84fa94-04c1-424b-9868-57a2d4851a1d" relativeResultsDirectory="635876e3-12c0-4155-936b-e498ed6cce94" />
    <UnitTestResult executionId="4d5686a1-da85-4a9d-982a-640faaf02b2b" testId="719e549b-8b5f-4965-33fd-0d077879e351" testName="ClickUp.Api.Client.Tests.ServiceTests.TimeTrackingServiceTests.ChangeTimeEntryTagNameAsync_ValidRequest_CallsPutAsync" computerName="devbox" duration="00:00:00.0081964" startTime="2025-06-23T16:17:46.3668708+00:00" endTime="2025-06-23T16:17:46.3668709+00:00" testType="13cdc9d9-ddb5-4fa4-a97d-d965ccfc6d4b" outcome="Passed" testListId="8c84fa94-04c1-424b-9868-57a2d4851a1d" relativeResultsDirectory="4d5686a1-da85-4a9d-982a-640faaf02b2b" />
    <UnitTestResult executionId="4fbd12ff-7671-4ed4-b974-0555e3a36ae4" testId="b10f9914-07e1-3a3a-d981-3736b980ebd7" testName="ClickUp.Api.Client.Tests.ServiceTests.CustomFieldsServiceTests.GetSpaceCustomFieldsAsync_ApiConnectionThrowsTaskCanceledException_PropagatesException" computerName="devbox" duration="00:00:00.0114191" startTime="2025-06-23T16:17:45.2464615+00:00" endTime="2025-06-23T16:17:45.2464616+00:00" testType="13cdc9d9-ddb5-4fa4-a97d-d965ccfc6d4b" outcome="Passed" testListId="8c84fa94-04c1-424b-9868-57a2d4851a1d" relativeResultsDirectory="4fbd12ff-7671-4ed4-b974-0555e3a36ae4" />
    <UnitTestResult executionId="8e7fa1b3-31a5-4a43-a785-f69d4dc6b405" testId="87f69b82-785e-11d4-2d64-b9fd1097a0f3" testName="ClickUp.Api.Client.Tests.ServiceTests.DocsServiceTests.SearchAllDocsAsync_NoResults_ReturnsEmpty" computerName="devbox" duration="00:00:00.0071371" startTime="2025-06-23T16:17:45.6695483+00:00" endTime="2025-06-23T16:17:45.6695484+00:00" testType="13cdc9d9-ddb5-4fa4-a97d-d965ccfc6d4b" outcome="Passed" testListId="8c84fa94-04c1-424b-9868-57a2d4851a1d" relativeResultsDirectory="8e7fa1b3-31a5-4a43-a785-f69d4dc6b405" />
    <UnitTestResult executionId="04569ec9-032a-4e3f-bc59-21ab2bac59dd" testId="351fa298-b5c8-61d2-89c9-71b803ffece1" testName="ClickUp.Api.Client.Tests.ServiceTests.SpacesServiceTests.GetSpacesAsync_ApiConnectionThrowsTaskCanceledException_PropagatesException" computerName="devbox" duration="00:00:00.0035204" startTime="2025-06-23T16:17:45.8388325+00:00" endTime="2025-06-23T16:17:45.8388327+00:00" testType="13cdc9d9-ddb5-4fa4-a97d-d965ccfc6d4b" outcome="Passed" testListId="8c84fa94-04c1-424b-9868-57a2d4851a1d" relativeResultsDirectory="04569ec9-032a-4e3f-bc59-21ab2bac59dd" />
    <UnitTestResult executionId="40d2e4ce-b05c-4417-a3bd-6cc9702d26d4" testId="15b159b3-cb5f-f09c-f394-b08149c7dd09" testName="ClickUp.Api.Client.Tests.ServiceTests.FoldersServiceTests.UpdateFolderAsync_NullResponse_ThrowsInvalidOperationException" computerName="devbox" duration="00:00:00.0073255" startTime="2025-06-23T16:17:45.9639701+00:00" endTime="2025-06-23T16:17:45.9639702+00:00" testType="13cdc9d9-ddb5-4fa4-a97d-d965ccfc6d4b" outcome="Passed" testListId="8c84fa94-04c1-424b-9868-57a2d4851a1d" relativeResultsDirectory="40d2e4ce-b05c-4417-a3bd-6cc9702d26d4" />
    <UnitTestResult executionId="0c87c72d-f583-4074-a6ef-99191a77f7b1" testId="a6095f80-0334-edb4-2e89-a759c9293c61" testName="ClickUp.Api.Client.Tests.ServiceTests.AuthorizationServiceTests.GetAuthorizedWorkspacesAsync_ApiConnectionThrowsTaskCanceledException_PropagatesException" computerName="devbox" duration="00:00:00.0015560" startTime="2025-06-23T16:17:45.2460594+00:00" endTime="2025-06-23T16:17:45.2460595+00:00" testType="13cdc9d9-ddb5-4fa4-a97d-d965ccfc6d4b" outcome="Passed" testListId="8c84fa94-04c1-424b-9868-57a2d4851a1d" relativeResultsDirectory="0c87c72d-f583-4074-a6ef-99191a77f7b1" />
    <UnitTestResult executionId="eac320b5-04fc-4247-9fe4-d81b1a34a749" testId="4d240a1d-4d36-6e9f-f89d-d0cc429f321f" testName="ClickUp.Api.Client.Tests.ServiceTests.ChatServiceTests.GetChatMessageReactionsAsync_ApiConnectionThrowsTaskCanceledException_PropagatesException" computerName="devbox" duration="00:00:00.0017304" startTime="2025-06-23T16:17:45.6586740+00:00" endTime="2025-06-23T16:17:45.6586741+00:00" testType="13cdc9d9-ddb5-4fa4-a97d-d965ccfc6d4b" outcome="Passed" testListId="8c84fa94-04c1-424b-9868-57a2d4851a1d" relativeResultsDirectory="eac320b5-04fc-4247-9fe4-d81b1a34a749" />
    <UnitTestResult executionId="714137c2-d4cc-48d3-a0c4-daf3f4505d55" testId="13a6d80e-fad7-d3cb-3b94-dc72adcac4c9" testName="ClickUp.Api.Client.Tests.ServiceTests.ChatServiceTests.GetChatChannelsAsync_NullResponse_ThrowsInvalidOperationException" computerName="devbox" duration="00:00:00.0021023" startTime="2025-06-23T16:17:45.6225467+00:00" endTime="2025-06-23T16:17:45.6225468+00:00" testType="13cdc9d9-ddb5-4fa4-a97d-d965ccfc6d4b" outcome="Passed" testListId="8c84fa94-04c1-424b-9868-57a2d4851a1d" relativeResultsDirectory="714137c2-d4cc-48d3-a0c4-daf3f4505d55" />
    <UnitTestResult executionId="9491fb36-f4f3-4fa0-ae95-4d399da76855" testId="1f8ae3bb-5dfe-4695-affb-1e9555986740" testName="ClickUp.Api.Client.Tests.ServiceTests.GuestsServiceTests.GetGuestAsync_NullGuestInResponse_ThrowsInvalidOperationException" computerName="devbox" duration="00:00:00.0018423" startTime="2025-06-23T16:17:45.4857244+00:00" endTime="2025-06-23T16:17:45.4857245+00:00" testType="13cdc9d9-ddb5-4fa4-a97d-d965ccfc6d4b" outcome="Passed" testListId="8c84fa94-04c1-424b-9868-57a2d4851a1d" relativeResultsDirectory="9491fb36-f4f3-4fa0-ae95-4d399da76855" />
    <UnitTestResult executionId="0d040ec6-dbc1-4b1a-a8f3-613ef95bf26f" testId="bebdec2a-9cb5-52d7-1ed7-a5796f24ad3d" testName="ClickUp.Api.Client.Tests.ServiceTests.DocsServiceTests.GetDocAsync_ValidRequest_ReturnsDoc" computerName="devbox" duration="00:00:00.0289512" startTime="2025-06-23T16:17:45.7390352+00:00" endTime="2025-06-23T16:17:45.7390354+00:00" testType="13cdc9d9-ddb5-4fa4-a97d-d965ccfc6d4b" outcome="Failed" testListId="8c84fa94-04c1-424b-9868-57a2d4851a1d" relativeResultsDirectory="0d040ec6-dbc1-4b1a-a8f3-613ef95bf26f">
      <Output>
        <ErrorInfo>
          <Message>Moq.MockException :
Expected invocation on the mock once, but was 0 times: c =&gt; c.GetAsync&lt;ClickUpV3DataResponse&lt;Doc&gt;&gt;("v3/workspaces/ws_get_doc/docs/doc_get_valid", It.IsAny&lt;CancellationToken&gt;())

Performed invocations:

   Mock&lt;IApiConnection:324&gt; (c):

      IApiConnection.GetAsync&lt;ClickUpV3DataResponse&lt;Doc&gt;&gt;("/v3/workspaces/ws_get_doc/docs/doc_get_valid", CancellationToken)
</Message>
          <StackTrace>   at Moq.Mock.Verify(Mock mock, LambdaExpression expression, Times times, String failMessage) in /_/src/Moq/Mock.cs:line 331
   at Moq.Mock`1.Verify[TResult](Expression`1 expression, Func`1 times) in /_/src/Moq/Mock`1.cs:line 1033
   at ClickUp.Api.Client.Tests.ServiceTests.DocsServiceTests.GetDocAsync_ValidRequest_ReturnsDoc() in /app/src/ClickUp.Api.Client.Tests/ServiceTests/DocsServiceTests.cs:line 160
--- End of stack trace from previous location ---</StackTrace>
        </ErrorInfo>
      </Output>
    </UnitTestResult>
    <UnitTestResult executionId="0ad18a9e-7c89-4e28-bb2d-7127b0cdbd33" testId="40e1d0a2-d829-f562-0816-5b584932a67d" testName="ClickUp.Api.Client.Tests.Http.ApiConnectionTests.GetAsync_ThrowsCorrectException_ForGeneralErrorStatusCodes(statusCode: ServiceUnavailable, expectedExceptionType: typeof(ClickUp.Api.Client.Models.Exceptions.ClickUpApiServerException), expectedMessageContent: &quot;Service Unavailable&quot;)" computerName="devbox" duration="00:00:00.0011493" startTime="2025-06-23T16:17:46.1551287+00:00" endTime="2025-06-23T16:17:46.1551288+00:00" testType="13cdc9d9-ddb5-4fa4-a97d-d965ccfc6d4b" outcome="Passed" testListId="8c84fa94-04c1-424b-9868-57a2d4851a1d" relativeResultsDirectory="0ad18a9e-7c89-4e28-bb2d-7127b0cdbd33" />
    <UnitTestResult executionId="e5a3505b-4a9f-4bd7-8a16-2ad6169eb539" testId="0815f71f-d1b5-383f-c254-24620e55ca59" testName="ClickUp.Api.Client.Tests.ServiceTests.TaskChecklistsServiceTests.DeleteChecklistAsync_ApiConnectionThrowsHttpRequestException_PropagatesException" computerName="devbox" duration="00:00:00.0022387" startTime="2025-06-23T16:17:46.0107647+00:00" endTime="2025-06-23T16:17:46.0107648+00:00" testType="13cdc9d9-ddb5-4fa4-a97d-d965ccfc6d4b" outcome="Passed" testListId="8c84fa94-04c1-424b-9868-57a2d4851a1d" relativeResultsDirectory="e5a3505b-4a9f-4bd7-8a16-2ad6169eb539" />
    <UnitTestResult executionId="d61328d7-9800-44de-b745-f3289b08f675" testId="2c6315b1-5c62-5afb-deb3-3d0ce2f1aa9c" testName="ClickUp.Api.Client.Tests.ServiceTests.TagsServiceTests.RemoveTagFromTaskAsync_ValidRequest_CallsDeleteAsyncWithCorrectUrl" computerName="devbox" duration="00:00:00.0084009" startTime="2025-06-23T16:17:45.9056079+00:00" endTime="2025-06-23T16:17:45.9056081+00:00" testType="13cdc9d9-ddb5-4fa4-a97d-d965ccfc6d4b" outcome="Passed" testListId="8c84fa94-04c1-424b-9868-57a2d4851a1d" relativeResultsDirectory="d61328d7-9800-44de-b745-f3289b08f675" />
    <UnitTestResult executionId="14f7f70b-4218-4e58-9ee0-090c4fba2c5e" testId="9970e260-92f2-5d02-5be5-4561fdf848fb" testName="ClickUp.Api.Client.Tests.ServiceTests.UserGroupServiceTests.DeleteUserGroupAsync_ApiConnectionThrowsTaskCanceledException_PropagatesException" computerName="devbox" duration="00:00:00.0038335" startTime="2025-06-23T16:17:46.2605331+00:00" endTime="2025-06-23T16:17:46.2605334+00:00" testType="13cdc9d9-ddb5-4fa4-a97d-d965ccfc6d4b" outcome="Passed" testListId="8c84fa94-04c1-424b-9868-57a2d4851a1d" relativeResultsDirectory="14f7f70b-4218-4e58-9ee0-090c4fba2c5e" />
    <UnitTestResult executionId="35dc0648-2c77-42d7-8b5c-cc719e9973f8" testId="f17c2f5d-3278-deae-e3e0-0f673524d524" testName="ClickUp.Api.Client.Tests.ServiceTests.TagsServiceTests.DeleteSpaceTagAsync_ApiConnectionThrowsTaskCanceledException_PropagatesException" computerName="devbox" duration="00:00:00.0046968" startTime="2025-06-23T16:17:45.8769605+00:00" endTime="2025-06-23T16:17:45.8769606+00:00" testType="13cdc9d9-ddb5-4fa4-a97d-d965ccfc6d4b" outcome="Passed" testListId="8c84fa94-04c1-424b-9868-57a2d4851a1d" relativeResultsDirectory="35dc0648-2c77-42d7-8b5c-cc719e9973f8" />
    <UnitTestResult executionId="34d815e5-39fd-4b9e-808a-2f47a03c0d7b" testId="dbce0135-d84f-6c40-dddb-b4fa79e51dee" testName="ClickUp.Api.Client.Tests.ServiceTests.GuestsServiceTests.RemoveGuestFromFolderAsync_NullGuestInResponse_ThrowsInvalidOperationException" computerName="devbox" duration="00:00:00.0107169" startTime="2025-06-23T16:17:45.3738740+00:00" endTime="2025-06-23T16:17:45.3738741+00:00" testType="13cdc9d9-ddb5-4fa4-a97d-d965ccfc6d4b" outcome="Passed" testListId="8c84fa94-04c1-424b-9868-57a2d4851a1d" relativeResultsDirectory="34d815e5-39fd-4b9e-808a-2f47a03c0d7b" />
    <UnitTestResult executionId="f573d27a-3dd1-47d5-b535-70a5a041adb4" testId="a27c1579-1f50-a3d6-b5ce-a40bc3aa10aa" testName="ClickUp.Api.Client.Tests.ServiceTests.TaskChecklistsServiceTests.CreateChecklistItemAsync_ApiConnectionThrowsTaskCanceledException_PropagatesException" computerName="devbox" duration="00:00:00.0044976" startTime="2025-06-23T16:17:45.9839028+00:00" endTime="2025-06-23T16:17:45.9839029+00:00" testType="13cdc9d9-ddb5-4fa4-a97d-d965ccfc6d4b" outcome="Passed" testListId="8c84fa94-04c1-424b-9868-57a2d4851a1d" relativeResultsDirectory="f573d27a-3dd1-47d5-b535-70a5a041adb4" />
    <UnitTestResult executionId="65bcf829-24a6-41be-b164-8edff5d83d95" testId="eddd9d9b-e083-b446-daa1-21bad430c388" testName="ClickUp.Api.Client.Tests.ServiceTests.TaskServiceTests.GetTaskAsync_ApiConnectionThrowsTaskCanceledException_PropagatesException" computerName="devbox" duration="00:00:00.0064453" startTime="2025-06-23T16:17:45.7174581+00:00" endTime="2025-06-23T16:17:45.7174582+00:00" testType="13cdc9d9-ddb5-4fa4-a97d-d965ccfc6d4b" outcome="Passed" testListId="8c84fa94-04c1-424b-9868-57a2d4851a1d" relativeResultsDirectory="65bcf829-24a6-41be-b164-8edff5d83d95" />
    <UnitTestResult executionId="2736e8cf-3786-43ca-a212-e4c0073cf4c5" testId="5d2d968b-a1e1-5073-58ed-95be7bc46a38" testName="ClickUp.Api.Client.Tests.ServiceTests.DocsServiceTests.SearchDocsAsync_NullResponse_ThrowsInvalidOperationException" computerName="devbox" duration="00:00:00.0029529" startTime="2025-06-23T16:17:45.5057860+00:00" endTime="2025-06-23T16:17:45.5057861+00:00" testType="13cdc9d9-ddb5-4fa4-a97d-d965ccfc6d4b" outcome="Passed" testListId="8c84fa94-04c1-424b-9868-57a2d4851a1d" relativeResultsDirectory="2736e8cf-3786-43ca-a212-e4c0073cf4c5" />
    <UnitTestResult executionId="ae0ed69a-d392-42fe-8a9b-cfc65dbfd999" testId="a54fb913-e59f-936a-6dac-d9b99d7d2b02" testName="ClickUp.Api.Client.Tests.ServiceTests.GuestsServiceTests.RemoveGuestFromListAsync_ApiConnectionThrowsTaskCanceledException_PropagatesException" computerName="devbox" duration="00:00:00.0029267" startTime="2025-06-23T16:17:45.5792989+00:00" endTime="2025-06-23T16:17:45.5792990+00:00" testType="13cdc9d9-ddb5-4fa4-a97d-d965ccfc6d4b" outcome="Passed" testListId="8c84fa94-04c1-424b-9868-57a2d4851a1d" relativeResultsDirectory="ae0ed69a-d392-42fe-8a9b-cfc65dbfd999" />
    <UnitTestResult executionId="7c090f48-21d7-4be0-9c7d-6270c483f4d9" testId="725327de-c729-bba1-25ba-e4171c6a328b" testName="ClickUp.Api.Client.Tests.ServiceTests.ChatServiceTests.UpdateChatMessageAsync_ApiConnectionThrowsTaskCanceledException_PropagatesException" computerName="devbox" duration="00:00:00.0030682" startTime="2025-06-23T16:17:45.4641168+00:00" endTime="2025-06-23T16:17:45.4641169+00:00" testType="13cdc9d9-ddb5-4fa4-a97d-d965ccfc6d4b" outcome="Passed" testListId="8c84fa94-04c1-424b-9868-57a2d4851a1d" relativeResultsDirectory="7c090f48-21d7-4be0-9c7d-6270c483f4d9" />
    <UnitTestResult executionId="1b548b7d-c518-4f7e-b10e-d67c8ed7b24a" testId="30bc3756-0d13-9f03-5c94-49181b7b2f53" testName="ClickUp.Api.Client.Tests.ServiceTests.FoldersServiceTests.GetFoldersAsync_ApiConnectionThrowsTaskCanceledException_PropagatesException" computerName="devbox" duration="00:00:00.0034144" startTime="2025-06-23T16:17:46.0590087+00:00" endTime="2025-06-23T16:17:46.0590088+00:00" testType="13cdc9d9-ddb5-4fa4-a97d-d965ccfc6d4b" outcome="Passed" testListId="8c84fa94-04c1-424b-9868-57a2d4851a1d" relativeResultsDirectory="1b548b7d-c518-4f7e-b10e-d67c8ed7b24a" />
    <UnitTestResult executionId="31774440-7646-4d52-8acd-324892cd4571" testId="f5b39a06-2e13-888e-4fa4-e84b24b30d0d" testName="ClickUp.Api.Client.Tests.ServiceTests.DocsServiceTests.GetPageAsync_MinimalRequest_BuildsUrlAndReturnsPage" computerName="devbox" duration="00:00:00.0085015" startTime="2025-06-23T16:17:45.7623808+00:00" endTime="2025-06-23T16:17:45.7623809+00:00" testType="13cdc9d9-ddb5-4fa4-a97d-d965ccfc6d4b" outcome="Passed" testListId="8c84fa94-04c1-424b-9868-57a2d4851a1d" relativeResultsDirectory="31774440-7646-4d52-8acd-324892cd4571" />
    <UnitTestResult executionId="5d8afb48-0e1a-4686-ae69-5e506fe56e21" testId="dfa86d51-ee16-240f-a412-26f6a168a649" testName="ClickUp.Api.Client.Tests.ServiceTests.GuestsServiceTests.AddGuestToListAsync_ApiError_ThrowsHttpRequestException" computerName="devbox" duration="00:00:00.0029015" startTime="2025-06-23T16:17:45.5848220+00:00" endTime="2025-06-23T16:17:45.5848221+00:00" testType="13cdc9d9-ddb5-4fa4-a97d-d965ccfc6d4b" outcome="Passed" testListId="8c84fa94-04c1-424b-9868-57a2d4851a1d" relativeResultsDirectory="5d8afb48-0e1a-4686-ae69-5e506fe56e21" />
    <UnitTestResult executionId="13454533-e0e0-41a6-abd5-99929406818e" testId="28485d5f-48c5-58ca-c218-78fddbd7025c" testName="ClickUp.Api.Client.Tests.ServiceTests.GoalsServiceTests.UpdateGoalAsync_ApiReturnsNullResponse_ThrowsInvalidOperationException" computerName="devbox" duration="00:00:00.0032446" startTime="2025-06-23T16:17:46.3620104+00:00" endTime="2025-06-23T16:17:46.3620105+00:00" testType="13cdc9d9-ddb5-4fa4-a97d-d965ccfc6d4b" outcome="Passed" testListId="8c84fa94-04c1-424b-9868-57a2d4851a1d" relativeResultsDirectory="13454533-e0e0-41a6-abd5-99929406818e" />
    <UnitTestResult executionId="a7f31b3f-4b74-4576-a4cb-826cf2c6a68c" testId="da8fe84c-d4dc-25e2-a6c6-1542dbab91c3" testName="ClickUp.Api.Client.Tests.ServiceTests.TagsServiceTests.RemoveTagFromTaskAsync_ApiConnectionThrowsHttpRequestException_PropagatesException" computerName="devbox" duration="00:00:00.0028547" startTime="2025-06-23T16:17:45.9078954+00:00" endTime="2025-06-23T16:17:45.9078955+00:00" testType="13cdc9d9-ddb5-4fa4-a97d-d965ccfc6d4b" outcome="Passed" testListId="8c84fa94-04c1-424b-9868-57a2d4851a1d" relativeResultsDirectory="a7f31b3f-4b74-4576-a4cb-826cf2c6a68c" />
    <UnitTestResult executionId="85f90f11-33d6-4acd-a8f5-d7029edb66a0" testId="dab0bede-6d6a-1b77-7fda-80bd452978e9" testName="ClickUp.Api.Client.Tests.ServiceTests.TimeTrackingServiceTests.GetTimeEntriesAsyncEnumerableAsync_WithRequestParams_BuildsCorrectUrl" computerName="devbox" duration="00:00:00.0071903" startTime="2025-06-23T16:17:46.4689199+00:00" endTime="2025-06-23T16:17:46.4689199+00:00" testType="13cdc9d9-ddb5-4fa4-a97d-d965ccfc6d4b" outcome="Passed" testListId="8c84fa94-04c1-424b-9868-57a2d4851a1d" relativeResultsDirectory="85f90f11-33d6-4acd-a8f5-d7029edb66a0" />
    <UnitTestResult executionId="4a2d1cfc-13db-4db4-9f2e-29345e275826" testId="d78e62b3-4c32-e675-1e81-ab68d35deb62" testName="ClickUp.Api.Client.Tests.ServiceTests.UsersServiceTests.EditUserOnWorkspaceAsync_ApiConnectionThrowsHttpRequestException_PropagatesException" computerName="devbox" duration="00:00:00.0107309" startTime="2025-06-23T16:17:46.4366544+00:00" endTime="2025-06-23T16:17:46.4366545+00:00" testType="13cdc9d9-ddb5-4fa4-a97d-d965ccfc6d4b" outcome="Passed" testListId="8c84fa94-04c1-424b-9868-57a2d4851a1d" relativeResultsDirectory="4a2d1cfc-13db-4db4-9f2e-29345e275826" />
    <UnitTestResult executionId="feec7190-5ddf-4e8b-8dfa-492b401f16cf" testId="db7ef84f-789d-fca7-ad54-9eacd2abd3b3" testName="ClickUp.Api.Client.Tests.ServiceTests.ListsServiceTests.RemoveTaskFromListAsync_ApiConnectionThrowsTaskCanceledException_PropagatesException" computerName="devbox" duration="00:00:00.0016369" startTime="2025-06-23T16:17:46.6968936+00:00" endTime="2025-06-23T16:17:46.6968937+00:00" testType="13cdc9d9-ddb5-4fa4-a97d-d965ccfc6d4b" outcome="Passed" testListId="8c84fa94-04c1-424b-9868-57a2d4851a1d" relativeResultsDirectory="feec7190-5ddf-4e8b-8dfa-492b401f16cf" />
    <UnitTestResult executionId="c5c14294-afc3-48f2-abfe-78112b9fb1b8" testId="525066eb-7153-bffe-95f1-f352ab1e697a" testName="ClickUp.Api.Client.Tests.ServiceTests.UserGroupServiceTests.DeleteUserGroupAsync_ValidGroupId_CallsDeleteAsync" computerName="devbox" duration="00:00:00.0034882" startTime="2025-06-23T16:17:46.3272156+00:00" endTime="2025-06-23T16:17:46.3272159+00:00" testType="13cdc9d9-ddb5-4fa4-a97d-d965ccfc6d4b" outcome="Passed" testListId="8c84fa94-04c1-424b-9868-57a2d4851a1d" relativeResultsDirectory="c5c14294-afc3-48f2-abfe-78112b9fb1b8" />
    <UnitTestResult executionId="bd252396-7904-49d3-b123-3e6f99c160cc" testId="63d81eda-39da-9070-2f9b-d992d73272c0" testName="ClickUp.Api.Client.Tests.ServiceTests.AuthorizationServiceTests.GetAuthorizedWorkspacesAsync_ValidRequest_ReturnsWorkspaces" computerName="devbox" duration="00:00:00.0136562" startTime="2025-06-23T16:17:45.2447974+00:00" endTime="2025-06-23T16:17:45.2447974+00:00" testType="13cdc9d9-ddb5-4fa4-a97d-d965ccfc6d4b" outcome="Passed" testListId="8c84fa94-04c1-424b-9868-57a2d4851a1d" relativeResultsDirectory="bd252396-7904-49d3-b123-3e6f99c160cc" />
    <UnitTestResult executionId="40365bd0-dde1-4caf-a4f9-5b52668146eb" testId="e5ea9d8a-b01b-7d10-c780-2c6531265b98" testName="ClickUp.Api.Client.Tests.ServiceTests.ChatServiceTests.GetChatMessageTaggedUsersAsync_PassesCancellationTokenToApiConnection" computerName="devbox" duration="00:00:00.0053713" startTime="2025-06-23T16:17:45.4694884+00:00" endTime="2025-06-23T16:17:45.4694885+00:00" testType="13cdc9d9-ddb5-4fa4-a97d-d965ccfc6d4b" outcome="Passed" testListId="8c84fa94-04c1-424b-9868-57a2d4851a1d" relativeResultsDirectory="40365bd0-dde1-4caf-a4f9-5b52668146eb" />
    <UnitTestResult executionId="a9260164-ed00-4cb7-89d3-1c875d3f2b6e" testId="7f9f33b1-cd7d-6178-7cdc-24666175caf4" testName="ClickUp.Api.Client.Tests.ServiceTests.CommentServiceTests.CreateTaskCommentAsync_ApiConnectionThrowsException_PropagatesException" computerName="devbox" duration="00:00:00.0090726" startTime="2025-06-23T16:17:45.8587884+00:00" endTime="2025-06-23T16:17:45.8587885+00:00" testType="13cdc9d9-ddb5-4fa4-a97d-d965ccfc6d4b" outcome="Passed" testListId="8c84fa94-04c1-424b-9868-57a2d4851a1d" relativeResultsDirectory="a9260164-ed00-4cb7-89d3-1c875d3f2b6e" />
    <UnitTestResult executionId="31cb0f03-4980-46a7-b9d9-83840ab94f6e" testId="a8acab2a-2caa-508e-14f3-97b846e4b249" testName="ClickUp.Api.Client.Tests.ServiceTests.TimeTrackingServiceTests.CreateTimeEntryAsync_ApiConnectionThrowsTaskCanceledException_PropagatesException" computerName="devbox" duration="00:00:00.0024845" startTime="2025-06-23T16:17:46.5065476+00:00" endTime="2025-06-23T16:17:46.5065477+00:00" testType="13cdc9d9-ddb5-4fa4-a97d-d965ccfc6d4b" outcome="Passed" testListId="8c84fa94-04c1-424b-9868-57a2d4851a1d" relativeResultsDirectory="31cb0f03-4980-46a7-b9d9-83840ab94f6e" />
    <UnitTestResult executionId="5b453db6-84df-4b00-8b81-398cc8930ecc" testId="cdcfd57b-84ac-e23e-78d4-34efb784ebdf" testName="ClickUp.Api.Client.Tests.ServiceTests.TimeTrackingServiceTests.GetTimeEntryHistoryAsync_PassesCancellationTokenToApiConnection" computerName="devbox" duration="00:00:00.0064708" startTime="2025-06-23T16:17:46.4859285+00:00" endTime="2025-06-23T16:17:46.4859287+00:00" testType="13cdc9d9-ddb5-4fa4-a97d-d965ccfc6d4b" outcome="Passed" testListId="8c84fa94-04c1-424b-9868-57a2d4851a1d" relativeResultsDirectory="5b453db6-84df-4b00-8b81-398cc8930ecc" />
    <UnitTestResult executionId="a7ab494c-82d8-436e-80a4-1e66b71d4e84" testId="b3f479bb-ab40-60c5-3495-dd1b3ee2147b" testName="ClickUp.Api.Client.Tests.ServiceTests.ListsServiceTests.GetListsInFolderAsync_WithArchivedFalse_BuildsCorrectUrl" computerName="devbox" duration="00:00:00.0025046" startTime="2025-06-23T16:17:46.6929211+00:00" endTime="2025-06-23T16:17:46.6929212+00:00" testType="13cdc9d9-ddb5-4fa4-a97d-d965ccfc6d4b" outcome="Passed" testListId="8c84fa94-04c1-424b-9868-57a2d4851a1d" relativeResultsDirectory="a7ab494c-82d8-436e-80a4-1e66b71d4e84" />
    <UnitTestResult executionId="fa1daa88-749c-44f4-ac83-7984cf9b98fa" testId="16a40cd0-7c1d-e04f-26f5-0deea294674b" testName="ClickUp.Api.Client.Tests.ServiceTests.CustomFieldsServiceTests.RemoveCustomFieldValueAsync_ValidRequest_CallsDeleteAsyncWithCorrectUrl" computerName="devbox" duration="00:00:00.0052968" startTime="2025-06-23T16:17:45.2929761+00:00" endTime="2025-06-23T16:17:45.2929763+00:00" testType="13cdc9d9-ddb5-4fa4-a97d-d965ccfc6d4b" outcome="Passed" testListId="8c84fa94-04c1-424b-9868-57a2d4851a1d" relativeResultsDirectory="fa1daa88-749c-44f4-ac83-7984cf9b98fa" />
    <UnitTestResult executionId="9ff2b52c-b1d5-45ac-9834-b9325ef5e018" testId="b2f32484-a5e7-baee-136b-ccf738df26ea" testName="ClickUp.Api.Client.Tests.ServiceTests.MembersServiceTests.GetTaskMembersAsync_ApiConnectionThrowsTaskCanceledException_PropagatesException" computerName="devbox" duration="00:00:00.0049249" startTime="2025-06-23T16:17:46.2697973+00:00" endTime="2025-06-23T16:17:46.2697975+00:00" testType="13cdc9d9-ddb5-4fa4-a97d-d965ccfc6d4b" outcome="Passed" testListId="8c84fa94-04c1-424b-9868-57a2d4851a1d" relativeResultsDirectory="9ff2b52c-b1d5-45ac-9834-b9325ef5e018" />
    <UnitTestResult executionId="b6dd3df0-6836-443c-aa36-028c08a822cf" testId="f9054252-86a9-2376-abd0-e7fcbaa75a2b" testName="ClickUp.Api.Client.Tests.ServiceTests.SpacesServiceTests.CreateSpaceAsync_ValidRequest_ReturnsSpace" computerName="devbox" duration="00:00:00.0102844" startTime="2025-06-23T16:17:45.7340006+00:00" endTime="2025-06-23T16:17:45.7340008+00:00" testType="13cdc9d9-ddb5-4fa4-a97d-d965ccfc6d4b" outcome="Passed" testListId="8c84fa94-04c1-424b-9868-57a2d4851a1d" relativeResultsDirectory="b6dd3df0-6836-443c-aa36-028c08a822cf" />
    <UnitTestResult executionId="0604ac3e-ff8d-4d05-837b-6a4d26951e84" testId="e494e481-9899-4aff-8ac0-6c2a711a3ba2" testName="ClickUp.Api.Client.Tests.ServiceTests.DocsServiceTests.CreateDocAsync_NullDataInResponse_ThrowsInvalidOperationException" computerName="devbox" duration="00:00:00.0122498" startTime="2025-06-23T16:17:45.4072042+00:00" endTime="2025-06-23T16:17:45.4072044+00:00" testType="13cdc9d9-ddb5-4fa4-a97d-d965ccfc6d4b" outcome="Passed" testListId="8c84fa94-04c1-424b-9868-57a2d4851a1d" relativeResultsDirectory="0604ac3e-ff8d-4d05-837b-6a4d26951e84" />
    <UnitTestResult executionId="4573941e-733b-446e-8161-dc3b1ad3257a" testId="fa0b2a88-e976-a041-14e3-8c8bd4b16949" testName="ClickUp.Api.Client.Tests.ServiceTests.TimeTrackingServiceTests.UpdateTimeEntryAsync_WithCustomTaskIdsAndTeamId_BuildsCorrectUrl" computerName="devbox" duration="00:00:00.0087215" startTime="2025-06-23T16:17:46.3261434+00:00" endTime="2025-06-23T16:17:46.3261435+00:00" testType="13cdc9d9-ddb5-4fa4-a97d-d965ccfc6d4b" outcome="Passed" testListId="8c84fa94-04c1-424b-9868-57a2d4851a1d" relativeResultsDirectory="4573941e-733b-446e-8161-dc3b1ad3257a" />
    <UnitTestResult executionId="2094823d-cfb4-47e0-a5a2-ab2f9e41714a" testId="87976f7c-14dd-b9b7-be4a-35a8302aaf4c" testName="ClickUp.Api.Client.Tests.ServiceTests.ChatServiceTests.GetChatMessageTaggedUsersAsync_ApiError_ThrowsHttpRequestException" computerName="devbox" duration="00:00:00.0045590" startTime="2025-06-23T16:17:45.5681974+00:00" endTime="2025-06-23T16:17:45.5681975+00:00" testType="13cdc9d9-ddb5-4fa4-a97d-d965ccfc6d4b" outcome="Passed" testListId="8c84fa94-04c1-424b-9868-57a2d4851a1d" relativeResultsDirectory="2094823d-cfb4-47e0-a5a2-ab2f9e41714a" />
    <UnitTestResult executionId="49ca8ce7-d085-4b35-95d4-cc14e4b3d49d" testId="66672cba-936c-533d-864c-75fba8575d33" testName="ClickUp.Api.Client.Tests.ServiceTests.ListsServiceTests.CreateListInFolderAsync_ApiReturnsNullResponse_ThrowsInvalidOperationException" computerName="devbox" duration="00:00:00.0020334" startTime="2025-06-23T16:17:46.5921948+00:00" endTime="2025-06-23T16:17:46.5921949+00:00" testType="13cdc9d9-ddb5-4fa4-a97d-d965ccfc6d4b" outcome="Passed" testListId="8c84fa94-04c1-424b-9868-57a2d4851a1d" relativeResultsDirectory="49ca8ce7-d085-4b35-95d4-cc14e4b3d49d" />
    <UnitTestResult executionId="94a74465-58a3-43c7-8adf-4ff46efdb67b" testId="10e5a3ce-9290-0bf4-2ea9-aabafbb1a973" testName="ClickUp.Api.Client.Tests.ServiceTests.TagsServiceTests.DeleteSpaceTagAsync_ApiConnectionThrowsHttpRequestException_PropagatesException" computerName="devbox" duration="00:00:00.0161761" startTime="2025-06-23T16:17:45.8533994+00:00" endTime="2025-06-23T16:17:45.8533995+00:00" testType="13cdc9d9-ddb5-4fa4-a97d-d965ccfc6d4b" outcome="Passed" testListId="8c84fa94-04c1-424b-9868-57a2d4851a1d" relativeResultsDirectory="94a74465-58a3-43c7-8adf-4ff46efdb67b" />
    <UnitTestResult executionId="993edc6d-e9ab-4098-8a97-8828695a46e1" testId="d2c88e8f-9c4a-4484-9e22-8c95b1688e77" testName="ClickUp.Api.Client.Tests.ServiceTests.ChatServiceTests.GetChatMessagesAsync_ValidRequest_BuildsUrlAndReturnsResponse" computerName="devbox" duration="00:00:00.0066830" startTime="2025-06-23T16:17:45.4312846+00:00" endTime="2025-06-23T16:17:45.4312847+00:00" testType="13cdc9d9-ddb5-4fa4-a97d-d965ccfc6d4b" outcome="Passed" testListId="8c84fa94-04c1-424b-9868-57a2d4851a1d" relativeResultsDirectory="993edc6d-e9ab-4098-8a97-8828695a46e1" />
    <UnitTestResult executionId="6132e7bb-5f80-46e0-9446-d3c5dbaaa199" testId="20c11213-7a32-e5b1-4f9d-be32fc32fc40" testName="ClickUp.Api.Client.Tests.ServiceTests.TagsServiceTests.AddTagToTaskAsync_ApiConnectionThrowsTaskCanceledException_PropagatesException" computerName="devbox" duration="00:00:00.0024574" startTime="2025-06-23T16:17:45.9456151+00:00" endTime="2025-06-23T16:17:45.9456152+00:00" testType="13cdc9d9-ddb5-4fa4-a97d-d965ccfc6d4b" outcome="Passed" testListId="8c84fa94-04c1-424b-9868-57a2d4851a1d" relativeResultsDirectory="6132e7bb-5f80-46e0-9446-d3c5dbaaa199" />
    <UnitTestResult executionId="90aa82ab-3f31-48e6-b123-10b3dbd1db4c" testId="187c0f01-e375-0ebc-5c60-9af9ed8903db" testName="ClickUp.Api.Client.Tests.ServiceTests.GoalsServiceTests.GetGoalAsync_PassesCancellationTokenToApiConnection" computerName="devbox" duration="00:00:00.0059666" startTime="2025-06-23T16:17:46.3667634+00:00" endTime="2025-06-23T16:17:46.3667635+00:00" testType="13cdc9d9-ddb5-4fa4-a97d-d965ccfc6d4b" outcome="Passed" testListId="8c84fa94-04c1-424b-9868-57a2d4851a1d" relativeResultsDirectory="90aa82ab-3f31-48e6-b123-10b3dbd1db4c" />
    <UnitTestResult executionId="c661acd3-3329-4ec7-ad71-cd903c987a5d" testId="68b3e192-a617-cbce-6861-aca6a4bea39b" testName="ClickUp.Api.Client.Tests.ServiceTests.GoalsServiceTests.GetGoalsAsync_ApiError_ThrowsHttpRequestException" computerName="devbox" duration="00:00:00.0054596" startTime="2025-06-23T16:17:46.3178586+00:00" endTime="2025-06-23T16:17:46.3178586+00:00" testType="13cdc9d9-ddb5-4fa4-a97d-d965ccfc6d4b" outcome="Passed" testListId="8c84fa94-04c1-424b-9868-57a2d4851a1d" relativeResultsDirectory="c661acd3-3329-4ec7-ad71-cd903c987a5d" />
    <UnitTestResult executionId="2a1ec279-4143-491b-85b6-addb8eff695c" testId="8b526042-2739-8ce1-d8f4-c1bf02014643" testName="ClickUp.Api.Client.Tests.ServiceTests.UsersServiceTests.EditUserOnWorkspaceAsync_ApiConnectionThrowsTaskCanceledException_PropagatesException" computerName="devbox" duration="00:00:00.0022626" startTime="2025-06-23T16:17:46.4482228+00:00" endTime="2025-06-23T16:17:46.4482229+00:00" testType="13cdc9d9-ddb5-4fa4-a97d-d965ccfc6d4b" outcome="Passed" testListId="8c84fa94-04c1-424b-9868-57a2d4851a1d" relativeResultsDirectory="2a1ec279-4143-491b-85b6-addb8eff695c" />
    <UnitTestResult executionId="241011c2-0685-4774-a734-b73a643e7ac8" testId="da8dace8-4ac6-e8fe-48f6-c0c642948111" testName="ClickUp.Api.Client.Tests.ServiceTests.TaskRelationshipsServiceTests.DeleteTaskLinkAsync_WithCustomIdsAndTeamId_BuildsCorrectUrl" computerName="devbox" duration="00:00:00.0151800" startTime="2025-06-23T16:17:45.2452532+00:00" endTime="2025-06-23T16:17:45.2452533+00:00" testType="13cdc9d9-ddb5-4fa4-a97d-d965ccfc6d4b" outcome="Passed" testListId="8c84fa94-04c1-424b-9868-57a2d4851a1d" relativeResultsDirectory="241011c2-0685-4774-a734-b73a643e7ac8" />
    <UnitTestResult executionId="172831e6-7109-40dc-9dcb-d461e501efbd" testId="cbd2079e-cd51-2aed-a413-37ad1b7afddd" testName="ClickUp.Api.Client.Tests.ServiceTests.TaskRelationshipsServiceTests.DeleteDependencyAsync_ApiConnectionThrowsTaskCanceledException_PropagatesException" computerName="devbox" duration="00:00:00.0069048" startTime="2025-06-23T16:17:45.2665607+00:00" endTime="2025-06-23T16:17:45.2665608+00:00" testType="13cdc9d9-ddb5-4fa4-a97d-d965ccfc6d4b" outcome="Passed" testListId="8c84fa94-04c1-424b-9868-57a2d4851a1d" relativeResultsDirectory="172831e6-7109-40dc-9dcb-d461e501efbd" />
    <UnitTestResult executionId="7e0fa08b-d5ac-4077-83a5-5d7c13f1224b" testId="eac1621c-c70f-03f6-5a70-66234bdd4b8b" testName="ClickUp.Api.Client.Tests.ServiceTests.TagsServiceTests.GetSpaceTagsAsync_PassesCancellationTokenToApiConnection" computerName="devbox" duration="00:00:00.0115009" startTime="2025-06-23T16:17:45.7392535+00:00" endTime="2025-06-23T16:17:45.7392536+00:00" testType="13cdc9d9-ddb5-4fa4-a97d-d965ccfc6d4b" outcome="Passed" testListId="8c84fa94-04c1-424b-9868-57a2d4851a1d" relativeResultsDirectory="7e0fa08b-d5ac-4077-83a5-5d7c13f1224b" />
    <UnitTestResult executionId="5933b563-dac1-4bdc-9b5e-f04b462ff928" testId="1640ab59-3d48-3db5-9028-b768d88243d1" testName="ClickUp.Api.Client.Tests.ServiceTests.ChatServiceTests.CreateChatReactionAsync_ValidRequest_CallsPostAndReturnsReaction" computerName="devbox" duration="00:00:00.0135447" startTime="2025-06-23T16:17:45.2967137+00:00" endTime="2025-06-23T16:17:45.2967138+00:00" testType="13cdc9d9-ddb5-4fa4-a97d-d965ccfc6d4b" outcome="Passed" testListId="8c84fa94-04c1-424b-9868-57a2d4851a1d" relativeResultsDirectory="5933b563-dac1-4bdc-9b5e-f04b462ff928" />
    <UnitTestResult executionId="74f527cb-34a4-4e4b-b8c3-ffb24c6b35f2" testId="029d77fc-29f0-2f6b-5b61-e801f211e1a6" testName="ClickUp.Api.Client.Tests.ServiceTests.TagsServiceTests.GetSpaceTagsAsync_ApiReturnsResponseWithNullTags_ReturnsEmptyEnumerable" computerName="devbox" duration="00:00:00.0015479" startTime="2025-06-23T16:17:45.9238671+00:00" endTime="2025-06-23T16:17:45.9238672+00:00" testType="13cdc9d9-ddb5-4fa4-a97d-d965ccfc6d4b" outcome="Passed" testListId="8c84fa94-04c1-424b-9868-57a2d4851a1d" relativeResultsDirectory="74f527cb-34a4-4e4b-b8c3-ffb24c6b35f2" />
    <UnitTestResult executionId="ce2475ca-9767-404e-ad7b-5832a221e628" testId="2a2f5e84-7fcd-ca4a-26ba-94e01ddf99a0" testName="ClickUp.Api.Client.Tests.ServiceTests.ChatServiceTests.GetChatChannelAsync_NullResponseData_ThrowsInvalidOperationException" computerName="devbox" duration="00:00:00.0099674" startTime="2025-06-23T16:17:45.2171335+00:00" endTime="2025-06-23T16:17:45.2171336+00:00" testType="13cdc9d9-ddb5-4fa4-a97d-d965ccfc6d4b" outcome="Passed" testListId="8c84fa94-04c1-424b-9868-57a2d4851a1d" relativeResultsDirectory="ce2475ca-9767-404e-ad7b-5832a221e628" />
    <UnitTestResult executionId="84f7aa74-0ed6-4993-ac8e-11af959174f4" testId="fcee2476-61da-8656-1de0-178f20c169dc" testName="ClickUp.Api.Client.Tests.Models.Entities.CustomFieldValueTests.Deserialize_UsersFieldValue_Correctly" computerName="devbox" duration="00:00:00.0005492" startTime="2025-06-23T16:17:46.0086328+00:00" endTime="2025-06-23T16:17:46.0086329+00:00" testType="13cdc9d9-ddb5-4fa4-a97d-d965ccfc6d4b" outcome="Passed" testListId="8c84fa94-04c1-424b-9868-57a2d4851a1d" relativeResultsDirectory="84f7aa74-0ed6-4993-ac8e-11af959174f4" />
    <UnitTestResult executionId="165fff86-d40f-4093-a4d9-f37cfe09ab93" testId="9a41e783-e265-7ebc-850b-805b60274fbf" testName="ClickUp.Api.Client.Tests.ServiceTests.UserGroupServiceTests.DeleteUserGroupAsync_ApiConnectionThrowsHttpRequestException_PropagatesException" computerName="devbox" duration="00:00:00.0032494" startTime="2025-06-23T16:17:46.2634185+00:00" endTime="2025-06-23T16:17:46.2634186+00:00" testType="13cdc9d9-ddb5-4fa4-a97d-d965ccfc6d4b" outcome="Passed" testListId="8c84fa94-04c1-424b-9868-57a2d4851a1d" relativeResultsDirectory="165fff86-d40f-4093-a4d9-f37cfe09ab93" />
    <UnitTestResult executionId="28f5fbed-104e-466b-8057-bb072b5fbd56" testId="b8102875-1530-5ffa-d85f-e540535c1165" testName="ClickUp.Api.Client.Tests.ServiceTests.MembersServiceTests.GetTaskMembersAsync_ApiConnectionThrowsHttpRequestException_PropagatesException" computerName="devbox" duration="00:00:00.0017393" startTime="2025-06-23T16:17:46.2722237+00:00" endTime="2025-06-23T16:17:46.2722238+00:00" testType="13cdc9d9-ddb5-4fa4-a97d-d965ccfc6d4b" outcome="Passed" testListId="8c84fa94-04c1-424b-9868-57a2d4851a1d" relativeResultsDirectory="28f5fbed-104e-466b-8057-bb072b5fbd56" />
    <UnitTestResult executionId="18ed2bf5-2e2a-48e1-8dde-1b03aca4f82d" testId="2f460b08-43e7-5cfb-1f41-b11a2f92b56f" testName="ClickUp.Api.Client.Tests.ServiceTests.ChatServiceTests.GetChatMessagesAsync_MinimalRequest_BuildsUrlAndReturnsResponse" computerName="devbox" duration="00:00:00.0078046" startTime="2025-06-23T16:17:45.2839838+00:00" endTime="2025-06-23T16:17:45.2839839+00:00" testType="13cdc9d9-ddb5-4fa4-a97d-d965ccfc6d4b" outcome="Passed" testListId="8c84fa94-04c1-424b-9868-57a2d4851a1d" relativeResultsDirectory="18ed2bf5-2e2a-48e1-8dde-1b03aca4f82d" />
    <UnitTestResult executionId="7549b512-a837-4ea1-a126-31f4b6aaad11" testId="89e8e2e1-f67c-2c9e-75cd-4f156d8c851c" testName="ClickUp.Api.Client.Tests.ServiceTests.GuestsServiceTests.GetGuestAsync_ApiConnectionThrowsTaskCanceledException_PropagatesException" computerName="devbox" duration="00:00:00.0043378" startTime="2025-06-23T16:17:45.5940917+00:00" endTime="2025-06-23T16:17:45.5940919+00:00" testType="13cdc9d9-ddb5-4fa4-a97d-d965ccfc6d4b" outcome="Passed" testListId="8c84fa94-04c1-424b-9868-57a2d4851a1d" relativeResultsDirectory="7549b512-a837-4ea1-a126-31f4b6aaad11" />
    <UnitTestResult executionId="f7a2abd8-23e9-48b7-8aca-764b7a0ee384" testId="900f0b1f-7974-2227-f665-969a6eeab7cc" testName="ClickUp.Api.Client.Tests.ServiceTests.SpacesServiceTests.UpdateSpaceAsync_ApiConnectionThrowsTaskCanceledException_PropagatesException" computerName="devbox" duration="00:00:00.0240802" startTime="2025-06-23T16:17:45.6430301+00:00" endTime="2025-06-23T16:17:45.6430302+00:00" testType="13cdc9d9-ddb5-4fa4-a97d-d965ccfc6d4b" outcome="Passed" testListId="8c84fa94-04c1-424b-9868-57a2d4851a1d" relativeResultsDirectory="f7a2abd8-23e9-48b7-8aca-764b7a0ee384" />
    <UnitTestResult executionId="3e74eda5-f194-49c9-b377-48575eb73c51" testId="d72fb435-8173-77af-f05a-89cd3c59e69b" testName="ClickUp.Api.Client.Tests.ServiceTests.ViewsServiceTests.CreateSpaceViewAsync_ApiReturnsNull_ThrowsInvalidOperationException" computerName="devbox" duration="00:00:00.0029274" startTime="2025-06-23T16:17:45.2834280+00:00" endTime="2025-06-23T16:17:45.2834282+00:00" testType="13cdc9d9-ddb5-4fa4-a97d-d965ccfc6d4b" outcome="Passed" testListId="8c84fa94-04c1-424b-9868-57a2d4851a1d" relativeResultsDirectory="3e74eda5-f194-49c9-b377-48575eb73c51" />
    <UnitTestResult executionId="f3e365db-8358-41b8-a81e-c05aa371004f" testId="831c47b6-1e63-26b3-cfc9-7e982b76c0f0" testName="ClickUp.Api.Client.Tests.ServiceTests.DocsServiceTests.GetDocAsync_PassesCancellationTokenToApiConnection" computerName="devbox" duration="00:00:00.0077098" startTime="2025-06-23T16:17:45.5678308+00:00" endTime="2025-06-23T16:17:45.5678309+00:00" testType="13cdc9d9-ddb5-4fa4-a97d-d965ccfc6d4b" outcome="Passed" testListId="8c84fa94-04c1-424b-9868-57a2d4851a1d" relativeResultsDirectory="f3e365db-8358-41b8-a81e-c05aa371004f" />
    <UnitTestResult executionId="f2ea88cb-97ad-4f97-b255-38665a3fb8dd" testId="f3a8a3fa-588f-6a24-409b-f2796686733d" testName="ClickUp.Api.Client.Tests.ServiceTests.ChatServiceTests.CreateLocationChatChannelAsync_NullDataInResponse_ThrowsInvalidOperationException" computerName="devbox" duration="00:00:00.0039079" startTime="2025-06-23T16:17:45.6205987+00:00" endTime="2025-06-23T16:17:45.6205988+00:00" testType="13cdc9d9-ddb5-4fa4-a97d-d965ccfc6d4b" outcome="Passed" testListId="8c84fa94-04c1-424b-9868-57a2d4851a1d" relativeResultsDirectory="f2ea88cb-97ad-4f97-b255-38665a3fb8dd" />
    <UnitTestResult executionId="7868c749-d038-4a70-88b7-823ebfb55236" testId="1cb730d0-bf20-050d-fad8-130d525b6950" testName="ClickUp.Api.Client.Tests.ServiceTests.DocsServiceTests.CreateDocAsync_ValidRequest_CallsPostAndReturnsDoc" computerName="devbox" duration="00:00:00.0057438" startTime="2025-06-23T16:17:45.5027344+00:00" endTime="2025-06-23T16:17:45.5027345+00:00" testType="13cdc9d9-ddb5-4fa4-a97d-d965ccfc6d4b" outcome="Passed" testListId="8c84fa94-04c1-424b-9868-57a2d4851a1d" relativeResultsDirectory="7868c749-d038-4a70-88b7-823ebfb55236" />
    <UnitTestResult executionId="198c0291-e1c5-49fa-b135-8efd40975222" testId="edd30935-2f6e-0a0e-28f0-afa501a88ab0" testName="ClickUp.Api.Client.Tests.ServiceTests.GuestsServiceTests.AddGuestToListAsync_ApiConnectionThrowsTaskCanceledException_PropagatesException" computerName="devbox" duration="00:00:00.0026575" startTime="2025-06-23T16:17:45.5143548+00:00" endTime="2025-06-23T16:17:45.5143549+00:00" testType="13cdc9d9-ddb5-4fa4-a97d-d965ccfc6d4b" outcome="Passed" testListId="8c84fa94-04c1-424b-9868-57a2d4851a1d" relativeResultsDirectory="198c0291-e1c5-49fa-b135-8efd40975222" />
    <UnitTestResult executionId="9b759393-49a9-48d3-93c3-79f059ee701d" testId="fe09c7b4-462e-8afb-8d2c-92d0157754f1" testName="ClickUp.Api.Client.Tests.ServiceTests.GoalsServiceTests.EditKeyResultAsync_PassesCancellationTokenToApiConnection" computerName="devbox" duration="00:00:00.0039695" startTime="2025-06-23T16:17:46.4201734+00:00" endTime="2025-06-23T16:17:46.4201734+00:00" testType="13cdc9d9-ddb5-4fa4-a97d-d965ccfc6d4b" outcome="Passed" testListId="8c84fa94-04c1-424b-9868-57a2d4851a1d" relativeResultsDirectory="9b759393-49a9-48d3-93c3-79f059ee701d" />
    <UnitTestResult executionId="f9ce093d-4587-44c0-b4e2-9cbeb10e1315" testId="334f90e3-9090-3910-ec93-4148e933e055" testName="ClickUp.Api.Client.Tests.ServiceTests.CommentServiceTests.GetThreadedCommentsAsync_PassesCancellationTokenToApiConnection" computerName="devbox" duration="00:00:00.0031541" startTime="2025-06-23T16:17:46.1730057+00:00" endTime="2025-06-23T16:17:46.1730058+00:00" testType="13cdc9d9-ddb5-4fa4-a97d-d965ccfc6d4b" outcome="Passed" testListId="8c84fa94-04c1-424b-9868-57a2d4851a1d" relativeResultsDirectory="f9ce093d-4587-44c0-b4e2-9cbeb10e1315" />
    <UnitTestResult executionId="69076617-1af7-44ec-94c5-310eade609fc" testId="ea5a41f0-3296-5896-9060-90e606cfb0ac" testName="ClickUp.Api.Client.Tests.ServiceTests.GuestsServiceTests.RemoveGuestFromWorkspaceAsync_PassesCancellationTokenToApiConnection" computerName="devbox" duration="00:00:00.0032088" startTime="2025-06-23T16:17:45.4837488+00:00" endTime="2025-06-23T16:17:45.4837489+00:00" testType="13cdc9d9-ddb5-4fa4-a97d-d965ccfc6d4b" outcome="Passed" testListId="8c84fa94-04c1-424b-9868-57a2d4851a1d" relativeResultsDirectory="69076617-1af7-44ec-94c5-310eade609fc" />
    <UnitTestResult executionId="a4b154fc-1f3d-41b4-872e-06e37e9dc8c7" testId="2c39881f-acfd-7524-f80d-ba4ce6031720" testName="ClickUp.Api.Client.Tests.ServiceTests.TimeTrackingServiceTests.GetTimeEntriesAsyncEnumerableAsync_ApiReturnsResponseWithNullData_StopsIteration" computerName="devbox" duration="00:00:00.0024873" startTime="2025-06-23T16:17:46.3884751+00:00" endTime="2025-06-23T16:17:46.3884752+00:00" testType="13cdc9d9-ddb5-4fa4-a97d-d965ccfc6d4b" outcome="Passed" testListId="8c84fa94-04c1-424b-9868-57a2d4851a1d" relativeResultsDirectory="a4b154fc-1f3d-41b4-872e-06e37e9dc8c7" />
    <UnitTestResult executionId="1b97b6c7-9e24-4752-9546-35c88c50bfbb" testId="8f0c0a2e-0c73-8a2d-173e-07e83c810a4b" testName="ClickUp.Api.Client.Tests.ServiceTests.GuestsServiceTests.RemoveGuestFromTaskAsync_NullGuestInResponse_ThrowsInvalidOperationException" computerName="devbox" duration="00:00:00.0039176" startTime="2025-06-23T16:17:45.6109671+00:00" endTime="2025-06-23T16:17:45.6109672+00:00" testType="13cdc9d9-ddb5-4fa4-a97d-d965ccfc6d4b" outcome="Passed" testListId="8c84fa94-04c1-424b-9868-57a2d4851a1d" relativeResultsDirectory="1b97b6c7-9e24-4752-9546-35c88c50bfbb" />
    <UnitTestResult executionId="eab440fd-59d7-46c5-a766-db57de1808d8" testId="d5f064a1-b917-5f3a-ebae-229ca0040d12" testName="ClickUp.Api.Client.Tests.ServiceTests.TaskChecklistsServiceTests.DeleteChecklistItemAsync_ValidIds_CallsDeleteAsync" computerName="devbox" duration="00:00:00.0041782" startTime="2025-06-23T16:17:45.9953145+00:00" endTime="2025-06-23T16:17:45.9953146+00:00" testType="13cdc9d9-ddb5-4fa4-a97d-d965ccfc6d4b" outcome="Passed" testListId="8c84fa94-04c1-424b-9868-57a2d4851a1d" relativeResultsDirectory="eab440fd-59d7-46c5-a766-db57de1808d8" />
    <UnitTestResult executionId="98ae59f3-c816-4c6e-bf30-b0e062dcac16" testId="c130309f-793c-3c54-1997-75ff6d96554c" testName="ClickUp.Api.Client.Tests.ServiceTests.ChatServiceTests.CreateLocationChatChannelAsync_ApiError_ThrowsHttpRequestException" computerName="devbox" duration="00:00:00.0035865" startTime="2025-06-23T16:17:45.4209294+00:00" endTime="2025-06-23T16:17:45.4209295+00:00" testType="13cdc9d9-ddb5-4fa4-a97d-d965ccfc6d4b" outcome="Passed" testListId="8c84fa94-04c1-424b-9868-57a2d4851a1d" relativeResultsDirectory="98ae59f3-c816-4c6e-bf30-b0e062dcac16" />
    <UnitTestResult executionId="ab9e2ab1-def5-44b9-a1de-cbf384db0cc4" testId="0ab8284b-1630-a3a0-4f89-bb74ed590d8d" testName="ClickUp.Api.Client.Tests.ServiceTests.GuestsServiceTests.EditGuestOnWorkspaceAsync_PassesCancellationTokenToApiConnection" computerName="devbox" duration="00:00:00.0094207" startTime="2025-06-23T16:17:45.4092333+00:00" endTime="2025-06-23T16:17:45.4092335+00:00" testType="13cdc9d9-ddb5-4fa4-a97d-d965ccfc6d4b" outcome="Passed" testListId="8c84fa94-04c1-424b-9868-57a2d4851a1d" relativeResultsDirectory="ab9e2ab1-def5-44b9-a1de-cbf384db0cc4" />
    <UnitTestResult executionId="a18d611f-e21f-48b8-babf-b94394f592e7" testId="135c7de2-1b5f-0ae7-2213-1f450010e885" testName="ClickUp.Api.Client.Tests.ServiceTests.ListsServiceTests.CreateFolderlessListAsync_ApiConnectionThrowsHttpRequestException_PropagatesException" computerName="devbox" duration="00:00:00.0018910" startTime="2025-06-23T16:17:46.6791199+00:00" endTime="2025-06-23T16:17:46.6791200+00:00" testType="13cdc9d9-ddb5-4fa4-a97d-d965ccfc6d4b" outcome="Passed" testListId="8c84fa94-04c1-424b-9868-57a2d4851a1d" relativeResultsDirectory="a18d611f-e21f-48b8-babf-b94394f592e7" />
    <UnitTestResult executionId="80fa582b-3c59-4452-ab3e-a1b819234963" testId="00ad0c06-8a51-2cd4-079d-9ed4022e7cf7" testName="ClickUp.Api.Client.Tests.ServiceTests.GoalsServiceTests.DeleteGoalAsync_PassesCancellationTokenToApiConnection" computerName="devbox" duration="00:00:00.0043156" startTime="2025-06-23T16:17:46.4444377+00:00" endTime="2025-06-23T16:17:46.4444377+00:00" testType="13cdc9d9-ddb5-4fa4-a97d-d965ccfc6d4b" outcome="Passed" testListId="8c84fa94-04c1-424b-9868-57a2d4851a1d" relativeResultsDirectory="80fa582b-3c59-4452-ab3e-a1b819234963" />
    <UnitTestResult executionId="5211d01b-7af3-47c1-95cf-e1007228befb" testId="0e83a29c-c336-f714-4279-3b30ab28abf1" testName="ClickUp.Api.Client.Tests.Integration.AuthorizationServiceIntegrationTests.GetAuthorizedUserAsync_WithValidToken_ReturnsUser" computerName="devbox" duration="00:00:00.0010000" startTime="2025-06-23T16:17:46.1056605+00:00" endTime="2025-06-23T16:17:46.1056605+00:00" testType="13cdc9d9-ddb5-4fa4-a97d-d965ccfc6d4b" outcome="Failed" testListId="8c84fa94-04c1-424b-9868-57a2d4851a1d" relativeResultsDirectory="5211d01b-7af3-47c1-95cf-e1007228befb">
      <Output>
        <ErrorInfo>
          <Message>System.InvalidOperationException : ClickUp API PersonalAccessToken not configured for integration tests. Set via User Secrets (e.g., 'ClickUpApi:PersonalAccessToken') or Environment Variables (e.g., 'ClickUpApi__PersonalAccessToken').</Message>
          <StackTrace>   at ClickUp.Api.Client.Tests.Integration.IntegrationTestBase..ctor() in /app/src/ClickUp.Api.Client.Tests/Integration/IntegrationTestBase.cs:line 28
   at ClickUp.Api.Client.Tests.Integration.AuthorizationServiceIntegrationTests..ctor(ITestOutputHelper output) in /app/src/ClickUp.Api.Client.Tests/Integration/AuthorizationServiceIntegrationTests.cs:line 19
   at InvokeStub_AuthorizationServiceIntegrationTests..ctor(Object, Span`1)
   at System.Reflection.MethodBaseInvoker.InvokeWithOneArg(Object obj, BindingFlags invokeAttr, Binder binder, Object[] parameters, CultureInfo culture)</StackTrace>
        </ErrorInfo>
      </Output>
    </UnitTestResult>
    <UnitTestResult executionId="58581c13-cab9-4f99-b9b1-87730c565d76" testId="e30d5a07-9505-e75b-f1ba-e64638dc1353" testName="ClickUp.Api.Client.Tests.Models.Entities.CustomFieldValueTests.Deserialize_NumberFieldValue_Correctly" computerName="devbox" duration="00:00:00.0005758" startTime="2025-06-23T16:17:46.0240838+00:00" endTime="2025-06-23T16:17:46.0240839+00:00" testType="13cdc9d9-ddb5-4fa4-a97d-d965ccfc6d4b" outcome="Passed" testListId="8c84fa94-04c1-424b-9868-57a2d4851a1d" relativeResultsDirectory="58581c13-cab9-4f99-b9b1-87730c565d76" />
    <UnitTestResult executionId="3d0c8341-6d51-4b91-b4e0-4474c590e701" testId="d205cd4f-7e75-1065-1e83-e2c9c6957054" testName="ClickUp.Api.Client.Tests.ServiceTests.UserGroupServiceTests.GetUserGroupsAsync_WithNullGroupIds_BuildsCorrectUrlWithoutGroupIdsParam" computerName="devbox" duration="00:00:00.0085831" startTime="2025-06-23T16:17:46.2560858+00:00" endTime="2025-06-23T16:17:46.2560859+00:00" testType="13cdc9d9-ddb5-4fa4-a97d-d965ccfc6d4b" outcome="Passed" testListId="8c84fa94-04c1-424b-9868-57a2d4851a1d" relativeResultsDirectory="3d0c8341-6d51-4b91-b4e0-4474c590e701" />
    <UnitTestResult executionId="255ba10d-88d5-4c22-8b37-5b11b436a254" testId="8f659a23-c7b7-66ca-b3d6-6d900b8016f1" testName="ClickUp.Api.Client.Tests.ServiceTests.ChatServiceTests.UpdateChatChannelAsync_NullDataInResponse_ThrowsInvalidOperationException" computerName="devbox" duration="00:00:00.0043865" startTime="2025-06-23T16:17:45.4082322+00:00" endTime="2025-06-23T16:17:45.4082323+00:00" testType="13cdc9d9-ddb5-4fa4-a97d-d965ccfc6d4b" outcome="Passed" testListId="8c84fa94-04c1-424b-9868-57a2d4851a1d" relativeResultsDirectory="255ba10d-88d5-4c22-8b37-5b11b436a254" />
    <UnitTestResult executionId="50576cf4-61da-4bd5-a943-302fb2f59431" testId="e83420e2-3e4c-0b46-91f0-367058c9ac00" testName="ClickUp.Api.Client.Tests.ServiceTests.DocsServiceTests.GetDocAsync_NullResponse_ThrowsInvalidOperationException" computerName="devbox" duration="00:00:00.0054139" startTime="2025-06-23T16:17:45.4122341+00:00" endTime="2025-06-23T16:17:45.4122342+00:00" testType="13cdc9d9-ddb5-4fa4-a97d-d965ccfc6d4b" outcome="Passed" testListId="8c84fa94-04c1-424b-9868-57a2d4851a1d" relativeResultsDirectory="50576cf4-61da-4bd5-a943-302fb2f59431" />
    <UnitTestResult executionId="2b7a5ccd-5444-42d8-8ebd-c35c00e291f5" testId="b43043ee-a97b-ce0d-b146-a66bef5ed3c0" testName="ClickUp.Api.Client.Tests.ServiceTests.UserGroupServiceTests.UpdateUserGroupAsync_ApiReturnsNullResponse_ThrowsInvalidOperationException" computerName="devbox" duration="00:00:00.0025607" startTime="2025-06-23T16:17:46.3086857+00:00" endTime="2025-06-23T16:17:46.3086858+00:00" testType="13cdc9d9-ddb5-4fa4-a97d-d965ccfc6d4b" outcome="Passed" testListId="8c84fa94-04c1-424b-9868-57a2d4851a1d" relativeResultsDirectory="2b7a5ccd-5444-42d8-8ebd-c35c00e291f5" />
    <UnitTestResult executionId="9d8b2659-f80e-4f1c-8c88-a8304b68a4d3" testId="7f402585-2713-267c-c0c6-1302cda9f995" testName="ClickUp.Api.Client.Tests.ServiceTests.ChatServiceTests.CreateChatMessageAsync_NullDataInResponse_ThrowsInvalidOperationException" computerName="devbox" duration="00:00:00.0058945" startTime="2025-06-23T16:17:45.7139072+00:00" endTime="2025-06-23T16:17:45.7139074+00:00" testType="13cdc9d9-ddb5-4fa4-a97d-d965ccfc6d4b" outcome="Passed" testListId="8c84fa94-04c1-424b-9868-57a2d4851a1d" relativeResultsDirectory="9d8b2659-f80e-4f1c-8c88-a8304b68a4d3" />
    <UnitTestResult executionId="5c6c44d4-bb54-40ba-a7d1-bc403812217b" testId="ddb44325-0b2d-129d-e82f-9203a2572f55" testName="ClickUp.Api.Client.Tests.ServiceTests.DocsServiceTests.GetDocAsync_ApiConnectionThrowsTaskCanceledException_PropagatesException" computerName="devbox" duration="00:00:00.0022015" startTime="2025-06-23T16:17:45.4202404+00:00" endTime="2025-06-23T16:17:45.4202405+00:00" testType="13cdc9d9-ddb5-4fa4-a97d-d965ccfc6d4b" outcome="Passed" testListId="8c84fa94-04c1-424b-9868-57a2d4851a1d" relativeResultsDirectory="5c6c44d4-bb54-40ba-a7d1-bc403812217b" />
    <UnitTestResult executionId="0ecf0863-dd7e-4857-a432-475f9b1bdb29" testId="76028a67-5647-15f3-939f-9a6a64300933" testName="ClickUp.Api.Client.Tests.ServiceTests.GoalsServiceTests.GetGoalsAsync_ValidRequest_BuildsCorrectUrlAndReturnsResponse" computerName="devbox" duration="00:00:00.0148433" startTime="2025-06-23T16:17:46.2633832+00:00" endTime="2025-06-23T16:17:46.2633834+00:00" testType="13cdc9d9-ddb5-4fa4-a97d-d965ccfc6d4b" outcome="Passed" testListId="8c84fa94-04c1-424b-9868-57a2d4851a1d" relativeResultsDirectory="0ecf0863-dd7e-4857-a432-475f9b1bdb29" />
    <UnitTestResult executionId="95a1615a-791f-4178-a255-6ac20dba26f4" testId="20034fd8-e7e6-9f59-86b8-581519456825" testName="ClickUp.Api.Client.Tests.ServiceTests.TagsServiceTests.RemoveTagFromTaskAsync_PassesCancellationTokenToApiConnection" computerName="devbox" duration="00:00:00.0101616" startTime="2025-06-23T16:17:45.9808387+00:00" endTime="2025-06-23T16:17:45.9808389+00:00" testType="13cdc9d9-ddb5-4fa4-a97d-d965ccfc6d4b" outcome="Passed" testListId="8c84fa94-04c1-424b-9868-57a2d4851a1d" relativeResultsDirectory="95a1615a-791f-4178-a255-6ac20dba26f4" />
    <UnitTestResult executionId="8ec60619-bcca-4b15-b3a0-cd790779d1c4" testId="c8f84837-475f-c268-9d80-b3447b9de129" testName="ClickUp.Api.Client.Tests.ServiceTests.DocsServiceTests.GetPageAsync_ApiError_ThrowsHttpRequestException" computerName="devbox" duration="00:00:00.0041361" startTime="2025-06-23T16:17:45.4556669+00:00" endTime="2025-06-23T16:17:45.4556670+00:00" testType="13cdc9d9-ddb5-4fa4-a97d-d965ccfc6d4b" outcome="Passed" testListId="8c84fa94-04c1-424b-9868-57a2d4851a1d" relativeResultsDirectory="8ec60619-bcca-4b15-b3a0-cd790779d1c4" />
    <UnitTestResult executionId="fbf04d49-8d23-49d8-9f26-5ec394fd1355" testId="5cfef7c9-4c98-ecbd-c878-db328469599f" testName="ClickUp.Api.Client.Tests.ServiceTests.CustomFieldsServiceTests.GetFolderCustomFieldsAsync_ApiConnectionThrowsTaskCanceledException_PropagatesException" computerName="devbox" duration="00:00:00.0016946" startTime="2025-06-23T16:17:45.2703920+00:00" endTime="2025-06-23T16:17:45.2703921+00:00" testType="13cdc9d9-ddb5-4fa4-a97d-d965ccfc6d4b" outcome="Passed" testListId="8c84fa94-04c1-424b-9868-57a2d4851a1d" relativeResultsDirectory="fbf04d49-8d23-49d8-9f26-5ec394fd1355" />
    <UnitTestResult executionId="fdb4194a-273f-4f22-8068-da5955dadc06" testId="67630699-418a-515b-6c7b-74476e1555f9" testName="ClickUp.Api.Client.Tests.ServiceTests.TimeTrackingServiceTests.UpdateTimeEntryAsync_ApiReturnsResponseWithNullData_ThrowsInvalidOperationException" computerName="devbox" duration="00:00:00.0020341" startTime="2025-06-23T16:17:46.6282957+00:00" endTime="2025-06-23T16:17:46.6282958+00:00" testType="13cdc9d9-ddb5-4fa4-a97d-d965ccfc6d4b" outcome="Passed" testListId="8c84fa94-04c1-424b-9868-57a2d4851a1d" relativeResultsDirectory="fdb4194a-273f-4f22-8068-da5955dadc06" />
    <UnitTestResult executionId="8b795a80-d32a-42a0-ba85-597c889130fa" testId="28cceedd-0004-bcae-37ba-848d1807e699" testName="ClickUp.Api.Client.Tests.ServiceTests.FoldersServiceTests.GetFolderAsync_ApiError_ThrowsHttpRequestException" computerName="devbox" duration="00:00:00.0029503" startTime="2025-06-23T16:17:46.0098471+00:00" endTime="2025-06-23T16:17:46.0098472+00:00" testType="13cdc9d9-ddb5-4fa4-a97d-d965ccfc6d4b" outcome="Passed" testListId="8c84fa94-04c1-424b-9868-57a2d4851a1d" relativeResultsDirectory="8b795a80-d32a-42a0-ba85-597c889130fa" />
    <UnitTestResult executionId="c8f8bddc-0054-401a-a48a-95b051cdfc6b" testId="e2e9293a-4c73-471b-0e98-16ee7bb12ace" testName="ClickUp.Api.Client.Tests.ServiceTests.FoldersServiceTests.GetFolderAsync_ApiReturnsNull_ThrowsInvalidOperationException" computerName="devbox" duration="00:00:00.0021589" startTime="2025-06-23T16:17:46.0270703+00:00" endTime="2025-06-23T16:17:46.0270705+00:00" testType="13cdc9d9-ddb5-4fa4-a97d-d965ccfc6d4b" outcome="Passed" testListId="8c84fa94-04c1-424b-9868-57a2d4851a1d" relativeResultsDirectory="c8f8bddc-0054-401a-a48a-95b051cdfc6b" />
    <UnitTestResult executionId="8b628a17-2883-4fe4-a89f-8c3ce36fb884" testId="1cb0a5ae-f23f-d489-08aa-7d3a9bd6d033" testName="ClickUp.Api.Client.Tests.ServiceTests.TimeTrackingServiceTests.GetRunningTimeEntryAsync_PassesCancellationTokenToApiConnection" computerName="devbox" duration="00:00:00.0029051" startTime="2025-06-23T16:17:46.6543263+00:00" endTime="2025-06-23T16:17:46.6543264+00:00" testType="13cdc9d9-ddb5-4fa4-a97d-d965ccfc6d4b" outcome="Passed" testListId="8c84fa94-04c1-424b-9868-57a2d4851a1d" relativeResultsDirectory="8b628a17-2883-4fe4-a89f-8c3ce36fb884" />
    <UnitTestResult executionId="280518e5-7a7b-42c4-b07e-addd76c3d03d" testId="6442377a-2b00-e812-5ab4-2cda87cd60f0" testName="ClickUp.Api.Client.Tests.ServiceTests.RolesServiceTests.GetCustomRolesAsync_WithIncludeMembers_ConstructsCorrectUrl(includeMembers: False, expectedUrl: &quot;team/ws_params/customroles?include_members=false&quot;)" computerName="devbox" duration="00:00:00.0088624" startTime="2025-06-23T16:17:46.3092602+00:00" endTime="2025-06-23T16:17:46.3092603+00:00" testType="13cdc9d9-ddb5-4fa4-a97d-d965ccfc6d4b" outcome="Passed" testListId="8c84fa94-04c1-424b-9868-57a2d4851a1d" relativeResultsDirectory="280518e5-7a7b-42c4-b07e-addd76c3d03d" />
    <UnitTestResult executionId="7c40990c-1a64-46ff-98d8-e42588c61fb5" testId="4bf77a8b-eadd-cc6c-ae22-4cf427189d73" testName="ClickUp.Api.Client.Tests.ServiceTests.ChatServiceTests.UpdateChatMessageAsync_NullResponse_ThrowsInvalidOperationException" computerName="devbox" duration="00:00:00.0034216" startTime="2025-06-23T16:17:45.3891355+00:00" endTime="2025-06-23T16:17:45.3891356+00:00" testType="13cdc9d9-ddb5-4fa4-a97d-d965ccfc6d4b" outcome="Passed" testListId="8c84fa94-04c1-424b-9868-57a2d4851a1d" relativeResultsDirectory="7c40990c-1a64-46ff-98d8-e42588c61fb5" />
    <UnitTestResult executionId="1bb475e5-f777-4f05-ae0e-f89f52cd0087" testId="070d7c8a-fee2-0268-54b0-5b0d9e860eb5" testName="ClickUp.Api.Client.Tests.ServiceTests.SpacesServiceTests.CreateSpaceAsync_ApiReturnsNullResponse_ThrowsInvalidOperationException" computerName="devbox" duration="00:00:00.0038088" startTime="2025-06-23T16:17:45.6764897+00:00" endTime="2025-06-23T16:17:45.6764898+00:00" testType="13cdc9d9-ddb5-4fa4-a97d-d965ccfc6d4b" outcome="Passed" testListId="8c84fa94-04c1-424b-9868-57a2d4851a1d" relativeResultsDirectory="1bb475e5-f777-4f05-ae0e-f89f52cd0087" />
    <UnitTestResult executionId="744af93d-c8e4-4cdf-9118-197f08ff5305" testId="cadcb56b-1265-165e-5791-65d8d3f838ca" testName="ClickUp.Api.Client.Tests.ServiceTests.ChatServiceTests.GetChatChannelsAsync_NullDataInResponse_ThrowsInvalidOperationException" computerName="devbox" duration="00:00:00.0017435" startTime="2025-06-23T16:17:45.6990731+00:00" endTime="2025-06-23T16:17:45.6990732+00:00" testType="13cdc9d9-ddb5-4fa4-a97d-d965ccfc6d4b" outcome="Failed" testListId="8c84fa94-04c1-424b-9868-57a2d4851a1d" relativeResultsDirectory="744af93d-c8e4-4cdf-9118-197f08ff5305">
      <Output>
        <ErrorInfo>
          <Message>Assert.NotNull() Failure: Value is null</Message>
          <StackTrace>   at ClickUp.Api.Client.Tests.ServiceTests.ChatServiceTests.GetChatChannelsAsync_NullDataInResponse_ThrowsInvalidOperationException() in /app/src/ClickUp.Api.Client.Tests/ServiceTests/ChatServiceTests.cs:line 226
--- End of stack trace from previous location ---</StackTrace>
        </ErrorInfo>
      </Output>
    </UnitTestResult>
    <UnitTestResult executionId="b604e6dd-a342-499d-8187-a8ace8db0adb" testId="0875c5b2-9eb4-a182-bf98-f890bebee5ef" testName="ClickUp.Api.Client.Tests.ServiceTests.TaskRelationshipsServiceTests.AddDependencyAsync_WithDependencyOf_CallsPostAsyncWithCorrectPayloadAndUrl" computerName="devbox" duration="00:00:00.0086482" startTime="2025-06-23T16:17:45.3292062+00:00" endTime="2025-06-23T16:17:45.3292064+00:00" testType="13cdc9d9-ddb5-4fa4-a97d-d965ccfc6d4b" outcome="Passed" testListId="8c84fa94-04c1-424b-9868-57a2d4851a1d" relativeResultsDirectory="b604e6dd-a342-499d-8187-a8ace8db0adb" />
    <UnitTestResult executionId="7f5b9dc2-7f62-4b96-a760-4a7ebd3b8a9b" testId="d18af540-e4d6-a005-bdec-72a24b34a0e1" testName="ClickUp.Api.Client.Tests.ServiceTests.CustomFieldsServiceTests.GetSpaceCustomFieldsAsync_ApiError_ThrowsHttpRequestException" computerName="devbox" duration="00:00:00.0026116" startTime="2025-06-23T16:17:45.3278253+00:00" endTime="2025-06-23T16:17:45.3278255+00:00" testType="13cdc9d9-ddb5-4fa4-a97d-d965ccfc6d4b" outcome="Passed" testListId="8c84fa94-04c1-424b-9868-57a2d4851a1d" relativeResultsDirectory="7f5b9dc2-7f62-4b96-a760-4a7ebd3b8a9b" />
    <UnitTestResult executionId="5818fa6a-b0e6-4746-8312-fb75071995ea" testId="96f6f192-ed3a-aaee-aefe-d76ac3dfd73f" testName="ClickUp.Api.Client.Tests.ServiceTests.ChatServiceTests.GetChatMessageReactionsAsync_ValidRequest_BuildsUrlAndReturnsResponse" computerName="devbox" duration="00:00:00.0079771" startTime="2025-06-23T16:17:45.6544949+00:00" endTime="2025-06-23T16:17:45.6544950+00:00" testType="13cdc9d9-ddb5-4fa4-a97d-d965ccfc6d4b" outcome="Passed" testListId="8c84fa94-04c1-424b-9868-57a2d4851a1d" relativeResultsDirectory="5818fa6a-b0e6-4746-8312-fb75071995ea" />
    <UnitTestResult executionId="7b25d59d-cfb9-4843-87ef-f1c037604341" testId="9edc3d01-0f4e-9855-faef-f39f06d14cce" testName="ClickUp.Api.Client.Tests.ServiceTests.ListsServiceTests.UpdateListAsync_ApiConnectionThrowsHttpRequestException_PropagatesException" computerName="devbox" duration="00:00:00.0038562" startTime="2025-06-23T16:17:46.1118946+00:00" endTime="2025-06-23T16:17:46.1118948+00:00" testType="13cdc9d9-ddb5-4fa4-a97d-d965ccfc6d4b" outcome="Passed" testListId="8c84fa94-04c1-424b-9868-57a2d4851a1d" relativeResultsDirectory="7b25d59d-cfb9-4843-87ef-f1c037604341" />
    <UnitTestResult executionId="61d76102-bffc-46d3-b2ab-3702403e24ea" testId="5bacd513-6195-b41b-3bb0-2f6e5335e84f" testName="ClickUp.Api.Client.Tests.ServiceTests.TimeTrackingServiceTests.GetTimeEntryHistoryAsync_ApiConnectionThrowsHttpRequestException_PropagatesException" computerName="devbox" duration="00:00:00.0021856" startTime="2025-06-23T16:17:46.6375813+00:00" endTime="2025-06-23T16:17:46.6375814+00:00" testType="13cdc9d9-ddb5-4fa4-a97d-d965ccfc6d4b" outcome="Passed" testListId="8c84fa94-04c1-424b-9868-57a2d4851a1d" relativeResultsDirectory="61d76102-bffc-46d3-b2ab-3702403e24ea" />
    <UnitTestResult executionId="29f1423c-5679-4ae8-ab7a-66e8528d739d" testId="28198b81-66ec-1562-5ed0-6cabf57ebd54" testName="ClickUp.Api.Client.Tests.ServiceTests.CustomFieldsServiceTests.RemoveCustomFieldValueAsync_ApiConnectionThrowsTaskCanceledException_PropagatesException" computerName="devbox" duration="00:00:00.0066181" startTime="2025-06-23T16:17:45.3343280+00:00" endTime="2025-06-23T16:17:45.3343281+00:00" testType="13cdc9d9-ddb5-4fa4-a97d-d965ccfc6d4b" outcome="Passed" testListId="8c84fa94-04c1-424b-9868-57a2d4851a1d" relativeResultsDirectory="29f1423c-5679-4ae8-ab7a-66e8528d739d" />
    <UnitTestResult executionId="4ebd2e85-b09c-45e7-a49d-e05078beccf4" testId="f21ae241-b4bd-9868-77b6-d0156ab40b45" testName="ClickUp.Api.Client.Tests.ServiceTests.TaskChecklistsServiceTests.EditChecklistAsync_ApiConnectionThrowsHttpRequestException_PropagatesException" computerName="devbox" duration="00:00:00.0043715" startTime="2025-06-23T16:17:46.0647881+00:00" endTime="2025-06-23T16:17:46.0647883+00:00" testType="13cdc9d9-ddb5-4fa4-a97d-d965ccfc6d4b" outcome="Passed" testListId="8c84fa94-04c1-424b-9868-57a2d4851a1d" relativeResultsDirectory="4ebd2e85-b09c-45e7-a49d-e05078beccf4" />
    <UnitTestResult executionId="1a5efe08-bcf4-49d7-bbff-353ed6b308fe" testId="af662909-c2b2-cc32-22b4-6721aba0f3b3" testName="ClickUp.Api.Client.Tests.ServiceTests.ChatServiceTests.UpdateChatMessageAsync_ApiError_ThrowsHttpRequestException" computerName="devbox" duration="00:00:00.0020500" startTime="2025-06-23T16:17:45.5799660+00:00" endTime="2025-06-23T16:17:45.5799662+00:00" testType="13cdc9d9-ddb5-4fa4-a97d-d965ccfc6d4b" outcome="Passed" testListId="8c84fa94-04c1-424b-9868-57a2d4851a1d" relativeResultsDirectory="1a5efe08-bcf4-49d7-bbff-353ed6b308fe" />
    <UnitTestResult executionId="fd20b7a1-fc7a-4e0b-809f-6588d2408d46" testId="c40e86e2-e16f-4233-5fc4-00fc072bd6a2" testName="ClickUp.Api.Client.Tests.ServiceTests.ViewsServiceTests.GetSpaceViewsAsync_ValidSpaceId_ReturnsViews" computerName="devbox" duration="00:00:00.0048312" startTime="2025-06-23T16:17:45.3055497+00:00" endTime="2025-06-23T16:17:45.3055498+00:00" testType="13cdc9d9-ddb5-4fa4-a97d-d965ccfc6d4b" outcome="Passed" testListId="8c84fa94-04c1-424b-9868-57a2d4851a1d" relativeResultsDirectory="fd20b7a1-fc7a-4e0b-809f-6588d2408d46" />
    <UnitTestResult executionId="e825490f-f48a-45a8-9146-9231123deab1" testId="475d9678-ed39-777c-2507-1c4359088c7d" testName="ClickUp.Api.Client.Tests.ServiceTests.UsersServiceTests.GetUserFromWorkspaceAsync_ApiReturnsNullResponse_ThrowsInvalidOperationException" computerName="devbox" duration="00:00:00.0169323" startTime="2025-06-23T16:17:46.3680426+00:00" endTime="2025-06-23T16:17:46.3680427+00:00" testType="13cdc9d9-ddb5-4fa4-a97d-d965ccfc6d4b" outcome="Passed" testListId="8c84fa94-04c1-424b-9868-57a2d4851a1d" relativeResultsDirectory="e825490f-f48a-45a8-9146-9231123deab1" />
    <UnitTestResult executionId="200e2b93-337e-4d76-a680-de09a3ee1996" testId="d514cbef-9ae0-3465-36ea-91b11bbefd16" testName="ClickUp.Api.Client.Tests.ServiceTests.SharedHierarchyServiceTests.GetSharedHierarchyAsync_ApiConnectionThrowsTaskCanceledException_PropagatesException" computerName="devbox" duration="00:00:00.0018323" startTime="2025-06-23T16:17:46.1719755+00:00" endTime="2025-06-23T16:17:46.1719756+00:00" testType="13cdc9d9-ddb5-4fa4-a97d-d965ccfc6d4b" outcome="Passed" testListId="8c84fa94-04c1-424b-9868-57a2d4851a1d" relativeResultsDirectory="200e2b93-337e-4d76-a680-de09a3ee1996" />
    <UnitTestResult executionId="0ed1ac55-a194-4d59-9129-79d14df97df3" testId="d026e7ad-37c2-eeb6-fe71-0201019f497b" testName="ClickUp.Api.Client.Tests.ServiceTests.ChatServiceTests.DeleteChatMessageAsync_ApiConnectionThrowsTaskCanceledException_PropagatesException" computerName="devbox" duration="00:00:00.0019915" startTime="2025-06-23T16:17:45.6438629+00:00" endTime="2025-06-23T16:17:45.6438629+00:00" testType="13cdc9d9-ddb5-4fa4-a97d-d965ccfc6d4b" outcome="Passed" testListId="8c84fa94-04c1-424b-9868-57a2d4851a1d" relativeResultsDirectory="0ed1ac55-a194-4d59-9129-79d14df97df3" />
    <UnitTestResult executionId="0c1c6548-6196-4398-a5df-4a88cdf63af4" testId="b89d58f6-3451-4a52-c26c-ae9d3822f836" testName="ClickUp.Api.Client.Tests.ServiceTests.GoalsServiceTests.CreateKeyResultAsync_NullResponseData_ThrowsInvalidOperationException" computerName="devbox" duration="00:00:00.0030078" startTime="2025-06-23T16:17:46.4580511+00:00" endTime="2025-06-23T16:17:46.4580513+00:00" testType="13cdc9d9-ddb5-4fa4-a97d-d965ccfc6d4b" outcome="Passed" testListId="8c84fa94-04c1-424b-9868-57a2d4851a1d" relativeResultsDirectory="0c1c6548-6196-4398-a5df-4a88cdf63af4" />
    <UnitTestResult executionId="5c1a0930-a9e3-446c-9c99-fd3a22fce5b8" testId="b525a9d3-5ad0-5c70-a1c9-be78c0c85d0c" testName="ClickUp.Api.Client.Tests.ServiceTests.FoldersServiceTests.CreateFolderFromTemplateAsync_ApiConnectionThrowsTaskCanceledException_PropagatesException" computerName="devbox" duration="00:00:00.0076056" startTime="2025-06-23T16:17:45.9174953+00:00" endTime="2025-06-23T16:17:45.9174955+00:00" testType="13cdc9d9-ddb5-4fa4-a97d-d965ccfc6d4b" outcome="Passed" testListId="8c84fa94-04c1-424b-9868-57a2d4851a1d" relativeResultsDirectory="5c1a0930-a9e3-446c-9c99-fd3a22fce5b8" />
    <UnitTestResult executionId="06866ad1-c5be-4de0-9bd0-37ec7c838324" testId="99aa1ae7-f783-a977-8317-5f1ee410306e" testName="ClickUp.Api.Client.Tests.ServiceTests.TagsServiceTests.AddTagToTaskAsync_ApiConnectionThrowsHttpRequestException_PropagatesException" computerName="devbox" duration="00:00:00.0017390" startTime="2025-06-23T16:17:45.9217829+00:00" endTime="2025-06-23T16:17:45.9217832+00:00" testType="13cdc9d9-ddb5-4fa4-a97d-d965ccfc6d4b" outcome="Passed" testListId="8c84fa94-04c1-424b-9868-57a2d4851a1d" relativeResultsDirectory="06866ad1-c5be-4de0-9bd0-37ec7c838324" />
    <UnitTestResult executionId="4b4d1d81-e4f0-4af5-ab5f-6e3d3acd0601" testId="51353947-3452-476e-394a-bcc34cf5934f" testName="ClickUp.Api.Client.Tests.ServiceTests.ChatServiceTests.GetChatChannelAsync_PassesCancellationTokenToApiConnection" computerName="devbox" duration="00:00:00.0039804" startTime="2025-06-23T16:17:45.5550625+00:00" endTime="2025-06-23T16:17:45.5550626+00:00" testType="13cdc9d9-ddb5-4fa4-a97d-d965ccfc6d4b" outcome="Passed" testListId="8c84fa94-04c1-424b-9868-57a2d4851a1d" relativeResultsDirectory="4b4d1d81-e4f0-4af5-ab5f-6e3d3acd0601" />
    <UnitTestResult executionId="388b1cd2-e2e8-4fe7-90fd-55314a8c01c5" testId="a5a77c23-3fc3-73eb-726a-706853169a5b" testName="ClickUp.Api.Client.Tests.Integration.AuthorizationServiceIntegrationTests.GetAuthorizedUserAsync_WithInvalidToken_ThrowsClickUpApiAuthenticationException" computerName="devbox" duration="00:00:00.0010000" startTime="2025-06-23T16:17:46.1052272+00:00" endTime="2025-06-23T16:17:46.1052273+00:00" testType="13cdc9d9-ddb5-4fa4-a97d-d965ccfc6d4b" outcome="Failed" testListId="8c84fa94-04c1-424b-9868-57a2d4851a1d" relativeResultsDirectory="388b1cd2-e2e8-4fe7-90fd-55314a8c01c5">
      <Output>
        <ErrorInfo>
          <Message>System.InvalidOperationException : ClickUp API PersonalAccessToken not configured for integration tests. Set via User Secrets (e.g., 'ClickUpApi:PersonalAccessToken') or Environment Variables (e.g., 'ClickUpApi__PersonalAccessToken').</Message>
          <StackTrace>   at ClickUp.Api.Client.Tests.Integration.IntegrationTestBase..ctor() in /app/src/ClickUp.Api.Client.Tests/Integration/IntegrationTestBase.cs:line 28
   at ClickUp.Api.Client.Tests.Integration.AuthorizationServiceIntegrationTests..ctor(ITestOutputHelper output) in /app/src/ClickUp.Api.Client.Tests/Integration/AuthorizationServiceIntegrationTests.cs:line 19
   at InvokeStub_AuthorizationServiceIntegrationTests..ctor(Object, Span`1)
   at System.Reflection.MethodBaseInvoker.InvokeWithOneArg(Object obj, BindingFlags invokeAttr, Binder binder, Object[] parameters, CultureInfo culture)</StackTrace>
        </ErrorInfo>
      </Output>
    </UnitTestResult>
    <UnitTestResult executionId="2af0c6ff-f607-43c3-b288-9b2f04f9668e" testId="68d897a4-6a85-c8f5-57c8-3625c4c02b5f" testName="ClickUp.Api.Client.Tests.ServiceTests.TaskChecklistsServiceTests.CreateChecklistItemAsync_PassesCancellationTokenToApiConnection" computerName="devbox" duration="00:00:00.0085781" startTime="2025-06-23T16:17:46.0588883+00:00" endTime="2025-06-23T16:17:46.0588886+00:00" testType="13cdc9d9-ddb5-4fa4-a97d-d965ccfc6d4b" outcome="Passed" testListId="8c84fa94-04c1-424b-9868-57a2d4851a1d" relativeResultsDirectory="2af0c6ff-f607-43c3-b288-9b2f04f9668e" />
    <UnitTestResult executionId="b6b601d0-03f0-462d-9aad-0426171c1c4f" testId="faccfa53-2df6-24a2-b853-bc0462bcfc1c" testName="ClickUp.Api.Client.Tests.ServiceTests.GuestsServiceTests.AddGuestToFolderAsync_ValidRequest_CallsPostAndReturnsGuest" computerName="devbox" duration="00:00:00.0060759" startTime="2025-06-23T16:17:45.5694609+00:00" endTime="2025-06-23T16:17:45.5694610+00:00" testType="13cdc9d9-ddb5-4fa4-a97d-d965ccfc6d4b" outcome="Passed" testListId="8c84fa94-04c1-424b-9868-57a2d4851a1d" relativeResultsDirectory="b6b601d0-03f0-462d-9aad-0426171c1c4f" />
    <UnitTestResult executionId="ce7ad8b4-d3d2-4c78-adcb-88b2fe92de3a" testId="b81c1618-316b-5c50-d8bb-6cce05c2b1d6" testName="ClickUp.Api.Client.Tests.ServiceTests.DocsServiceTests.GetDocPagesAsync_ApiError_ThrowsHttpRequestException" computerName="devbox" duration="00:00:00.0056111" startTime="2025-06-23T16:17:45.4186631+00:00" endTime="2025-06-23T16:17:45.4186631+00:00" testType="13cdc9d9-ddb5-4fa4-a97d-d965ccfc6d4b" outcome="Passed" testListId="8c84fa94-04c1-424b-9868-57a2d4851a1d" relativeResultsDirectory="ce7ad8b4-d3d2-4c78-adcb-88b2fe92de3a" />
    <UnitTestResult executionId="b461b8e8-d5d3-4a15-a708-74b0f5f0c272" testId="df534433-e81e-2362-089d-02b32a13ff5f" testName="ClickUp.Api.Client.Tests.ServiceTests.ListsServiceTests.GetFolderlessListsAsync_ApiReturnsNullResponse_ReturnsEmptyEnumerable" computerName="devbox" duration="00:00:00.0010941" startTime="2025-06-23T16:17:46.6980726+00:00" endTime="2025-06-23T16:17:46.6980727+00:00" testType="13cdc9d9-ddb5-4fa4-a97d-d965ccfc6d4b" outcome="Passed" testListId="8c84fa94-04c1-424b-9868-57a2d4851a1d" relativeResultsDirectory="b461b8e8-d5d3-4a15-a708-74b0f5f0c272" />
    <UnitTestResult executionId="61f67afe-939b-46db-93d7-f2a0cddbc9d2" testId="46b8a299-9fde-9539-71fe-3aef5b8601e2" testName="ClickUp.Api.Client.Tests.ServiceTests.GuestsServiceTests.RemoveGuestFromListAsync_ValidRequest_CallsDeleteAndReturnsGuest" computerName="devbox" duration="00:00:00.0069439" startTime="2025-06-23T16:17:45.5473396+00:00" endTime="2025-06-23T16:17:45.5473397+00:00" testType="13cdc9d9-ddb5-4fa4-a97d-d965ccfc6d4b" outcome="Passed" testListId="8c84fa94-04c1-424b-9868-57a2d4851a1d" relativeResultsDirectory="61f67afe-939b-46db-93d7-f2a0cddbc9d2" />
    <UnitTestResult executionId="e4750df3-ec35-45d0-9803-920dd5512363" testId="e83ed511-c40f-c1db-281e-9fbb36db81f3" testName="ClickUp.Api.Client.Tests.ServiceTests.TimeTrackingServiceTests.GetTimeEntryAsync_ApiReturnsNullResponse_ThrowsInvalidOperationException" computerName="devbox" duration="00:00:00.0079384" startTime="2025-06-23T16:17:46.4489437+00:00" endTime="2025-06-23T16:17:46.4489438+00:00" testType="13cdc9d9-ddb5-4fa4-a97d-d965ccfc6d4b" outcome="Passed" testListId="8c84fa94-04c1-424b-9868-57a2d4851a1d" relativeResultsDirectory="e4750df3-ec35-45d0-9803-920dd5512363" />
    <UnitTestResult executionId="5809ca42-7177-4907-b8cc-cd7685c5a1c5" testId="d17156f2-d96b-7805-f2d0-4f7f66933361" testName="ClickUp.Api.Client.Tests.ServiceTests.DocsServiceTests.CreatePageAsync_NullResponseData_ThrowsInvalidOperationException" computerName="devbox" duration="00:00:00.0074059" startTime="2025-06-23T16:17:45.4418253+00:00" endTime="2025-06-23T16:17:45.4418254+00:00" testType="13cdc9d9-ddb5-4fa4-a97d-d965ccfc6d4b" outcome="Passed" testListId="8c84fa94-04c1-424b-9868-57a2d4851a1d" relativeResultsDirectory="5809ca42-7177-4907-b8cc-cd7685c5a1c5" />
    <UnitTestResult executionId="4e7bac15-5979-4744-a3b3-e562b15731f8" testId="94d721c8-ee4e-319c-2167-6beaaf83b935" testName="ClickUp.Api.Client.Tests.ServiceTests.DocsServiceTests.GetDocAsync_ApiError_ThrowsHttpRequestException" computerName="devbox" duration="00:00:00.0013727" startTime="2025-06-23T16:17:45.5537554+00:00" endTime="2025-06-23T16:17:45.5537555+00:00" testType="13cdc9d9-ddb5-4fa4-a97d-d965ccfc6d4b" outcome="Passed" testListId="8c84fa94-04c1-424b-9868-57a2d4851a1d" relativeResultsDirectory="4e7bac15-5979-4744-a3b3-e562b15731f8" />
    <UnitTestResult executionId="d4ce7692-33e4-4c02-8a97-19a5cc71e1de" testId="f60ad773-b852-568a-f848-dd5f3fec899e" testName="ClickUp.Api.Client.Tests.ServiceTests.ChatServiceTests.UpdateChatChannelAsync_NullResponse_ThrowsInvalidOperationException" computerName="devbox" duration="00:00:00.0034324" startTime="2025-06-23T16:17:45.6016821+00:00" endTime="2025-06-23T16:17:45.6016822+00:00" testType="13cdc9d9-ddb5-4fa4-a97d-d965ccfc6d4b" outcome="Passed" testListId="8c84fa94-04c1-424b-9868-57a2d4851a1d" relativeResultsDirectory="d4ce7692-33e4-4c02-8a97-19a5cc71e1de" />
    <UnitTestResult executionId="2875e6c3-6261-4373-ac77-8ec0ffe0a6fb" testId="2b484fed-800e-eefb-c232-611caa07952d" testName="ClickUp.Api.Client.Tests.ServiceTests.TaskChecklistsServiceTests.CreateChecklistAsync_PassesCancellationTokenToApiConnection" computerName="devbox" duration="00:00:00.0041608" startTime="2025-06-23T16:17:46.0150978+00:00" endTime="2025-06-23T16:17:46.0150979+00:00" testType="13cdc9d9-ddb5-4fa4-a97d-d965ccfc6d4b" outcome="Passed" testListId="8c84fa94-04c1-424b-9868-57a2d4851a1d" relativeResultsDirectory="2875e6c3-6261-4373-ac77-8ec0ffe0a6fb" />
    <UnitTestResult executionId="0cd19a65-e27e-46b2-8947-b38850aadb5a" testId="fca4fb8b-d92d-c12c-ce43-4e8f81294e05" testName="ClickUp.Api.Client.Tests.ServiceTests.CommentServiceTests.GetListCommentsStreamAsync_IAsyncEnumerable_HandlesCancellation" computerName="devbox" duration="00:00:00.0105197" startTime="2025-06-23T16:17:45.9279094+00:00" endTime="2025-06-23T16:17:45.9279095+00:00" testType="13cdc9d9-ddb5-4fa4-a97d-d965ccfc6d4b" outcome="Passed" testListId="8c84fa94-04c1-424b-9868-57a2d4851a1d" relativeResultsDirectory="0cd19a65-e27e-46b2-8947-b38850aadb5a" />
    <UnitTestResult executionId="654cc3fb-73c6-41de-b132-f140b89b7025" testId="10c50b8f-bcc8-df8e-e0b7-8d550856f9b0" testName="ClickUp.Api.Client.Tests.ServiceTests.SpacesServiceTests.UpdateSpaceAsync_ApiConnectionThrowsHttpRequestException_PropagatesException" computerName="devbox" duration="00:00:00.0025207" startTime="2025-06-23T16:17:45.6719631+00:00" endTime="2025-06-23T16:17:45.6719632+00:00" testType="13cdc9d9-ddb5-4fa4-a97d-d965ccfc6d4b" outcome="Passed" testListId="8c84fa94-04c1-424b-9868-57a2d4851a1d" relativeResultsDirectory="654cc3fb-73c6-41de-b132-f140b89b7025" />
    <UnitTestResult executionId="d2126736-d981-4425-95c6-62d6e0ce8f0d" testId="96333dd8-5a74-360b-92fb-215ab6923163" testName="ClickUp.Api.Client.Tests.Models.Entities.CustomFieldValueTests.Deserialize_CheckboxFieldValue_Correctly" computerName="devbox" duration="00:00:00.0011149" startTime="2025-06-23T16:17:46.0061091+00:00" endTime="2025-06-23T16:17:46.0061092+00:00" testType="13cdc9d9-ddb5-4fa4-a97d-d965ccfc6d4b" outcome="Passed" testListId="8c84fa94-04c1-424b-9868-57a2d4851a1d" relativeResultsDirectory="d2126736-d981-4425-95c6-62d6e0ce8f0d" />
    <UnitTestResult executionId="0c713ce6-8032-4227-8009-0366ebe9f200" testId="5ff9f8c5-a602-278e-9018-6f84584c4fe6" testName="ClickUp.Api.Client.Tests.ServiceTests.ListsServiceTests.CreateListInFolderAsync_ValidRequest_ReturnsList" computerName="devbox" duration="00:00:00.0037814" startTime="2025-06-23T16:17:46.6514434+00:00" endTime="2025-06-23T16:17:46.6514435+00:00" testType="13cdc9d9-ddb5-4fa4-a97d-d965ccfc6d4b" outcome="Passed" testListId="8c84fa94-04c1-424b-9868-57a2d4851a1d" relativeResultsDirectory="0c713ce6-8032-4227-8009-0366ebe9f200" />
    <UnitTestResult executionId="06d21d82-9e9a-455a-9132-a160125345e4" testId="fa2e88d1-6b70-064f-28da-ce56fe3bc31b" testName="ClickUp.Api.Client.Tests.ServiceTests.TimeTrackingServiceTests.GetRunningTimeEntryAsync_WhenNoTimerIsRunning_ReturnsNull" computerName="devbox" duration="00:00:00.0022372" startTime="2025-06-23T16:17:46.5015783+00:00" endTime="2025-06-23T16:17:46.5015783+00:00" testType="13cdc9d9-ddb5-4fa4-a97d-d965ccfc6d4b" outcome="Passed" testListId="8c84fa94-04c1-424b-9868-57a2d4851a1d" relativeResultsDirectory="06d21d82-9e9a-455a-9132-a160125345e4" />
    <UnitTestResult executionId="4721aa4b-dca8-46f1-8448-37c01756a44f" testId="b66a0705-5045-a9ff-6d1b-1ead82f483bf" testName="ClickUp.Api.Client.Tests.ServiceTests.ChatServiceTests.UpdateChatMessageAsync_NullDataInResponse_ThrowsInvalidOperationException" computerName="devbox" duration="00:00:00.0023734" startTime="2025-06-23T16:17:45.4521370+00:00" endTime="2025-06-23T16:17:45.4521371+00:00" testType="13cdc9d9-ddb5-4fa4-a97d-d965ccfc6d4b" outcome="Passed" testListId="8c84fa94-04c1-424b-9868-57a2d4851a1d" relativeResultsDirectory="4721aa4b-dca8-46f1-8448-37c01756a44f" />
    <UnitTestResult executionId="8e1a5b2f-98c5-45da-ae22-0d5386b3c012" testId="b5d24841-5913-74d3-42f1-eae7a6cd6b06" testName="ClickUp.Api.Client.Tests.ServiceTests.ListsServiceTests.GetFolderlessListsAsyncEnumerableAsync_ReturnsEmpty_WhenNoLists" computerName="devbox" duration="00:00:00.0047439" startTime="2025-06-23T16:17:46.5221516+00:00" endTime="2025-06-23T16:17:46.5221517+00:00" testType="13cdc9d9-ddb5-4fa4-a97d-d965ccfc6d4b" outcome="Passed" testListId="8c84fa94-04c1-424b-9868-57a2d4851a1d" relativeResultsDirectory="8e1a5b2f-98c5-45da-ae22-0d5386b3c012" />
    <UnitTestResult executionId="f4064edc-890f-4870-9a81-5cbede27b7f5" testId="c6d7e2c8-c69e-63ac-2995-895307cfb489" testName="ClickUp.Api.Client.Tests.ServiceTests.SpacesServiceTests.DeleteSpaceAsync_PassesCancellationTokenToApiConnection" computerName="devbox" duration="00:00:00.0059918" startTime="2025-06-23T16:17:45.7145119+00:00" endTime="2025-06-23T16:17:45.7145121+00:00" testType="13cdc9d9-ddb5-4fa4-a97d-d965ccfc6d4b" outcome="Passed" testListId="8c84fa94-04c1-424b-9868-57a2d4851a1d" relativeResultsDirectory="f4064edc-890f-4870-9a81-5cbede27b7f5" />
    <UnitTestResult executionId="63cfca13-6865-4383-bd63-4a478286b9cd" testId="cc9ac9d7-b9e8-4488-d232-2be18abcf3d4" testName="ClickUp.Api.Client.Tests.ServiceTests.GoalsServiceTests.CreateKeyResultAsync_ApiReturnsNullResponse_ThrowsInvalidOperationException" computerName="devbox" duration="00:00:00.0037859" startTime="2025-06-23T16:17:46.4087939+00:00" endTime="2025-06-23T16:17:46.4087940+00:00" testType="13cdc9d9-ddb5-4fa4-a97d-d965ccfc6d4b" outcome="Passed" testListId="8c84fa94-04c1-424b-9868-57a2d4851a1d" relativeResultsDirectory="63cfca13-6865-4383-bd63-4a478286b9cd" />
    <UnitTestResult executionId="49ac3c63-2669-415e-95a8-5110f610e38c" testId="50c5abd6-7b0a-4348-78da-8a2e086832a2" testName="ClickUp.Api.Client.Tests.ServiceTests.CommentServiceTests.GetTaskCommentsAsync_IAsyncEnumerable_ReturnsAllComments_WhenSinglePage" computerName="devbox" duration="00:00:00.0059227" startTime="2025-06-23T16:17:46.1562443+00:00" endTime="2025-06-23T16:17:46.1562444+00:00" testType="13cdc9d9-ddb5-4fa4-a97d-d965ccfc6d4b" outcome="Passed" testListId="8c84fa94-04c1-424b-9868-57a2d4851a1d" relativeResultsDirectory="49ac3c63-2669-415e-95a8-5110f610e38c" />
    <UnitTestResult executionId="cc983df5-8cd2-41c5-97d5-f9a2ccfb94d2" testId="4b76b10c-3987-229a-82ef-c4d4464c6a7a" testName="ClickUp.Api.Client.Tests.ServiceTests.CommentServiceTests.GetListCommentsStreamAsync_IAsyncEnumerable_ReturnsEmpty_WhenNoComments" computerName="devbox" duration="00:00:00.0039279" startTime="2025-06-23T16:17:46.1502252+00:00" endTime="2025-06-23T16:17:46.1502254+00:00" testType="13cdc9d9-ddb5-4fa4-a97d-d965ccfc6d4b" outcome="Passed" testListId="8c84fa94-04c1-424b-9868-57a2d4851a1d" relativeResultsDirectory="cc983df5-8cd2-41c5-97d5-f9a2ccfb94d2" />
    <UnitTestResult executionId="c61a54ba-5b4a-424c-8c37-d5845acc91ec" testId="43d3aa7c-9de4-afce-d05b-93acd6576746" testName="ClickUp.Api.Client.Tests.ServiceTests.CommentServiceTests.GetChatViewCommentsAsync_ApiConnectionThrowsTaskCanceledException_PropagatesException" computerName="devbox" duration="00:00:00.0015685" startTime="2025-06-23T16:17:46.1465675+00:00" endTime="2025-06-23T16:17:46.1465676+00:00" testType="13cdc9d9-ddb5-4fa4-a97d-d965ccfc6d4b" outcome="Passed" testListId="8c84fa94-04c1-424b-9868-57a2d4851a1d" relativeResultsDirectory="c61a54ba-5b4a-424c-8c37-d5845acc91ec" />
    <UnitTestResult executionId="274d9aed-8746-4038-84f5-b5a868e3fa0f" testId="01826418-4acd-c446-dcf6-3d0fe5fda7b0" testName="ClickUp.Api.Client.Tests.ServiceTests.GuestsServiceTests.RemoveGuestFromTaskAsync_NullApiResponse_ThrowsInvalidOperationException" computerName="devbox" duration="00:00:00.0041164" startTime="2025-06-23T16:17:45.4898192+00:00" endTime="2025-06-23T16:17:45.4898193+00:00" testType="13cdc9d9-ddb5-4fa4-a97d-d965ccfc6d4b" outcome="Passed" testListId="8c84fa94-04c1-424b-9868-57a2d4851a1d" relativeResultsDirectory="274d9aed-8746-4038-84f5-b5a868e3fa0f" />
    <UnitTestResult executionId="7acf5f78-7644-4e54-b0e7-09ee9323006c" testId="7166428a-b2c6-d817-221a-e3f6d6f9c367" testName="ClickUp.Api.Client.Tests.ServiceTests.ListsServiceTests.RemoveTaskFromListAsync_ApiConnectionThrowsHttpRequestException_PropagatesException" computerName="devbox" duration="00:00:00.0021295" startTime="2025-06-23T16:17:46.6257618+00:00" endTime="2025-06-23T16:17:46.6257619+00:00" testType="13cdc9d9-ddb5-4fa4-a97d-d965ccfc6d4b" outcome="Passed" testListId="8c84fa94-04c1-424b-9868-57a2d4851a1d" relativeResultsDirectory="7acf5f78-7644-4e54-b0e7-09ee9323006c" />
    <UnitTestResult executionId="9325a21b-a224-4705-a678-317ada05a9f9" testId="5e34e83a-50fc-5b2c-3593-fda1d4315bc6" testName="ClickUp.Api.Client.Tests.ServiceTests.TaskRelationshipsServiceTests.AddDependencyAsync_ApiConnectionThrowsTaskCanceledException_PropagatesException" computerName="devbox" duration="00:00:00.0020637" startTime="2025-06-23T16:17:45.3313707+00:00" endTime="2025-06-23T16:17:45.3313709+00:00" testType="13cdc9d9-ddb5-4fa4-a97d-d965ccfc6d4b" outcome="Passed" testListId="8c84fa94-04c1-424b-9868-57a2d4851a1d" relativeResultsDirectory="9325a21b-a224-4705-a678-317ada05a9f9" />
    <UnitTestResult executionId="2a5c7395-4d4e-4a6a-bb61-83bceb7bc7c9" testId="0c583350-00fc-c256-1d2e-f648f6c1b140" testName="ClickUp.Api.Client.Tests.ServiceTests.ChatServiceTests.CreateDirectMessageChatChannelAsync_PassesCancellationTokenToApiConnection" computerName="devbox" duration="00:00:00.0094178" startTime="2025-06-23T16:17:45.5397159+00:00" endTime="2025-06-23T16:17:45.5397160+00:00" testType="13cdc9d9-ddb5-4fa4-a97d-d965ccfc6d4b" outcome="Passed" testListId="8c84fa94-04c1-424b-9868-57a2d4851a1d" relativeResultsDirectory="2a5c7395-4d4e-4a6a-bb61-83bceb7bc7c9" />
    <UnitTestResult executionId="35759621-750b-45c0-ae0f-172af1fa9f23" testId="f431fb4a-77c8-02d9-5874-49fe6f579e71" testName="ClickUp.Api.Client.Tests.ServiceTests.TaskRelationshipsServiceTests.DeleteTaskLinkAsync_ValidRequest_ReturnsNullAsPerCurrentImpl" computerName="devbox" duration="00:00:00.0061735" startTime="2025-06-23T16:17:45.2930788+00:00" endTime="2025-06-23T16:17:45.2930789+00:00" testType="13cdc9d9-ddb5-4fa4-a97d-d965ccfc6d4b" outcome="Passed" testListId="8c84fa94-04c1-424b-9868-57a2d4851a1d" relativeResultsDirectory="35759621-750b-45c0-ae0f-172af1fa9f23" />
    <UnitTestResult executionId="70d8474c-d0d9-487f-8ed5-56f846072627" testId="e4fcace6-2c75-0e64-c285-70cbf2156b4a" testName="ClickUp.Api.Client.Tests.ServiceTests.TaskChecklistsServiceTests.CreateChecklistItemAsync_ApiReturnsNullResponse_ThrowsInvalidOperationException" computerName="devbox" duration="00:00:00.0054060" startTime="2025-06-23T16:17:45.9366499+00:00" endTime="2025-06-23T16:17:45.9366501+00:00" testType="13cdc9d9-ddb5-4fa4-a97d-d965ccfc6d4b" outcome="Passed" testListId="8c84fa94-04c1-424b-9868-57a2d4851a1d" relativeResultsDirectory="70d8474c-d0d9-487f-8ed5-56f846072627" />
    <UnitTestResult executionId="81472c9b-180a-45f7-b147-a7b6dbdd2314" testId="45f226c6-a7fb-f0c5-2b54-879f9f02343b" testName="ClickUp.Api.Client.Tests.ServiceTests.TimeTrackingServiceTests.GetRunningTimeEntryAsync_ApiConnectionThrowsTaskCanceledException_PropagatesException" computerName="devbox" duration="00:00:00.0018279" startTime="2025-06-23T16:17:46.5137281+00:00" endTime="2025-06-23T16:17:46.5137282+00:00" testType="13cdc9d9-ddb5-4fa4-a97d-d965ccfc6d4b" outcome="Passed" testListId="8c84fa94-04c1-424b-9868-57a2d4851a1d" relativeResultsDirectory="81472c9b-180a-45f7-b147-a7b6dbdd2314" />
    <UnitTestResult executionId="f2366a01-a00d-4105-a28f-ba36c0a204c2" testId="e53e156b-129a-c92c-df82-35500b563cae" testName="ClickUp.Api.Client.Tests.ServiceTests.CommentServiceTests.CreateTaskCommentAsync_ApiConnectionReturnsNull_ThrowsInvalidOperationException" computerName="devbox" duration="00:00:00.0027261" startTime="2025-06-23T16:17:46.0598567+00:00" endTime="2025-06-23T16:17:46.0598568+00:00" testType="13cdc9d9-ddb5-4fa4-a97d-d965ccfc6d4b" outcome="Passed" testListId="8c84fa94-04c1-424b-9868-57a2d4851a1d" relativeResultsDirectory="f2366a01-a00d-4105-a28f-ba36c0a204c2" />
    <UnitTestResult executionId="f4c89d5c-4bae-4e0e-a488-9583e09a1bf5" testId="c64906e5-891b-d070-0323-c95ffdca0dd5" testName="ClickUp.Api.Client.Tests.ServiceTests.UsersServiceTests.EditUserOnWorkspaceAsync_PassesCancellationTokenToApiConnection" computerName="devbox" duration="00:00:00.0073353" startTime="2025-06-23T16:17:46.4799400+00:00" endTime="2025-06-23T16:17:46.4799401+00:00" testType="13cdc9d9-ddb5-4fa4-a97d-d965ccfc6d4b" outcome="Passed" testListId="8c84fa94-04c1-424b-9868-57a2d4851a1d" relativeResultsDirectory="f4c89d5c-4bae-4e0e-a488-9583e09a1bf5" />
    <UnitTestResult executionId="87b57018-ad7b-4e83-b1b6-f30160d0f5da" testId="4dc95a35-dbeb-1d83-363f-030e74e2f451" testName="ClickUp.Api.Client.Tests.ServiceTests.ChatServiceTests.CreateChatChannelAsync_PassesCancellationTokenToApiConnection" computerName="devbox" duration="00:00:00.0110035" startTime="2025-06-23T16:17:45.6764462+00:00" endTime="2025-06-23T16:17:45.6764463+00:00" testType="13cdc9d9-ddb5-4fa4-a97d-d965ccfc6d4b" outcome="Passed" testListId="8c84fa94-04c1-424b-9868-57a2d4851a1d" relativeResultsDirectory="87b57018-ad7b-4e83-b1b6-f30160d0f5da" />
    <UnitTestResult executionId="370b7845-715d-4ba3-9803-db1f72ee4811" testId="b6681964-59c0-3268-9b1a-1e37718996a3" testName="ClickUp.Api.Client.Tests.ServiceTests.TimeTrackingServiceTests.StopTimeEntryAsync_ApiReturnsResponseWithNullData_ThrowsInvalidOperationException" computerName="devbox" duration="00:00:00.0043714" startTime="2025-06-23T16:17:46.2744116+00:00" endTime="2025-06-23T16:17:46.2744118+00:00" testType="13cdc9d9-ddb5-4fa4-a97d-d965ccfc6d4b" outcome="Passed" testListId="8c84fa94-04c1-424b-9868-57a2d4851a1d" relativeResultsDirectory="370b7845-715d-4ba3-9803-db1f72ee4811" />
    <UnitTestResult executionId="d4505b94-e2a1-4b2a-a076-2645b34c1116" testId="fd21df4b-204e-a7c4-3467-b991d2cfdb59" testName="ClickUp.Api.Client.Tests.ServiceTests.GuestsServiceTests.AddGuestToListAsync_NullApiResponse_ThrowsInvalidOperationException" computerName="devbox" duration="00:00:00.0026880" startTime="2025-06-23T16:17:45.5203150+00:00" endTime="2025-06-23T16:17:45.5203151+00:00" testType="13cdc9d9-ddb5-4fa4-a97d-d965ccfc6d4b" outcome="Passed" testListId="8c84fa94-04c1-424b-9868-57a2d4851a1d" relativeResultsDirectory="d4505b94-e2a1-4b2a-a076-2645b34c1116" />
    <UnitTestResult executionId="675b45d2-a2eb-4e46-8a0e-0cdabed1f98a" testId="714f0003-938d-dad5-3c4f-f245997bfc86" testName="ClickUp.Api.Client.Tests.ServiceTests.DocsServiceTests.GetDocPagesAsync_ApiConnectionThrowsTaskCanceledException_PropagatesException" computerName="devbox" duration="00:00:00.0137992" startTime="2025-06-23T16:17:45.7000549+00:00" endTime="2025-06-23T16:17:45.7000550+00:00" testType="13cdc9d9-ddb5-4fa4-a97d-d965ccfc6d4b" outcome="Passed" testListId="8c84fa94-04c1-424b-9868-57a2d4851a1d" relativeResultsDirectory="675b45d2-a2eb-4e46-8a0e-0cdabed1f98a" />
    <UnitTestResult executionId="35a4dfe4-201f-4e32-8b8a-3f684a163072" testId="86e349cb-54c7-eeac-34ed-ee58de95c40c" testName="ClickUp.Api.Client.Tests.ServiceTests.MembersServiceTests.GetTaskMembersAsync_ApiReturnsNullResponse_ReturnsEmptyEnumerable" computerName="devbox" duration="00:00:00.0059886" startTime="2025-06-23T16:17:46.2554628+00:00" endTime="2025-06-23T16:17:46.2554630+00:00" testType="13cdc9d9-ddb5-4fa4-a97d-d965ccfc6d4b" outcome="Passed" testListId="8c84fa94-04c1-424b-9868-57a2d4851a1d" relativeResultsDirectory="35a4dfe4-201f-4e32-8b8a-3f684a163072" />
    <UnitTestResult executionId="552083e5-54cd-4743-a505-7115a108c3ae" testId="9fe5da7b-8344-b527-8330-6fbce0aa2ad1" testName="ClickUp.Api.Client.Tests.ServiceTests.CustomFieldsServiceTests.GetFolderCustomFieldsAsync_PassesCancellationTokenToApiConnection" computerName="devbox" duration="00:00:00.0051794" startTime="2025-06-23T16:17:45.2686095+00:00" endTime="2025-06-23T16:17:45.2686096+00:00" testType="13cdc9d9-ddb5-4fa4-a97d-d965ccfc6d4b" outcome="Passed" testListId="8c84fa94-04c1-424b-9868-57a2d4851a1d" relativeResultsDirectory="552083e5-54cd-4743-a505-7115a108c3ae" />
    <UnitTestResult executionId="a3f89d1f-0cbe-4e72-a5cc-5120a1574850" testId="e13a926e-8f7a-1ebc-e350-9ac986a98f7c" testName="ClickUp.Api.Client.Tests.ServiceTests.MembersServiceTests.GetTaskMembersAsync_ValidTaskId_ReturnsMembers" computerName="devbox" duration="00:00:00.0064233" startTime="2025-06-23T16:17:46.2503957+00:00" endTime="2025-06-23T16:17:46.2503958+00:00" testType="13cdc9d9-ddb5-4fa4-a97d-d965ccfc6d4b" outcome="Passed" testListId="8c84fa94-04c1-424b-9868-57a2d4851a1d" relativeResultsDirectory="a3f89d1f-0cbe-4e72-a5cc-5120a1574850" />
    <UnitTestResult executionId="0e76d975-12a4-44b1-86b7-237fef57c91e" testId="30b9de58-1a14-f03e-d802-269c770e923a" testName="ClickUp.Api.Client.Tests.ServiceTests.ChatServiceTests.DeleteChatMessageAsync_ValidRequest_CallsDelete" computerName="devbox" duration="00:00:00.0031612" startTime="2025-06-23T16:17:45.3610914+00:00" endTime="2025-06-23T16:17:45.3610915+00:00" testType="13cdc9d9-ddb5-4fa4-a97d-d965ccfc6d4b" outcome="Passed" testListId="8c84fa94-04c1-424b-9868-57a2d4851a1d" relativeResultsDirectory="0e76d975-12a4-44b1-86b7-237fef57c91e" />
    <UnitTestResult executionId="150bbb98-4a10-4b97-83e9-ec6c9e1e3e43" testId="8c3af055-720f-3152-0354-855afd66a7ec" testName="ClickUp.Api.Client.Tests.ServiceTests.GuestsServiceTests.RemoveGuestFromWorkspaceAsync_ValidIds_CallsDelete" computerName="devbox" duration="00:00:00.0034562" startTime="2025-06-23T16:17:45.4501488+00:00" endTime="2025-06-23T16:17:45.4501489+00:00" testType="13cdc9d9-ddb5-4fa4-a97d-d965ccfc6d4b" outcome="Passed" testListId="8c84fa94-04c1-424b-9868-57a2d4851a1d" relativeResultsDirectory="150bbb98-4a10-4b97-83e9-ec6c9e1e3e43" />
    <UnitTestResult executionId="87efe465-52b6-4eb7-80a5-ee6d521871a7" testId="8e599e60-ab89-4b35-a0ff-6f9eb7d0e6aa" testName="ClickUp.Api.Client.Tests.ServiceTests.ChatServiceTests.GetChatMessageRepliesAsync_NullResponse_ThrowsInvalidOperationException" computerName="devbox" duration="00:00:00.0071306" startTime="2025-06-23T16:17:45.2209112+00:00" endTime="2025-06-23T16:17:45.2209113+00:00" testType="13cdc9d9-ddb5-4fa4-a97d-d965ccfc6d4b" outcome="Passed" testListId="8c84fa94-04c1-424b-9868-57a2d4851a1d" relativeResultsDirectory="87efe465-52b6-4eb7-80a5-ee6d521871a7" />
    <UnitTestResult executionId="b92dfd49-e11c-4715-9134-be66f63b9287" testId="ffba5041-3dad-a171-d402-f1044d82d98b" testName="ClickUp.Api.Client.Tests.ServiceTests.TaskChecklistsServiceTests.EditChecklistItemAsync_ApiReturnsResponseWithNullChecklist_ThrowsInvalidOperationException" computerName="devbox" duration="00:00:00.0033407" startTime="2025-06-23T16:17:45.9554179+00:00" endTime="2025-06-23T16:17:45.9554181+00:00" testType="13cdc9d9-ddb5-4fa4-a97d-d965ccfc6d4b" outcome="Passed" testListId="8c84fa94-04c1-424b-9868-57a2d4851a1d" relativeResultsDirectory="b92dfd49-e11c-4715-9134-be66f63b9287" />
    <UnitTestResult executionId="ac0d6d67-f12d-4e2d-ad9b-2b68f53c5843" testId="8a5b4e05-a4b2-8f97-f9df-809c810b58e5" testName="ClickUp.Api.Client.Tests.ServiceTests.CommentServiceTests.CreateTaskCommentAsync_ValidInput_CallsApiConnectionPostAsyncWithCorrectParameters" computerName="devbox" duration="00:00:00.0043689" startTime="2025-06-23T16:17:46.1698240+00:00" endTime="2025-06-23T16:17:46.1698241+00:00" testType="13cdc9d9-ddb5-4fa4-a97d-d965ccfc6d4b" outcome="Passed" testListId="8c84fa94-04c1-424b-9868-57a2d4851a1d" relativeResultsDirectory="ac0d6d67-f12d-4e2d-ad9b-2b68f53c5843" />
    <UnitTestResult executionId="ec6c1af1-ee81-4a96-a144-9571740db773" testId="060a0ab5-38d7-1a51-f31b-f4f97a6b8532" testName="ClickUp.Api.Client.Tests.ServiceTests.FoldersServiceTests.CreateFolderFromTemplateAsync_PassesCancellationTokenToApiConnection" computerName="devbox" duration="00:00:00.0069053" startTime="2025-06-23T16:17:45.9066271+00:00" endTime="2025-06-23T16:17:45.9066272+00:00" testType="13cdc9d9-ddb5-4fa4-a97d-d965ccfc6d4b" outcome="Passed" testListId="8c84fa94-04c1-424b-9868-57a2d4851a1d" relativeResultsDirectory="ec6c1af1-ee81-4a96-a144-9571740db773" />
    <UnitTestResult executionId="0e171666-2581-43b1-9af0-38662671c84e" testId="1d56fabf-6545-86bf-c7d3-9fcbf11a9191" testName="ClickUp.Api.Client.Tests.ServiceTests.ChatServiceTests.DeleteChatReactionAsync_ApiConnectionThrowsTaskCanceledException_PropagatesException" computerName="devbox" duration="00:00:00.0025010" startTime="2025-06-23T16:17:45.6470031+00:00" endTime="2025-06-23T16:17:45.6470032+00:00" testType="13cdc9d9-ddb5-4fa4-a97d-d965ccfc6d4b" outcome="Passed" testListId="8c84fa94-04c1-424b-9868-57a2d4851a1d" relativeResultsDirectory="0e171666-2581-43b1-9af0-38662671c84e" />
    <UnitTestResult executionId="2b757224-3d33-4d99-8b53-86a2aac612c1" testId="13b04cd4-8537-43f4-d359-9f5e07054bb4" testName="ClickUp.Api.Client.Tests.ServiceTests.FoldersServiceTests.CreateFolderFromTemplateAsync_ValidRequest_CallsPostAndReturnsFolder" computerName="devbox" duration="00:00:00.0046907" startTime="2025-06-23T16:17:45.9959360+00:00" endTime="2025-06-23T16:17:45.9959362+00:00" testType="13cdc9d9-ddb5-4fa4-a97d-d965ccfc6d4b" outcome="Passed" testListId="8c84fa94-04c1-424b-9868-57a2d4851a1d" relativeResultsDirectory="2b757224-3d33-4d99-8b53-86a2aac612c1" />
    <UnitTestResult executionId="a5fa9485-7dfb-4a11-a70c-88af97a63c31" testId="2be7544e-7b3b-7222-ed6c-048455d7cdad" testName="ClickUp.Api.Client.Tests.ServiceTests.ListsServiceTests.GetListAsync_ApiReturnsNullResponse_ThrowsInvalidOperationException" computerName="devbox" duration="00:00:00.0015894" startTime="2025-06-23T16:17:46.6274634+00:00" endTime="2025-06-23T16:17:46.6274635+00:00" testType="13cdc9d9-ddb5-4fa4-a97d-d965ccfc6d4b" outcome="Passed" testListId="8c84fa94-04c1-424b-9868-57a2d4851a1d" relativeResultsDirectory="a5fa9485-7dfb-4a11-a70c-88af97a63c31" />
    <UnitTestResult executionId="c7e68ff7-b8d7-4be3-ad87-3de60b719213" testId="a618fa57-693b-239b-b71b-0308944ead29" testName="ClickUp.Api.Client.Tests.ServiceTests.ChatServiceTests.GetChatMessagesAsync_NullResponse_ThrowsInvalidOperationException" computerName="devbox" duration="00:00:00.0016993" startTime="2025-06-23T16:17:45.5832355+00:00" endTime="2025-06-23T16:17:45.5832356+00:00" testType="13cdc9d9-ddb5-4fa4-a97d-d965ccfc6d4b" outcome="Passed" testListId="8c84fa94-04c1-424b-9868-57a2d4851a1d" relativeResultsDirectory="c7e68ff7-b8d7-4be3-ad87-3de60b719213" />
    <UnitTestResult executionId="969382c4-578b-4f4a-81b6-8399c56a99c7" testId="db023c3f-6d43-e932-afde-4a3e22b19baf" testName="ClickUp.Api.Client.Tests.Http.ApiConnectionTests.GetAsync_ThrowsClickUpApiRateLimitException_ForTooManyRequests" computerName="devbox" duration="00:00:00.0107622" startTime="2025-06-23T16:17:46.1691848+00:00" endTime="2025-06-23T16:17:46.1691850+00:00" testType="13cdc9d9-ddb5-4fa4-a97d-d965ccfc6d4b" outcome="Passed" testListId="8c84fa94-04c1-424b-9868-57a2d4851a1d" relativeResultsDirectory="969382c4-578b-4f4a-81b6-8399c56a99c7" />
    <UnitTestResult executionId="59535a5b-5326-43fd-b6b3-1012b11e66bb" testId="cfffaa5c-f039-1e50-80e4-a0c83b100e2e" testName="ClickUp.Api.Client.Tests.ServiceTests.GuestsServiceTests.AddGuestToFolderAsync_ApiError_ThrowsHttpRequestException" computerName="devbox" duration="00:00:00.0023057" startTime="2025-06-23T16:17:45.5557801+00:00" endTime="2025-06-23T16:17:45.5557802+00:00" testType="13cdc9d9-ddb5-4fa4-a97d-d965ccfc6d4b" outcome="Passed" testListId="8c84fa94-04c1-424b-9868-57a2d4851a1d" relativeResultsDirectory="59535a5b-5326-43fd-b6b3-1012b11e66bb" />
    <UnitTestResult executionId="244e2e13-ba53-4d9a-8a52-8ef1378fd038" testId="9281d5a3-bf55-f4a8-e9db-d28abfc3fecd" testName="ClickUp.Api.Client.Tests.ServiceTests.WorkspacesServiceTests.GetWorkspaceSeatsAsync_ApiConnectionThrowsHttpRequestException_PropagatesException" computerName="devbox" duration="00:00:00.1466778" startTime="2025-06-23T16:17:45.1308426+00:00" endTime="2025-06-23T16:17:45.1308427+00:00" testType="13cdc9d9-ddb5-4fa4-a97d-d965ccfc6d4b" outcome="Passed" testListId="8c84fa94-04c1-424b-9868-57a2d4851a1d" relativeResultsDirectory="244e2e13-ba53-4d9a-8a52-8ef1378fd038" />
    <UnitTestResult executionId="79d6072a-c975-453d-851f-152d17f67910" testId="c813dab8-ded2-b372-f84d-2989bfcad19b" testName="ClickUp.Api.Client.Tests.Http.ApiConnectionTests.GetAsync_ThrowsClickUpApiValidationException_ForUnprocessableEntity" computerName="devbox" duration="00:00:00.0152446" startTime="2025-06-23T16:17:46.2105285+00:00" endTime="2025-06-23T16:17:46.2105286+00:00" testType="13cdc9d9-ddb5-4fa4-a97d-d965ccfc6d4b" outcome="Passed" testListId="8c84fa94-04c1-424b-9868-57a2d4851a1d" relativeResultsDirectory="79d6072a-c975-453d-851f-152d17f67910" />
    <UnitTestResult executionId="d8f5d0d6-71d4-492d-8f38-97072d5a1eb6" testId="027f9e62-c340-9cfd-f88d-e3e7c831dd77" testName="ClickUp.Api.Client.Tests.ServiceTests.ViewsServiceTests.DeleteViewAsync_ApiThrowsError_PropagatesException" computerName="devbox" duration="00:00:00.0017055" startTime="2025-06-23T16:17:45.2839334+00:00" endTime="2025-06-23T16:17:45.2839335+00:00" testType="13cdc9d9-ddb5-4fa4-a97d-d965ccfc6d4b" outcome="Passed" testListId="8c84fa94-04c1-424b-9868-57a2d4851a1d" relativeResultsDirectory="d8f5d0d6-71d4-492d-8f38-97072d5a1eb6" />
    <UnitTestResult executionId="a85f7616-f253-44bb-b770-e576effeb835" testId="9309341b-b8a6-df5d-756c-93b5b5add603" testName="ClickUp.Api.Client.Tests.ServiceTests.ListsServiceTests.CreateListFromTemplateInSpaceAsync_ApiConnectionThrowsTaskCanceledException_PropagatesException" computerName="devbox" duration="00:00:00.0059920" startTime="2025-06-23T16:17:46.1240407+00:00" endTime="2025-06-23T16:17:46.1240409+00:00" testType="13cdc9d9-ddb5-4fa4-a97d-d965ccfc6d4b" outcome="Passed" testListId="8c84fa94-04c1-424b-9868-57a2d4851a1d" relativeResultsDirectory="a85f7616-f253-44bb-b770-e576effeb835" />
    <UnitTestResult executionId="cde951b8-cd97-4a07-a4f2-554f3ad74742" testId="0d31d690-be18-682b-70ab-692d878b1d19" testName="ClickUp.Api.Client.Tests.ServiceTests.CommentServiceTests.GetListCommentsAsync_ApiConnectionThrowsTaskCanceledException_PropagatesException" computerName="devbox" duration="00:00:00.0050344" startTime="2025-06-23T16:17:46.0189278+00:00" endTime="2025-06-23T16:17:46.0189280+00:00" testType="13cdc9d9-ddb5-4fa4-a97d-d965ccfc6d4b" outcome="Passed" testListId="8c84fa94-04c1-424b-9868-57a2d4851a1d" relativeResultsDirectory="cde951b8-cd97-4a07-a4f2-554f3ad74742" />
    <UnitTestResult executionId="db31c7a1-095c-49ac-88eb-eeb784adb538" testId="2e8375d0-534a-373a-a359-8388c50bf427" testName="ClickUp.Api.Client.Tests.ServiceTests.CustomFieldsServiceTests.GetWorkspaceCustomFieldsAsync_ApiConnectionThrowsTaskCanceledException_PropagatesException" computerName="devbox" duration="00:00:00.0021116" startTime="2025-06-23T16:17:45.3794032+00:00" endTime="2025-06-23T16:17:45.3794033+00:00" testType="13cdc9d9-ddb5-4fa4-a97d-d965ccfc6d4b" outcome="Passed" testListId="8c84fa94-04c1-424b-9868-57a2d4851a1d" relativeResultsDirectory="db31c7a1-095c-49ac-88eb-eeb784adb538" />
    <UnitTestResult executionId="c7d6b202-55b2-4190-af0f-d0dd8c5b1970" testId="7ca2baec-b800-c545-e218-0cb2bb88b41a" testName="ClickUp.Api.Client.Tests.ServiceTests.ListsServiceTests.GetFolderlessListsAsyncEnumerableAsync_ApiReturnsResponseWithNullLists_StopsIteration" computerName="devbox" duration="00:00:00.0050377" startTime="2025-06-23T16:17:46.5992826+00:00" endTime="2025-06-23T16:17:46.5992827+00:00" testType="13cdc9d9-ddb5-4fa4-a97d-d965ccfc6d4b" outcome="Passed" testListId="8c84fa94-04c1-424b-9868-57a2d4851a1d" relativeResultsDirectory="c7d6b202-55b2-4190-af0f-d0dd8c5b1970" />
    <UnitTestResult executionId="c194c895-159b-4de6-afac-8cc7c131be21" testId="1049468b-6543-59b7-56f8-d0c94b4c3137" testName="ClickUp.Api.Client.Tests.ServiceTests.CommentServiceTests.GetTaskCommentsAsync_PassesCancellationTokenToApiConnection" computerName="devbox" duration="00:00:00.0039764" startTime="2025-06-23T16:17:46.1399717+00:00" endTime="2025-06-23T16:17:46.1399719+00:00" testType="13cdc9d9-ddb5-4fa4-a97d-d965ccfc6d4b" outcome="Passed" testListId="8c84fa94-04c1-424b-9868-57a2d4851a1d" relativeResultsDirectory="c194c895-159b-4de6-afac-8cc7c131be21" />
    <UnitTestResult executionId="57951f2c-fc69-44bd-b4ff-1de231e5e80d" testId="8b866447-66c6-e5a8-8978-03992b373a6f" testName="ClickUp.Api.Client.Tests.ServiceTests.ListsServiceTests.UpdateListAsync_ApiConnectionThrowsTaskCanceledException_PropagatesException" computerName="devbox" duration="00:00:00.0026200" startTime="2025-06-23T16:17:46.5880205+00:00" endTime="2025-06-23T16:17:46.5880207+00:00" testType="13cdc9d9-ddb5-4fa4-a97d-d965ccfc6d4b" outcome="Passed" testListId="8c84fa94-04c1-424b-9868-57a2d4851a1d" relativeResultsDirectory="57951f2c-fc69-44bd-b4ff-1de231e5e80d" />
    <UnitTestResult executionId="7ad9d110-09be-4a6a-a433-6273fb4042b0" testId="5c7bd3fb-81ff-1ac2-6d57-8d1e80a09522" testName="ClickUp.Api.Client.Tests.ServiceTests.ChatServiceTests.UpdateChatChannelAsync_PassesCancellationTokenToApiConnection" computerName="devbox" duration="00:00:00.0078140" startTime="2025-06-23T16:17:45.5960927+00:00" endTime="2025-06-23T16:17:45.5960929+00:00" testType="13cdc9d9-ddb5-4fa4-a97d-d965ccfc6d4b" outcome="Passed" testListId="8c84fa94-04c1-424b-9868-57a2d4851a1d" relativeResultsDirectory="7ad9d110-09be-4a6a-a433-6273fb4042b0" />
    <UnitTestResult executionId="2c06e191-05e7-4d68-af80-3c6cc0a83884" testId="894e2728-4245-42fa-915a-9f574681c41e" testName="ClickUp.Api.Client.Tests.ServiceTests.ChatServiceTests.GetChatMessageRepliesAsync_ValidRequest_BuildsUrlAndReturnsResponse" computerName="devbox" duration="00:00:00.0048096" startTime="2025-06-23T16:17:45.5004204+00:00" endTime="2025-06-23T16:17:45.5004205+00:00" testType="13cdc9d9-ddb5-4fa4-a97d-d965ccfc6d4b" outcome="Passed" testListId="8c84fa94-04c1-424b-9868-57a2d4851a1d" relativeResultsDirectory="2c06e191-05e7-4d68-af80-3c6cc0a83884" />
    <UnitTestResult executionId="69d83c90-ca99-4d36-bb4c-6fef7d5c8e92" testId="4caefc62-ab13-e69f-9847-b104043b9487" testName="ClickUp.Api.Client.Tests.ServiceTests.TemplatesServiceTests.GetTaskTemplatesAsync_ApiConnectionThrowsHttpRequestException_PropagatesException" computerName="devbox" duration="00:00:00.0013343" startTime="2025-06-23T16:17:45.8861546+00:00" endTime="2025-06-23T16:17:45.8861547+00:00" testType="13cdc9d9-ddb5-4fa4-a97d-d965ccfc6d4b" outcome="Passed" testListId="8c84fa94-04c1-424b-9868-57a2d4851a1d" relativeResultsDirectory="69d83c90-ca99-4d36-bb4c-6fef7d5c8e92" />
    <UnitTestResult executionId="ce3c899c-553c-4f47-8b71-f07bb23ab955" testId="822f4957-5137-d7c6-2e55-84f7df38fa3f" testName="ClickUp.Api.Client.Tests.ServiceTests.TimeTrackingServiceTests.CreateTimeEntryAsync_PassesCancellationTokenToApiConnection" computerName="devbox" duration="00:00:00.0130531" startTime="2025-06-23T16:17:46.3513012+00:00" endTime="2025-06-23T16:17:46.3513013+00:00" testType="13cdc9d9-ddb5-4fa4-a97d-d965ccfc6d4b" outcome="Passed" testListId="8c84fa94-04c1-424b-9868-57a2d4851a1d" relativeResultsDirectory="ce3c899c-553c-4f47-8b71-f07bb23ab955" />
    <UnitTestResult executionId="e144d640-b523-4de4-ae63-9ad1a4b78719" testId="432343ba-1ff8-33bb-c663-8e4732a49a83" testName="ClickUp.Api.Client.Tests.ServiceTests.FoldersServiceTests.CreateFolderAsync_PassesCancellationTokenToApiConnection" computerName="devbox" duration="00:00:00.0043513" startTime="2025-06-23T16:17:46.0170052+00:00" endTime="2025-06-23T16:17:46.0170053+00:00" testType="13cdc9d9-ddb5-4fa4-a97d-d965ccfc6d4b" outcome="Passed" testListId="8c84fa94-04c1-424b-9868-57a2d4851a1d" relativeResultsDirectory="e144d640-b523-4de4-ae63-9ad1a4b78719" />
    <UnitTestResult executionId="7f9e2666-53f9-4715-9521-8de170bc0355" testId="f4996435-af05-7f68-a1f7-cd772da197a8" testName="ClickUp.Api.Client.Tests.ServiceTests.ListsServiceTests.AddTaskToListAsync_ValidIds_CallsPostAsync" computerName="devbox" duration="00:00:00.0076656" startTime="2025-06-23T16:17:46.1405261+00:00" endTime="2025-06-23T16:17:46.1405263+00:00" testType="13cdc9d9-ddb5-4fa4-a97d-d965ccfc6d4b" outcome="Passed" testListId="8c84fa94-04c1-424b-9868-57a2d4851a1d" relativeResultsDirectory="7f9e2666-53f9-4715-9521-8de170bc0355" />
    <UnitTestResult executionId="240d16fc-6a61-40ae-9b27-f8f3fa18aaee" testId="01e7d27d-5dfb-11ca-f36b-fb5e7da77ca3" testName="ClickUp.Api.Client.Tests.ServiceTests.DocsServiceTests.GetDocPagesAsync_ValidRequest_BuildsUrlAndReturnsPages" computerName="devbox" duration="00:00:00.0157431" startTime="2025-06-23T16:17:45.7537742+00:00" endTime="2025-06-23T16:17:45.7537744+00:00" testType="13cdc9d9-ddb5-4fa4-a97d-d965ccfc6d4b" outcome="Passed" testListId="8c84fa94-04c1-424b-9868-57a2d4851a1d" relativeResultsDirectory="240d16fc-6a61-40ae-9b27-f8f3fa18aaee" />
    <UnitTestResult executionId="7588f55e-556b-4fd5-992d-35244933aedb" testId="bb345544-bfb8-1b01-5339-f2605a9da222" testName="ClickUp.Api.Client.Tests.ServiceTests.TimeTrackingServiceTests.GetTimeEntriesAsync_ApiConnectionThrowsHttpRequestException_PropagatesException" computerName="devbox" duration="00:00:00.0029158" startTime="2025-06-23T16:17:46.4877983+00:00" endTime="2025-06-23T16:17:46.4877984+00:00" testType="13cdc9d9-ddb5-4fa4-a97d-d965ccfc6d4b" outcome="Passed" testListId="8c84fa94-04c1-424b-9868-57a2d4851a1d" relativeResultsDirectory="7588f55e-556b-4fd5-992d-35244933aedb" />
    <UnitTestResult executionId="d22aa453-4de4-4551-a80c-a4e9d3d4ac05" testId="b5dc3f22-33c2-3b99-93aa-344fe768da56" testName="ClickUp.Api.Client.Tests.ServiceTests.UsersServiceTests.GetUserFromWorkspaceAsync_ApiConnectionThrowsTaskCanceledException_PropagatesException" computerName="devbox" duration="00:00:00.0083995" startTime="2025-06-23T16:17:46.4019433+00:00" endTime="2025-06-23T16:17:46.4019434+00:00" testType="13cdc9d9-ddb5-4fa4-a97d-d965ccfc6d4b" outcome="Passed" testListId="8c84fa94-04c1-424b-9868-57a2d4851a1d" relativeResultsDirectory="d22aa453-4de4-4551-a80c-a4e9d3d4ac05" />
    <UnitTestResult executionId="4cb6acb0-939c-45cb-b64b-57e1e9a109de" testId="f0f83b5a-596a-0ab8-09af-a0a880cb9a69" testName="ClickUp.Api.Client.Tests.ServiceTests.FoldersServiceTests.GetFolderAsync_ApiConnectionThrowsTaskCanceledException_PropagatesException" computerName="devbox" duration="00:00:00.0111746" startTime="2025-06-23T16:17:45.8600265+00:00" endTime="2025-06-23T16:17:45.8600266+00:00" testType="13cdc9d9-ddb5-4fa4-a97d-d965ccfc6d4b" outcome="Passed" testListId="8c84fa94-04c1-424b-9868-57a2d4851a1d" relativeResultsDirectory="4cb6acb0-939c-45cb-b64b-57e1e9a109de" />
    <UnitTestResult executionId="34948708-de49-452b-b247-f55260578fef" testId="62d61001-527d-9d1b-b23e-81539a8cf50c" testName="ClickUp.Api.Client.Tests.ServiceTests.TagsServiceTests.EditSpaceTagAsync_ApiConnectionThrowsHttpRequestException_PropagatesException" computerName="devbox" duration="00:00:00.0025489" startTime="2025-06-23T16:17:45.8589455+00:00" endTime="2025-06-23T16:17:45.8589456+00:00" testType="13cdc9d9-ddb5-4fa4-a97d-d965ccfc6d4b" outcome="Passed" testListId="8c84fa94-04c1-424b-9868-57a2d4851a1d" relativeResultsDirectory="34948708-de49-452b-b247-f55260578fef" />
    <UnitTestResult executionId="10eafba2-5310-4ff1-99c1-4ca4902a0be4" testId="5b1e9da7-ae1e-bd78-57ac-b89147ec436e" testName="ClickUp.Api.Client.Tests.ServiceTests.ChatServiceTests.GetChatMessagesAsync_ApiError_ThrowsHttpRequestException" computerName="devbox" duration="00:00:00.0017491" startTime="2025-06-23T16:17:45.3801612+00:00" endTime="2025-06-23T16:17:45.3801613+00:00" testType="13cdc9d9-ddb5-4fa4-a97d-d965ccfc6d4b" outcome="Passed" testListId="8c84fa94-04c1-424b-9868-57a2d4851a1d" relativeResultsDirectory="10eafba2-5310-4ff1-99c1-4ca4902a0be4" />
    <UnitTestResult executionId="3bb866c5-ab1d-4ad1-99d5-8f18b8e32c0f" testId="b122c509-1688-809e-ff0e-b8d07977af92" testName="ClickUp.Api.Client.Tests.ServiceTests.GoalsServiceTests.EditKeyResultAsync_ApiReturnsNullResponse_ThrowsInvalidOperationException" computerName="devbox" duration="00:00:00.0060218" startTime="2025-06-23T16:17:46.4549161+00:00" endTime="2025-06-23T16:17:46.4549162+00:00" testType="13cdc9d9-ddb5-4fa4-a97d-d965ccfc6d4b" outcome="Passed" testListId="8c84fa94-04c1-424b-9868-57a2d4851a1d" relativeResultsDirectory="3bb866c5-ab1d-4ad1-99d5-8f18b8e32c0f" />
    <UnitTestResult executionId="90a023c4-8082-4aac-a40d-c4361d4914d2" testId="764bb79d-f64b-321d-1c4f-cc3374bb3cf9" testName="ClickUp.Api.Client.Tests.ServiceTests.GuestsServiceTests.RemoveGuestFromWorkspaceAsync_ApiConnectionThrowsTaskCanceledException_PropagatesException" computerName="devbox" duration="00:00:00.0058410" startTime="2025-06-23T16:17:45.4328246+00:00" endTime="2025-06-23T16:17:45.4328247+00:00" testType="13cdc9d9-ddb5-4fa4-a97d-d965ccfc6d4b" outcome="Passed" testListId="8c84fa94-04c1-424b-9868-57a2d4851a1d" relativeResultsDirectory="90a023c4-8082-4aac-a40d-c4361d4914d2" />
    <UnitTestResult executionId="bcc7ad0f-fc55-4c60-b0e0-ce2cb419b20d" testId="cf45ee30-83d2-0b82-f62e-b027766bbeaf" testName="ClickUp.Api.Client.Tests.ServiceTests.GoalsServiceTests.EditKeyResultAsync_ApiReturnsNullKeyResultInResponse_ThrowsInvalidOperationException" computerName="devbox" duration="00:00:00.0036293" startTime="2025-06-23T16:17:46.2503046+00:00" endTime="2025-06-23T16:17:46.2503046+00:00" testType="13cdc9d9-ddb5-4fa4-a97d-d965ccfc6d4b" outcome="Passed" testListId="8c84fa94-04c1-424b-9868-57a2d4851a1d" relativeResultsDirectory="bcc7ad0f-fc55-4c60-b0e0-ce2cb419b20d" />
    <UnitTestResult executionId="7eee7b28-43c6-431e-8b78-463dc0673784" testId="80130715-8654-c968-d178-dd7e1786799a" testName="ClickUp.Api.Client.Tests.ServiceTests.TagsServiceTests.CreateSpaceTagAsync_PassesCancellationTokenToApiConnection" computerName="devbox" duration="00:00:00.0071235" startTime="2025-06-23T16:17:45.9707556+00:00" endTime="2025-06-23T16:17:45.9707558+00:00" testType="13cdc9d9-ddb5-4fa4-a97d-d965ccfc6d4b" outcome="Passed" testListId="8c84fa94-04c1-424b-9868-57a2d4851a1d" relativeResultsDirectory="7eee7b28-43c6-431e-8b78-463dc0673784" />
    <UnitTestResult executionId="3b5233a6-c404-4a7c-83b2-9e1bb17b5475" testId="5a411fd8-004a-df54-9143-f411c3f3fc8b" testName="ClickUp.Api.Client.Tests.ServiceTests.UsersServiceTests.GetUserFromWorkspaceAsync_ApiReturnsResponseWithNullMember_ThrowsInvalidOperationException" computerName="devbox" duration="00:00:00.0036505" startTime="2025-06-23T16:17:46.4740958+00:00" endTime="2025-06-23T16:17:46.4740960+00:00" testType="13cdc9d9-ddb5-4fa4-a97d-d965ccfc6d4b" outcome="Passed" testListId="8c84fa94-04c1-424b-9868-57a2d4851a1d" relativeResultsDirectory="3b5233a6-c404-4a7c-83b2-9e1bb17b5475" />
    <UnitTestResult executionId="69bce61d-5456-4f70-a728-c7723fae00f7" testId="5f07255c-d5cd-c0df-f7ee-814cf222be88" testName="ClickUp.Api.Client.Tests.ServiceTests.MembersServiceTests.GetTaskMembersAsync_PassesCancellationTokenToApiConnection" computerName="devbox" duration="00:00:00.0158577" startTime="2025-06-23T16:17:46.2261806+00:00" endTime="2025-06-23T16:17:46.2261808+00:00" testType="13cdc9d9-ddb5-4fa4-a97d-d965ccfc6d4b" outcome="Passed" testListId="8c84fa94-04c1-424b-9868-57a2d4851a1d" relativeResultsDirectory="69bce61d-5456-4f70-a728-c7723fae00f7" />
    <UnitTestResult executionId="ad88c33b-4aa9-4559-ba38-347936ac7bf1" testId="38077e4a-1987-20ec-135a-13e02775b25f" testName="ClickUp.Api.Client.Tests.ServiceTests.TagsServiceTests.EditSpaceTagAsync_ValidRequest_ReturnsUpdatedTag" computerName="devbox" duration="00:00:00.0117245" startTime="2025-06-23T16:17:45.9437183+00:00" endTime="2025-06-23T16:17:45.9437183+00:00" testType="13cdc9d9-ddb5-4fa4-a97d-d965ccfc6d4b" outcome="Passed" testListId="8c84fa94-04c1-424b-9868-57a2d4851a1d" relativeResultsDirectory="ad88c33b-4aa9-4559-ba38-347936ac7bf1" />
    <UnitTestResult executionId="c36d31b8-70ca-4d3c-9804-b99ae0cd37e3" testId="d15a78dd-4e5d-1e70-ad9e-7c1326ed70f1" testName="ClickUp.Api.Client.Tests.ServiceTests.ListsServiceTests.CreateListInFolderAsync_PassesCancellationTokenToApiConnection" computerName="devbox" duration="00:00:00.0038962" startTime="2025-06-23T16:17:46.6771232+00:00" endTime="2025-06-23T16:17:46.6771233+00:00" testType="13cdc9d9-ddb5-4fa4-a97d-d965ccfc6d4b" outcome="Passed" testListId="8c84fa94-04c1-424b-9868-57a2d4851a1d" relativeResultsDirectory="c36d31b8-70ca-4d3c-9804-b99ae0cd37e3" />
    <UnitTestResult executionId="97450a74-cca7-4240-8194-eadf62179e45" testId="b1dfb4f4-ba55-a7da-366a-3fd92a7e155a" testName="ClickUp.Api.Client.Tests.ServiceTests.TaskServiceTests.GetFilteredTeamTasksAsyncEnumerable_ReturnsAllTasks_WhenMultiplePages" computerName="devbox" duration="00:00:00.0120742" startTime="2025-06-23T16:17:45.7296370+00:00" endTime="2025-06-23T16:17:45.7296372+00:00" testType="13cdc9d9-ddb5-4fa4-a97d-d965ccfc6d4b" outcome="Passed" testListId="8c84fa94-04c1-424b-9868-57a2d4851a1d" relativeResultsDirectory="97450a74-cca7-4240-8194-eadf62179e45" />
    <UnitTestResult executionId="2f920767-808e-4ec6-befe-8e2075fee933" testId="9173bdb8-0644-720d-11dc-acce7b1baa61" testName="ClickUp.Api.Client.Tests.Http.AuthenticationDelegatingHandlerTests.Constructor_WithInvalidApiKey_ShouldThrowArgumentNullException(invalidApiKey: null)" computerName="devbox" duration="00:00:00.0000181" startTime="2025-06-23T16:17:45.6508339+00:00" endTime="2025-06-23T16:17:45.6508339+00:00" testType="13cdc9d9-ddb5-4fa4-a97d-d965ccfc6d4b" outcome="Passed" testListId="8c84fa94-04c1-424b-9868-57a2d4851a1d" relativeResultsDirectory="2f920767-808e-4ec6-befe-8e2075fee933" />
    <UnitTestResult executionId="e13b9940-524c-4d2f-b47d-715107643b0f" testId="67bbf7ed-a3ff-066f-e1a0-d7495df89ca2" testName="ClickUp.Api.Client.Tests.Models.Entities.CustomFieldValueTests.Deserialize_TextFieldValue_Correctly" computerName="devbox" duration="00:00:00.0112409" startTime="2025-06-23T16:17:46.0045643+00:00" endTime="2025-06-23T16:17:46.0045644+00:00" testType="13cdc9d9-ddb5-4fa4-a97d-d965ccfc6d4b" outcome="Passed" testListId="8c84fa94-04c1-424b-9868-57a2d4851a1d" relativeResultsDirectory="e13b9940-524c-4d2f-b47d-715107643b0f" />
    <UnitTestResult executionId="b8300d91-7c15-4234-b8a8-dc5f70f3e734" testId="1a6ecfe3-8465-12d2-501e-52aba80255ad" testName="ClickUp.Api.Client.Tests.ServiceTests.AuthorizationServiceTests.GetAuthorizedUserAsync_ValidRequest_ReturnsUser" computerName="devbox" duration="00:00:00.0215007" startTime="2025-06-23T16:17:45.2170841+00:00" endTime="2025-06-23T16:17:45.2170842+00:00" testType="13cdc9d9-ddb5-4fa4-a97d-d965ccfc6d4b" outcome="Passed" testListId="8c84fa94-04c1-424b-9868-57a2d4851a1d" relativeResultsDirectory="b8300d91-7c15-4234-b8a8-dc5f70f3e734" />
    <UnitTestResult executionId="af5d1156-4f90-46f6-ab7f-48077947865f" testId="1a70e6dc-ed7f-99d8-a7c4-718e191e6269" testName="ClickUp.Api.Client.Tests.ServiceTests.GuestsServiceTests.RemoveGuestFromTaskAsync_PassesCancellationTokenToApiConnection" computerName="devbox" duration="00:00:00.0054535" startTime="2025-06-23T16:17:45.5401012+00:00" endTime="2025-06-23T16:17:45.5401013+00:00" testType="13cdc9d9-ddb5-4fa4-a97d-d965ccfc6d4b" outcome="Passed" testListId="8c84fa94-04c1-424b-9868-57a2d4851a1d" relativeResultsDirectory="af5d1156-4f90-46f6-ab7f-48077947865f" />
    <UnitTestResult executionId="fdc1321f-b0c5-4719-925b-eb65ed4a143b" testId="570d2e98-25b4-429b-1b58-b7f94d923fa0" testName="ClickUp.Api.Client.Tests.ServiceTests.WebhooksServiceTests.CreateWebhookAsync_ValidRequest_ReturnsWebhook" computerName="devbox" duration="00:00:00.0133251" startTime="2025-06-23T16:17:46.3927025+00:00" endTime="2025-06-23T16:17:46.3927026+00:00" testType="13cdc9d9-ddb5-4fa4-a97d-d965ccfc6d4b" outcome="Passed" testListId="8c84fa94-04c1-424b-9868-57a2d4851a1d" relativeResultsDirectory="fdc1321f-b0c5-4719-925b-eb65ed4a143b" />
    <UnitTestResult executionId="6aac769b-3a7a-4e53-9cbc-a54292f4f8bc" testId="c283905a-c94a-e35b-3c4e-06b1ee829ec7" testName="ClickUp.Api.Client.Tests.ServiceTests.TimeTrackingServiceTests.GetTimeEntryAsync_ApiConnectionThrowsTaskCanceledException_PropagatesException" computerName="devbox" duration="00:00:00.0017736" startTime="2025-06-23T16:17:46.5226512+00:00" endTime="2025-06-23T16:17:46.5226513+00:00" testType="13cdc9d9-ddb5-4fa4-a97d-d965ccfc6d4b" outcome="Passed" testListId="8c84fa94-04c1-424b-9868-57a2d4851a1d" relativeResultsDirectory="6aac769b-3a7a-4e53-9cbc-a54292f4f8bc" />
    <UnitTestResult executionId="f7fb6cc9-7c41-458b-b786-cd849f8276e8" testId="8c74a5c7-7577-2a52-606c-e8d97bc53bd8" testName="ClickUp.Api.Client.Tests.ServiceTests.AttachmentsServiceTests.CreateTaskAttachmentAsync_ApiConnectionThrowsTaskCanceledException_PropagatesException" computerName="devbox" duration="00:00:00.0099477" startTime="2025-06-23T16:17:46.1324703+00:00" endTime="2025-06-23T16:17:46.1324704+00:00" testType="13cdc9d9-ddb5-4fa4-a97d-d965ccfc6d4b" outcome="Passed" testListId="8c84fa94-04c1-424b-9868-57a2d4851a1d" relativeResultsDirectory="f7fb6cc9-7c41-458b-b786-cd849f8276e8" />
    <UnitTestResult executionId="e8d5eb6d-d764-4bb5-8cb2-ab1b116a6606" testId="9d62c429-bfc4-7793-6e3b-107bc74d99f7" testName="ClickUp.Api.Client.Tests.ServiceTests.CommentServiceTests.GetChatViewCommentsStreamAsync_IAsyncEnumerable_HandlesCancellation" computerName="devbox" duration="00:00:00.0101160" startTime="2025-06-23T16:17:45.9175741+00:00" endTime="2025-06-23T16:17:45.9175742+00:00" testType="13cdc9d9-ddb5-4fa4-a97d-d965ccfc6d4b" outcome="Passed" testListId="8c84fa94-04c1-424b-9868-57a2d4851a1d" relativeResultsDirectory="e8d5eb6d-d764-4bb5-8cb2-ab1b116a6606" />
    <UnitTestResult executionId="4a82c64f-68a8-4436-886c-38f5c55a0ea6" testId="a7543171-6e4a-824a-11b7-fead58dad668" testName="ClickUp.Api.Client.Tests.Http.ApiConnectionTests.GetAsync_ThrowsCorrectException_ForGeneralErrorStatusCodes(statusCode: Unauthorized, expectedExceptionType: typeof(ClickUp.Api.Client.Models.Exceptions.ClickUpApiAuthenticationException), expectedMessageContent: &quot;Unauthorized&quot;)" computerName="devbox" duration="00:00:00.0009812" startTime="2025-06-23T16:17:46.1555232+00:00" endTime="2025-06-23T16:17:46.1555233+00:00" testType="13cdc9d9-ddb5-4fa4-a97d-d965ccfc6d4b" outcome="Passed" testListId="8c84fa94-04c1-424b-9868-57a2d4851a1d" relativeResultsDirectory="4a82c64f-68a8-4436-886c-38f5c55a0ea6" />
    <UnitTestResult executionId="be5d9381-f288-49b9-bf66-a244ed39de6c" testId="1fc0a138-aae1-a53b-1473-03ab377675e8" testName="ClickUp.Api.Client.Tests.ServiceTests.TagsServiceTests.DeleteSpaceTagAsync_ValidRequest_CallsDeleteAsync" computerName="devbox" duration="00:00:00.0069536" startTime="2025-06-23T16:17:45.9938785+00:00" endTime="2025-06-23T16:17:45.9938786+00:00" testType="13cdc9d9-ddb5-4fa4-a97d-d965ccfc6d4b" outcome="Passed" testListId="8c84fa94-04c1-424b-9868-57a2d4851a1d" relativeResultsDirectory="be5d9381-f288-49b9-bf66-a244ed39de6c" />
    <UnitTestResult executionId="13039837-425f-4435-89d3-9dc4ca9f5b56" testId="4bb0600b-7552-bec3-f9e2-bd119f76cea4" testName="ClickUp.Api.Client.Tests.ServiceTests.TimeTrackingServiceTests.AddTagsToTimeEntriesAsync_ApiConnectionThrowsTaskCanceledException_PropagatesException" computerName="devbox" duration="00:00:00.0039610" startTime="2025-06-23T16:17:46.4741887+00:00" endTime="2025-06-23T16:17:46.4741888+00:00" testType="13cdc9d9-ddb5-4fa4-a97d-d965ccfc6d4b" outcome="Passed" testListId="8c84fa94-04c1-424b-9868-57a2d4851a1d" relativeResultsDirectory="13039837-425f-4435-89d3-9dc4ca9f5b56" />
    <UnitTestResult executionId="5d8c8ed7-1d20-4591-ab7f-03cad522e5fc" testId="fbfcdd25-8006-e7af-fc46-35b988e5dd70" testName="ClickUp.Api.Client.Tests.ServiceTests.FoldersServiceTests.GetFoldersAsync_ArchivedNull_BuildsCorrectUrl" computerName="devbox" duration="00:00:00.0112119" startTime="2025-06-23T16:17:45.9554955+00:00" endTime="2025-06-23T16:17:45.9554956+00:00" testType="13cdc9d9-ddb5-4fa4-a97d-d965ccfc6d4b" outcome="Passed" testListId="8c84fa94-04c1-424b-9868-57a2d4851a1d" relativeResultsDirectory="5d8c8ed7-1d20-4591-ab7f-03cad522e5fc" />
    <UnitTestResult executionId="b5a57a5c-6f18-419d-bc48-7efa69ae889a" testId="048450f3-967a-39d8-a390-18f251e85531" testName="ClickUp.Api.Client.Tests.ServiceTests.SharedHierarchyServiceTests.GetSharedHierarchyAsync_ValidWorkspaceId_ReturnsSharedHierarchy" computerName="devbox" duration="00:00:00.0092817" startTime="2025-06-23T16:17:46.1680549+00:00" endTime="2025-06-23T16:17:46.1680551+00:00" testType="13cdc9d9-ddb5-4fa4-a97d-d965ccfc6d4b" outcome="Passed" testListId="8c84fa94-04c1-424b-9868-57a2d4851a1d" relativeResultsDirectory="b5a57a5c-6f18-419d-bc48-7efa69ae889a" />
    <UnitTestResult executionId="1bacbf73-c584-4cce-af14-2cbfe8aae157" testId="a1836fe9-5442-216b-5777-465e396b7d81" testName="ClickUp.Api.Client.Tests.ServiceTests.DocsServiceTests.GetDocPageListingAsync_ApiError_ThrowsHttpRequestException" computerName="devbox" duration="00:00:00.0057607" startTime="2025-06-23T16:17:45.6756882+00:00" endTime="2025-06-23T16:17:45.6763676+00:00" testType="13cdc9d9-ddb5-4fa4-a97d-d965ccfc6d4b" outcome="Passed" testListId="8c84fa94-04c1-424b-9868-57a2d4851a1d" relativeResultsDirectory="1bacbf73-c584-4cce-af14-2cbfe8aae157" />
    <UnitTestResult executionId="0e495898-9676-4596-bb30-c9a59d186051" testId="917fa181-a315-21f5-7c4c-f9ac52837fa3" testName="ClickUp.Api.Client.Tests.ServiceTests.SpacesServiceTests.UpdateSpaceAsync_ApiReturnsNullResponse_ThrowsInvalidOperationException" computerName="devbox" duration="00:00:00.0015513" startTime="2025-06-23T16:17:45.7057025+00:00" endTime="2025-06-23T16:17:45.7057025+00:00" testType="13cdc9d9-ddb5-4fa4-a97d-d965ccfc6d4b" outcome="Passed" testListId="8c84fa94-04c1-424b-9868-57a2d4851a1d" relativeResultsDirectory="0e495898-9676-4596-bb30-c9a59d186051" />
    <UnitTestResult executionId="8989b52c-e5ff-4ea8-aecb-51a810896a2a" testId="0823628a-7c09-b726-d13c-9b0734623f88" testName="ClickUp.Api.Client.Tests.ServiceTests.ChatServiceTests.CreateChatMessageAsync_PassesCancellationTokenToApiConnection" computerName="devbox" duration="00:00:00.0045733" startTime="2025-06-23T16:17:45.3411406+00:00" endTime="2025-06-23T16:17:45.3411407+00:00" testType="13cdc9d9-ddb5-4fa4-a97d-d965ccfc6d4b" outcome="Passed" testListId="8c84fa94-04c1-424b-9868-57a2d4851a1d" relativeResultsDirectory="8989b52c-e5ff-4ea8-aecb-51a810896a2a" />
    <UnitTestResult executionId="24ab0c18-abcb-4167-b643-509c6181d79d" testId="08cd1022-e7e2-5161-140c-058a94b3cf40" testName="ClickUp.Api.Client.Tests.ServiceTests.SpacesServiceTests.UpdateSpaceAsync_ValidRequest_ReturnsUpdatedSpace" computerName="devbox" duration="00:00:00.0159486" startTime="2025-06-23T16:17:45.6693419+00:00" endTime="2025-06-23T16:17:45.6693420+00:00" testType="13cdc9d9-ddb5-4fa4-a97d-d965ccfc6d4b" outcome="Passed" testListId="8c84fa94-04c1-424b-9868-57a2d4851a1d" relativeResultsDirectory="24ab0c18-abcb-4167-b643-509c6181d79d" />
    <UnitTestResult executionId="0bfb7a12-5824-4ca5-98c0-6e1b282f28b4" testId="4e8d34fb-f4b6-28e4-b444-7aeea57cc091" testName="ClickUp.Api.Client.Tests.ServiceTests.AttachmentsServiceTests.CreateTaskAttachmentAsync_ApiConnectionReturnsNull_ThrowsInvalidOperationException" computerName="devbox" duration="00:00:00.0167534" startTime="2025-06-23T16:17:46.1220779+00:00" endTime="2025-06-23T16:17:46.1220780+00:00" testType="13cdc9d9-ddb5-4fa4-a97d-d965ccfc6d4b" outcome="Passed" testListId="8c84fa94-04c1-424b-9868-57a2d4851a1d" relativeResultsDirectory="0bfb7a12-5824-4ca5-98c0-6e1b282f28b4" />
    <UnitTestResult executionId="42977ddc-bcf5-422e-af06-0a3dd0c81df0" testId="c4201998-1b61-94fa-68e5-733a302980cd" testName="ClickUp.Api.Client.Tests.ServiceTests.DocsServiceTests.CreateDocAsync_NullResponse_ThrowsInvalidOperationException" computerName="devbox" duration="00:00:00.0020267" startTime="2025-06-23T16:17:45.4757961+00:00" endTime="2025-06-23T16:17:45.4757962+00:00" testType="13cdc9d9-ddb5-4fa4-a97d-d965ccfc6d4b" outcome="Passed" testListId="8c84fa94-04c1-424b-9868-57a2d4851a1d" relativeResultsDirectory="42977ddc-bcf5-422e-af06-0a3dd0c81df0" />
    <UnitTestResult executionId="56c67fd5-4231-453b-a424-bf6a6bb8ac0b" testId="fbd8feeb-89b4-a389-76c5-14662d3945a0" testName="ClickUp.Api.Client.Tests.ServiceTests.SpacesServiceTests.GetSpaceAsync_ApiConnectionThrowsTaskCanceledException_PropagatesException" computerName="devbox" duration="00:00:00.0020267" startTime="2025-06-23T16:17:45.7166335+00:00" endTime="2025-06-23T16:17:45.7166336+00:00" testType="13cdc9d9-ddb5-4fa4-a97d-d965ccfc6d4b" outcome="Passed" testListId="8c84fa94-04c1-424b-9868-57a2d4851a1d" relativeResultsDirectory="56c67fd5-4231-453b-a424-bf6a6bb8ac0b" />
    <UnitTestResult executionId="1866b9cb-364e-42ce-8046-edee92cc6d12" testId="d939a691-315b-b0a2-01a2-f86a45831d39" testName="ClickUp.Api.Client.Tests.ServiceTests.GoalsServiceTests.EditKeyResultAsync_ApiError_ThrowsHttpRequestException" computerName="devbox" duration="00:00:00.0044176" startTime="2025-06-23T16:17:46.2971138+00:00" endTime="2025-06-23T16:17:46.2971138+00:00" testType="13cdc9d9-ddb5-4fa4-a97d-d965ccfc6d4b" outcome="Passed" testListId="8c84fa94-04c1-424b-9868-57a2d4851a1d" relativeResultsDirectory="1866b9cb-364e-42ce-8046-edee92cc6d12" />
    <UnitTestResult executionId="47a5d1a0-295a-4927-8d96-22a1a6569d02" testId="5519bd7e-9166-72fd-aaec-cf2034f21955" testName="ClickUp.Api.Client.Tests.ServiceTests.DocsServiceTests.GetPageAsync_ValidRequest_BuildsUrlAndReturnsPage" computerName="devbox" duration="00:00:00.0091506" startTime="2025-06-23T16:17:45.4512806+00:00" endTime="2025-06-23T16:17:45.4512807+00:00" testType="13cdc9d9-ddb5-4fa4-a97d-d965ccfc6d4b" outcome="Passed" testListId="8c84fa94-04c1-424b-9868-57a2d4851a1d" relativeResultsDirectory="47a5d1a0-295a-4927-8d96-22a1a6569d02" />
    <UnitTestResult executionId="76c71c35-37a3-42af-ba6f-23dc1cfa9e3e" testId="26d4b4dc-4bfc-3c83-5743-0847b7876e96" testName="ClickUp.Api.Client.Tests.ServiceTests.TimeTrackingServiceTests.StartTimeEntryAsync_ApiReturnsNullResponse_ThrowsInvalidOperationException" computerName="devbox" duration="00:00:00.0026346" startTime="2025-06-23T16:17:46.3862569+00:00" endTime="2025-06-23T16:17:46.3862570+00:00" testType="13cdc9d9-ddb5-4fa4-a97d-d965ccfc6d4b" outcome="Passed" testListId="8c84fa94-04c1-424b-9868-57a2d4851a1d" relativeResultsDirectory="76c71c35-37a3-42af-ba6f-23dc1cfa9e3e" />
    <UnitTestResult executionId="30791bc1-5a6d-4c1b-90d2-17c2abd7f269" testId="c4bb9c57-0c61-5955-6574-c3f05fe81266" testName="ClickUp.Api.Client.Tests.ServiceTests.TimeTrackingServiceTests.DeleteTimeEntryAsync_ApiConnectionThrowsHttpRequestException_PropagatesException" computerName="devbox" duration="00:00:00.0016014" startTime="2025-06-23T16:17:46.5717996+00:00" endTime="2025-06-23T16:17:46.5717997+00:00" testType="13cdc9d9-ddb5-4fa4-a97d-d965ccfc6d4b" outcome="Passed" testListId="8c84fa94-04c1-424b-9868-57a2d4851a1d" relativeResultsDirectory="30791bc1-5a6d-4c1b-90d2-17c2abd7f269" />
    <UnitTestResult executionId="50ed7079-92bc-4eb6-bbf9-c489b9c64fef" testId="a5857de3-4c5c-b040-fb8d-0bda53457090" testName="ClickUp.Api.Client.Tests.ServiceTests.ListsServiceTests.CreateFolderlessListAsync_ApiConnectionThrowsTaskCanceledException_PropagatesException" computerName="devbox" duration="00:00:00.0151776" startTime="2025-06-23T16:17:46.1080899+00:00" endTime="2025-06-23T16:17:46.1080900+00:00" testType="13cdc9d9-ddb5-4fa4-a97d-d965ccfc6d4b" outcome="Passed" testListId="8c84fa94-04c1-424b-9868-57a2d4851a1d" relativeResultsDirectory="50ed7079-92bc-4eb6-bbf9-c489b9c64fef" />
    <UnitTestResult executionId="2e2dd774-d02e-4515-8594-727aadebbab7" testId="a474e3f4-7b2b-a10f-817b-c3d993d8d057" testName="ClickUp.Api.Client.Tests.ServiceTests.GuestsServiceTests.AddGuestToListAsync_PassesCancellationTokenToApiConnection" computerName="devbox" duration="00:00:00.0050850" startTime="2025-06-23T16:17:45.6049450+00:00" endTime="2025-06-23T16:17:45.6049450+00:00" testType="13cdc9d9-ddb5-4fa4-a97d-d965ccfc6d4b" outcome="Passed" testListId="8c84fa94-04c1-424b-9868-57a2d4851a1d" relativeResultsDirectory="2e2dd774-d02e-4515-8594-727aadebbab7" />
    <UnitTestResult executionId="3db1966f-9300-4d30-a3aa-93eab9ba6ee6" testId="3072f26e-d5f5-2e36-37f6-f3e5da4116e7" testName="ClickUp.Api.Client.Tests.ServiceTests.ListsServiceTests.GetFolderlessListsAsyncEnumerableAsync_ApiReturnsNullResponse_StopsIteration" computerName="devbox" duration="00:00:00.0034197" startTime="2025-06-23T16:17:46.6455968+00:00" endTime="2025-06-23T16:17:46.6455969+00:00" testType="13cdc9d9-ddb5-4fa4-a97d-d965ccfc6d4b" outcome="Passed" testListId="8c84fa94-04c1-424b-9868-57a2d4851a1d" relativeResultsDirectory="3db1966f-9300-4d30-a3aa-93eab9ba6ee6" />
    <UnitTestResult executionId="d333503a-fad5-44c0-b772-2c218e3d1c91" testId="3e153557-6ec4-cb92-cb2d-9aa00fa5afac" testName="ClickUp.Api.Client.Tests.ServiceTests.ChatServiceTests.CreateChatReactionAsync_NullResponse_ThrowsInvalidOperationException" computerName="devbox" duration="00:00:00.0021842" startTime="2025-06-23T16:17:45.6568223+00:00" endTime="2025-06-23T16:17:45.6568224+00:00" testType="13cdc9d9-ddb5-4fa4-a97d-d965ccfc6d4b" outcome="Passed" testListId="8c84fa94-04c1-424b-9868-57a2d4851a1d" relativeResultsDirectory="d333503a-fad5-44c0-b772-2c218e3d1c91" />
    <UnitTestResult executionId="83e00257-0c69-4996-8c10-e46912f43b79" testId="268752d1-798d-3eac-dd72-4e4823b26aee" testName="ClickUp.Api.Client.Tests.ServiceTests.ViewsServiceTests.GetSpaceViewsAsync_PassesCancellationToken" computerName="devbox" duration="00:00:00.1441538" startTime="2025-06-23T16:17:45.1317845+00:00" endTime="2025-06-23T16:17:45.1317846+00:00" testType="13cdc9d9-ddb5-4fa4-a97d-d965ccfc6d4b" outcome="Passed" testListId="8c84fa94-04c1-424b-9868-57a2d4851a1d" relativeResultsDirectory="83e00257-0c69-4996-8c10-e46912f43b79" />
    <UnitTestResult executionId="ec848f9c-3092-41b2-8af7-ba38f8826430" testId="0a1f2d43-8296-337d-6147-c0bb178be2a0" testName="ClickUp.Api.Client.Tests.ServiceTests.GoalsServiceTests.EditKeyResultAsync_ValidRequest_CallsPutAndReturnsKeyResult" computerName="devbox" duration="00:00:00.0248757" startTime="2025-06-23T16:17:46.2432656+00:00" endTime="2025-06-23T16:17:46.2432658+00:00" testType="13cdc9d9-ddb5-4fa4-a97d-d965ccfc6d4b" outcome="Passed" testListId="8c84fa94-04c1-424b-9868-57a2d4851a1d" relativeResultsDirectory="ec848f9c-3092-41b2-8af7-ba38f8826430" />
    <UnitTestResult executionId="0742786d-7ec8-48cf-bd83-493081298ea1" testId="df92ad98-bce4-a78f-33fd-44173b296ba5" testName="ClickUp.Api.Client.Tests.ServiceTests.CommentServiceTests.UpdateCommentAsync_ApiConnectionReturnsNull_ThrowsInvalidOperationException" computerName="devbox" duration="00:00:00.0047238" startTime="2025-06-23T16:17:46.1151288+00:00" endTime="2025-06-23T16:17:46.1151288+00:00" testType="13cdc9d9-ddb5-4fa4-a97d-d965ccfc6d4b" outcome="Passed" testListId="8c84fa94-04c1-424b-9868-57a2d4851a1d" relativeResultsDirectory="0742786d-7ec8-48cf-bd83-493081298ea1" />
    <UnitTestResult executionId="701fafe1-56fe-4ccf-adb6-407fcee5aca1" testId="edba1904-1233-d717-493b-63954672373b" testName="ClickUp.Api.Client.Tests.ServiceTests.UsersServiceTests.RemoveUserFromWorkspaceAsync_ApiConnectionThrowsHttpRequestException_PropagatesException" computerName="devbox" duration="00:00:00.0068211" startTime="2025-06-23T16:17:46.3749983+00:00" endTime="2025-06-23T16:17:46.3749985+00:00" testType="13cdc9d9-ddb5-4fa4-a97d-d965ccfc6d4b" outcome="Passed" testListId="8c84fa94-04c1-424b-9868-57a2d4851a1d" relativeResultsDirectory="701fafe1-56fe-4ccf-adb6-407fcee5aca1" />
    <UnitTestResult executionId="26490742-ff8b-4e60-8431-0c401a516931" testId="0e7a1813-5e2f-3c15-eca5-6462120e4310" testName="ClickUp.Api.Client.Tests.ServiceTests.TimeTrackingServiceTests.GetTimeEntryHistoryAsync_ApiReturnsNullResponse_ReturnsEmptyEnumerable" computerName="devbox" duration="00:00:00.0090687" startTime="2025-06-23T16:17:46.3177845+00:00" endTime="2025-06-23T16:17:46.3177845+00:00" testType="13cdc9d9-ddb5-4fa4-a97d-d965ccfc6d4b" outcome="Passed" testListId="8c84fa94-04c1-424b-9868-57a2d4851a1d" relativeResultsDirectory="26490742-ff8b-4e60-8431-0c401a516931" />
    <UnitTestResult executionId="db19ce2e-70e4-4e5d-b3db-3a2656061ba6" testId="7428b5be-e41e-3ae2-e6c3-7e5ae8113bcf" testName="ClickUp.Api.Client.Tests.Http.AuthenticationDelegatingHandlerTests.Constructor_WithValidApiKey_ShouldNotThrow" computerName="devbox" duration="00:00:00.0001828" startTime="2025-06-23T16:17:45.6538099+00:00" endTime="2025-06-23T16:17:45.6538100+00:00" testType="13cdc9d9-ddb5-4fa4-a97d-d965ccfc6d4b" outcome="Passed" testListId="8c84fa94-04c1-424b-9868-57a2d4851a1d" relativeResultsDirectory="db19ce2e-70e4-4e5d-b3db-3a2656061ba6" />
    <UnitTestResult executionId="87259881-6ef0-4e86-920a-0780adcdd45a" testId="53c6727e-4ff3-092e-cdf4-886284bca918" testName="ClickUp.Api.Client.Tests.ServiceTests.ListsServiceTests.CreateListFromTemplateInFolderAsync_ValidRequest_ReturnsList" computerName="devbox" duration="00:00:00.0052676" startTime="2025-06-23T16:17:46.5549241+00:00" endTime="2025-06-23T16:17:46.5549242+00:00" testType="13cdc9d9-ddb5-4fa4-a97d-d965ccfc6d4b" outcome="Passed" testListId="8c84fa94-04c1-424b-9868-57a2d4851a1d" relativeResultsDirectory="87259881-6ef0-4e86-920a-0780adcdd45a" />
    <UnitTestResult executionId="2fbf8205-0d83-4973-a6d6-52d8e1b7bd31" testId="b2e6b500-7969-7e58-f58c-f1d4a95af049" testName="ClickUp.Api.Client.Tests.ServiceTests.GoalsServiceTests.DeleteGoalAsync_ApiConnectionThrowsTaskCanceledException_PropagatesException" computerName="devbox" duration="00:00:00.0100332" startTime="2025-06-23T16:17:46.2103884+00:00" endTime="2025-06-23T16:17:46.2103885+00:00" testType="13cdc9d9-ddb5-4fa4-a97d-d965ccfc6d4b" outcome="Passed" testListId="8c84fa94-04c1-424b-9868-57a2d4851a1d" relativeResultsDirectory="2fbf8205-0d83-4973-a6d6-52d8e1b7bd31" />
    <UnitTestResult executionId="9d6f2eeb-1ca0-4671-943c-1df5a2e49ee4" testId="2b8edfa7-90a8-7c8f-bd51-68f140a4326e" testName="ClickUp.Api.Client.Tests.ServiceTests.CustomFieldsServiceTests.GetWorkspaceCustomFieldsAsync_ApiError_ThrowsHttpRequestException" computerName="devbox" duration="00:00:00.0093271" startTime="2025-06-23T16:17:45.2585399+00:00" endTime="2025-06-23T16:17:45.2585400+00:00" testType="13cdc9d9-ddb5-4fa4-a97d-d965ccfc6d4b" outcome="Passed" testListId="8c84fa94-04c1-424b-9868-57a2d4851a1d" relativeResultsDirectory="9d6f2eeb-1ca0-4671-943c-1df5a2e49ee4" />
    <UnitTestResult executionId="0966d9d7-0d53-408c-8443-fdba7c4c7330" testId="ccc8db3c-2a40-6a23-d865-c5fdedd56357" testName="ClickUp.Api.Client.Tests.ServiceTests.ChatServiceTests.GetChatChannelFollowersAsync_NullResponse_ThrowsInvalidOperationException" computerName="devbox" duration="00:00:00.0029484" startTime="2025-06-23T16:17:45.3727685+00:00" endTime="2025-06-23T16:17:45.3727686+00:00" testType="13cdc9d9-ddb5-4fa4-a97d-d965ccfc6d4b" outcome="Passed" testListId="8c84fa94-04c1-424b-9868-57a2d4851a1d" relativeResultsDirectory="0966d9d7-0d53-408c-8443-fdba7c4c7330" />
    <UnitTestResult executionId="4fd5664e-ba45-4936-8610-5f6bc82a06fd" testId="4258fb6c-c2cd-a351-3bea-df12428172b9" testName="ClickUp.Api.Client.Tests.ServiceTests.WorkspacesServiceTests.GetWorkspacePlanAsync_ApiConnectionThrowsTaskCanceledException_PropagatesException" computerName="devbox" duration="00:00:00.0045414" startTime="2025-06-23T16:17:45.2169079+00:00" endTime="2025-06-23T16:17:45.2169080+00:00" testType="13cdc9d9-ddb5-4fa4-a97d-d965ccfc6d4b" outcome="Passed" testListId="8c84fa94-04c1-424b-9868-57a2d4851a1d" relativeResultsDirectory="4fd5664e-ba45-4936-8610-5f6bc82a06fd" />
    <UnitTestResult executionId="e4c57541-7ef3-4de4-8be2-ddc43fcb7a22" testId="be466fe9-7b7a-b34e-e55a-b1f71a62e523" testName="ClickUp.Api.Client.Tests.ServiceTests.DocsServiceTests.EditPageAsync_PassesCancellationTokenToApiConnection" computerName="devbox" duration="00:00:00.0049502" startTime="2025-06-23T16:17:45.6301324+00:00" endTime="2025-06-23T16:17:45.6301327+00:00" testType="13cdc9d9-ddb5-4fa4-a97d-d965ccfc6d4b" outcome="Passed" testListId="8c84fa94-04c1-424b-9868-57a2d4851a1d" relativeResultsDirectory="e4c57541-7ef3-4de4-8be2-ddc43fcb7a22" />
    <UnitTestResult executionId="8588f3d9-75bf-4bda-96cc-e629dbef1e66" testId="a6767e11-07cf-022c-d1c8-5a4b5741034d" testName="ClickUp.Api.Client.Tests.ServiceTests.TimeTrackingServiceTests.StartTimeEntryAsync_ApiConnectionThrowsHttpRequestException_PropagatesException" computerName="devbox" duration="00:00:00.0028536" startTime="2025-06-23T16:17:46.5457698+00:00" endTime="2025-06-23T16:17:46.5457699+00:00" testType="13cdc9d9-ddb5-4fa4-a97d-d965ccfc6d4b" outcome="Passed" testListId="8c84fa94-04c1-424b-9868-57a2d4851a1d" relativeResultsDirectory="8588f3d9-75bf-4bda-96cc-e629dbef1e66" />
    <UnitTestResult executionId="71ab99d0-d812-468b-a25d-b208ac9156a0" testId="1fbfa319-c69d-e1db-1d93-bbb3d9e8e78c" testName="ClickUp.Api.Client.Tests.ServiceTests.ViewsServiceTests.GetWorkspaceViewsAsync_ApiReturnsNull_ThrowsInvalidOperationException" computerName="devbox" duration="00:00:00.0037437" startTime="2025-06-23T16:17:45.2428011+00:00" endTime="2025-06-23T16:17:45.2428012+00:00" testType="13cdc9d9-ddb5-4fa4-a97d-d965ccfc6d4b" outcome="Failed" testListId="8c84fa94-04c1-424b-9868-57a2d4851a1d" relativeResultsDirectory="71ab99d0-d812-468b-a25d-b208ac9156a0">
      <Output>
        <ErrorInfo>
          <Message>Assert.Throws() Failure: No exception was thrown
Expected: typeof(System.InvalidOperationException)</Message>
          <StackTrace>   at ClickUp.Api.Client.Tests.ServiceTests.ViewsServiceTests.GetWorkspaceViewsAsync_ApiReturnsNull_ThrowsInvalidOperationException() in /app/src/ClickUp.Api.Client.Tests/ServiceTests/ViewsServiceTests.cs:line 98
--- End of stack trace from previous location ---</StackTrace>
        </ErrorInfo>
      </Output>
    </UnitTestResult>
    <UnitTestResult executionId="e5260f7a-a2c7-443a-a694-61d022f267b3" testId="06b04cbf-1fd5-d32f-d8f4-8b71f410d28d" testName="ClickUp.Api.Client.Tests.ServiceTests.CustomFieldsServiceTests.GetSpaceCustomFieldsAsync_NullResponse_ReturnsEmptyList" computerName="devbox" duration="00:00:00.0016037" startTime="2025-06-23T16:17:45.3410835+00:00" endTime="2025-06-23T16:17:45.3410837+00:00" testType="13cdc9d9-ddb5-4fa4-a97d-d965ccfc6d4b" outcome="Passed" testListId="8c84fa94-04c1-424b-9868-57a2d4851a1d" relativeResultsDirectory="e5260f7a-a2c7-443a-a694-61d022f267b3" />
    <UnitTestResult executionId="f1102f51-d261-487a-bd2d-128394915253" testId="1f98161b-00b2-ba0b-c4dd-2a3b9d61fecd" testName="ClickUp.Api.Client.Tests.ServiceTests.ChatServiceTests.GetChatChannelsAsync_ValidRequest_BuildsCorrectUrlAndReturnsResponse" computerName="devbox" duration="00:00:00.0089399" startTime="2025-06-23T16:17:45.4171395+00:00" endTime="2025-06-23T16:17:45.4171396+00:00" testType="13cdc9d9-ddb5-4fa4-a97d-d965ccfc6d4b" outcome="Passed" testListId="8c84fa94-04c1-424b-9868-57a2d4851a1d" relativeResultsDirectory="f1102f51-d261-487a-bd2d-128394915253" />
    <UnitTestResult executionId="fb5cd2b0-161d-4152-af0d-4d9d60bda928" testId="e611bd83-a14a-7a54-e802-38193c5477db" testName="ClickUp.Api.Client.Tests.ServiceTests.FoldersServiceTests.CreateFolderAsync_ApiReturnsNull_ThrowsInvalidOperationException" computerName="devbox" duration="00:00:00.0077797" startTime="2025-06-23T16:17:45.8766838+00:00" endTime="2025-06-23T16:17:45.8766839+00:00" testType="13cdc9d9-ddb5-4fa4-a97d-d965ccfc6d4b" outcome="Passed" testListId="8c84fa94-04c1-424b-9868-57a2d4851a1d" relativeResultsDirectory="fb5cd2b0-161d-4152-af0d-4d9d60bda928" />
    <UnitTestResult executionId="30d24ff3-3e63-42e7-aad3-50c4233ee48c" testId="4184d3dd-ca69-c1b8-586f-f93c06d5d26b" testName="ClickUp.Api.Client.Tests.ServiceTests.TaskChecklistsServiceTests.DeleteChecklistItemAsync_ApiConnectionThrowsTaskCanceledException_PropagatesException" computerName="devbox" duration="00:00:00.0036018" startTime="2025-06-23T16:17:45.9309851+00:00" endTime="2025-06-23T16:17:45.9309852+00:00" testType="13cdc9d9-ddb5-4fa4-a97d-d965ccfc6d4b" outcome="Passed" testListId="8c84fa94-04c1-424b-9868-57a2d4851a1d" relativeResultsDirectory="30d24ff3-3e63-42e7-aad3-50c4233ee48c" />
    <UnitTestResult executionId="83933005-eeae-4f8f-a2c8-16177592d8f4" testId="16fd87ca-abac-693d-a145-e399999aee30" testName="ClickUp.Api.Client.Tests.ServiceTests.FoldersServiceTests.CreateFolderAsync_ApiError_ThrowsHttpRequestException" computerName="devbox" duration="00:00:00.0029765" startTime="2025-06-23T16:17:46.0248551+00:00" endTime="2025-06-23T16:17:46.0248553+00:00" testType="13cdc9d9-ddb5-4fa4-a97d-d965ccfc6d4b" outcome="Passed" testListId="8c84fa94-04c1-424b-9868-57a2d4851a1d" relativeResultsDirectory="83933005-eeae-4f8f-a2c8-16177592d8f4" />
    <UnitTestResult executionId="d868b6df-8650-4eb0-bd62-93dfcf7db42e" testId="57bcb7bc-72d9-ad1f-99f2-a076d64fe7fb" testName="ClickUp.Api.Client.Tests.ServiceTests.RolesServiceTests.GetCustomRolesAsync_ValidRequest_ReturnsRoles" computerName="devbox" duration="00:00:00.0084589" startTime="2025-06-23T16:17:46.3003247+00:00" endTime="2025-06-23T16:17:46.3003248+00:00" testType="13cdc9d9-ddb5-4fa4-a97d-d965ccfc6d4b" outcome="Passed" testListId="8c84fa94-04c1-424b-9868-57a2d4851a1d" relativeResultsDirectory="d868b6df-8650-4eb0-bd62-93dfcf7db42e" />
    <UnitTestResult executionId="3f77b8b0-2508-473d-9a9d-e29ba370d554" testId="0ec4f347-68ff-9ec8-73d0-7812bda10241" testName="ClickUp.Api.Client.Tests.ServiceTests.ChatServiceTests.GetChatChannelFollowersAsync_ApiConnectionThrowsTaskCanceledException_PropagatesException" computerName="devbox" duration="00:00:00.0052663" startTime="2025-06-23T16:17:45.2572288+00:00" endTime="2025-06-23T16:17:45.2572289+00:00" testType="13cdc9d9-ddb5-4fa4-a97d-d965ccfc6d4b" outcome="Passed" testListId="8c84fa94-04c1-424b-9868-57a2d4851a1d" relativeResultsDirectory="3f77b8b0-2508-473d-9a9d-e29ba370d554" />
    <UnitTestResult executionId="be1db7cf-8267-4797-ac99-0ef37f79a7d3" testId="a6cbf3bf-8536-d3d8-7967-29553bc7bd7d" testName="ClickUp.Api.Client.Tests.ServiceTests.AuthorizationServiceTests.GetAuthorizedUserAsync_ApiConnectionThrowsException_PropagatesException" computerName="devbox" duration="00:00:00.0017429" startTime="2025-06-23T16:17:45.2446770+00:00" endTime="2025-06-23T16:17:45.2446771+00:00" testType="13cdc9d9-ddb5-4fa4-a97d-d965ccfc6d4b" outcome="Passed" testListId="8c84fa94-04c1-424b-9868-57a2d4851a1d" relativeResultsDirectory="be1db7cf-8267-4797-ac99-0ef37f79a7d3" />
    <UnitTestResult executionId="27e1c795-735e-4ec2-b884-6351d54a2177" testId="18908a83-d63a-c717-8a2e-5ac4d4dd7bc5" testName="ClickUp.Api.Client.Tests.ServiceTests.UserGroupServiceTests.GetUserGroupsAsync_ApiReturnsResponseWithNullGroups_ReturnsEmptyEnumerable" computerName="devbox" duration="00:00:00.0034551" startTime="2025-06-23T16:17:46.2845461+00:00" endTime="2025-06-23T16:17:46.2845462+00:00" testType="13cdc9d9-ddb5-4fa4-a97d-d965ccfc6d4b" outcome="Passed" testListId="8c84fa94-04c1-424b-9868-57a2d4851a1d" relativeResultsDirectory="27e1c795-735e-4ec2-b884-6351d54a2177" />
    <UnitTestResult executionId="6396e217-81f6-40b4-8291-6660965b1dc6" testId="0bc15a78-ab39-3aa8-3013-acecb5d67602" testName="ClickUp.Api.Client.Tests.ServiceTests.UserGroupServiceTests.GetUserGroupsAsync_ApiConnectionThrowsTaskCanceledException_PropagatesException" computerName="devbox" duration="00:00:00.0075038" startTime="2025-06-23T16:17:46.3075989+00:00" endTime="2025-06-23T16:17:46.3075990+00:00" testType="13cdc9d9-ddb5-4fa4-a97d-d965ccfc6d4b" outcome="Passed" testListId="8c84fa94-04c1-424b-9868-57a2d4851a1d" relativeResultsDirectory="6396e217-81f6-40b4-8291-6660965b1dc6" />
    <UnitTestResult executionId="b46ecc7a-b9ad-40da-ae9a-2dff27b0f165" testId="4d40b394-203e-b193-af93-1107e104b241" testName="ClickUp.Api.Client.Tests.ServiceTests.TaskRelationshipsServiceTests.DeleteDependencyAsync_BothDependsOnAndDependencyOf_ThrowsArgumentException" computerName="devbox" duration="00:00:00.0010736" startTime="2025-06-23T16:17:45.3457375+00:00" endTime="2025-06-23T16:17:45.3457376+00:00" testType="13cdc9d9-ddb5-4fa4-a97d-d965ccfc6d4b" outcome="Passed" testListId="8c84fa94-04c1-424b-9868-57a2d4851a1d" relativeResultsDirectory="b46ecc7a-b9ad-40da-ae9a-2dff27b0f165" />
    <UnitTestResult executionId="a81aabf0-1da6-48e4-a71b-9d82869f28f1" testId="b418870a-8d2c-3360-5644-60e4db33ab07" testName="ClickUp.Api.Client.Tests.ServiceTests.DocsServiceTests.GetDocPageListingAsync_MinimalRequest_BuildsUrlAndReturnsListing" computerName="devbox" duration="00:00:00.0061643" startTime="2025-06-23T16:17:45.6526384+00:00" endTime="2025-06-23T16:17:45.6526384+00:00" testType="13cdc9d9-ddb5-4fa4-a97d-d965ccfc6d4b" outcome="Passed" testListId="8c84fa94-04c1-424b-9868-57a2d4851a1d" relativeResultsDirectory="a81aabf0-1da6-48e4-a71b-9d82869f28f1" />
    <UnitTestResult executionId="88faa5c9-15ca-4c18-8ca4-fc802be6529c" testId="98aeb1c6-0311-034b-f3a6-7cfe1ed606b2" testName="ClickUp.Api.Client.Tests.ServiceTests.GoalsServiceTests.UpdateGoalAsync_ApiConnectionThrowsTaskCanceledException_PropagatesException" computerName="devbox" duration="00:00:00.0035709" startTime="2025-06-23T16:17:46.3075252+00:00" endTime="2025-06-23T16:17:46.3075253+00:00" testType="13cdc9d9-ddb5-4fa4-a97d-d965ccfc6d4b" outcome="Passed" testListId="8c84fa94-04c1-424b-9868-57a2d4851a1d" relativeResultsDirectory="88faa5c9-15ca-4c18-8ca4-fc802be6529c" />
    <UnitTestResult executionId="5f82fad7-9acc-4eda-b2fb-da78ed5eda30" testId="8f286339-d7f1-b96a-ccab-ea46d42d5f35" testName="ClickUp.Api.Client.Tests.ServiceTests.TimeTrackingServiceTests.GetRunningTimeEntryAsync_ApiConnectionThrowsHttpRequestException_PropagatesException" computerName="devbox" duration="00:00:00.0016688" startTime="2025-06-23T16:17:46.5114895+00:00" endTime="2025-06-23T16:17:46.5114896+00:00" testType="13cdc9d9-ddb5-4fa4-a97d-d965ccfc6d4b" outcome="Passed" testListId="8c84fa94-04c1-424b-9868-57a2d4851a1d" relativeResultsDirectory="5f82fad7-9acc-4eda-b2fb-da78ed5eda30" />
    <UnitTestResult executionId="9e39fb80-12b6-45c3-8556-13c7b729ac2e" testId="73037e9b-1fcc-6402-5b2e-26dfd5dbecaa" testName="ClickUp.Api.Client.Tests.ServiceTests.UsersServiceTests.RemoveUserFromWorkspaceAsync_ApiConnectionThrowsTaskCanceledException_PropagatesException" computerName="devbox" duration="00:00:00.0018657" startTime="2025-06-23T16:17:46.4458136+00:00" endTime="2025-06-23T16:17:46.4458136+00:00" testType="13cdc9d9-ddb5-4fa4-a97d-d965ccfc6d4b" outcome="Passed" testListId="8c84fa94-04c1-424b-9868-57a2d4851a1d" relativeResultsDirectory="9e39fb80-12b6-45c3-8556-13c7b729ac2e" />
    <UnitTestResult executionId="85e50797-0860-4570-92d3-3efb17d01a73" testId="e12e7acd-2331-13b9-9d8f-f8f7f7f3c03e" testName="ClickUp.Api.Client.Tests.ServiceTests.TimeTrackingServiceTests.ChangeTimeEntryTagNameAsync_PassesCancellationTokenToApiConnection" computerName="devbox" duration="00:00:00.0067145" startTime="2025-06-23T16:17:46.3848175+00:00" endTime="2025-06-23T16:17:46.3848176+00:00" testType="13cdc9d9-ddb5-4fa4-a97d-d965ccfc6d4b" outcome="Passed" testListId="8c84fa94-04c1-424b-9868-57a2d4851a1d" relativeResultsDirectory="85e50797-0860-4570-92d3-3efb17d01a73" />
    <UnitTestResult executionId="4298632f-724d-46d0-9f07-fba31a6a04de" testId="280f5e98-f3ab-164f-d4c2-e5cd5ad11a0f" testName="ClickUp.Api.Client.Tests.ServiceTests.GuestsServiceTests.AddGuestToTaskAsync_ValidRequest_CallsPostAndReturnsGuest" computerName="devbox" duration="00:00:00.0048335" startTime="2025-06-23T16:17:45.5298295+00:00" endTime="2025-06-23T16:17:45.5298296+00:00" testType="13cdc9d9-ddb5-4fa4-a97d-d965ccfc6d4b" outcome="Passed" testListId="8c84fa94-04c1-424b-9868-57a2d4851a1d" relativeResultsDirectory="4298632f-724d-46d0-9f07-fba31a6a04de" />
    <UnitTestResult executionId="5b363127-b4d1-4d34-af9d-0d1a8a186bb9" testId="12b9a3cc-ed0e-3dca-82a7-a0f790cf139f" testName="ClickUp.Api.Client.Tests.ServiceTests.SpacesServiceTests.GetSpaceAsync_ApiConnectionThrowsHttpRequestException_PropagatesException" computerName="devbox" duration="00:00:00.0021858" startTime="2025-06-23T16:17:45.7572289+00:00" endTime="2025-06-23T16:17:45.7572290+00:00" testType="13cdc9d9-ddb5-4fa4-a97d-d965ccfc6d4b" outcome="Passed" testListId="8c84fa94-04c1-424b-9868-57a2d4851a1d" relativeResultsDirectory="5b363127-b4d1-4d34-af9d-0d1a8a186bb9" />
    <UnitTestResult executionId="7d8047f3-6615-495f-9f7a-b28ff8ec3a78" testId="6db6db1d-1177-c8ea-5cf3-de091ac6501f" testName="ClickUp.Api.Client.Tests.ServiceTests.ChatServiceTests.GetChatChannelsAsync_PassesCancellationTokenToApiConnection" computerName="devbox" duration="00:00:00.0083684" startTime="2025-06-23T16:17:45.5636916+00:00" endTime="2025-06-23T16:17:45.5636917+00:00" testType="13cdc9d9-ddb5-4fa4-a97d-d965ccfc6d4b" outcome="Passed" testListId="8c84fa94-04c1-424b-9868-57a2d4851a1d" relativeResultsDirectory="7d8047f3-6615-495f-9f7a-b28ff8ec3a78" />
    <UnitTestResult executionId="4f9d3b91-c2d2-4e07-86cc-cfe6cba75a91" testId="5ffbebdf-5e40-5008-341b-badf7d73af51" testName="ClickUp.Api.Client.Tests.ServiceTests.SpacesServiceTests.GetSpacesAsync_ApiReturnsNullResponse_ReturnsEmptyEnumerable" computerName="devbox" duration="00:00:00.0038622" startTime="2025-06-23T16:17:45.7235633+00:00" endTime="2025-06-23T16:17:45.7235635+00:00" testType="13cdc9d9-ddb5-4fa4-a97d-d965ccfc6d4b" outcome="Passed" testListId="8c84fa94-04c1-424b-9868-57a2d4851a1d" relativeResultsDirectory="4f9d3b91-c2d2-4e07-86cc-cfe6cba75a91" />
    <UnitTestResult executionId="12610757-0e8e-49b2-99df-8248ba9c76e7" testId="2e1fa312-8a9c-62d8-e52c-b05292789ed7" testName="ClickUp.Api.Client.Tests.ServiceTests.WebhooksServiceTests.UpdateWebhookAsync_ApiConnectionThrowsTaskCanceledException_PropagatesException" computerName="devbox" duration="00:00:00.0029644" startTime="2025-06-23T16:17:46.4860346+00:00" endTime="2025-06-23T16:17:46.4860347+00:00" testType="13cdc9d9-ddb5-4fa4-a97d-d965ccfc6d4b" outcome="Passed" testListId="8c84fa94-04c1-424b-9868-57a2d4851a1d" relativeResultsDirectory="12610757-0e8e-49b2-99df-8248ba9c76e7" />
    <UnitTestResult executionId="4cc6d8eb-7805-4dde-a205-ea98cc1069e9" testId="deea7a7e-1fdd-f5a6-e2aa-442a21568894" testName="ClickUp.Api.Client.Tests.ServiceTests.GoalsServiceTests.DeleteGoalAsync_ValidId_CallsDelete" computerName="devbox" duration="00:00:00.0066591" startTime="2025-06-23T16:17:46.3427821+00:00" endTime="2025-06-23T16:17:46.3427822+00:00" testType="13cdc9d9-ddb5-4fa4-a97d-d965ccfc6d4b" outcome="Passed" testListId="8c84fa94-04c1-424b-9868-57a2d4851a1d" relativeResultsDirectory="4cc6d8eb-7805-4dde-a205-ea98cc1069e9" />
    <UnitTestResult executionId="9e640f59-24ab-4f45-a377-ec939082c5ca" testId="de5d3632-269c-15fc-64aa-2fff5984de26" testName="ClickUp.Api.Client.Tests.ServiceTests.TaskRelationshipsServiceTests.DeleteDependencyAsync_ApiConnectionThrowsHttpRequestException_PropagatesException" computerName="devbox" duration="00:00:00.0018513" startTime="2025-06-23T16:17:45.3335013+00:00" endTime="2025-06-23T16:17:45.3335015+00:00" testType="13cdc9d9-ddb5-4fa4-a97d-d965ccfc6d4b" outcome="Passed" testListId="8c84fa94-04c1-424b-9868-57a2d4851a1d" relativeResultsDirectory="9e640f59-24ab-4f45-a377-ec939082c5ca" />
    <UnitTestResult executionId="02db1482-7934-425a-bcc3-57219f90e031" testId="76271598-d406-2ed7-dae2-3fd4dd5c4009" testName="ClickUp.Api.Client.Tests.ServiceTests.ListsServiceTests.DeleteListAsync_ApiConnectionThrowsTaskCanceledException_PropagatesException" computerName="devbox" duration="00:00:00.0016436" startTime="2025-06-23T16:17:46.5938132+00:00" endTime="2025-06-23T16:17:46.5938132+00:00" testType="13cdc9d9-ddb5-4fa4-a97d-d965ccfc6d4b" outcome="Passed" testListId="8c84fa94-04c1-424b-9868-57a2d4851a1d" relativeResultsDirectory="02db1482-7934-425a-bcc3-57219f90e031" />
    <UnitTestResult executionId="8f3bddab-03a8-4aba-8ef3-7bae422dc7a9" testId="406d7e6b-1b2f-ceac-cd05-2ee2f4450951" testName="ClickUp.Api.Client.Tests.ServiceTests.CommentServiceTests.GetListCommentsAsync_PassesCancellationTokenToApiConnection" computerName="devbox" duration="00:00:00.0067447" startTime="2025-06-23T16:17:46.0925413+00:00" endTime="2025-06-23T16:17:46.0925414+00:00" testType="13cdc9d9-ddb5-4fa4-a97d-d965ccfc6d4b" outcome="Passed" testListId="8c84fa94-04c1-424b-9868-57a2d4851a1d" relativeResultsDirectory="8f3bddab-03a8-4aba-8ef3-7bae422dc7a9" />
    <UnitTestResult executionId="826aef6c-dfd3-4e65-9ac2-583e012622c6" testId="720c460b-8ae4-d002-95bf-b1e81393149f" testName="ClickUp.Api.Client.Tests.ServiceTests.TimeTrackingServiceTests.GetTimeEntriesAsyncEnumerableAsync_ApiReturnsNullResponse_StopsIteration" computerName="devbox" duration="00:00:00.0027163" startTime="2025-06-23T16:17:46.5672576+00:00" endTime="2025-06-23T16:17:46.5672577+00:00" testType="13cdc9d9-ddb5-4fa4-a97d-d965ccfc6d4b" outcome="Passed" testListId="8c84fa94-04c1-424b-9868-57a2d4851a1d" relativeResultsDirectory="826aef6c-dfd3-4e65-9ac2-583e012622c6" />
    <UnitTestResult executionId="97f19f68-d261-4f3f-94c1-724ef82b8c40" testId="dd755980-a9f7-6ed1-2252-b0148c3d540c" testName="ClickUp.Api.Client.Tests.ServiceTests.TimeTrackingServiceTests.StopTimeEntryAsync_ApiConnectionThrowsTaskCanceledException_PropagatesException" computerName="devbox" duration="00:00:00.0021730" startTime="2025-06-23T16:17:46.5644168+00:00" endTime="2025-06-23T16:17:46.5644170+00:00" testType="13cdc9d9-ddb5-4fa4-a97d-d965ccfc6d4b" outcome="Passed" testListId="8c84fa94-04c1-424b-9868-57a2d4851a1d" relativeResultsDirectory="97f19f68-d261-4f3f-94c1-724ef82b8c40" />
    <UnitTestResult executionId="f9a76709-2b60-43ca-a2c0-a9a70672ba19" testId="4f7ae0b2-8709-4bc2-a4cb-6a78eeb89c6e" testName="ClickUp.Api.Client.Tests.ServiceTests.ChatServiceTests.UpdateChatChannelAsync_ApiConnectionThrowsTaskCanceledException_PropagatesException" computerName="devbox" duration="00:00:00.0051055" startTime="2025-06-23T16:17:45.6168402+00:00" endTime="2025-06-23T16:17:45.6168404+00:00" testType="13cdc9d9-ddb5-4fa4-a97d-d965ccfc6d4b" outcome="Passed" testListId="8c84fa94-04c1-424b-9868-57a2d4851a1d" relativeResultsDirectory="f9a76709-2b60-43ca-a2c0-a9a70672ba19" />
    <UnitTestResult executionId="32119cb8-4078-4d7b-a451-05048ad61d2e" testId="d5a44384-7423-bfcb-cbff-38ad79aa2245" testName="ClickUp.Api.Client.Tests.ServiceTests.TagsServiceTests.CreateSpaceTagAsync_ApiConnectionThrowsTaskCanceledException_PropagatesException" computerName="devbox" duration="00:00:00.0027199" startTime="2025-06-23T16:17:45.8855853+00:00" endTime="2025-06-23T16:17:45.8855854+00:00" testType="13cdc9d9-ddb5-4fa4-a97d-d965ccfc6d4b" outcome="Passed" testListId="8c84fa94-04c1-424b-9868-57a2d4851a1d" relativeResultsDirectory="32119cb8-4078-4d7b-a451-05048ad61d2e" />
    <UnitTestResult executionId="03bbc0e6-f244-47e0-aa51-52a8683090ac" testId="61d97a99-bc30-8f14-515f-5aff50f32230" testName="ClickUp.Api.Client.Tests.ServiceTests.WebhooksServiceTests.DeleteWebhookAsync_PassesCancellationTokenToApiConnection" computerName="devbox" duration="00:00:00.0049196" startTime="2025-06-23T16:17:46.4193745+00:00" endTime="2025-06-23T16:17:46.4193746+00:00" testType="13cdc9d9-ddb5-4fa4-a97d-d965ccfc6d4b" outcome="Passed" testListId="8c84fa94-04c1-424b-9868-57a2d4851a1d" relativeResultsDirectory="03bbc0e6-f244-47e0-aa51-52a8683090ac" />
    <UnitTestResult executionId="62ef4fc2-1bd7-45fa-89b7-e6191f563861" testId="569bfaae-0410-8771-222d-4bb8137ef450" testName="ClickUp.Api.Client.Tests.ServiceTests.TaskRelationshipsServiceTests.DeleteTaskLinkAsync_ApiConnectionThrowsTaskCanceledException_PropagatesException" computerName="devbox" duration="00:00:00.0096276" startTime="2025-06-23T16:17:45.2882278+00:00" endTime="2025-06-23T16:17:45.2882279+00:00" testType="13cdc9d9-ddb5-4fa4-a97d-d965ccfc6d4b" outcome="Passed" testListId="8c84fa94-04c1-424b-9868-57a2d4851a1d" relativeResultsDirectory="62ef4fc2-1bd7-45fa-89b7-e6191f563861" />
    <UnitTestResult executionId="985ac0bb-1f3f-40fb-a0b0-26b9c17c531a" testId="bc0cf908-745b-84bd-9ad4-ff08ec13d089" testName="ClickUp.Api.Client.Tests.ServiceTests.ChatServiceTests.CreateChatChannelAsync_ValidRequest_CallsPostAndReturnsChannel" computerName="devbox" duration="00:00:00.0137915" startTime="2025-06-23T16:17:45.3581822+00:00" endTime="2025-06-23T16:17:45.3581824+00:00" testType="13cdc9d9-ddb5-4fa4-a97d-d965ccfc6d4b" outcome="Passed" testListId="8c84fa94-04c1-424b-9868-57a2d4851a1d" relativeResultsDirectory="985ac0bb-1f3f-40fb-a0b0-26b9c17c531a" />
    <UnitTestResult executionId="84bff055-90c1-4b1c-8d10-52c1c89a0ed6" testId="70c8ace6-8f3b-34a2-110c-2a568e443797" testName="ClickUp.Api.Client.Tests.ServiceTests.ListsServiceTests.CreateListInFolderAsync_ApiConnectionThrowsTaskCanceledException_PropagatesException" computerName="devbox" duration="00:00:00.0020655" startTime="2025-06-23T16:17:46.5102644+00:00" endTime="2025-06-23T16:17:46.5102645+00:00" testType="13cdc9d9-ddb5-4fa4-a97d-d965ccfc6d4b" outcome="Passed" testListId="8c84fa94-04c1-424b-9868-57a2d4851a1d" relativeResultsDirectory="84bff055-90c1-4b1c-8d10-52c1c89a0ed6" />
    <UnitTestResult executionId="95c307f5-4183-40df-aa31-ed996bc4ce98" testId="deaa7d6d-5179-48ff-d03d-6b99299e1d96" testName="ClickUp.Api.Client.Tests.ServiceTests.ChatServiceTests.CreateDirectMessageChatChannelAsync_NullResponse_ThrowsInvalidOperationException" computerName="devbox" duration="00:00:00.0026147" startTime="2025-06-23T16:17:45.4380135+00:00" endTime="2025-06-23T16:17:45.4380136+00:00" testType="13cdc9d9-ddb5-4fa4-a97d-d965ccfc6d4b" outcome="Passed" testListId="8c84fa94-04c1-424b-9868-57a2d4851a1d" relativeResultsDirectory="95c307f5-4183-40df-aa31-ed996bc4ce98" />
    <UnitTestResult executionId="b3368ad3-e0e9-4aba-af7d-80f3c849a831" testId="4101a95e-40c4-0bc3-2388-01b84243ebee" testName="ClickUp.Api.Client.Tests.ServiceTests.TaskServiceTests.GetFilteredTeamTasksAsync_ApiReturnsNull_ThrowsInvalidOperationException" computerName="devbox" duration="00:00:00.0019464" startTime="2025-06-23T16:17:45.7109259+00:00" endTime="2025-06-23T16:17:45.7109261+00:00" testType="13cdc9d9-ddb5-4fa4-a97d-d965ccfc6d4b" outcome="Passed" testListId="8c84fa94-04c1-424b-9868-57a2d4851a1d" relativeResultsDirectory="b3368ad3-e0e9-4aba-af7d-80f3c849a831" />
    <UnitTestResult executionId="31c0ec58-3fef-4875-809b-41454b0e924b" testId="f80cf9ee-905e-8863-bda8-9d4d9c6015ab" testName="ClickUp.Api.Client.Tests.ServiceTests.ListsServiceTests.DeleteListAsync_ValidListId_CallsDeleteAsync" computerName="devbox" duration="00:00:00.0042447" startTime="2025-06-23T16:17:46.5392286+00:00" endTime="2025-06-23T16:17:46.5392287+00:00" testType="13cdc9d9-ddb5-4fa4-a97d-d965ccfc6d4b" outcome="Passed" testListId="8c84fa94-04c1-424b-9868-57a2d4851a1d" relativeResultsDirectory="31c0ec58-3fef-4875-809b-41454b0e924b" />
    <UnitTestResult executionId="0fe36864-45c4-4844-9592-ed90628be1ec" testId="adc90dd8-5ac7-3bbc-809a-8d948e56efe0" testName="ClickUp.Api.Client.Tests.ServiceTests.ListsServiceTests.DeleteListAsync_PassesCancellationTokenToApiConnection" computerName="devbox" duration="00:00:00.0031208" startTime="2025-06-23T16:17:46.6731367+00:00" endTime="2025-06-23T16:17:46.6731368+00:00" testType="13cdc9d9-ddb5-4fa4-a97d-d965ccfc6d4b" outcome="Passed" testListId="8c84fa94-04c1-424b-9868-57a2d4851a1d" relativeResultsDirectory="0fe36864-45c4-4844-9592-ed90628be1ec" />
    <UnitTestResult executionId="56c6b0af-c214-45a9-bb0d-96823646b1e5" testId="5a736385-92f4-596a-42c3-9ac76ed35208" testName="ClickUp.Api.Client.Tests.ServiceTests.ListsServiceTests.GetListsInFolderAsync_ApiReturnsNullResponse_ReturnsEmptyEnumerable" computerName="devbox" duration="00:00:00.0017471" startTime="2025-06-23T16:17:46.6475189+00:00" endTime="2025-06-23T16:17:46.6475190+00:00" testType="13cdc9d9-ddb5-4fa4-a97d-d965ccfc6d4b" outcome="Passed" testListId="8c84fa94-04c1-424b-9868-57a2d4851a1d" relativeResultsDirectory="56c6b0af-c214-45a9-bb0d-96823646b1e5" />
    <UnitTestResult executionId="e91763f3-42ea-489c-b051-8532df3d1fc6" testId="d474425b-a25b-fe1c-8f25-d72d04077456" testName="ClickUp.Api.Client.Tests.ServiceTests.TagsServiceTests.RemoveTagFromTaskAsync_WithCustomTaskIdsAndTeamId_BuildsCorrectUrl" computerName="devbox" duration="00:00:00.0067661" startTime="2025-06-23T16:17:45.9301956+00:00" endTime="2025-06-23T16:17:45.9301957+00:00" testType="13cdc9d9-ddb5-4fa4-a97d-d965ccfc6d4b" outcome="Passed" testListId="8c84fa94-04c1-424b-9868-57a2d4851a1d" relativeResultsDirectory="e91763f3-42ea-489c-b051-8532df3d1fc6" />
    <UnitTestResult executionId="fbfc93fb-532d-40b7-b2ab-f5efad91d721" testId="b490ce64-b61a-562f-990e-1dd9b5014121" testName="ClickUp.Api.Client.Tests.ServiceTests.SpacesServiceTests.CreateSpaceAsync_ApiConnectionThrowsHttpRequestException_PropagatesException" computerName="devbox" duration="00:00:00.0018892" startTime="2025-06-23T16:17:45.8473992+00:00" endTime="2025-06-23T16:17:45.8473994+00:00" testType="13cdc9d9-ddb5-4fa4-a97d-d965ccfc6d4b" outcome="Passed" testListId="8c84fa94-04c1-424b-9868-57a2d4851a1d" relativeResultsDirectory="fbfc93fb-532d-40b7-b2ab-f5efad91d721" />
    <UnitTestResult executionId="f8fe6fc6-ff3b-4d60-8cad-42392f23bd3e" testId="2d8ab494-87f3-3eb5-2d44-6b26816709fb" testName="ClickUp.Api.Client.Tests.ServiceTests.CommentServiceTests.GetTaskCommentsAsync_IAsyncEnumerable_ReturnsEmpty_WhenNoComments" computerName="devbox" duration="00:00:00.0058760" startTime="2025-06-23T16:17:46.0592267+00:00" endTime="2025-06-23T16:17:46.0592268+00:00" testType="13cdc9d9-ddb5-4fa4-a97d-d965ccfc6d4b" outcome="Passed" testListId="8c84fa94-04c1-424b-9868-57a2d4851a1d" relativeResultsDirectory="f8fe6fc6-ff3b-4d60-8cad-42392f23bd3e" />
    <UnitTestResult executionId="81a20302-1e2e-4fa8-95f3-9fcb24973d94" testId="7d593b95-9e68-62ca-7a26-9c22a24ac56d" testName="ClickUp.Api.Client.Tests.Models.Common.MemberTests.Member_ShouldSerializeCorrectly_WhenAllPropertiesAreSet" computerName="devbox" duration="00:00:00.0302289" startTime="2025-06-23T16:17:45.5961868+00:00" endTime="2025-06-23T16:17:45.5961868+00:00" testType="13cdc9d9-ddb5-4fa4-a97d-d965ccfc6d4b" outcome="Passed" testListId="8c84fa94-04c1-424b-9868-57a2d4851a1d" relativeResultsDirectory="81a20302-1e2e-4fa8-95f3-9fcb24973d94" />
    <UnitTestResult executionId="7785e3bf-12d5-4caf-a182-b2b9ff38bec1" testId="deae957c-62e2-1d26-6901-48b1e5ced5dc" testName="ClickUp.Api.Client.Tests.ServiceTests.UserGroupServiceTests.GetUserGroupsAsync_WithEmptyGroupIds_BuildsCorrectUrlWithoutGroupIdsParam" computerName="devbox" duration="00:00:00.0058055" startTime="2025-06-23T16:17:46.3232464+00:00" endTime="2025-06-23T16:17:46.3232465+00:00" testType="13cdc9d9-ddb5-4fa4-a97d-d965ccfc6d4b" outcome="Passed" testListId="8c84fa94-04c1-424b-9868-57a2d4851a1d" relativeResultsDirectory="7785e3bf-12d5-4caf-a182-b2b9ff38bec1" />
    <UnitTestResult executionId="2caae4ce-9bbd-45e5-8ede-3dae873f0bb7" testId="8743d94d-d6cd-c718-c5ad-f9c6fd6bc396" testName="ClickUp.Api.Client.Tests.ServiceTests.DocsServiceTests.CreatePageAsync_ValidRequest_ReturnsPage" computerName="devbox" duration="00:00:00.0075812" startTime="2025-06-23T16:17:45.5876309+00:00" endTime="2025-06-23T16:17:45.5876310+00:00" testType="13cdc9d9-ddb5-4fa4-a97d-d965ccfc6d4b" outcome="Passed" testListId="8c84fa94-04c1-424b-9868-57a2d4851a1d" relativeResultsDirectory="2caae4ce-9bbd-45e5-8ede-3dae873f0bb7" />
    <UnitTestResult executionId="dc374b72-743c-4033-97cb-fcd0d6c8a14c" testId="f88a9eb1-1b2d-6978-811a-00b9776f9a7b" testName="ClickUp.Api.Client.Tests.ServiceTests.TagsServiceTests.AddTagToTaskAsync_ValidRequest_CallsPostAsyncWithCorrectUrl" computerName="devbox" duration="00:00:00.0089393" startTime="2025-06-23T16:17:45.7481011+00:00" endTime="2025-06-23T16:17:45.7481012+00:00" testType="13cdc9d9-ddb5-4fa4-a97d-d965ccfc6d4b" outcome="Passed" testListId="8c84fa94-04c1-424b-9868-57a2d4851a1d" relativeResultsDirectory="dc374b72-743c-4033-97cb-fcd0d6c8a14c" />
    <UnitTestResult executionId="f84ccfd6-5cad-4755-8f0b-11f70d5ed943" testId="833be0b6-b134-58cc-33d7-b86161f587e4" testName="ClickUp.Api.Client.Tests.ServiceTests.ListsServiceTests.GetListAsync_ApiConnectionThrowsTaskCanceledException_PropagatesException" computerName="devbox" duration="00:00:00.0049160" startTime="2025-06-23T16:17:46.0602090+00:00" endTime="2025-06-23T16:17:46.0602091+00:00" testType="13cdc9d9-ddb5-4fa4-a97d-d965ccfc6d4b" outcome="Passed" testListId="8c84fa94-04c1-424b-9868-57a2d4851a1d" relativeResultsDirectory="f84ccfd6-5cad-4755-8f0b-11f70d5ed943" />
    <UnitTestResult executionId="257806b7-7804-4e39-b20b-9c968001a16c" testId="d86ded55-5f4c-77c6-f606-ed4d9d7f15d2" testName="ClickUp.Api.Client.Tests.ServiceTests.RolesServiceTests.GetCustomRolesAsync_ApiReturnsResponseWithNullRolesList_ReturnsEmptyEnumerable" computerName="devbox" duration="00:00:00.0021469" startTime="2025-06-23T16:17:46.3342698+00:00" endTime="2025-06-23T16:17:46.3342699+00:00" testType="13cdc9d9-ddb5-4fa4-a97d-d965ccfc6d4b" outcome="Passed" testListId="8c84fa94-04c1-424b-9868-57a2d4851a1d" relativeResultsDirectory="257806b7-7804-4e39-b20b-9c968001a16c" />
    <UnitTestResult executionId="3062251d-40e5-4607-bea9-53f1dcfdcadf" testId="b04f067e-538f-45ea-ca52-c8528853dc98" testName="ClickUp.Api.Client.Tests.ServiceTests.GuestsServiceTests.GetGuestAsync_ApiError_ThrowsHttpRequestException" computerName="devbox" duration="00:00:00.0049498" startTime="2025-06-23T16:17:45.3997288+00:00" endTime="2025-06-23T16:17:45.3997289+00:00" testType="13cdc9d9-ddb5-4fa4-a97d-d965ccfc6d4b" outcome="Passed" testListId="8c84fa94-04c1-424b-9868-57a2d4851a1d" relativeResultsDirectory="3062251d-40e5-4607-bea9-53f1dcfdcadf" />
    <UnitTestResult executionId="0fdfed77-91fa-445f-86b6-9708e87d2c62" testId="c12825c8-ae4e-584d-bb7e-d7cd8271538d" testName="ClickUp.Api.Client.Tests.ServiceTests.RolesServiceTests.GetCustomRolesAsync_IncludeMembersNull_ConstructsCorrectUrl" computerName="devbox" duration="00:00:00.0031146" startTime="2025-06-23T16:17:46.3211852+00:00" endTime="2025-06-23T16:17:46.3211853+00:00" testType="13cdc9d9-ddb5-4fa4-a97d-d965ccfc6d4b" outcome="Passed" testListId="8c84fa94-04c1-424b-9868-57a2d4851a1d" relativeResultsDirectory="0fdfed77-91fa-445f-86b6-9708e87d2c62" />
    <UnitTestResult executionId="9bf912a6-a37d-4eda-bb79-e0af75e0d1f8" testId="a7724b9a-291c-c2c0-28d6-ba145c64e34d" testName="ClickUp.Api.Client.Tests.ServiceTests.FoldersServiceTests.CreateFolderFromTemplateAsync_ApiReturnsNull_ThrowsInvalidOperationException" computerName="devbox" duration="00:00:00.0022479" startTime="2025-06-23T16:17:45.9437607+00:00" endTime="2025-06-23T16:17:45.9437607+00:00" testType="13cdc9d9-ddb5-4fa4-a97d-d965ccfc6d4b" outcome="Passed" testListId="8c84fa94-04c1-424b-9868-57a2d4851a1d" relativeResultsDirectory="9bf912a6-a37d-4eda-bb79-e0af75e0d1f8" />
    <UnitTestResult executionId="8e24d617-54de-48ad-b832-548ec10cb856" testId="30d009dc-eac0-b4e6-900a-5292be5377f4" testName="ClickUp.Api.Client.Tests.Models.Common.MemberTests.Member_ShouldDeserializeCorrectly_WhenAllPropertiesAreSet" computerName="devbox" duration="00:00:00.2590441" startTime="2025-06-23T16:17:45.5677457+00:00" endTime="2025-06-23T16:17:45.5677458+00:00" testType="13cdc9d9-ddb5-4fa4-a97d-d965ccfc6d4b" outcome="Passed" testListId="8c84fa94-04c1-424b-9868-57a2d4851a1d" relativeResultsDirectory="8e24d617-54de-48ad-b832-548ec10cb856" />
    <UnitTestResult executionId="5a95c4c1-5796-4560-bb3b-28de7cc56a04" testId="c7dd5536-1bf2-3d6d-6f68-304b45ba7805" testName="ClickUp.Api.Client.Tests.ServiceTests.FoldersServiceTests.GetFoldersAsync_ApiReturnsEmptyList_ReturnsEmptyEnumerable" computerName="devbox" duration="00:00:00.0020896" startTime="2025-06-23T16:17:45.9566332+00:00" endTime="2025-06-23T16:17:45.9566334+00:00" testType="13cdc9d9-ddb5-4fa4-a97d-d965ccfc6d4b" outcome="Passed" testListId="8c84fa94-04c1-424b-9868-57a2d4851a1d" relativeResultsDirectory="5a95c4c1-5796-4560-bb3b-28de7cc56a04" />
    <UnitTestResult executionId="5dd5caf4-dd2a-4c8a-a036-c184fcc6a0f1" testId="42a07047-804b-3c03-19b8-b3db03190b07" testName="ClickUp.Api.Client.Tests.ServiceTests.TaskServiceTests.GetFilteredTeamTasksAsync_PassesCancellationTokenToApiConnection" computerName="devbox" duration="00:00:00.0048589" startTime="2025-06-23T16:17:45.7089950+00:00" endTime="2025-06-23T16:17:45.7089951+00:00" testType="13cdc9d9-ddb5-4fa4-a97d-d965ccfc6d4b" outcome="Passed" testListId="8c84fa94-04c1-424b-9868-57a2d4851a1d" relativeResultsDirectory="5dd5caf4-dd2a-4c8a-a036-c184fcc6a0f1" />
    <UnitTestResult executionId="f7317d25-2bfa-4aba-8417-b820bba8419a" testId="6f157339-746a-c5c0-6676-d390c2a907d3" testName="ClickUp.Api.Client.Tests.ServiceTests.FoldersServiceTests.GetFoldersAsync_ArchivedTrue_BuildsCorrectUrl" computerName="devbox" duration="00:00:00.0100094" startTime="2025-06-23T16:17:45.8949251+00:00" endTime="2025-06-23T16:17:45.8949252+00:00" testType="13cdc9d9-ddb5-4fa4-a97d-d965ccfc6d4b" outcome="Passed" testListId="8c84fa94-04c1-424b-9868-57a2d4851a1d" relativeResultsDirectory="f7317d25-2bfa-4aba-8417-b820bba8419a" />
    <UnitTestResult executionId="fda1916e-2efa-49aa-bb6d-7091004dffdb" testId="549f319b-3d3e-04c7-ff45-17f0d1db712c" testName="ClickUp.Api.Client.Tests.ServiceTests.TimeTrackingServiceTests.StartTimeEntryAsync_WithCustomTaskIdsAndTeamId_BuildsCorrectUrl" computerName="devbox" duration="00:00:00.0200642" startTime="2025-06-23T16:17:46.2467114+00:00" endTime="2025-06-23T16:17:46.2467115+00:00" testType="13cdc9d9-ddb5-4fa4-a97d-d965ccfc6d4b" outcome="Passed" testListId="8c84fa94-04c1-424b-9868-57a2d4851a1d" relativeResultsDirectory="fda1916e-2efa-49aa-bb6d-7091004dffdb" />
    <UnitTestResult executionId="55c00082-c975-401d-a1b3-d3f2ef039407" testId="e696dbf6-4b54-8154-003d-09395465f207" testName="ClickUp.Api.Client.Tests.ServiceTests.ViewsServiceTests.UpdateViewAsync_ValidRequest_ReturnsView" computerName="devbox" duration="00:00:00.0194645" startTime="2025-06-23T16:17:45.2521043+00:00" endTime="2025-06-23T16:17:45.2521044+00:00" testType="13cdc9d9-ddb5-4fa4-a97d-d965ccfc6d4b" outcome="Passed" testListId="8c84fa94-04c1-424b-9868-57a2d4851a1d" relativeResultsDirectory="55c00082-c975-401d-a1b3-d3f2ef039407" />
    <UnitTestResult executionId="0077537f-6d1b-4288-b3c9-30930857f7dc" testId="062b9029-8b37-6fb7-1cef-0200c21085ad" testName="ClickUp.Api.Client.Tests.ServiceTests.FoldersServiceTests.CreateFolderAsync_ApiConnectionThrowsTaskCanceledException_PropagatesException" computerName="devbox" duration="00:00:00.0076074" startTime="2025-06-23T16:17:45.9237832+00:00" endTime="2025-06-23T16:17:45.9237834+00:00" testType="13cdc9d9-ddb5-4fa4-a97d-d965ccfc6d4b" outcome="Passed" testListId="8c84fa94-04c1-424b-9868-57a2d4851a1d" relativeResultsDirectory="0077537f-6d1b-4288-b3c9-30930857f7dc" />
    <UnitTestResult executionId="83cf03db-6f54-4dec-89ed-efd9c196f3f3" testId="a87ff5e5-9b1d-5210-f1d7-074df30d80a7" testName="ClickUp.Api.Client.Tests.ServiceTests.CustomFieldsServiceTests.GetAccessibleCustomFieldsAsync_ValidListId_BuildsCorrectUrlAndReturnsFields" computerName="devbox" duration="00:00:00.0056435" startTime="2025-06-23T16:17:45.3727057+00:00" endTime="2025-06-23T16:17:45.3727058+00:00" testType="13cdc9d9-ddb5-4fa4-a97d-d965ccfc6d4b" outcome="Passed" testListId="8c84fa94-04c1-424b-9868-57a2d4851a1d" relativeResultsDirectory="83cf03db-6f54-4dec-89ed-efd9c196f3f3" />
    <UnitTestResult executionId="e3a39975-a577-43f1-93d7-d61ac416f321" testId="8dde9b4f-5d4e-aafa-6015-bfdb73c367d3" testName="ClickUp.Api.Client.Tests.ServiceTests.CommentServiceTests.GetChatViewCommentsStreamAsync_IAsyncEnumerable_HandlesApiError" computerName="devbox" duration="00:00:00.0085585" startTime="2025-06-23T16:17:46.0600735+00:00" endTime="2025-06-23T16:17:46.0600735+00:00" testType="13cdc9d9-ddb5-4fa4-a97d-d965ccfc6d4b" outcome="Passed" testListId="8c84fa94-04c1-424b-9868-57a2d4851a1d" relativeResultsDirectory="e3a39975-a577-43f1-93d7-d61ac416f321" />
    <UnitTestResult executionId="929ec95d-6d30-4826-b4a4-541cee74a73f" testId="f6bdcac0-22ed-72e6-9550-717b92896985" testName="ClickUp.Api.Client.Tests.ServiceTests.TaskChecklistsServiceTests.EditChecklistItemAsync_ApiConnectionThrowsHttpRequestException_PropagatesException" computerName="devbox" duration="00:00:00.0070936" startTime="2025-06-23T16:17:46.0791997+00:00" endTime="2025-06-23T16:17:46.0791998+00:00" testType="13cdc9d9-ddb5-4fa4-a97d-d965ccfc6d4b" outcome="Passed" testListId="8c84fa94-04c1-424b-9868-57a2d4851a1d" relativeResultsDirectory="929ec95d-6d30-4826-b4a4-541cee74a73f" />
    <UnitTestResult executionId="75097134-6881-4278-a463-365b71f7b7bd" testId="d2da073d-29db-1812-1e61-1eb772d7166b" testName="ClickUp.Api.Client.Tests.ServiceTests.TaskChecklistsServiceTests.EditChecklistItemAsync_ValidRequest_ReturnsChecklistItemResponse" computerName="devbox" duration="00:00:00.0083063" startTime="2025-06-23T16:17:46.0987087+00:00" endTime="2025-06-23T16:17:46.0987089+00:00" testType="13cdc9d9-ddb5-4fa4-a97d-d965ccfc6d4b" outcome="Passed" testListId="8c84fa94-04c1-424b-9868-57a2d4851a1d" relativeResultsDirectory="75097134-6881-4278-a463-365b71f7b7bd" />
    <UnitTestResult executionId="a6f3b1b2-657a-4254-ab23-729a08c7d0da" testId="f4f05f7e-c1aa-8a7f-f1ec-8bb2f604023d" testName="ClickUp.Api.Client.Tests.Http.ApiConnectionTests.GetAsync_ThrowsCorrectException_ForGeneralErrorStatusCodes(statusCode: InternalServerError, expectedExceptionType: typeof(ClickUp.Api.Client.Models.Exceptions.ClickUpApiServerException), expectedMessageContent: &quot;Internal Server Error&quot;)" computerName="devbox" duration="00:00:00.0383283" startTime="2025-06-23T16:17:46.1463680+00:00" endTime="2025-06-23T16:17:46.1463682+00:00" testType="13cdc9d9-ddb5-4fa4-a97d-d965ccfc6d4b" outcome="Passed" testListId="8c84fa94-04c1-424b-9868-57a2d4851a1d" relativeResultsDirectory="a6f3b1b2-657a-4254-ab23-729a08c7d0da" />
    <UnitTestResult executionId="15e50462-05aa-470c-86c3-a8a49a150fe6" testId="f877fa82-b666-1ee2-d996-68f2efcc932e" testName="ClickUp.Api.Client.Tests.Http.ApiConnectionTests.GetAsync_ThrowsCorrectException_ForGeneralErrorStatusCodes(statusCode: GatewayTimeout, expectedExceptionType: typeof(ClickUp.Api.Client.Models.Exceptions.ClickUpApiServerException), expectedMessageContent: &quot;Gateway Timeout&quot;)" computerName="devbox" duration="00:00:00.0011247" startTime="2025-06-23T16:17:46.1465039+00:00" endTime="2025-06-23T16:17:46.1465040+00:00" testType="13cdc9d9-ddb5-4fa4-a97d-d965ccfc6d4b" outcome="Passed" testListId="8c84fa94-04c1-424b-9868-57a2d4851a1d" relativeResultsDirectory="15e50462-05aa-470c-86c3-a8a49a150fe6" />
    <UnitTestResult executionId="8ff414eb-938e-4221-829a-d84eb5e70b68" testId="4407b350-db9d-8c81-7116-88bb98212cd0" testName="ClickUp.Api.Client.Tests.ServiceTests.DocsServiceTests.SearchAllDocsAsync_CancellationRequested_StopsIteration" computerName="devbox" duration="00:00:00.0099165" startTime="2025-06-23T16:17:45.5800042+00:00" endTime="2025-06-23T16:17:45.5800043+00:00" testType="13cdc9d9-ddb5-4fa4-a97d-d965ccfc6d4b" outcome="Passed" testListId="8c84fa94-04c1-424b-9868-57a2d4851a1d" relativeResultsDirectory="8ff414eb-938e-4221-829a-d84eb5e70b68" />
    <UnitTestResult executionId="bf5495c7-37f5-4049-b310-4bbcf794b2c6" testId="b6f51341-a030-7010-92b4-f1c1a8bc9169" testName="ClickUp.Api.Client.Tests.ServiceTests.WorkspacesServiceTests.GetWorkspaceSeatsAsync_ValidWorkspaceId_ReturnsSeatsResponse" computerName="devbox" duration="00:00:00.0041066" startTime="2025-06-23T16:17:45.2425326+00:00" endTime="2025-06-23T16:17:45.2425327+00:00" testType="13cdc9d9-ddb5-4fa4-a97d-d965ccfc6d4b" outcome="Passed" testListId="8c84fa94-04c1-424b-9868-57a2d4851a1d" relativeResultsDirectory="bf5495c7-37f5-4049-b310-4bbcf794b2c6" />
    <UnitTestResult executionId="180012cb-af47-45cc-a142-b2446e96c28c" testId="baea752d-54d8-3c83-578e-889160e95153" testName="ClickUp.Api.Client.Tests.ServiceTests.AuthorizationServiceTests.GetAuthorizedUserAsync_ApiConnectionReturnsNull_ReturnsNull" computerName="devbox" duration="00:00:00.0042720" startTime="2025-06-23T16:17:45.2428354+00:00" endTime="2025-06-23T16:17:45.2428355+00:00" testType="13cdc9d9-ddb5-4fa4-a97d-d965ccfc6d4b" outcome="Passed" testListId="8c84fa94-04c1-424b-9868-57a2d4851a1d" relativeResultsDirectory="180012cb-af47-45cc-a142-b2446e96c28c" />
    <UnitTestResult executionId="d5658527-2470-431f-a959-0ac4ac4f85a0" testId="be33725e-bc92-9417-a609-016459ee48cb" testName="ClickUp.Api.Client.Tests.ServiceTests.ChatServiceTests.CreateChatChannelAsync_ApiConnectionThrowsTaskCanceledException_PropagatesException" computerName="devbox" duration="00:00:00.0043423" startTime="2025-06-23T16:17:45.4609092+00:00" endTime="2025-06-23T16:17:45.4609093+00:00" testType="13cdc9d9-ddb5-4fa4-a97d-d965ccfc6d4b" outcome="Passed" testListId="8c84fa94-04c1-424b-9868-57a2d4851a1d" relativeResultsDirectory="d5658527-2470-431f-a959-0ac4ac4f85a0" />
    <UnitTestResult executionId="000d2b09-2cfd-4b70-97d0-2fa1e4d4984e" testId="2108bcbe-d0f1-5006-caac-16d5ac26803a" testName="ClickUp.Api.Client.Tests.ServiceTests.TimeTrackingServiceTests.ChangeTimeEntryTagNameAsync_ApiConnectionThrowsHttpRequestException_PropagatesException" computerName="devbox" duration="00:00:00.0025664" startTime="2025-06-23T16:17:46.5525239+00:00" endTime="2025-06-23T16:17:46.5525240+00:00" testType="13cdc9d9-ddb5-4fa4-a97d-d965ccfc6d4b" outcome="Passed" testListId="8c84fa94-04c1-424b-9868-57a2d4851a1d" relativeResultsDirectory="000d2b09-2cfd-4b70-97d0-2fa1e4d4984e" />
    <UnitTestResult executionId="45c0fe17-f576-4572-bcfc-3b05ccda90d5" testId="4007011b-94e0-985a-1e4f-af1e83cbb54c" testName="ClickUp.Api.Client.Tests.ServiceTests.ChatServiceTests.GetChatMessageReactionsAsync_PassesCancellationTokenToApiConnection" computerName="devbox" duration="00:00:00.0060998" startTime="2025-06-23T16:17:45.4491427+00:00" endTime="2025-06-23T16:17:45.4491428+00:00" testType="13cdc9d9-ddb5-4fa4-a97d-d965ccfc6d4b" outcome="Passed" testListId="8c84fa94-04c1-424b-9868-57a2d4851a1d" relativeResultsDirectory="45c0fe17-f576-4572-bcfc-3b05ccda90d5" />
    <UnitTestResult executionId="2b15976a-f279-4612-906f-0745f544468c" testId="a8345ecf-deb0-fe09-c1e4-e6f7f6482ec8" testName="ClickUp.Api.Client.Tests.ServiceTests.DocsServiceTests.SearchAllDocsAsync_ApiConnectionThrowsException_PropagatesException" computerName="devbox" duration="00:00:00.0067506" startTime="2025-06-23T16:17:45.6421155+00:00" endTime="2025-06-23T16:17:45.6421157+00:00" testType="13cdc9d9-ddb5-4fa4-a97d-d965ccfc6d4b" outcome="Passed" testListId="8c84fa94-04c1-424b-9868-57a2d4851a1d" relativeResultsDirectory="2b15976a-f279-4612-906f-0745f544468c" />
    <UnitTestResult executionId="216f4f77-f125-4c4a-ac5c-42b1680ef29b" testId="e56ecf4a-2afb-69f6-4624-afbf5ecf4c78" testName="ClickUp.Api.Client.Tests.ServiceTests.TimeTrackingServiceTests.StartTimeEntryAsync_ApiConnectionThrowsTaskCanceledException_PropagatesException" computerName="devbox" duration="00:00:00.0023793" startTime="2025-06-23T16:17:46.5092123+00:00" endTime="2025-06-23T16:17:46.5092124+00:00" testType="13cdc9d9-ddb5-4fa4-a97d-d965ccfc6d4b" outcome="Passed" testListId="8c84fa94-04c1-424b-9868-57a2d4851a1d" relativeResultsDirectory="216f4f77-f125-4c4a-ac5c-42b1680ef29b" />
    <UnitTestResult executionId="86928e49-e06f-4c7d-bb40-a7ed9ceada20" testId="a008fa4d-3311-e7d5-6ba1-8acc7485f062" testName="ClickUp.Api.Client.Tests.ServiceTests.ChatServiceTests.GetChatChannelsAsync_ApiConnectionThrowsTaskCanceledException_PropagatesException" computerName="devbox" duration="00:00:00.0031529" startTime="2025-06-23T16:17:45.5290742+00:00" endTime="2025-06-23T16:17:45.5290743+00:00" testType="13cdc9d9-ddb5-4fa4-a97d-d965ccfc6d4b" outcome="Passed" testListId="8c84fa94-04c1-424b-9868-57a2d4851a1d" relativeResultsDirectory="86928e49-e06f-4c7d-bb40-a7ed9ceada20" />
    <UnitTestResult executionId="7aec01f6-ce16-4da3-9202-eaed3e9d0b1c" testId="b832b975-47b0-af8c-06a6-7d2a3cee329b" testName="ClickUp.Api.Client.Tests.ServiceTests.AuthorizationServiceTests.GetAccessTokenAsync_ApiConnectionThrowsTaskCanceledException_PropagatesException" computerName="devbox" duration="00:00:00.0028337" startTime="2025-06-23T16:17:45.2459033+00:00" endTime="2025-06-23T16:17:45.2459034+00:00" testType="13cdc9d9-ddb5-4fa4-a97d-d965ccfc6d4b" outcome="Passed" testListId="8c84fa94-04c1-424b-9868-57a2d4851a1d" relativeResultsDirectory="7aec01f6-ce16-4da3-9202-eaed3e9d0b1c" />
    <UnitTestResult executionId="cc97a9df-bb56-46d2-8a8a-19e6fd23424f" testId="173cddce-20b5-b1cf-f1bb-6e624f03b3b2" testName="ClickUp.Api.Client.Tests.ServiceTests.SpacesServiceTests.GetSpacesAsync_ApiReturnsResponseWithNullSpaces_ReturnsEmptyEnumerable" computerName="devbox" duration="00:00:00.0013676" startTime="2025-06-23T16:17:45.8514533+00:00" endTime="2025-06-23T16:17:45.8514534+00:00" testType="13cdc9d9-ddb5-4fa4-a97d-d965ccfc6d4b" outcome="Passed" testListId="8c84fa94-04c1-424b-9868-57a2d4851a1d" relativeResultsDirectory="cc97a9df-bb56-46d2-8a8a-19e6fd23424f" />
    <UnitTestResult executionId="36b8626b-0ebe-4459-adfc-50907810e41e" testId="f8636ac7-ebb5-6860-e56f-179c84b09f7e" testName="ClickUp.Api.Client.Tests.ServiceTests.CommentServiceTests.UpdateCommentAsync_ValidInput_CallsApiConnectionPutAsyncWithCorrectParameters" computerName="devbox" duration="00:00:00.0050916" startTime="2025-06-23T16:17:45.9938058+00:00" endTime="2025-06-23T16:17:45.9938060+00:00" testType="13cdc9d9-ddb5-4fa4-a97d-d965ccfc6d4b" outcome="Passed" testListId="8c84fa94-04c1-424b-9868-57a2d4851a1d" relativeResultsDirectory="36b8626b-0ebe-4459-adfc-50907810e41e" />
    <UnitTestResult executionId="cb7b8d3b-4a33-4b9d-ae9e-9db9368da3a5" testId="0cf6b1ac-325e-ac64-fd36-574ae75b25e5" testName="ClickUp.Api.Client.Tests.ServiceTests.FoldersServiceTests.GetFoldersAsync_ApiError_ThrowsHttpRequestException" computerName="devbox" duration="00:00:00.0023548" startTime="2025-06-23T16:17:45.9816229+00:00" endTime="2025-06-23T16:17:45.9816230+00:00" testType="13cdc9d9-ddb5-4fa4-a97d-d965ccfc6d4b" outcome="Passed" testListId="8c84fa94-04c1-424b-9868-57a2d4851a1d" relativeResultsDirectory="cb7b8d3b-4a33-4b9d-ae9e-9db9368da3a5" />
    <UnitTestResult executionId="7b09cf64-2a56-49ec-b689-4303100cbd58" testId="6628d820-75ad-6955-de7e-b8cd13fb14bf" testName="ClickUp.Api.Client.Tests.ServiceTests.FoldersServiceTests.UpdateFolderAsync_ValidRequest_CallsPutAndReturnsFolder" computerName="devbox" duration="00:00:00.0070295" startTime="2025-06-23T16:17:46.0033866+00:00" endTime="2025-06-23T16:17:46.0033871+00:00" testType="13cdc9d9-ddb5-4fa4-a97d-d965ccfc6d4b" outcome="Passed" testListId="8c84fa94-04c1-424b-9868-57a2d4851a1d" relativeResultsDirectory="7b09cf64-2a56-49ec-b689-4303100cbd58" />
    <UnitTestResult executionId="fc0e1212-8d32-4de9-ba8c-bc59e7715549" testId="2704797e-871f-8d89-561c-7af30a05128f" testName="ClickUp.Api.Client.Tests.ServiceTests.CustomFieldsServiceTests.GetAccessibleCustomFieldsAsync_PassesCancellationTokenToApiConnection" computerName="devbox" duration="00:00:00.0040259" startTime="2025-06-23T16:17:45.3384811+00:00" endTime="2025-06-23T16:17:45.3384812+00:00" testType="13cdc9d9-ddb5-4fa4-a97d-d965ccfc6d4b" outcome="Passed" testListId="8c84fa94-04c1-424b-9868-57a2d4851a1d" relativeResultsDirectory="fc0e1212-8d32-4de9-ba8c-bc59e7715549" />
    <UnitTestResult executionId="cd78fb93-871e-4855-99e2-e74ecf85405b" testId="1e5f29df-ed10-0b1f-d07d-d53b219d368d" testName="ClickUp.Api.Client.Tests.ServiceTests.TaskChecklistsServiceTests.DeleteChecklistItemAsync_PassesCancellationTokenToApiConnection" computerName="devbox" duration="00:00:00.0067287" startTime="2025-06-23T16:17:46.0606842+00:00" endTime="2025-06-23T16:17:46.0606843+00:00" testType="13cdc9d9-ddb5-4fa4-a97d-d965ccfc6d4b" outcome="Passed" testListId="8c84fa94-04c1-424b-9868-57a2d4851a1d" relativeResultsDirectory="cd78fb93-871e-4855-99e2-e74ecf85405b" />
    <UnitTestResult executionId="7a884d0a-0a80-403a-9dfe-cf34669021b0" testId="b6f833d8-499e-ed7b-6b41-c89313a68967" testName="ClickUp.Api.Client.Tests.ServiceTests.MembersServiceTests.GetListMembersAsync_ApiConnectionThrowsHttpRequestException_PropagatesException" computerName="devbox" duration="00:00:00.0025318" startTime="2025-06-23T16:17:46.2634348+00:00" endTime="2025-06-23T16:17:46.2634349+00:00" testType="13cdc9d9-ddb5-4fa4-a97d-d965ccfc6d4b" outcome="Passed" testListId="8c84fa94-04c1-424b-9868-57a2d4851a1d" relativeResultsDirectory="7a884d0a-0a80-403a-9dfe-cf34669021b0" />
    <UnitTestResult executionId="576551f7-be74-42ed-b8da-cf028708f566" testId="445820b3-85f7-a45b-0dbb-176036ea27f3" testName="ClickUp.Api.Client.Tests.ServiceTests.UserGroupServiceTests.GetUserGroupsAsync_ApiConnectionThrowsHttpRequestException_PropagatesException" computerName="devbox" duration="00:00:00.0018618" startTime="2025-06-23T16:17:46.3140386+00:00" endTime="2025-06-23T16:17:46.3140387+00:00" testType="13cdc9d9-ddb5-4fa4-a97d-d965ccfc6d4b" outcome="Passed" testListId="8c84fa94-04c1-424b-9868-57a2d4851a1d" relativeResultsDirectory="576551f7-be74-42ed-b8da-cf028708f566" />
    <UnitTestResult executionId="4a229023-bcc9-47d5-bbbd-393a56f2414b" testId="cc867c7c-0d5c-801d-c7c1-fb77450424f9" testName="ClickUp.Api.Client.Tests.ServiceTests.ListsServiceTests.CreateFolderlessListAsync_ApiReturnsNullResponse_ThrowsInvalidOperationException" computerName="devbox" duration="00:00:00.0022973" startTime="2025-06-23T16:17:46.5419048+00:00" endTime="2025-06-23T16:17:46.5419050+00:00" testType="13cdc9d9-ddb5-4fa4-a97d-d965ccfc6d4b" outcome="Passed" testListId="8c84fa94-04c1-424b-9868-57a2d4851a1d" relativeResultsDirectory="4a229023-bcc9-47d5-bbbd-393a56f2414b" />
    <UnitTestResult executionId="92527855-035b-4580-902c-31a9babde983" testId="c3f78f48-a866-b86e-0984-689bef337df5" testName="ClickUp.Api.Client.Tests.ServiceTests.AuthorizationServiceTests.GetAuthorizedWorkspacesAsync_PassesCancellationTokenToApiConnection" computerName="devbox" duration="00:00:00.1494232" startTime="2025-06-23T16:17:45.1213372+00:00" endTime="2025-06-23T16:17:45.1213840+00:00" testType="13cdc9d9-ddb5-4fa4-a97d-d965ccfc6d4b" outcome="Passed" testListId="8c84fa94-04c1-424b-9868-57a2d4851a1d" relativeResultsDirectory="92527855-035b-4580-902c-31a9babde983" />
    <UnitTestResult executionId="232f7ce8-93f6-4105-9dbd-72ef7e8d6ea8" testId="d8ab1085-75ed-8e3c-6704-cb239b515cf2" testName="ClickUp.Api.Client.Tests.ServiceTests.ChatServiceTests.DeleteChatReactionAsync_PassesCancellationTokenToApiConnection" computerName="devbox" duration="00:00:00.0077032" startTime="2025-06-23T16:17:45.5101986+00:00" endTime="2025-06-23T16:17:45.5101987+00:00" testType="13cdc9d9-ddb5-4fa4-a97d-d965ccfc6d4b" outcome="Passed" testListId="8c84fa94-04c1-424b-9868-57a2d4851a1d" relativeResultsDirectory="232f7ce8-93f6-4105-9dbd-72ef7e8d6ea8" />
    <UnitTestResult executionId="1cffb38d-bf68-4778-a419-f07e3aeaf4dc" testId="06571b54-322a-973e-41eb-4f39ab7afeba" testName="ClickUp.Api.Client.Tests.ServiceTests.ChatServiceTests.GetChatChannelMembersAsync_ApiConnectionThrowsTaskCanceledException_PropagatesException" computerName="devbox" duration="00:00:00.0029595" startTime="2025-06-23T16:17:45.3926212+00:00" endTime="2025-06-23T16:17:45.3926213+00:00" testType="13cdc9d9-ddb5-4fa4-a97d-d965ccfc6d4b" outcome="Passed" testListId="8c84fa94-04c1-424b-9868-57a2d4851a1d" relativeResultsDirectory="1cffb38d-bf68-4778-a419-f07e3aeaf4dc" />
    <UnitTestResult executionId="cbe48bff-7191-41ca-9f88-c526bed93ce5" testId="7527c8ed-75f7-2f06-edb4-4d6b09bcc381" testName="ClickUp.Api.Client.Tests.ServiceTests.GuestsServiceTests.RemoveGuestFromWorkspaceAsync_ApiError_ThrowsHttpRequestException" computerName="devbox" duration="00:00:00.0014991" startTime="2025-06-23T16:17:45.5810217+00:00" endTime="2025-06-23T16:17:45.5810218+00:00" testType="13cdc9d9-ddb5-4fa4-a97d-d965ccfc6d4b" outcome="Passed" testListId="8c84fa94-04c1-424b-9868-57a2d4851a1d" relativeResultsDirectory="cbe48bff-7191-41ca-9f88-c526bed93ce5" />
    <UnitTestResult executionId="b6ce9f0d-3a73-4357-8b1f-cdec96cf488d" testId="9a676e03-e012-f8a9-7b8b-ab620799d1bd" testName="ClickUp.Api.Client.Tests.ServiceTests.ChatServiceTests.GetChatChannelMembersAsync_NullResponse_ThrowsInvalidOperationException" computerName="devbox" duration="00:00:00.0075445" startTime="2025-06-23T16:17:45.2499436+00:00" endTime="2025-06-23T16:17:45.2499438+00:00" testType="13cdc9d9-ddb5-4fa4-a97d-d965ccfc6d4b" outcome="Passed" testListId="8c84fa94-04c1-424b-9868-57a2d4851a1d" relativeResultsDirectory="b6ce9f0d-3a73-4357-8b1f-cdec96cf488d" />
    <UnitTestResult executionId="b28b598c-0f82-4819-86b7-2e9bb70b2761" testId="f0cf4632-d6dd-1631-e787-56470f2d346f" testName="ClickUp.Api.Client.Tests.ServiceTests.CustomFieldsServiceTests.RemoveCustomFieldValueAsync_ApiError_ThrowsHttpRequestException" computerName="devbox" duration="00:00:00.0019516" startTime="2025-06-23T16:17:45.3049143+00:00" endTime="2025-06-23T16:17:45.3049143+00:00" testType="13cdc9d9-ddb5-4fa4-a97d-d965ccfc6d4b" outcome="Passed" testListId="8c84fa94-04c1-424b-9868-57a2d4851a1d" relativeResultsDirectory="b28b598c-0f82-4819-86b7-2e9bb70b2761" />
    <UnitTestResult executionId="cc4c5947-b237-4fd3-9f9b-be615bedfe05" testId="06216717-90a4-deb6-6c95-20467cbc32ad" testName="ClickUp.Api.Client.Tests.ServiceTests.CommentServiceTests.CreateThreadedCommentAsync_ValidInput_CallsApiConnectionPostAsyncWithCorrectParameters" computerName="devbox" duration="00:00:00.0145368" startTime="2025-06-23T16:17:45.9661181+00:00" endTime="2025-06-23T16:17:45.9661182+00:00" testType="13cdc9d9-ddb5-4fa4-a97d-d965ccfc6d4b" outcome="Passed" testListId="8c84fa94-04c1-424b-9868-57a2d4851a1d" relativeResultsDirectory="cc4c5947-b237-4fd3-9f9b-be615bedfe05" />
    <UnitTestResult executionId="ad0f723a-fc6d-498f-bbd1-c2d1b2715c8f" testId="e00fbc9e-f7de-c06d-72fe-b42d59595a10" testName="ClickUp.Api.Client.Tests.ServiceTests.TaskServiceTests.GetTaskAsync_WithAllQueryParameters_BuildsCorrectEndpoint" computerName="devbox" duration="00:00:00.0161142" startTime="2025-06-23T16:17:45.6705971+00:00" endTime="2025-06-23T16:17:45.6705972+00:00" testType="13cdc9d9-ddb5-4fa4-a97d-d965ccfc6d4b" outcome="Passed" testListId="8c84fa94-04c1-424b-9868-57a2d4851a1d" relativeResultsDirectory="ad0f723a-fc6d-498f-bbd1-c2d1b2715c8f" />
    <UnitTestResult executionId="1dfc47b6-5ebc-4c0b-84bd-75eb4f8e0c6d" testId="6e8c97ec-e8b9-4664-064c-e2f855880c7c" testName="ClickUp.Api.Client.Tests.ServiceTests.GuestsServiceTests.AddGuestToFolderAsync_ApiConnectionThrowsTaskCanceledException_PropagatesException" computerName="devbox" duration="00:00:00.0030048" startTime="2025-06-23T16:17:45.4160322+00:00" endTime="2025-06-23T16:17:45.4160323+00:00" testType="13cdc9d9-ddb5-4fa4-a97d-d965ccfc6d4b" outcome="Passed" testListId="8c84fa94-04c1-424b-9868-57a2d4851a1d" relativeResultsDirectory="1dfc47b6-5ebc-4c0b-84bd-75eb4f8e0c6d" />
    <UnitTestResult executionId="2455b226-59fe-4425-9577-7a563045fb68" testId="c8dadf2f-d99b-7fdd-c771-65d4d23b6f2a" testName="ClickUp.Api.Client.Tests.ServiceTests.TagsServiceTests.DeleteSpaceTagAsync_PassesCancellationTokenToApiConnection" computerName="devbox" duration="00:00:00.0097753" startTime="2025-06-23T16:17:45.8688674+00:00" endTime="2025-06-23T16:17:45.8688675+00:00" testType="13cdc9d9-ddb5-4fa4-a97d-d965ccfc6d4b" outcome="Passed" testListId="8c84fa94-04c1-424b-9868-57a2d4851a1d" relativeResultsDirectory="2455b226-59fe-4425-9577-7a563045fb68" />
    <UnitTestResult executionId="524c0a89-d267-4ccd-bc6b-a3d65f44f65f" testId="ef4a1808-46d3-657b-d153-6628c14bba3b" testName="ClickUp.Api.Client.Tests.ServiceTests.CommentServiceTests.GetTaskCommentsAsync_ApiConnectionThrowsException_PropagatesException" computerName="devbox" duration="00:00:00.0024620" startTime="2025-06-23T16:17:45.9877287+00:00" endTime="2025-06-23T16:17:45.9877289+00:00" testType="13cdc9d9-ddb5-4fa4-a97d-d965ccfc6d4b" outcome="Passed" testListId="8c84fa94-04c1-424b-9868-57a2d4851a1d" relativeResultsDirectory="524c0a89-d267-4ccd-bc6b-a3d65f44f65f" />
    <UnitTestResult executionId="d0a94355-f171-461d-9878-b71d2c513fdd" testId="e6daaaea-35c2-a1ec-4efb-e9b209ff48e2" testName="ClickUp.Api.Client.Tests.ServiceTests.ListsServiceTests.CreateListFromTemplateInFolderAsync_ApiConnectionThrowsHttpRequestException_PropagatesException" computerName="devbox" duration="00:00:00.0032861" startTime="2025-06-23T16:17:46.5078813+00:00" endTime="2025-06-23T16:17:46.5078814+00:00" testType="13cdc9d9-ddb5-4fa4-a97d-d965ccfc6d4b" outcome="Passed" testListId="8c84fa94-04c1-424b-9868-57a2d4851a1d" relativeResultsDirectory="d0a94355-f171-461d-9878-b71d2c513fdd" />
    <UnitTestResult executionId="41473df0-9dae-45b4-923d-96d97cac9061" testId="75dcbe08-27fa-c937-8190-beebb93cb48e" testName="ClickUp.Api.Client.Tests.ServiceTests.FoldersServiceTests.UpdateFolderAsync_ApiConnectionThrowsTaskCanceledException_PropagatesException" computerName="devbox" duration="00:00:00.0032109" startTime="2025-06-23T16:17:45.9851511+00:00" endTime="2025-06-23T16:17:45.9851512+00:00" testType="13cdc9d9-ddb5-4fa4-a97d-d965ccfc6d4b" outcome="Passed" testListId="8c84fa94-04c1-424b-9868-57a2d4851a1d" relativeResultsDirectory="41473df0-9dae-45b4-923d-96d97cac9061" />
    <UnitTestResult executionId="1f549ddc-2028-46f2-b10f-58162e8480a3" testId="25c1b683-3a86-c917-ec64-a480a60709bd" testName="ClickUp.Api.Client.Tests.ServiceTests.ListsServiceTests.RemoveTaskFromListAsync_ValidIds_CallsDeleteAsync" computerName="devbox" duration="00:00:00.0037993" startTime="2025-06-23T16:17:46.6832108+00:00" endTime="2025-06-23T16:17:46.6832109+00:00" testType="13cdc9d9-ddb5-4fa4-a97d-d965ccfc6d4b" outcome="Passed" testListId="8c84fa94-04c1-424b-9868-57a2d4851a1d" relativeResultsDirectory="1f549ddc-2028-46f2-b10f-58162e8480a3" />
    <UnitTestResult executionId="d8a29496-3aa1-4e91-a9c4-d3f5048efd39" testId="8402c4be-58d2-4373-a7ae-0bcd589f5325" testName="ClickUp.Api.Client.Tests.ServiceTests.TimeTrackingServiceTests.CreateTimeEntryAsync_ApiReturnsResponseWithNullData_ThrowsInvalidOperationException" computerName="devbox" duration="00:00:00.0024099" startTime="2025-06-23T16:17:46.5819296+00:00" endTime="2025-06-23T16:17:46.5819298+00:00" testType="13cdc9d9-ddb5-4fa4-a97d-d965ccfc6d4b" outcome="Passed" testListId="8c84fa94-04c1-424b-9868-57a2d4851a1d" relativeResultsDirectory="d8a29496-3aa1-4e91-a9c4-d3f5048efd39" />
    <UnitTestResult executionId="4b4880f0-edae-4c40-9d62-a8db86d8cf6a" testId="e0c10e64-da27-8957-c6de-5fbaaed554d3" testName="ClickUp.Api.Client.Tests.ServiceTests.SharedHierarchyServiceTests.GetSharedHierarchyAsync_PassesCancellationTokenToApiConnection" computerName="devbox" duration="00:00:00.0069815" startTime="2025-06-23T16:17:46.1792098+00:00" endTime="2025-06-23T16:17:46.1792099+00:00" testType="13cdc9d9-ddb5-4fa4-a97d-d965ccfc6d4b" outcome="Passed" testListId="8c84fa94-04c1-424b-9868-57a2d4851a1d" relativeResultsDirectory="4b4880f0-edae-4c40-9d62-a8db86d8cf6a" />
    <UnitTestResult executionId="cc537163-dff9-4913-8edd-46f9d7edb645" testId="69dddec3-7578-2080-835c-667dbf4daafa" testName="ClickUp.Api.Client.Tests.ServiceTests.DocsServiceTests.GetDocPageListingAsync_PassesCancellationTokenToApiConnection" computerName="devbox" duration="00:00:00.0078828" startTime="2025-06-23T16:17:45.4992965+00:00" endTime="2025-06-23T16:17:45.4992965+00:00" testType="13cdc9d9-ddb5-4fa4-a97d-d965ccfc6d4b" outcome="Passed" testListId="8c84fa94-04c1-424b-9868-57a2d4851a1d" relativeResultsDirectory="cc537163-dff9-4913-8edd-46f9d7edb645" />
    <UnitTestResult executionId="19a07a00-e834-421c-9d41-26ece7d4b000" testId="443f2da3-b089-a650-7bb5-fbd792906525" testName="ClickUp.Api.Client.Tests.ServiceTests.TimeTrackingServiceTests.ChangeTimeEntryTagNameAsync_ApiConnectionThrowsTaskCanceledException_PropagatesException" computerName="devbox" duration="00:00:00.0054878" startTime="2025-06-23T16:17:46.2796814+00:00" endTime="2025-06-23T16:17:46.2796816+00:00" testType="13cdc9d9-ddb5-4fa4-a97d-d965ccfc6d4b" outcome="Passed" testListId="8c84fa94-04c1-424b-9868-57a2d4851a1d" relativeResultsDirectory="19a07a00-e834-421c-9d41-26ece7d4b000" />
    <UnitTestResult executionId="e014a609-ae59-4afa-b98c-8c4640a1e47b" testId="d74a0847-3fd5-d904-c7af-363717dfd5a4" testName="ClickUp.Api.Client.Tests.Http.ApiConnectionTests.GetAsync_ThrowsClickUpApiRateLimitException_ForTooManyRequests_NoRetryAfterHeader" computerName="devbox" duration="00:00:00.0024478" startTime="2025-06-23T16:17:46.1830160+00:00" endTime="2025-06-23T16:17:46.1830161+00:00" testType="13cdc9d9-ddb5-4fa4-a97d-d965ccfc6d4b" outcome="Passed" testListId="8c84fa94-04c1-424b-9868-57a2d4851a1d" relativeResultsDirectory="e014a609-ae59-4afa-b98c-8c4640a1e47b" />
    <UnitTestResult executionId="92548d5e-7777-4916-be69-05bab1740d74" testId="57bacdbf-a0f3-52a6-bf94-fe17e3e3f642" testName="ClickUp.Api.Client.Tests.ServiceTests.ChatServiceTests.CreateDirectMessageChatChannelAsync_ApiConnectionThrowsTaskCanceledException_PropagatesException" computerName="devbox" duration="00:00:00.0027956" startTime="2025-06-23T16:17:45.7056211+00:00" endTime="2025-06-23T16:17:45.7056212+00:00" testType="13cdc9d9-ddb5-4fa4-a97d-d965ccfc6d4b" outcome="Passed" testListId="8c84fa94-04c1-424b-9868-57a2d4851a1d" relativeResultsDirectory="92548d5e-7777-4916-be69-05bab1740d74" />
    <UnitTestResult executionId="0d19bef5-0a91-4785-bfad-91589b4d4208" testId="40452ac3-133f-485f-97d4-273cd14a475c" testName="ClickUp.Api.Client.Tests.ServiceTests.RolesServiceTests.GetCustomRolesAsync_ApiConnectionThrowsTaskCanceledException_PropagatesException" computerName="devbox" duration="00:00:00.0014904" startTime="2025-06-23T16:17:46.3229398+00:00" endTime="2025-06-23T16:17:46.3229399+00:00" testType="13cdc9d9-ddb5-4fa4-a97d-d965ccfc6d4b" outcome="Passed" testListId="8c84fa94-04c1-424b-9868-57a2d4851a1d" relativeResultsDirectory="0d19bef5-0a91-4785-bfad-91589b4d4208" />
    <UnitTestResult executionId="87139f3a-1983-4d33-84dc-e5414d682984" testId="bb11f76c-b72d-ed60-cb62-d44e29999fcc" testName="ClickUp.Api.Client.Tests.ServiceTests.WebhooksServiceTests.GetWebhooksAsync_ApiConnectionThrowsTaskCanceledException_PropagatesException" computerName="devbox" duration="00:00:00.0028125" startTime="2025-06-23T16:17:46.4882860+00:00" endTime="2025-06-23T16:17:46.4882861+00:00" testType="13cdc9d9-ddb5-4fa4-a97d-d965ccfc6d4b" outcome="Passed" testListId="8c84fa94-04c1-424b-9868-57a2d4851a1d" relativeResultsDirectory="87139f3a-1983-4d33-84dc-e5414d682984" />
    <UnitTestResult executionId="cc53854c-ee09-41e2-b939-d9821a73cf24" testId="7f534aaf-3d3a-6b6e-7f78-02adb85253d7" testName="ClickUp.Api.Client.Tests.Http.ApiConnectionTests.GetAsync_ThrowsCorrectException_ForGeneralErrorStatusCodes(statusCode: BadGateway, expectedExceptionType: typeof(ClickUp.Api.Client.Models.Exceptions.ClickUpApiServerException), expectedMessageContent: &quot;Bad Gateway&quot;)" computerName="devbox" duration="00:00:00.0005310" startTime="2025-06-23T16:17:46.1552274+00:00" endTime="2025-06-23T16:17:46.1552274+00:00" testType="13cdc9d9-ddb5-4fa4-a97d-d965ccfc6d4b" outcome="Passed" testListId="8c84fa94-04c1-424b-9868-57a2d4851a1d" relativeResultsDirectory="cc53854c-ee09-41e2-b939-d9821a73cf24" />
    <UnitTestResult executionId="942dffce-4c51-4472-9392-064f00bea042" testId="cb3cc0e0-9cb2-567a-9243-195b46400359" testName="ClickUp.Api.Client.Tests.ServiceTests.TagsServiceTests.GetSpaceTagsAsync_ApiConnectionThrowsTaskCanceledException_PropagatesException" computerName="devbox" duration="00:00:00.0054873" startTime="2025-06-23T16:17:45.9861579+00:00" endTime="2025-06-23T16:17:45.9861580+00:00" testType="13cdc9d9-ddb5-4fa4-a97d-d965ccfc6d4b" outcome="Passed" testListId="8c84fa94-04c1-424b-9868-57a2d4851a1d" relativeResultsDirectory="942dffce-4c51-4472-9392-064f00bea042" />
    <UnitTestResult executionId="a0242748-8b49-41e2-8e82-5baa04636005" testId="20cfcaa7-17a2-21bf-4948-d30e73c0057d" testName="ClickUp.Api.Client.Tests.ServiceTests.ChatServiceTests.GetChatChannelMembersAsync_PassesCancellationTokenToApiConnection" computerName="devbox" duration="00:00:00.0058689" startTime="2025-06-23T16:17:45.6109960+00:00" endTime="2025-06-23T16:17:45.6109961+00:00" testType="13cdc9d9-ddb5-4fa4-a97d-d965ccfc6d4b" outcome="Passed" testListId="8c84fa94-04c1-424b-9868-57a2d4851a1d" relativeResultsDirectory="a0242748-8b49-41e2-8e82-5baa04636005" />
    <UnitTestResult executionId="e8786a8f-b499-4faa-bec9-7a86b77e3fe6" testId="ea7264c8-ee1d-7984-e681-677cdab9bc36" testName="ClickUp.Api.Client.Tests.ServiceTests.CommentServiceTests.DeleteCommentAsync_PassesCancellationTokenToApiConnection" computerName="devbox" duration="00:00:00.0075727" startTime="2025-06-23T16:17:46.1947616+00:00" endTime="2025-06-23T16:17:46.1947617+00:00" testType="13cdc9d9-ddb5-4fa4-a97d-d965ccfc6d4b" outcome="Passed" testListId="8c84fa94-04c1-424b-9868-57a2d4851a1d" relativeResultsDirectory="e8786a8f-b499-4faa-bec9-7a86b77e3fe6" />
    <UnitTestResult executionId="cef7e52c-2300-4b7a-a7a9-807d909a90fa" testId="7731c593-e1db-42bb-1b62-8967c0817c49" testName="ClickUp.Api.Client.Tests.ServiceTests.ChatServiceTests.GetChatMessageTaggedUsersAsync_ApiConnectionThrowsTaskCanceledException_PropagatesException" computerName="devbox" duration="00:00:00.0042718" startTime="2025-06-23T16:17:45.5258421+00:00" endTime="2025-06-23T16:17:45.5258422+00:00" testType="13cdc9d9-ddb5-4fa4-a97d-d965ccfc6d4b" outcome="Passed" testListId="8c84fa94-04c1-424b-9868-57a2d4851a1d" relativeResultsDirectory="cef7e52c-2300-4b7a-a7a9-807d909a90fa" />
    <UnitTestResult executionId="cf61d1d3-51f1-4c7c-82f2-907c8b3cfa1d" testId="c773f17e-b775-ef06-613c-7b13dda1c4a3" testName="ClickUp.Api.Client.Tests.ServiceTests.FoldersServiceTests.GetFolderAsync_ValidId_ReturnsFolder" computerName="devbox" duration="00:00:00.0099833" startTime="2025-06-23T16:17:45.9436665+00:00" endTime="2025-06-23T16:17:45.9436666+00:00" testType="13cdc9d9-ddb5-4fa4-a97d-d965ccfc6d4b" outcome="Passed" testListId="8c84fa94-04c1-424b-9868-57a2d4851a1d" relativeResultsDirectory="cf61d1d3-51f1-4c7c-82f2-907c8b3cfa1d" />
    <UnitTestResult executionId="ad1bbedf-4018-432c-b2fd-4514f6dc0a23" testId="fb4162d0-d605-099e-4577-131bcd47079e" testName="ClickUp.Api.Client.Tests.ServiceTests.DocsServiceTests.GetDocPageListingAsync_NullDataInResponse_ReturnsEmptyEnumerable" computerName="devbox" duration="00:00:00.0019363" startTime="2025-06-23T16:17:45.6320100+00:00" endTime="2025-06-23T16:17:45.6320101+00:00" testType="13cdc9d9-ddb5-4fa4-a97d-d965ccfc6d4b" outcome="Passed" testListId="8c84fa94-04c1-424b-9868-57a2d4851a1d" relativeResultsDirectory="ad1bbedf-4018-432c-b2fd-4514f6dc0a23" />
    <UnitTestResult executionId="8b838321-d483-45df-9298-5873110ae17e" testId="e18052c4-2700-62d1-b690-f3526c7f4366" testName="ClickUp.Api.Client.Tests.ServiceTests.ListsServiceTests.CreateListFromTemplateInSpaceAsync_ValidRequest_ReturnsList" computerName="devbox" duration="00:00:00.0049894" startTime="2025-06-23T16:17:46.6883097+00:00" endTime="2025-06-23T16:17:46.6883098+00:00" testType="13cdc9d9-ddb5-4fa4-a97d-d965ccfc6d4b" outcome="Passed" testListId="8c84fa94-04c1-424b-9868-57a2d4851a1d" relativeResultsDirectory="8b838321-d483-45df-9298-5873110ae17e" />
    <UnitTestResult executionId="80248ef3-0d0b-483c-965b-ea19c9cda807" testId="2fb89daf-6ee3-46a2-c61d-75f4955b9a7b" testName="ClickUp.Api.Client.Tests.ServiceTests.CommentServiceTests.CreateThreadedCommentAsync_ApiConnectionThrowsTaskCanceledException_PropagatesException" computerName="devbox" duration="00:00:00.0027004" startTime="2025-06-23T16:17:46.1650318+00:00" endTime="2025-06-23T16:17:46.1650320+00:00" testType="13cdc9d9-ddb5-4fa4-a97d-d965ccfc6d4b" outcome="Passed" testListId="8c84fa94-04c1-424b-9868-57a2d4851a1d" relativeResultsDirectory="80248ef3-0d0b-483c-965b-ea19c9cda807" />
    <UnitTestResult executionId="e672d129-7398-4592-9454-cdd0f7ebeeef" testId="c00a10e7-76a8-0ad0-ac0a-20828a92aa3c" testName="ClickUp.Api.Client.Tests.ServiceTests.FoldersServiceTests.DeleteFolderAsync_ApiConnectionThrowsTaskCanceledException_PropagatesException" computerName="devbox" duration="00:00:00.0054176" startTime="2025-06-23T16:17:45.8797418+00:00" endTime="2025-06-23T16:17:45.8797420+00:00" testType="13cdc9d9-ddb5-4fa4-a97d-d965ccfc6d4b" outcome="Passed" testListId="8c84fa94-04c1-424b-9868-57a2d4851a1d" relativeResultsDirectory="e672d129-7398-4592-9454-cdd0f7ebeeef" />
    <UnitTestResult executionId="74320b6d-e937-474b-b61f-b15c24406f55" testId="acf704e6-6e76-ec7c-35c3-b31f4421f15c" testName="ClickUp.Api.Client.Tests.ServiceTests.ChatServiceTests.GetChatChannelMembersAsync_MinimalRequest_BuildsUrlAndReturnsResponse" computerName="devbox" duration="00:00:00.0042465" startTime="2025-06-23T16:17:45.5727034+00:00" endTime="2025-06-23T16:17:45.5727035+00:00" testType="13cdc9d9-ddb5-4fa4-a97d-d965ccfc6d4b" outcome="Passed" testListId="8c84fa94-04c1-424b-9868-57a2d4851a1d" relativeResultsDirectory="74320b6d-e937-474b-b61f-b15c24406f55" />
    <UnitTestResult executionId="5504500f-fe7a-4ac7-b311-f0a1266bb212" testId="d8f0fca4-15fd-11f8-f3f3-3e1c1e6fda8e" testName="ClickUp.Api.Client.Tests.ServiceTests.UsersServiceTests.GetUserFromWorkspaceAsync_ApiReturnsResponseWithNullUserInMember_ThrowsInvalidOperationException" computerName="devbox" duration="00:00:00.0026022" startTime="2025-06-23T16:17:46.4509229+00:00" endTime="2025-06-23T16:17:46.4509230+00:00" testType="13cdc9d9-ddb5-4fa4-a97d-d965ccfc6d4b" outcome="Passed" testListId="8c84fa94-04c1-424b-9868-57a2d4851a1d" relativeResultsDirectory="5504500f-fe7a-4ac7-b311-f0a1266bb212" />
    <UnitTestResult executionId="b5d862bb-2349-4f47-8f49-4f61be54c8d5" testId="1887bee4-57a3-1c27-d962-9d4f275018ab" testName="ClickUp.Api.Client.Tests.ServiceTests.DocsServiceTests.CreatePageAsync_ApiConnectionThrowsTaskCanceledException_PropagatesException" computerName="devbox" duration="00:00:00.0053635" startTime="2025-06-23T16:17:45.4687080+00:00" endTime="2025-06-23T16:17:45.4687081+00:00" testType="13cdc9d9-ddb5-4fa4-a97d-d965ccfc6d4b" outcome="Passed" testListId="8c84fa94-04c1-424b-9868-57a2d4851a1d" relativeResultsDirectory="b5d862bb-2349-4f47-8f49-4f61be54c8d5" />
    <UnitTestResult executionId="0364f4ee-43be-4289-a0e9-7093bf9f3a65" testId="b0aedc6f-1baf-8832-331d-f35a8e0d267f" testName="ClickUp.Api.Client.Tests.ServiceTests.ListsServiceTests.UpdateListAsync_ApiReturnsNullResponse_ThrowsInvalidOperationException" computerName="devbox" duration="00:00:00.0018794" startTime="2025-06-23T16:17:46.5899794+00:00" endTime="2025-06-23T16:17:46.5899795+00:00" testType="13cdc9d9-ddb5-4fa4-a97d-d965ccfc6d4b" outcome="Passed" testListId="8c84fa94-04c1-424b-9868-57a2d4851a1d" relativeResultsDirectory="0364f4ee-43be-4289-a0e9-7093bf9f3a65" />
    <UnitTestResult executionId="f5b3f49f-a468-4857-818f-4782c10c64c6" testId="5bfd1fe7-ef93-ce38-f006-77697e21739e" testName="ClickUp.Api.Client.Tests.ServiceTests.CommentServiceTests.GetThreadedCommentsAsync_ValidInput_CallsApiConnectionGetAsyncWithCorrectParameters" computerName="devbox" duration="00:00:00.0072714" startTime="2025-06-23T16:17:45.9068398+00:00" endTime="2025-06-23T16:17:45.9068399+00:00" testType="13cdc9d9-ddb5-4fa4-a97d-d965ccfc6d4b" outcome="Passed" testListId="8c84fa94-04c1-424b-9868-57a2d4851a1d" relativeResultsDirectory="f5b3f49f-a468-4857-818f-4782c10c64c6" />
    <UnitTestResult executionId="1e17e6d6-af70-407d-b0d0-5f9d81c76a16" testId="da9a57dd-02b1-7ed0-bb08-dd7075b8d182" testName="ClickUp.Api.Client.Tests.ServiceTests.AuthorizationServiceTests.GetAccessTokenAsync_PassesCancellationTokenToApiConnection" computerName="devbox" duration="00:00:00.0069757" startTime="2025-06-23T16:17:45.2435850+00:00" endTime="2025-06-23T16:17:45.2435851+00:00" testType="13cdc9d9-ddb5-4fa4-a97d-d965ccfc6d4b" outcome="Passed" testListId="8c84fa94-04c1-424b-9868-57a2d4851a1d" relativeResultsDirectory="1e17e6d6-af70-407d-b0d0-5f9d81c76a16" />
    <UnitTestResult executionId="07985041-aa9c-4143-aa7d-5df6e04b6cf0" testId="492aa0e3-a375-6bd6-318e-67cf4753a81e" testName="ClickUp.Api.Client.Tests.ServiceTests.DocsServiceTests.GetDocPageListingAsync_ValidRequest_BuildsUrlAndReturnsListing" computerName="devbox" duration="00:00:00.0106437" startTime="2025-06-23T16:17:45.6014270+00:00" endTime="2025-06-23T16:17:45.6014272+00:00" testType="13cdc9d9-ddb5-4fa4-a97d-d965ccfc6d4b" outcome="Passed" testListId="8c84fa94-04c1-424b-9868-57a2d4851a1d" relativeResultsDirectory="07985041-aa9c-4143-aa7d-5df6e04b6cf0" />
    <UnitTestResult executionId="0b474a34-6838-49eb-94fd-eb753ccd71bf" testId="f9588afd-6fe7-8f3d-e924-6a0a0e764359" testName="ClickUp.Api.Client.Tests.ServiceTests.CommentServiceTests.DeleteCommentAsync_ApiConnectionThrowsException_PropagatesException" computerName="devbox" duration="00:00:00.0048298" startTime="2025-06-23T16:17:45.9456871+00:00" endTime="2025-06-23T16:17:45.9456872+00:00" testType="13cdc9d9-ddb5-4fa4-a97d-d965ccfc6d4b" outcome="Passed" testListId="8c84fa94-04c1-424b-9868-57a2d4851a1d" relativeResultsDirectory="0b474a34-6838-49eb-94fd-eb753ccd71bf" />
    <UnitTestResult executionId="cfe4ff5a-ac7a-4360-a9ca-c269e1fe9923" testId="308068ef-e228-299b-8b27-073212400b00" testName="ClickUp.Api.Client.Tests.ServiceTests.GoalsServiceTests.GetGoalAsync_ApiReturnsNullResponse_ThrowsInvalidOperationException" computerName="devbox" duration="00:00:00.0014729" startTime="2025-06-23T16:17:46.4049209+00:00" endTime="2025-06-23T16:17:46.4049210+00:00" testType="13cdc9d9-ddb5-4fa4-a97d-d965ccfc6d4b" outcome="Passed" testListId="8c84fa94-04c1-424b-9868-57a2d4851a1d" relativeResultsDirectory="cfe4ff5a-ac7a-4360-a9ca-c269e1fe9923" />
    <UnitTestResult executionId="357714ff-3759-4a68-9d1f-84567186ea44" testId="74562e14-cc5c-a9c9-1979-f6ded4eaa05c" testName="ClickUp.Api.Client.Tests.ServiceTests.CommentServiceTests.CreateListCommentAsync_ApiConnectionThrowsTaskCanceledException_PropagatesException" computerName="devbox" duration="00:00:00.0068441" startTime="2025-06-23T16:17:46.1092179+00:00" endTime="2025-06-23T16:17:46.1092180+00:00" testType="13cdc9d9-ddb5-4fa4-a97d-d965ccfc6d4b" outcome="Passed" testListId="8c84fa94-04c1-424b-9868-57a2d4851a1d" relativeResultsDirectory="357714ff-3759-4a68-9d1f-84567186ea44" />
    <UnitTestResult executionId="94be7fe3-7bb3-4a5e-9ef4-d69c434ea096" testId="0c571b32-a1cb-6377-4b96-b1264a79e63a" testName="ClickUp.Api.Client.Tests.Http.ApiConnectionTests.GetAsync_ThrowsClickUpApiValidationException_ForUnprocessableEntity_WithNonStandardErrorStructure" computerName="devbox" duration="00:00:00.0093047" startTime="2025-06-23T16:17:46.1922324+00:00" endTime="2025-06-23T16:17:46.1922325+00:00" testType="13cdc9d9-ddb5-4fa4-a97d-d965ccfc6d4b" outcome="Passed" testListId="8c84fa94-04c1-424b-9868-57a2d4851a1d" relativeResultsDirectory="94be7fe3-7bb3-4a5e-9ef4-d69c434ea096" />
    <UnitTestResult executionId="b68d24a6-e813-434b-bcf6-6b1fd2cc3584" testId="19881caf-b46a-2517-3bbb-94c4b3d38103" testName="ClickUp.Api.Client.Tests.ServiceTests.CommentServiceTests.CreateChatViewCommentAsync_ApiConnectionReturnsNull_ThrowsInvalidOperationException" computerName="devbox" duration="00:00:00.0054132" startTime="2025-06-23T16:17:46.1790168+00:00" endTime="2025-06-23T16:17:46.1790169+00:00" testType="13cdc9d9-ddb5-4fa4-a97d-d965ccfc6d4b" outcome="Passed" testListId="8c84fa94-04c1-424b-9868-57a2d4851a1d" relativeResultsDirectory="b68d24a6-e813-434b-bcf6-6b1fd2cc3584" />
    <UnitTestResult executionId="f57885f3-d3ce-45b2-b732-6df90e9cac48" testId="73dfb1c8-1ee0-ba4e-93db-2f57b9c5c6e5" testName="ClickUp.Api.Client.Tests.ServiceTests.MembersServiceTests.GetListMembersAsync_ApiReturnsResponseWithNullMembers_ReturnsEmptyEnumerable" computerName="devbox" duration="00:00:00.0024634" startTime="2025-06-23T16:17:46.2762283+00:00" endTime="2025-06-23T16:17:46.2762284+00:00" testType="13cdc9d9-ddb5-4fa4-a97d-d965ccfc6d4b" outcome="Passed" testListId="8c84fa94-04c1-424b-9868-57a2d4851a1d" relativeResultsDirectory="f57885f3-d3ce-45b2-b732-6df90e9cac48" />
    <UnitTestResult executionId="c2ae9222-ed34-47af-855f-ae451dbcff01" testId="fb09f46d-211c-0a0f-4cae-4689d463b1bf" testName="ClickUp.Api.Client.Tests.ServiceTests.GuestsServiceTests.InviteGuestToWorkspaceAsync_ApiConnectionThrowsTaskCanceledException_PropagatesException" computerName="devbox" duration="00:00:00.0076369" startTime="2025-06-23T16:17:45.4662288+00:00" endTime="2025-06-23T16:17:45.4662289+00:00" testType="13cdc9d9-ddb5-4fa4-a97d-d965ccfc6d4b" outcome="Passed" testListId="8c84fa94-04c1-424b-9868-57a2d4851a1d" relativeResultsDirectory="c2ae9222-ed34-47af-855f-ae451dbcff01" />
    <UnitTestResult executionId="76ddfef6-5f25-4ac5-a6e2-15f90f663df2" testId="c7f035c2-1d86-2ff4-146d-6e6c8addec33" testName="ClickUp.Api.Client.Tests.ServiceTests.TaskRelationshipsServiceTests.AddTaskLinkAsync_ValidRequest_ReturnsLinkedTask" computerName="devbox" duration="00:00:00.0067479" startTime="2025-06-23T16:17:45.3533364+00:00" endTime="2025-06-23T16:17:45.3533368+00:00" testType="13cdc9d9-ddb5-4fa4-a97d-d965ccfc6d4b" outcome="Passed" testListId="8c84fa94-04c1-424b-9868-57a2d4851a1d" relativeResultsDirectory="76ddfef6-5f25-4ac5-a6e2-15f90f663df2" />
    <UnitTestResult executionId="c5404bb6-c475-49a0-b69f-f8b9ec907410" testId="a8c503d8-bf66-6c1b-861c-dc987f306f2c" testName="ClickUp.Api.Client.Tests.Http.AuthenticationDelegatingHandlerTests.SendAsync_ShouldCallInnerHandler" computerName="devbox" duration="00:00:00.0480171" startTime="2025-06-23T16:17:45.6464673+00:00" endTime="2025-06-23T16:17:45.6464674+00:00" testType="13cdc9d9-ddb5-4fa4-a97d-d965ccfc6d4b" outcome="Passed" testListId="8c84fa94-04c1-424b-9868-57a2d4851a1d" relativeResultsDirectory="c5404bb6-c475-49a0-b69f-f8b9ec907410" />
    <UnitTestResult executionId="102f40c2-cc97-4877-abb9-46231ecfd0fa" testId="2068bcf3-f1be-2c88-7e58-ec00f3a317b8" testName="ClickUp.Api.Client.Tests.ServiceTests.DocsServiceTests.SearchDocsAsync_ValidRequest_BuildsCorrectUrlAndReturnsResponse" computerName="devbox" duration="00:00:00.0048662" startTime="2025-06-23T16:17:45.5587341+00:00" endTime="2025-06-23T16:17:45.5587342+00:00" testType="13cdc9d9-ddb5-4fa4-a97d-d965ccfc6d4b" outcome="Passed" testListId="8c84fa94-04c1-424b-9868-57a2d4851a1d" relativeResultsDirectory="102f40c2-cc97-4877-abb9-46231ecfd0fa" />
    <UnitTestResult executionId="310d775f-6eee-4d3b-a9cb-49936208cd29" testId="0be596ed-20ca-13c8-b1d0-4c31b3ab9f75" testName="ClickUp.Api.Client.Tests.ServiceTests.SpacesServiceTests.UpdateSpaceAsync_PassesCancellationTokenToApiConnection" computerName="devbox" duration="00:00:00.0093099" startTime="2025-06-23T16:17:45.7473548+00:00" endTime="2025-06-23T16:17:45.7473550+00:00" testType="13cdc9d9-ddb5-4fa4-a97d-d965ccfc6d4b" outcome="Passed" testListId="8c84fa94-04c1-424b-9868-57a2d4851a1d" relativeResultsDirectory="310d775f-6eee-4d3b-a9cb-49936208cd29" />
    <UnitTestResult executionId="070fa4d1-be75-4bdb-8e5d-4bd8226b6dd1" testId="9cbcc853-b49d-d7c6-9b93-09a174dcc2da" testName="ClickUp.Api.Client.Tests.ServiceTests.SharedHierarchyServiceTests.GetSharedHierarchyAsync_ApiReturnsNullResponse_ThrowsInvalidOperationException" computerName="devbox" duration="00:00:00.0016391" startTime="2025-06-23T16:17:46.1704243+00:00" endTime="2025-06-23T16:17:46.1704244+00:00" testType="13cdc9d9-ddb5-4fa4-a97d-d965ccfc6d4b" outcome="Passed" testListId="8c84fa94-04c1-424b-9868-57a2d4851a1d" relativeResultsDirectory="070fa4d1-be75-4bdb-8e5d-4bd8226b6dd1" />
    <UnitTestResult executionId="5e9bc329-eba0-40b3-ab07-89ead369b2da" testId="a07cc75f-2506-89c9-d3be-f2bb7173f859" testName="ClickUp.Api.Client.Tests.ServiceTests.ChatServiceTests.GetChatMessageReactionsAsync_MinimalRequest_BuildsUrlAndReturnsResponse" computerName="devbox" duration="00:00:00.0141632" startTime="2025-06-23T16:17:45.3201633+00:00" endTime="2025-06-23T16:17:45.3201633+00:00" testType="13cdc9d9-ddb5-4fa4-a97d-d965ccfc6d4b" outcome="Passed" testListId="8c84fa94-04c1-424b-9868-57a2d4851a1d" relativeResultsDirectory="5e9bc329-eba0-40b3-ab07-89ead369b2da" />
    <UnitTestResult executionId="53c42bd2-e1d9-4cfc-9ce0-efa147080407" testId="cf9ce434-1940-5b62-89bd-3f210a8de02b" testName="ClickUp.Api.Client.Tests.ServiceTests.FoldersServiceTests.GetFoldersAsync_ApiReturnsNullResponse_ReturnsEmptyEnumerable" computerName="devbox" duration="00:00:00.0058452" startTime="2025-06-23T16:17:45.9003620+00:00" endTime="2025-06-23T16:17:45.9003621+00:00" testType="13cdc9d9-ddb5-4fa4-a97d-d965ccfc6d4b" outcome="Passed" testListId="8c84fa94-04c1-424b-9868-57a2d4851a1d" relativeResultsDirectory="53c42bd2-e1d9-4cfc-9ce0-efa147080407" />
    <UnitTestResult executionId="da11d31a-cf20-42d1-867a-b8f93f2c1fde" testId="e6784f53-92b9-c672-3ed9-5f40c404e185" testName="ClickUp.Api.Client.Tests.ServiceTests.CommentServiceTests.CreateListCommentAsync_PassesCancellationTokenToApiConnection" computerName="devbox" duration="00:00:00.0086735" startTime="2025-06-23T16:17:46.1878154+00:00" endTime="2025-06-23T16:17:46.1878155+00:00" testType="13cdc9d9-ddb5-4fa4-a97d-d965ccfc6d4b" outcome="Passed" testListId="8c84fa94-04c1-424b-9868-57a2d4851a1d" relativeResultsDirectory="da11d31a-cf20-42d1-867a-b8f93f2c1fde" />
    <UnitTestResult executionId="e923430a-1890-41fa-be17-ff49593e8df8" testId="d10058ba-da32-5d23-6f62-2ea85d9b8d92" testName="ClickUp.Api.Client.Tests.ServiceTests.SpacesServiceTests.GetSpaceAsync_ValidSpaceId_ReturnsSpace" computerName="devbox" duration="00:00:00.0136969" startTime="2025-06-23T16:17:45.6906823+00:00" endTime="2025-06-23T16:17:45.6906824+00:00" testType="13cdc9d9-ddb5-4fa4-a97d-d965ccfc6d4b" outcome="Passed" testListId="8c84fa94-04c1-424b-9868-57a2d4851a1d" relativeResultsDirectory="e923430a-1890-41fa-be17-ff49593e8df8" />
    <UnitTestResult executionId="02bc82db-0f96-4c87-8337-585e7bfd6d75" testId="1c190a25-dea2-e5d6-075b-6246ded9bc7a" testName="ClickUp.Api.Client.Tests.ServiceTests.UsersServiceTests.EditUserOnWorkspaceAsync_ValidRequest_ReturnsUpdatedUser" computerName="devbox" duration="00:00:00.0093313" startTime="2025-06-23T16:17:46.4682115+00:00" endTime="2025-06-23T16:17:46.4682116+00:00" testType="13cdc9d9-ddb5-4fa4-a97d-d965ccfc6d4b" outcome="Passed" testListId="8c84fa94-04c1-424b-9868-57a2d4851a1d" relativeResultsDirectory="02bc82db-0f96-4c87-8337-585e7bfd6d75" />
    <UnitTestResult executionId="e748aa4d-d9d8-47fa-8889-db6e975c35b2" testId="0bee123b-d72f-6c3f-9e2d-a066d1934f8b" testName="ClickUp.Api.Client.Tests.ServiceTests.TaskRelationshipsServiceTests.DeleteDependencyAsync_WithCustomTaskIdsAndTeamId_BuildsCorrectUrl" computerName="devbox" duration="00:00:00.0045808" startTime="2025-06-23T16:17:45.3048492+00:00" endTime="2025-06-23T16:17:45.3048493+00:00" testType="13cdc9d9-ddb5-4fa4-a97d-d965ccfc6d4b" outcome="Passed" testListId="8c84fa94-04c1-424b-9868-57a2d4851a1d" relativeResultsDirectory="e748aa4d-d9d8-47fa-8889-db6e975c35b2" />
    <UnitTestResult executionId="fdac0cbe-7715-4a77-a58d-a9a6ad3fcafe" testId="b9c9e1d8-b3b4-ee70-36b2-55593cbe6424" testName="ClickUp.Api.Client.Tests.ServiceTests.TimeTrackingServiceTests.GetTimeEntriesAsync_ValidRequest_ReturnsTimeEntries" computerName="devbox" duration="00:00:00.0050466" startTime="2025-06-23T16:17:46.5181178+00:00" endTime="2025-06-23T16:17:46.5181179+00:00" testType="13cdc9d9-ddb5-4fa4-a97d-d965ccfc6d4b" outcome="Passed" testListId="8c84fa94-04c1-424b-9868-57a2d4851a1d" relativeResultsDirectory="fdac0cbe-7715-4a77-a58d-a9a6ad3fcafe" />
    <UnitTestResult executionId="c31241b3-bfaa-4bd0-9f68-76dd579efa63" testId="1112d1dd-eea7-ec92-2073-5e99606250d4" testName="ClickUp.Api.Client.Tests.ServiceTests.CustomFieldsServiceTests.GetWorkspaceCustomFieldsAsync_PassesCancellationTokenToApiConnection" computerName="devbox" duration="00:00:00.0059937" startTime="2025-06-23T16:17:45.3862815+00:00" endTime="2025-06-23T16:17:45.3862817+00:00" testType="13cdc9d9-ddb5-4fa4-a97d-d965ccfc6d4b" outcome="Passed" testListId="8c84fa94-04c1-424b-9868-57a2d4851a1d" relativeResultsDirectory="c31241b3-bfaa-4bd0-9f68-76dd579efa63" />
    <UnitTestResult executionId="0afefcbb-1987-4870-aec1-68aa0f976bd7" testId="ad4649d3-2edb-0827-e342-e3062ebfff80" testName="ClickUp.Api.Client.Tests.ServiceTests.ChatServiceTests.CreateChatReactionAsync_NullDataInResponse_ThrowsInvalidOperationException" computerName="devbox" duration="00:00:00.0033230" startTime="2025-06-23T16:17:45.4822173+00:00" endTime="2025-06-23T16:17:45.4822174+00:00" testType="13cdc9d9-ddb5-4fa4-a97d-d965ccfc6d4b" outcome="Passed" testListId="8c84fa94-04c1-424b-9868-57a2d4851a1d" relativeResultsDirectory="0afefcbb-1987-4870-aec1-68aa0f976bd7" />
    <UnitTestResult executionId="618d28d8-7558-4296-9064-298c52dea319" testId="bcd1ad3f-2517-2515-148e-90fabf13f6fd" testName="ClickUp.Api.Client.Tests.ServiceTests.WorkspacesServiceTests.GetWorkspacePlanAsync_ApiConnectionThrowsHttpRequestException_PropagatesException" computerName="devbox" duration="00:00:00.0022051" startTime="2025-06-23T16:17:45.2170349+00:00" endTime="2025-06-23T16:17:45.2170350+00:00" testType="13cdc9d9-ddb5-4fa4-a97d-d965ccfc6d4b" outcome="Passed" testListId="8c84fa94-04c1-424b-9868-57a2d4851a1d" relativeResultsDirectory="618d28d8-7558-4296-9064-298c52dea319" />
    <UnitTestResult executionId="4a60477f-1849-4dc4-b19f-a950f78ac253" testId="03f1ed65-4935-2ba6-c695-507c69645911" testName="ClickUp.Api.Client.Tests.ServiceTests.CustomFieldsServiceTests.GetAccessibleCustomFieldsAsync_ApiError_ThrowsHttpRequestException" computerName="devbox" duration="00:00:00.0014818" startTime="2025-06-23T16:17:45.3026666+00:00" endTime="2025-06-23T16:17:45.3026667+00:00" testType="13cdc9d9-ddb5-4fa4-a97d-d965ccfc6d4b" outcome="Passed" testListId="8c84fa94-04c1-424b-9868-57a2d4851a1d" relativeResultsDirectory="4a60477f-1849-4dc4-b19f-a950f78ac253" />
    <UnitTestResult executionId="14e79fa8-4a47-4065-8987-154114cfca9d" testId="6a94dc11-ffe5-0b60-12c5-19c379bb4b7f" testName="ClickUp.Api.Client.Tests.ServiceTests.GuestsServiceTests.InviteGuestToWorkspaceAsync_ApiError_ThrowsHttpRequestException" computerName="devbox" duration="00:00:00.0046190" startTime="2025-06-23T16:17:45.6169466+00:00" endTime="2025-06-23T16:17:45.6169466+00:00" testType="13cdc9d9-ddb5-4fa4-a97d-d965ccfc6d4b" outcome="Passed" testListId="8c84fa94-04c1-424b-9868-57a2d4851a1d" relativeResultsDirectory="14e79fa8-4a47-4065-8987-154114cfca9d" />
    <UnitTestResult executionId="eeb6a02f-228a-467b-81f3-fbac9e446422" testId="9aebd098-86b0-8135-3828-1a1b18cbdc09" testName="ClickUp.Api.Client.Tests.ServiceTests.DocsServiceTests.CreateDocAsync_PassesCancellationTokenToApiConnection" computerName="devbox" duration="00:00:00.0062261" startTime="2025-06-23T16:17:45.6250346+00:00" endTime="2025-06-23T16:17:45.6250347+00:00" testType="13cdc9d9-ddb5-4fa4-a97d-d965ccfc6d4b" outcome="Passed" testListId="8c84fa94-04c1-424b-9868-57a2d4851a1d" relativeResultsDirectory="eeb6a02f-228a-467b-81f3-fbac9e446422" />
    <UnitTestResult executionId="5fcae239-2bb8-4ea0-96ef-abf6d56a3b28" testId="ca732d3d-af42-ff8b-5506-889b7c7ef73a" testName="ClickUp.Api.Client.Tests.ServiceTests.ViewsServiceTests.GetViewTasksAsync_PassesCancellationToken" computerName="devbox" duration="00:00:00.0101800" startTime="2025-06-23T16:17:45.2934287+00:00" endTime="2025-06-23T16:17:45.2934288+00:00" testType="13cdc9d9-ddb5-4fa4-a97d-d965ccfc6d4b" outcome="Passed" testListId="8c84fa94-04c1-424b-9868-57a2d4851a1d" relativeResultsDirectory="5fcae239-2bb8-4ea0-96ef-abf6d56a3b28" />
    <UnitTestResult executionId="d7ed1f6c-65fa-435e-b973-6abeebfd88c5" testId="7d882415-d4c4-16f3-e125-247f5706c127" testName="ClickUp.Api.Client.Tests.ServiceTests.UsersServiceTests.EditUserOnWorkspaceAsync_ApiReturnsResponseWithNullMember_ThrowsInvalidOperationException" computerName="devbox" duration="00:00:00.0046645" startTime="2025-06-23T16:17:46.3934639+00:00" endTime="2025-06-23T16:17:46.3934640+00:00" testType="13cdc9d9-ddb5-4fa4-a97d-d965ccfc6d4b" outcome="Passed" testListId="8c84fa94-04c1-424b-9868-57a2d4851a1d" relativeResultsDirectory="d7ed1f6c-65fa-435e-b973-6abeebfd88c5" />
    <UnitTestResult executionId="273be69d-8182-4bdf-b313-3ea3cf07e5c6" testId="09b274a7-e78e-6020-a04b-64c57df859ed" testName="ClickUp.Api.Client.Tests.ServiceTests.UsersServiceTests.EditUserOnWorkspaceAsync_ApiReturnsNullResponse_ThrowsInvalidOperationException" computerName="devbox" duration="00:00:00.0067612" startTime="2025-06-23T16:17:46.4194504+00:00" endTime="2025-06-23T16:17:46.4194505+00:00" testType="13cdc9d9-ddb5-4fa4-a97d-d965ccfc6d4b" outcome="Passed" testListId="8c84fa94-04c1-424b-9868-57a2d4851a1d" relativeResultsDirectory="273be69d-8182-4bdf-b313-3ea3cf07e5c6" />
    <UnitTestResult executionId="931947a6-f2b1-49f7-8067-173d3a324bc8" testId="8812ebd6-a94c-fad4-8b2a-125aaec04975" testName="ClickUp.Api.Client.Tests.ServiceTests.ViewsServiceTests.GetFolderViewsAsync_ApiReturnsNull_ThrowsInvalidOperationException" computerName="devbox" duration="00:00:00.0067536" startTime="2025-06-23T16:17:45.2604441+00:00" endTime="2025-06-23T16:17:45.2604442+00:00" testType="13cdc9d9-ddb5-4fa4-a97d-d965ccfc6d4b" outcome="Failed" testListId="8c84fa94-04c1-424b-9868-57a2d4851a1d" relativeResultsDirectory="931947a6-f2b1-49f7-8067-173d3a324bc8">
      <Output>
        <ErrorInfo>
          <Message>Assert.Throws() Failure: No exception was thrown
Expected: typeof(System.InvalidOperationException)</Message>
          <StackTrace>   at ClickUp.Api.Client.Tests.ServiceTests.ViewsServiceTests.GetFolderViewsAsync_ApiReturnsNull_ThrowsInvalidOperationException() in /app/src/ClickUp.Api.Client.Tests/ServiceTests/ViewsServiceTests.cs:line 183
--- End of stack trace from previous location ---</StackTrace>
        </ErrorInfo>
      </Output>
    </UnitTestResult>
    <UnitTestResult executionId="b6819118-6945-4e3e-bf43-60882b69b13d" testId="34f277fa-ec03-1aeb-6403-506e4d378aa6" testName="ClickUp.Api.Client.Tests.ServiceTests.AuthorizationServiceTests.GetAccessTokenAsync_ValidRequest_ReturnsTokenResponse" computerName="devbox" duration="00:00:00.0105598" startTime="2025-06-23T16:17:45.2458616+00:00" endTime="2025-06-23T16:17:45.2458617+00:00" testType="13cdc9d9-ddb5-4fa4-a97d-d965ccfc6d4b" outcome="Passed" testListId="8c84fa94-04c1-424b-9868-57a2d4851a1d" relativeResultsDirectory="b6819118-6945-4e3e-bf43-60882b69b13d" />
    <UnitTestResult executionId="d1f897b9-4de3-4bff-9178-3344f00cf0f8" testId="c6d13717-22a4-e2ba-6fe6-a632c8cb942c" testName="ClickUp.Api.Client.Tests.ServiceTests.WebhooksServiceTests.GetWebhooksAsync_ValidWorkspaceId_ReturnsWebhooks" computerName="devbox" duration="00:00:00.0055165" startTime="2025-06-23T16:17:46.4658749+00:00" endTime="2025-06-23T16:17:46.4658751+00:00" testType="13cdc9d9-ddb5-4fa4-a97d-d965ccfc6d4b" outcome="Passed" testListId="8c84fa94-04c1-424b-9868-57a2d4851a1d" relativeResultsDirectory="d1f897b9-4de3-4bff-9178-3344f00cf0f8" />
    <UnitTestResult executionId="896a92b8-ad64-45c7-848b-7b902766497f" testId="248a1e10-c767-8040-25eb-7fa857fbbbc9" testName="ClickUp.Api.Client.Tests.ServiceTests.CommentServiceTests.GetListCommentsStreamAsync_IAsyncEnumerable_ReturnsAllComments_WhenMultiplePages" computerName="devbox" duration="00:00:00.0153221" startTime="2025-06-23T16:17:46.0683815+00:00" endTime="2025-06-23T16:17:46.0683817+00:00" testType="13cdc9d9-ddb5-4fa4-a97d-d965ccfc6d4b" outcome="Passed" testListId="8c84fa94-04c1-424b-9868-57a2d4851a1d" relativeResultsDirectory="896a92b8-ad64-45c7-848b-7b902766497f" />
    <UnitTestResult executionId="e82b9c38-1dfa-4b69-a9fa-ed142c0277b2" testId="292c6286-4615-62d6-6838-a11ada9076a4" testName="ClickUp.Api.Client.Tests.ServiceTests.ViewsServiceTests.UpdateViewAsync_ApiReturnsNull_ThrowsInvalidOperationException" computerName="devbox" duration="00:00:00.0148581" startTime="2025-06-23T16:17:45.2448391+00:00" endTime="2025-06-23T16:17:45.2448392+00:00" testType="13cdc9d9-ddb5-4fa4-a97d-d965ccfc6d4b" outcome="Passed" testListId="8c84fa94-04c1-424b-9868-57a2d4851a1d" relativeResultsDirectory="e82b9c38-1dfa-4b69-a9fa-ed142c0277b2" />
    <UnitTestResult executionId="412cfb4c-9b24-4578-8fda-ab19e254ca12" testId="c8c89718-5cad-690c-8dea-b9e5d88363b5" testName="ClickUp.Api.Client.Tests.ServiceTests.TimeTrackingServiceTests.AddTagsToTimeEntriesAsync_ApiConnectionThrowsHttpRequestException_PropagatesException" computerName="devbox" duration="00:00:00.0084854" startTime="2025-06-23T16:17:46.3984518+00:00" endTime="2025-06-23T16:17:46.3984520+00:00" testType="13cdc9d9-ddb5-4fa4-a97d-d965ccfc6d4b" outcome="Passed" testListId="8c84fa94-04c1-424b-9868-57a2d4851a1d" relativeResultsDirectory="412cfb4c-9b24-4578-8fda-ab19e254ca12" />
    <UnitTestResult executionId="75c450d3-c9b7-4dd4-bcff-5db79ee14732" testId="277d3a09-41e9-41a2-8ab6-5a336e9e33fe" testName="ClickUp.Api.Client.Tests.ServiceTests.TaskServiceTests.GetFilteredTeamTasksAsync_WithSomeNewAndSomeOldParameters_BuildsCorrectEndpoint" computerName="devbox" duration="00:00:00.0073202" startTime="2025-06-23T16:17:45.7565753+00:00" endTime="2025-06-23T16:17:45.7565754+00:00" testType="13cdc9d9-ddb5-4fa4-a97d-d965ccfc6d4b" outcome="Passed" testListId="8c84fa94-04c1-424b-9868-57a2d4851a1d" relativeResultsDirectory="75c450d3-c9b7-4dd4-bcff-5db79ee14732" />
    <UnitTestResult executionId="f8c0c9d0-8f35-4646-add6-ba839e450695" testId="89fbf0eb-5aad-f921-b1a0-e4b70f27ce71" testName="ClickUp.Api.Client.Tests.ServiceTests.FoldersServiceTests.CreateFolderAsync_ValidRequest_CallsPostAndReturnsFolder" computerName="devbox" duration="00:00:00.0039026" startTime="2025-06-23T16:17:46.0086879+00:00" endTime="2025-06-23T16:17:46.0086880+00:00" testType="13cdc9d9-ddb5-4fa4-a97d-d965ccfc6d4b" outcome="Passed" testListId="8c84fa94-04c1-424b-9868-57a2d4851a1d" relativeResultsDirectory="f8c0c9d0-8f35-4646-add6-ba839e450695" />
    <UnitTestResult executionId="18d35955-b1f0-468c-a919-c6d643678be5" testId="f48b6f9b-b0cd-e131-ab52-256dec0f6231" testName="ClickUp.Api.Client.Tests.ServiceTests.ListsServiceTests.AddTaskToListAsync_PassesCancellationTokenToApiConnection" computerName="devbox" duration="00:00:00.0054812" startTime="2025-06-23T16:17:46.5277223+00:00" endTime="2025-06-23T16:17:46.5277225+00:00" testType="13cdc9d9-ddb5-4fa4-a97d-d965ccfc6d4b" outcome="Passed" testListId="8c84fa94-04c1-424b-9868-57a2d4851a1d" relativeResultsDirectory="18d35955-b1f0-468c-a919-c6d643678be5" />
    <UnitTestResult executionId="3761acd9-747b-414e-b19a-fb8656741804" testId="9d43684b-00da-7543-9bc1-a2202605ce82" testName="ClickUp.Api.Client.Tests.ServiceTests.SpacesServiceTests.GetSpaceAsync_PassesCancellationTokenToApiConnection" computerName="devbox" duration="00:00:00.0051505" startTime="2025-06-23T16:17:45.7622554+00:00" endTime="2025-06-23T16:17:45.7622555+00:00" testType="13cdc9d9-ddb5-4fa4-a97d-d965ccfc6d4b" outcome="Passed" testListId="8c84fa94-04c1-424b-9868-57a2d4851a1d" relativeResultsDirectory="3761acd9-747b-414e-b19a-fb8656741804" />
    <UnitTestResult executionId="5db87ef5-06ac-4aac-a544-f2775c92161c" testId="abbbd104-459c-2918-03dc-02e01cf46063" testName="ClickUp.Api.Client.Tests.ServiceTests.MembersServiceTests.GetListMembersAsync_ApiReturnsNullResponse_ReturnsEmptyEnumerable" computerName="devbox" duration="00:00:00.0018755" startTime="2025-06-23T16:17:46.2712331+00:00" endTime="2025-06-23T16:17:46.2712332+00:00" testType="13cdc9d9-ddb5-4fa4-a97d-d965ccfc6d4b" outcome="Passed" testListId="8c84fa94-04c1-424b-9868-57a2d4851a1d" relativeResultsDirectory="5db87ef5-06ac-4aac-a544-f2775c92161c" />
    <UnitTestResult executionId="4d3c3491-4396-45d9-b505-5748e3377fb7" testId="70a4a44a-4353-ff25-d1bc-ca98cbe1a7a0" testName="ClickUp.Api.Client.Tests.ServiceTests.ChatServiceTests.CreateLocationChatChannelAsync_PassesCancellationTokenToApiConnection" computerName="devbox" duration="00:00:00.0057168" startTime="2025-06-23T16:17:45.3782051+00:00" endTime="2025-06-23T16:17:45.3782052+00:00" testType="13cdc9d9-ddb5-4fa4-a97d-d965ccfc6d4b" outcome="Passed" testListId="8c84fa94-04c1-424b-9868-57a2d4851a1d" relativeResultsDirectory="4d3c3491-4396-45d9-b505-5748e3377fb7" />
    <UnitTestResult executionId="cd031346-c832-4e44-9680-9c6f39316595" testId="48c2b39b-d8a7-63f4-550c-ca6515b05f4e" testName="ClickUp.Api.Client.Tests.ServiceTests.GoalsServiceTests.DeleteKeyResultAsync_ApiConnectionThrowsTaskCanceledException_PropagatesException" computerName="devbox" duration="00:00:00.0054854" startTime="2025-06-23T16:17:46.3871294+00:00" endTime="2025-06-23T16:17:46.3871295+00:00" testType="13cdc9d9-ddb5-4fa4-a97d-d965ccfc6d4b" outcome="Passed" testListId="8c84fa94-04c1-424b-9868-57a2d4851a1d" relativeResultsDirectory="cd031346-c832-4e44-9680-9c6f39316595" />
    <UnitTestResult executionId="41d38053-abcd-47ab-8ff6-63d93599ae61" testId="57bfda38-b7b9-e365-6c9e-bb2b1772bce8" testName="ClickUp.Api.Client.Tests.ServiceTests.ChatServiceTests.GetChatChannelFollowersAsync_ValidRequest_BuildsUrlAndReturnsResponse" computerName="devbox" duration="00:00:00.0099711" startTime="2025-06-23T16:17:45.7239966+00:00" endTime="2025-06-23T16:17:45.7239967+00:00" testType="13cdc9d9-ddb5-4fa4-a97d-d965ccfc6d4b" outcome="Passed" testListId="8c84fa94-04c1-424b-9868-57a2d4851a1d" relativeResultsDirectory="41d38053-abcd-47ab-8ff6-63d93599ae61" />
    <UnitTestResult executionId="de442173-410a-4102-bf93-addd72b2c293" testId="f4595b48-ed9f-1dfd-8c5d-cab04899b749" testName="ClickUp.Api.Client.Tests.ServiceTests.ChatServiceTests.DeleteChatMessageAsync_ApiError_ThrowsHttpRequestException" computerName="devbox" duration="00:00:00.0035276" startTime="2025-06-23T16:17:45.2518583+00:00" endTime="2025-06-23T16:17:45.2518584+00:00" testType="13cdc9d9-ddb5-4fa4-a97d-d965ccfc6d4b" outcome="Passed" testListId="8c84fa94-04c1-424b-9868-57a2d4851a1d" relativeResultsDirectory="de442173-410a-4102-bf93-addd72b2c293" />
    <UnitTestResult executionId="9d2e3cd7-fb9b-458e-b3ae-5d1a7811d5c4" testId="4045d95b-cc29-79d5-a41d-0b1fdbca4123" testName="ClickUp.Api.Client.Tests.ServiceTests.TimeTrackingServiceTests.GetAllTimeEntryTagsAsync_ApiReturnsNullResponse_ReturnsEmptyEnumerable" computerName="devbox" duration="00:00:00.0124166" startTime="2025-06-23T16:17:46.4615325+00:00" endTime="2025-06-23T16:17:46.4615326+00:00" testType="13cdc9d9-ddb5-4fa4-a97d-d965ccfc6d4b" outcome="Passed" testListId="8c84fa94-04c1-424b-9868-57a2d4851a1d" relativeResultsDirectory="9d2e3cd7-fb9b-458e-b3ae-5d1a7811d5c4" />
    <UnitTestResult executionId="29d7ce45-bb94-4c6e-8b3c-a039034d5e11" testId="4fb259f6-15ac-2922-8eea-4bc0fff07d04" testName="ClickUp.Api.Client.Tests.ServiceTests.TaskRelationshipsServiceTests.AddDependencyAsync_WithDependsOn_CallsPostAsyncWithCorrectPayloadAndUrl" computerName="devbox" duration="00:00:00.0093193" startTime="2025-06-23T16:17:45.3138369+00:00" endTime="2025-06-23T16:17:45.3138371+00:00" testType="13cdc9d9-ddb5-4fa4-a97d-d965ccfc6d4b" outcome="Passed" testListId="8c84fa94-04c1-424b-9868-57a2d4851a1d" relativeResultsDirectory="29d7ce45-bb94-4c6e-8b3c-a039034d5e11" />
    <UnitTestResult executionId="6c567ee6-37a6-484d-99e2-ebd8d05620ea" testId="62989f9b-f63f-16f7-5285-44ecee7d8fc2" testName="ClickUp.Api.Client.Tests.ServiceTests.TimeTrackingServiceTests.CreateTimeEntryAsync_ApiReturnsNullResponse_ThrowsInvalidOperationException" computerName="devbox" duration="00:00:00.0021090" startTime="2025-06-23T16:17:46.6583739+00:00" endTime="2025-06-23T16:17:46.6583740+00:00" testType="13cdc9d9-ddb5-4fa4-a97d-d965ccfc6d4b" outcome="Passed" testListId="8c84fa94-04c1-424b-9868-57a2d4851a1d" relativeResultsDirectory="6c567ee6-37a6-484d-99e2-ebd8d05620ea" />
    <UnitTestResult executionId="d5dc2f9f-17d8-4e11-a122-e515fcf78e52" testId="3c27a31f-e076-0d6d-19f1-c3fb8a72001f" testName="ClickUp.Api.Client.Tests.ServiceTests.TaskChecklistsServiceTests.DeleteChecklistAsync_PassesCancellationTokenToApiConnection" computerName="devbox" duration="00:00:00.0096153" startTime="2025-06-23T16:17:46.0053115+00:00" endTime="2025-06-23T16:17:46.0053116+00:00" testType="13cdc9d9-ddb5-4fa4-a97d-d965ccfc6d4b" outcome="Passed" testListId="8c84fa94-04c1-424b-9868-57a2d4851a1d" relativeResultsDirectory="d5dc2f9f-17d8-4e11-a122-e515fcf78e52" />
    <UnitTestResult executionId="0599acec-b600-48f9-af26-243d62bae0c9" testId="86a9646a-8331-f524-cd39-1cefc26b403c" testName="ClickUp.Api.Client.Tests.ServiceTests.DocsServiceTests.SearchDocsAsync_ApiError_ThrowsHttpRequestException" computerName="devbox" duration="00:00:00.0084211" startTime="2025-06-23T16:17:45.4288031+00:00" endTime="2025-06-23T16:17:45.4288032+00:00" testType="13cdc9d9-ddb5-4fa4-a97d-d965ccfc6d4b" outcome="Passed" testListId="8c84fa94-04c1-424b-9868-57a2d4851a1d" relativeResultsDirectory="0599acec-b600-48f9-af26-243d62bae0c9" />
    <UnitTestResult executionId="3f4216ff-919e-403b-b2b9-28bdece578e0" testId="c3a8c95e-a906-3842-0974-bcb69399281c" testName="ClickUp.Api.Client.Tests.ServiceTests.TimeTrackingServiceTests.GetAllTimeEntryTagsAsync_PassesCancellationTokenToApiConnection" computerName="devbox" duration="00:00:00.0040518" startTime="2025-06-23T16:17:46.5505847+00:00" endTime="2025-06-23T16:17:46.5505848+00:00" testType="13cdc9d9-ddb5-4fa4-a97d-d965ccfc6d4b" outcome="Passed" testListId="8c84fa94-04c1-424b-9868-57a2d4851a1d" relativeResultsDirectory="3f4216ff-919e-403b-b2b9-28bdece578e0" />
    <UnitTestResult executionId="5c542753-8756-41b7-b3b2-45d4e7b65a3c" testId="f3172ad1-5349-25f4-05c4-524037f2c966" testName="ClickUp.Api.Client.Tests.ServiceTests.DocsServiceTests.SearchAllDocsAsync_MultiplePagesOfResults_ReturnsAllItems" computerName="devbox" duration="00:00:00.0191665" startTime="2025-06-23T16:17:45.5502299+00:00" endTime="2025-06-23T16:17:45.5502300+00:00" testType="13cdc9d9-ddb5-4fa4-a97d-d965ccfc6d4b" outcome="Passed" testListId="8c84fa94-04c1-424b-9868-57a2d4851a1d" relativeResultsDirectory="5c542753-8756-41b7-b3b2-45d4e7b65a3c" />
    <UnitTestResult executionId="d4dd2efb-b044-4815-8c31-2acc159ef021" testId="391840f3-e206-976c-b617-454923bcfaa0" testName="ClickUp.Api.Client.Tests.ServiceTests.CommentServiceTests.GetTaskCommentsAsync_ApiConnectionThrowsTaskCanceledException_PropagatesException" computerName="devbox" duration="00:00:00.0020583" startTime="2025-06-23T16:17:46.0593655+00:00" endTime="2025-06-23T16:17:46.0593655+00:00" testType="13cdc9d9-ddb5-4fa4-a97d-d965ccfc6d4b" outcome="Passed" testListId="8c84fa94-04c1-424b-9868-57a2d4851a1d" relativeResultsDirectory="d4dd2efb-b044-4815-8c31-2acc159ef021" />
    <UnitTestResult executionId="9ccf3261-229e-4d39-8123-9031327691a5" testId="7e1f1d35-e167-a7a3-ef29-ab516cd5247c" testName="ClickUp.Api.Client.Tests.ServiceTests.CustomFieldsServiceTests.RemoveCustomFieldValueAsync_PassesCancellationTokenToApiConnection" computerName="devbox" duration="00:00:00.0061031" startTime="2025-06-23T16:17:45.3010855+00:00" endTime="2025-06-23T16:17:45.3010856+00:00" testType="13cdc9d9-ddb5-4fa4-a97d-d965ccfc6d4b" outcome="Passed" testListId="8c84fa94-04c1-424b-9868-57a2d4851a1d" relativeResultsDirectory="9ccf3261-229e-4d39-8123-9031327691a5" />
    <UnitTestResult executionId="bc2735aa-a7b8-42bc-a250-ebca8b51ea9e" testId="343f948c-430b-2580-b3de-8dba47621f99" testName="ClickUp.Api.Client.Tests.ServiceTests.TimeTrackingServiceTests.GetTimeEntryAsync_PassesCancellationTokenToApiConnection" computerName="devbox" duration="00:00:00.0036827" startTime="2025-06-23T16:17:46.6491043+00:00" endTime="2025-06-23T16:17:46.6491045+00:00" testType="13cdc9d9-ddb5-4fa4-a97d-d965ccfc6d4b" outcome="Passed" testListId="8c84fa94-04c1-424b-9868-57a2d4851a1d" relativeResultsDirectory="bc2735aa-a7b8-42bc-a250-ebca8b51ea9e" />
    <UnitTestResult executionId="030bcd12-2675-46be-82ae-349006ac1e50" testId="40af15f1-3c4b-b585-b45f-69578573be98" testName="ClickUp.Api.Client.Tests.ServiceTests.TaskChecklistsServiceTests.CreateChecklistItemAsync_ApiReturnsResponseWithNullChecklist_ThrowsInvalidOperationException" computerName="devbox" duration="00:00:00.0035595" startTime="2025-06-23T16:17:46.0590512+00:00" endTime="2025-06-23T16:17:46.0590513+00:00" testType="13cdc9d9-ddb5-4fa4-a97d-d965ccfc6d4b" outcome="Passed" testListId="8c84fa94-04c1-424b-9868-57a2d4851a1d" relativeResultsDirectory="030bcd12-2675-46be-82ae-349006ac1e50" />
    <UnitTestResult executionId="aef9e34f-ad39-4f34-a956-1f21b55e80c1" testId="c93d5876-d848-f407-8531-7119037d719b" testName="ClickUp.Api.Client.Tests.ServiceTests.UserGroupServiceTests.GetUserGroupsAsync_PassesCancellationTokenToApiConnection" computerName="devbox" duration="00:00:00.0091290" startTime="2025-06-23T16:17:46.2810066+00:00" endTime="2025-06-23T16:17:46.2810068+00:00" testType="13cdc9d9-ddb5-4fa4-a97d-d965ccfc6d4b" outcome="Passed" testListId="8c84fa94-04c1-424b-9868-57a2d4851a1d" relativeResultsDirectory="aef9e34f-ad39-4f34-a956-1f21b55e80c1" />
    <UnitTestResult executionId="2652436b-d733-48c5-9cdb-9ecc9f0dfa9f" testId="a4b5446d-f249-dc53-eabd-f14a5368a5e4" testName="ClickUp.Api.Client.Tests.ServiceTests.CommentServiceTests.DeleteCommentAsync_ApiConnectionThrowsTaskCanceledException_PropagatesException" computerName="devbox" duration="00:00:00.0043466" startTime="2025-06-23T16:17:46.0811370+00:00" endTime="2025-06-23T16:17:46.0811371+00:00" testType="13cdc9d9-ddb5-4fa4-a97d-d965ccfc6d4b" outcome="Passed" testListId="8c84fa94-04c1-424b-9868-57a2d4851a1d" relativeResultsDirectory="2652436b-d733-48c5-9cdb-9ecc9f0dfa9f" />
    <UnitTestResult executionId="08b03110-4e3d-4f45-bbd6-15a82ef00ef2" testId="feb8a439-8d94-723d-b05b-e68b3f553aaa" testName="ClickUp.Api.Client.Tests.ServiceTests.CommentServiceTests.CreateListCommentAsync_ApiConnectionReturnsNull_ThrowsInvalidOperationException" computerName="devbox" duration="00:00:00.0021345" startTime="2025-06-23T16:17:46.1584708+00:00" endTime="2025-06-23T16:17:46.1584709+00:00" testType="13cdc9d9-ddb5-4fa4-a97d-d965ccfc6d4b" outcome="Passed" testListId="8c84fa94-04c1-424b-9868-57a2d4851a1d" relativeResultsDirectory="08b03110-4e3d-4f45-bbd6-15a82ef00ef2" />
    <UnitTestResult executionId="1fe03316-e349-4825-b367-ed016c313f9e" testId="7d06bb65-bc90-8430-d9f8-34b0ee050fa3" testName="ClickUp.Api.Client.Tests.ServiceTests.UsersServiceTests.EditUserOnWorkspaceAsync_ApiReturnsResponseWithNullUserInMember_ThrowsInvalidOperationException" computerName="devbox" duration="00:00:00.0020388" startTime="2025-06-23T16:17:46.4258649+00:00" endTime="2025-06-23T16:17:46.4258650+00:00" testType="13cdc9d9-ddb5-4fa4-a97d-d965ccfc6d4b" outcome="Passed" testListId="8c84fa94-04c1-424b-9868-57a2d4851a1d" relativeResultsDirectory="1fe03316-e349-4825-b367-ed016c313f9e" />
    <UnitTestResult executionId="9115b262-8623-4bb9-9a8c-dd25270de603" testId="eae42adf-0600-1fec-8fbc-16e6c5032bcd" testName="ClickUp.Api.Client.Tests.ServiceTests.GoalsServiceTests.DeleteKeyResultAsync_ApiError_ThrowsHttpRequestException" computerName="devbox" duration="00:00:00.0037359" startTime="2025-06-23T16:17:46.2447319+00:00" endTime="2025-06-23T16:17:46.2447320+00:00" testType="13cdc9d9-ddb5-4fa4-a97d-d965ccfc6d4b" outcome="Passed" testListId="8c84fa94-04c1-424b-9868-57a2d4851a1d" relativeResultsDirectory="9115b262-8623-4bb9-9a8c-dd25270de603" />
    <UnitTestResult executionId="41fc208e-2950-4658-999b-452487edf1c8" testId="1ec5e2d0-3801-1f1b-660e-841b341b6ed8" testName="ClickUp.Api.Client.Tests.ServiceTests.AttachmentsServiceTests.CreateTaskAttachmentAsync_WithCustomTaskIdsAndTeamId_BuildsCorrectEndpoint" computerName="devbox" duration="00:00:00.0050668" startTime="2025-06-23T16:17:46.1516016+00:00" endTime="2025-06-23T16:17:46.1516017+00:00" testType="13cdc9d9-ddb5-4fa4-a97d-d965ccfc6d4b" outcome="Passed" testListId="8c84fa94-04c1-424b-9868-57a2d4851a1d" relativeResultsDirectory="41fc208e-2950-4658-999b-452487edf1c8" />
    <UnitTestResult executionId="d5f18a9a-f1ee-4106-904d-7b612de3ea06" testId="c98cbe04-e496-ef3c-3fd0-70796bcf372d" testName="ClickUp.Api.Client.Tests.ServiceTests.ListsServiceTests.GetFolderlessListsAsyncEnumerableAsync_WithArchivedTrue_BuildsCorrectUrl" computerName="devbox" duration="00:00:00.0035750" startTime="2025-06-23T16:17:46.5706798+00:00" endTime="2025-06-23T16:17:46.5706799+00:00" testType="13cdc9d9-ddb5-4fa4-a97d-d965ccfc6d4b" outcome="Passed" testListId="8c84fa94-04c1-424b-9868-57a2d4851a1d" relativeResultsDirectory="d5f18a9a-f1ee-4106-904d-7b612de3ea06" />
    <UnitTestResult executionId="aae19b9c-31d8-4962-9fae-9b9069b6702b" testId="114b0c56-3cd9-6e29-2cb9-d244c016d012" testName="ClickUp.Api.Client.Tests.ServiceTests.GuestsServiceTests.RemoveGuestFromFolderAsync_ApiConnectionThrowsTaskCanceledException_PropagatesException" computerName="devbox" duration="00:00:00.0022196" startTime="2025-06-23T16:17:45.4424799+00:00" endTime="2025-06-23T16:17:45.4424800+00:00" testType="13cdc9d9-ddb5-4fa4-a97d-d965ccfc6d4b" outcome="Passed" testListId="8c84fa94-04c1-424b-9868-57a2d4851a1d" relativeResultsDirectory="aae19b9c-31d8-4962-9fae-9b9069b6702b" />
    <UnitTestResult executionId="13f6548d-6548-4ae4-94dd-0524e35520d9" testId="bfaf6352-4421-09bc-d915-7b2d2ece56ba" testName="ClickUp.Api.Client.Tests.ServiceTests.WebhooksServiceTests.DeleteWebhookAsync_ApiConnectionThrowsHttpRequestException_PropagatesException" computerName="devbox" duration="00:00:00.0075375" startTime="2025-06-23T16:17:46.4401606+00:00" endTime="2025-06-23T16:17:46.4401607+00:00" testType="13cdc9d9-ddb5-4fa4-a97d-d965ccfc6d4b" outcome="Passed" testListId="8c84fa94-04c1-424b-9868-57a2d4851a1d" relativeResultsDirectory="13f6548d-6548-4ae4-94dd-0524e35520d9" />
    <UnitTestResult executionId="de3473dd-2733-4237-9182-1cbe2e660869" testId="9dd28c6d-eb99-7c8d-7660-36cc80eff1f3" testName="ClickUp.Api.Client.Tests.ServiceTests.ChatServiceTests.CreateReplyMessageAsync_NullDataInResponse_ThrowsInvalidOperationException" computerName="devbox" duration="00:00:00.0024646" startTime="2025-06-23T16:17:45.6660043+00:00" endTime="2025-06-23T16:17:45.6660045+00:00" testType="13cdc9d9-ddb5-4fa4-a97d-d965ccfc6d4b" outcome="Passed" testListId="8c84fa94-04c1-424b-9868-57a2d4851a1d" relativeResultsDirectory="de3473dd-2733-4237-9182-1cbe2e660869" />
    <UnitTestResult executionId="1f7111cd-cf6e-4eec-ab4f-dcd6a7a7c302" testId="22ba9a81-eee3-dacf-96ca-4ab79d52bbe1" testName="ClickUp.Api.Client.Tests.ServiceTests.TimeTrackingServiceTests.StartTimeEntryAsync_ApiReturnsResponseWithNullData_ThrowsInvalidOperationException" computerName="devbox" duration="00:00:00.0025733" startTime="2025-06-23T16:17:46.5208658+00:00" endTime="2025-06-23T16:17:46.5208660+00:00" testType="13cdc9d9-ddb5-4fa4-a97d-d965ccfc6d4b" outcome="Passed" testListId="8c84fa94-04c1-424b-9868-57a2d4851a1d" relativeResultsDirectory="1f7111cd-cf6e-4eec-ab4f-dcd6a7a7c302" />
    <UnitTestResult executionId="9dc6347d-d90f-439a-8f65-149f1e55a3ec" testId="15b48231-b9af-4e3f-9b78-4f9754c6946b" testName="ClickUp.Api.Client.Tests.ServiceTests.TagsServiceTests.CreateSpaceTagAsync_ValidRequest_CallsPostAsync" computerName="devbox" duration="00:00:00.0072408" startTime="2025-06-23T16:17:45.8940406+00:00" endTime="2025-06-23T16:17:45.8940408+00:00" testType="13cdc9d9-ddb5-4fa4-a97d-d965ccfc6d4b" outcome="Passed" testListId="8c84fa94-04c1-424b-9868-57a2d4851a1d" relativeResultsDirectory="9dc6347d-d90f-439a-8f65-149f1e55a3ec" />
    <UnitTestResult executionId="19093e91-886c-4b24-b9e5-291e00282bd7" testId="a148e1d3-c0a7-ab22-6711-ed696844e290" testName="ClickUp.Api.Client.Tests.ServiceTests.ListsServiceTests.CreateListFromTemplateInFolderAsync_ApiConnectionThrowsTaskCanceledException_PropagatesException" computerName="devbox" duration="00:00:00.0016585" startTime="2025-06-23T16:17:46.6549165+00:00" endTime="2025-06-23T16:17:46.6549167+00:00" testType="13cdc9d9-ddb5-4fa4-a97d-d965ccfc6d4b" outcome="Passed" testListId="8c84fa94-04c1-424b-9868-57a2d4851a1d" relativeResultsDirectory="19093e91-886c-4b24-b9e5-291e00282bd7" />
    <UnitTestResult executionId="ce2c0e11-a6c5-433f-a56b-f655ed9dc0ca" testId="78145ca3-f064-cb2e-ebce-b57ecce4f5f7" testName="ClickUp.Api.Client.Tests.ServiceTests.ListsServiceTests.GetListsInFolderAsync_WithArchivedTrue_BuildsCorrectUrl" computerName="devbox" duration="00:00:00.0034723" startTime="2025-06-23T16:17:46.5587031+00:00" endTime="2025-06-23T16:17:46.5587033+00:00" testType="13cdc9d9-ddb5-4fa4-a97d-d965ccfc6d4b" outcome="Passed" testListId="8c84fa94-04c1-424b-9868-57a2d4851a1d" relativeResultsDirectory="ce2c0e11-a6c5-433f-a56b-f655ed9dc0ca" />
    <UnitTestResult executionId="8a9ae077-8019-4c28-8db8-614c4a017536" testId="1546303a-edc4-61b2-b8a8-c5fe00f4d6c5" testName="ClickUp.Api.Client.Tests.ServiceTests.TaskRelationshipsServiceTests.DeleteDependencyAsync_NeitherDependsOnNorDependencyOf_ThrowsArgumentException" computerName="devbox" duration="00:00:00.0040708" startTime="2025-06-23T16:17:45.2704388+00:00" endTime="2025-06-23T16:17:45.2704388+00:00" testType="13cdc9d9-ddb5-4fa4-a97d-d965ccfc6d4b" outcome="Passed" testListId="8c84fa94-04c1-424b-9868-57a2d4851a1d" relativeResultsDirectory="8a9ae077-8019-4c28-8db8-614c4a017536" />
    <UnitTestResult executionId="cc57c219-6e0e-4ca4-9eb7-9f8941e99e4e" testId="b62285e3-710c-7c9a-e1f3-058f7c0cf59e" testName="ClickUp.Api.Client.Tests.ServiceTests.ChatServiceTests.GetChatMessagesAsync_PassesCancellationTokenToApiConnection" computerName="devbox" duration="00:00:00.0111877" startTime="2025-06-23T16:17:45.6874148+00:00" endTime="2025-06-23T16:17:45.6874150+00:00" testType="13cdc9d9-ddb5-4fa4-a97d-d965ccfc6d4b" outcome="Passed" testListId="8c84fa94-04c1-424b-9868-57a2d4851a1d" relativeResultsDirectory="cc57c219-6e0e-4ca4-9eb7-9f8941e99e4e" />
    <UnitTestResult executionId="86ed5c75-e5cb-443a-9682-73023eada0b6" testId="bc7ee3e4-a635-03d0-967a-f971c4572817" testName="ClickUp.Api.Client.Tests.ServiceTests.ChatServiceTests.CreateChatReactionAsync_ApiError_ThrowsHttpRequestException" computerName="devbox" duration="00:00:00.0063831" startTime="2025-06-23T16:17:45.7079408+00:00" endTime="2025-06-23T16:17:45.7079411+00:00" testType="13cdc9d9-ddb5-4fa4-a97d-d965ccfc6d4b" outcome="Passed" testListId="8c84fa94-04c1-424b-9868-57a2d4851a1d" relativeResultsDirectory="86ed5c75-e5cb-443a-9682-73023eada0b6" />
    <UnitTestResult executionId="593fa0e6-5dc1-47c6-ab7d-160a8476f21c" testId="d364fe51-32f4-0505-0794-50c70ce2f6f1" testName="ClickUp.Api.Client.Tests.ServiceTests.ChatServiceTests.CreateReplyMessageAsync_ValidRequest_CallsPostAndReturnsMessage" computerName="devbox" duration="00:00:00.0056293" startTime="2025-06-23T16:17:45.5219392+00:00" endTime="2025-06-23T16:17:45.5219393+00:00" testType="13cdc9d9-ddb5-4fa4-a97d-d965ccfc6d4b" outcome="Passed" testListId="8c84fa94-04c1-424b-9868-57a2d4851a1d" relativeResultsDirectory="593fa0e6-5dc1-47c6-ab7d-160a8476f21c" />
    <UnitTestResult executionId="f706f95b-1f0e-4546-9619-f7d40e2e322f" testId="66fa857b-e963-0d65-bc03-7e07247eb20e" testName="ClickUp.Api.Client.Tests.ServiceTests.GuestsServiceTests.RemoveGuestFromFolderAsync_NullApiResponse_ThrowsInvalidOperationException" computerName="devbox" duration="00:00:00.0017832" startTime="2025-06-23T16:17:45.4804584+00:00" endTime="2025-06-23T16:17:45.4804584+00:00" testType="13cdc9d9-ddb5-4fa4-a97d-d965ccfc6d4b" outcome="Passed" testListId="8c84fa94-04c1-424b-9868-57a2d4851a1d" relativeResultsDirectory="f706f95b-1f0e-4546-9619-f7d40e2e322f" />
    <UnitTestResult executionId="5ada765b-5e44-4b12-bf98-f11b6ccce53d" testId="a06ac183-48bd-dba7-97c8-11bc4f040665" testName="ClickUp.Api.Client.Tests.ServiceTests.GoalsServiceTests.GetGoalsAsync_IncludeCompletedFalse_BuildsCorrectUrl" computerName="devbox" duration="00:00:00.0031927" startTime="2025-06-23T16:17:46.3197728+00:00" endTime="2025-06-23T16:17:46.3197729+00:00" testType="13cdc9d9-ddb5-4fa4-a97d-d965ccfc6d4b" outcome="Passed" testListId="8c84fa94-04c1-424b-9868-57a2d4851a1d" relativeResultsDirectory="5ada765b-5e44-4b12-bf98-f11b6ccce53d" />
    <UnitTestResult executionId="c3e4c733-a5ff-4150-bc8a-c2390974681e" testId="6d7735d0-7064-6afa-5a15-3310ca58c375" testName="ClickUp.Api.Client.Tests.ServiceTests.ViewsServiceTests.GetListViewsAsync_ApiReturnsNull_ThrowsInvalidOperationException" computerName="devbox" duration="00:00:00.0132699" startTime="2025-06-23T16:17:45.2424464+00:00" endTime="2025-06-23T16:17:45.2424469+00:00" testType="13cdc9d9-ddb5-4fa4-a97d-d965ccfc6d4b" outcome="Failed" testListId="8c84fa94-04c1-424b-9868-57a2d4851a1d" relativeResultsDirectory="c3e4c733-a5ff-4150-bc8a-c2390974681e">
      <Output>
        <ErrorInfo>
          <Message>Assert.Throws() Failure: No exception was thrown
Expected: typeof(System.InvalidOperationException)</Message>
          <StackTrace>   at ClickUp.Api.Client.Tests.ServiceTests.ViewsServiceTests.GetListViewsAsync_ApiReturnsNull_ThrowsInvalidOperationException() in /app/src/ClickUp.Api.Client.Tests/ServiceTests/ViewsServiceTests.cs:line 210
--- End of stack trace from previous location ---</StackTrace>
        </ErrorInfo>
      </Output>
    </UnitTestResult>
    <UnitTestResult executionId="2e95051b-387f-411f-911a-72306db7a2db" testId="11641888-952c-34d2-e65f-507d355849cc" testName="ClickUp.Api.Client.Tests.ServiceTests.SpacesServiceTests.GetSpacesAsync_WithArchivedFalse_BuildsCorrectUrl" computerName="devbox" duration="00:00:00.0106259" startTime="2025-06-23T16:17:45.7006121+00:00" endTime="2025-06-23T16:17:45.7006122+00:00" testType="13cdc9d9-ddb5-4fa4-a97d-d965ccfc6d4b" outcome="Passed" testListId="8c84fa94-04c1-424b-9868-57a2d4851a1d" relativeResultsDirectory="2e95051b-387f-411f-911a-72306db7a2db" />
    <UnitTestResult executionId="667458af-73b7-4871-9bd7-13f3e90b3b42" testId="d64c8a48-94a6-5d45-b994-65e073b17456" testName="ClickUp.Api.Client.Tests.Http.AuthenticationDelegatingHandlerTests.Constructor_WithInvalidApiKey_ShouldThrowArgumentNullException(invalidApiKey: &quot;&quot;)" computerName="devbox" duration="00:00:00.0018933" startTime="2025-06-23T16:17:45.6507391+00:00" endTime="2025-06-23T16:17:45.6507393+00:00" testType="13cdc9d9-ddb5-4fa4-a97d-d965ccfc6d4b" outcome="Passed" testListId="8c84fa94-04c1-424b-9868-57a2d4851a1d" relativeResultsDirectory="667458af-73b7-4871-9bd7-13f3e90b3b42" />
    <UnitTestResult executionId="72df5314-88c4-4f68-9bf2-03cc8328a0ef" testId="8d4f003b-e7fd-d6d0-07aa-d85ded595d3d" testName="ClickUp.Api.Client.Tests.ServiceTests.TimeTrackingServiceTests.StopTimeEntryAsync_ApiConnectionThrowsHttpRequestException_PropagatesException" computerName="devbox" duration="00:00:00.0017709" startTime="2025-06-23T16:17:46.6561234+00:00" endTime="2025-06-23T16:17:46.6561235+00:00" testType="13cdc9d9-ddb5-4fa4-a97d-d965ccfc6d4b" outcome="Passed" testListId="8c84fa94-04c1-424b-9868-57a2d4851a1d" relativeResultsDirectory="72df5314-88c4-4f68-9bf2-03cc8328a0ef" />
    <UnitTestResult executionId="e1bf5a12-3694-4931-8e31-f48bcd8acefd" testId="31a1065a-ac19-32b8-35df-25a464c51606" testName="ClickUp.Api.Client.Tests.Models.Entities.CustomFieldValueTests.Deserialize_DropdownFieldValue_Correctly" computerName="devbox" duration="00:00:00.0003211" startTime="2025-06-23T16:17:46.0218615+00:00" endTime="2025-06-23T16:17:46.0218616+00:00" testType="13cdc9d9-ddb5-4fa4-a97d-d965ccfc6d4b" outcome="Passed" testListId="8c84fa94-04c1-424b-9868-57a2d4851a1d" relativeResultsDirectory="e1bf5a12-3694-4931-8e31-f48bcd8acefd" />
    <UnitTestResult executionId="80cf91c0-218c-45f5-8c12-41c6d9a66b05" testId="835da13e-af61-c112-f0d7-c7f33e20a9ab" testName="ClickUp.Api.Client.Tests.ServiceTests.UserGroupServiceTests.CreateUserGroupAsync_ApiReturnsNullResponse_ThrowsInvalidOperationException" computerName="devbox" duration="00:00:00.0101339" startTime="2025-06-23T16:17:46.3427096+00:00" endTime="2025-06-23T16:17:46.3427098+00:00" testType="13cdc9d9-ddb5-4fa4-a97d-d965ccfc6d4b" outcome="Passed" testListId="8c84fa94-04c1-424b-9868-57a2d4851a1d" relativeResultsDirectory="80cf91c0-218c-45f5-8c12-41c6d9a66b05" />
    <UnitTestResult executionId="0a111cef-7cdf-45a7-bd4c-7eba19d177d4" testId="d454eba3-18de-5a30-a13a-8d69e2b991ba" testName="ClickUp.Api.Client.Tests.ServiceTests.GoalsServiceTests.GetGoalAsync_ApiReturnsNullGoalInResponse_ThrowsInvalidOperationException" computerName="devbox" duration="00:00:00.0015586" startTime="2025-06-23T16:17:46.4200009+00:00" endTime="2025-06-23T16:17:46.4200010+00:00" testType="13cdc9d9-ddb5-4fa4-a97d-d965ccfc6d4b" outcome="Passed" testListId="8c84fa94-04c1-424b-9868-57a2d4851a1d" relativeResultsDirectory="0a111cef-7cdf-45a7-bd4c-7eba19d177d4" />
    <UnitTestResult executionId="26ba6b21-3f8c-4b1e-8dd2-e3c11e7ef576" testId="ad198581-af12-5320-2df9-9b7a437637c5" testName="ClickUp.Api.Client.Tests.ServiceTests.AuthorizationServiceTests.GetAccessTokenAsync_ApiConnectionThrowsException_PropagatesException" computerName="devbox" duration="00:00:00.0029931" startTime="2025-06-23T16:17:45.2453721+00:00" endTime="2025-06-23T16:17:45.2453722+00:00" testType="13cdc9d9-ddb5-4fa4-a97d-d965ccfc6d4b" outcome="Passed" testListId="8c84fa94-04c1-424b-9868-57a2d4851a1d" relativeResultsDirectory="26ba6b21-3f8c-4b1e-8dd2-e3c11e7ef576" />
    <UnitTestResult executionId="722fda04-db86-42c7-ab74-3b6039bee4bf" testId="b476c99b-742f-85e5-2038-a681239aadf2" testName="ClickUp.Api.Client.Tests.ServiceTests.CommentServiceTests.DeleteCommentAsync_ValidInput_CallsApiConnectionDeleteAsyncWithCorrectParameters" computerName="devbox" duration="00:00:00.0086062" startTime="2025-06-23T16:17:46.0273142+00:00" endTime="2025-06-23T16:17:46.0273143+00:00" testType="13cdc9d9-ddb5-4fa4-a97d-d965ccfc6d4b" outcome="Passed" testListId="8c84fa94-04c1-424b-9868-57a2d4851a1d" relativeResultsDirectory="722fda04-db86-42c7-ab74-3b6039bee4bf" />
    <UnitTestResult executionId="628539fe-8b9e-49ce-85fe-f1d8bab4cca4" testId="2a20ee89-4328-4035-843a-0dab3c664c44" testName="ClickUp.Api.Client.Tests.ServiceTests.TagsServiceTests.EditSpaceTagAsync_PassesCancellationTokenToApiConnection" computerName="devbox" duration="00:00:00.0108101" startTime="2025-06-23T16:17:45.9555416+00:00" endTime="2025-06-23T16:17:45.9555417+00:00" testType="13cdc9d9-ddb5-4fa4-a97d-d965ccfc6d4b" outcome="Passed" testListId="8c84fa94-04c1-424b-9868-57a2d4851a1d" relativeResultsDirectory="628539fe-8b9e-49ce-85fe-f1d8bab4cca4" />
    <UnitTestResult executionId="03853946-00ce-44c2-a76e-83491298b4e2" testId="366c9a4c-d373-a66d-1c36-09f56a7219f6" testName="ClickUp.Api.Client.Tests.ServiceTests.GuestsServiceTests.AddGuestToFolderAsync_PassesCancellationTokenToApiConnection" computerName="devbox" duration="00:00:00.0079573" startTime="2025-06-23T16:17:45.3907767+00:00" endTime="2025-06-23T16:17:45.3907768+00:00" testType="13cdc9d9-ddb5-4fa4-a97d-d965ccfc6d4b" outcome="Passed" testListId="8c84fa94-04c1-424b-9868-57a2d4851a1d" relativeResultsDirectory="03853946-00ce-44c2-a76e-83491298b4e2" />
    <UnitTestResult executionId="5fe8851b-d075-4de1-9ac1-a6466fa43e09" testId="7eac7054-5c36-912a-b0a1-7a8b0f2cc93f" testName="ClickUp.Api.Client.Tests.ServiceTests.ChatServiceTests.DeleteChatChannelAsync_ApiError_ThrowsHttpRequestException" computerName="devbox" duration="00:00:00.0028724" startTime="2025-06-23T16:17:45.3442547+00:00" endTime="2025-06-23T16:17:45.3442548+00:00" testType="13cdc9d9-ddb5-4fa4-a97d-d965ccfc6d4b" outcome="Passed" testListId="8c84fa94-04c1-424b-9868-57a2d4851a1d" relativeResultsDirectory="5fe8851b-d075-4de1-9ac1-a6466fa43e09" />
    <UnitTestResult executionId="f57471a6-abbd-458c-bd37-2501095fa4b5" testId="50a4b829-9b8c-141f-9af8-de6d13d2fe78" testName="ClickUp.Api.Client.Tests.ServiceTests.GoalsServiceTests.CreateGoalAsync_ApiReturnsNullResponse_ThrowsInvalidOperationException" computerName="devbox" duration="00:00:00.0025159" startTime="2025-06-23T16:17:46.4034272+00:00" endTime="2025-06-23T16:17:46.4034274+00:00" testType="13cdc9d9-ddb5-4fa4-a97d-d965ccfc6d4b" outcome="Passed" testListId="8c84fa94-04c1-424b-9868-57a2d4851a1d" relativeResultsDirectory="f57471a6-abbd-458c-bd37-2501095fa4b5" />
    <UnitTestResult executionId="c0c1786e-bda2-4ece-b97b-19436940d901" testId="87f8524a-3471-cf69-59a5-50a063c8cab4" testName="ClickUp.Api.Client.Tests.ServiceTests.TagsServiceTests.AddTagToTaskAsync_WithCustomTaskIdsAndTeamId_BuildsCorrectUrl" computerName="devbox" duration="00:00:00.0072392" startTime="2025-06-23T16:17:45.9634840+00:00" endTime="2025-06-23T16:17:45.9634842+00:00" testType="13cdc9d9-ddb5-4fa4-a97d-d965ccfc6d4b" outcome="Passed" testListId="8c84fa94-04c1-424b-9868-57a2d4851a1d" relativeResultsDirectory="c0c1786e-bda2-4ece-b97b-19436940d901" />
    <UnitTestResult executionId="bbf419ab-f984-4cb3-a013-d5bd58764b7c" testId="871e8200-84d4-3c3f-f020-c721e2d74775" testName="ClickUp.Api.Client.Tests.ServiceTests.SpacesServiceTests.CreateSpaceAsync_ApiConnectionThrowsTaskCanceledException_PropagatesException" computerName="devbox" duration="00:00:00.0028140" startTime="2025-06-23T16:17:45.7195404+00:00" endTime="2025-06-23T16:17:45.7195405+00:00" testType="13cdc9d9-ddb5-4fa4-a97d-d965ccfc6d4b" outcome="Passed" testListId="8c84fa94-04c1-424b-9868-57a2d4851a1d" relativeResultsDirectory="bbf419ab-f984-4cb3-a013-d5bd58764b7c" />
    <UnitTestResult executionId="38fca263-8b2b-45a1-a5ff-e93a99b0b9b3" testId="2ffcb69d-9871-fc53-e266-88fcc7d40f11" testName="ClickUp.Api.Client.Tests.ServiceTests.FoldersServiceTests.DeleteFolderAsync_PassesCancellationTokenToApiConnection" computerName="devbox" duration="00:00:00.0046578" startTime="2025-06-23T16:17:46.0219932+00:00" endTime="2025-06-23T16:17:46.0219932+00:00" testType="13cdc9d9-ddb5-4fa4-a97d-d965ccfc6d4b" outcome="Passed" testListId="8c84fa94-04c1-424b-9868-57a2d4851a1d" relativeResultsDirectory="38fca263-8b2b-45a1-a5ff-e93a99b0b9b3" />
    <UnitTestResult executionId="50de2976-0921-464d-8b9c-0b642ac5ef56" testId="b736d5ec-8e87-221b-2f8d-32963a4352d8" testName="ClickUp.Api.Client.Tests.ServiceTests.SpacesServiceTests.DeleteSpaceAsync_ValidSpaceId_CallsDeleteAsync" computerName="devbox" duration="00:00:00.0072306" startTime="2025-06-23T16:17:45.7546841+00:00" endTime="2025-06-23T16:17:45.7546846+00:00" testType="13cdc9d9-ddb5-4fa4-a97d-d965ccfc6d4b" outcome="Passed" testListId="8c84fa94-04c1-424b-9868-57a2d4851a1d" relativeResultsDirectory="50de2976-0921-464d-8b9c-0b642ac5ef56" />
    <UnitTestResult executionId="af032613-50cc-4509-909b-3524e7773e62" testId="80ab7f0e-6cfe-9e83-8315-050a1996c963" testName="ClickUp.Api.Client.Tests.ServiceTests.AuthorizationServiceTests.GetAuthorizedWorkspacesAsync_ApiConnectionResponseHasNullWorkspaces_ReturnsNull" computerName="devbox" duration="00:00:00.0049466" startTime="2025-06-23T16:17:45.2440890+00:00" endTime="2025-06-23T16:17:45.2440891+00:00" testType="13cdc9d9-ddb5-4fa4-a97d-d965ccfc6d4b" outcome="Failed" testListId="8c84fa94-04c1-424b-9868-57a2d4851a1d" relativeResultsDirectory="af032613-50cc-4509-909b-3524e7773e62">
      <Output>
        <ErrorInfo>
          <Message>System.InvalidOperationException : API returned null or no workspaces for GetAuthorizedWorkspacesAsync.</Message>
          <StackTrace>   at ClickUp.Api.Client.Services.AuthorizationService.GetAuthorizedWorkspacesAsync(CancellationToken cancellationToken) in /app/src/ClickUp.Api.Client/Services/AuthorizationService.cs:line 69
   at ClickUp.Api.Client.Tests.ServiceTests.AuthorizationServiceTests.GetAuthorizedWorkspacesAsync_ApiConnectionResponseHasNullWorkspaces_ReturnsNull() in /app/src/ClickUp.Api.Client.Tests/ServiceTests/AuthorizationServiceTests.cs:line 225
--- End of stack trace from previous location ---</StackTrace>
        </ErrorInfo>
      </Output>
    </UnitTestResult>
    <UnitTestResult executionId="95fa8aa7-34d0-4712-aeb3-a81704254ace" testId="d035db6c-0fa8-1fa3-79f9-636ffcf58549" testName="ClickUp.Api.Client.Tests.ServiceTests.WorkspacesServiceTests.GetWorkspacePlanAsync_ValidWorkspaceId_ReturnsPlanResponse" computerName="devbox" duration="00:00:00.0045134" startTime="2025-06-23T16:17:45.2209534+00:00" endTime="2025-06-23T16:17:45.2209535+00:00" testType="13cdc9d9-ddb5-4fa4-a97d-d965ccfc6d4b" outcome="Passed" testListId="8c84fa94-04c1-424b-9868-57a2d4851a1d" relativeResultsDirectory="95fa8aa7-34d0-4712-aeb3-a81704254ace" />
    <UnitTestResult executionId="b5ed497c-0475-4f85-a3f9-460379a0b720" testId="66c117ae-675d-18a0-d705-b89499349f67" testName="ClickUp.Api.Client.Tests.ServiceTests.ListsServiceTests.UpdateListAsync_PassesCancellationTokenToApiConnection" computerName="devbox" duration="00:00:00.0042096" startTime="2025-06-23T16:17:46.6317230+00:00" endTime="2025-06-23T16:17:46.6317231+00:00" testType="13cdc9d9-ddb5-4fa4-a97d-d965ccfc6d4b" outcome="Passed" testListId="8c84fa94-04c1-424b-9868-57a2d4851a1d" relativeResultsDirectory="b5ed497c-0475-4f85-a3f9-460379a0b720" />
    <UnitTestResult executionId="28c5d839-7b19-4f4c-9741-e2bf927772cd" testId="84b8ed57-41d6-2128-cf45-76c917cb0395" testName="ClickUp.Api.Client.Tests.ServiceTests.MembersServiceTests.GetListMembersAsync_ApiConnectionThrowsTaskCanceledException_PropagatesException" computerName="devbox" duration="00:00:00.0049370" startTime="2025-06-23T16:17:46.2606913+00:00" endTime="2025-06-23T16:17:46.2606913+00:00" testType="13cdc9d9-ddb5-4fa4-a97d-d965ccfc6d4b" outcome="Passed" testListId="8c84fa94-04c1-424b-9868-57a2d4851a1d" relativeResultsDirectory="28c5d839-7b19-4f4c-9741-e2bf927772cd" />
    <UnitTestResult executionId="dddf85bc-80c2-4a2f-93a4-b2dab49bc849" testId="6fe0c3e8-d70e-aa1e-ebb5-3824f2093751" testName="ClickUp.Api.Client.Tests.ServiceTests.TaskChecklistsServiceTests.EditChecklistAsync_ValidRequest_CallsPutAsync" computerName="devbox" duration="00:00:00.0073229" startTime="2025-06-23T16:17:45.9912102+00:00" endTime="2025-06-23T16:17:45.9912104+00:00" testType="13cdc9d9-ddb5-4fa4-a97d-d965ccfc6d4b" outcome="Passed" testListId="8c84fa94-04c1-424b-9868-57a2d4851a1d" relativeResultsDirectory="dddf85bc-80c2-4a2f-93a4-b2dab49bc849" />
    <UnitTestResult executionId="e04bf978-8d2e-4cb2-9de2-1b26a9482dad" testId="5b8f60fa-e114-e9c0-8cce-43e48875fa0e" testName="ClickUp.Api.Client.Tests.ServiceTests.ChatServiceTests.GetChatChannelFollowersAsync_ApiError_ThrowsHttpRequestException" computerName="devbox" duration="00:00:00.0017262" startTime="2025-06-23T16:17:45.5871190+00:00" endTime="2025-06-23T16:17:45.5871193+00:00" testType="13cdc9d9-ddb5-4fa4-a97d-d965ccfc6d4b" outcome="Passed" testListId="8c84fa94-04c1-424b-9868-57a2d4851a1d" relativeResultsDirectory="e04bf978-8d2e-4cb2-9de2-1b26a9482dad" />
    <UnitTestResult executionId="bce8ac21-4bce-44b2-ac52-7a5e9cf6e662" testId="ca26ab62-0c75-5ed1-f634-c4b65f91d00f" testName="ClickUp.Api.Client.Tests.ServiceTests.TaskServiceTests.GetTaskAsync_ApiConnectionThrowsException_PropagatesException" computerName="devbox" duration="00:00:00.0031102" startTime="2025-06-23T16:17:45.7598001+00:00" endTime="2025-06-23T16:17:45.7598003+00:00" testType="13cdc9d9-ddb5-4fa4-a97d-d965ccfc6d4b" outcome="Passed" testListId="8c84fa94-04c1-424b-9868-57a2d4851a1d" relativeResultsDirectory="bce8ac21-4bce-44b2-ac52-7a5e9cf6e662" />
    <UnitTestResult executionId="3e54de78-e852-432c-95e8-0be3c69c8b3d" testId="1ac77b27-42c1-cff1-ba4f-002fe435aeb7" testName="ClickUp.Api.Client.Tests.ServiceTests.TimeTrackingServiceTests.RemoveTagsFromTimeEntriesAsync_ApiConnectionThrowsTaskCanceledException_PropagatesException" computerName="devbox" duration="00:00:00.0021779" startTime="2025-06-23T16:17:46.6743231+00:00" endTime="2025-06-23T16:17:46.6743232+00:00" testType="13cdc9d9-ddb5-4fa4-a97d-d965ccfc6d4b" outcome="Passed" testListId="8c84fa94-04c1-424b-9868-57a2d4851a1d" relativeResultsDirectory="3e54de78-e852-432c-95e8-0be3c69c8b3d" />
    <UnitTestResult executionId="d4ad0880-9997-4291-ad8b-92ae1876197a" testId="9da7c202-58c3-5fab-0031-2fe16a925c22" testName="ClickUp.Api.Client.Tests.ServiceTests.WebhooksServiceTests.DeleteWebhookAsync_ApiConnectionThrowsTaskCanceledException_PropagatesException" computerName="devbox" duration="00:00:00.0023749" startTime="2025-06-23T16:17:46.4592640+00:00" endTime="2025-06-23T16:17:46.4592641+00:00" testType="13cdc9d9-ddb5-4fa4-a97d-d965ccfc6d4b" outcome="Passed" testListId="8c84fa94-04c1-424b-9868-57a2d4851a1d" relativeResultsDirectory="d4ad0880-9997-4291-ad8b-92ae1876197a" />
    <UnitTestResult executionId="51741f15-1652-4a24-9989-ad73f1c8cc29" testId="574450ea-f124-3a1f-aa8f-f6c0ff788a71" testName="ClickUp.Api.Client.Tests.ServiceTests.GoalsServiceTests.CreateGoalAsync_ApiReturnsNullGoalInResponse_ThrowsInvalidOperationException" computerName="devbox" duration="00:00:00.0019731" startTime="2025-06-23T16:17:46.3926781+00:00" endTime="2025-06-23T16:17:46.3926782+00:00" testType="13cdc9d9-ddb5-4fa4-a97d-d965ccfc6d4b" outcome="Passed" testListId="8c84fa94-04c1-424b-9868-57a2d4851a1d" relativeResultsDirectory="51741f15-1652-4a24-9989-ad73f1c8cc29" />
    <UnitTestResult executionId="90996320-dc4b-4d62-8d8b-6fdf0454c45e" testId="a923348b-98da-86ae-cc3f-ba8c703bfc34" testName="ClickUp.Api.Client.Tests.ServiceTests.UserGroupServiceTests.CreateUserGroupAsync_ApiConnectionThrowsTaskCanceledException_PropagatesException" computerName="devbox" duration="00:00:00.0066332" startTime="2025-06-23T16:17:46.2952766+00:00" endTime="2025-06-23T16:17:46.2952767+00:00" testType="13cdc9d9-ddb5-4fa4-a97d-d965ccfc6d4b" outcome="Passed" testListId="8c84fa94-04c1-424b-9868-57a2d4851a1d" relativeResultsDirectory="90996320-dc4b-4d62-8d8b-6fdf0454c45e" />
    <UnitTestResult executionId="40e47e49-a68c-4199-a7dd-bbf0b0f3a67d" testId="8b7b8d8c-4fe1-d6b9-04f4-c83a985cc65c" testName="ClickUp.Api.Client.Tests.ServiceTests.TimeTrackingServiceTests.GetTimeEntryAsync_ValidRequest_ReturnsTimeEntry" computerName="devbox" duration="00:00:00.0044092" startTime="2025-06-23T16:17:46.6041473+00:00" endTime="2025-06-23T16:17:46.6041473+00:00" testType="13cdc9d9-ddb5-4fa4-a97d-d965ccfc6d4b" outcome="Passed" testListId="8c84fa94-04c1-424b-9868-57a2d4851a1d" relativeResultsDirectory="40e47e49-a68c-4199-a7dd-bbf0b0f3a67d" />
    <UnitTestResult executionId="9be281ed-d87f-4d88-8b16-653f08bbf3b5" testId="37cf5525-c82f-3c56-5ac8-e74d70210968" testName="ClickUp.Api.Client.Tests.ServiceTests.TimeTrackingServiceTests.UpdateTimeEntryAsync_ApiReturnsNullResponse_ThrowsInvalidOperationException" computerName="devbox" duration="00:00:00.0104323" startTime="2025-06-23T16:17:46.2901530+00:00" endTime="2025-06-23T16:17:46.2901531+00:00" testType="13cdc9d9-ddb5-4fa4-a97d-d965ccfc6d4b" outcome="Passed" testListId="8c84fa94-04c1-424b-9868-57a2d4851a1d" relativeResultsDirectory="9be281ed-d87f-4d88-8b16-653f08bbf3b5" />
    <UnitTestResult executionId="b50b255e-8f7b-4985-85f2-8921e18149cd" testId="ae16afd9-8b81-6199-6082-79ed796c40eb" testName="ClickUp.Api.Client.Tests.ServiceTests.FoldersServiceTests.UpdateFolderAsync_PassesCancellationTokenToApiConnection" computerName="devbox" duration="00:00:00.0088013" startTime="2025-06-23T16:17:45.9731809+00:00" endTime="2025-06-23T16:17:45.9731810+00:00" testType="13cdc9d9-ddb5-4fa4-a97d-d965ccfc6d4b" outcome="Passed" testListId="8c84fa94-04c1-424b-9868-57a2d4851a1d" relativeResultsDirectory="b50b255e-8f7b-4985-85f2-8921e18149cd" />
    <UnitTestResult executionId="5064059e-6737-4ce1-99ca-937edd8f2c6c" testId="bf4bfb6f-14b9-988f-08de-3ea8deb5b1e2" testName="ClickUp.Api.Client.Tests.ServiceTests.TaskRelationshipsServiceTests.DeleteDependencyAsync_WithDependencyOf_CallsDeleteAsyncWithCorrectUrl" computerName="devbox" duration="00:00:00.0048770" startTime="2025-06-23T16:17:45.2592548+00:00" endTime="2025-06-23T16:17:45.2592549+00:00" testType="13cdc9d9-ddb5-4fa4-a97d-d965ccfc6d4b" outcome="Passed" testListId="8c84fa94-04c1-424b-9868-57a2d4851a1d" relativeResultsDirectory="5064059e-6737-4ce1-99ca-937edd8f2c6c" />
    <UnitTestResult executionId="f73a7d01-fd29-4ae3-9b92-1726ea5e6bfc" testId="e9acc007-17a7-abc1-649b-24da425a2197" testName="ClickUp.Api.Client.Tests.ServiceTests.ChatServiceTests.GetChatChannelMembersAsync_ValidRequest_BuildsUrlAndReturnsResponse" computerName="devbox" duration="00:00:00.0181481" startTime="2025-06-23T16:17:45.2461214+00:00" endTime="2025-06-23T16:17:45.2461215+00:00" testType="13cdc9d9-ddb5-4fa4-a97d-d965ccfc6d4b" outcome="Passed" testListId="8c84fa94-04c1-424b-9868-57a2d4851a1d" relativeResultsDirectory="f73a7d01-fd29-4ae3-9b92-1726ea5e6bfc" />
    <UnitTestResult executionId="6dcb72f5-cee7-41f9-a2c0-59ddfe58a3be" testId="9181c853-26cf-b8d7-7024-b477f4cb3cf2" testName="ClickUp.Api.Client.Tests.ServiceTests.TemplatesServiceTests.GetTaskTemplatesAsync_ValidRequest_ReturnsResponseWithTemplates" computerName="devbox" duration="00:00:00.0114053" startTime="2025-06-23T16:17:45.8855417+00:00" endTime="2025-06-23T16:17:45.8855418+00:00" testType="13cdc9d9-ddb5-4fa4-a97d-d965ccfc6d4b" outcome="Passed" testListId="8c84fa94-04c1-424b-9868-57a2d4851a1d" relativeResultsDirectory="6dcb72f5-cee7-41f9-a2c0-59ddfe58a3be" />
    <UnitTestResult executionId="87d2497c-3900-468e-8ab2-3b8ce81bf897" testId="93860a70-03b6-6964-eca6-99f2a40f53bb" testName="ClickUp.Api.Client.Tests.ServiceTests.TimeTrackingServiceTests.DeleteTimeEntryAsync_PassesCancellationTokenToApiConnection" computerName="devbox" duration="00:00:00.0056167" startTime="2025-06-23T16:17:46.5994979+00:00" endTime="2025-06-23T16:17:46.5994979+00:00" testType="13cdc9d9-ddb5-4fa4-a97d-d965ccfc6d4b" outcome="Passed" testListId="8c84fa94-04c1-424b-9868-57a2d4851a1d" relativeResultsDirectory="87d2497c-3900-468e-8ab2-3b8ce81bf897" />
    <UnitTestResult executionId="20a9dfc8-d509-4dbd-988f-a60352885434" testId="81657e1a-e641-b3fc-2fbf-b0679b2fc1d1" testName="ClickUp.Api.Client.Tests.ServiceTests.GoalsServiceTests.GetGoalAsync_ApiConnectionThrowsTaskCanceledException_PropagatesException" computerName="devbox" duration="00:00:00.0040334" startTime="2025-06-23T16:17:46.2898491+00:00" endTime="2025-06-23T16:17:46.2898492+00:00" testType="13cdc9d9-ddb5-4fa4-a97d-d965ccfc6d4b" outcome="Passed" testListId="8c84fa94-04c1-424b-9868-57a2d4851a1d" relativeResultsDirectory="20a9dfc8-d509-4dbd-988f-a60352885434" />
    <UnitTestResult executionId="5b763cc5-7c5d-4f46-af0d-adf95419eea8" testId="0c44ebb7-c083-dc33-00c9-98ffd670e1c5" testName="ClickUp.Api.Client.Tests.ServiceTests.ListsServiceTests.GetListsInFolderAsync_ApiConnectionThrowsTaskCanceledException_PropagatesException" computerName="devbox" duration="00:00:00.0018323" startTime="2025-06-23T16:17:46.5493950+00:00" endTime="2025-06-23T16:17:46.5493951+00:00" testType="13cdc9d9-ddb5-4fa4-a97d-d965ccfc6d4b" outcome="Passed" testListId="8c84fa94-04c1-424b-9868-57a2d4851a1d" relativeResultsDirectory="5b763cc5-7c5d-4f46-af0d-adf95419eea8" />
    <UnitTestResult executionId="31f8c16c-3b03-44fc-b978-bdf76d63799a" testId="cf3f3ace-3121-9116-97fe-a26d5ed5c48e" testName="ClickUp.Api.Client.Tests.ServiceTests.ChatServiceTests.GetChatMessageTaggedUsersAsync_ValidRequest_BuildsUrlAndReturnsResponse" computerName="devbox" duration="00:00:00.0081746" startTime="2025-06-23T16:17:45.3696649+00:00" endTime="2025-06-23T16:17:45.3696650+00:00" testType="13cdc9d9-ddb5-4fa4-a97d-d965ccfc6d4b" outcome="Passed" testListId="8c84fa94-04c1-424b-9868-57a2d4851a1d" relativeResultsDirectory="31f8c16c-3b03-44fc-b978-bdf76d63799a" />
    <UnitTestResult executionId="cfb1b30e-cebc-49ec-ac3f-5d64d302ea3d" testId="f4ff0c79-3ea2-68e3-d566-a1db5c61fda0" testName="ClickUp.Api.Client.Tests.ServiceTests.TimeTrackingServiceTests.GetRunningTimeEntryAsync_WhenTimerIsRunning_ReturnsTimeEntry" computerName="devbox" duration="00:00:00.0186376" startTime="2025-06-23T16:17:46.4200938+00:00" endTime="2025-06-23T16:17:46.4200939+00:00" testType="13cdc9d9-ddb5-4fa4-a97d-d965ccfc6d4b" outcome="Passed" testListId="8c84fa94-04c1-424b-9868-57a2d4851a1d" relativeResultsDirectory="cfb1b30e-cebc-49ec-ac3f-5d64d302ea3d" />
    <UnitTestResult executionId="e422a08a-0c7f-4647-a3b4-8f600b52543c" testId="36a0eb4e-8858-75dc-f8e8-1d56b3da2a13" testName="ClickUp.Api.Client.Tests.ServiceTests.WebhooksServiceTests.GetWebhooksAsync_ApiReturnsResponseWithNullWebhooks_ReturnsEmptyEnumerable" computerName="devbox" duration="00:00:00.0057281" startTime="2025-06-23T16:17:46.4459791+00:00" endTime="2025-06-23T16:17:46.4459792+00:00" testType="13cdc9d9-ddb5-4fa4-a97d-d965ccfc6d4b" outcome="Passed" testListId="8c84fa94-04c1-424b-9868-57a2d4851a1d" relativeResultsDirectory="e422a08a-0c7f-4647-a3b4-8f600b52543c" />
    <UnitTestResult executionId="be967727-7e9d-4241-86b8-4d08a695c459" testId="fe82db39-aa79-3bc4-cad5-8a81cc6a37c5" testName="ClickUp.Api.Client.Tests.ServiceTests.ChatServiceTests.CreateReplyMessageAsync_NullResponse_ThrowsInvalidOperationException" computerName="devbox" duration="00:00:00.0024497" startTime="2025-06-23T16:17:45.7274511+00:00" endTime="2025-06-23T16:17:45.7274513+00:00" testType="13cdc9d9-ddb5-4fa4-a97d-d965ccfc6d4b" outcome="Passed" testListId="8c84fa94-04c1-424b-9868-57a2d4851a1d" relativeResultsDirectory="be967727-7e9d-4241-86b8-4d08a695c459" />
    <UnitTestResult executionId="c58ac85f-7811-4c57-84f0-18b748f67126" testId="f6dfa8db-8634-305b-53fb-afe728588de3" testName="ClickUp.Api.Client.Tests.ServiceTests.TaskServiceTests.GetFilteredTeamTasksAsyncEnumerable_HandlesApiError" computerName="devbox" duration="00:00:00.0063088" startTime="2025-06-23T16:17:45.7512999+00:00" endTime="2025-06-23T16:17:45.7513001+00:00" testType="13cdc9d9-ddb5-4fa4-a97d-d965ccfc6d4b" outcome="Passed" testListId="8c84fa94-04c1-424b-9868-57a2d4851a1d" relativeResultsDirectory="c58ac85f-7811-4c57-84f0-18b748f67126" />
    <UnitTestResult executionId="e0fa5037-6f6b-4fa9-bba9-f2841d920f60" testId="703a1df5-a316-af5a-074a-213eff12ae62" testName="ClickUp.Api.Client.Tests.ServiceTests.WebhooksServiceTests.UpdateWebhookAsync_ValidRequest_ReturnsUpdatedWebhook" computerName="devbox" duration="00:00:00.0176702" startTime="2025-06-23T16:17:46.4345116+00:00" endTime="2025-06-23T16:17:46.4345117+00:00" testType="13cdc9d9-ddb5-4fa4-a97d-d965ccfc6d4b" outcome="Passed" testListId="8c84fa94-04c1-424b-9868-57a2d4851a1d" relativeResultsDirectory="e0fa5037-6f6b-4fa9-bba9-f2841d920f60" />
    <UnitTestResult executionId="2dc015e4-4c01-45f0-bc73-3722daac2bca" testId="9405568f-449c-1bbd-189d-d54eb7aa3ec8" testName="ClickUp.Api.Client.Tests.Http.ApiConnectionTests.GetAsync_ThrowsCorrectException_ForGeneralErrorStatusCodes(statusCode: NotFound, expectedExceptionType: typeof(ClickUp.Api.Client.Models.Exceptions.ClickUpApiNotFoundException), expectedMessageContent: &quot;Not Found&quot;)" computerName="devbox" duration="00:00:00.0008987" startTime="2025-06-23T16:17:46.1550425+00:00" endTime="2025-06-23T16:17:46.1550426+00:00" testType="13cdc9d9-ddb5-4fa4-a97d-d965ccfc6d4b" outcome="Passed" testListId="8c84fa94-04c1-424b-9868-57a2d4851a1d" relativeResultsDirectory="2dc015e4-4c01-45f0-bc73-3722daac2bca" />
    <UnitTestResult executionId="ef4750cb-bd16-4aca-964a-4828fad54efb" testId="6f1ad50d-9b4f-0a15-1cc3-ea86e5488bdb" testName="ClickUp.Api.Client.Tests.ServiceTests.GoalsServiceTests.UpdateGoalAsync_ApiReturnsNullGoalInResponse_ThrowsInvalidOperationException" computerName="devbox" duration="00:00:00.0042249" startTime="2025-06-23T16:17:46.4487860+00:00" endTime="2025-06-23T16:17:46.4487861+00:00" testType="13cdc9d9-ddb5-4fa4-a97d-d965ccfc6d4b" outcome="Passed" testListId="8c84fa94-04c1-424b-9868-57a2d4851a1d" relativeResultsDirectory="ef4750cb-bd16-4aca-964a-4828fad54efb" />
    <UnitTestResult executionId="8e996f3c-0e74-4e8c-8174-a80e9ee73329" testId="295e364a-764a-2988-9a20-8be47ed81d51" testName="ClickUp.Api.Client.Tests.ServiceTests.TimeTrackingServiceTests.GetTimeEntriesAsyncEnumerableAsync_HandlesCancellation" computerName="devbox" duration="00:00:00.0098485" startTime="2025-06-23T16:17:46.5358267+00:00" endTime="2025-06-23T16:17:46.5358269+00:00" testType="13cdc9d9-ddb5-4fa4-a97d-d965ccfc6d4b" outcome="Failed" testListId="8c84fa94-04c1-424b-9868-57a2d4851a1d" relativeResultsDirectory="8e996f3c-0e74-4e8c-8174-a80e9ee73329">
      <Output>
        <ErrorInfo>
          <Message>Assert.Throws() Failure: No exception was thrown
Expected: typeof(System.OperationCanceledException)</Message>
          <StackTrace>   at ClickUp.Api.Client.Tests.ServiceTests.TimeTrackingServiceTests.GetTimeEntriesAsyncEnumerableAsync_HandlesCancellation() in /app/src/ClickUp.Api.Client.Tests/ServiceTests/TimeTrackingServiceTests.cs:line 1867
--- End of stack trace from previous location ---</StackTrace>
        </ErrorInfo>
      </Output>
    </UnitTestResult>
    <UnitTestResult executionId="2a4315c2-4066-4e94-980f-68c1a58e4659" testId="ae8f0629-548d-85f5-1896-27263638cd5d" testName="ClickUp.Api.Client.Tests.ServiceTests.TaskChecklistsServiceTests.CreateChecklistAsync_ApiConnectionThrowsHttpRequestException_PropagatesException" computerName="devbox" duration="00:00:00.0046228" startTime="2025-06-23T16:17:45.9510173+00:00" endTime="2025-06-23T16:17:45.9510175+00:00" testType="13cdc9d9-ddb5-4fa4-a97d-d965ccfc6d4b" outcome="Passed" testListId="8c84fa94-04c1-424b-9868-57a2d4851a1d" relativeResultsDirectory="2a4315c2-4066-4e94-980f-68c1a58e4659" />
    <UnitTestResult executionId="e83950b8-67d1-461a-a3c8-0e4c64d072d4" testId="70b712f1-924e-8712-a0fe-8efa050afe1d" testName="ClickUp.Api.Client.Tests.ServiceTests.FoldersServiceTests.GetFoldersAsync_ValidSpaceId_BuildsCorrectUrlAndReturnsFolders" computerName="devbox" duration="00:00:00.0057964" startTime="2025-06-23T16:17:45.9787982+00:00" endTime="2025-06-23T16:17:45.9787983+00:00" testType="13cdc9d9-ddb5-4fa4-a97d-d965ccfc6d4b" outcome="Passed" testListId="8c84fa94-04c1-424b-9868-57a2d4851a1d" relativeResultsDirectory="e83950b8-67d1-461a-a3c8-0e4c64d072d4" />
    <UnitTestResult executionId="45b09ad1-0b4e-43d1-b5ca-94660d654aa5" testId="99f9eaa0-a090-1f7c-a3f5-4863ab613546" testName="ClickUp.Api.Client.Tests.ServiceTests.ListsServiceTests.GetFolderlessListsAsyncEnumerableAsync_HandlesCancellation" computerName="devbox" duration="00:00:00.3431042" startTime="2025-06-23T16:17:46.4970765+00:00" endTime="2025-06-23T16:17:46.4970766+00:00" testType="13cdc9d9-ddb5-4fa4-a97d-d965ccfc6d4b" outcome="Failed" testListId="8c84fa94-04c1-424b-9868-57a2d4851a1d" relativeResultsDirectory="45b09ad1-0b4e-43d1-b5ca-94660d654aa5">
      <Output>
        <ErrorInfo>
          <Message>Assert.Throws() Failure: No exception was thrown
Expected: typeof(System.OperationCanceledException)</Message>
          <StackTrace>   at ClickUp.Api.Client.Tests.ServiceTests.ListsServiceTests.GetFolderlessListsAsyncEnumerableAsync_HandlesCancellation() in /app/src/ClickUp.Api.Client.Tests/ServiceTests/ListsServiceTests.cs:line 1322
--- End of stack trace from previous location ---</StackTrace>
        </ErrorInfo>
      </Output>
    </UnitTestResult>
    <UnitTestResult executionId="50b34015-3555-473f-9c04-7b8f548a1b5c" testId="2e95a326-74b5-4f58-e36a-1771072878b5" testName="ClickUp.Api.Client.Tests.ServiceTests.ChatServiceTests.DeleteChatReactionAsync_ValidRequest_CallsDelete" computerName="devbox" duration="00:00:00.0039371" startTime="2025-06-23T16:17:45.6335763+00:00" endTime="2025-06-23T16:17:45.6335764+00:00" testType="13cdc9d9-ddb5-4fa4-a97d-d965ccfc6d4b" outcome="Passed" testListId="8c84fa94-04c1-424b-9868-57a2d4851a1d" relativeResultsDirectory="50b34015-3555-473f-9c04-7b8f548a1b5c" />
    <UnitTestResult executionId="7ca9750b-c225-4f37-adc6-0f6d5f59d3cd" testId="f43d8311-52c5-88a5-eb88-eb05365dad8b" testName="ClickUp.Api.Client.Tests.ServiceTests.GuestsServiceTests.RemoveGuestFromListAsync_ApiError_ThrowsHttpRequestException" computerName="devbox" duration="00:00:00.0030653" startTime="2025-06-23T16:17:45.5972099+00:00" endTime="2025-06-23T16:17:45.5972101+00:00" testType="13cdc9d9-ddb5-4fa4-a97d-d965ccfc6d4b" outcome="Passed" testListId="8c84fa94-04c1-424b-9868-57a2d4851a1d" relativeResultsDirectory="7ca9750b-c225-4f37-adc6-0f6d5f59d3cd" />
    <UnitTestResult executionId="0cdc1206-d106-4af6-ba87-ba2628a6ded5" testId="d6dc7060-8317-5826-203f-fe37bff9af1d" testName="ClickUp.Api.Client.Tests.ServiceTests.TimeTrackingServiceTests.GetTimeEntriesAsync_ApiConnectionThrowsTaskCanceledException_PropagatesException" computerName="devbox" duration="00:00:00.0014444" startTime="2025-06-23T16:17:46.6760606+00:00" endTime="2025-06-23T16:17:46.6760608+00:00" testType="13cdc9d9-ddb5-4fa4-a97d-d965ccfc6d4b" outcome="Passed" testListId="8c84fa94-04c1-424b-9868-57a2d4851a1d" relativeResultsDirectory="0cdc1206-d106-4af6-ba87-ba2628a6ded5" />
    <UnitTestResult executionId="94d455c2-1738-4b34-a4b9-e1a3dee3d506" testId="f302c799-649b-b0ee-3afd-503e7e99c985" testName="ClickUp.Api.Client.Tests.ServiceTests.TimeTrackingServiceTests.GetTimeEntryHistoryAsync_ApiReturnsResponseWithNullHistory_ReturnsEmptyEnumerable" computerName="devbox" duration="00:00:00.0016961" startTime="2025-06-23T16:17:46.5936429+00:00" endTime="2025-06-23T16:17:46.5936430+00:00" testType="13cdc9d9-ddb5-4fa4-a97d-d965ccfc6d4b" outcome="Passed" testListId="8c84fa94-04c1-424b-9868-57a2d4851a1d" relativeResultsDirectory="94d455c2-1738-4b34-a4b9-e1a3dee3d506" />
    <UnitTestResult executionId="d1a78c33-61ee-45c1-b89d-be604e7b58c4" testId="3b396c1e-d5f9-0397-57da-c38e0ac367e8" testName="ClickUp.Api.Client.Tests.ServiceTests.DocsServiceTests.EditPageAsync_ApiError_ThrowsHttpRequestException" computerName="devbox" duration="00:00:00.0027142" startTime="2025-06-23T16:17:45.4708032+00:00" endTime="2025-06-23T16:17:45.4708033+00:00" testType="13cdc9d9-ddb5-4fa4-a97d-d965ccfc6d4b" outcome="Passed" testListId="8c84fa94-04c1-424b-9868-57a2d4851a1d" relativeResultsDirectory="d1a78c33-61ee-45c1-b89d-be604e7b58c4" />
    <UnitTestResult executionId="613eef9e-68b4-43b5-af68-9000e6ea15e5" testId="cacfee87-a06a-0e6a-2bd1-b27fa68ce9eb" testName="ClickUp.Api.Client.Tests.ServiceTests.GuestsServiceTests.EditGuestOnWorkspaceAsync_ApiConnectionThrowsTaskCanceledException_PropagatesException" computerName="devbox" duration="00:00:00.0028324" startTime="2025-06-23T16:17:45.5172636+00:00" endTime="2025-06-23T16:17:45.5172637+00:00" testType="13cdc9d9-ddb5-4fa4-a97d-d965ccfc6d4b" outcome="Passed" testListId="8c84fa94-04c1-424b-9868-57a2d4851a1d" relativeResultsDirectory="613eef9e-68b4-43b5-af68-9000e6ea15e5" />
    <UnitTestResult executionId="fd309e1e-547b-4892-91ea-2754109b5a8d" testId="2f5df4c7-efcc-17fd-a190-a85554d096c7" testName="ClickUp.Api.Client.Tests.ServiceTests.ChatServiceTests.GetChatChannelAsync_ApiError_ThrowsHttpRequestException" computerName="devbox" duration="00:00:00.0030095" startTime="2025-06-23T16:17:45.6047993+00:00" endTime="2025-06-23T16:17:45.6047995+00:00" testType="13cdc9d9-ddb5-4fa4-a97d-d965ccfc6d4b" outcome="Passed" testListId="8c84fa94-04c1-424b-9868-57a2d4851a1d" relativeResultsDirectory="fd309e1e-547b-4892-91ea-2754109b5a8d" />
    <UnitTestResult executionId="97489f5d-0622-43b7-899f-ca870b5760c6" testId="3cc41e1c-f137-34d9-9951-3176ae70469a" testName="ClickUp.Api.Client.Tests.ServiceTests.WebhooksServiceTests.CreateWebhookAsync_PassesCancellationTokenToApiConnection" computerName="devbox" duration="00:00:00.0081587" startTime="2025-06-23T16:17:46.4742728+00:00" endTime="2025-06-23T16:17:46.4742729+00:00" testType="13cdc9d9-ddb5-4fa4-a97d-d965ccfc6d4b" outcome="Passed" testListId="8c84fa94-04c1-424b-9868-57a2d4851a1d" relativeResultsDirectory="97489f5d-0622-43b7-899f-ca870b5760c6" />
    <UnitTestResult executionId="8d62f583-b161-431d-9ec9-3dcffad404d2" testId="bae66f04-674d-5778-f225-eefd270ffbe9" testName="ClickUp.Api.Client.Tests.ServiceTests.GuestsServiceTests.AddGuestToTaskAsync_NullResponseData_ThrowsInvalidOperationException" computerName="devbox" duration="00:00:00.0035173" startTime="2025-06-23T16:17:45.4364666+00:00" endTime="2025-06-23T16:17:45.4364667+00:00" testType="13cdc9d9-ddb5-4fa4-a97d-d965ccfc6d4b" outcome="Passed" testListId="8c84fa94-04c1-424b-9868-57a2d4851a1d" relativeResultsDirectory="8d62f583-b161-431d-9ec9-3dcffad404d2" />
    <UnitTestResult executionId="6d098a40-9ad4-4559-a924-032c9e859be9" testId="7f2545cd-23f8-0aee-870c-ff6019724a7c" testName="ClickUp.Api.Client.Tests.ServiceTests.WebhooksServiceTests.GetWebhooksAsync_ApiConnectionThrowsHttpRequestException_PropagatesException" computerName="devbox" duration="00:00:00.0039851" startTime="2025-06-23T16:17:46.3669241+00:00" endTime="2025-06-23T16:17:46.3669241+00:00" testType="13cdc9d9-ddb5-4fa4-a97d-d965ccfc6d4b" outcome="Passed" testListId="8c84fa94-04c1-424b-9868-57a2d4851a1d" relativeResultsDirectory="6d098a40-9ad4-4559-a924-032c9e859be9" />
    <UnitTestResult executionId="c39e79da-ad3e-4ce1-8fb3-e2bd8f593f2f" testId="9acac3b6-59ed-baed-27c4-81256cf3e2b7" testName="ClickUp.Api.Client.Tests.ServiceTests.DocsServiceTests.CreateDocAsync_ApiError_ThrowsHttpRequestException" computerName="devbox" duration="00:00:00.0024765" startTime="2025-06-23T16:17:45.5901649+00:00" endTime="2025-06-23T16:17:45.5901650+00:00" testType="13cdc9d9-ddb5-4fa4-a97d-d965ccfc6d4b" outcome="Passed" testListId="8c84fa94-04c1-424b-9868-57a2d4851a1d" relativeResultsDirectory="c39e79da-ad3e-4ce1-8fb3-e2bd8f593f2f" />
    <UnitTestResult executionId="7626335f-0d65-4d2a-91f6-fced62fbd3c9" testId="3dade232-cdca-928f-6336-c86b6cc60ce7" testName="ClickUp.Api.Client.Tests.ServiceTests.TaskChecklistsServiceTests.CreateChecklistItemAsync_ApiConnectionThrowsHttpRequestException_PropagatesException" computerName="devbox" duration="00:00:00.0032869" startTime="2025-06-23T16:17:46.0601185+00:00" endTime="2025-06-23T16:17:46.0601185+00:00" testType="13cdc9d9-ddb5-4fa4-a97d-d965ccfc6d4b" outcome="Passed" testListId="8c84fa94-04c1-424b-9868-57a2d4851a1d" relativeResultsDirectory="7626335f-0d65-4d2a-91f6-fced62fbd3c9" />
    <UnitTestResult executionId="732e9af3-ae89-4f4d-826a-25de8b688422" testId="716555af-e165-d95b-b1b2-db5a93b55899" testName="ClickUp.Api.Client.Tests.ServiceTests.ChatServiceTests.DeleteChatChannelAsync_ApiConnectionThrowsTaskCanceledException_PropagatesException" computerName="devbox" duration="00:00:00.0065061" startTime="2025-06-23T16:17:45.3033617+00:00" endTime="2025-06-23T16:17:45.3033618+00:00" testType="13cdc9d9-ddb5-4fa4-a97d-d965ccfc6d4b" outcome="Passed" testListId="8c84fa94-04c1-424b-9868-57a2d4851a1d" relativeResultsDirectory="732e9af3-ae89-4f4d-826a-25de8b688422" />
    <UnitTestResult executionId="c8762ec6-e8db-43e7-b0ec-58eb6ef68d88" testId="ea9488c9-11bc-5c71-e6cc-7c27d8788554" testName="ClickUp.Api.Client.Tests.ServiceTests.TaskChecklistsServiceTests.CreateChecklistAsync_ApiReturnsNullResponse_ThrowsInvalidOperationException" computerName="devbox" duration="00:00:00.0062787" startTime="2025-06-23T16:17:45.9598772+00:00" endTime="2025-06-23T16:17:45.9598774+00:00" testType="13cdc9d9-ddb5-4fa4-a97d-d965ccfc6d4b" outcome="Passed" testListId="8c84fa94-04c1-424b-9868-57a2d4851a1d" relativeResultsDirectory="c8762ec6-e8db-43e7-b0ec-58eb6ef68d88" />
    <UnitTestResult executionId="052d10e1-2a22-4271-bed0-3b3592f89450" testId="d54acfad-117b-dd2a-e0a9-e4f44eefcede" testName="ClickUp.Api.Client.Tests.ServiceTests.TaskChecklistsServiceTests.CreateChecklistAsync_WithCustomTaskIdsAndTeamId_BuildsCorrectUrl" computerName="devbox" duration="00:00:00.0136328" startTime="2025-06-23T16:17:45.9788603+00:00" endTime="2025-06-23T16:17:45.9788604+00:00" testType="13cdc9d9-ddb5-4fa4-a97d-d965ccfc6d4b" outcome="Passed" testListId="8c84fa94-04c1-424b-9868-57a2d4851a1d" relativeResultsDirectory="052d10e1-2a22-4271-bed0-3b3592f89450" />
    <UnitTestResult executionId="0f73554f-c7d2-4ecc-8ba9-958084399a04" testId="1db83022-6f26-bfac-dd11-eaf0b6a29704" testName="ClickUp.Api.Client.Tests.ServiceTests.TaskChecklistsServiceTests.EditChecklistItemAsync_PassesCancellationTokenToApiConnection" computerName="devbox" duration="00:00:00.0152875" startTime="2025-06-23T16:17:46.0599064+00:00" endTime="2025-06-23T16:17:46.0599065+00:00" testType="13cdc9d9-ddb5-4fa4-a97d-d965ccfc6d4b" outcome="Passed" testListId="8c84fa94-04c1-424b-9868-57a2d4851a1d" relativeResultsDirectory="0f73554f-c7d2-4ecc-8ba9-958084399a04" />
    <UnitTestResult executionId="119d462d-2c58-49fc-8d8e-bdf249f942ad" testId="ccf79253-a57c-36f1-e922-c20571fa8b5f" testName="ClickUp.Api.Client.Tests.ServiceTests.DocsServiceTests.EditPageAsync_ValidRequest_CallsPutAsync" computerName="devbox" duration="00:00:00.0054453" startTime="2025-06-23T16:17:45.5112826+00:00" endTime="2025-06-23T16:17:45.5112827+00:00" testType="13cdc9d9-ddb5-4fa4-a97d-d965ccfc6d4b" outcome="Passed" testListId="8c84fa94-04c1-424b-9868-57a2d4851a1d" relativeResultsDirectory="119d462d-2c58-49fc-8d8e-bdf249f942ad" />
    <UnitTestResult executionId="3fcec280-20fb-4e37-9cbd-3ccab4ec30c8" testId="65cb382b-a4f2-1d56-687f-d77636e84c28" testName="ClickUp.Api.Client.Tests.ServiceTests.ViewsServiceTests.GetSpaceViewsAsync_ApiReturnsResponseWithNullViews_ServiceInitializesToEmptyList" computerName="devbox" duration="00:00:00.0076598" startTime="2025-06-23T16:17:45.2764545+00:00" endTime="2025-06-23T16:17:45.2764546+00:00" testType="13cdc9d9-ddb5-4fa4-a97d-d965ccfc6d4b" outcome="Passed" testListId="8c84fa94-04c1-424b-9868-57a2d4851a1d" relativeResultsDirectory="3fcec280-20fb-4e37-9cbd-3ccab4ec30c8" />
    <UnitTestResult executionId="30eddc77-bbd3-4675-b334-ccf02ba943cf" testId="b4439e05-a4aa-b998-a3b8-3b5334aa4ab1" testName="ClickUp.Api.Client.Tests.ServiceTests.DocsServiceTests.CreatePageAsync_PassesCancellationTokenToApiConnection" computerName="devbox" duration="00:00:00.0061066" startTime="2025-06-23T16:17:45.4897098+00:00" endTime="2025-06-23T16:17:45.4897099+00:00" testType="13cdc9d9-ddb5-4fa4-a97d-d965ccfc6d4b" outcome="Passed" testListId="8c84fa94-04c1-424b-9868-57a2d4851a1d" relativeResultsDirectory="30eddc77-bbd3-4675-b334-ccf02ba943cf" />
    <UnitTestResult executionId="6d522786-db7d-4e80-a131-1058c196cd63" testId="84a0fe9e-88a9-b519-abce-44607ed3d60b" testName="ClickUp.Api.Client.Tests.ServiceTests.GuestsServiceTests.RemoveGuestFromTaskAsync_ValidRequest_CallsDeleteAndReturnsGuest" computerName="devbox" duration="00:00:00.0036331" startTime="2025-06-23T16:17:45.5734013+00:00" endTime="2025-06-23T16:17:45.5734014+00:00" testType="13cdc9d9-ddb5-4fa4-a97d-d965ccfc6d4b" outcome="Passed" testListId="8c84fa94-04c1-424b-9868-57a2d4851a1d" relativeResultsDirectory="6d522786-db7d-4e80-a131-1058c196cd63" />
    <UnitTestResult executionId="9a81ff77-6ac0-41d3-becc-b67ad3dcbafd" testId="0a3229f1-ee45-0b1e-b03c-b61586bbf7b1" testName="ClickUp.Api.Client.Tests.ServiceTests.ViewsServiceTests.GetViewAsync_ValidViewId_ReturnsView" computerName="devbox" duration="00:00:00.0106239" startTime="2025-06-23T16:17:45.2459834+00:00" endTime="2025-06-23T16:17:45.2459834+00:00" testType="13cdc9d9-ddb5-4fa4-a97d-d965ccfc6d4b" outcome="Passed" testListId="8c84fa94-04c1-424b-9868-57a2d4851a1d" relativeResultsDirectory="9a81ff77-6ac0-41d3-becc-b67ad3dcbafd" />
    <UnitTestResult executionId="856504a1-1191-4f84-8599-d5b5db557e13" testId="734e0fc6-fbea-71d0-23d0-faf15d6e2fac" testName="ClickUp.Api.Client.Tests.ServiceTests.ViewsServiceTests.GetViewTasksAsync_ApiReturnsNull_ThrowsInvalidOperationException" computerName="devbox" duration="00:00:00.0023298" startTime="2025-06-23T16:17:45.2453208+00:00" endTime="2025-06-23T16:17:45.2453209+00:00" testType="13cdc9d9-ddb5-4fa4-a97d-d965ccfc6d4b" outcome="Passed" testListId="8c84fa94-04c1-424b-9868-57a2d4851a1d" relativeResultsDirectory="856504a1-1191-4f84-8599-d5b5db557e13" />
    <UnitTestResult executionId="6ca75b81-11e8-4130-9bbf-24b3d50a6727" testId="e014c4e5-e405-d77f-a0c8-5bc189ef8f1a" testName="ClickUp.Api.Client.Tests.ServiceTests.UserGroupServiceTests.CreateUserGroupAsync_PassesCancellationTokenToApiConnection" computerName="devbox" duration="00:00:00.0123806" startTime="2025-06-23T16:17:46.2346906+00:00" endTime="2025-06-23T16:17:46.2346907+00:00" testType="13cdc9d9-ddb5-4fa4-a97d-d965ccfc6d4b" outcome="Passed" testListId="8c84fa94-04c1-424b-9868-57a2d4851a1d" relativeResultsDirectory="6ca75b81-11e8-4130-9bbf-24b3d50a6727" />
    <UnitTestResult executionId="55466ccb-89bf-445a-b603-f984882b8acd" testId="37b34059-0f65-9a6f-04ed-b65ab163cd9e" testName="ClickUp.Api.Client.Tests.ServiceTests.ChatServiceTests.CreateLocationChatChannelAsync_ValidRequest_CallsPostAndReturnsChannel" computerName="devbox" duration="00:00:00.0050839" startTime="2025-06-23T16:17:45.6925285+00:00" endTime="2025-06-23T16:17:45.6925286+00:00" testType="13cdc9d9-ddb5-4fa4-a97d-d965ccfc6d4b" outcome="Passed" testListId="8c84fa94-04c1-424b-9868-57a2d4851a1d" relativeResultsDirectory="55466ccb-89bf-445a-b603-f984882b8acd" />
    <UnitTestResult executionId="85b147b0-47fb-4376-b77f-a499b5267e14" testId="84062fa8-9f95-3ee2-8d8a-899204450a85" testName="ClickUp.Api.Client.Tests.ServiceTests.ChatServiceTests.DeleteChatReactionAsync_ApiError_ThrowsHttpRequestException" computerName="devbox" duration="00:00:00.0017157" startTime="2025-06-23T16:17:45.6287814+00:00" endTime="2025-06-23T16:17:45.6287815+00:00" testType="13cdc9d9-ddb5-4fa4-a97d-d965ccfc6d4b" outcome="Passed" testListId="8c84fa94-04c1-424b-9868-57a2d4851a1d" relativeResultsDirectory="85b147b0-47fb-4376-b77f-a499b5267e14" />
    <UnitTestResult executionId="e29d988d-d37d-4006-8ee9-38c73a605a1a" testId="145ef69e-0c68-7865-489b-334a0ea4afb1" testName="ClickUp.Api.Client.Tests.ServiceTests.GoalsServiceTests.GetGoalsAsync_PassesCancellationTokenToApiConnection" computerName="devbox" duration="00:00:00.0065143" startTime="2025-06-23T16:17:46.2712988+00:00" endTime="2025-06-23T16:17:46.2712989+00:00" testType="13cdc9d9-ddb5-4fa4-a97d-d965ccfc6d4b" outcome="Passed" testListId="8c84fa94-04c1-424b-9868-57a2d4851a1d" relativeResultsDirectory="e29d988d-d37d-4006-8ee9-38c73a605a1a" />
    <UnitTestResult executionId="f9b24aad-be0d-44ce-8ebb-fdb52c8279c9" testId="3223a4af-d51d-dddf-a4c7-507562a03439" testName="ClickUp.Api.Client.Tests.ServiceTests.TimeTrackingServiceTests.RemoveTagsFromTimeEntriesAsync_PassesCancellationTokenToApiConnection" computerName="devbox" duration="00:00:00.0039104" startTime="2025-06-23T16:17:46.6453372+00:00" endTime="2025-06-23T16:17:46.6453373+00:00" testType="13cdc9d9-ddb5-4fa4-a97d-d965ccfc6d4b" outcome="Passed" testListId="8c84fa94-04c1-424b-9868-57a2d4851a1d" relativeResultsDirectory="f9b24aad-be0d-44ce-8ebb-fdb52c8279c9" />
    <UnitTestResult executionId="1a0bc655-ad74-4ec4-abbc-9683f5555eb5" testId="3adb9e95-bf7d-fce9-582e-4589918c8651" testName="ClickUp.Api.Client.Tests.ServiceTests.AuthorizationServiceTests.GetAuthorizedUserAsync_ApiConnectionThrowsTaskCanceledException_PropagatesException" computerName="devbox" duration="00:00:00.0024220" startTime="2025-06-23T16:17:45.2429389+00:00" endTime="2025-06-23T16:17:45.2429390+00:00" testType="13cdc9d9-ddb5-4fa4-a97d-d965ccfc6d4b" outcome="Passed" testListId="8c84fa94-04c1-424b-9868-57a2d4851a1d" relativeResultsDirectory="1a0bc655-ad74-4ec4-abbc-9683f5555eb5" />
    <UnitTestResult executionId="feff8867-a216-49ce-8116-78775455493c" testId="613be7f4-a7a7-5395-df61-0abb70eb195e" testName="ClickUp.Api.Client.Tests.ServiceTests.AttachmentsServiceTests.CreateTaskAttachmentAsync_ApiConnectionThrowsException_PropagatesException" computerName="devbox" duration="00:00:00.0022498" startTime="2025-06-23T16:17:46.1431209+00:00" endTime="2025-06-23T16:17:46.1431210+00:00" testType="13cdc9d9-ddb5-4fa4-a97d-d965ccfc6d4b" outcome="Passed" testListId="8c84fa94-04c1-424b-9868-57a2d4851a1d" relativeResultsDirectory="feff8867-a216-49ce-8116-78775455493c" />
    <UnitTestResult executionId="37f3132c-ae79-4155-9e1b-e68a5d84c774" testId="d07b686e-9adb-252d-f865-90dbc810765e" testName="ClickUp.Api.Client.Tests.ServiceTests.TaskChecklistsServiceTests.EditChecklistItemAsync_ApiConnectionThrowsTaskCanceledException_PropagatesException" computerName="devbox" duration="00:00:00.0147321" startTime="2025-06-23T16:17:45.9133393+00:00" endTime="2025-06-23T16:17:45.9133394+00:00" testType="13cdc9d9-ddb5-4fa4-a97d-d965ccfc6d4b" outcome="Passed" testListId="8c84fa94-04c1-424b-9868-57a2d4851a1d" relativeResultsDirectory="37f3132c-ae79-4155-9e1b-e68a5d84c774" />
    <UnitTestResult executionId="5fa92fbe-e46c-43bb-bc1c-551cbaee3684" testId="d1f76e23-8059-620d-d855-759c9dc84cc1" testName="ClickUp.Api.Client.Tests.ServiceTests.CommentServiceTests.GetChatViewCommentsStreamAsync_IAsyncEnumerable_ReturnsEmpty_WhenNoComments" computerName="devbox" duration="00:00:00.0148672" startTime="2025-06-23T16:17:45.8733477+00:00" endTime="2025-06-23T16:17:45.8733478+00:00" testType="13cdc9d9-ddb5-4fa4-a97d-d965ccfc6d4b" outcome="Passed" testListId="8c84fa94-04c1-424b-9868-57a2d4851a1d" relativeResultsDirectory="5fa92fbe-e46c-43bb-bc1c-551cbaee3684" />
    <UnitTestResult executionId="c8f094e8-dd99-4fe6-9e8d-7977a00dc654" testId="90fee545-1ff9-6e18-2957-a831277bd463" testName="ClickUp.Api.Client.Tests.ServiceTests.TimeTrackingServiceTests.StartTimeEntryAsync_PassesCancellationTokenToApiConnection" computerName="devbox" duration="00:00:00.0095406" startTime="2025-06-23T16:17:46.4408565+00:00" endTime="2025-06-23T16:17:46.4408566+00:00" testType="13cdc9d9-ddb5-4fa4-a97d-d965ccfc6d4b" outcome="Passed" testListId="8c84fa94-04c1-424b-9868-57a2d4851a1d" relativeResultsDirectory="c8f094e8-dd99-4fe6-9e8d-7977a00dc654" />
    <UnitTestResult executionId="afff6f31-3d34-4eef-b7ba-48345e44927c" testId="54c9c409-338d-3da7-1143-c8338dceb6cf" testName="ClickUp.Api.Client.Tests.ServiceTests.GuestsServiceTests.InviteGuestToWorkspaceAsync_NullResponse_ThrowsInvalidOperationException" computerName="devbox" duration="00:00:00.0033768" startTime="2025-06-23T16:17:45.5245276+00:00" endTime="2025-06-23T16:17:45.5245276+00:00" testType="13cdc9d9-ddb5-4fa4-a97d-d965ccfc6d4b" outcome="Passed" testListId="8c84fa94-04c1-424b-9868-57a2d4851a1d" relativeResultsDirectory="afff6f31-3d34-4eef-b7ba-48345e44927c" />
    <UnitTestResult executionId="903eaa68-b43f-4ec5-b1c8-3eef504ec60c" testId="f61e67de-82a5-a96b-6915-0c05afd4c5fb" testName="ClickUp.Api.Client.Tests.ServiceTests.TaskChecklistsServiceTests.CreateChecklistAsync_ApiReturnsResponseWithNullChecklist_ThrowsInvalidOperationException" computerName="devbox" duration="00:00:00.0085054" startTime="2025-06-23T16:17:45.9457305+00:00" endTime="2025-06-23T16:17:45.9457306+00:00" testType="13cdc9d9-ddb5-4fa4-a97d-d965ccfc6d4b" outcome="Passed" testListId="8c84fa94-04c1-424b-9868-57a2d4851a1d" relativeResultsDirectory="903eaa68-b43f-4ec5-b1c8-3eef504ec60c" />
    <UnitTestResult executionId="226f4313-7b9a-471c-9b48-3c64dfd5aae1" testId="7b5c7cae-2505-a196-c16b-d8cf3f95f4df" testName="ClickUp.Api.Client.Tests.ServiceTests.ChatServiceTests.CreateChatChannelAsync_NullDataInResponse_ThrowsInvalidOperationException" computerName="devbox" duration="00:00:00.0028951" startTime="2025-06-23T16:17:45.5848812+00:00" endTime="2025-06-23T16:17:45.5848812+00:00" testType="13cdc9d9-ddb5-4fa4-a97d-d965ccfc6d4b" outcome="Passed" testListId="8c84fa94-04c1-424b-9868-57a2d4851a1d" relativeResultsDirectory="226f4313-7b9a-471c-9b48-3c64dfd5aae1" />
    <UnitTestResult executionId="1c7c7257-d69d-4894-9e70-73e9f3a499d8" testId="8df66596-2fbf-8e84-1c90-b51fc4118a95" testName="ClickUp.Api.Client.Tests.ServiceTests.DocsServiceTests.GetDocPageListingAsync_NullResponse_ReturnsEmptyEnumerable" computerName="devbox" duration="00:00:00.0026432" startTime="2025-06-23T16:17:45.4782627+00:00" endTime="2025-06-23T16:17:45.4782628+00:00" testType="13cdc9d9-ddb5-4fa4-a97d-d965ccfc6d4b" outcome="Passed" testListId="8c84fa94-04c1-424b-9868-57a2d4851a1d" relativeResultsDirectory="1c7c7257-d69d-4894-9e70-73e9f3a499d8" />
    <UnitTestResult executionId="84e6fffa-50fa-4ed0-9151-a58a4018dad1" testId="e4cf8b68-6be1-c844-c90f-3cfa2745ffe1" testName="ClickUp.Api.Client.Tests.ServiceTests.WebhooksServiceTests.UpdateWebhookAsync_ApiReturnsNullResponse_ThrowsInvalidOperationException" computerName="devbox" duration="00:00:00.0090224" startTime="2025-06-23T16:17:46.4015750+00:00" endTime="2025-06-23T16:17:46.4015751+00:00" testType="13cdc9d9-ddb5-4fa4-a97d-d965ccfc6d4b" outcome="Passed" testListId="8c84fa94-04c1-424b-9868-57a2d4851a1d" relativeResultsDirectory="84e6fffa-50fa-4ed0-9151-a58a4018dad1" />
    <UnitTestResult executionId="07fd46c8-0904-479e-826f-a17167200b80" testId="706d4ec4-0adc-57c9-3071-10e90fc0f70f" testName="ClickUp.Api.Client.Tests.ServiceTests.GoalsServiceTests.GetGoalsAsync_IncludeCompletedNull_BuildsCorrectUrl" computerName="devbox" duration="00:00:00.0027011" startTime="2025-06-23T16:17:46.2952162+00:00" endTime="2025-06-23T16:17:46.2952163+00:00" testType="13cdc9d9-ddb5-4fa4-a97d-d965ccfc6d4b" outcome="Passed" testListId="8c84fa94-04c1-424b-9868-57a2d4851a1d" relativeResultsDirectory="07fd46c8-0904-479e-826f-a17167200b80" />
    <UnitTestResult executionId="ea4ca9b9-d394-41bf-ac88-2b3e2ac8a80f" testId="455d373c-0768-e4b9-a7a0-973113e32cb6" testName="ClickUp.Api.Client.Tests.ServiceTests.TaskServiceTests.GetTaskAsync_PassesCancellationTokenToApiConnection" computerName="devbox" duration="00:00:00.0062308" startTime="2025-06-23T16:17:45.8381701+00:00" endTime="2025-06-23T16:17:45.8381702+00:00" testType="13cdc9d9-ddb5-4fa4-a97d-d965ccfc6d4b" outcome="Passed" testListId="8c84fa94-04c1-424b-9868-57a2d4851a1d" relativeResultsDirectory="ea4ca9b9-d394-41bf-ac88-2b3e2ac8a80f" />
    <UnitTestResult executionId="1cd1b6e4-f405-4c9c-8452-bffee630e908" testId="88118fa7-58f0-56eb-6e17-4a676b37d466" testName="ClickUp.Api.Client.Tests.ServiceTests.TaskRelationshipsServiceTests.AddDependencyAsync_NeitherDependsOnNorDependencyOf_ThrowsArgumentException" computerName="devbox" duration="00:00:00.0055193" startTime="2025-06-23T16:17:45.3203962+00:00" endTime="2025-06-23T16:17:45.3203963+00:00" testType="13cdc9d9-ddb5-4fa4-a97d-d965ccfc6d4b" outcome="Passed" testListId="8c84fa94-04c1-424b-9868-57a2d4851a1d" relativeResultsDirectory="1cd1b6e4-f405-4c9c-8452-bffee630e908" />
    <UnitTestResult executionId="00f0dd0e-6703-4133-a3f6-3dba40c79ab1" testId="5029c3b5-d588-cd35-ac8d-8e98a6748ee3" testName="ClickUp.Api.Client.Tests.ServiceTests.UserGroupServiceTests.CreateUserGroupAsync_ValidRequest_ReturnsUserGroup" computerName="devbox" duration="00:00:00.0278388" startTime="2025-06-23T16:17:46.2073574+00:00" endTime="2025-06-23T16:17:46.2073579+00:00" testType="13cdc9d9-ddb5-4fa4-a97d-d965ccfc6d4b" outcome="Passed" testListId="8c84fa94-04c1-424b-9868-57a2d4851a1d" relativeResultsDirectory="00f0dd0e-6703-4133-a3f6-3dba40c79ab1" />
    <UnitTestResult executionId="268d7145-98d8-4643-a6ce-7b705cba0b08" testId="95228d50-b047-35cb-0adc-aa268423bfc6" testName="ClickUp.Api.Client.Tests.ServiceTests.TaskChecklistsServiceTests.CreateChecklistAsync_ValidRequest_ReturnsChecklistResponse" computerName="devbox" duration="00:00:00.0093607" startTime="2025-06-23T16:17:46.0890059+00:00" endTime="2025-06-23T16:17:46.0890061+00:00" testType="13cdc9d9-ddb5-4fa4-a97d-d965ccfc6d4b" outcome="Passed" testListId="8c84fa94-04c1-424b-9868-57a2d4851a1d" relativeResultsDirectory="268d7145-98d8-4643-a6ce-7b705cba0b08" />
    <UnitTestResult executionId="b6077754-3b1b-481f-9f54-f715b61d7923" testId="42cf65ee-3bf6-187f-b4bd-5ecca3afb806" testName="ClickUp.Api.Client.Tests.ServiceTests.CommentServiceTests.CreateThreadedCommentAsync_PassesCancellationTokenToApiConnection" computerName="devbox" duration="00:00:00.0123021" startTime="2025-06-23T16:17:45.9429858+00:00" endTime="2025-06-23T16:17:45.9429859+00:00" testType="13cdc9d9-ddb5-4fa4-a97d-d965ccfc6d4b" outcome="Passed" testListId="8c84fa94-04c1-424b-9868-57a2d4851a1d" relativeResultsDirectory="b6077754-3b1b-481f-9f54-f715b61d7923" />
    <UnitTestResult executionId="e5b87f86-3687-43aa-9901-f83138dc8375" testId="beacfd38-f6f3-6d05-0ca0-2c0310bf64de" testName="ClickUp.Api.Client.Tests.ServiceTests.TimeTrackingServiceTests.UpdateTimeEntryAsync_PassesCancellationTokenToApiConnection" computerName="devbox" duration="00:00:00.0126122" startTime="2025-06-23T16:17:46.2698722+00:00" endTime="2025-06-23T16:17:46.2698723+00:00" testType="13cdc9d9-ddb5-4fa4-a97d-d965ccfc6d4b" outcome="Passed" testListId="8c84fa94-04c1-424b-9868-57a2d4851a1d" relativeResultsDirectory="e5b87f86-3687-43aa-9901-f83138dc8375" />
    <UnitTestResult executionId="04c8d9ea-3300-49c9-abf7-bf727337d732" testId="77455564-3a69-726a-b534-8465919fcf2b" testName="ClickUp.Api.Client.Tests.ServiceTests.TaskServiceTests.GetFilteredTeamTasksAsyncEnumerable_ReturnsEmpty_WhenNoTasks" computerName="devbox" duration="00:00:00.0052514" startTime="2025-06-23T16:17:45.7350659+00:00" endTime="2025-06-23T16:17:45.7350662+00:00" testType="13cdc9d9-ddb5-4fa4-a97d-d965ccfc6d4b" outcome="Passed" testListId="8c84fa94-04c1-424b-9868-57a2d4851a1d" relativeResultsDirectory="04c8d9ea-3300-49c9-abf7-bf727337d732" />
    <UnitTestResult executionId="ceb587c7-94c3-4715-9f5b-cb2893cfff99" testId="8d925765-e431-d05b-4316-c8628381eee3" testName="ClickUp.Api.Client.Tests.ServiceTests.FoldersServiceTests.UpdateFolderAsync_ApiError_ThrowsHttpRequestException" computerName="devbox" duration="00:00:00.0030661" startTime="2025-06-23T16:17:46.0590936+00:00" endTime="2025-06-23T16:17:46.0590937+00:00" testType="13cdc9d9-ddb5-4fa4-a97d-d965ccfc6d4b" outcome="Passed" testListId="8c84fa94-04c1-424b-9868-57a2d4851a1d" relativeResultsDirectory="ceb587c7-94c3-4715-9f5b-cb2893cfff99" />
    <UnitTestResult executionId="6817fcf3-bcf5-4a93-a4a0-0e681cc20dc2" testId="111b5745-dc75-6f3d-aaee-96747b4d798f" testName="ClickUp.Api.Client.Tests.ServiceTests.CustomFieldsServiceTests.GetFolderCustomFieldsAsync_ApiError_ThrowsHttpRequestException" computerName="devbox" duration="00:00:00.0034823" startTime="2025-06-23T16:17:45.2500090+00:00" endTime="2025-06-23T16:17:45.2500091+00:00" testType="13cdc9d9-ddb5-4fa4-a97d-d965ccfc6d4b" outcome="Passed" testListId="8c84fa94-04c1-424b-9868-57a2d4851a1d" relativeResultsDirectory="6817fcf3-bcf5-4a93-a4a0-0e681cc20dc2" />
    <UnitTestResult executionId="da9712b4-ed05-4c21-89f9-95ce4ef0c011" testId="112fd369-9f78-6ab1-720e-45063c084bcf" testName="ClickUp.Api.Client.Tests.ServiceTests.WorkspacesServiceTests.GetWorkspaceSeatsAsync_ApiReturnsNullResponse_ThrowsInvalidOperationException" computerName="devbox" duration="00:00:00.0061797" startTime="2025-06-23T16:17:45.1356705+00:00" endTime="2025-06-23T16:17:45.1356706+00:00" testType="13cdc9d9-ddb5-4fa4-a97d-d965ccfc6d4b" outcome="Passed" testListId="8c84fa94-04c1-424b-9868-57a2d4851a1d" relativeResultsDirectory="da9712b4-ed05-4c21-89f9-95ce4ef0c011" />
    <UnitTestResult executionId="dfa6e052-def6-4ab7-a106-05c7b02dcd45" testId="759e141d-5006-5154-479b-168738883742" testName="ClickUp.Api.Client.Tests.ServiceTests.TaskServiceTests.GetFilteredTeamTasksAsync_WithNewParameters_BuildsCorrectEndpoint" computerName="devbox" duration="00:00:00.0141920" startTime="2025-06-23T16:17:45.6900542+00:00" endTime="2025-06-23T16:17:45.6900544+00:00" testType="13cdc9d9-ddb5-4fa4-a97d-d965ccfc6d4b" outcome="Passed" testListId="8c84fa94-04c1-424b-9868-57a2d4851a1d" relativeResultsDirectory="dfa6e052-def6-4ab7-a106-05c7b02dcd45" />
    <UnitTestResult executionId="8b675a58-89e6-448d-aef4-d3b709a02083" testId="ee2735fc-b087-9fcd-716d-143de6e3f5eb" testName="ClickUp.Api.Client.Tests.ServiceTests.WorkspacesServiceTests.GetWorkspaceSeatsAsync_PassesCancellationTokenToApiConnection" computerName="devbox" duration="00:00:00.0104323" startTime="2025-06-23T16:17:45.2208054+00:00" endTime="2025-06-23T16:17:45.2208055+00:00" testType="13cdc9d9-ddb5-4fa4-a97d-d965ccfc6d4b" outcome="Passed" testListId="8c84fa94-04c1-424b-9868-57a2d4851a1d" relativeResultsDirectory="8b675a58-89e6-448d-aef4-d3b709a02083" />
    <UnitTestResult executionId="e71d439e-1308-4315-ace9-4e2720f7aca2" testId="d994fd6e-80bf-ef91-7713-64a44d290335" testName="ClickUp.Api.Client.Tests.ServiceTests.ListsServiceTests.GetFolderlessListsAsync_ApiReturnsResponseWithNullLists_ReturnsEmptyEnumerable" computerName="devbox" duration="00:00:00.0026150" startTime="2025-06-23T16:17:46.5040795+00:00" endTime="2025-06-23T16:17:46.5040796+00:00" testType="13cdc9d9-ddb5-4fa4-a97d-d965ccfc6d4b" outcome="Passed" testListId="8c84fa94-04c1-424b-9868-57a2d4851a1d" relativeResultsDirectory="e71d439e-1308-4315-ace9-4e2720f7aca2" />
    <UnitTestResult executionId="64a7dbbd-6bb3-455f-bfa4-c53d6904e82b" testId="ab45238f-0962-86b9-1aeb-168e6306c508" testName="ClickUp.Api.Client.Tests.ServiceTests.TimeTrackingServiceTests.GetTimeEntriesAsync_WithAllRequestParameters_BuildsCorrectUrl" computerName="devbox" duration="00:00:00.0061104" startTime="2025-06-23T16:17:46.3575046+00:00" endTime="2025-06-23T16:17:46.3575047+00:00" testType="13cdc9d9-ddb5-4fa4-a97d-d965ccfc6d4b" outcome="Passed" testListId="8c84fa94-04c1-424b-9868-57a2d4851a1d" relativeResultsDirectory="64a7dbbd-6bb3-455f-bfa4-c53d6904e82b" />
    <UnitTestResult executionId="43bf698e-b4b1-4c97-b3b4-6efcee658cb1" testId="24c60078-9625-8e92-f24a-c8acb4a37b6f" testName="ClickUp.Api.Client.Tests.ServiceTests.ChatServiceTests.CreateChatMessageAsync_ApiConnectionThrowsTaskCanceledException_PropagatesException" computerName="devbox" duration="00:00:00.0098995" startTime="2025-06-23T16:17:45.2428977+00:00" endTime="2025-06-23T16:17:45.2428978+00:00" testType="13cdc9d9-ddb5-4fa4-a97d-d965ccfc6d4b" outcome="Passed" testListId="8c84fa94-04c1-424b-9868-57a2d4851a1d" relativeResultsDirectory="43bf698e-b4b1-4c97-b3b4-6efcee658cb1" />
    <UnitTestResult executionId="4242b4b2-b189-4d5e-95c3-225a69cf2147" testId="0ce2e948-cdcf-98e1-8c6c-871c42bca80a" testName="ClickUp.Api.Client.Tests.ServiceTests.SpacesServiceTests.GetSpacesAsync_PassesCancellationTokenToApiConnection" computerName="devbox" duration="00:00:00.0038475" startTime="2025-06-23T16:17:45.7390778+00:00" endTime="2025-06-23T16:17:45.7390778+00:00" testType="13cdc9d9-ddb5-4fa4-a97d-d965ccfc6d4b" outcome="Passed" testListId="8c84fa94-04c1-424b-9868-57a2d4851a1d" relativeResultsDirectory="4242b4b2-b189-4d5e-95c3-225a69cf2147" />
    <UnitTestResult executionId="11a36a71-9ccb-474e-b5f1-0f9d5018838e" testId="8328c1c6-9f57-2aa0-f832-969a9fa1cfee" testName="ClickUp.Api.Client.Tests.ServiceTests.DocsServiceTests.GetPageAsync_ApiConnectionThrowsTaskCanceledException_PropagatesException" computerName="devbox" duration="00:00:00.0018320" startTime="2025-06-23T16:17:45.7055843+00:00" endTime="2025-06-23T16:17:45.7055845+00:00" testType="13cdc9d9-ddb5-4fa4-a97d-d965ccfc6d4b" outcome="Passed" testListId="8c84fa94-04c1-424b-9868-57a2d4851a1d" relativeResultsDirectory="11a36a71-9ccb-474e-b5f1-0f9d5018838e" />
    <UnitTestResult executionId="3dfb367e-c02f-4b9a-b34c-ec86a2577ac1" testId="d4c2b297-8dff-48fc-f568-86d5264bc62f" testName="ClickUp.Api.Client.Tests.ServiceTests.WebhooksServiceTests.GetWebhooksAsync_ApiReturnsNullResponse_ReturnsEmptyEnumerable" computerName="devbox" duration="00:00:00.0093663" startTime="2025-06-23T16:17:46.3504737+00:00" endTime="2025-06-23T16:17:46.3504737+00:00" testType="13cdc9d9-ddb5-4fa4-a97d-d965ccfc6d4b" outcome="Passed" testListId="8c84fa94-04c1-424b-9868-57a2d4851a1d" relativeResultsDirectory="3dfb367e-c02f-4b9a-b34c-ec86a2577ac1" />
    <UnitTestResult executionId="d7a6d875-deed-4be9-8224-9c6f0de08b22" testId="d0d582a8-0c22-e0d2-4278-1deb51f5a180" testName="ClickUp.Api.Client.Tests.ServiceTests.GuestsServiceTests.RemoveGuestFromListAsync_NullApiResponse_ThrowsInvalidOperationException" computerName="devbox" duration="00:00:00.0018655" startTime="2025-06-23T16:17:45.6069003+00:00" endTime="2025-06-23T16:17:45.6069005+00:00" testType="13cdc9d9-ddb5-4fa4-a97d-d965ccfc6d4b" outcome="Passed" testListId="8c84fa94-04c1-424b-9868-57a2d4851a1d" relativeResultsDirectory="d7a6d875-deed-4be9-8224-9c6f0de08b22" />
    <UnitTestResult executionId="01a0aedc-9b17-4c03-8d7f-9a745ac14160" testId="f48eeea0-1628-3a4f-951e-8100079445f9" testName="ClickUp.Api.Client.Tests.ServiceTests.CommentServiceTests.UpdateCommentAsync_ApiConnectionThrowsException_PropagatesException" computerName="devbox" duration="00:00:00.0044001" startTime="2025-06-23T16:17:46.0857479+00:00" endTime="2025-06-23T16:17:46.0857481+00:00" testType="13cdc9d9-ddb5-4fa4-a97d-d965ccfc6d4b" outcome="Passed" testListId="8c84fa94-04c1-424b-9868-57a2d4851a1d" relativeResultsDirectory="01a0aedc-9b17-4c03-8d7f-9a745ac14160" />
    <UnitTestResult executionId="9a6d2b95-3c1c-45a8-aea1-bd3489ea02e5" testId="15827c38-4a1c-e443-5328-13c7405bb0ff" testName="ClickUp.Api.Client.Tests.ServiceTests.CustomFieldsServiceTests.GetWorkspaceCustomFieldsAsync_ValidWorkspaceId_BuildsCorrectUrlAndReturnsFields" computerName="devbox" duration="00:00:00.0038023" startTime="2025-06-23T16:17:45.3466182+00:00" endTime="2025-06-23T16:17:45.3466183+00:00" testType="13cdc9d9-ddb5-4fa4-a97d-d965ccfc6d4b" outcome="Passed" testListId="8c84fa94-04c1-424b-9868-57a2d4851a1d" relativeResultsDirectory="9a6d2b95-3c1c-45a8-aea1-bd3489ea02e5" />
    <UnitTestResult executionId="5ae5f7b1-ecc3-4574-873e-fb7d62d812b6" testId="5ed5931b-eddf-c5a7-c428-1293ac7854f3" testName="ClickUp.Api.Client.Tests.ServiceTests.ListsServiceTests.GetListsInFolderAsync_PassesCancellationTokenToApiConnection" computerName="devbox" duration="00:00:00.0111196" startTime="2025-06-23T16:17:46.0920983+00:00" endTime="2025-06-23T16:17:46.0920985+00:00" testType="13cdc9d9-ddb5-4fa4-a97d-d965ccfc6d4b" outcome="Passed" testListId="8c84fa94-04c1-424b-9868-57a2d4851a1d" relativeResultsDirectory="5ae5f7b1-ecc3-4574-873e-fb7d62d812b6" />
    <UnitTestResult executionId="9518c648-bee0-4e43-8a0c-06af80189522" testId="4f9dd123-3126-b5f7-50ee-f21b0750d557" testName="ClickUp.Api.Client.Tests.ServiceTests.UsersServiceTests.GetUserFromWorkspaceAsync_ValidRequest_ReturnsUser" computerName="devbox" duration="00:00:00.0136346" startTime="2025-06-23T16:17:46.3897051+00:00" endTime="2025-06-23T16:17:46.3897052+00:00" testType="13cdc9d9-ddb5-4fa4-a97d-d965ccfc6d4b" outcome="Passed" testListId="8c84fa94-04c1-424b-9868-57a2d4851a1d" relativeResultsDirectory="9518c648-bee0-4e43-8a0c-06af80189522" />
    <UnitTestResult executionId="c2c50981-e9c5-45cd-af6a-0d86f93f8f7e" testId="897bb1d2-09ef-37c4-bd54-ba1c51cc5c63" testName="ClickUp.Api.Client.Tests.ServiceTests.AuthorizationServiceTests.GetAuthorizedUserAsync_ApiConnectionResponseHasNullUser_ReturnsNull" computerName="devbox" duration="00:00:00.0019792" startTime="2025-06-23T16:17:45.2386274+00:00" endTime="2025-06-23T16:17:45.2386276+00:00" testType="13cdc9d9-ddb5-4fa4-a97d-d965ccfc6d4b" outcome="Failed" testListId="8c84fa94-04c1-424b-9868-57a2d4851a1d" relativeResultsDirectory="c2c50981-e9c5-45cd-af6a-0d86f93f8f7e">
      <Output>
        <ErrorInfo>
          <Message>System.InvalidOperationException : API returned null or no user for GetAuthorizedUserAsync.</Message>
          <StackTrace>   at ClickUp.Api.Client.Services.AuthorizationService.GetAuthorizedUserAsync(CancellationToken cancellationToken) in /app/src/ClickUp.Api.Client/Services/AuthorizationService.cs:line 59
   at ClickUp.Api.Client.Tests.ServiceTests.AuthorizationServiceTests.GetAuthorizedUserAsync_ApiConnectionResponseHasNullUser_ReturnsNull() in /app/src/ClickUp.Api.Client.Tests/ServiceTests/AuthorizationServiceTests.cs:line 150
--- End of stack trace from previous location ---</StackTrace>
        </ErrorInfo>
      </Output>
    </UnitTestResult>
    <UnitTestResult executionId="637f9406-e365-4ae3-8e18-73ee29d9e30c" testId="c7cd6567-938f-c1b9-858f-c5b856d8b3bb" testName="ClickUp.Api.Client.Tests.ServiceTests.ChatServiceTests.CreateChatReactionAsync_ApiConnectionThrowsTaskCanceledException_PropagatesException" computerName="devbox" duration="00:00:00.0033239" startTime="2025-06-23T16:17:45.4803000+00:00" endTime="2025-06-23T16:17:45.4803001+00:00" testType="13cdc9d9-ddb5-4fa4-a97d-d965ccfc6d4b" outcome="Passed" testListId="8c84fa94-04c1-424b-9868-57a2d4851a1d" relativeResultsDirectory="637f9406-e365-4ae3-8e18-73ee29d9e30c" />
    <UnitTestResult executionId="babe3c8c-636f-4428-bdbf-0a4484338b1c" testId="99f975e9-90a9-1b95-68e2-bd28016666dc" testName="ClickUp.Api.Client.Tests.ServiceTests.ListsServiceTests.CreateListFromTemplateInFolderAsync_PassesCancellationTokenToApiConnection" computerName="devbox" duration="00:00:00.0044305" startTime="2025-06-23T16:17:46.6698991+00:00" endTime="2025-06-23T16:17:46.6698992+00:00" testType="13cdc9d9-ddb5-4fa4-a97d-d965ccfc6d4b" outcome="Passed" testListId="8c84fa94-04c1-424b-9868-57a2d4851a1d" relativeResultsDirectory="babe3c8c-636f-4428-bdbf-0a4484338b1c" />
    <UnitTestResult executionId="9f3dbdba-a299-4508-be4d-9309048a456f" testId="cb2d034b-1aa3-2639-d04b-f94270484348" testName="ClickUp.Api.Client.Tests.ServiceTests.GoalsServiceTests.CreateKeyResultAsync_ApiError_ThrowsHttpRequestException" computerName="devbox" duration="00:00:00.0027077" startTime="2025-06-23T16:17:46.4399748+00:00" endTime="2025-06-23T16:17:46.4399749+00:00" testType="13cdc9d9-ddb5-4fa4-a97d-d965ccfc6d4b" outcome="Passed" testListId="8c84fa94-04c1-424b-9868-57a2d4851a1d" relativeResultsDirectory="9f3dbdba-a299-4508-be4d-9309048a456f" />
    <UnitTestResult executionId="188f974e-6357-41bd-a565-c4dae8ad7781" testId="b4f6f39f-3841-4d5c-7777-c2dcf6f49b62" testName="ClickUp.Api.Client.Tests.ServiceTests.ListsServiceTests.GetFolderlessListsAsync_ApiConnectionThrowsTaskCanceledException_PropagatesException" computerName="devbox" duration="00:00:00.0016954" startTime="2025-06-23T16:17:46.6532620+00:00" endTime="2025-06-23T16:17:46.6532622+00:00" testType="13cdc9d9-ddb5-4fa4-a97d-d965ccfc6d4b" outcome="Passed" testListId="8c84fa94-04c1-424b-9868-57a2d4851a1d" relativeResultsDirectory="188f974e-6357-41bd-a565-c4dae8ad7781" />
    <UnitTestResult executionId="ce8df02d-34e7-4219-b758-de89b7fc9d58" testId="85698f3a-4e46-7ce5-ae3d-a0eb2be044a8" testName="ClickUp.Api.Client.Tests.ServiceTests.TimeTrackingServiceTests.CreateTimeEntryAsync_WithCustomTaskIdsAndTeamId_BuildsCorrectUrl" computerName="devbox" duration="00:00:00.0049596" startTime="2025-06-23T16:17:46.4988955+00:00" endTime="2025-06-23T16:17:46.4988956+00:00" testType="13cdc9d9-ddb5-4fa4-a97d-d965ccfc6d4b" outcome="Passed" testListId="8c84fa94-04c1-424b-9868-57a2d4851a1d" relativeResultsDirectory="ce8df02d-34e7-4219-b758-de89b7fc9d58" />
    <UnitTestResult executionId="7eb85afb-456a-4328-80a4-0fb486bd2cae" testId="2cb3c672-69bb-9a88-208e-2d87e3e3f79b" testName="ClickUp.Api.Client.Tests.ServiceTests.TimeTrackingServiceTests.GetTimeEntryAsync_ApiReturnsResponseWithNullData_ThrowsInvalidOperationException" computerName="devbox" duration="00:00:00.0038817" startTime="2025-06-23T16:17:46.2576002+00:00" endTime="2025-06-23T16:17:46.2576003+00:00" testType="13cdc9d9-ddb5-4fa4-a97d-d965ccfc6d4b" outcome="Passed" testListId="8c84fa94-04c1-424b-9868-57a2d4851a1d" relativeResultsDirectory="7eb85afb-456a-4328-80a4-0fb486bd2cae" />
    <UnitTestResult executionId="06def9ba-35de-446b-8b28-4e07fe20daed" testId="615ce329-23fb-0e86-56db-8ca3bfc504f4" testName="ClickUp.Api.Client.Tests.ServiceTests.GoalsServiceTests.CreateKeyResultAsync_ApiConnectionThrowsTaskCanceledException_PropagatesException" computerName="devbox" duration="00:00:00.0102479" startTime="2025-06-23T16:17:46.3769041+00:00" endTime="2025-06-23T16:17:46.3769043+00:00" testType="13cdc9d9-ddb5-4fa4-a97d-d965ccfc6d4b" outcome="Passed" testListId="8c84fa94-04c1-424b-9868-57a2d4851a1d" relativeResultsDirectory="06def9ba-35de-446b-8b28-4e07fe20daed" />
    <UnitTestResult executionId="c035499a-953a-4d87-b67b-554369d9954a" testId="6bc956e3-e6c8-a454-313a-7c1524cb0c01" testName="ClickUp.Api.Client.Tests.ServiceTests.TaskChecklistsServiceTests.DeleteChecklistAsync_ApiConnectionThrowsTaskCanceledException_PropagatesException" computerName="devbox" duration="00:00:00.0035932" startTime="2025-06-23T16:17:46.0087335+00:00" endTime="2025-06-23T16:17:46.0087336+00:00" testType="13cdc9d9-ddb5-4fa4-a97d-d965ccfc6d4b" outcome="Passed" testListId="8c84fa94-04c1-424b-9868-57a2d4851a1d" relativeResultsDirectory="c035499a-953a-4d87-b67b-554369d9954a" />
    <UnitTestResult executionId="3ca67a99-5c10-4246-8e48-dd6f39c7228f" testId="0a2daad4-07c6-5b3d-9ace-c60a0200dbb8" testName="ClickUp.Api.Client.Tests.ServiceTests.SharedHierarchyServiceTests.GetSharedHierarchyAsync_ApiConnectionThrowsHttpRequestException_PropagatesException" computerName="devbox" duration="00:00:00.0070716" startTime="2025-06-23T16:17:46.1586110+00:00" endTime="2025-06-23T16:17:46.1586111+00:00" testType="13cdc9d9-ddb5-4fa4-a97d-d965ccfc6d4b" outcome="Passed" testListId="8c84fa94-04c1-424b-9868-57a2d4851a1d" relativeResultsDirectory="3ca67a99-5c10-4246-8e48-dd6f39c7228f" />
    <UnitTestResult executionId="16813c46-8472-4838-b155-65074fbe5494" testId="8abaa201-50e1-f647-bec2-b35a68581c38" testName="ClickUp.Api.Client.Tests.ServiceTests.ChatServiceTests.GetChatMessageRepliesAsync_MinimalRequest_BuildsUrlAndReturnsResponse" computerName="devbox" duration="00:00:00.0035770" startTime="2025-06-23T16:17:45.6623421+00:00" endTime="2025-06-23T16:17:45.6623423+00:00" testType="13cdc9d9-ddb5-4fa4-a97d-d965ccfc6d4b" outcome="Passed" testListId="8c84fa94-04c1-424b-9868-57a2d4851a1d" relativeResultsDirectory="16813c46-8472-4838-b155-65074fbe5494" />
    <UnitTestResult executionId="5fe2b460-eb97-43b7-b2e4-852f4ce3f3a3" testId="bbc4faf3-453f-8a73-6d16-fb009635f7df" testName="ClickUp.Api.Client.Tests.ServiceTests.ViewsServiceTests.CreateSpaceViewAsync_ValidRequest_ReturnsView" computerName="devbox" duration="00:00:00.0156303" startTime="2025-06-23T16:17:45.2166992+00:00" endTime="2025-06-23T16:17:45.2166994+00:00" testType="13cdc9d9-ddb5-4fa4-a97d-d965ccfc6d4b" outcome="Passed" testListId="8c84fa94-04c1-424b-9868-57a2d4851a1d" relativeResultsDirectory="5fe2b460-eb97-43b7-b2e4-852f4ce3f3a3" />
    <UnitTestResult executionId="a6f15fed-fd3b-4c7c-925d-44b40d4079ba" testId="2c0fff85-7492-bb9b-c2bf-9c38f36f1d11" testName="ClickUp.Api.Client.Tests.Models.Common.MemberTests.Member_ShouldDeserializeCorrectly_WhenOptionalPropertiesAreMissing" computerName="devbox" duration="00:00:00.0009265" startTime="2025-06-23T16:17:45.5962351+00:00" endTime="2025-06-23T16:17:45.5962352+00:00" testType="13cdc9d9-ddb5-4fa4-a97d-d965ccfc6d4b" outcome="Passed" testListId="8c84fa94-04c1-424b-9868-57a2d4851a1d" relativeResultsDirectory="a6f15fed-fd3b-4c7c-925d-44b40d4079ba" />
    <UnitTestResult executionId="94204518-f6ce-4f74-8833-22577f91bc35" testId="12ab63cf-64fa-9d57-fbd4-b033250cc371" testName="ClickUp.Api.Client.Tests.Http.ApiConnectionTests.GetAsync_ThrowsClickUpApiException_WithMinimalJsonError" computerName="devbox" duration="00:00:00.0039477" startTime="2025-06-23T16:17:46.1807368+00:00" endTime="2025-06-23T16:17:46.1807369+00:00" testType="13cdc9d9-ddb5-4fa4-a97d-d965ccfc6d4b" outcome="Passed" testListId="8c84fa94-04c1-424b-9868-57a2d4851a1d" relativeResultsDirectory="94204518-f6ce-4f74-8833-22577f91bc35" />
    <UnitTestResult executionId="72aa39bc-39db-4488-a928-167e0459d30b" testId="8f7bacc1-cfc7-b0fe-3fce-f3b6c6e9b7de" testName="ClickUp.Api.Client.Tests.ServiceTests.ViewsServiceTests.GetViewTasksAsync_ValidRequest_ReturnsTasks" computerName="devbox" duration="00:00:00.0136014" startTime="2025-06-23T16:17:45.2446313+00:00" endTime="2025-06-23T16:17:45.2446313+00:00" testType="13cdc9d9-ddb5-4fa4-a97d-d965ccfc6d4b" outcome="Passed" testListId="8c84fa94-04c1-424b-9868-57a2d4851a1d" relativeResultsDirectory="72aa39bc-39db-4488-a928-167e0459d30b" />
    <UnitTestResult executionId="d45a30da-3f35-43eb-9749-1bf7e89130e3" testId="ae2d07de-feee-fcc6-8805-b90a829fa024" testName="ClickUp.Api.Client.Tests.ServiceTests.TimeTrackingServiceTests.StopTimeEntryAsync_PassesCancellationTokenToApiConnection" computerName="devbox" duration="00:00:00.0037751" startTime="2025-06-23T16:17:46.6638913+00:00" endTime="2025-06-23T16:17:46.6638915+00:00" testType="13cdc9d9-ddb5-4fa4-a97d-d965ccfc6d4b" outcome="Passed" testListId="8c84fa94-04c1-424b-9868-57a2d4851a1d" relativeResultsDirectory="d45a30da-3f35-43eb-9749-1bf7e89130e3" />
    <UnitTestResult executionId="30afa60b-58af-4f0d-bead-159c9e5b8c61" testId="3dec75a1-2efb-df48-cb0d-9006d61d86c5" testName="ClickUp.Api.Client.Tests.ServiceTests.ChatServiceTests.DeleteChatMessageAsync_PassesCancellationTokenToApiConnection" computerName="devbox" duration="00:00:00.0099932" startTime="2025-06-23T16:17:45.2441560+00:00" endTime="2025-06-23T16:17:45.2441561+00:00" testType="13cdc9d9-ddb5-4fa4-a97d-d965ccfc6d4b" outcome="Passed" testListId="8c84fa94-04c1-424b-9868-57a2d4851a1d" relativeResultsDirectory="30afa60b-58af-4f0d-bead-159c9e5b8c61" />
    <UnitTestResult executionId="bdd0af96-5fa2-42db-87ce-58cc91ee2859" testId="f1b6bce5-130d-1faa-5068-6575d8c7b6c8" testName="ClickUp.Api.Client.Tests.ServiceTests.GoalsServiceTests.DeleteKeyResultAsync_ValidId_CallsDelete" computerName="devbox" duration="00:00:00.0079399" startTime="2025-06-23T16:17:46.4011360+00:00" endTime="2025-06-23T16:17:46.4011361+00:00" testType="13cdc9d9-ddb5-4fa4-a97d-d965ccfc6d4b" outcome="Passed" testListId="8c84fa94-04c1-424b-9868-57a2d4851a1d" relativeResultsDirectory="bdd0af96-5fa2-42db-87ce-58cc91ee2859" />
    <UnitTestResult executionId="d5049909-4f8f-4bc4-bcc4-813b56e5004c" testId="b97fcd3e-801b-56c2-7c15-be4f6547d4bd" testName="ClickUp.Api.Client.Tests.ServiceTests.WebhooksServiceTests.CreateWebhookAsync_ApiConnectionThrowsTaskCanceledException_PropagatesException" computerName="devbox" duration="00:00:00.0115748" startTime="2025-06-23T16:17:46.3625606+00:00" endTime="2025-06-23T16:17:46.3625607+00:00" testType="13cdc9d9-ddb5-4fa4-a97d-d965ccfc6d4b" outcome="Passed" testListId="8c84fa94-04c1-424b-9868-57a2d4851a1d" relativeResultsDirectory="d5049909-4f8f-4bc4-bcc4-813b56e5004c" />
    <UnitTestResult executionId="3bc69cbe-be78-404e-8be8-2e7dfcd2b61e" testId="fe82358d-1255-07ca-16e6-994378e6173c" testName="ClickUp.Api.Client.Tests.ServiceTests.FoldersServiceTests.GetFolderAsync_PassesCancellationTokenToApiConnection" computerName="devbox" duration="00:00:00.0063967" startTime="2025-06-23T16:17:45.8662882+00:00" endTime="2025-06-23T16:17:45.8662883+00:00" testType="13cdc9d9-ddb5-4fa4-a97d-d965ccfc6d4b" outcome="Passed" testListId="8c84fa94-04c1-424b-9868-57a2d4851a1d" relativeResultsDirectory="3bc69cbe-be78-404e-8be8-2e7dfcd2b61e" />
    <UnitTestResult executionId="a671a0d7-fb70-447f-be6d-c9f3be174565" testId="76f37285-a0bd-133c-8a9e-2874b7621389" testName="ClickUp.Api.Client.Tests.ServiceTests.GoalsServiceTests.GetGoalAsync_ApiError_ThrowsHttpRequestException" computerName="devbox" duration="00:00:00.0016530" startTime="2025-06-23T16:17:46.4282916+00:00" endTime="2025-06-23T16:17:46.4282916+00:00" testType="13cdc9d9-ddb5-4fa4-a97d-d965ccfc6d4b" outcome="Passed" testListId="8c84fa94-04c1-424b-9868-57a2d4851a1d" relativeResultsDirectory="a671a0d7-fb70-447f-be6d-c9f3be174565" />
    <UnitTestResult executionId="2074cf68-3c44-4f1e-bb27-3452ab457ce7" testId="2416b36e-4cc6-c8d3-7f50-7ce93d30797a" testName="ClickUp.Api.Client.Tests.ServiceTests.AttachmentsServiceTests.CreateTaskAttachmentAsync_PassesCancellationTokenToApiConnection" computerName="devbox" duration="00:00:00.0029931" startTime="2025-06-23T16:17:46.1465376+00:00" endTime="2025-06-23T16:17:46.1465377+00:00" testType="13cdc9d9-ddb5-4fa4-a97d-d965ccfc6d4b" outcome="Passed" testListId="8c84fa94-04c1-424b-9868-57a2d4851a1d" relativeResultsDirectory="2074cf68-3c44-4f1e-bb27-3452ab457ce7" />
    <UnitTestResult executionId="c72e5f53-47cc-4466-b79b-29b27eb70638" testId="bf10d8c3-c00d-cc29-13e7-658749b7f0ea" testName="ClickUp.Api.Client.Tests.ServiceTests.ListsServiceTests.GetListsInFolderAsync_ValidFolderId_ReturnsLists" computerName="devbox" duration="00:00:00.0046517" startTime="2025-06-23T16:17:46.6041196+00:00" endTime="2025-06-23T16:17:46.6041197+00:00" testType="13cdc9d9-ddb5-4fa4-a97d-d965ccfc6d4b" outcome="Passed" testListId="8c84fa94-04c1-424b-9868-57a2d4851a1d" relativeResultsDirectory="c72e5f53-47cc-4466-b79b-29b27eb70638" />
    <UnitTestResult executionId="a3477709-5e04-4e48-a1df-346b7287f85c" testId="8d83ef78-349f-f2f7-954e-1ccfc00af170" testName="ClickUp.Api.Client.Tests.ServiceTests.TaskRelationshipsServiceTests.AddTaskLinkAsync_ApiConnectionThrowsHttpRequestException_PropagatesException" computerName="devbox" duration="00:00:00.0034263" startTime="2025-06-23T16:17:45.3559174+00:00" endTime="2025-06-23T16:17:45.3559176+00:00" testType="13cdc9d9-ddb5-4fa4-a97d-d965ccfc6d4b" outcome="Passed" testListId="8c84fa94-04c1-424b-9868-57a2d4851a1d" relativeResultsDirectory="a3477709-5e04-4e48-a1df-346b7287f85c" />
    <UnitTestResult executionId="34bed57f-e61b-4581-a4ed-1096e38c5176" testId="fa070ce3-3c08-42bf-88c4-d169ef6e2c39" testName="ClickUp.Api.Client.Tests.ServiceTests.CommentServiceTests.CreateTaskCommentAsync_ApiConnectionThrowsTaskCanceledException_PropagatesException" computerName="devbox" duration="00:00:00.0026742" startTime="2025-06-23T16:17:45.9809693+00:00" endTime="2025-06-23T16:17:45.9809694+00:00" testType="13cdc9d9-ddb5-4fa4-a97d-d965ccfc6d4b" outcome="Passed" testListId="8c84fa94-04c1-424b-9868-57a2d4851a1d" relativeResultsDirectory="34bed57f-e61b-4581-a4ed-1096e38c5176" />
    <UnitTestResult executionId="2c40a773-c45e-4b57-91e4-5f0aefc07b2f" testId="d40b57a6-c538-1a9a-79a2-8126658cdaff" testName="ClickUp.Api.Client.Tests.ServiceTests.MembersServiceTests.GetListMembersAsync_ValidListId_ReturnsMembers" computerName="devbox" duration="00:00:00.0118157" startTime="2025-06-23T16:17:46.2382809+00:00" endTime="2025-06-23T16:17:46.2382812+00:00" testType="13cdc9d9-ddb5-4fa4-a97d-d965ccfc6d4b" outcome="Passed" testListId="8c84fa94-04c1-424b-9868-57a2d4851a1d" relativeResultsDirectory="2c40a773-c45e-4b57-91e4-5f0aefc07b2f" />
    <UnitTestResult executionId="41ff0237-e980-4045-a721-5669a64705f8" testId="03fc13e8-59e6-dc26-59a6-54a183532f2d" testName="ClickUp.Api.Client.Tests.ServiceTests.DocsServiceTests.GetPageAsync_PassesCancellationTokenToApiConnection" computerName="devbox" duration="00:00:00.0068105" startTime="2025-06-23T16:17:45.6188351+00:00" endTime="2025-06-23T16:17:45.6188352+00:00" testType="13cdc9d9-ddb5-4fa4-a97d-d965ccfc6d4b" outcome="Passed" testListId="8c84fa94-04c1-424b-9868-57a2d4851a1d" relativeResultsDirectory="41ff0237-e980-4045-a721-5669a64705f8" />
    <UnitTestResult executionId="68d00106-e20d-4bdc-bda6-3ec012d268cb" testId="1aeced91-2bcf-ca87-1dde-1e82fd8c0772" testName="ClickUp.Api.Client.Tests.ServiceTests.CustomFieldsServiceTests.GetSpaceCustomFieldsAsync_ValidSpaceId_BuildsCorrectUrlAndReturnsFields" computerName="devbox" duration="00:00:00.0035540" startTime="2025-06-23T16:17:45.3941570+00:00" endTime="2025-06-23T16:17:45.3941571+00:00" testType="13cdc9d9-ddb5-4fa4-a97d-d965ccfc6d4b" outcome="Passed" testListId="8c84fa94-04c1-424b-9868-57a2d4851a1d" relativeResultsDirectory="68d00106-e20d-4bdc-bda6-3ec012d268cb" />
    <UnitTestResult executionId="4d034cc2-a032-41e9-bc05-0f57d8668618" testId="becb7f2a-b219-c2c9-8d5f-f1598f4d5a18" testName="ClickUp.Api.Client.Tests.ServiceTests.TemplatesServiceTests.GetTaskTemplatesAsync_ApiConnectionThrowsTaskCanceledException_PropagatesException" computerName="devbox" duration="00:00:00.0066332" startTime="2025-06-23T16:17:45.8721866+00:00" endTime="2025-06-23T16:17:45.8721867+00:00" testType="13cdc9d9-ddb5-4fa4-a97d-d965ccfc6d4b" outcome="Passed" testListId="8c84fa94-04c1-424b-9868-57a2d4851a1d" relativeResultsDirectory="4d034cc2-a032-41e9-bc05-0f57d8668618" />
    <UnitTestResult executionId="cc19f7d4-8753-4f99-af53-91e426ac785e" testId="0e24771a-d278-3b70-2819-b8f07c8eeffc" testName="ClickUp.Api.Client.Tests.ServiceTests.CustomFieldsServiceTests.SetCustomFieldValueAsync_ApiConnectionThrowsTaskCanceledException_PropagatesException" computerName="devbox" duration="00:00:00.0105282" startTime="2025-06-23T16:17:45.2883284+00:00" endTime="2025-06-23T16:17:45.2883284+00:00" testType="13cdc9d9-ddb5-4fa4-a97d-d965ccfc6d4b" outcome="Passed" testListId="8c84fa94-04c1-424b-9868-57a2d4851a1d" relativeResultsDirectory="cc19f7d4-8753-4f99-af53-91e426ac785e" />
    <UnitTestResult executionId="2554de23-a50d-4241-a73a-d8c0895e992b" testId="e67d5763-5299-d5bc-04ab-8c3e8096df9b" testName="ClickUp.Api.Client.Tests.ServiceTests.GuestsServiceTests.EditGuestOnWorkspaceAsync_NullApiResponse_ThrowsInvalidOperationException" computerName="devbox" duration="00:00:00.0027857" startTime="2025-06-23T16:17:45.5763125+00:00" endTime="2025-06-23T16:17:45.5763126+00:00" testType="13cdc9d9-ddb5-4fa4-a97d-d965ccfc6d4b" outcome="Passed" testListId="8c84fa94-04c1-424b-9868-57a2d4851a1d" relativeResultsDirectory="2554de23-a50d-4241-a73a-d8c0895e992b" />
    <UnitTestResult executionId="eae42238-5434-43d5-8527-b2862afebf19" testId="e66f2070-3ec2-0e7c-07bc-31cfe55bc2b3" testName="ClickUp.Api.Client.Tests.ServiceTests.ListsServiceTests.GetFolderlessListsAsync_PassesCancellationTokenToApiConnection" computerName="devbox" duration="00:00:00.0040946" startTime="2025-06-23T16:17:46.5633226+00:00" endTime="2025-06-23T16:17:46.5633227+00:00" testType="13cdc9d9-ddb5-4fa4-a97d-d965ccfc6d4b" outcome="Passed" testListId="8c84fa94-04c1-424b-9868-57a2d4851a1d" relativeResultsDirectory="eae42238-5434-43d5-8527-b2862afebf19" />
    <UnitTestResult executionId="701eba29-d578-4e99-879e-d43a1cf3758d" testId="3d1ad44f-ad35-093f-1ddc-cdf28838fb0c" testName="ClickUp.Api.Client.Tests.ServiceTests.TimeTrackingServiceTests.GetTimeEntryAsync_ApiConnectionThrowsHttpRequestException_PropagatesException" computerName="devbox" duration="00:00:00.0057085" startTime="2025-06-23T16:17:46.2966367+00:00" endTime="2025-06-23T16:17:46.2966368+00:00" testType="13cdc9d9-ddb5-4fa4-a97d-d965ccfc6d4b" outcome="Passed" testListId="8c84fa94-04c1-424b-9868-57a2d4851a1d" relativeResultsDirectory="701eba29-d578-4e99-879e-d43a1cf3758d" />
    <UnitTestResult executionId="b9e86c40-e43d-447e-b43e-1171fbdc4100" testId="743584e0-a240-0ce4-5713-dd93c33b213a" testName="ClickUp.Api.Client.Tests.ServiceTests.GoalsServiceTests.GetGoalsAsync_ApiConnectionThrowsTaskCanceledException_PropagatesException" computerName="devbox" duration="00:00:00.0018648" startTime="2025-06-23T16:17:46.3897827+00:00" endTime="2025-06-23T16:17:46.3897827+00:00" testType="13cdc9d9-ddb5-4fa4-a97d-d965ccfc6d4b" outcome="Passed" testListId="8c84fa94-04c1-424b-9868-57a2d4851a1d" relativeResultsDirectory="b9e86c40-e43d-447e-b43e-1171fbdc4100" />
    <UnitTestResult executionId="adabe120-b444-4561-8a64-60866c9d2585" testId="ef605509-fe85-323e-6c45-2d4e617f4103" testName="ClickUp.Api.Client.Tests.ServiceTests.GuestsServiceTests.RemoveGuestFromFolderAsync_ApiError_ThrowsHttpRequestException" computerName="devbox" duration="00:00:00.0020259" startTime="2025-06-23T16:17:45.6188950+00:00" endTime="2025-06-23T16:17:45.6188951+00:00" testType="13cdc9d9-ddb5-4fa4-a97d-d965ccfc6d4b" outcome="Passed" testListId="8c84fa94-04c1-424b-9868-57a2d4851a1d" relativeResultsDirectory="adabe120-b444-4561-8a64-60866c9d2585" />
    <UnitTestResult executionId="8077f684-e52d-4b3a-a502-de63652608a6" testId="e3f46882-a63f-659a-a290-fdc403564c9f" testName="ClickUp.Api.Client.Tests.ServiceTests.GoalsServiceTests.EditKeyResultAsync_ApiConnectionThrowsTaskCanceledException_PropagatesException" computerName="devbox" duration="00:00:00.0024540" startTime="2025-06-23T16:17:46.4606141+00:00" endTime="2025-06-23T16:17:46.4606142+00:00" testType="13cdc9d9-ddb5-4fa4-a97d-d965ccfc6d4b" outcome="Passed" testListId="8c84fa94-04c1-424b-9868-57a2d4851a1d" relativeResultsDirectory="8077f684-e52d-4b3a-a502-de63652608a6" />
    <UnitTestResult executionId="85f8797b-8403-4463-b394-0ce2a58b5c0b" testId="af0e0e72-bb63-75ce-190c-aa98042ba6b1" testName="ClickUp.Api.Client.Tests.ServiceTests.TimeTrackingServiceTests.GetTimeEntriesAsyncEnumerableAsync_ReturnsAllEntries_WhenMultiplePages" computerName="devbox" duration="00:00:00.0045475" startTime="2025-06-23T16:17:46.6359264+00:00" endTime="2025-06-23T16:17:46.6359265+00:00" testType="13cdc9d9-ddb5-4fa4-a97d-d965ccfc6d4b" outcome="Failed" testListId="8c84fa94-04c1-424b-9868-57a2d4851a1d" relativeResultsDirectory="85f8797b-8403-4463-b394-0ce2a58b5c0b">
      <Output>
        <ErrorInfo>
          <Message>System.NullReferenceException : Object reference not set to an instance of an object.</Message>
          <StackTrace>   at ClickUp.Api.Client.Services.TimeTrackingService.GetTimeEntriesAsyncEnumerableAsync(String workspaceId, GetTimeEntriesRequest request, CancellationToken cancellationToken)+MoveNext() in /app/src/ClickUp.Api.Client/Services/TimeTrackingService.cs:line 440
   at ClickUp.Api.Client.Services.TimeTrackingService.GetTimeEntriesAsyncEnumerableAsync(String workspaceId, GetTimeEntriesRequest request, CancellationToken cancellationToken)+System.Threading.Tasks.Sources.IValueTaskSource&lt;System.Boolean&gt;.GetResult()
   at ClickUp.Api.Client.Tests.ServiceTests.TimeTrackingServiceTests.GetTimeEntriesAsyncEnumerableAsync_ReturnsAllEntries_WhenMultiplePages() in /app/src/ClickUp.Api.Client.Tests/ServiceTests/TimeTrackingServiceTests.cs:line 1772
   at ClickUp.Api.Client.Tests.ServiceTests.TimeTrackingServiceTests.GetTimeEntriesAsyncEnumerableAsync_ReturnsAllEntries_WhenMultiplePages() in /app/src/ClickUp.Api.Client.Tests/ServiceTests/TimeTrackingServiceTests.cs:line 1772
--- End of stack trace from previous location ---</StackTrace>
        </ErrorInfo>
      </Output>
    </UnitTestResult>
    <UnitTestResult executionId="b2a7ca75-4111-4acf-bc83-4edfbf5ac62a" testId="15deeb6b-5d37-c838-f818-dea1e0f2459c" testName="ClickUp.Api.Client.Tests.ServiceTests.WebhooksServiceTests.DeleteWebhookAsync_ValidWebhookId_CallsDeleteAsync" computerName="devbox" duration="00:00:00.0125620" startTime="2025-06-23T16:17:46.3789284+00:00" endTime="2025-06-23T16:17:46.3789285+00:00" testType="13cdc9d9-ddb5-4fa4-a97d-d965ccfc6d4b" outcome="Passed" testListId="8c84fa94-04c1-424b-9868-57a2d4851a1d" relativeResultsDirectory="b2a7ca75-4111-4acf-bc83-4edfbf5ac62a" />
    <UnitTestResult executionId="2a9b69fe-097f-49e1-8b47-cf783acea096" testId="e1ac1f73-3f50-b772-36d3-f1ba06996415" testName="ClickUp.Api.Client.Tests.ServiceTests.TimeTrackingServiceTests.GetTimeEntriesAsync_ApiReturnsNullResponse_ReturnsEmptyEnumerable" computerName="devbox" duration="00:00:00.0212415" startTime="2025-06-23T16:17:46.2263075+00:00" endTime="2025-06-23T16:17:46.2263076+00:00" testType="13cdc9d9-ddb5-4fa4-a97d-d965ccfc6d4b" outcome="Passed" testListId="8c84fa94-04c1-424b-9868-57a2d4851a1d" relativeResultsDirectory="2a9b69fe-097f-49e1-8b47-cf783acea096" />
    <UnitTestResult executionId="70f28f84-1b75-45fd-9080-f17afb99936e" testId="67bc1776-6315-9a00-3713-6e986aea55e8" testName="ClickUp.Api.Client.Tests.ServiceTests.UserGroupServiceTests.DeleteUserGroupAsync_PassesCancellationTokenToApiConnection" computerName="devbox" duration="00:00:00.0039614" startTime="2025-06-23T16:17:46.2970749+00:00" endTime="2025-06-23T16:17:46.2970749+00:00" testType="13cdc9d9-ddb5-4fa4-a97d-d965ccfc6d4b" outcome="Passed" testListId="8c84fa94-04c1-424b-9868-57a2d4851a1d" relativeResultsDirectory="70f28f84-1b75-45fd-9080-f17afb99936e" />
    <UnitTestResult executionId="264b8a6b-9e4c-4f52-8649-20170b214470" testId="9130ff1c-3d20-6dbc-6548-4a4c26907e23" testName="ClickUp.Api.Client.Tests.ServiceTests.ChatServiceTests.CreateChatChannelAsync_NullResponse_ThrowsInvalidOperationException" computerName="devbox" duration="00:00:00.0041899" startTime="2025-06-23T16:17:45.5777977+00:00" endTime="2025-06-23T16:17:45.5777978+00:00" testType="13cdc9d9-ddb5-4fa4-a97d-d965ccfc6d4b" outcome="Passed" testListId="8c84fa94-04c1-424b-9868-57a2d4851a1d" relativeResultsDirectory="264b8a6b-9e4c-4f52-8649-20170b214470" />
    <UnitTestResult executionId="62918c22-9241-41af-8e3d-4a3c623a5420" testId="759a64a9-158e-94d9-6d51-ccb2b6db5855" testName="ClickUp.Api.Client.Tests.ServiceTests.GoalsServiceTests.GetGoalAsync_ValidId_ReturnsGoal" computerName="devbox" duration="00:00:00.0033559" startTime="2025-06-23T16:17:46.4192669+00:00" endTime="2025-06-23T16:17:46.4192670+00:00" testType="13cdc9d9-ddb5-4fa4-a97d-d965ccfc6d4b" outcome="Passed" testListId="8c84fa94-04c1-424b-9868-57a2d4851a1d" relativeResultsDirectory="62918c22-9241-41af-8e3d-4a3c623a5420" />
    <UnitTestResult executionId="2a68629e-8ad9-4990-b1c3-6886697569fd" testId="0eff24a5-06f2-da45-55fd-5d93cfe49ac8" testName="ClickUp.Api.Client.Tests.ServiceTests.TagsServiceTests.RemoveTagFromTaskAsync_ApiConnectionThrowsTaskCanceledException_PropagatesException" computerName="devbox" duration="00:00:00.0030976" startTime="2025-06-23T16:17:45.8721213+00:00" endTime="2025-06-23T16:17:45.8721214+00:00" testType="13cdc9d9-ddb5-4fa4-a97d-d965ccfc6d4b" outcome="Passed" testListId="8c84fa94-04c1-424b-9868-57a2d4851a1d" relativeResultsDirectory="2a68629e-8ad9-4990-b1c3-6886697569fd" />
    <UnitTestResult executionId="8a42dfc3-0e76-4002-a3a2-06e0146933b6" testId="ede22c26-cac5-27e4-85d7-5752263c860e" testName="ClickUp.Api.Client.Tests.ServiceTests.ListsServiceTests.GetListsInFolderAsync_ApiConnectionThrowsHttpRequestException_PropagatesException" computerName="devbox" duration="00:00:00.0015057" startTime="2025-06-23T16:17:46.6564406+00:00" endTime="2025-06-23T16:17:46.6564406+00:00" testType="13cdc9d9-ddb5-4fa4-a97d-d965ccfc6d4b" outcome="Passed" testListId="8c84fa94-04c1-424b-9868-57a2d4851a1d" relativeResultsDirectory="8a42dfc3-0e76-4002-a3a2-06e0146933b6" />
    <UnitTestResult executionId="b5cc4fcf-2640-488f-a680-4569da432d22" testId="85184259-d996-ead8-1ad9-399123e3fa94" testName="ClickUp.Api.Client.Tests.ServiceTests.UsersServiceTests.RemoveUserFromWorkspaceAsync_ValidRequest_CallsDeleteAsync" computerName="devbox" duration="00:00:00.0100012" startTime="2025-06-23T16:17:46.4237020+00:00" endTime="2025-06-23T16:17:46.4237021+00:00" testType="13cdc9d9-ddb5-4fa4-a97d-d965ccfc6d4b" outcome="Passed" testListId="8c84fa94-04c1-424b-9868-57a2d4851a1d" relativeResultsDirectory="b5cc4fcf-2640-488f-a680-4569da432d22" />
    <UnitTestResult executionId="e09efedc-d90c-43df-9625-b7adbdf2e77d" testId="23d91d77-3949-b723-f379-d2857eb55e79" testName="ClickUp.Api.Client.Tests.ServiceTests.GuestsServiceTests.AddGuestToListAsync_NullGuestInResponse_ThrowsInvalidOperationException" computerName="devbox" duration="00:00:00.0024765" startTime="2025-06-23T16:17:45.5500984+00:00" endTime="2025-06-23T16:17:45.5500985+00:00" testType="13cdc9d9-ddb5-4fa4-a97d-d965ccfc6d4b" outcome="Passed" testListId="8c84fa94-04c1-424b-9868-57a2d4851a1d" relativeResultsDirectory="e09efedc-d90c-43df-9625-b7adbdf2e77d" />
    <UnitTestResult executionId="fff2dec3-66b5-4f97-8ea6-b816efd2011c" testId="7f29cc1a-1df0-1450-afd8-be1cdd65c1c5" testName="ClickUp.Api.Client.Tests.ServiceTests.ChatServiceTests.CreateChatMessageAsync_ValidRequest_CallsPostAndReturnsMessage" computerName="devbox" duration="00:00:00.0094271" startTime="2025-06-23T16:17:45.2673171+00:00" endTime="2025-06-23T16:17:45.2673172+00:00" testType="13cdc9d9-ddb5-4fa4-a97d-d965ccfc6d4b" outcome="Passed" testListId="8c84fa94-04c1-424b-9868-57a2d4851a1d" relativeResultsDirectory="fff2dec3-66b5-4f97-8ea6-b816efd2011c" />
    <UnitTestResult executionId="4dfbbf18-b1ec-4f35-964a-611d03ff741b" testId="59e33a76-17f7-78d2-1a23-c14a0665f9ea" testName="ClickUp.Api.Client.Tests.ServiceTests.TaskChecklistsServiceTests.EditChecklistAsync_ApiConnectionThrowsTaskCanceledException_PropagatesException" computerName="devbox" duration="00:00:00.0038749" startTime="2025-06-23T16:17:46.0691399+00:00" endTime="2025-06-23T16:17:46.0691400+00:00" testType="13cdc9d9-ddb5-4fa4-a97d-d965ccfc6d4b" outcome="Passed" testListId="8c84fa94-04c1-424b-9868-57a2d4851a1d" relativeResultsDirectory="4dfbbf18-b1ec-4f35-964a-611d03ff741b" />
    <UnitTestResult executionId="3bced991-ef4e-4334-bd65-faba55015136" testId="d4dbc83b-2530-789e-5f5b-4985bc73e6f9" testName="ClickUp.Api.Client.Tests.ServiceTests.FoldersServiceTests.DeleteFolderAsync_ValidId_CallsDelete" computerName="devbox" duration="00:00:00.0025182" startTime="2025-06-23T16:17:46.0136323+00:00" endTime="2025-06-23T16:17:46.0136324+00:00" testType="13cdc9d9-ddb5-4fa4-a97d-d965ccfc6d4b" outcome="Passed" testListId="8c84fa94-04c1-424b-9868-57a2d4851a1d" relativeResultsDirectory="3bced991-ef4e-4334-bd65-faba55015136" />
    <UnitTestResult executionId="f4404ab1-df7e-4af2-b9f9-3c5ec7a8b4b8" testId="8cb37b60-2322-a77e-5d01-114ce8ef583d" testName="ClickUp.Api.Client.Tests.ServiceTests.ChatServiceTests.CreateDirectMessageChatChannelAsync_ApiError_ThrowsHttpRequestException" computerName="devbox" duration="00:00:00.0068314" startTime="2025-06-23T16:17:45.2209931+00:00" endTime="2025-06-23T16:17:45.2209931+00:00" testType="13cdc9d9-ddb5-4fa4-a97d-d965ccfc6d4b" outcome="Passed" testListId="8c84fa94-04c1-424b-9868-57a2d4851a1d" relativeResultsDirectory="f4404ab1-df7e-4af2-b9f9-3c5ec7a8b4b8" />
    <UnitTestResult executionId="d5e637e1-928f-4e32-bb19-c9fd1b7d48e3" testId="4c9ecf77-59b5-b6a6-528c-23344d04e870" testName="ClickUp.Api.Client.Tests.ServiceTests.GuestsServiceTests.RemoveGuestFromTaskAsync_ApiError_ThrowsHttpRequestException" computerName="devbox" duration="00:00:00.0027719" startTime="2025-06-23T16:17:45.5532327+00:00" endTime="2025-06-23T16:17:45.5532328+00:00" testType="13cdc9d9-ddb5-4fa4-a97d-d965ccfc6d4b" outcome="Passed" testListId="8c84fa94-04c1-424b-9868-57a2d4851a1d" relativeResultsDirectory="d5e637e1-928f-4e32-bb19-c9fd1b7d48e3" />
    <UnitTestResult executionId="9a2166ae-cf16-460c-8a0a-cb34eaba0ff8" testId="c0cfb625-561f-2355-e53a-38b139149b30" testName="ClickUp.Api.Client.Tests.ServiceTests.CustomFieldsServiceTests.SetCustomFieldValueAsync_ValidRequest_CallsPostAsyncWithCorrectUrlAndBody" computerName="devbox" duration="00:00:00.0053321" startTime="2025-06-23T16:17:45.3772375+00:00" endTime="2025-06-23T16:17:45.3772376+00:00" testType="13cdc9d9-ddb5-4fa4-a97d-d965ccfc6d4b" outcome="Passed" testListId="8c84fa94-04c1-424b-9868-57a2d4851a1d" relativeResultsDirectory="9a2166ae-cf16-460c-8a0a-cb34eaba0ff8" />
    <UnitTestResult executionId="44ebaaa5-1fa5-4d28-83c7-70b1439d03e9" testId="e1272f41-d93f-7653-ce37-72d07e88427c" testName="ClickUp.Api.Client.Tests.ServiceTests.CommentServiceTests.GetCommentAsync_ApiConnectionReturnsNull_ThrowsInvalidOperationException" computerName="devbox" duration="00:00:00.0029865" startTime="2025-06-23T16:17:46.1979396+00:00" endTime="2025-06-23T16:17:46.1979397+00:00" testType="13cdc9d9-ddb5-4fa4-a97d-d965ccfc6d4b" outcome="Passed" testListId="8c84fa94-04c1-424b-9868-57a2d4851a1d" relativeResultsDirectory="44ebaaa5-1fa5-4d28-83c7-70b1439d03e9" />
    <UnitTestResult executionId="1d98a65e-465d-41b5-980e-11ab80b79626" testId="3ec3d362-7dab-82c9-c789-b46f7915f705" testName="ClickUp.Api.Client.Tests.ServiceTests.DocsServiceTests.GetDocPageListingAsync_ApiConnectionThrowsTaskCanceledException_PropagatesException" computerName="devbox" duration="00:00:00.0053952" startTime="2025-06-23T16:17:45.4342973+00:00" endTime="2025-06-23T16:17:45.4342974+00:00" testType="13cdc9d9-ddb5-4fa4-a97d-d965ccfc6d4b" outcome="Passed" testListId="8c84fa94-04c1-424b-9868-57a2d4851a1d" relativeResultsDirectory="1d98a65e-465d-41b5-980e-11ab80b79626" />
    <UnitTestResult executionId="613c4f70-ba15-4535-9e27-f0732146804f" testId="1ddb416b-a245-c9c3-9558-a21c55e29e6a" testName="ClickUp.Api.Client.Tests.ServiceTests.ChatServiceTests.GetChatChannelFollowersAsync_PassesCancellationTokenToApiConnection" computerName="devbox" duration="00:00:00.0047958" startTime="2025-06-23T16:17:45.3253181+00:00" endTime="2025-06-23T16:17:45.3253182+00:00" testType="13cdc9d9-ddb5-4fa4-a97d-d965ccfc6d4b" outcome="Passed" testListId="8c84fa94-04c1-424b-9868-57a2d4851a1d" relativeResultsDirectory="613c4f70-ba15-4535-9e27-f0732146804f" />
    <UnitTestResult executionId="9a360878-62d0-48a2-b9ad-528f7f59330c" testId="46b65487-d6a5-d890-628a-f9beae9627a1" testName="ClickUp.Api.Client.Tests.ServiceTests.CommentServiceTests.GetChatViewCommentsStreamAsync_IAsyncEnumerable_ReturnsAllComments_WhenMultiplePages" computerName="devbox" duration="00:00:00.0116598" startTime="2025-06-23T16:17:46.0045935+00:00" endTime="2025-06-23T16:17:46.0045936+00:00" testType="13cdc9d9-ddb5-4fa4-a97d-d965ccfc6d4b" outcome="Passed" testListId="8c84fa94-04c1-424b-9868-57a2d4851a1d" relativeResultsDirectory="9a360878-62d0-48a2-b9ad-528f7f59330c" />
    <UnitTestResult executionId="f49cd7a3-d963-4d0d-82d4-4f62d6c2da38" testId="50eba22f-250a-1f15-3be5-df167f038182" testName="ClickUp.Api.Client.Tests.ServiceTests.TimeTrackingServiceTests.UpdateTimeEntryAsync_ApiConnectionThrowsTaskCanceledException_PropagatesException" computerName="devbox" duration="00:00:00.0047923" startTime="2025-06-23T16:17:46.4785481+00:00" endTime="2025-06-23T16:17:46.4785483+00:00" testType="13cdc9d9-ddb5-4fa4-a97d-d965ccfc6d4b" outcome="Passed" testListId="8c84fa94-04c1-424b-9868-57a2d4851a1d" relativeResultsDirectory="f49cd7a3-d963-4d0d-82d4-4f62d6c2da38" />
    <UnitTestResult executionId="71bbb6e7-d40a-49ac-acdf-c5f449edf6d9" testId="54af56a8-3528-2202-2a3a-47b709b84ddf" testName="ClickUp.Api.Client.Tests.ServiceTests.ChatServiceTests.GetChatMessageReactionsAsync_NullResponse_ThrowsInvalidOperationException" computerName="devbox" duration="00:00:00.0057551" startTime="2025-06-23T16:17:45.3989300+00:00" endTime="2025-06-23T16:17:45.3989301+00:00" testType="13cdc9d9-ddb5-4fa4-a97d-d965ccfc6d4b" outcome="Passed" testListId="8c84fa94-04c1-424b-9868-57a2d4851a1d" relativeResultsDirectory="71bbb6e7-d40a-49ac-acdf-c5f449edf6d9" />
    <UnitTestResult executionId="76599c68-9a87-4576-b2d7-f53e81055074" testId="7719e203-2337-c642-9646-c6f6ea3c2fd5" testName="ClickUp.Api.Client.Tests.ServiceTests.CommentServiceTests.GetChatViewCommentsAsync_PassesCancellationTokenToApiConnection" computerName="devbox" duration="00:00:00.0036126" startTime="2025-06-23T16:17:46.0593138+00:00" endTime="2025-06-23T16:17:46.0593139+00:00" testType="13cdc9d9-ddb5-4fa4-a97d-d965ccfc6d4b" outcome="Passed" testListId="8c84fa94-04c1-424b-9868-57a2d4851a1d" relativeResultsDirectory="76599c68-9a87-4576-b2d7-f53e81055074" />
    <UnitTestResult executionId="7489cf9a-5f03-4c8a-a03d-8fbb54dd33b9" testId="1efc2ef9-44be-85e2-7d31-b1e570c99961" testName="ClickUp.Api.Client.Tests.ServiceTests.GuestsServiceTests.EditGuestOnWorkspaceAsync_NullGuestInResponse_ThrowsInvalidOperationException" computerName="devbox" duration="00:00:00.0048937" startTime="2025-06-23T16:17:45.5390649+00:00" endTime="2025-06-23T16:17:45.5390651+00:00" testType="13cdc9d9-ddb5-4fa4-a97d-d965ccfc6d4b" outcome="Passed" testListId="8c84fa94-04c1-424b-9868-57a2d4851a1d" relativeResultsDirectory="7489cf9a-5f03-4c8a-a03d-8fbb54dd33b9" />
    <UnitTestResult executionId="c70d038d-6441-4f41-8174-6052280e5bd6" testId="3e9d1a63-eb7d-0da1-8899-9b1a1bb3d3bd" testName="ClickUp.Api.Client.Tests.ServiceTests.TaskServiceTests.GetFilteredTeamTasksAsync_ApiConnectionThrowsTaskCanceledException_PropagatesException" computerName="devbox" duration="00:00:00.0060221" startTime="2025-06-23T16:17:45.7057440+00:00" endTime="2025-06-23T16:17:45.7057441+00:00" testType="13cdc9d9-ddb5-4fa4-a97d-d965ccfc6d4b" outcome="Passed" testListId="8c84fa94-04c1-424b-9868-57a2d4851a1d" relativeResultsDirectory="c70d038d-6441-4f41-8174-6052280e5bd6" />
    <UnitTestResult executionId="4bfe2a9a-ac03-41ff-827b-b9fb428cf854" testId="b3e5ae08-2d01-f653-02ff-46c398308333" testName="ClickUp.Api.Client.Tests.ServiceTests.TemplatesServiceTests.GetTaskTemplatesAsync_ApiReturnsResponseWithNullTemplates_ReturnsEmptyList" computerName="devbox" duration="00:00:00.0107192" startTime="2025-06-23T16:17:45.8653498+00:00" endTime="2025-06-23T16:17:45.8653500+00:00" testType="13cdc9d9-ddb5-4fa4-a97d-d965ccfc6d4b" outcome="Passed" testListId="8c84fa94-04c1-424b-9868-57a2d4851a1d" relativeResultsDirectory="4bfe2a9a-ac03-41ff-827b-b9fb428cf854" />
    <UnitTestResult executionId="664738b2-e3fc-4130-aa95-c972f34723cb" testId="0180afdd-c3e5-7768-4cef-4956e2f0279d" testName="ClickUp.Api.Client.Tests.ServiceTests.UserGroupServiceTests.GetUserGroupsAsync_ApiReturnsNullResponse_ReturnsEmptyEnumerable" computerName="devbox" duration="00:00:00.0016789" startTime="2025-06-23T16:17:46.2869477+00:00" endTime="2025-06-23T16:17:46.2869478+00:00" testType="13cdc9d9-ddb5-4fa4-a97d-d965ccfc6d4b" outcome="Passed" testListId="8c84fa94-04c1-424b-9868-57a2d4851a1d" relativeResultsDirectory="664738b2-e3fc-4130-aa95-c972f34723cb" />
    <UnitTestResult executionId="34a5680c-a07b-4720-b6df-5c45b6ddb184" testId="93a946a5-103f-9951-c4fb-21add3658490" testName="ClickUp.Api.Client.Tests.ServiceTests.GoalsServiceTests.CreateGoalAsync_ApiError_ThrowsHttpRequestException" computerName="devbox" duration="00:00:00.0068617" startTime="2025-06-23T16:17:46.2156407+00:00" endTime="2025-06-23T16:17:46.2156409+00:00" testType="13cdc9d9-ddb5-4fa4-a97d-d965ccfc6d4b" outcome="Passed" testListId="8c84fa94-04c1-424b-9868-57a2d4851a1d" relativeResultsDirectory="34a5680c-a07b-4720-b6df-5c45b6ddb184" />
    <UnitTestResult executionId="fac6744c-d2e4-451e-9f62-a74951924011" testId="847146fe-1180-6206-469c-a22b64731580" testName="ClickUp.Api.Client.Tests.ServiceTests.TagsServiceTests.AddTagToTaskAsync_PassesCancellationTokenToApiConnection" computerName="devbox" duration="00:00:00.0120778" startTime="2025-06-23T16:17:45.9198174+00:00" endTime="2025-06-23T16:17:45.9198178+00:00" testType="13cdc9d9-ddb5-4fa4-a97d-d965ccfc6d4b" outcome="Passed" testListId="8c84fa94-04c1-424b-9868-57a2d4851a1d" relativeResultsDirectory="fac6744c-d2e4-451e-9f62-a74951924011" />
    <UnitTestResult executionId="8eb44c03-5c17-43e5-973f-af06644455a3" testId="ffb609b2-e71e-6830-1f60-49e0153938df" testName="ClickUp.Api.Client.Tests.ServiceTests.TimeTrackingServiceTests.GetTimeEntriesAsyncEnumerableAsync_HandlesApiError" computerName="devbox" duration="00:00:00.0025797" startTime="2025-06-23T16:17:46.5700807+00:00" endTime="2025-06-23T16:17:46.5700808+00:00" testType="13cdc9d9-ddb5-4fa4-a97d-d965ccfc6d4b" outcome="Passed" testListId="8c84fa94-04c1-424b-9868-57a2d4851a1d" relativeResultsDirectory="8eb44c03-5c17-43e5-973f-af06644455a3" />
    <UnitTestResult executionId="09c0aaaa-10aa-4d2b-879e-c0c788a96259" testId="f06b0bee-cd92-4ab3-04ec-051ae09a6a15" testName="ClickUp.Api.Client.Tests.Http.ApiConnectionTests.GetAsync_ThrowsCorrectException_ForGeneralErrorStatusCodes(statusCode: Forbidden, expectedExceptionType: typeof(ClickUp.Api.Client.Models.Exceptions.ClickUpApiAuthenticationException), expectedMessageContent: &quot;Forbidden&quot;)" computerName="devbox" duration="00:00:00.0010684" startTime="2025-06-23T16:17:46.1575000+00:00" endTime="2025-06-23T16:17:46.1575001+00:00" testType="13cdc9d9-ddb5-4fa4-a97d-d965ccfc6d4b" outcome="Passed" testListId="8c84fa94-04c1-424b-9868-57a2d4851a1d" relativeResultsDirectory="09c0aaaa-10aa-4d2b-879e-c0c788a96259" />
    <UnitTestResult executionId="95e4bdd5-5cab-42bf-986d-7434bc98d8da" testId="5d612f8b-c91c-9d3d-ce0b-ffe53fe5d9a0" testName="ClickUp.Api.Client.Tests.ServiceTests.TaskChecklistsServiceTests.DeleteChecklistAsync_ValidChecklistId_CallsDeleteAsync" computerName="devbox" duration="00:00:00.0072814" startTime="2025-06-23T16:17:46.1052903+00:00" endTime="2025-06-23T16:17:46.1052904+00:00" testType="13cdc9d9-ddb5-4fa4-a97d-d965ccfc6d4b" outcome="Passed" testListId="8c84fa94-04c1-424b-9868-57a2d4851a1d" relativeResultsDirectory="95e4bdd5-5cab-42bf-986d-7434bc98d8da" />
    <UnitTestResult executionId="71f16452-16f8-474b-837d-483cec581d3f" testId="1db1cf1a-a89d-63bd-e1eb-b0afa09e2872" testName="ClickUp.Api.Client.Tests.Models.Common.MemberTests.Member_ShouldSerializeCorrectly_WhenOptionalPropertiesAreNull" computerName="devbox" duration="00:00:00.0010753" startTime="2025-06-23T16:17:45.5974935+00:00" endTime="2025-06-23T16:17:45.5974936+00:00" testType="13cdc9d9-ddb5-4fa4-a97d-d965ccfc6d4b" outcome="Passed" testListId="8c84fa94-04c1-424b-9868-57a2d4851a1d" relativeResultsDirectory="71f16452-16f8-474b-837d-483cec581d3f" />
    <UnitTestResult executionId="567a12af-5467-41b1-b0f8-55c601afaf5f" testId="343cb0e1-1417-cf7e-abff-eab562d84b81" testName="ClickUp.Api.Client.Tests.ServiceTests.TimeTrackingServiceTests.CreateTimeEntryAsync_ApiConnectionThrowsHttpRequestException_PropagatesException" computerName="devbox" duration="00:00:00.0020416" startTime="2025-06-23T16:17:46.6707488+00:00" endTime="2025-06-23T16:17:46.6707489+00:00" testType="13cdc9d9-ddb5-4fa4-a97d-d965ccfc6d4b" outcome="Passed" testListId="8c84fa94-04c1-424b-9868-57a2d4851a1d" relativeResultsDirectory="567a12af-5467-41b1-b0f8-55c601afaf5f" />
    <UnitTestResult executionId="cc90c4f7-9aed-47b6-b568-b9767a74429c" testId="2532a0e0-d26a-c0fc-c5f7-f06b4858b91b" testName="ClickUp.Api.Client.Tests.Integration.AuthorizationServiceIntegrationTests.GetAuthorizedWorkspacesAsync_WithValidToken_ReturnsWorkspaces" computerName="devbox" duration="00:00:00.0010000" startTime="2025-06-23T16:17:46.1027098+00:00" endTime="2025-06-23T16:17:46.1027100+00:00" testType="13cdc9d9-ddb5-4fa4-a97d-d965ccfc6d4b" outcome="Failed" testListId="8c84fa94-04c1-424b-9868-57a2d4851a1d" relativeResultsDirectory="cc90c4f7-9aed-47b6-b568-b9767a74429c">
      <Output>
        <ErrorInfo>
          <Message>System.InvalidOperationException : ClickUp API PersonalAccessToken not configured for integration tests. Set via User Secrets (e.g., 'ClickUpApi:PersonalAccessToken') or Environment Variables (e.g., 'ClickUpApi__PersonalAccessToken').</Message>
          <StackTrace>   at ClickUp.Api.Client.Tests.Integration.IntegrationTestBase..ctor() in /app/src/ClickUp.Api.Client.Tests/Integration/IntegrationTestBase.cs:line 28
   at ClickUp.Api.Client.Tests.Integration.AuthorizationServiceIntegrationTests..ctor(ITestOutputHelper output) in /app/src/ClickUp.Api.Client.Tests/Integration/AuthorizationServiceIntegrationTests.cs:line 19
   at System.RuntimeMethodHandle.InvokeMethod(Object target, Void** arguments, Signature sig, Boolean isConstructor)
   at System.Reflection.MethodBaseInvoker.InvokeDirectByRefWithFewArgs(Object obj, Span`1 copyOfArgs, BindingFlags invokeAttr)</StackTrace>
        </ErrorInfo>
      </Output>
    </UnitTestResult>
    <UnitTestResult executionId="4df66d98-f91b-4f57-82e5-24eb3b9a5864" testId="c07f3ebe-feeb-0c21-e851-13afcafc278a" testName="ClickUp.Api.Client.Tests.ServiceTests.TagsServiceTests.GetSpaceTagsAsync_ApiReturnsNullResponse_ReturnsEmptyEnumerable" computerName="devbox" duration="00:00:00.0074119" startTime="2025-06-23T16:17:45.7624016+00:00" endTime="2025-06-23T16:17:45.7624016+00:00" testType="13cdc9d9-ddb5-4fa4-a97d-d965ccfc6d4b" outcome="Passed" testListId="8c84fa94-04c1-424b-9868-57a2d4851a1d" relativeResultsDirectory="4df66d98-f91b-4f57-82e5-24eb3b9a5864" />
    <UnitTestResult executionId="3a743349-6f9c-4f61-8362-9a08fb6d377e" testId="5d366c36-141d-ee9f-0e5c-a1ebaf18b891" testName="ClickUp.Api.Client.Tests.ServiceTests.ChatServiceTests.CreateChatReactionAsync_PassesCancellationTokenToApiConnection" computerName="devbox" duration="00:00:00.0194168" startTime="2025-06-23T16:17:45.2169598+00:00" endTime="2025-06-23T16:17:45.2169599+00:00" testType="13cdc9d9-ddb5-4fa4-a97d-d965ccfc6d4b" outcome="Passed" testListId="8c84fa94-04c1-424b-9868-57a2d4851a1d" relativeResultsDirectory="3a743349-6f9c-4f61-8362-9a08fb6d377e" />
    <UnitTestResult executionId="35ced410-51a6-44f9-b1b6-26ba1f0ec613" testId="b8d226bc-f3b7-412c-83c2-b72c9c49261b" testName="ClickUp.Api.Client.Tests.ServiceTests.WebhooksServiceTests.UpdateWebhookAsync_ApiConnectionThrowsHttpRequestException_PropagatesException" computerName="devbox" duration="00:00:00.0031281" startTime="2025-06-23T16:17:46.4915421+00:00" endTime="2025-06-23T16:17:46.4915423+00:00" testType="13cdc9d9-ddb5-4fa4-a97d-d965ccfc6d4b" outcome="Passed" testListId="8c84fa94-04c1-424b-9868-57a2d4851a1d" relativeResultsDirectory="35ced410-51a6-44f9-b1b6-26ba1f0ec613" />
    <UnitTestResult executionId="de7fa70c-7620-4549-af98-45ac8782ad64" testId="0bf23eb2-0c49-dfa7-75c5-e1b7bf6065d3" testName="ClickUp.Api.Client.Tests.ServiceTests.CustomFieldsServiceTests.GetWorkspaceCustomFieldsAsync_NullResponse_ReturnsEmptyList" computerName="devbox" duration="00:00:00.0023169" startTime="2025-06-23T16:17:45.3425310+00:00" endTime="2025-06-23T16:17:45.3425311+00:00" testType="13cdc9d9-ddb5-4fa4-a97d-d965ccfc6d4b" outcome="Passed" testListId="8c84fa94-04c1-424b-9868-57a2d4851a1d" relativeResultsDirectory="de7fa70c-7620-4549-af98-45ac8782ad64" />
    <UnitTestResult executionId="f8589d0b-a2d3-4424-81ee-cb438005d0a8" testId="5ec4b980-14a9-daae-341a-f8bfcb17afca" testName="ClickUp.Api.Client.Tests.ServiceTests.TaskChecklistsServiceTests.CreateChecklistAsync_ApiConnectionThrowsTaskCanceledException_PropagatesException" computerName="devbox" duration="00:00:00.0023004" startTime="2025-06-23T16:17:46.0600251+00:00" endTime="2025-06-23T16:17:46.0600251+00:00" testType="13cdc9d9-ddb5-4fa4-a97d-d965ccfc6d4b" outcome="Passed" testListId="8c84fa94-04c1-424b-9868-57a2d4851a1d" relativeResultsDirectory="f8589d0b-a2d3-4424-81ee-cb438005d0a8" />
    <UnitTestResult executionId="2c112398-055c-43e6-9282-b18f1b31fd58" testId="cab1a997-800d-2c3b-4c26-6695fd51d4d2" testName="ClickUp.Api.Client.Tests.ServiceTests.AuthorizationServiceTests.GetAuthorizedWorkspacesAsync_ApiConnectionThrowsException_PropagatesException" computerName="devbox" duration="00:00:00.0016077" startTime="2025-06-23T16:17:45.2452079+00:00" endTime="2025-06-23T16:17:45.2452080+00:00" testType="13cdc9d9-ddb5-4fa4-a97d-d965ccfc6d4b" outcome="Passed" testListId="8c84fa94-04c1-424b-9868-57a2d4851a1d" relativeResultsDirectory="2c112398-055c-43e6-9282-b18f1b31fd58" />
    <UnitTestResult executionId="8980022a-f705-4375-b32c-f25e8361b980" testId="42da3e86-c4b2-f46d-0f5b-b82a328f739c" testName="ClickUp.Api.Client.Tests.Http.ApiConnectionTests.GetAsync_ThrowsClickUpApiException_WhenContentIsEmpty" computerName="devbox" duration="00:00:00.0021235" startTime="2025-06-23T16:17:46.1945082+00:00" endTime="2025-06-23T16:17:46.1945083+00:00" testType="13cdc9d9-ddb5-4fa4-a97d-d965ccfc6d4b" outcome="Passed" testListId="8c84fa94-04c1-424b-9868-57a2d4851a1d" relativeResultsDirectory="8980022a-f705-4375-b32c-f25e8361b980" />
    <UnitTestResult executionId="c1792d93-b45f-4494-9fa5-d78db3a6dec3" testId="ff8e5368-8586-954c-9206-ce80c08a8e42" testName="ClickUp.Api.Client.Tests.ServiceTests.CommentServiceTests.CreateChatViewCommentAsync_ValidInput_CallsApiConnectionPostAsyncWithCorrectParameters" computerName="devbox" duration="00:00:00.0044533" startTime="2025-06-23T16:17:45.9852181+00:00" endTime="2025-06-23T16:17:45.9852182+00:00" testType="13cdc9d9-ddb5-4fa4-a97d-d965ccfc6d4b" outcome="Passed" testListId="8c84fa94-04c1-424b-9868-57a2d4851a1d" relativeResultsDirectory="c1792d93-b45f-4494-9fa5-d78db3a6dec3" />
    <UnitTestResult executionId="0f136c62-0e09-4b74-8c84-996889c88dbb" testId="7973c737-8468-2c7a-c554-7b746e076293" testName="ClickUp.Api.Client.Tests.ServiceTests.UserGroupServiceTests.UpdateUserGroupAsync_ApiConnectionThrowsTaskCanceledException_PropagatesException" computerName="devbox" duration="00:00:00.0031719" startTime="2025-06-23T16:17:46.3120306+00:00" endTime="2025-06-23T16:17:46.3120307+00:00" testType="13cdc9d9-ddb5-4fa4-a97d-d965ccfc6d4b" outcome="Passed" testListId="8c84fa94-04c1-424b-9868-57a2d4851a1d" relativeResultsDirectory="0f136c62-0e09-4b74-8c84-996889c88dbb" />
    <UnitTestResult executionId="f5990dcd-3f26-46f3-9416-5ad6f6e2cd66" testId="d02ae00d-1311-89ab-3fb9-c916f421eba3" testName="ClickUp.Api.Client.Tests.Models.Entities.CustomFieldValueTests.Deserialize_DateFieldValue_Correctly" computerName="devbox" duration="00:00:00.0002829" startTime="2025-06-23T16:17:46.0219382+00:00" endTime="2025-06-23T16:17:46.0219383+00:00" testType="13cdc9d9-ddb5-4fa4-a97d-d965ccfc6d4b" outcome="Passed" testListId="8c84fa94-04c1-424b-9868-57a2d4851a1d" relativeResultsDirectory="f5990dcd-3f26-46f3-9416-5ad6f6e2cd66" />
    <UnitTestResult executionId="1814e233-8ef0-4891-9049-33f53105f974" testId="e6896e68-172c-7d75-7ae6-4d62e7ed6747" testName="ClickUp.Api.Client.Tests.Http.ApiConnectionTests.GetAsync_ThrowsClickUpApiException_WhenContentIsNotJson" computerName="devbox" duration="00:00:00.0066957" startTime="2025-06-23T16:17:46.1763594+00:00" endTime="2025-06-23T16:17:46.1763595+00:00" testType="13cdc9d9-ddb5-4fa4-a97d-d965ccfc6d4b" outcome="Passed" testListId="8c84fa94-04c1-424b-9868-57a2d4851a1d" relativeResultsDirectory="1814e233-8ef0-4891-9049-33f53105f974" />
    <UnitTestResult executionId="44903bde-80a5-4ac9-a3af-fb89fc72b19f" testId="3a5833f7-aba2-d5f8-b201-45f09afa3b5f" testName="ClickUp.Api.Client.Tests.ServiceTests.GuestsServiceTests.AddGuestToFolderAsync_NullGuestInResponse_ThrowsInvalidOperationException" computerName="devbox" duration="00:00:00.0039609" startTime="2025-06-23T16:17:45.4465669+00:00" endTime="2025-06-23T16:17:45.4465671+00:00" testType="13cdc9d9-ddb5-4fa4-a97d-d965ccfc6d4b" outcome="Passed" testListId="8c84fa94-04c1-424b-9868-57a2d4851a1d" relativeResultsDirectory="44903bde-80a5-4ac9-a3af-fb89fc72b19f" />
    <UnitTestResult executionId="bfbe5d82-3ab7-4f55-8db3-e95612b3014c" testId="bf5b6035-e322-69a8-84b4-c7074fea8038" testName="ClickUp.Api.Client.Tests.ServiceTests.TimeTrackingServiceTests.StopTimeEntryAsync_ValidRequest_ReturnsStoppedTimeEntry" computerName="devbox" duration="00:00:00.0038790" startTime="2025-06-23T16:17:46.5390814+00:00" endTime="2025-06-23T16:17:46.5390815+00:00" testType="13cdc9d9-ddb5-4fa4-a97d-d965ccfc6d4b" outcome="Passed" testListId="8c84fa94-04c1-424b-9868-57a2d4851a1d" relativeResultsDirectory="bfbe5d82-3ab7-4f55-8db3-e95612b3014c" />
    <UnitTestResult executionId="2ea1d2a4-e0dc-44d6-88ad-c14995b3208a" testId="7f903fd8-7c94-6024-9ea6-9245d052b5b8" testName="ClickUp.Api.Client.Tests.ServiceTests.ChatServiceTests.CreateReplyMessageAsync_ApiConnectionThrowsTaskCanceledException_PropagatesException" computerName="devbox" duration="00:00:00.0065780" startTime="2025-06-23T16:17:45.4897777+00:00" endTime="2025-06-23T16:17:45.4897778+00:00" testType="13cdc9d9-ddb5-4fa4-a97d-d965ccfc6d4b" outcome="Passed" testListId="8c84fa94-04c1-424b-9868-57a2d4851a1d" relativeResultsDirectory="2ea1d2a4-e0dc-44d6-88ad-c14995b3208a" />
    <UnitTestResult executionId="46620836-f4dc-47b2-93c0-5c9f62e4aca8" testId="381f377e-08c0-a262-2d01-bbb43b81a3fa" testName="ClickUp.Api.Client.Tests.ServiceTests.GuestsServiceTests.GetGuestAsync_PassesCancellationTokenToApiConnection" computerName="devbox" duration="00:00:00.0037425" startTime="2025-06-23T16:17:45.3946441+00:00" endTime="2025-06-23T16:17:45.3946441+00:00" testType="13cdc9d9-ddb5-4fa4-a97d-d965ccfc6d4b" outcome="Passed" testListId="8c84fa94-04c1-424b-9868-57a2d4851a1d" relativeResultsDirectory="46620836-f4dc-47b2-93c0-5c9f62e4aca8" />
    <UnitTestResult executionId="84c68e29-f2a5-4a64-b63b-8522182d02f8" testId="b2d4b964-f22a-8748-fa80-0fa6155a715e" testName="ClickUp.Api.Client.Tests.ServiceTests.ListsServiceTests.GetListAsync_ValidListId_ReturnsList" computerName="devbox" duration="00:00:00.0049178" startTime="2025-06-23T16:17:46.5326248+00:00" endTime="2025-06-23T16:17:46.5326250+00:00" testType="13cdc9d9-ddb5-4fa4-a97d-d965ccfc6d4b" outcome="Passed" testListId="8c84fa94-04c1-424b-9868-57a2d4851a1d" relativeResultsDirectory="84c68e29-f2a5-4a64-b63b-8522182d02f8" />
    <UnitTestResult executionId="98846f88-9823-4bf4-ae9e-8d42e9f9bb91" testId="57026cfb-7399-a346-baa6-26f7f3bcc001" testName="ClickUp.Api.Client.Tests.ServiceTests.CustomFieldsServiceTests.GetAccessibleCustomFieldsAsync_NullResponse_ReturnsEmptyList" computerName="devbox" duration="00:00:00.0065739" startTime="2025-06-23T16:17:45.2772439+00:00" endTime="2025-06-23T16:17:45.2772441+00:00" testType="13cdc9d9-ddb5-4fa4-a97d-d965ccfc6d4b" outcome="Passed" testListId="8c84fa94-04c1-424b-9868-57a2d4851a1d" relativeResultsDirectory="98846f88-9823-4bf4-ae9e-8d42e9f9bb91" />
    <UnitTestResult executionId="a8d7cc42-5753-4857-a6a0-eefdbb7347c8" testId="94f6961b-99ac-3736-ade9-470132a8b137" testName="ClickUp.Api.Client.Tests.ServiceTests.GoalsServiceTests.UpdateGoalAsync_PassesCancellationTokenToApiConnection" computerName="devbox" duration="00:00:00.0109180" startTime="2025-06-23T16:17:46.2818241+00:00" endTime="2025-06-23T16:17:46.2818242+00:00" testType="13cdc9d9-ddb5-4fa4-a97d-d965ccfc6d4b" outcome="Passed" testListId="8c84fa94-04c1-424b-9868-57a2d4851a1d" relativeResultsDirectory="a8d7cc42-5753-4857-a6a0-eefdbb7347c8" />
    <UnitTestResult executionId="3121cbdc-a413-41e3-9957-46a33b89950c" testId="f31bace1-8f20-4ff1-a788-959919728bf7" testName="ClickUp.Api.Client.Tests.ServiceTests.CommentServiceTests.UpdateCommentAsync_ApiConnectionThrowsTaskCanceledException_PropagatesException" computerName="devbox" duration="00:00:00.0057733" startTime="2025-06-23T16:17:45.9510846+00:00" endTime="2025-06-23T16:17:45.9510846+00:00" testType="13cdc9d9-ddb5-4fa4-a97d-d965ccfc6d4b" outcome="Passed" testListId="8c84fa94-04c1-424b-9868-57a2d4851a1d" relativeResultsDirectory="3121cbdc-a413-41e3-9957-46a33b89950c" />
    <UnitTestResult executionId="ea860a2a-fa1e-49cd-b602-a9654a036572" testId="a00ccaed-d422-5174-66fa-c2af3acc6080" testName="ClickUp.Api.Client.Tests.ServiceTests.TaskRelationshipsServiceTests.AddDependencyAsync_ApiConnectionThrowsHttpRequestException_PropagatesException" computerName="devbox" duration="00:00:00.0037715" startTime="2025-06-23T16:17:45.2969278+00:00" endTime="2025-06-23T16:17:45.2969278+00:00" testType="13cdc9d9-ddb5-4fa4-a97d-d965ccfc6d4b" outcome="Passed" testListId="8c84fa94-04c1-424b-9868-57a2d4851a1d" relativeResultsDirectory="ea860a2a-fa1e-49cd-b602-a9654a036572" />
    <UnitTestResult executionId="6d684087-5565-44ba-b3d4-c2e904ed8f73" testId="7f3958b9-1f8d-6baf-a1fe-2fb06fcdfede" testName="ClickUp.Api.Client.Tests.ServiceTests.UsersServiceTests.RemoveUserFromWorkspaceAsync_PassesCancellationTokenToApiConnection" computerName="devbox" duration="00:00:00.0076187" startTime="2025-06-23T16:17:46.4586462+00:00" endTime="2025-06-23T16:17:46.4586463+00:00" testType="13cdc9d9-ddb5-4fa4-a97d-d965ccfc6d4b" outcome="Passed" testListId="8c84fa94-04c1-424b-9868-57a2d4851a1d" relativeResultsDirectory="6d684087-5565-44ba-b3d4-c2e904ed8f73" />
    <UnitTestResult executionId="bfb7be90-fe97-4410-b0ab-01416327691e" testId="d8e8f656-b222-2cc4-39e9-933e25cf137d" testName="ClickUp.Api.Client.Tests.ServiceTests.TaskServiceTests.GetTaskAsync_ValidTaskId_ReturnsTask" computerName="devbox" duration="00:00:00.0097978" startTime="2025-06-23T16:17:45.8479994+00:00" endTime="2025-06-23T16:17:45.8479995+00:00" testType="13cdc9d9-ddb5-4fa4-a97d-d965ccfc6d4b" outcome="Passed" testListId="8c84fa94-04c1-424b-9868-57a2d4851a1d" relativeResultsDirectory="bfb7be90-fe97-4410-b0ab-01416327691e" />
    <UnitTestResult executionId="502af130-234e-4669-9375-20ba52dd6666" testId="36d06b84-6e04-11a0-210f-b3c13e89dcf3" testName="ClickUp.Api.Client.Tests.ServiceTests.ChatServiceTests.CreateLocationChatChannelAsync_NullResponse_ThrowsInvalidOperationException" computerName="devbox" duration="00:00:00.0165897" startTime="2025-06-23T16:17:45.2454518+00:00" endTime="2025-06-23T16:17:45.2454519+00:00" testType="13cdc9d9-ddb5-4fa4-a97d-d965ccfc6d4b" outcome="Passed" testListId="8c84fa94-04c1-424b-9868-57a2d4851a1d" relativeResultsDirectory="502af130-234e-4669-9375-20ba52dd6666" />
    <UnitTestResult executionId="2413e934-d3d9-4312-8b48-e66df32dbd60" testId="8088e513-e412-9622-3f7a-f9562ac3bf34" testName="ClickUp.Api.Client.Tests.ServiceTests.TimeTrackingServiceTests.GetRunningTimeEntryAsync_ApiReturnsNullResponseObject_ReturnsNull" computerName="devbox" duration="00:00:00.0011858" startTime="2025-06-23T16:17:46.6720701+00:00" endTime="2025-06-23T16:17:46.6720702+00:00" testType="13cdc9d9-ddb5-4fa4-a97d-d965ccfc6d4b" outcome="Passed" testListId="8c84fa94-04c1-424b-9868-57a2d4851a1d" relativeResultsDirectory="2413e934-d3d9-4312-8b48-e66df32dbd60" />
    <UnitTestResult executionId="c4d34b0b-584f-47dc-9f8a-64cb377e0454" testId="bbaa2134-d544-d4f3-8422-7acb5b3b93cd" testName="ClickUp.Api.Client.Tests.ServiceTests.WorkspacesServiceTests.GetWorkspacePlanAsync_ApiReturnsNullResponse_ThrowsInvalidOperationException" computerName="devbox" duration="00:00:00.0076614" startTime="2025-06-23T16:17:45.1351809+00:00" endTime="2025-06-23T16:17:45.1351811+00:00" testType="13cdc9d9-ddb5-4fa4-a97d-d965ccfc6d4b" outcome="Passed" testListId="8c84fa94-04c1-424b-9868-57a2d4851a1d" relativeResultsDirectory="c4d34b0b-584f-47dc-9f8a-64cb377e0454" />
    <UnitTestResult executionId="009cc93c-528e-4de5-8717-6a2e6c045ec9" testId="68579825-3ce7-f903-dde4-dce9eb6ac251" testName="ClickUp.Api.Client.Tests.ServiceTests.DocsServiceTests.EditPageAsync_ApiConnectionThrowsTaskCanceledException_PropagatesException" computerName="devbox" duration="00:00:00.0065842" startTime="2025-06-23T16:17:45.4628373+00:00" endTime="2025-06-23T16:17:45.4628374+00:00" testType="13cdc9d9-ddb5-4fa4-a97d-d965ccfc6d4b" outcome="Passed" testListId="8c84fa94-04c1-424b-9868-57a2d4851a1d" relativeResultsDirectory="009cc93c-528e-4de5-8717-6a2e6c045ec9" />
    <UnitTestResult executionId="fc8f605e-4275-4c32-98cd-553ecb8b3bcc" testId="a3e51ec7-b3af-413f-6ae4-8f1fbff3734c" testName="ClickUp.Api.Client.Tests.ServiceTests.ChatServiceTests.GetChatMessageRepliesAsync_ApiError_ThrowsHttpRequestException" computerName="devbox" duration="00:00:00.0036150" startTime="2025-06-23T16:17:45.5981026+00:00" endTime="2025-06-23T16:17:45.5981027+00:00" testType="13cdc9d9-ddb5-4fa4-a97d-d965ccfc6d4b" outcome="Passed" testListId="8c84fa94-04c1-424b-9868-57a2d4851a1d" relativeResultsDirectory="fc8f605e-4275-4c32-98cd-553ecb8b3bcc" />
    <UnitTestResult executionId="b37b370c-230c-4fdb-ae89-5745ad78c953" testId="ea2246a3-0287-0891-9a82-a77b59c13d14" testName="ClickUp.Api.Client.Tests.ServiceTests.TaskServiceTests.GetFilteredTeamTasksAsyncEnumerable_ReturnsAllTasks_WhenSinglePage" computerName="devbox" duration="00:00:00.0096465" startTime="2025-06-23T16:17:45.6979653+00:00" endTime="2025-06-23T16:17:45.6979655+00:00" testType="13cdc9d9-ddb5-4fa4-a97d-d965ccfc6d4b" outcome="Passed" testListId="8c84fa94-04c1-424b-9868-57a2d4851a1d" relativeResultsDirectory="b37b370c-230c-4fdb-ae89-5745ad78c953" />
    <UnitTestResult executionId="eeae14df-4cb6-442d-9aa9-8e1f31365d1a" testId="dbd63457-4988-d550-ab86-9da65e8ef0c1" testName="ClickUp.Api.Client.Tests.ServiceTests.WebhooksServiceTests.CreateWebhookAsync_ApiConnectionThrowsHttpRequestException_PropagatesException" computerName="devbox" duration="00:00:00.0021167" startTime="2025-06-23T16:17:46.4200504+00:00" endTime="2025-06-23T16:17:46.4200505+00:00" testType="13cdc9d9-ddb5-4fa4-a97d-d965ccfc6d4b" outcome="Passed" testListId="8c84fa94-04c1-424b-9868-57a2d4851a1d" relativeResultsDirectory="eeae14df-4cb6-442d-9aa9-8e1f31365d1a" />
    <UnitTestResult executionId="05b11e92-5a31-49e7-9053-100ed0d3d297" testId="c8272ceb-7748-0664-e2e5-41dcf83b5568" testName="ClickUp.Api.Client.Tests.ServiceTests.DocsServiceTests.GetDocAsync_NullDataInResponse_ThrowsInvalidOperationException" computerName="devbox" duration="00:00:00.0015349" startTime="2025-06-23T16:17:45.4750436+00:00" endTime="2025-06-23T16:17:45.4750437+00:00" testType="13cdc9d9-ddb5-4fa4-a97d-d965ccfc6d4b" outcome="Passed" testListId="8c84fa94-04c1-424b-9868-57a2d4851a1d" relativeResultsDirectory="05b11e92-5a31-49e7-9053-100ed0d3d297" />
    <UnitTestResult executionId="a8f58dcb-47d9-48a7-be15-ee2f9fa1e793" testId="55b32a28-7140-7866-dfb0-7fc53d5705bd" testName="ClickUp.Api.Client.Tests.ServiceTests.DocsServiceTests.SearchDocsAsync_PassesCancellationTokenToApiConnection" computerName="devbox" duration="00:00:00.0105687" startTime="2025-06-23T16:17:45.6117034+00:00" endTime="2025-06-23T16:17:45.6117035+00:00" testType="13cdc9d9-ddb5-4fa4-a97d-d965ccfc6d4b" outcome="Passed" testListId="8c84fa94-04c1-424b-9868-57a2d4851a1d" relativeResultsDirectory="a8f58dcb-47d9-48a7-be15-ee2f9fa1e793" />
    <UnitTestResult executionId="db48d867-4e75-4b00-8f83-01309321e033" testId="74a6c389-14e7-9d6b-b263-f485828c30bc" testName="ClickUp.Api.Client.Tests.ServiceTests.ChatServiceTests.DeleteChatChannelAsync_PassesCancellationTokenToApiConnection" computerName="devbox" duration="00:00:00.0073371" startTime="2025-06-23T16:17:45.6422150+00:00" endTime="2025-06-23T16:17:45.6422150+00:00" testType="13cdc9d9-ddb5-4fa4-a97d-d965ccfc6d4b" outcome="Passed" testListId="8c84fa94-04c1-424b-9868-57a2d4851a1d" relativeResultsDirectory="db48d867-4e75-4b00-8f83-01309321e033" />
    <UnitTestResult executionId="4cbbc886-7c09-4169-8715-3fdebd08f021" testId="976057f5-1513-1aff-d45f-402de7473011" testName="ClickUp.Api.Client.Tests.ServiceTests.GuestsServiceTests.RemoveGuestFromFolderAsync_PassesCancellationTokenToApiConnection" computerName="devbox" duration="00:00:00.0042435" startTime="2025-06-23T16:17:45.4220151+00:00" endTime="2025-06-23T16:17:45.4220152+00:00" testType="13cdc9d9-ddb5-4fa4-a97d-d965ccfc6d4b" outcome="Passed" testListId="8c84fa94-04c1-424b-9868-57a2d4851a1d" relativeResultsDirectory="4cbbc886-7c09-4169-8715-3fdebd08f021" />
    <UnitTestResult executionId="df5132e3-4c31-46d0-9332-dcf6a1fdca58" testId="c76b7fd5-7ff2-176d-1cad-f31aaca9e9dd" testName="ClickUp.Api.Client.Tests.ServiceTests.TimeTrackingServiceTests.UpdateTimeEntryAsync_ValidRequest_ReturnsUpdatedTimeEntry" computerName="devbox" duration="00:00:00.0104016" startTime="2025-06-23T16:17:46.3769909+00:00" endTime="2025-06-23T16:17:46.3769910+00:00" testType="13cdc9d9-ddb5-4fa4-a97d-d965ccfc6d4b" outcome="Passed" testListId="8c84fa94-04c1-424b-9868-57a2d4851a1d" relativeResultsDirectory="df5132e3-4c31-46d0-9332-dcf6a1fdca58" />
    <UnitTestResult executionId="72a0331a-40a0-4e1f-99a6-21571fea2017" testId="cbc7773d-8c1a-833d-6ca3-5c12e4916814" testName="ClickUp.Api.Client.Tests.ServiceTests.GoalsServiceTests.CreateGoalAsync_ApiConnectionThrowsTaskCanceledException_PropagatesException" computerName="devbox" duration="00:00:00.0053629" startTime="2025-06-23T16:17:46.3261676+00:00" endTime="2025-06-23T16:17:46.3261676+00:00" testType="13cdc9d9-ddb5-4fa4-a97d-d965ccfc6d4b" outcome="Passed" testListId="8c84fa94-04c1-424b-9868-57a2d4851a1d" relativeResultsDirectory="72a0331a-40a0-4e1f-99a6-21571fea2017" />
    <UnitTestResult executionId="c6008b63-3043-4a3a-ba82-50c38ca944de" testId="cbbfbcf5-4e99-ab8a-4aab-1b6e30b711ff" testName="ClickUp.Api.Client.Tests.ServiceTests.ChatServiceTests.CreateChatChannelAsync_ApiError_ThrowsHttpRequestException" computerName="devbox" duration="00:00:00.0031260" startTime="2025-06-23T16:17:45.4244165+00:00" endTime="2025-06-23T16:17:45.4244166+00:00" testType="13cdc9d9-ddb5-4fa4-a97d-d965ccfc6d4b" outcome="Passed" testListId="8c84fa94-04c1-424b-9868-57a2d4851a1d" relativeResultsDirectory="c6008b63-3043-4a3a-ba82-50c38ca944de" />
    <UnitTestResult executionId="f3b72c77-6184-4999-857c-9c9370c4781b" testId="754e506c-648d-4410-32f3-1251243899e1" testName="ClickUp.Api.Client.Tests.ServiceTests.GoalsServiceTests.CreateGoalAsync_PassesCancellationTokenToApiConnection" computerName="devbox" duration="00:00:00.0044144" startTime="2025-06-23T16:17:46.4265172+00:00" endTime="2025-06-23T16:17:46.4265173+00:00" testType="13cdc9d9-ddb5-4fa4-a97d-d965ccfc6d4b" outcome="Passed" testListId="8c84fa94-04c1-424b-9868-57a2d4851a1d" relativeResultsDirectory="f3b72c77-6184-4999-857c-9c9370c4781b" />
    <UnitTestResult executionId="b5c905e4-0440-4e1c-961f-9a2a0d79e428" testId="c53f3266-96ab-10cf-e5cd-8a310b3ac046" testName="ClickUp.Api.Client.Tests.ServiceTests.TaskServiceTests.GetFilteredTeamTasksAsync_WhitespaceWorkspaceId_ThrowsArgumentNullException" computerName="devbox" duration="00:00:00.0018792" startTime="2025-06-23T16:17:45.8325676+00:00" endTime="2025-06-23T16:17:45.8325677+00:00" testType="13cdc9d9-ddb5-4fa4-a97d-d965ccfc6d4b" outcome="Passed" testListId="8c84fa94-04c1-424b-9868-57a2d4851a1d" relativeResultsDirectory="b5c905e4-0440-4e1c-961f-9a2a0d79e428" />
    <UnitTestResult executionId="29f95722-a3da-4948-806b-8c53aa536af1" testId="f8a3be77-6b3e-6488-6197-4edc60313224" testName="ClickUp.Api.Client.Tests.ServiceTests.TimeTrackingServiceTests.GetAllTimeEntryTagsAsync_ApiConnectionThrowsTaskCanceledException_PropagatesException" computerName="devbox" duration="00:00:00.0019569" startTime="2025-06-23T16:17:46.5739972+00:00" endTime="2025-06-23T16:17:46.5739973+00:00" testType="13cdc9d9-ddb5-4fa4-a97d-d965ccfc6d4b" outcome="Passed" testListId="8c84fa94-04c1-424b-9868-57a2d4851a1d" relativeResultsDirectory="29f95722-a3da-4948-806b-8c53aa536af1" />
    <UnitTestResult executionId="e55f8327-87b6-467d-b361-aa4b0d1c20a9" testId="67f50d33-f9fe-c18c-8531-02094f7b4272" testName="ClickUp.Api.Client.Tests.ServiceTests.GuestsServiceTests.AddGuestToFolderAsync_NullApiResponse_ThrowsInvalidOperationException" computerName="devbox" duration="00:00:00.0035572" startTime="2025-06-23T16:17:45.4128932+00:00" endTime="2025-06-23T16:17:45.4128933+00:00" testType="13cdc9d9-ddb5-4fa4-a97d-d965ccfc6d4b" outcome="Passed" testListId="8c84fa94-04c1-424b-9868-57a2d4851a1d" relativeResultsDirectory="e55f8327-87b6-467d-b361-aa4b0d1c20a9" />
    <UnitTestResult executionId="63860acd-7f57-442f-84e7-0e38fbdc1b11" testId="46b3c2ba-8592-31fb-7b9f-4c21bb30a437" testName="ClickUp.Api.Client.Tests.Http.AuthenticationDelegatingHandlerTests.SendAsync_ShouldAddAuthorizationHeader_WithApiKey" computerName="devbox" duration="00:00:00.0040721" startTime="2025-06-23T16:17:45.6526143+00:00" endTime="2025-06-23T16:17:45.6526145+00:00" testType="13cdc9d9-ddb5-4fa4-a97d-d965ccfc6d4b" outcome="Passed" testListId="8c84fa94-04c1-424b-9868-57a2d4851a1d" relativeResultsDirectory="63860acd-7f57-442f-84e7-0e38fbdc1b11" />
    <UnitTestResult executionId="2b9ab342-9bfa-46fc-baa6-41612a9d7e5d" testId="4fb15a10-7dd6-baa4-3513-dbaf2feafd3d" testName="ClickUp.Api.Client.Tests.ServiceTests.ViewsServiceTests.GetSpaceViewsAsync_ApiReturnsNull_ThrowsInvalidOperationException" computerName="devbox" duration="00:00:00.0015377" startTime="2025-06-23T16:17:45.3015765+00:00" endTime="2025-06-23T16:17:45.3015766+00:00" testType="13cdc9d9-ddb5-4fa4-a97d-d965ccfc6d4b" outcome="Failed" testListId="8c84fa94-04c1-424b-9868-57a2d4851a1d" relativeResultsDirectory="2b9ab342-9bfa-46fc-baa6-41612a9d7e5d">
      <Output>
        <ErrorInfo>
          <Message>Assert.Throws() Failure: No exception was thrown
Expected: typeof(System.InvalidOperationException)</Message>
          <StackTrace>   at ClickUp.Api.Client.Tests.ServiceTests.ViewsServiceTests.GetSpaceViewsAsync_ApiReturnsNull_ThrowsInvalidOperationException() in /app/src/ClickUp.Api.Client.Tests/ServiceTests/ViewsServiceTests.cs:line 125
--- End of stack trace from previous location ---</StackTrace>
        </ErrorInfo>
      </Output>
    </UnitTestResult>
    <UnitTestResult executionId="ff83a443-043e-41fa-bc0e-0ffb791d18ed" testId="0d429cb4-e725-1d4d-9793-815570156f76" testName="ClickUp.Api.Client.Tests.ServiceTests.UserGroupServiceTests.UpdateUserGroupAsync_ValidRequest_ReturnsUpdatedUserGroup" computerName="devbox" duration="00:00:00.0133629" startTime="2025-06-23T16:17:46.2208670+00:00" endTime="2025-06-23T16:17:46.2208672+00:00" testType="13cdc9d9-ddb5-4fa4-a97d-d965ccfc6d4b" outcome="Passed" testListId="8c84fa94-04c1-424b-9868-57a2d4851a1d" relativeResultsDirectory="ff83a443-043e-41fa-bc0e-0ffb791d18ed" />
    <UnitTestResult executionId="1a103131-1f41-443f-bc4c-ef79d2723938" testId="83fa4b30-418d-4d63-8b7e-e52905edc26b" testName="ClickUp.Api.Client.Tests.ServiceTests.DocsServiceTests.GetDocPagesAsync_MinimalRequest_BuildsUrlAndReturnsPages" computerName="devbox" duration="00:00:00.0094902" startTime="2025-06-23T16:17:45.6623702+00:00" endTime="2025-06-23T16:17:45.6623702+00:00" testType="13cdc9d9-ddb5-4fa4-a97d-d965ccfc6d4b" outcome="Passed" testListId="8c84fa94-04c1-424b-9868-57a2d4851a1d" relativeResultsDirectory="1a103131-1f41-443f-bc4c-ef79d2723938" />
    <UnitTestResult executionId="be300391-0092-44a5-9b1b-783669671e33" testId="fbd963d5-8fdc-5f98-443c-7fe2f17bd0bf" testName="ClickUp.Api.Client.Tests.ServiceTests.GuestsServiceTests.GetGuestAsync_NullApiResponse_ThrowsInvalidOperationException" computerName="devbox" duration="00:00:00.0015849" startTime="2025-06-23T16:17:45.4186125+00:00" endTime="2025-06-23T16:17:45.4186126+00:00" testType="13cdc9d9-ddb5-4fa4-a97d-d965ccfc6d4b" outcome="Passed" testListId="8c84fa94-04c1-424b-9868-57a2d4851a1d" relativeResultsDirectory="be300391-0092-44a5-9b1b-783669671e33" />
    <UnitTestResult executionId="3f3d773a-60b4-4484-95b3-8bb21f4bd507" testId="19627d26-5122-0b52-adb2-09b422d28326" testName="ClickUp.Api.Client.Tests.ServiceTests.ChatServiceTests.GetChatMessagesAsync_ApiConnectionThrowsTaskCanceledException_PropagatesException" computerName="devbox" duration="00:00:00.0026577" startTime="2025-06-23T16:17:45.3279019+00:00" endTime="2025-06-23T16:17:45.3279019+00:00" testType="13cdc9d9-ddb5-4fa4-a97d-d965ccfc6d4b" outcome="Passed" testListId="8c84fa94-04c1-424b-9868-57a2d4851a1d" relativeResultsDirectory="3f3d773a-60b4-4484-95b3-8bb21f4bd507" />
    <UnitTestResult executionId="b728532e-9c7a-4f04-a6f7-389d325b14e3" testId="e1d56f19-7b37-5b0e-97d0-17752542f126" testName="ClickUp.Api.Client.Tests.ServiceTests.CustomFieldsServiceTests.GetFolderCustomFieldsAsync_NullResponse_ReturnsEmptyList" computerName="devbox" duration="00:00:00.0048990" startTime="2025-06-23T16:17:45.3252493+00:00" endTime="2025-06-23T16:17:45.3252494+00:00" testType="13cdc9d9-ddb5-4fa4-a97d-d965ccfc6d4b" outcome="Passed" testListId="8c84fa94-04c1-424b-9868-57a2d4851a1d" relativeResultsDirectory="b728532e-9c7a-4f04-a6f7-389d325b14e3" />
    <UnitTestResult executionId="e0c504aa-f60d-4b9c-a523-811228d44f49" testId="eefcfbfe-2cc7-633f-f32b-37bc1f1a9241" testName="ClickUp.Api.Client.Tests.ServiceTests.CommentServiceTests.CreateTaskCommentAsync_WithCustomTaskIdsAndTeamId_BuildsCorrectEndpoint" computerName="devbox" duration="00:00:00.0061431" startTime="2025-06-23T16:17:46.0107149+00:00" endTime="2025-06-23T16:17:46.0107150+00:00" testType="13cdc9d9-ddb5-4fa4-a97d-d965ccfc6d4b" outcome="Passed" testListId="8c84fa94-04c1-424b-9868-57a2d4851a1d" relativeResultsDirectory="e0c504aa-f60d-4b9c-a523-811228d44f49" />
    <UnitTestResult executionId="f281b540-e032-48fb-a6c9-ee5a8f6f4523" testId="23245aba-b4e7-6be0-6324-0c727122f8a0" testName="ClickUp.Api.Client.Tests.ServiceTests.GuestsServiceTests.AddGuestToTaskAsync_NullApiResponse_ThrowsInvalidOperationException" computerName="devbox" duration="00:00:00.0035020" startTime="2025-06-23T16:17:45.4403246+00:00" endTime="2025-06-23T16:17:45.4403247+00:00" testType="13cdc9d9-ddb5-4fa4-a97d-d965ccfc6d4b" outcome="Passed" testListId="8c84fa94-04c1-424b-9868-57a2d4851a1d" relativeResultsDirectory="f281b540-e032-48fb-a6c9-ee5a8f6f4523" />
    <UnitTestResult executionId="9830fc7b-af87-4d32-b836-aa6501b4d7d5" testId="77ddda33-f5c0-0546-2603-cfcb62b8c11e" testName="ClickUp.Api.Client.Tests.ServiceTests.FoldersServiceTests.CreateFolderFromTemplateAsync_ApiError_ThrowsHttpRequestException" computerName="devbox" duration="00:00:00.0083040" startTime="2025-06-23T16:17:45.9305501+00:00" endTime="2025-06-23T16:17:45.9305502+00:00" testType="13cdc9d9-ddb5-4fa4-a97d-d965ccfc6d4b" outcome="Passed" testListId="8c84fa94-04c1-424b-9868-57a2d4851a1d" relativeResultsDirectory="9830fc7b-af87-4d32-b836-aa6501b4d7d5" />
    <UnitTestResult executionId="91b80874-f1b6-4f11-80ee-15060012a405" testId="6327abf2-47ef-c94a-62f6-39014c1d6551" testName="ClickUp.Api.Client.Tests.ServiceTests.GuestsServiceTests.GetGuestAsync_ValidIds_BuildsCorrectUrlAndReturnsGuest" computerName="devbox" duration="00:00:00.0084653" startTime="2025-06-23T16:17:45.3839133+00:00" endTime="2025-06-23T16:17:45.3839135+00:00" testType="13cdc9d9-ddb5-4fa4-a97d-d965ccfc6d4b" outcome="Passed" testListId="8c84fa94-04c1-424b-9868-57a2d4851a1d" relativeResultsDirectory="91b80874-f1b6-4f11-80ee-15060012a405" />
    <UnitTestResult executionId="95c8759d-69e6-43eb-bc33-b24c9fc6d17c" testId="37aeb74d-1afe-d731-1e29-c7cb0e4a1451" testName="ClickUp.Api.Client.Tests.ServiceTests.UserGroupServiceTests.GetUserGroupsAsync_ValidWorkspaceId_ReturnsUserGroups" computerName="devbox" duration="00:00:00.0134339" startTime="2025-06-23T16:17:46.2502478+00:00" endTime="2025-06-23T16:17:46.2502478+00:00" testType="13cdc9d9-ddb5-4fa4-a97d-d965ccfc6d4b" outcome="Passed" testListId="8c84fa94-04c1-424b-9868-57a2d4851a1d" relativeResultsDirectory="95c8759d-69e6-43eb-bc33-b24c9fc6d17c" />
    <UnitTestResult executionId="93535e6b-b715-44e5-bc60-d00b448ab040" testId="2be44ee8-b70c-9a27-4d16-5b0b81c74ea0" testName="ClickUp.Api.Client.Tests.ServiceTests.TaskRelationshipsServiceTests.DeleteDependencyAsync_WithDependsOn_CallsDeleteAsyncWithCorrectUrl" computerName="devbox" duration="00:00:00.0079976" startTime="2025-06-23T16:17:45.2458111+00:00" endTime="2025-06-23T16:17:45.2458112+00:00" testType="13cdc9d9-ddb5-4fa4-a97d-d965ccfc6d4b" outcome="Passed" testListId="8c84fa94-04c1-424b-9868-57a2d4851a1d" relativeResultsDirectory="93535e6b-b715-44e5-bc60-d00b448ab040" />
    <UnitTestResult executionId="66228249-9f2d-44f5-8303-e810f62c2d7f" testId="2088a3e1-2a27-b1c6-9758-fcf8e948fdef" testName="ClickUp.Api.Client.Tests.ServiceTests.TimeTrackingServiceTests.GetAllTimeEntryTagsAsync_ApiReturnsResponseWithNullData_ReturnsEmptyEnumerable" computerName="devbox" duration="00:00:00.0014614" startTime="2025-06-23T16:17:46.6599765+00:00" endTime="2025-06-23T16:17:46.6599767+00:00" testType="13cdc9d9-ddb5-4fa4-a97d-d965ccfc6d4b" outcome="Passed" testListId="8c84fa94-04c1-424b-9868-57a2d4851a1d" relativeResultsDirectory="66228249-9f2d-44f5-8303-e810f62c2d7f" />
    <UnitTestResult executionId="e97f782a-75c9-47a5-ae45-bc1ad327f0d2" testId="d09196e4-8c5a-dacd-765d-46b96285d752" testName="ClickUp.Api.Client.Tests.ServiceTests.TimeTrackingServiceTests.UpdateTimeEntryAsync_ApiConnectionThrowsHttpRequestException_PropagatesException" computerName="devbox" duration="00:00:00.0020024" startTime="2025-06-23T16:17:46.6512985+00:00" endTime="2025-06-23T16:17:46.6512986+00:00" testType="13cdc9d9-ddb5-4fa4-a97d-d965ccfc6d4b" outcome="Passed" testListId="8c84fa94-04c1-424b-9868-57a2d4851a1d" relativeResultsDirectory="e97f782a-75c9-47a5-ae45-bc1ad327f0d2" />
    <UnitTestResult executionId="474c8c05-efb5-4e5e-8a8f-2899f0113bbe" testId="fe7ac19d-dd0b-cf43-1f4b-31ffc8d755d1" testName="ClickUp.Api.Client.Tests.ServiceTests.DocsServiceTests.GetDocPagesAsync_NullDataInResponse_ReturnsEmptyEnumerable" computerName="devbox" duration="00:00:00.0019010" startTime="2025-06-23T16:17:45.5522824+00:00" endTime="2025-06-23T16:17:45.5522824+00:00" testType="13cdc9d9-ddb5-4fa4-a97d-d965ccfc6d4b" outcome="Passed" testListId="8c84fa94-04c1-424b-9868-57a2d4851a1d" relativeResultsDirectory="474c8c05-efb5-4e5e-8a8f-2899f0113bbe" />
    <UnitTestResult executionId="a769a57f-d342-4236-b156-db9f6131e023" testId="04e5087f-2ef0-9da2-f073-772468eea701" testName="ClickUp.Api.Client.Tests.ServiceTests.AuthorizationServiceTests.GetAuthorizedWorkspacesAsync_ApiConnectionReturnsNull_ReturnsNull" computerName="devbox" duration="00:00:00.0031032" startTime="2025-06-23T16:17:45.2441648+00:00" endTime="2025-06-23T16:17:45.2441649+00:00" testType="13cdc9d9-ddb5-4fa4-a97d-d965ccfc6d4b" outcome="Passed" testListId="8c84fa94-04c1-424b-9868-57a2d4851a1d" relativeResultsDirectory="a769a57f-d342-4236-b156-db9f6131e023" />
    <UnitTestResult executionId="e55d6681-90fc-4645-a900-593aafa85381" testId="ed95c627-45e9-fe1d-df08-c1d1d5ed2b3c" testName="ClickUp.Api.Client.Tests.ServiceTests.TaskRelationshipsServiceTests.AddDependencyAsync_PassesCancellationTokenToApiConnection" computerName="devbox" duration="00:00:00.0053946" startTime="2025-06-23T16:17:45.3392284+00:00" endTime="2025-06-23T16:17:45.3392285+00:00" testType="13cdc9d9-ddb5-4fa4-a97d-d965ccfc6d4b" outcome="Passed" testListId="8c84fa94-04c1-424b-9868-57a2d4851a1d" relativeResultsDirectory="e55d6681-90fc-4645-a900-593aafa85381" />
    <UnitTestResult executionId="644028b8-40c0-4b70-81bc-afc01b121c9d" testId="57d5351e-89a1-88f5-047f-ba6226dd4f1e" testName="ClickUp.Api.Client.Tests.ServiceTests.WebhooksServiceTests.GetWebhooksAsync_PassesCancellationTokenToApiConnection" computerName="devbox" duration="00:00:00.0106151" startTime="2025-06-23T16:17:46.4567305+00:00" endTime="2025-06-23T16:17:46.4567307+00:00" testType="13cdc9d9-ddb5-4fa4-a97d-d965ccfc6d4b" outcome="Passed" testListId="8c84fa94-04c1-424b-9868-57a2d4851a1d" relativeResultsDirectory="644028b8-40c0-4b70-81bc-afc01b121c9d" />
    <UnitTestResult executionId="3248fb21-fbc9-4722-81f1-4b3153e4252d" testId="3a43e3a5-dc7c-a35b-7191-ecd99bb582dd" testName="ClickUp.Api.Client.Tests.ServiceTests.ListsServiceTests.CreateListFromTemplateInSpaceAsync_ApiReturnsNullResponse_ThrowsInvalidOperationException" computerName="devbox" duration="00:00:00.0016200" startTime="2025-06-23T16:17:46.6421369+00:00" endTime="2025-06-23T16:17:46.6421370+00:00" testType="13cdc9d9-ddb5-4fa4-a97d-d965ccfc6d4b" outcome="Passed" testListId="8c84fa94-04c1-424b-9868-57a2d4851a1d" relativeResultsDirectory="3248fb21-fbc9-4722-81f1-4b3153e4252d" />
    <UnitTestResult executionId="ba4c5ab2-3ac2-422d-b41e-40d3d25f9baa" testId="bf05b4b4-c19c-b14e-83f2-8776361847ab" testName="ClickUp.Api.Client.Tests.ServiceTests.ChatServiceTests.GetChatChannelFollowersAsync_MinimalRequest_BuildsUrlAndReturnsResponse" computerName="devbox" duration="00:00:00.0042780" startTime="2025-06-23T16:17:45.6269527+00:00" endTime="2025-06-23T16:17:45.6269528+00:00" testType="13cdc9d9-ddb5-4fa4-a97d-d965ccfc6d4b" outcome="Passed" testListId="8c84fa94-04c1-424b-9868-57a2d4851a1d" relativeResultsDirectory="ba4c5ab2-3ac2-422d-b41e-40d3d25f9baa" />
    <UnitTestResult executionId="43e87b88-8b2c-4cc2-bf83-d31fbd869e49" testId="b44a823b-fb1a-dc2e-eaad-b63c00487d51" testName="ClickUp.Api.Client.Tests.ServiceTests.GuestsServiceTests.InviteGuestToWorkspaceAsync_ValidRequest_CallsPostAndReturnsResponse" computerName="devbox" duration="00:00:00.0056394" startTime="2025-06-23T16:17:45.5896894+00:00" endTime="2025-06-23T16:17:45.5896895+00:00" testType="13cdc9d9-ddb5-4fa4-a97d-d965ccfc6d4b" outcome="Passed" testListId="8c84fa94-04c1-424b-9868-57a2d4851a1d" relativeResultsDirectory="43e87b88-8b2c-4cc2-bf83-d31fbd869e49" />
    <UnitTestResult executionId="96c90d5e-5bfd-4758-8ce6-9b529fcfdba7" testId="ca6333b1-aef7-00b3-7099-87181c2d9eba" testName="ClickUp.Api.Client.Tests.Http.ApiConnectionTests.GetAsync_ThrowsCorrectException_ForGeneralErrorStatusCodes(statusCode: BadRequest, expectedExceptionType: typeof(ClickUp.Api.Client.Models.Exceptions.ClickUpApiValidationException), expectedMessageContent: &quot;Bad Request&quot;)" computerName="devbox" duration="00:00:00.0056304" startTime="2025-06-23T16:17:46.1508959+00:00" endTime="2025-06-23T16:17:46.1508960+00:00" testType="13cdc9d9-ddb5-4fa4-a97d-d965ccfc6d4b" outcome="Passed" testListId="8c84fa94-04c1-424b-9868-57a2d4851a1d" relativeResultsDirectory="96c90d5e-5bfd-4758-8ce6-9b529fcfdba7" />
    <UnitTestResult executionId="6f892545-0486-4ff6-8052-aad95f07ad52" testId="b59fa0d8-acfb-5e6f-7f65-1cf2b7e27e0c" testName="ClickUp.Api.Client.Tests.ServiceTests.MembersServiceTests.GetTaskMembersAsync_ApiReturnsResponseWithNullMembers_ReturnsEmptyEnumerable" computerName="devbox" duration="00:00:00.0011544" startTime="2025-06-23T16:17:46.2763146+00:00" endTime="2025-06-23T16:17:46.2763147+00:00" testType="13cdc9d9-ddb5-4fa4-a97d-d965ccfc6d4b" outcome="Passed" testListId="8c84fa94-04c1-424b-9868-57a2d4851a1d" relativeResultsDirectory="6f892545-0486-4ff6-8052-aad95f07ad52" />
    <UnitTestResult executionId="22313bc7-0e2a-412e-a6e2-6c90c9de1a0e" testId="b2b1ba78-012d-1497-f263-b8a991c11e87" testName="ClickUp.Api.Client.Tests.ServiceTests.AuthorizationServiceTests.GetAuthorizedUserAsync_PassesCancellationTokenToApiConnection" computerName="devbox" duration="00:00:00.0043174" startTime="2025-06-23T16:17:45.2442381+00:00" endTime="2025-06-23T16:17:45.2442382+00:00" testType="13cdc9d9-ddb5-4fa4-a97d-d965ccfc6d4b" outcome="Passed" testListId="8c84fa94-04c1-424b-9868-57a2d4851a1d" relativeResultsDirectory="22313bc7-0e2a-412e-a6e2-6c90c9de1a0e" />
    <UnitTestResult executionId="75ef1769-ce02-4e8f-bd59-c77ec4bd2821" testId="34abb1af-94d9-b22a-918b-1feb9ac89d01" testName="ClickUp.Api.Client.Tests.ServiceTests.ChatServiceTests.CreateDirectMessageChatChannelAsync_ValidRequest_CallsPostAndReturnsChannel" computerName="devbox" duration="00:00:00.0052781" startTime="2025-06-23T16:17:45.5165270+00:00" endTime="2025-06-23T16:17:45.5165271+00:00" testType="13cdc9d9-ddb5-4fa4-a97d-d965ccfc6d4b" outcome="Passed" testListId="8c84fa94-04c1-424b-9868-57a2d4851a1d" relativeResultsDirectory="75ef1769-ce02-4e8f-bd59-c77ec4bd2821" />
    <UnitTestResult executionId="53be8e48-0d56-4643-a215-445931858458" testId="c581f042-8783-656a-7359-34518f36fa24" testName="ClickUp.Api.Client.Tests.ServiceTests.TaskRelationshipsServiceTests.AddTaskLinkAsync_PassesCancellationTokenToApiConnection" computerName="devbox" duration="00:00:00.0271306" startTime="2025-06-23T16:17:45.2500851+00:00" endTime="2025-06-23T16:17:45.2500852+00:00" testType="13cdc9d9-ddb5-4fa4-a97d-d965ccfc6d4b" outcome="Passed" testListId="8c84fa94-04c1-424b-9868-57a2d4851a1d" relativeResultsDirectory="53be8e48-0d56-4643-a215-445931858458" />
    <UnitTestResult executionId="de7e2df7-3299-4040-83c9-e58ed02c56b4" testId="ff154841-f4c4-3ae0-7856-0ff67226c34e" testName="ClickUp.Api.Client.Tests.ServiceTests.TimeTrackingServiceTests.GetTimeEntriesAsyncEnumerableAsync_ReturnsEmpty_WhenNoEntries" computerName="devbox" duration="00:00:00.0105507" startTime="2025-06-23T16:17:46.3375050+00:00" endTime="2025-06-23T16:17:46.3375051+00:00" testType="13cdc9d9-ddb5-4fa4-a97d-d965ccfc6d4b" outcome="Passed" testListId="8c84fa94-04c1-424b-9868-57a2d4851a1d" relativeResultsDirectory="de7e2df7-3299-4040-83c9-e58ed02c56b4" />
    <UnitTestResult executionId="7f5a76b3-075e-4957-9a62-99be7f4f882f" testId="8ecb1ccf-0577-96a8-8ef7-6f2811a19468" testName="ClickUp.Api.Client.Tests.ServiceTests.FoldersServiceTests.GetFoldersAsync_PassesCancellationTokenToApiConnection" computerName="devbox" duration="00:00:00.0063692" startTime="2025-06-23T16:17:45.9913109+00:00" endTime="2025-06-23T16:17:45.9913109+00:00" testType="13cdc9d9-ddb5-4fa4-a97d-d965ccfc6d4b" outcome="Passed" testListId="8c84fa94-04c1-424b-9868-57a2d4851a1d" relativeResultsDirectory="7f5a76b3-075e-4957-9a62-99be7f4f882f" />
    <UnitTestResult executionId="50fed375-5a6b-452e-bc57-fb79384280a0" testId="10d3ef1e-8924-2082-95c4-3c39faea2647" testName="ClickUp.Api.Client.Tests.ServiceTests.CommentServiceTests.UpdateCommentAsync_PassesCancellationTokenToApiConnection" computerName="devbox" duration="00:00:00.0089766" startTime="2025-06-23T16:17:46.0775766+00:00" endTime="2025-06-23T16:17:46.0775768+00:00" testType="13cdc9d9-ddb5-4fa4-a97d-d965ccfc6d4b" outcome="Passed" testListId="8c84fa94-04c1-424b-9868-57a2d4851a1d" relativeResultsDirectory="50fed375-5a6b-452e-bc57-fb79384280a0" />
    <UnitTestResult executionId="ed8d2b3c-6825-47b9-9980-9b0c89d6e860" testId="7ed2c8a0-7d63-5145-26da-2e020b07f7d6" testName="ClickUp.Api.Client.Tests.ServiceTests.TimeTrackingServiceTests.DeleteTimeEntryAsync_ValidRequest_CallsDeleteAsync" computerName="devbox" duration="00:00:00.0057766" startTime="2025-06-23T16:17:46.4938102+00:00" endTime="2025-06-23T16:17:46.4938104+00:00" testType="13cdc9d9-ddb5-4fa4-a97d-d965ccfc6d4b" outcome="Passed" testListId="8c84fa94-04c1-424b-9868-57a2d4851a1d" relativeResultsDirectory="ed8d2b3c-6825-47b9-9980-9b0c89d6e860" />
    <UnitTestResult executionId="c8ac2c43-902e-4bd0-a455-0957582394aa" testId="ebfd92fd-e95f-c858-6e96-50164aa07333" testName="ClickUp.Api.Client.Tests.ServiceTests.TimeTrackingServiceTests.GetTimeEntryAsync_WithAllIncludeParams_BuildsCorrectUrl" computerName="devbox" duration="00:00:00.0028492" startTime="2025-06-23T16:17:46.6667561+00:00" endTime="2025-06-23T16:17:46.6667562+00:00" testType="13cdc9d9-ddb5-4fa4-a97d-d965ccfc6d4b" outcome="Passed" testListId="8c84fa94-04c1-424b-9868-57a2d4851a1d" relativeResultsDirectory="c8ac2c43-902e-4bd0-a455-0957582394aa" />
    <UnitTestResult executionId="aedba2cb-d5c6-4e44-9f83-2a350c1f1a5d" testId="b858c712-c485-b294-8c44-8fde7e544397" testName="ClickUp.Api.Client.Tests.ServiceTests.UserGroupServiceTests.GetUserGroupsAsync_WithGroupIds_BuildsCorrectUrl" computerName="devbox" duration="00:00:00.0080727" startTime="2025-06-23T16:17:46.2715295+00:00" endTime="2025-06-23T16:17:46.2715296+00:00" testType="13cdc9d9-ddb5-4fa4-a97d-d965ccfc6d4b" outcome="Passed" testListId="8c84fa94-04c1-424b-9868-57a2d4851a1d" relativeResultsDirectory="aedba2cb-d5c6-4e44-9f83-2a350c1f1a5d" />
    <UnitTestResult executionId="5e89e9d4-46ef-4edd-b89d-1e3ca6703b71" testId="5779e282-5f15-b356-3ba1-d082a48628f1" testName="ClickUp.Api.Client.Tests.ServiceTests.ListsServiceTests.GetFolderlessListsAsync_ApiConnectionThrowsHttpRequestException_PropagatesException" computerName="devbox" duration="00:00:00.0040545" startTime="2025-06-23T16:17:46.1178290+00:00" endTime="2025-06-23T16:17:46.1178292+00:00" testType="13cdc9d9-ddb5-4fa4-a97d-d965ccfc6d4b" outcome="Passed" testListId="8c84fa94-04c1-424b-9868-57a2d4851a1d" relativeResultsDirectory="5e89e9d4-46ef-4edd-b89d-1e3ca6703b71" />
    <UnitTestResult executionId="e2d3b558-6090-4ce8-ba67-a5839020be38" testId="ef21dcdc-7a4c-1a08-c883-d07825afb5e5" testName="ClickUp.Api.Client.Tests.ServiceTests.ChatServiceTests.GetChatMessageRepliesAsync_PassesCancellationTokenToApiConnection" computerName="devbox" duration="00:00:00.0041970" startTime="2025-06-23T16:17:45.4351137+00:00" endTime="2025-06-23T16:17:45.4351138+00:00" testType="13cdc9d9-ddb5-4fa4-a97d-d965ccfc6d4b" outcome="Passed" testListId="8c84fa94-04c1-424b-9868-57a2d4851a1d" relativeResultsDirectory="e2d3b558-6090-4ce8-ba67-a5839020be38" />
  </Results>
  <TestDefinitions>
    <UnitTest name="ClickUp.Api.Client.Tests.ServiceTests.GoalsServiceTests.UpdateGoalAsync_ValidRequest_CallsPutAndReturnsGoal" storage="/app/src/clickup.api.client.tests/bin/debug/net9.0/clickup.api.client.tests.dll" id="f5c38650-c831-2729-550b-94e2b2333058">
      <Execution id="f2484fe5-dfa6-42a4-91e4-7a91b40b3295" />
      <TestMethod codeBase="/app/src/ClickUp.Api.Client.Tests/bin/Debug/net9.0/ClickUp.Api.Client.Tests.dll" adapterTypeName="executor://xunit/VsTestRunner2/netcoreapp" className="ClickUp.Api.Client.Tests.ServiceTests.GoalsServiceTests" name="UpdateGoalAsync_ValidRequest_CallsPutAndReturnsGoal" />
    </UnitTest>
    <UnitTest name="ClickUp.Api.Client.Tests.ServiceTests.RolesServiceTests.GetCustomRolesAsync_ApiReturnsResponseWithNullRolesList_ReturnsEmptyEnumerable" storage="/app/src/clickup.api.client.tests/bin/debug/net9.0/clickup.api.client.tests.dll" id="d86ded55-5f4c-77c6-f606-ed4d9d7f15d2">
      <Execution id="257806b7-7804-4e39-b20b-9c968001a16c" />
      <TestMethod codeBase="/app/src/ClickUp.Api.Client.Tests/bin/Debug/net9.0/ClickUp.Api.Client.Tests.dll" adapterTypeName="executor://xunit/VsTestRunner2/netcoreapp" className="ClickUp.Api.Client.Tests.ServiceTests.RolesServiceTests" name="GetCustomRolesAsync_ApiReturnsResponseWithNullRolesList_ReturnsEmptyEnumerable" />
    </UnitTest>
    <UnitTest name="ClickUp.Api.Client.Tests.ServiceTests.TimeTrackingServiceTests.UpdateTimeEntryAsync_PassesCancellationTokenToApiConnection" storage="/app/src/clickup.api.client.tests/bin/debug/net9.0/clickup.api.client.tests.dll" id="beacfd38-f6f3-6d05-0ca0-2c0310bf64de">
      <Execution id="e5b87f86-3687-43aa-9901-f83138dc8375" />
      <TestMethod codeBase="/app/src/ClickUp.Api.Client.Tests/bin/Debug/net9.0/ClickUp.Api.Client.Tests.dll" adapterTypeName="executor://xunit/VsTestRunner2/netcoreapp" className="ClickUp.Api.Client.Tests.ServiceTests.TimeTrackingServiceTests" name="UpdateTimeEntryAsync_PassesCancellationTokenToApiConnection" />
    </UnitTest>
    <UnitTest name="ClickUp.Api.Client.Tests.ServiceTests.GuestsServiceTests.InviteGuestToWorkspaceAsync_ApiError_ThrowsHttpRequestException" storage="/app/src/clickup.api.client.tests/bin/debug/net9.0/clickup.api.client.tests.dll" id="6a94dc11-ffe5-0b60-12c5-19c379bb4b7f">
      <Execution id="14e79fa8-4a47-4065-8987-154114cfca9d" />
      <TestMethod codeBase="/app/src/ClickUp.Api.Client.Tests/bin/Debug/net9.0/ClickUp.Api.Client.Tests.dll" adapterTypeName="executor://xunit/VsTestRunner2/netcoreapp" className="ClickUp.Api.Client.Tests.ServiceTests.GuestsServiceTests" name="InviteGuestToWorkspaceAsync_ApiError_ThrowsHttpRequestException" />
    </UnitTest>
    <UnitTest name="ClickUp.Api.Client.Tests.ServiceTests.GoalsServiceTests.EditKeyResultAsync_PassesCancellationTokenToApiConnection" storage="/app/src/clickup.api.client.tests/bin/debug/net9.0/clickup.api.client.tests.dll" id="fe09c7b4-462e-8afb-8d2c-92d0157754f1">
      <Execution id="9b759393-49a9-48d3-93c3-79f059ee701d" />
      <TestMethod codeBase="/app/src/ClickUp.Api.Client.Tests/bin/Debug/net9.0/ClickUp.Api.Client.Tests.dll" adapterTypeName="executor://xunit/VsTestRunner2/netcoreapp" className="ClickUp.Api.Client.Tests.ServiceTests.GoalsServiceTests" name="EditKeyResultAsync_PassesCancellationTokenToApiConnection" />
    </UnitTest>
    <UnitTest name="ClickUp.Api.Client.Tests.ServiceTests.DocsServiceTests.GetDocPageListingAsync_ValidRequest_BuildsUrlAndReturnsListing" storage="/app/src/clickup.api.client.tests/bin/debug/net9.0/clickup.api.client.tests.dll" id="492aa0e3-a375-6bd6-318e-67cf4753a81e">
      <Execution id="07985041-aa9c-4143-aa7d-5df6e04b6cf0" />
      <TestMethod codeBase="/app/src/ClickUp.Api.Client.Tests/bin/Debug/net9.0/ClickUp.Api.Client.Tests.dll" adapterTypeName="executor://xunit/VsTestRunner2/netcoreapp" className="ClickUp.Api.Client.Tests.ServiceTests.DocsServiceTests" name="GetDocPageListingAsync_ValidRequest_BuildsUrlAndReturnsListing" />
    </UnitTest>
    <UnitTest name="ClickUp.Api.Client.Tests.ServiceTests.GuestsServiceTests.EditGuestOnWorkspaceAsync_NullApiResponse_ThrowsInvalidOperationException" storage="/app/src/clickup.api.client.tests/bin/debug/net9.0/clickup.api.client.tests.dll" id="e67d5763-5299-d5bc-04ab-8c3e8096df9b">
      <Execution id="2554de23-a50d-4241-a73a-d8c0895e992b" />
      <TestMethod codeBase="/app/src/ClickUp.Api.Client.Tests/bin/Debug/net9.0/ClickUp.Api.Client.Tests.dll" adapterTypeName="executor://xunit/VsTestRunner2/netcoreapp" className="ClickUp.Api.Client.Tests.ServiceTests.GuestsServiceTests" name="EditGuestOnWorkspaceAsync_NullApiResponse_ThrowsInvalidOperationException" />
    </UnitTest>
    <UnitTest name="ClickUp.Api.Client.Tests.ServiceTests.TimeTrackingServiceTests.AddTagsToTimeEntriesAsync_ValidRequest_CallsPostAsync" storage="/app/src/clickup.api.client.tests/bin/debug/net9.0/clickup.api.client.tests.dll" id="c5e0be45-241d-5b76-f44d-464d0e8cb047">
      <Execution id="e38bb8d8-bba1-4e70-b6c8-a04eed30f7a9" />
      <TestMethod codeBase="/app/src/ClickUp.Api.Client.Tests/bin/Debug/net9.0/ClickUp.Api.Client.Tests.dll" adapterTypeName="executor://xunit/VsTestRunner2/netcoreapp" className="ClickUp.Api.Client.Tests.ServiceTests.TimeTrackingServiceTests" name="AddTagsToTimeEntriesAsync_ValidRequest_CallsPostAsync" />
    </UnitTest>
    <UnitTest name="ClickUp.Api.Client.Tests.ServiceTests.SpacesServiceTests.GetSpacesAsync_PassesCancellationTokenToApiConnection" storage="/app/src/clickup.api.client.tests/bin/debug/net9.0/clickup.api.client.tests.dll" id="0ce2e948-cdcf-98e1-8c6c-871c42bca80a">
      <Execution id="4242b4b2-b189-4d5e-95c3-225a69cf2147" />
      <TestMethod codeBase="/app/src/ClickUp.Api.Client.Tests/bin/Debug/net9.0/ClickUp.Api.Client.Tests.dll" adapterTypeName="executor://xunit/VsTestRunner2/netcoreapp" className="ClickUp.Api.Client.Tests.ServiceTests.SpacesServiceTests" name="GetSpacesAsync_PassesCancellationTokenToApiConnection" />
    </UnitTest>
    <UnitTest name="ClickUp.Api.Client.Tests.ServiceTests.ChatServiceTests.GetChatMessageReactionsAsync_MinimalRequest_BuildsUrlAndReturnsResponse" storage="/app/src/clickup.api.client.tests/bin/debug/net9.0/clickup.api.client.tests.dll" id="a07cc75f-2506-89c9-d3be-f2bb7173f859">
      <Execution id="5e9bc329-eba0-40b3-ab07-89ead369b2da" />
      <TestMethod codeBase="/app/src/ClickUp.Api.Client.Tests/bin/Debug/net9.0/ClickUp.Api.Client.Tests.dll" adapterTypeName="executor://xunit/VsTestRunner2/netcoreapp" className="ClickUp.Api.Client.Tests.ServiceTests.ChatServiceTests" name="GetChatMessageReactionsAsync_MinimalRequest_BuildsUrlAndReturnsResponse" />
    </UnitTest>
    <UnitTest name="ClickUp.Api.Client.Tests.ServiceTests.ListsServiceTests.CreateListInFolderAsync_ApiConnectionThrowsHttpRequestException_PropagatesException" storage="/app/src/clickup.api.client.tests/bin/debug/net9.0/clickup.api.client.tests.dll" id="f13914a9-e3c4-4f53-b448-c11020d7474c">
      <Execution id="d751c5ae-baad-4aa4-b583-d8851a31d81a" />
      <TestMethod codeBase="/app/src/ClickUp.Api.Client.Tests/bin/Debug/net9.0/ClickUp.Api.Client.Tests.dll" adapterTypeName="executor://xunit/VsTestRunner2/netcoreapp" className="ClickUp.Api.Client.Tests.ServiceTests.ListsServiceTests" name="CreateListInFolderAsync_ApiConnectionThrowsHttpRequestException_PropagatesException" />
    </UnitTest>
    <UnitTest name="ClickUp.Api.Client.Tests.ServiceTests.ViewsServiceTests.GetSpaceViewsAsync_PassesCancellationToken" storage="/app/src/clickup.api.client.tests/bin/debug/net9.0/clickup.api.client.tests.dll" id="268752d1-798d-3eac-dd72-4e4823b26aee">
      <Execution id="83e00257-0c69-4996-8c10-e46912f43b79" />
      <TestMethod codeBase="/app/src/ClickUp.Api.Client.Tests/bin/Debug/net9.0/ClickUp.Api.Client.Tests.dll" adapterTypeName="executor://xunit/VsTestRunner2/netcoreapp" className="ClickUp.Api.Client.Tests.ServiceTests.ViewsServiceTests" name="GetSpaceViewsAsync_PassesCancellationToken" />
    </UnitTest>
    <UnitTest name="ClickUp.Api.Client.Tests.ServiceTests.UserGroupServiceTests.UpdateUserGroupAsync_ValidRequest_ReturnsUpdatedUserGroup" storage="/app/src/clickup.api.client.tests/bin/debug/net9.0/clickup.api.client.tests.dll" id="0d429cb4-e725-1d4d-9793-815570156f76">
      <Execution id="ff83a443-043e-41fa-bc0e-0ffb791d18ed" />
      <TestMethod codeBase="/app/src/ClickUp.Api.Client.Tests/bin/Debug/net9.0/ClickUp.Api.Client.Tests.dll" adapterTypeName="executor://xunit/VsTestRunner2/netcoreapp" className="ClickUp.Api.Client.Tests.ServiceTests.UserGroupServiceTests" name="UpdateUserGroupAsync_ValidRequest_ReturnsUpdatedUserGroup" />
    </UnitTest>
    <UnitTest name="ClickUp.Api.Client.Tests.ServiceTests.TaskServiceTests.GetTaskAsync_ApiConnectionThrowsTaskCanceledException_PropagatesException" storage="/app/src/clickup.api.client.tests/bin/debug/net9.0/clickup.api.client.tests.dll" id="eddd9d9b-e083-b446-daa1-21bad430c388">
      <Execution id="65bcf829-24a6-41be-b164-8edff5d83d95" />
      <TestMethod codeBase="/app/src/ClickUp.Api.Client.Tests/bin/Debug/net9.0/ClickUp.Api.Client.Tests.dll" adapterTypeName="executor://xunit/VsTestRunner2/netcoreapp" className="ClickUp.Api.Client.Tests.ServiceTests.TaskServiceTests" name="GetTaskAsync_ApiConnectionThrowsTaskCanceledException_PropagatesException" />
    </UnitTest>
    <UnitTest name="ClickUp.Api.Client.Tests.ServiceTests.ChatServiceTests.DeleteChatChannelAsync_PassesCancellationTokenToApiConnection" storage="/app/src/clickup.api.client.tests/bin/debug/net9.0/clickup.api.client.tests.dll" id="74a6c389-14e7-9d6b-b263-f485828c30bc">
      <Execution id="db48d867-4e75-4b00-8f83-01309321e033" />
      <TestMethod codeBase="/app/src/ClickUp.Api.Client.Tests/bin/Debug/net9.0/ClickUp.Api.Client.Tests.dll" adapterTypeName="executor://xunit/VsTestRunner2/netcoreapp" className="ClickUp.Api.Client.Tests.ServiceTests.ChatServiceTests" name="DeleteChatChannelAsync_PassesCancellationTokenToApiConnection" />
    </UnitTest>
    <UnitTest name="ClickUp.Api.Client.Tests.ServiceTests.GuestsServiceTests.GetGuestAsync_ValidIds_BuildsCorrectUrlAndReturnsGuest" storage="/app/src/clickup.api.client.tests/bin/debug/net9.0/clickup.api.client.tests.dll" id="6327abf2-47ef-c94a-62f6-39014c1d6551">
      <Execution id="91b80874-f1b6-4f11-80ee-15060012a405" />
      <TestMethod codeBase="/app/src/ClickUp.Api.Client.Tests/bin/Debug/net9.0/ClickUp.Api.Client.Tests.dll" adapterTypeName="executor://xunit/VsTestRunner2/netcoreapp" className="ClickUp.Api.Client.Tests.ServiceTests.GuestsServiceTests" name="GetGuestAsync_ValidIds_BuildsCorrectUrlAndReturnsGuest" />
    </UnitTest>
    <UnitTest name="ClickUp.Api.Client.Tests.ServiceTests.GoalsServiceTests.GetGoalsAsync_ValidRequest_BuildsCorrectUrlAndReturnsResponse" storage="/app/src/clickup.api.client.tests/bin/debug/net9.0/clickup.api.client.tests.dll" id="76028a67-5647-15f3-939f-9a6a64300933">
      <Execution id="0ecf0863-dd7e-4857-a432-475f9b1bdb29" />
      <TestMethod codeBase="/app/src/ClickUp.Api.Client.Tests/bin/Debug/net9.0/ClickUp.Api.Client.Tests.dll" adapterTypeName="executor://xunit/VsTestRunner2/netcoreapp" className="ClickUp.Api.Client.Tests.ServiceTests.GoalsServiceTests" name="GetGoalsAsync_ValidRequest_BuildsCorrectUrlAndReturnsResponse" />
    </UnitTest>
    <UnitTest name="ClickUp.Api.Client.Tests.ServiceTests.ChatServiceTests.CreateChatReactionAsync_ApiConnectionThrowsTaskCanceledException_PropagatesException" storage="/app/src/clickup.api.client.tests/bin/debug/net9.0/clickup.api.client.tests.dll" id="c7cd6567-938f-c1b9-858f-c5b856d8b3bb">
      <Execution id="637f9406-e365-4ae3-8e18-73ee29d9e30c" />
      <TestMethod codeBase="/app/src/ClickUp.Api.Client.Tests/bin/Debug/net9.0/ClickUp.Api.Client.Tests.dll" adapterTypeName="executor://xunit/VsTestRunner2/netcoreapp" className="ClickUp.Api.Client.Tests.ServiceTests.ChatServiceTests" name="CreateChatReactionAsync_ApiConnectionThrowsTaskCanceledException_PropagatesException" />
    </UnitTest>
    <UnitTest name="ClickUp.Api.Client.Tests.ServiceTests.ChatServiceTests.CreateLocationChatChannelAsync_NullResponse_ThrowsInvalidOperationException" storage="/app/src/clickup.api.client.tests/bin/debug/net9.0/clickup.api.client.tests.dll" id="36d06b84-6e04-11a0-210f-b3c13e89dcf3">
      <Execution id="502af130-234e-4669-9375-20ba52dd6666" />
      <TestMethod codeBase="/app/src/ClickUp.Api.Client.Tests/bin/Debug/net9.0/ClickUp.Api.Client.Tests.dll" adapterTypeName="executor://xunit/VsTestRunner2/netcoreapp" className="ClickUp.Api.Client.Tests.ServiceTests.ChatServiceTests" name="CreateLocationChatChannelAsync_NullResponse_ThrowsInvalidOperationException" />
    </UnitTest>
    <UnitTest name="ClickUp.Api.Client.Tests.ServiceTests.GoalsServiceTests.GetGoalAsync_ApiConnectionThrowsTaskCanceledException_PropagatesException" storage="/app/src/clickup.api.client.tests/bin/debug/net9.0/clickup.api.client.tests.dll" id="81657e1a-e641-b3fc-2fbf-b0679b2fc1d1">
      <Execution id="20a9dfc8-d509-4dbd-988f-a60352885434" />
      <TestMethod codeBase="/app/src/ClickUp.Api.Client.Tests/bin/Debug/net9.0/ClickUp.Api.Client.Tests.dll" adapterTypeName="executor://xunit/VsTestRunner2/netcoreapp" className="ClickUp.Api.Client.Tests.ServiceTests.GoalsServiceTests" name="GetGoalAsync_ApiConnectionThrowsTaskCanceledException_PropagatesException" />
    </UnitTest>
    <UnitTest name="ClickUp.Api.Client.Tests.ServiceTests.ListsServiceTests.GetFolderlessListsAsync_ApiConnectionThrowsTaskCanceledException_PropagatesException" storage="/app/src/clickup.api.client.tests/bin/debug/net9.0/clickup.api.client.tests.dll" id="b4f6f39f-3841-4d5c-7777-c2dcf6f49b62">
      <Execution id="188f974e-6357-41bd-a565-c4dae8ad7781" />
      <TestMethod codeBase="/app/src/ClickUp.Api.Client.Tests/bin/Debug/net9.0/ClickUp.Api.Client.Tests.dll" adapterTypeName="executor://xunit/VsTestRunner2/netcoreapp" className="ClickUp.Api.Client.Tests.ServiceTests.ListsServiceTests" name="GetFolderlessListsAsync_ApiConnectionThrowsTaskCanceledException_PropagatesException" />
    </UnitTest>
    <UnitTest name="ClickUp.Api.Client.Tests.ServiceTests.GuestsServiceTests.RemoveGuestFromTaskAsync_NullGuestInResponse_ThrowsInvalidOperationException" storage="/app/src/clickup.api.client.tests/bin/debug/net9.0/clickup.api.client.tests.dll" id="8f0c0a2e-0c73-8a2d-173e-07e83c810a4b">
      <Execution id="1b97b6c7-9e24-4752-9546-35c88c50bfbb" />
      <TestMethod codeBase="/app/src/ClickUp.Api.Client.Tests/bin/Debug/net9.0/ClickUp.Api.Client.Tests.dll" adapterTypeName="executor://xunit/VsTestRunner2/netcoreapp" className="ClickUp.Api.Client.Tests.ServiceTests.GuestsServiceTests" name="RemoveGuestFromTaskAsync_NullGuestInResponse_ThrowsInvalidOperationException" />
    </UnitTest>
    <UnitTest name="ClickUp.Api.Client.Tests.ServiceTests.TaskChecklistsServiceTests.DeleteChecklistAsync_ValidChecklistId_CallsDeleteAsync" storage="/app/src/clickup.api.client.tests/bin/debug/net9.0/clickup.api.client.tests.dll" id="5d612f8b-c91c-9d3d-ce0b-ffe53fe5d9a0">
      <Execution id="95e4bdd5-5cab-42bf-986d-7434bc98d8da" />
      <TestMethod codeBase="/app/src/ClickUp.Api.Client.Tests/bin/Debug/net9.0/ClickUp.Api.Client.Tests.dll" adapterTypeName="executor://xunit/VsTestRunner2/netcoreapp" className="ClickUp.Api.Client.Tests.ServiceTests.TaskChecklistsServiceTests" name="DeleteChecklistAsync_ValidChecklistId_CallsDeleteAsync" />
    </UnitTest>
    <UnitTest name="ClickUp.Api.Client.Tests.Models.Common.MemberTests.Member_ShouldDeserializeCorrectly_WhenAllPropertiesAreSet" storage="/app/src/clickup.api.client.tests/bin/debug/net9.0/clickup.api.client.tests.dll" id="30d009dc-eac0-b4e6-900a-5292be5377f4">
      <Execution id="8e24d617-54de-48ad-b832-548ec10cb856" />
      <TestMethod codeBase="/app/src/ClickUp.Api.Client.Tests/bin/Debug/net9.0/ClickUp.Api.Client.Tests.dll" adapterTypeName="executor://xunit/VsTestRunner2/netcoreapp" className="ClickUp.Api.Client.Tests.Models.Common.MemberTests" name="Member_ShouldDeserializeCorrectly_WhenAllPropertiesAreSet" />
    </UnitTest>
    <UnitTest name="ClickUp.Api.Client.Tests.ServiceTests.GuestsServiceTests.GetGuestAsync_NullGuestInResponse_ThrowsInvalidOperationException" storage="/app/src/clickup.api.client.tests/bin/debug/net9.0/clickup.api.client.tests.dll" id="1f8ae3bb-5dfe-4695-affb-1e9555986740">
      <Execution id="9491fb36-f4f3-4fa0-ae95-4d399da76855" />
      <TestMethod codeBase="/app/src/ClickUp.Api.Client.Tests/bin/Debug/net9.0/ClickUp.Api.Client.Tests.dll" adapterTypeName="executor://xunit/VsTestRunner2/netcoreapp" className="ClickUp.Api.Client.Tests.ServiceTests.GuestsServiceTests" name="GetGuestAsync_NullGuestInResponse_ThrowsInvalidOperationException" />
    </UnitTest>
    <UnitTest name="ClickUp.Api.Client.Tests.ServiceTests.ListsServiceTests.CreateListInFolderAsync_ApiReturnsNullResponse_ThrowsInvalidOperationException" storage="/app/src/clickup.api.client.tests/bin/debug/net9.0/clickup.api.client.tests.dll" id="66672cba-936c-533d-864c-75fba8575d33">
      <Execution id="49ca8ce7-d085-4b35-95d4-cc14e4b3d49d" />
      <TestMethod codeBase="/app/src/ClickUp.Api.Client.Tests/bin/Debug/net9.0/ClickUp.Api.Client.Tests.dll" adapterTypeName="executor://xunit/VsTestRunner2/netcoreapp" className="ClickUp.Api.Client.Tests.ServiceTests.ListsServiceTests" name="CreateListInFolderAsync_ApiReturnsNullResponse_ThrowsInvalidOperationException" />
    </UnitTest>
    <UnitTest name="ClickUp.Api.Client.Tests.ServiceTests.ListsServiceTests.GetFolderlessListsAsync_ApiReturnsResponseWithNullLists_ReturnsEmptyEnumerable" storage="/app/src/clickup.api.client.tests/bin/debug/net9.0/clickup.api.client.tests.dll" id="d994fd6e-80bf-ef91-7713-64a44d290335">
      <Execution id="e71d439e-1308-4315-ace9-4e2720f7aca2" />
      <TestMethod codeBase="/app/src/ClickUp.Api.Client.Tests/bin/Debug/net9.0/ClickUp.Api.Client.Tests.dll" adapterTypeName="executor://xunit/VsTestRunner2/netcoreapp" className="ClickUp.Api.Client.Tests.ServiceTests.ListsServiceTests" name="GetFolderlessListsAsync_ApiReturnsResponseWithNullLists_ReturnsEmptyEnumerable" />
    </UnitTest>
    <UnitTest name="ClickUp.Api.Client.Tests.ServiceTests.FoldersServiceTests.DeleteFolderAsync_ValidId_CallsDelete" storage="/app/src/clickup.api.client.tests/bin/debug/net9.0/clickup.api.client.tests.dll" id="d4dbc83b-2530-789e-5f5b-4985bc73e6f9">
      <Execution id="3bced991-ef4e-4334-bd65-faba55015136" />
      <TestMethod codeBase="/app/src/ClickUp.Api.Client.Tests/bin/Debug/net9.0/ClickUp.Api.Client.Tests.dll" adapterTypeName="executor://xunit/VsTestRunner2/netcoreapp" className="ClickUp.Api.Client.Tests.ServiceTests.FoldersServiceTests" name="DeleteFolderAsync_ValidId_CallsDelete" />
    </UnitTest>
    <UnitTest name="ClickUp.Api.Client.Tests.ServiceTests.TimeTrackingServiceTests.ChangeTimeEntryTagNameAsync_ValidRequest_CallsPutAsync" storage="/app/src/clickup.api.client.tests/bin/debug/net9.0/clickup.api.client.tests.dll" id="719e549b-8b5f-4965-33fd-0d077879e351">
      <Execution id="4d5686a1-da85-4a9d-982a-640faaf02b2b" />
      <TestMethod codeBase="/app/src/ClickUp.Api.Client.Tests/bin/Debug/net9.0/ClickUp.Api.Client.Tests.dll" adapterTypeName="executor://xunit/VsTestRunner2/netcoreapp" className="ClickUp.Api.Client.Tests.ServiceTests.TimeTrackingServiceTests" name="ChangeTimeEntryTagNameAsync_ValidRequest_CallsPutAsync" />
    </UnitTest>
    <UnitTest name="ClickUp.Api.Client.Tests.ServiceTests.TaskRelationshipsServiceTests.AddTaskLinkAsync_WithCustomIdsAndTeamId_BuildsCorrectUrl" storage="/app/src/clickup.api.client.tests/bin/debug/net9.0/clickup.api.client.tests.dll" id="d4385330-0e50-361b-c879-ddcb17aa9645">
      <Execution id="a8547587-f77a-498a-bab3-be3d18c3d5c3" />
      <TestMethod codeBase="/app/src/ClickUp.Api.Client.Tests/bin/Debug/net9.0/ClickUp.Api.Client.Tests.dll" adapterTypeName="executor://xunit/VsTestRunner2/netcoreapp" className="ClickUp.Api.Client.Tests.ServiceTests.TaskRelationshipsServiceTests" name="AddTaskLinkAsync_WithCustomIdsAndTeamId_BuildsCorrectUrl" />
    </UnitTest>
    <UnitTest name="ClickUp.Api.Client.Tests.ServiceTests.TimeTrackingServiceTests.CreateTimeEntryAsync_ValidRequest_ReturnsTimeEntry" storage="/app/src/clickup.api.client.tests/bin/debug/net9.0/clickup.api.client.tests.dll" id="2a0ee772-d72f-6d38-8859-f5a918be0ff7">
      <Execution id="5f2533b8-f411-442a-b21d-0bb0d667d04b" />
      <TestMethod codeBase="/app/src/ClickUp.Api.Client.Tests/bin/Debug/net9.0/ClickUp.Api.Client.Tests.dll" adapterTypeName="executor://xunit/VsTestRunner2/netcoreapp" className="ClickUp.Api.Client.Tests.ServiceTests.TimeTrackingServiceTests" name="CreateTimeEntryAsync_ValidRequest_ReturnsTimeEntry" />
    </UnitTest>
    <UnitTest name="ClickUp.Api.Client.Tests.ServiceTests.TagsServiceTests.GetSpaceTagsAsync_ApiReturnsNullResponse_ReturnsEmptyEnumerable" storage="/app/src/clickup.api.client.tests/bin/debug/net9.0/clickup.api.client.tests.dll" id="c07f3ebe-feeb-0c21-e851-13afcafc278a">
      <Execution id="4df66d98-f91b-4f57-82e5-24eb3b9a5864" />
      <TestMethod codeBase="/app/src/ClickUp.Api.Client.Tests/bin/Debug/net9.0/ClickUp.Api.Client.Tests.dll" adapterTypeName="executor://xunit/VsTestRunner2/netcoreapp" className="ClickUp.Api.Client.Tests.ServiceTests.TagsServiceTests" name="GetSpaceTagsAsync_ApiReturnsNullResponse_ReturnsEmptyEnumerable" />
    </UnitTest>
    <UnitTest name="ClickUp.Api.Client.Tests.ServiceTests.UserGroupServiceTests.GetUserGroupsAsync_WithNullGroupIds_BuildsCorrectUrlWithoutGroupIdsParam" storage="/app/src/clickup.api.client.tests/bin/debug/net9.0/clickup.api.client.tests.dll" id="d205cd4f-7e75-1065-1e83-e2c9c6957054">
      <Execution id="3d0c8341-6d51-4b91-b4e0-4474c590e701" />
      <TestMethod codeBase="/app/src/ClickUp.Api.Client.Tests/bin/Debug/net9.0/ClickUp.Api.Client.Tests.dll" adapterTypeName="executor://xunit/VsTestRunner2/netcoreapp" className="ClickUp.Api.Client.Tests.ServiceTests.UserGroupServiceTests" name="GetUserGroupsAsync_WithNullGroupIds_BuildsCorrectUrlWithoutGroupIdsParam" />
    </UnitTest>
    <UnitTest name="ClickUp.Api.Client.Tests.ServiceTests.TaskRelationshipsServiceTests.DeleteTaskLinkAsync_WithCustomIdsAndTeamId_BuildsCorrectUrl" storage="/app/src/clickup.api.client.tests/bin/debug/net9.0/clickup.api.client.tests.dll" id="da8dace8-4ac6-e8fe-48f6-c0c642948111">
      <Execution id="241011c2-0685-4774-a734-b73a643e7ac8" />
      <TestMethod codeBase="/app/src/ClickUp.Api.Client.Tests/bin/Debug/net9.0/ClickUp.Api.Client.Tests.dll" adapterTypeName="executor://xunit/VsTestRunner2/netcoreapp" className="ClickUp.Api.Client.Tests.ServiceTests.TaskRelationshipsServiceTests" name="DeleteTaskLinkAsync_WithCustomIdsAndTeamId_BuildsCorrectUrl" />
    </UnitTest>
    <UnitTest name="ClickUp.Api.Client.Tests.ServiceTests.UsersServiceTests.RemoveUserFromWorkspaceAsync_ValidRequest_CallsDeleteAsync" storage="/app/src/clickup.api.client.tests/bin/debug/net9.0/clickup.api.client.tests.dll" id="85184259-d996-ead8-1ad9-399123e3fa94">
      <Execution id="b5cc4fcf-2640-488f-a680-4569da432d22" />
      <TestMethod codeBase="/app/src/ClickUp.Api.Client.Tests/bin/Debug/net9.0/ClickUp.Api.Client.Tests.dll" adapterTypeName="executor://xunit/VsTestRunner2/netcoreapp" className="ClickUp.Api.Client.Tests.ServiceTests.UsersServiceTests" name="RemoveUserFromWorkspaceAsync_ValidRequest_CallsDeleteAsync" />
    </UnitTest>
    <UnitTest name="ClickUp.Api.Client.Tests.ServiceTests.MembersServiceTests.GetListMembersAsync_PassesCancellationTokenToApiConnection" storage="/app/src/clickup.api.client.tests/bin/debug/net9.0/clickup.api.client.tests.dll" id="ee299c0b-4367-2d6c-62ba-77e92b1ad5f3">
      <Execution id="8b674912-041d-40a9-affd-59ac7b16737b" />
      <TestMethod codeBase="/app/src/ClickUp.Api.Client.Tests/bin/Debug/net9.0/ClickUp.Api.Client.Tests.dll" adapterTypeName="executor://xunit/VsTestRunner2/netcoreapp" className="ClickUp.Api.Client.Tests.ServiceTests.MembersServiceTests" name="GetListMembersAsync_PassesCancellationTokenToApiConnection" />
    </UnitTest>
    <UnitTest name="ClickUp.Api.Client.Tests.ServiceTests.CustomFieldsServiceTests.SetCustomFieldValueAsync_PassesCancellationTokenToApiConnection" storage="/app/src/clickup.api.client.tests/bin/debug/net9.0/clickup.api.client.tests.dll" id="30cbc6c1-e207-9636-2837-013eab9a8ee3">
      <Execution id="d92d4a54-1e34-4298-9c9a-ea290e5b11a3" />
      <TestMethod codeBase="/app/src/ClickUp.Api.Client.Tests/bin/Debug/net9.0/ClickUp.Api.Client.Tests.dll" adapterTypeName="executor://xunit/VsTestRunner2/netcoreapp" className="ClickUp.Api.Client.Tests.ServiceTests.CustomFieldsServiceTests" name="SetCustomFieldValueAsync_PassesCancellationTokenToApiConnection" />
    </UnitTest>
    <UnitTest name="ClickUp.Api.Client.Tests.ServiceTests.AuthorizationServiceTests.GetAccessTokenAsync_ApiConnectionThrowsException_PropagatesException" storage="/app/src/clickup.api.client.tests/bin/debug/net9.0/clickup.api.client.tests.dll" id="ad198581-af12-5320-2df9-9b7a437637c5">
      <Execution id="26ba6b21-3f8c-4b1e-8dd2-e3c11e7ef576" />
      <TestMethod codeBase="/app/src/ClickUp.Api.Client.Tests/bin/Debug/net9.0/ClickUp.Api.Client.Tests.dll" adapterTypeName="executor://xunit/VsTestRunner2/netcoreapp" className="ClickUp.Api.Client.Tests.ServiceTests.AuthorizationServiceTests" name="GetAccessTokenAsync_ApiConnectionThrowsException_PropagatesException" />
    </UnitTest>
    <UnitTest name="ClickUp.Api.Client.Tests.ServiceTests.ListsServiceTests.GetListsInFolderAsync_ApiConnectionThrowsHttpRequestException_PropagatesException" storage="/app/src/clickup.api.client.tests/bin/debug/net9.0/clickup.api.client.tests.dll" id="ede22c26-cac5-27e4-85d7-5752263c860e">
      <Execution id="8a42dfc3-0e76-4002-a3a2-06e0146933b6" />
      <TestMethod codeBase="/app/src/ClickUp.Api.Client.Tests/bin/Debug/net9.0/ClickUp.Api.Client.Tests.dll" adapterTypeName="executor://xunit/VsTestRunner2/netcoreapp" className="ClickUp.Api.Client.Tests.ServiceTests.ListsServiceTests" name="GetListsInFolderAsync_ApiConnectionThrowsHttpRequestException_PropagatesException" />
    </UnitTest>
    <UnitTest name="ClickUp.Api.Client.Tests.ServiceTests.SharedHierarchyServiceTests.GetSharedHierarchyAsync_ApiReturnsNullResponse_ThrowsInvalidOperationException" storage="/app/src/clickup.api.client.tests/bin/debug/net9.0/clickup.api.client.tests.dll" id="9cbcc853-b49d-d7c6-9b93-09a174dcc2da">
      <Execution id="070fa4d1-be75-4bdb-8e5d-4bd8226b6dd1" />
      <TestMethod codeBase="/app/src/ClickUp.Api.Client.Tests/bin/Debug/net9.0/ClickUp.Api.Client.Tests.dll" adapterTypeName="executor://xunit/VsTestRunner2/netcoreapp" className="ClickUp.Api.Client.Tests.ServiceTests.SharedHierarchyServiceTests" name="GetSharedHierarchyAsync_ApiReturnsNullResponse_ThrowsInvalidOperationException" />
    </UnitTest>
    <UnitTest name="ClickUp.Api.Client.Tests.ServiceTests.GoalsServiceTests.EditKeyResultAsync_ApiReturnsNullResponse_ThrowsInvalidOperationException" storage="/app/src/clickup.api.client.tests/bin/debug/net9.0/clickup.api.client.tests.dll" id="b122c509-1688-809e-ff0e-b8d07977af92">
      <Execution id="3bb866c5-ab1d-4ad1-99d5-8f18b8e32c0f" />
      <TestMethod codeBase="/app/src/ClickUp.Api.Client.Tests/bin/Debug/net9.0/ClickUp.Api.Client.Tests.dll" adapterTypeName="executor://xunit/VsTestRunner2/netcoreapp" className="ClickUp.Api.Client.Tests.ServiceTests.GoalsServiceTests" name="EditKeyResultAsync_ApiReturnsNullResponse_ThrowsInvalidOperationException" />
    </UnitTest>
    <UnitTest name="ClickUp.Api.Client.Tests.ServiceTests.TagsServiceTests.EditSpaceTagAsync_ApiReturnsNullResponse_ThrowsInvalidOperationException" storage="/app/src/clickup.api.client.tests/bin/debug/net9.0/clickup.api.client.tests.dll" id="4cd48218-1563-ac39-7034-a94c299a8df0">
      <Execution id="9bd767fd-5f1d-493c-81bd-0c48475cb097" />
      <TestMethod codeBase="/app/src/ClickUp.Api.Client.Tests/bin/Debug/net9.0/ClickUp.Api.Client.Tests.dll" adapterTypeName="executor://xunit/VsTestRunner2/netcoreapp" className="ClickUp.Api.Client.Tests.ServiceTests.TagsServiceTests" name="EditSpaceTagAsync_ApiReturnsNullResponse_ThrowsInvalidOperationException" />
    </UnitTest>
    <UnitTest name="ClickUp.Api.Client.Tests.ServiceTests.ChatServiceTests.CreateChatChannelAsync_PassesCancellationTokenToApiConnection" storage="/app/src/clickup.api.client.tests/bin/debug/net9.0/clickup.api.client.tests.dll" id="4dc95a35-dbeb-1d83-363f-030e74e2f451">
      <Execution id="87b57018-ad7b-4e83-b1b6-f30160d0f5da" />
      <TestMethod codeBase="/app/src/ClickUp.Api.Client.Tests/bin/Debug/net9.0/ClickUp.Api.Client.Tests.dll" adapterTypeName="executor://xunit/VsTestRunner2/netcoreapp" className="ClickUp.Api.Client.Tests.ServiceTests.ChatServiceTests" name="CreateChatChannelAsync_PassesCancellationTokenToApiConnection" />
    </UnitTest>
    <UnitTest name="ClickUp.Api.Client.Tests.ServiceTests.TaskChecklistsServiceTests.EditChecklistItemAsync_ApiReturnsResponseWithNullChecklist_ThrowsInvalidOperationException" storage="/app/src/clickup.api.client.tests/bin/debug/net9.0/clickup.api.client.tests.dll" id="ffba5041-3dad-a171-d402-f1044d82d98b">
      <Execution id="b92dfd49-e11c-4715-9134-be66f63b9287" />
      <TestMethod codeBase="/app/src/ClickUp.Api.Client.Tests/bin/Debug/net9.0/ClickUp.Api.Client.Tests.dll" adapterTypeName="executor://xunit/VsTestRunner2/netcoreapp" className="ClickUp.Api.Client.Tests.ServiceTests.TaskChecklistsServiceTests" name="EditChecklistItemAsync_ApiReturnsResponseWithNullChecklist_ThrowsInvalidOperationException" />
    </UnitTest>
    <UnitTest name="ClickUp.Api.Client.Tests.ServiceTests.TaskRelationshipsServiceTests.DeleteDependencyAsync_BothDependsOnAndDependencyOf_ThrowsArgumentException" storage="/app/src/clickup.api.client.tests/bin/debug/net9.0/clickup.api.client.tests.dll" id="4d40b394-203e-b193-af93-1107e104b241">
      <Execution id="b46ecc7a-b9ad-40da-ae9a-2dff27b0f165" />
      <TestMethod codeBase="/app/src/ClickUp.Api.Client.Tests/bin/Debug/net9.0/ClickUp.Api.Client.Tests.dll" adapterTypeName="executor://xunit/VsTestRunner2/netcoreapp" className="ClickUp.Api.Client.Tests.ServiceTests.TaskRelationshipsServiceTests" name="DeleteDependencyAsync_BothDependsOnAndDependencyOf_ThrowsArgumentException" />
    </UnitTest>
    <UnitTest name="ClickUp.Api.Client.Tests.ServiceTests.FoldersServiceTests.GetFoldersAsync_ValidSpaceId_BuildsCorrectUrlAndReturnsFolders" storage="/app/src/clickup.api.client.tests/bin/debug/net9.0/clickup.api.client.tests.dll" id="70b712f1-924e-8712-a0fe-8efa050afe1d">
      <Execution id="e83950b8-67d1-461a-a3c8-0e4c64d072d4" />
      <TestMethod codeBase="/app/src/ClickUp.Api.Client.Tests/bin/Debug/net9.0/ClickUp.Api.Client.Tests.dll" adapterTypeName="executor://xunit/VsTestRunner2/netcoreapp" className="ClickUp.Api.Client.Tests.ServiceTests.FoldersServiceTests" name="GetFoldersAsync_ValidSpaceId_BuildsCorrectUrlAndReturnsFolders" />
    </UnitTest>
    <UnitTest name="ClickUp.Api.Client.Tests.ServiceTests.WebhooksServiceTests.UpdateWebhookAsync_ApiConnectionThrowsTaskCanceledException_PropagatesException" storage="/app/src/clickup.api.client.tests/bin/debug/net9.0/clickup.api.client.tests.dll" id="2e1fa312-8a9c-62d8-e52c-b05292789ed7">
      <Execution id="12610757-0e8e-49b2-99df-8248ba9c76e7" />
      <TestMethod codeBase="/app/src/ClickUp.Api.Client.Tests/bin/Debug/net9.0/ClickUp.Api.Client.Tests.dll" adapterTypeName="executor://xunit/VsTestRunner2/netcoreapp" className="ClickUp.Api.Client.Tests.ServiceTests.WebhooksServiceTests" name="UpdateWebhookAsync_ApiConnectionThrowsTaskCanceledException_PropagatesException" />
    </UnitTest>
    <UnitTest name="ClickUp.Api.Client.Tests.ServiceTests.ChatServiceTests.GetChatChannelMembersAsync_NullResponse_ThrowsInvalidOperationException" storage="/app/src/clickup.api.client.tests/bin/debug/net9.0/clickup.api.client.tests.dll" id="9a676e03-e012-f8a9-7b8b-ab620799d1bd">
      <Execution id="b6ce9f0d-3a73-4357-8b1f-cdec96cf488d" />
      <TestMethod codeBase="/app/src/ClickUp.Api.Client.Tests/bin/Debug/net9.0/ClickUp.Api.Client.Tests.dll" adapterTypeName="executor://xunit/VsTestRunner2/netcoreapp" className="ClickUp.Api.Client.Tests.ServiceTests.ChatServiceTests" name="GetChatChannelMembersAsync_NullResponse_ThrowsInvalidOperationException" />
    </UnitTest>
    <UnitTest name="ClickUp.Api.Client.Tests.ServiceTests.ViewsServiceTests.CreateSpaceViewAsync_ValidRequest_ReturnsView" storage="/app/src/clickup.api.client.tests/bin/debug/net9.0/clickup.api.client.tests.dll" id="bbc4faf3-453f-8a73-6d16-fb009635f7df">
      <Execution id="5fe2b460-eb97-43b7-b2e4-852f4ce3f3a3" />
      <TestMethod codeBase="/app/src/ClickUp.Api.Client.Tests/bin/Debug/net9.0/ClickUp.Api.Client.Tests.dll" adapterTypeName="executor://xunit/VsTestRunner2/netcoreapp" className="ClickUp.Api.Client.Tests.ServiceTests.ViewsServiceTests" name="CreateSpaceViewAsync_ValidRequest_ReturnsView" />
    </UnitTest>
    <UnitTest name="ClickUp.Api.Client.Tests.ServiceTests.WebhooksServiceTests.CreateWebhookAsync_PassesCancellationTokenToApiConnection" storage="/app/src/clickup.api.client.tests/bin/debug/net9.0/clickup.api.client.tests.dll" id="3cc41e1c-f137-34d9-9951-3176ae70469a">
      <Execution id="97489f5d-0622-43b7-899f-ca870b5760c6" />
      <TestMethod codeBase="/app/src/ClickUp.Api.Client.Tests/bin/Debug/net9.0/ClickUp.Api.Client.Tests.dll" adapterTypeName="executor://xunit/VsTestRunner2/netcoreapp" className="ClickUp.Api.Client.Tests.ServiceTests.WebhooksServiceTests" name="CreateWebhookAsync_PassesCancellationTokenToApiConnection" />
    </UnitTest>
    <UnitTest name="ClickUp.Api.Client.Tests.ServiceTests.ListsServiceTests.GetFolderlessListsAsync_ApiConnectionThrowsHttpRequestException_PropagatesException" storage="/app/src/clickup.api.client.tests/bin/debug/net9.0/clickup.api.client.tests.dll" id="5779e282-5f15-b356-3ba1-d082a48628f1">
      <Execution id="5e89e9d4-46ef-4edd-b89d-1e3ca6703b71" />
      <TestMethod codeBase="/app/src/ClickUp.Api.Client.Tests/bin/Debug/net9.0/ClickUp.Api.Client.Tests.dll" adapterTypeName="executor://xunit/VsTestRunner2/netcoreapp" className="ClickUp.Api.Client.Tests.ServiceTests.ListsServiceTests" name="GetFolderlessListsAsync_ApiConnectionThrowsHttpRequestException_PropagatesException" />
    </UnitTest>
    <UnitTest name="ClickUp.Api.Client.Tests.ServiceTests.ListsServiceTests.CreateFolderlessListAsync_PassesCancellationTokenToApiConnection" storage="/app/src/clickup.api.client.tests/bin/debug/net9.0/clickup.api.client.tests.dll" id="d4f02ca2-cf2b-a903-5171-e8a9873f1fdb">
      <Execution id="be800999-b1ed-4880-8b01-bdafde452d6d" />
      <TestMethod codeBase="/app/src/ClickUp.Api.Client.Tests/bin/Debug/net9.0/ClickUp.Api.Client.Tests.dll" adapterTypeName="executor://xunit/VsTestRunner2/netcoreapp" className="ClickUp.Api.Client.Tests.ServiceTests.ListsServiceTests" name="CreateFolderlessListAsync_PassesCancellationTokenToApiConnection" />
    </UnitTest>
    <UnitTest name="ClickUp.Api.Client.Tests.ServiceTests.WebhooksServiceTests.UpdateWebhookAsync_ApiConnectionThrowsHttpRequestException_PropagatesException" storage="/app/src/clickup.api.client.tests/bin/debug/net9.0/clickup.api.client.tests.dll" id="b8d226bc-f3b7-412c-83c2-b72c9c49261b">
      <Execution id="35ced410-51a6-44f9-b1b6-26ba1f0ec613" />
      <TestMethod codeBase="/app/src/ClickUp.Api.Client.Tests/bin/Debug/net9.0/ClickUp.Api.Client.Tests.dll" adapterTypeName="executor://xunit/VsTestRunner2/netcoreapp" className="ClickUp.Api.Client.Tests.ServiceTests.WebhooksServiceTests" name="UpdateWebhookAsync_ApiConnectionThrowsHttpRequestException_PropagatesException" />
    </UnitTest>
    <UnitTest name="ClickUp.Api.Client.Tests.ServiceTests.TagsServiceTests.DeleteSpaceTagAsync_ValidRequest_CallsDeleteAsync" storage="/app/src/clickup.api.client.tests/bin/debug/net9.0/clickup.api.client.tests.dll" id="1fc0a138-aae1-a53b-1473-03ab377675e8">
      <Execution id="be5d9381-f288-49b9-bf66-a244ed39de6c" />
      <TestMethod codeBase="/app/src/ClickUp.Api.Client.Tests/bin/Debug/net9.0/ClickUp.Api.Client.Tests.dll" adapterTypeName="executor://xunit/VsTestRunner2/netcoreapp" className="ClickUp.Api.Client.Tests.ServiceTests.TagsServiceTests" name="DeleteSpaceTagAsync_ValidRequest_CallsDeleteAsync" />
    </UnitTest>
    <UnitTest name="ClickUp.Api.Client.Tests.ServiceTests.ChatServiceTests.CreateChatChannelAsync_ValidRequest_CallsPostAndReturnsChannel" storage="/app/src/clickup.api.client.tests/bin/debug/net9.0/clickup.api.client.tests.dll" id="bc0cf908-745b-84bd-9ad4-ff08ec13d089">
      <Execution id="985ac0bb-1f3f-40fb-a0b0-26b9c17c531a" />
      <TestMethod codeBase="/app/src/ClickUp.Api.Client.Tests/bin/Debug/net9.0/ClickUp.Api.Client.Tests.dll" adapterTypeName="executor://xunit/VsTestRunner2/netcoreapp" className="ClickUp.Api.Client.Tests.ServiceTests.ChatServiceTests" name="CreateChatChannelAsync_ValidRequest_CallsPostAndReturnsChannel" />
    </UnitTest>
    <UnitTest name="ClickUp.Api.Client.Tests.ServiceTests.TimeTrackingServiceTests.GetTimeEntriesAsyncEnumerableAsync_HandlesCancellation" storage="/app/src/clickup.api.client.tests/bin/debug/net9.0/clickup.api.client.tests.dll" id="295e364a-764a-2988-9a20-8be47ed81d51">
      <Execution id="8e996f3c-0e74-4e8c-8174-a80e9ee73329" />
      <TestMethod codeBase="/app/src/ClickUp.Api.Client.Tests/bin/Debug/net9.0/ClickUp.Api.Client.Tests.dll" adapterTypeName="executor://xunit/VsTestRunner2/netcoreapp" className="ClickUp.Api.Client.Tests.ServiceTests.TimeTrackingServiceTests" name="GetTimeEntriesAsyncEnumerableAsync_HandlesCancellation" />
    </UnitTest>
    <UnitTest name="ClickUp.Api.Client.Tests.ServiceTests.TagsServiceTests.AddTagToTaskAsync_ValidRequest_CallsPostAsyncWithCorrectUrl" storage="/app/src/clickup.api.client.tests/bin/debug/net9.0/clickup.api.client.tests.dll" id="f88a9eb1-1b2d-6978-811a-00b9776f9a7b">
      <Execution id="dc374b72-743c-4033-97cb-fcd0d6c8a14c" />
      <TestMethod codeBase="/app/src/ClickUp.Api.Client.Tests/bin/Debug/net9.0/ClickUp.Api.Client.Tests.dll" adapterTypeName="executor://xunit/VsTestRunner2/netcoreapp" className="ClickUp.Api.Client.Tests.ServiceTests.TagsServiceTests" name="AddTagToTaskAsync_ValidRequest_CallsPostAsyncWithCorrectUrl" />
    </UnitTest>
    <UnitTest name="ClickUp.Api.Client.Tests.ServiceTests.ListsServiceTests.GetListsInFolderAsync_WithArchivedTrue_BuildsCorrectUrl" storage="/app/src/clickup.api.client.tests/bin/debug/net9.0/clickup.api.client.tests.dll" id="78145ca3-f064-cb2e-ebce-b57ecce4f5f7">
      <Execution id="ce2c0e11-a6c5-433f-a56b-f655ed9dc0ca" />
      <TestMethod codeBase="/app/src/ClickUp.Api.Client.Tests/bin/Debug/net9.0/ClickUp.Api.Client.Tests.dll" adapterTypeName="executor://xunit/VsTestRunner2/netcoreapp" className="ClickUp.Api.Client.Tests.ServiceTests.ListsServiceTests" name="GetListsInFolderAsync_WithArchivedTrue_BuildsCorrectUrl" />
    </UnitTest>
    <UnitTest name="ClickUp.Api.Client.Tests.ServiceTests.CustomFieldsServiceTests.GetFolderCustomFieldsAsync_ApiConnectionThrowsTaskCanceledException_PropagatesException" storage="/app/src/clickup.api.client.tests/bin/debug/net9.0/clickup.api.client.tests.dll" id="5cfef7c9-4c98-ecbd-c878-db328469599f">
      <Execution id="fbf04d49-8d23-49d8-9f26-5ec394fd1355" />
      <TestMethod codeBase="/app/src/ClickUp.Api.Client.Tests/bin/Debug/net9.0/ClickUp.Api.Client.Tests.dll" adapterTypeName="executor://xunit/VsTestRunner2/netcoreapp" className="ClickUp.Api.Client.Tests.ServiceTests.CustomFieldsServiceTests" name="GetFolderCustomFieldsAsync_ApiConnectionThrowsTaskCanceledException_PropagatesException" />
    </UnitTest>
    <UnitTest name="ClickUp.Api.Client.Tests.ServiceTests.TimeTrackingServiceTests.UpdateTimeEntryAsync_ValidRequest_ReturnsUpdatedTimeEntry" storage="/app/src/clickup.api.client.tests/bin/debug/net9.0/clickup.api.client.tests.dll" id="c76b7fd5-7ff2-176d-1cad-f31aaca9e9dd">
      <Execution id="df5132e3-4c31-46d0-9332-dcf6a1fdca58" />
      <TestMethod codeBase="/app/src/ClickUp.Api.Client.Tests/bin/Debug/net9.0/ClickUp.Api.Client.Tests.dll" adapterTypeName="executor://xunit/VsTestRunner2/netcoreapp" className="ClickUp.Api.Client.Tests.ServiceTests.TimeTrackingServiceTests" name="UpdateTimeEntryAsync_ValidRequest_ReturnsUpdatedTimeEntry" />
    </UnitTest>
    <UnitTest name="ClickUp.Api.Client.Tests.ServiceTests.CommentServiceTests.CreateListCommentAsync_ValidInput_CallsApiConnectionPostAsyncWithCorrectParameters" storage="/app/src/clickup.api.client.tests/bin/debug/net9.0/clickup.api.client.tests.dll" id="7df0cb14-1ce2-b903-7b1c-3aebe16ea71a">
      <Execution id="a2781d7f-e42c-4eff-a85c-fb965bff80f1" />
      <TestMethod codeBase="/app/src/ClickUp.Api.Client.Tests/bin/Debug/net9.0/ClickUp.Api.Client.Tests.dll" adapterTypeName="executor://xunit/VsTestRunner2/netcoreapp" className="ClickUp.Api.Client.Tests.ServiceTests.CommentServiceTests" name="CreateListCommentAsync_ValidInput_CallsApiConnectionPostAsyncWithCorrectParameters" />
    </UnitTest>
    <UnitTest name="ClickUp.Api.Client.Tests.ServiceTests.CommentServiceTests.UpdateCommentAsync_ApiConnectionReturnsNull_ThrowsInvalidOperationException" storage="/app/src/clickup.api.client.tests/bin/debug/net9.0/clickup.api.client.tests.dll" id="df92ad98-bce4-a78f-33fd-44173b296ba5">
      <Execution id="0742786d-7ec8-48cf-bd83-493081298ea1" />
      <TestMethod codeBase="/app/src/ClickUp.Api.Client.Tests/bin/Debug/net9.0/ClickUp.Api.Client.Tests.dll" adapterTypeName="executor://xunit/VsTestRunner2/netcoreapp" className="ClickUp.Api.Client.Tests.ServiceTests.CommentServiceTests" name="UpdateCommentAsync_ApiConnectionReturnsNull_ThrowsInvalidOperationException" />
    </UnitTest>
    <UnitTest name="ClickUp.Api.Client.Tests.ServiceTests.ListsServiceTests.GetFolderlessListsAsync_PassesCancellationTokenToApiConnection" storage="/app/src/clickup.api.client.tests/bin/debug/net9.0/clickup.api.client.tests.dll" id="e66f2070-3ec2-0e7c-07bc-31cfe55bc2b3">
      <Execution id="eae42238-5434-43d5-8527-b2862afebf19" />
      <TestMethod codeBase="/app/src/ClickUp.Api.Client.Tests/bin/Debug/net9.0/ClickUp.Api.Client.Tests.dll" adapterTypeName="executor://xunit/VsTestRunner2/netcoreapp" className="ClickUp.Api.Client.Tests.ServiceTests.ListsServiceTests" name="GetFolderlessListsAsync_PassesCancellationTokenToApiConnection" />
    </UnitTest>
    <UnitTest name="ClickUp.Api.Client.Tests.ServiceTests.TaskServiceTests.GetTaskAsync_PassesCancellationTokenToApiConnection" storage="/app/src/clickup.api.client.tests/bin/debug/net9.0/clickup.api.client.tests.dll" id="455d373c-0768-e4b9-a7a0-973113e32cb6">
      <Execution id="ea4ca9b9-d394-41bf-ac88-2b3e2ac8a80f" />
      <TestMethod codeBase="/app/src/ClickUp.Api.Client.Tests/bin/Debug/net9.0/ClickUp.Api.Client.Tests.dll" adapterTypeName="executor://xunit/VsTestRunner2/netcoreapp" className="ClickUp.Api.Client.Tests.ServiceTests.TaskServiceTests" name="GetTaskAsync_PassesCancellationTokenToApiConnection" />
    </UnitTest>
    <UnitTest name="ClickUp.Api.Client.Tests.ServiceTests.ListsServiceTests.GetListsInFolderAsync_ApiReturnsResponseWithNullLists_ReturnsEmptyEnumerable" storage="/app/src/clickup.api.client.tests/bin/debug/net9.0/clickup.api.client.tests.dll" id="e9632c8c-2e19-3a9c-42ff-3dfd5ac4ab1b">
      <Execution id="5b718d6b-74e3-424e-8a20-ee3df9893ab3" />
      <TestMethod codeBase="/app/src/ClickUp.Api.Client.Tests/bin/Debug/net9.0/ClickUp.Api.Client.Tests.dll" adapterTypeName="executor://xunit/VsTestRunner2/netcoreapp" className="ClickUp.Api.Client.Tests.ServiceTests.ListsServiceTests" name="GetListsInFolderAsync_ApiReturnsResponseWithNullLists_ReturnsEmptyEnumerable" />
    </UnitTest>
    <UnitTest name="ClickUp.Api.Client.Tests.ServiceTests.GuestsServiceTests.AddGuestToListAsync_PassesCancellationTokenToApiConnection" storage="/app/src/clickup.api.client.tests/bin/debug/net9.0/clickup.api.client.tests.dll" id="a474e3f4-7b2b-a10f-817b-c3d993d8d057">
      <Execution id="2e2dd774-d02e-4515-8594-727aadebbab7" />
      <TestMethod codeBase="/app/src/ClickUp.Api.Client.Tests/bin/Debug/net9.0/ClickUp.Api.Client.Tests.dll" adapterTypeName="executor://xunit/VsTestRunner2/netcoreapp" className="ClickUp.Api.Client.Tests.ServiceTests.GuestsServiceTests" name="AddGuestToListAsync_PassesCancellationTokenToApiConnection" />
    </UnitTest>
    <UnitTest name="ClickUp.Api.Client.Tests.ServiceTests.DocsServiceTests.CreatePageAsync_PassesCancellationTokenToApiConnection" storage="/app/src/clickup.api.client.tests/bin/debug/net9.0/clickup.api.client.tests.dll" id="b4439e05-a4aa-b998-a3b8-3b5334aa4ab1">
      <Execution id="30eddc77-bbd3-4675-b334-ccf02ba943cf" />
      <TestMethod codeBase="/app/src/ClickUp.Api.Client.Tests/bin/Debug/net9.0/ClickUp.Api.Client.Tests.dll" adapterTypeName="executor://xunit/VsTestRunner2/netcoreapp" className="ClickUp.Api.Client.Tests.ServiceTests.DocsServiceTests" name="CreatePageAsync_PassesCancellationTokenToApiConnection" />
    </UnitTest>
    <UnitTest name="ClickUp.Api.Client.Tests.ServiceTests.GuestsServiceTests.AddGuestToFolderAsync_PassesCancellationTokenToApiConnection" storage="/app/src/clickup.api.client.tests/bin/debug/net9.0/clickup.api.client.tests.dll" id="366c9a4c-d373-a66d-1c36-09f56a7219f6">
      <Execution id="03853946-00ce-44c2-a76e-83491298b4e2" />
      <TestMethod codeBase="/app/src/ClickUp.Api.Client.Tests/bin/Debug/net9.0/ClickUp.Api.Client.Tests.dll" adapterTypeName="executor://xunit/VsTestRunner2/netcoreapp" className="ClickUp.Api.Client.Tests.ServiceTests.GuestsServiceTests" name="AddGuestToFolderAsync_PassesCancellationTokenToApiConnection" />
    </UnitTest>
    <UnitTest name="ClickUp.Api.Client.Tests.Http.ApiConnectionTests.GetAsync_ThrowsClickUpApiValidationException_ForUnprocessableEntity_WithNonStandardErrorStructure" storage="/app/src/clickup.api.client.tests/bin/debug/net9.0/clickup.api.client.tests.dll" id="0c571b32-a1cb-6377-4b96-b1264a79e63a">
      <Execution id="94be7fe3-7bb3-4a5e-9ef4-d69c434ea096" />
      <TestMethod codeBase="/app/src/ClickUp.Api.Client.Tests/bin/Debug/net9.0/ClickUp.Api.Client.Tests.dll" adapterTypeName="executor://xunit/VsTestRunner2/netcoreapp" className="ClickUp.Api.Client.Tests.Http.ApiConnectionTests" name="GetAsync_ThrowsClickUpApiValidationException_ForUnprocessableEntity_WithNonStandardErrorStructure" />
    </UnitTest>
    <UnitTest name="ClickUp.Api.Client.Tests.ServiceTests.ChatServiceTests.CreateChatChannelAsync_NullDataInResponse_ThrowsInvalidOperationException" storage="/app/src/clickup.api.client.tests/bin/debug/net9.0/clickup.api.client.tests.dll" id="7b5c7cae-2505-a196-c16b-d8cf3f95f4df">
      <Execution id="226f4313-7b9a-471c-9b48-3c64dfd5aae1" />
      <TestMethod codeBase="/app/src/ClickUp.Api.Client.Tests/bin/Debug/net9.0/ClickUp.Api.Client.Tests.dll" adapterTypeName="executor://xunit/VsTestRunner2/netcoreapp" className="ClickUp.Api.Client.Tests.ServiceTests.ChatServiceTests" name="CreateChatChannelAsync_NullDataInResponse_ThrowsInvalidOperationException" />
    </UnitTest>
    <UnitTest name="ClickUp.Api.Client.Tests.ServiceTests.FoldersServiceTests.UpdateFolderAsync_ValidRequest_CallsPutAndReturnsFolder" storage="/app/src/clickup.api.client.tests/bin/debug/net9.0/clickup.api.client.tests.dll" id="6628d820-75ad-6955-de7e-b8cd13fb14bf">
      <Execution id="7b09cf64-2a56-49ec-b689-4303100cbd58" />
      <TestMethod codeBase="/app/src/ClickUp.Api.Client.Tests/bin/Debug/net9.0/ClickUp.Api.Client.Tests.dll" adapterTypeName="executor://xunit/VsTestRunner2/netcoreapp" className="ClickUp.Api.Client.Tests.ServiceTests.FoldersServiceTests" name="UpdateFolderAsync_ValidRequest_CallsPutAndReturnsFolder" />
    </UnitTest>
    <UnitTest name="ClickUp.Api.Client.Tests.ServiceTests.TaskChecklistsServiceTests.DeleteChecklistAsync_PassesCancellationTokenToApiConnection" storage="/app/src/clickup.api.client.tests/bin/debug/net9.0/clickup.api.client.tests.dll" id="3c27a31f-e076-0d6d-19f1-c3fb8a72001f">
      <Execution id="d5dc2f9f-17d8-4e11-a122-e515fcf78e52" />
      <TestMethod codeBase="/app/src/ClickUp.Api.Client.Tests/bin/Debug/net9.0/ClickUp.Api.Client.Tests.dll" adapterTypeName="executor://xunit/VsTestRunner2/netcoreapp" className="ClickUp.Api.Client.Tests.ServiceTests.TaskChecklistsServiceTests" name="DeleteChecklistAsync_PassesCancellationTokenToApiConnection" />
    </UnitTest>
    <UnitTest name="ClickUp.Api.Client.Tests.ServiceTests.AuthorizationServiceTests.GetAuthorizedWorkspacesAsync_ApiConnectionThrowsTaskCanceledException_PropagatesException" storage="/app/src/clickup.api.client.tests/bin/debug/net9.0/clickup.api.client.tests.dll" id="a6095f80-0334-edb4-2e89-a759c9293c61">
      <Execution id="0c87c72d-f583-4074-a6ef-99191a77f7b1" />
      <TestMethod codeBase="/app/src/ClickUp.Api.Client.Tests/bin/Debug/net9.0/ClickUp.Api.Client.Tests.dll" adapterTypeName="executor://xunit/VsTestRunner2/netcoreapp" className="ClickUp.Api.Client.Tests.ServiceTests.AuthorizationServiceTests" name="GetAuthorizedWorkspacesAsync_ApiConnectionThrowsTaskCanceledException_PropagatesException" />
    </UnitTest>
    <UnitTest name="ClickUp.Api.Client.Tests.ServiceTests.TimeTrackingServiceTests.StopTimeEntryAsync_ApiConnectionThrowsHttpRequestException_PropagatesException" storage="/app/src/clickup.api.client.tests/bin/debug/net9.0/clickup.api.client.tests.dll" id="8d4f003b-e7fd-d6d0-07aa-d85ded595d3d">
      <Execution id="72df5314-88c4-4f68-9bf2-03cc8328a0ef" />
      <TestMethod codeBase="/app/src/ClickUp.Api.Client.Tests/bin/Debug/net9.0/ClickUp.Api.Client.Tests.dll" adapterTypeName="executor://xunit/VsTestRunner2/netcoreapp" className="ClickUp.Api.Client.Tests.ServiceTests.TimeTrackingServiceTests" name="StopTimeEntryAsync_ApiConnectionThrowsHttpRequestException_PropagatesException" />
    </UnitTest>
    <UnitTest name="ClickUp.Api.Client.Tests.ServiceTests.TaskChecklistsServiceTests.CreateChecklistItemAsync_ApiConnectionThrowsHttpRequestException_PropagatesException" storage="/app/src/clickup.api.client.tests/bin/debug/net9.0/clickup.api.client.tests.dll" id="3dade232-cdca-928f-6336-c86b6cc60ce7">
      <Execution id="7626335f-0d65-4d2a-91f6-fced62fbd3c9" />
      <TestMethod codeBase="/app/src/ClickUp.Api.Client.Tests/bin/Debug/net9.0/ClickUp.Api.Client.Tests.dll" adapterTypeName="executor://xunit/VsTestRunner2/netcoreapp" className="ClickUp.Api.Client.Tests.ServiceTests.TaskChecklistsServiceTests" name="CreateChecklistItemAsync_ApiConnectionThrowsHttpRequestException_PropagatesException" />
    </UnitTest>
    <UnitTest name="ClickUp.Api.Client.Tests.Http.AuthenticationDelegatingHandlerTests.Constructor_WithInvalidApiKey_ShouldThrowArgumentNullException(invalidApiKey: &quot;&quot;)" storage="/app/src/clickup.api.client.tests/bin/debug/net9.0/clickup.api.client.tests.dll" id="d64c8a48-94a6-5d45-b994-65e073b17456">
      <Execution id="667458af-73b7-4871-9bd7-13f3e90b3b42" />
      <TestMethod codeBase="/app/src/ClickUp.Api.Client.Tests/bin/Debug/net9.0/ClickUp.Api.Client.Tests.dll" adapterTypeName="executor://xunit/VsTestRunner2/netcoreapp" className="ClickUp.Api.Client.Tests.Http.AuthenticationDelegatingHandlerTests" name="Constructor_WithInvalidApiKey_ShouldThrowArgumentNullException" />
    </UnitTest>
    <UnitTest name="ClickUp.Api.Client.Tests.ServiceTests.MembersServiceTests.GetTaskMembersAsync_ApiReturnsResponseWithNullMembers_ReturnsEmptyEnumerable" storage="/app/src/clickup.api.client.tests/bin/debug/net9.0/clickup.api.client.tests.dll" id="b59fa0d8-acfb-5e6f-7f65-1cf2b7e27e0c">
      <Execution id="6f892545-0486-4ff6-8052-aad95f07ad52" />
      <TestMethod codeBase="/app/src/ClickUp.Api.Client.Tests/bin/Debug/net9.0/ClickUp.Api.Client.Tests.dll" adapterTypeName="executor://xunit/VsTestRunner2/netcoreapp" className="ClickUp.Api.Client.Tests.ServiceTests.MembersServiceTests" name="GetTaskMembersAsync_ApiReturnsResponseWithNullMembers_ReturnsEmptyEnumerable" />
    </UnitTest>
    <UnitTest name="ClickUp.Api.Client.Tests.ServiceTests.TimeTrackingServiceTests.GetTimeEntriesAsyncEnumerableAsync_HandlesApiError" storage="/app/src/clickup.api.client.tests/bin/debug/net9.0/clickup.api.client.tests.dll" id="ffb609b2-e71e-6830-1f60-49e0153938df">
      <Execution id="8eb44c03-5c17-43e5-973f-af06644455a3" />
      <TestMethod codeBase="/app/src/ClickUp.Api.Client.Tests/bin/Debug/net9.0/ClickUp.Api.Client.Tests.dll" adapterTypeName="executor://xunit/VsTestRunner2/netcoreapp" className="ClickUp.Api.Client.Tests.ServiceTests.TimeTrackingServiceTests" name="GetTimeEntriesAsyncEnumerableAsync_HandlesApiError" />
    </UnitTest>
    <UnitTest name="ClickUp.Api.Client.Tests.ServiceTests.ChatServiceTests.GetChatChannelAsync_ApiError_ThrowsHttpRequestException" storage="/app/src/clickup.api.client.tests/bin/debug/net9.0/clickup.api.client.tests.dll" id="2f5df4c7-efcc-17fd-a190-a85554d096c7">
      <Execution id="fd309e1e-547b-4892-91ea-2754109b5a8d" />
      <TestMethod codeBase="/app/src/ClickUp.Api.Client.Tests/bin/Debug/net9.0/ClickUp.Api.Client.Tests.dll" adapterTypeName="executor://xunit/VsTestRunner2/netcoreapp" className="ClickUp.Api.Client.Tests.ServiceTests.ChatServiceTests" name="GetChatChannelAsync_ApiError_ThrowsHttpRequestException" />
    </UnitTest>
    <UnitTest name="ClickUp.Api.Client.Tests.ServiceTests.FoldersServiceTests.CreateFolderFromTemplateAsync_ApiError_ThrowsHttpRequestException" storage="/app/src/clickup.api.client.tests/bin/debug/net9.0/clickup.api.client.tests.dll" id="77ddda33-f5c0-0546-2603-cfcb62b8c11e">
      <Execution id="9830fc7b-af87-4d32-b836-aa6501b4d7d5" />
      <TestMethod codeBase="/app/src/ClickUp.Api.Client.Tests/bin/Debug/net9.0/ClickUp.Api.Client.Tests.dll" adapterTypeName="executor://xunit/VsTestRunner2/netcoreapp" className="ClickUp.Api.Client.Tests.ServiceTests.FoldersServiceTests" name="CreateFolderFromTemplateAsync_ApiError_ThrowsHttpRequestException" />
    </UnitTest>
    <UnitTest name="ClickUp.Api.Client.Tests.Models.Entities.CustomFieldValueTests.Deserialize_LocationFieldValue_Correctly" storage="/app/src/clickup.api.client.tests/bin/debug/net9.0/clickup.api.client.tests.dll" id="40dbcff3-94ed-953c-0b76-876807c0eb6e">
      <Execution id="653b8979-273f-4300-8666-a2fd84d99cad" />
      <TestMethod codeBase="/app/src/ClickUp.Api.Client.Tests/bin/Debug/net9.0/ClickUp.Api.Client.Tests.dll" adapterTypeName="executor://xunit/VsTestRunner2/netcoreapp" className="ClickUp.Api.Client.Tests.Models.Entities.CustomFieldValueTests" name="Deserialize_LocationFieldValue_Correctly" />
    </UnitTest>
    <UnitTest name="ClickUp.Api.Client.Tests.ServiceTests.TaskChecklistsServiceTests.EditChecklistItemAsync_ApiConnectionThrowsTaskCanceledException_PropagatesException" storage="/app/src/clickup.api.client.tests/bin/debug/net9.0/clickup.api.client.tests.dll" id="d07b686e-9adb-252d-f865-90dbc810765e">
      <Execution id="37f3132c-ae79-4155-9e1b-e68a5d84c774" />
      <TestMethod codeBase="/app/src/ClickUp.Api.Client.Tests/bin/Debug/net9.0/ClickUp.Api.Client.Tests.dll" adapterTypeName="executor://xunit/VsTestRunner2/netcoreapp" className="ClickUp.Api.Client.Tests.ServiceTests.TaskChecklistsServiceTests" name="EditChecklistItemAsync_ApiConnectionThrowsTaskCanceledException_PropagatesException" />
    </UnitTest>
    <UnitTest name="ClickUp.Api.Client.Tests.ServiceTests.ViewsServiceTests.GetViewTasksAsync_ApiReturnsNull_ThrowsInvalidOperationException" storage="/app/src/clickup.api.client.tests/bin/debug/net9.0/clickup.api.client.tests.dll" id="734e0fc6-fbea-71d0-23d0-faf15d6e2fac">
      <Execution id="856504a1-1191-4f84-8599-d5b5db557e13" />
      <TestMethod codeBase="/app/src/ClickUp.Api.Client.Tests/bin/Debug/net9.0/ClickUp.Api.Client.Tests.dll" adapterTypeName="executor://xunit/VsTestRunner2/netcoreapp" className="ClickUp.Api.Client.Tests.ServiceTests.ViewsServiceTests" name="GetViewTasksAsync_ApiReturnsNull_ThrowsInvalidOperationException" />
    </UnitTest>
    <UnitTest name="ClickUp.Api.Client.Tests.ServiceTests.WebhooksServiceTests.GetWebhooksAsync_PassesCancellationTokenToApiConnection" storage="/app/src/clickup.api.client.tests/bin/debug/net9.0/clickup.api.client.tests.dll" id="57d5351e-89a1-88f5-047f-ba6226dd4f1e">
      <Execution id="644028b8-40c0-4b70-81bc-afc01b121c9d" />
      <TestMethod codeBase="/app/src/ClickUp.Api.Client.Tests/bin/Debug/net9.0/ClickUp.Api.Client.Tests.dll" adapterTypeName="executor://xunit/VsTestRunner2/netcoreapp" className="ClickUp.Api.Client.Tests.ServiceTests.WebhooksServiceTests" name="GetWebhooksAsync_PassesCancellationTokenToApiConnection" />
    </UnitTest>
    <UnitTest name="ClickUp.Api.Client.Tests.ServiceTests.ViewsServiceTests.UpdateViewAsync_ApiReturnsNull_ThrowsInvalidOperationException" storage="/app/src/clickup.api.client.tests/bin/debug/net9.0/clickup.api.client.tests.dll" id="292c6286-4615-62d6-6838-a11ada9076a4">
      <Execution id="e82b9c38-1dfa-4b69-a9fa-ed142c0277b2" />
      <TestMethod codeBase="/app/src/ClickUp.Api.Client.Tests/bin/Debug/net9.0/ClickUp.Api.Client.Tests.dll" adapterTypeName="executor://xunit/VsTestRunner2/netcoreapp" className="ClickUp.Api.Client.Tests.ServiceTests.ViewsServiceTests" name="UpdateViewAsync_ApiReturnsNull_ThrowsInvalidOperationException" />
    </UnitTest>
    <UnitTest name="ClickUp.Api.Client.Tests.ServiceTests.TaskServiceTests.GetTaskAsync_WithAllQueryParameters_BuildsCorrectEndpoint" storage="/app/src/clickup.api.client.tests/bin/debug/net9.0/clickup.api.client.tests.dll" id="e00fbc9e-f7de-c06d-72fe-b42d59595a10">
      <Execution id="ad0f723a-fc6d-498f-bbd1-c2d1b2715c8f" />
      <TestMethod codeBase="/app/src/ClickUp.Api.Client.Tests/bin/Debug/net9.0/ClickUp.Api.Client.Tests.dll" adapterTypeName="executor://xunit/VsTestRunner2/netcoreapp" className="ClickUp.Api.Client.Tests.ServiceTests.TaskServiceTests" name="GetTaskAsync_WithAllQueryParameters_BuildsCorrectEndpoint" />
    </UnitTest>
    <UnitTest name="ClickUp.Api.Client.Tests.ServiceTests.AuthorizationServiceTests.GetAuthorizedWorkspacesAsync_PassesCancellationTokenToApiConnection" storage="/app/src/clickup.api.client.tests/bin/debug/net9.0/clickup.api.client.tests.dll" id="c3f78f48-a866-b86e-0984-689bef337df5">
      <Execution id="92527855-035b-4580-902c-31a9babde983" />
      <TestMethod codeBase="/app/src/ClickUp.Api.Client.Tests/bin/Debug/net9.0/ClickUp.Api.Client.Tests.dll" adapterTypeName="executor://xunit/VsTestRunner2/netcoreapp" className="ClickUp.Api.Client.Tests.ServiceTests.AuthorizationServiceTests" name="GetAuthorizedWorkspacesAsync_PassesCancellationTokenToApiConnection" />
    </UnitTest>
    <UnitTest name="ClickUp.Api.Client.Tests.ServiceTests.TaskChecklistsServiceTests.CreateChecklistItemAsync_ValidRequest_ReturnsChecklistItemResponse" storage="/app/src/clickup.api.client.tests/bin/debug/net9.0/clickup.api.client.tests.dll" id="99e3ba4a-37fa-896e-1ea0-aac4634d9ac2">
      <Execution id="9cae824e-0c11-48f3-bfd6-a61153d8a72e" />
      <TestMethod codeBase="/app/src/ClickUp.Api.Client.Tests/bin/Debug/net9.0/ClickUp.Api.Client.Tests.dll" adapterTypeName="executor://xunit/VsTestRunner2/netcoreapp" className="ClickUp.Api.Client.Tests.ServiceTests.TaskChecklistsServiceTests" name="CreateChecklistItemAsync_ValidRequest_ReturnsChecklistItemResponse" />
    </UnitTest>
    <UnitTest name="ClickUp.Api.Client.Tests.ServiceTests.TimeTrackingServiceTests.RemoveTagsFromTimeEntriesAsync_ApiConnectionThrowsTaskCanceledException_PropagatesException" storage="/app/src/clickup.api.client.tests/bin/debug/net9.0/clickup.api.client.tests.dll" id="1ac77b27-42c1-cff1-ba4f-002fe435aeb7">
      <Execution id="3e54de78-e852-432c-95e8-0be3c69c8b3d" />
      <TestMethod codeBase="/app/src/ClickUp.Api.Client.Tests/bin/Debug/net9.0/ClickUp.Api.Client.Tests.dll" adapterTypeName="executor://xunit/VsTestRunner2/netcoreapp" className="ClickUp.Api.Client.Tests.ServiceTests.TimeTrackingServiceTests" name="RemoveTagsFromTimeEntriesAsync_ApiConnectionThrowsTaskCanceledException_PropagatesException" />
    </UnitTest>
    <UnitTest name="ClickUp.Api.Client.Tests.ServiceTests.TaskRelationshipsServiceTests.DeleteTaskLinkAsync_ApiConnectionThrowsTaskCanceledException_PropagatesException" storage="/app/src/clickup.api.client.tests/bin/debug/net9.0/clickup.api.client.tests.dll" id="569bfaae-0410-8771-222d-4bb8137ef450">
      <Execution id="62ef4fc2-1bd7-45fa-89b7-e6191f563861" />
      <TestMethod codeBase="/app/src/ClickUp.Api.Client.Tests/bin/Debug/net9.0/ClickUp.Api.Client.Tests.dll" adapterTypeName="executor://xunit/VsTestRunner2/netcoreapp" className="ClickUp.Api.Client.Tests.ServiceTests.TaskRelationshipsServiceTests" name="DeleteTaskLinkAsync_ApiConnectionThrowsTaskCanceledException_PropagatesException" />
    </UnitTest>
    <UnitTest name="ClickUp.Api.Client.Tests.ServiceTests.ChatServiceTests.GetChatChannelFollowersAsync_ValidRequest_BuildsUrlAndReturnsResponse" storage="/app/src/clickup.api.client.tests/bin/debug/net9.0/clickup.api.client.tests.dll" id="57bfda38-b7b9-e365-6c9e-bb2b1772bce8">
      <Execution id="41d38053-abcd-47ab-8ff6-63d93599ae61" />
      <TestMethod codeBase="/app/src/ClickUp.Api.Client.Tests/bin/Debug/net9.0/ClickUp.Api.Client.Tests.dll" adapterTypeName="executor://xunit/VsTestRunner2/netcoreapp" className="ClickUp.Api.Client.Tests.ServiceTests.ChatServiceTests" name="GetChatChannelFollowersAsync_ValidRequest_BuildsUrlAndReturnsResponse" />
    </UnitTest>
    <UnitTest name="ClickUp.Api.Client.Tests.ServiceTests.ViewsServiceTests.GetSpaceViewsAsync_ApiReturnsNull_ThrowsInvalidOperationException" storage="/app/src/clickup.api.client.tests/bin/debug/net9.0/clickup.api.client.tests.dll" id="4fb15a10-7dd6-baa4-3513-dbaf2feafd3d">
      <Execution id="2b9ab342-9bfa-46fc-baa6-41612a9d7e5d" />
      <TestMethod codeBase="/app/src/ClickUp.Api.Client.Tests/bin/Debug/net9.0/ClickUp.Api.Client.Tests.dll" adapterTypeName="executor://xunit/VsTestRunner2/netcoreapp" className="ClickUp.Api.Client.Tests.ServiceTests.ViewsServiceTests" name="GetSpaceViewsAsync_ApiReturnsNull_ThrowsInvalidOperationException" />
    </UnitTest>
    <UnitTest name="ClickUp.Api.Client.Tests.ServiceTests.TimeTrackingServiceTests.GetTimeEntriesAsync_ApiConnectionThrowsTaskCanceledException_PropagatesException" storage="/app/src/clickup.api.client.tests/bin/debug/net9.0/clickup.api.client.tests.dll" id="d6dc7060-8317-5826-203f-fe37bff9af1d">
      <Execution id="0cdc1206-d106-4af6-ba87-ba2628a6ded5" />
      <TestMethod codeBase="/app/src/ClickUp.Api.Client.Tests/bin/Debug/net9.0/ClickUp.Api.Client.Tests.dll" adapterTypeName="executor://xunit/VsTestRunner2/netcoreapp" className="ClickUp.Api.Client.Tests.ServiceTests.TimeTrackingServiceTests" name="GetTimeEntriesAsync_ApiConnectionThrowsTaskCanceledException_PropagatesException" />
    </UnitTest>
    <UnitTest name="ClickUp.Api.Client.Tests.ServiceTests.TaskRelationshipsServiceTests.AddDependencyAsync_NeitherDependsOnNorDependencyOf_ThrowsArgumentException" storage="/app/src/clickup.api.client.tests/bin/debug/net9.0/clickup.api.client.tests.dll" id="88118fa7-58f0-56eb-6e17-4a676b37d466">
      <Execution id="1cd1b6e4-f405-4c9c-8452-bffee630e908" />
      <TestMethod codeBase="/app/src/ClickUp.Api.Client.Tests/bin/Debug/net9.0/ClickUp.Api.Client.Tests.dll" adapterTypeName="executor://xunit/VsTestRunner2/netcoreapp" className="ClickUp.Api.Client.Tests.ServiceTests.TaskRelationshipsServiceTests" name="AddDependencyAsync_NeitherDependsOnNorDependencyOf_ThrowsArgumentException" />
    </UnitTest>
    <UnitTest name="ClickUp.Api.Client.Tests.ServiceTests.ChatServiceTests.UpdateChatMessageAsync_NullResponse_ThrowsInvalidOperationException" storage="/app/src/clickup.api.client.tests/bin/debug/net9.0/clickup.api.client.tests.dll" id="4bf77a8b-eadd-cc6c-ae22-4cf427189d73">
      <Execution id="7c40990c-1a64-46ff-98d8-e42588c61fb5" />
      <TestMethod codeBase="/app/src/ClickUp.Api.Client.Tests/bin/Debug/net9.0/ClickUp.Api.Client.Tests.dll" adapterTypeName="executor://xunit/VsTestRunner2/netcoreapp" className="ClickUp.Api.Client.Tests.ServiceTests.ChatServiceTests" name="UpdateChatMessageAsync_NullResponse_ThrowsInvalidOperationException" />
    </UnitTest>
    <UnitTest name="ClickUp.Api.Client.Tests.ServiceTests.DocsServiceTests.CreateDocAsync_ValidRequest_CallsPostAndReturnsDoc" storage="/app/src/clickup.api.client.tests/bin/debug/net9.0/clickup.api.client.tests.dll" id="1cb730d0-bf20-050d-fad8-130d525b6950">
      <Execution id="7868c749-d038-4a70-88b7-823ebfb55236" />
      <TestMethod codeBase="/app/src/ClickUp.Api.Client.Tests/bin/Debug/net9.0/ClickUp.Api.Client.Tests.dll" adapterTypeName="executor://xunit/VsTestRunner2/netcoreapp" className="ClickUp.Api.Client.Tests.ServiceTests.DocsServiceTests" name="CreateDocAsync_ValidRequest_CallsPostAndReturnsDoc" />
    </UnitTest>
    <UnitTest name="ClickUp.Api.Client.Tests.ServiceTests.ChatServiceTests.GetChatChannelFollowersAsync_ApiError_ThrowsHttpRequestException" storage="/app/src/clickup.api.client.tests/bin/debug/net9.0/clickup.api.client.tests.dll" id="5b8f60fa-e114-e9c0-8cce-43e48875fa0e">
      <Execution id="e04bf978-8d2e-4cb2-9de2-1b26a9482dad" />
      <TestMethod codeBase="/app/src/ClickUp.Api.Client.Tests/bin/Debug/net9.0/ClickUp.Api.Client.Tests.dll" adapterTypeName="executor://xunit/VsTestRunner2/netcoreapp" className="ClickUp.Api.Client.Tests.ServiceTests.ChatServiceTests" name="GetChatChannelFollowersAsync_ApiError_ThrowsHttpRequestException" />
    </UnitTest>
    <UnitTest name="ClickUp.Api.Client.Tests.ServiceTests.GuestsServiceTests.GetGuestAsync_ApiConnectionThrowsTaskCanceledException_PropagatesException" storage="/app/src/clickup.api.client.tests/bin/debug/net9.0/clickup.api.client.tests.dll" id="89e8e2e1-f67c-2c9e-75cd-4f156d8c851c">
      <Execution id="7549b512-a837-4ea1-a126-31f4b6aaad11" />
      <TestMethod codeBase="/app/src/ClickUp.Api.Client.Tests/bin/Debug/net9.0/ClickUp.Api.Client.Tests.dll" adapterTypeName="executor://xunit/VsTestRunner2/netcoreapp" className="ClickUp.Api.Client.Tests.ServiceTests.GuestsServiceTests" name="GetGuestAsync_ApiConnectionThrowsTaskCanceledException_PropagatesException" />
    </UnitTest>
    <UnitTest name="ClickUp.Api.Client.Tests.Models.Entities.CustomFieldValueTests.Deserialize_TextFieldValue_Correctly" storage="/app/src/clickup.api.client.tests/bin/debug/net9.0/clickup.api.client.tests.dll" id="67bbf7ed-a3ff-066f-e1a0-d7495df89ca2">
      <Execution id="e13b9940-524c-4d2f-b47d-715107643b0f" />
      <TestMethod codeBase="/app/src/ClickUp.Api.Client.Tests/bin/Debug/net9.0/ClickUp.Api.Client.Tests.dll" adapterTypeName="executor://xunit/VsTestRunner2/netcoreapp" className="ClickUp.Api.Client.Tests.Models.Entities.CustomFieldValueTests" name="Deserialize_TextFieldValue_Correctly" />
    </UnitTest>
    <UnitTest name="ClickUp.Api.Client.Tests.ServiceTests.ChatServiceTests.GetChatMessageReactionsAsync_ValidRequest_BuildsUrlAndReturnsResponse" storage="/app/src/clickup.api.client.tests/bin/debug/net9.0/clickup.api.client.tests.dll" id="96f6f192-ed3a-aaee-aefe-d76ac3dfd73f">
      <Execution id="5818fa6a-b0e6-4746-8312-fb75071995ea" />
      <TestMethod codeBase="/app/src/ClickUp.Api.Client.Tests/bin/Debug/net9.0/ClickUp.Api.Client.Tests.dll" adapterTypeName="executor://xunit/VsTestRunner2/netcoreapp" className="ClickUp.Api.Client.Tests.ServiceTests.ChatServiceTests" name="GetChatMessageReactionsAsync_ValidRequest_BuildsUrlAndReturnsResponse" />
    </UnitTest>
    <UnitTest name="ClickUp.Api.Client.Tests.ServiceTests.TaskRelationshipsServiceTests.AddDependencyAsync_PassesCancellationTokenToApiConnection" storage="/app/src/clickup.api.client.tests/bin/debug/net9.0/clickup.api.client.tests.dll" id="ed95c627-45e9-fe1d-df08-c1d1d5ed2b3c">
      <Execution id="e55d6681-90fc-4645-a900-593aafa85381" />
      <TestMethod codeBase="/app/src/ClickUp.Api.Client.Tests/bin/Debug/net9.0/ClickUp.Api.Client.Tests.dll" adapterTypeName="executor://xunit/VsTestRunner2/netcoreapp" className="ClickUp.Api.Client.Tests.ServiceTests.TaskRelationshipsServiceTests" name="AddDependencyAsync_PassesCancellationTokenToApiConnection" />
    </UnitTest>
    <UnitTest name="ClickUp.Api.Client.Tests.ServiceTests.AuthorizationServiceTests.GetAuthorizedWorkspacesAsync_ValidRequest_ReturnsWorkspaces" storage="/app/src/clickup.api.client.tests/bin/debug/net9.0/clickup.api.client.tests.dll" id="63d81eda-39da-9070-2f9b-d992d73272c0">
      <Execution id="bd252396-7904-49d3-b123-3e6f99c160cc" />
      <TestMethod codeBase="/app/src/ClickUp.Api.Client.Tests/bin/Debug/net9.0/ClickUp.Api.Client.Tests.dll" adapterTypeName="executor://xunit/VsTestRunner2/netcoreapp" className="ClickUp.Api.Client.Tests.ServiceTests.AuthorizationServiceTests" name="GetAuthorizedWorkspacesAsync_ValidRequest_ReturnsWorkspaces" />
    </UnitTest>
    <UnitTest name="ClickUp.Api.Client.Tests.ServiceTests.CommentServiceTests.CreateThreadedCommentAsync_PassesCancellationTokenToApiConnection" storage="/app/src/clickup.api.client.tests/bin/debug/net9.0/clickup.api.client.tests.dll" id="42cf65ee-3bf6-187f-b4bd-5ecca3afb806">
      <Execution id="b6077754-3b1b-481f-9f54-f715b61d7923" />
      <TestMethod codeBase="/app/src/ClickUp.Api.Client.Tests/bin/Debug/net9.0/ClickUp.Api.Client.Tests.dll" adapterTypeName="executor://xunit/VsTestRunner2/netcoreapp" className="ClickUp.Api.Client.Tests.ServiceTests.CommentServiceTests" name="CreateThreadedCommentAsync_PassesCancellationTokenToApiConnection" />
    </UnitTest>
    <UnitTest name="ClickUp.Api.Client.Tests.ServiceTests.CustomFieldsServiceTests.GetFolderCustomFieldsAsync_NullResponse_ReturnsEmptyList" storage="/app/src/clickup.api.client.tests/bin/debug/net9.0/clickup.api.client.tests.dll" id="e1d56f19-7b37-5b0e-97d0-17752542f126">
      <Execution id="b728532e-9c7a-4f04-a6f7-389d325b14e3" />
      <TestMethod codeBase="/app/src/ClickUp.Api.Client.Tests/bin/Debug/net9.0/ClickUp.Api.Client.Tests.dll" adapterTypeName="executor://xunit/VsTestRunner2/netcoreapp" className="ClickUp.Api.Client.Tests.ServiceTests.CustomFieldsServiceTests" name="GetFolderCustomFieldsAsync_NullResponse_ReturnsEmptyList" />
    </UnitTest>
    <UnitTest name="ClickUp.Api.Client.Tests.ServiceTests.CommentServiceTests.GetTaskCommentsAsync_ApiConnectionThrowsTaskCanceledException_PropagatesException" storage="/app/src/clickup.api.client.tests/bin/debug/net9.0/clickup.api.client.tests.dll" id="391840f3-e206-976c-b617-454923bcfaa0">
      <Execution id="d4dd2efb-b044-4815-8c31-2acc159ef021" />
      <TestMethod codeBase="/app/src/ClickUp.Api.Client.Tests/bin/Debug/net9.0/ClickUp.Api.Client.Tests.dll" adapterTypeName="executor://xunit/VsTestRunner2/netcoreapp" className="ClickUp.Api.Client.Tests.ServiceTests.CommentServiceTests" name="GetTaskCommentsAsync_ApiConnectionThrowsTaskCanceledException_PropagatesException" />
    </UnitTest>
    <UnitTest name="ClickUp.Api.Client.Tests.ServiceTests.ChatServiceTests.GetChatMessageReactionsAsync_PassesCancellationTokenToApiConnection" storage="/app/src/clickup.api.client.tests/bin/debug/net9.0/clickup.api.client.tests.dll" id="4007011b-94e0-985a-1e4f-af1e83cbb54c">
      <Execution id="45c0fe17-f576-4572-bcfc-3b05ccda90d5" />
      <TestMethod codeBase="/app/src/ClickUp.Api.Client.Tests/bin/Debug/net9.0/ClickUp.Api.Client.Tests.dll" adapterTypeName="executor://xunit/VsTestRunner2/netcoreapp" className="ClickUp.Api.Client.Tests.ServiceTests.ChatServiceTests" name="GetChatMessageReactionsAsync_PassesCancellationTokenToApiConnection" />
    </UnitTest>
    <UnitTest name="ClickUp.Api.Client.Tests.Http.ApiConnectionTests.GetAsync_ThrowsCorrectException_ForGeneralErrorStatusCodes(statusCode: NotFound, expectedExceptionType: typeof(ClickUp.Api.Client.Models.Exceptions.ClickUpApiNotFoundException), expectedMessageContent: &quot;Not Found&quot;)" storage="/app/src/clickup.api.client.tests/bin/debug/net9.0/clickup.api.client.tests.dll" id="9405568f-449c-1bbd-189d-d54eb7aa3ec8">
      <Execution id="2dc015e4-4c01-45f0-bc73-3722daac2bca" />
      <TestMethod codeBase="/app/src/ClickUp.Api.Client.Tests/bin/Debug/net9.0/ClickUp.Api.Client.Tests.dll" adapterTypeName="executor://xunit/VsTestRunner2/netcoreapp" className="ClickUp.Api.Client.Tests.Http.ApiConnectionTests" name="GetAsync_ThrowsCorrectException_ForGeneralErrorStatusCodes" />
    </UnitTest>
    <UnitTest name="ClickUp.Api.Client.Tests.Models.Entities.CustomFieldValueTests.Deserialize_DropdownFieldValue_Correctly" storage="/app/src/clickup.api.client.tests/bin/debug/net9.0/clickup.api.client.tests.dll" id="31a1065a-ac19-32b8-35df-25a464c51606">
      <Execution id="e1bf5a12-3694-4931-8e31-f48bcd8acefd" />
      <TestMethod codeBase="/app/src/ClickUp.Api.Client.Tests/bin/Debug/net9.0/ClickUp.Api.Client.Tests.dll" adapterTypeName="executor://xunit/VsTestRunner2/netcoreapp" className="ClickUp.Api.Client.Tests.Models.Entities.CustomFieldValueTests" name="Deserialize_DropdownFieldValue_Correctly" />
    </UnitTest>
    <UnitTest name="ClickUp.Api.Client.Tests.ServiceTests.CommentServiceTests.CreateChatViewCommentAsync_PassesCancellationTokenToApiConnection" storage="/app/src/clickup.api.client.tests/bin/debug/net9.0/clickup.api.client.tests.dll" id="85c18ef7-be83-6afe-381b-b8c0e3e1a67a">
      <Execution id="71f25e29-6b0f-494b-8480-a3a7738b9dfa" />
      <TestMethod codeBase="/app/src/ClickUp.Api.Client.Tests/bin/Debug/net9.0/ClickUp.Api.Client.Tests.dll" adapterTypeName="executor://xunit/VsTestRunner2/netcoreapp" className="ClickUp.Api.Client.Tests.ServiceTests.CommentServiceTests" name="CreateChatViewCommentAsync_PassesCancellationTokenToApiConnection" />
    </UnitTest>
    <UnitTest name="ClickUp.Api.Client.Tests.ServiceTests.GuestsServiceTests.EditGuestOnWorkspaceAsync_NullGuestInResponse_ThrowsInvalidOperationException" storage="/app/src/clickup.api.client.tests/bin/debug/net9.0/clickup.api.client.tests.dll" id="1efc2ef9-44be-85e2-7d31-b1e570c99961">
      <Execution id="7489cf9a-5f03-4c8a-a03d-8fbb54dd33b9" />
      <TestMethod codeBase="/app/src/ClickUp.Api.Client.Tests/bin/Debug/net9.0/ClickUp.Api.Client.Tests.dll" adapterTypeName="executor://xunit/VsTestRunner2/netcoreapp" className="ClickUp.Api.Client.Tests.ServiceTests.GuestsServiceTests" name="EditGuestOnWorkspaceAsync_NullGuestInResponse_ThrowsInvalidOperationException" />
    </UnitTest>
    <UnitTest name="ClickUp.Api.Client.Tests.ServiceTests.ChatServiceTests.DeleteChatMessageAsync_ApiConnectionThrowsTaskCanceledException_PropagatesException" storage="/app/src/clickup.api.client.tests/bin/debug/net9.0/clickup.api.client.tests.dll" id="d026e7ad-37c2-eeb6-fe71-0201019f497b">
      <Execution id="0ed1ac55-a194-4d59-9129-79d14df97df3" />
      <TestMethod codeBase="/app/src/ClickUp.Api.Client.Tests/bin/Debug/net9.0/ClickUp.Api.Client.Tests.dll" adapterTypeName="executor://xunit/VsTestRunner2/netcoreapp" className="ClickUp.Api.Client.Tests.ServiceTests.ChatServiceTests" name="DeleteChatMessageAsync_ApiConnectionThrowsTaskCanceledException_PropagatesException" />
    </UnitTest>
    <UnitTest name="ClickUp.Api.Client.Tests.Integration.AuthorizationServiceIntegrationTests.GetAuthorizedWorkspacesAsync_WithValidToken_ReturnsWorkspaces" storage="/app/src/clickup.api.client.tests/bin/debug/net9.0/clickup.api.client.tests.dll" id="2532a0e0-d26a-c0fc-c5f7-f06b4858b91b">
      <Properties>
        <Property Key="Category" Value="Integration" />
      </Properties>
      <Execution id="cc90c4f7-9aed-47b6-b568-b9767a74429c" />
      <TestMethod codeBase="/app/src/ClickUp.Api.Client.Tests/bin/Debug/net9.0/ClickUp.Api.Client.Tests.dll" adapterTypeName="executor://xunit/VsTestRunner2/netcoreapp" className="ClickUp.Api.Client.Tests.Integration.AuthorizationServiceIntegrationTests" name="GetAuthorizedWorkspacesAsync_WithValidToken_ReturnsWorkspaces" />
    </UnitTest>
    <UnitTest name="ClickUp.Api.Client.Tests.ServiceTests.GuestsServiceTests.RemoveGuestFromWorkspaceAsync_ApiError_ThrowsHttpRequestException" storage="/app/src/clickup.api.client.tests/bin/debug/net9.0/clickup.api.client.tests.dll" id="7527c8ed-75f7-2f06-edb4-4d6b09bcc381">
      <Execution id="cbe48bff-7191-41ca-9f88-c526bed93ce5" />
      <TestMethod codeBase="/app/src/ClickUp.Api.Client.Tests/bin/Debug/net9.0/ClickUp.Api.Client.Tests.dll" adapterTypeName="executor://xunit/VsTestRunner2/netcoreapp" className="ClickUp.Api.Client.Tests.ServiceTests.GuestsServiceTests" name="RemoveGuestFromWorkspaceAsync_ApiError_ThrowsHttpRequestException" />
    </UnitTest>
    <UnitTest name="ClickUp.Api.Client.Tests.ServiceTests.SpacesServiceTests.DeleteSpaceAsync_ValidSpaceId_CallsDeleteAsync" storage="/app/src/clickup.api.client.tests/bin/debug/net9.0/clickup.api.client.tests.dll" id="b736d5ec-8e87-221b-2f8d-32963a4352d8">
      <Execution id="50de2976-0921-464d-8b9c-0b642ac5ef56" />
      <TestMethod codeBase="/app/src/ClickUp.Api.Client.Tests/bin/Debug/net9.0/ClickUp.Api.Client.Tests.dll" adapterTypeName="executor://xunit/VsTestRunner2/netcoreapp" className="ClickUp.Api.Client.Tests.ServiceTests.SpacesServiceTests" name="DeleteSpaceAsync_ValidSpaceId_CallsDeleteAsync" />
    </UnitTest>
    <UnitTest name="ClickUp.Api.Client.Tests.ServiceTests.TagsServiceTests.AddTagToTaskAsync_PassesCancellationTokenToApiConnection" storage="/app/src/clickup.api.client.tests/bin/debug/net9.0/clickup.api.client.tests.dll" id="847146fe-1180-6206-469c-a22b64731580">
      <Execution id="fac6744c-d2e4-451e-9f62-a74951924011" />
      <TestMethod codeBase="/app/src/ClickUp.Api.Client.Tests/bin/Debug/net9.0/ClickUp.Api.Client.Tests.dll" adapterTypeName="executor://xunit/VsTestRunner2/netcoreapp" className="ClickUp.Api.Client.Tests.ServiceTests.TagsServiceTests" name="AddTagToTaskAsync_PassesCancellationTokenToApiConnection" />
    </UnitTest>
    <UnitTest name="ClickUp.Api.Client.Tests.ServiceTests.ListsServiceTests.CreateFolderlessListAsync_ApiConnectionThrowsHttpRequestException_PropagatesException" storage="/app/src/clickup.api.client.tests/bin/debug/net9.0/clickup.api.client.tests.dll" id="135c7de2-1b5f-0ae7-2213-1f450010e885">
      <Execution id="a18d611f-e21f-48b8-babf-b94394f592e7" />
      <TestMethod codeBase="/app/src/ClickUp.Api.Client.Tests/bin/Debug/net9.0/ClickUp.Api.Client.Tests.dll" adapterTypeName="executor://xunit/VsTestRunner2/netcoreapp" className="ClickUp.Api.Client.Tests.ServiceTests.ListsServiceTests" name="CreateFolderlessListAsync_ApiConnectionThrowsHttpRequestException_PropagatesException" />
    </UnitTest>
    <UnitTest name="ClickUp.Api.Client.Tests.ServiceTests.DocsServiceTests.GetDocPageListingAsync_NullResponse_ReturnsEmptyEnumerable" storage="/app/src/clickup.api.client.tests/bin/debug/net9.0/clickup.api.client.tests.dll" id="8df66596-2fbf-8e84-1c90-b51fc4118a95">
      <Execution id="1c7c7257-d69d-4894-9e70-73e9f3a499d8" />
      <TestMethod codeBase="/app/src/ClickUp.Api.Client.Tests/bin/Debug/net9.0/ClickUp.Api.Client.Tests.dll" adapterTypeName="executor://xunit/VsTestRunner2/netcoreapp" className="ClickUp.Api.Client.Tests.ServiceTests.DocsServiceTests" name="GetDocPageListingAsync_NullResponse_ReturnsEmptyEnumerable" />
    </UnitTest>
    <UnitTest name="ClickUp.Api.Client.Tests.ServiceTests.GoalsServiceTests.CreateGoalAsync_ValidRequest_CallsPostAndReturnsGoal" storage="/app/src/clickup.api.client.tests/bin/debug/net9.0/clickup.api.client.tests.dll" id="4cd07aad-f8b5-25a7-0e51-5fa1fc4c127d">
      <Execution id="826cbb46-64a2-476b-93ff-6810622e2d31" />
      <TestMethod codeBase="/app/src/ClickUp.Api.Client.Tests/bin/Debug/net9.0/ClickUp.Api.Client.Tests.dll" adapterTypeName="executor://xunit/VsTestRunner2/netcoreapp" className="ClickUp.Api.Client.Tests.ServiceTests.GoalsServiceTests" name="CreateGoalAsync_ValidRequest_CallsPostAndReturnsGoal" />
    </UnitTest>
    <UnitTest name="ClickUp.Api.Client.Tests.ServiceTests.UserGroupServiceTests.GetUserGroupsAsync_WithEmptyGroupIds_BuildsCorrectUrlWithoutGroupIdsParam" storage="/app/src/clickup.api.client.tests/bin/debug/net9.0/clickup.api.client.tests.dll" id="deae957c-62e2-1d26-6901-48b1e5ced5dc">
      <Execution id="7785e3bf-12d5-4caf-a182-b2b9ff38bec1" />
      <TestMethod codeBase="/app/src/ClickUp.Api.Client.Tests/bin/Debug/net9.0/ClickUp.Api.Client.Tests.dll" adapterTypeName="executor://xunit/VsTestRunner2/netcoreapp" className="ClickUp.Api.Client.Tests.ServiceTests.UserGroupServiceTests" name="GetUserGroupsAsync_WithEmptyGroupIds_BuildsCorrectUrlWithoutGroupIdsParam" />
    </UnitTest>
    <UnitTest name="ClickUp.Api.Client.Tests.ServiceTests.ChatServiceTests.GetChatMessagesAsync_PassesCancellationTokenToApiConnection" storage="/app/src/clickup.api.client.tests/bin/debug/net9.0/clickup.api.client.tests.dll" id="b62285e3-710c-7c9a-e1f3-058f7c0cf59e">
      <Execution id="cc57c219-6e0e-4ca4-9eb7-9f8941e99e4e" />
      <TestMethod codeBase="/app/src/ClickUp.Api.Client.Tests/bin/Debug/net9.0/ClickUp.Api.Client.Tests.dll" adapterTypeName="executor://xunit/VsTestRunner2/netcoreapp" className="ClickUp.Api.Client.Tests.ServiceTests.ChatServiceTests" name="GetChatMessagesAsync_PassesCancellationTokenToApiConnection" />
    </UnitTest>
    <UnitTest name="ClickUp.Api.Client.Tests.ServiceTests.ChatServiceTests.CreateChatMessageAsync_ApiConnectionThrowsTaskCanceledException_PropagatesException" storage="/app/src/clickup.api.client.tests/bin/debug/net9.0/clickup.api.client.tests.dll" id="24c60078-9625-8e92-f24a-c8acb4a37b6f">
      <Execution id="43bf698e-b4b1-4c97-b3b4-6efcee658cb1" />
      <TestMethod codeBase="/app/src/ClickUp.Api.Client.Tests/bin/Debug/net9.0/ClickUp.Api.Client.Tests.dll" adapterTypeName="executor://xunit/VsTestRunner2/netcoreapp" className="ClickUp.Api.Client.Tests.ServiceTests.ChatServiceTests" name="CreateChatMessageAsync_ApiConnectionThrowsTaskCanceledException_PropagatesException" />
    </UnitTest>
    <UnitTest name="ClickUp.Api.Client.Tests.ServiceTests.ChatServiceTests.CreateDirectMessageChatChannelAsync_NullDataInResponse_ThrowsInvalidOperationException" storage="/app/src/clickup.api.client.tests/bin/debug/net9.0/clickup.api.client.tests.dll" id="8d6013d2-eac4-b2ad-1c02-2354fe342274">
      <Execution id="76a15528-7a58-436a-b00e-2a5081b46ee2" />
      <TestMethod codeBase="/app/src/ClickUp.Api.Client.Tests/bin/Debug/net9.0/ClickUp.Api.Client.Tests.dll" adapterTypeName="executor://xunit/VsTestRunner2/netcoreapp" className="ClickUp.Api.Client.Tests.ServiceTests.ChatServiceTests" name="CreateDirectMessageChatChannelAsync_NullDataInResponse_ThrowsInvalidOperationException" />
    </UnitTest>
    <UnitTest name="ClickUp.Api.Client.Tests.ServiceTests.TimeTrackingServiceTests.StartTimeEntryAsync_ApiConnectionThrowsTaskCanceledException_PropagatesException" storage="/app/src/clickup.api.client.tests/bin/debug/net9.0/clickup.api.client.tests.dll" id="e56ecf4a-2afb-69f6-4624-afbf5ecf4c78">
      <Execution id="216f4f77-f125-4c4a-ac5c-42b1680ef29b" />
      <TestMethod codeBase="/app/src/ClickUp.Api.Client.Tests/bin/Debug/net9.0/ClickUp.Api.Client.Tests.dll" adapterTypeName="executor://xunit/VsTestRunner2/netcoreapp" className="ClickUp.Api.Client.Tests.ServiceTests.TimeTrackingServiceTests" name="StartTimeEntryAsync_ApiConnectionThrowsTaskCanceledException_PropagatesException" />
    </UnitTest>
    <UnitTest name="ClickUp.Api.Client.Tests.ServiceTests.GoalsServiceTests.UpdateGoalAsync_PassesCancellationTokenToApiConnection" storage="/app/src/clickup.api.client.tests/bin/debug/net9.0/clickup.api.client.tests.dll" id="94f6961b-99ac-3736-ade9-470132a8b137">
      <Execution id="a8d7cc42-5753-4857-a6a0-eefdbb7347c8" />
      <TestMethod codeBase="/app/src/ClickUp.Api.Client.Tests/bin/Debug/net9.0/ClickUp.Api.Client.Tests.dll" adapterTypeName="executor://xunit/VsTestRunner2/netcoreapp" className="ClickUp.Api.Client.Tests.ServiceTests.GoalsServiceTests" name="UpdateGoalAsync_PassesCancellationTokenToApiConnection" />
    </UnitTest>
    <UnitTest name="ClickUp.Api.Client.Tests.ServiceTests.GoalsServiceTests.EditKeyResultAsync_ApiReturnsNullKeyResultInResponse_ThrowsInvalidOperationException" storage="/app/src/clickup.api.client.tests/bin/debug/net9.0/clickup.api.client.tests.dll" id="cf45ee30-83d2-0b82-f62e-b027766bbeaf">
      <Execution id="bcc7ad0f-fc55-4c60-b0e0-ce2cb419b20d" />
      <TestMethod codeBase="/app/src/ClickUp.Api.Client.Tests/bin/Debug/net9.0/ClickUp.Api.Client.Tests.dll" adapterTypeName="executor://xunit/VsTestRunner2/netcoreapp" className="ClickUp.Api.Client.Tests.ServiceTests.GoalsServiceTests" name="EditKeyResultAsync_ApiReturnsNullKeyResultInResponse_ThrowsInvalidOperationException" />
    </UnitTest>
    <UnitTest name="ClickUp.Api.Client.Tests.ServiceTests.ChatServiceTests.GetChatChannelsAsync_NullDataInResponse_ThrowsInvalidOperationException" storage="/app/src/clickup.api.client.tests/bin/debug/net9.0/clickup.api.client.tests.dll" id="cadcb56b-1265-165e-5791-65d8d3f838ca">
      <Execution id="744af93d-c8e4-4cdf-9118-197f08ff5305" />
      <TestMethod codeBase="/app/src/ClickUp.Api.Client.Tests/bin/Debug/net9.0/ClickUp.Api.Client.Tests.dll" adapterTypeName="executor://xunit/VsTestRunner2/netcoreapp" className="ClickUp.Api.Client.Tests.ServiceTests.ChatServiceTests" name="GetChatChannelsAsync_NullDataInResponse_ThrowsInvalidOperationException" />
    </UnitTest>
    <UnitTest name="ClickUp.Api.Client.Tests.ServiceTests.TaskRelationshipsServiceTests.AddDependencyAsync_ApiConnectionThrowsHttpRequestException_PropagatesException" storage="/app/src/clickup.api.client.tests/bin/debug/net9.0/clickup.api.client.tests.dll" id="a00ccaed-d422-5174-66fa-c2af3acc6080">
      <Execution id="ea860a2a-fa1e-49cd-b602-a9654a036572" />
      <TestMethod codeBase="/app/src/ClickUp.Api.Client.Tests/bin/Debug/net9.0/ClickUp.Api.Client.Tests.dll" adapterTypeName="executor://xunit/VsTestRunner2/netcoreapp" className="ClickUp.Api.Client.Tests.ServiceTests.TaskRelationshipsServiceTests" name="AddDependencyAsync_ApiConnectionThrowsHttpRequestException_PropagatesException" />
    </UnitTest>
    <UnitTest name="ClickUp.Api.Client.Tests.ServiceTests.ChatServiceTests.GetChatChannelsAsync_NullResponse_ThrowsInvalidOperationException" storage="/app/src/clickup.api.client.tests/bin/debug/net9.0/clickup.api.client.tests.dll" id="13a6d80e-fad7-d3cb-3b94-dc72adcac4c9">
      <Execution id="714137c2-d4cc-48d3-a0c4-daf3f4505d55" />
      <TestMethod codeBase="/app/src/ClickUp.Api.Client.Tests/bin/Debug/net9.0/ClickUp.Api.Client.Tests.dll" adapterTypeName="executor://xunit/VsTestRunner2/netcoreapp" className="ClickUp.Api.Client.Tests.ServiceTests.ChatServiceTests" name="GetChatChannelsAsync_NullResponse_ThrowsInvalidOperationException" />
    </UnitTest>
    <UnitTest name="ClickUp.Api.Client.Tests.ServiceTests.CustomFieldsServiceTests.GetSpaceCustomFieldsAsync_ValidSpaceId_BuildsCorrectUrlAndReturnsFields" storage="/app/src/clickup.api.client.tests/bin/debug/net9.0/clickup.api.client.tests.dll" id="1aeced91-2bcf-ca87-1dde-1e82fd8c0772">
      <Execution id="68d00106-e20d-4bdc-bda6-3ec012d268cb" />
      <TestMethod codeBase="/app/src/ClickUp.Api.Client.Tests/bin/Debug/net9.0/ClickUp.Api.Client.Tests.dll" adapterTypeName="executor://xunit/VsTestRunner2/netcoreapp" className="ClickUp.Api.Client.Tests.ServiceTests.CustomFieldsServiceTests" name="GetSpaceCustomFieldsAsync_ValidSpaceId_BuildsCorrectUrlAndReturnsFields" />
    </UnitTest>
    <UnitTest name="ClickUp.Api.Client.Tests.ServiceTests.GoalsServiceTests.CreateKeyResultAsync_ApiError_ThrowsHttpRequestException" storage="/app/src/clickup.api.client.tests/bin/debug/net9.0/clickup.api.client.tests.dll" id="cb2d034b-1aa3-2639-d04b-f94270484348">
      <Execution id="9f3dbdba-a299-4508-be4d-9309048a456f" />
      <TestMethod codeBase="/app/src/ClickUp.Api.Client.Tests/bin/Debug/net9.0/ClickUp.Api.Client.Tests.dll" adapterTypeName="executor://xunit/VsTestRunner2/netcoreapp" className="ClickUp.Api.Client.Tests.ServiceTests.GoalsServiceTests" name="CreateKeyResultAsync_ApiError_ThrowsHttpRequestException" />
    </UnitTest>
    <UnitTest name="ClickUp.Api.Client.Tests.ServiceTests.ChatServiceTests.DeleteChatReactionAsync_ApiConnectionThrowsTaskCanceledException_PropagatesException" storage="/app/src/clickup.api.client.tests/bin/debug/net9.0/clickup.api.client.tests.dll" id="1d56fabf-6545-86bf-c7d3-9fcbf11a9191">
      <Execution id="0e171666-2581-43b1-9af0-38662671c84e" />
      <TestMethod codeBase="/app/src/ClickUp.Api.Client.Tests/bin/Debug/net9.0/ClickUp.Api.Client.Tests.dll" adapterTypeName="executor://xunit/VsTestRunner2/netcoreapp" className="ClickUp.Api.Client.Tests.ServiceTests.ChatServiceTests" name="DeleteChatReactionAsync_ApiConnectionThrowsTaskCanceledException_PropagatesException" />
    </UnitTest>
    <UnitTest name="ClickUp.Api.Client.Tests.ServiceTests.ListsServiceTests.CreateListFromTemplateInSpaceAsync_ApiConnectionThrowsHttpRequestException_PropagatesException" storage="/app/src/clickup.api.client.tests/bin/debug/net9.0/clickup.api.client.tests.dll" id="2dd1f79f-057e-86fd-44c4-9024fe1314ac">
      <Execution id="074a14a3-515a-4016-811f-baaed1f21d14" />
      <TestMethod codeBase="/app/src/ClickUp.Api.Client.Tests/bin/Debug/net9.0/ClickUp.Api.Client.Tests.dll" adapterTypeName="executor://xunit/VsTestRunner2/netcoreapp" className="ClickUp.Api.Client.Tests.ServiceTests.ListsServiceTests" name="CreateListFromTemplateInSpaceAsync_ApiConnectionThrowsHttpRequestException_PropagatesException" />
    </UnitTest>
    <UnitTest name="ClickUp.Api.Client.Tests.ServiceTests.CustomFieldsServiceTests.GetWorkspaceCustomFieldsAsync_PassesCancellationTokenToApiConnection" storage="/app/src/clickup.api.client.tests/bin/debug/net9.0/clickup.api.client.tests.dll" id="1112d1dd-eea7-ec92-2073-5e99606250d4">
      <Execution id="c31241b3-bfaa-4bd0-9f68-76dd579efa63" />
      <TestMethod codeBase="/app/src/ClickUp.Api.Client.Tests/bin/Debug/net9.0/ClickUp.Api.Client.Tests.dll" adapterTypeName="executor://xunit/VsTestRunner2/netcoreapp" className="ClickUp.Api.Client.Tests.ServiceTests.CustomFieldsServiceTests" name="GetWorkspaceCustomFieldsAsync_PassesCancellationTokenToApiConnection" />
    </UnitTest>
    <UnitTest name="ClickUp.Api.Client.Tests.ServiceTests.CommentServiceTests.GetChatViewCommentsStreamAsync_IAsyncEnumerable_ReturnsEmpty_WhenNoComments" storage="/app/src/clickup.api.client.tests/bin/debug/net9.0/clickup.api.client.tests.dll" id="d1f76e23-8059-620d-d855-759c9dc84cc1">
      <Execution id="5fa92fbe-e46c-43bb-bc1c-551cbaee3684" />
      <TestMethod codeBase="/app/src/ClickUp.Api.Client.Tests/bin/Debug/net9.0/ClickUp.Api.Client.Tests.dll" adapterTypeName="executor://xunit/VsTestRunner2/netcoreapp" className="ClickUp.Api.Client.Tests.ServiceTests.CommentServiceTests" name="GetChatViewCommentsStreamAsync_IAsyncEnumerable_ReturnsEmpty_WhenNoComments" />
    </UnitTest>
    <UnitTest name="ClickUp.Api.Client.Tests.ServiceTests.AuthorizationServiceTests.GetAuthorizedUserAsync_ValidRequest_ReturnsUser" storage="/app/src/clickup.api.client.tests/bin/debug/net9.0/clickup.api.client.tests.dll" id="1a6ecfe3-8465-12d2-501e-52aba80255ad">
      <Execution id="b8300d91-7c15-4234-b8a8-dc5f70f3e734" />
      <TestMethod codeBase="/app/src/ClickUp.Api.Client.Tests/bin/Debug/net9.0/ClickUp.Api.Client.Tests.dll" adapterTypeName="executor://xunit/VsTestRunner2/netcoreapp" className="ClickUp.Api.Client.Tests.ServiceTests.AuthorizationServiceTests" name="GetAuthorizedUserAsync_ValidRequest_ReturnsUser" />
    </UnitTest>
    <UnitTest name="ClickUp.Api.Client.Tests.ServiceTests.TimeTrackingServiceTests.UpdateTimeEntryAsync_ApiConnectionThrowsTaskCanceledException_PropagatesException" storage="/app/src/clickup.api.client.tests/bin/debug/net9.0/clickup.api.client.tests.dll" id="50eba22f-250a-1f15-3be5-df167f038182">
      <Execution id="f49cd7a3-d963-4d0d-82d4-4f62d6c2da38" />
      <TestMethod codeBase="/app/src/ClickUp.Api.Client.Tests/bin/Debug/net9.0/ClickUp.Api.Client.Tests.dll" adapterTypeName="executor://xunit/VsTestRunner2/netcoreapp" className="ClickUp.Api.Client.Tests.ServiceTests.TimeTrackingServiceTests" name="UpdateTimeEntryAsync_ApiConnectionThrowsTaskCanceledException_PropagatesException" />
    </UnitTest>
    <UnitTest name="ClickUp.Api.Client.Tests.ServiceTests.CommentServiceTests.CreateTaskCommentAsync_ApiConnectionReturnsNull_ThrowsInvalidOperationException" storage="/app/src/clickup.api.client.tests/bin/debug/net9.0/clickup.api.client.tests.dll" id="e53e156b-129a-c92c-df82-35500b563cae">
      <Execution id="f2366a01-a00d-4105-a28f-ba36c0a204c2" />
      <TestMethod codeBase="/app/src/ClickUp.Api.Client.Tests/bin/Debug/net9.0/ClickUp.Api.Client.Tests.dll" adapterTypeName="executor://xunit/VsTestRunner2/netcoreapp" className="ClickUp.Api.Client.Tests.ServiceTests.CommentServiceTests" name="CreateTaskCommentAsync_ApiConnectionReturnsNull_ThrowsInvalidOperationException" />
    </UnitTest>
    <UnitTest name="ClickUp.Api.Client.Tests.ServiceTests.RolesServiceTests.GetCustomRolesAsync_IncludeMembersNull_ConstructsCorrectUrl" storage="/app/src/clickup.api.client.tests/bin/debug/net9.0/clickup.api.client.tests.dll" id="c12825c8-ae4e-584d-bb7e-d7cd8271538d">
      <Execution id="0fdfed77-91fa-445f-86b6-9708e87d2c62" />
      <TestMethod codeBase="/app/src/ClickUp.Api.Client.Tests/bin/Debug/net9.0/ClickUp.Api.Client.Tests.dll" adapterTypeName="executor://xunit/VsTestRunner2/netcoreapp" className="ClickUp.Api.Client.Tests.ServiceTests.RolesServiceTests" name="GetCustomRolesAsync_IncludeMembersNull_ConstructsCorrectUrl" />
    </UnitTest>
    <UnitTest name="ClickUp.Api.Client.Tests.ServiceTests.GuestsServiceTests.RemoveGuestFromFolderAsync_NullApiResponse_ThrowsInvalidOperationException" storage="/app/src/clickup.api.client.tests/bin/debug/net9.0/clickup.api.client.tests.dll" id="66fa857b-e963-0d65-bc03-7e07247eb20e">
      <Execution id="f706f95b-1f0e-4546-9619-f7d40e2e322f" />
      <TestMethod codeBase="/app/src/ClickUp.Api.Client.Tests/bin/Debug/net9.0/ClickUp.Api.Client.Tests.dll" adapterTypeName="executor://xunit/VsTestRunner2/netcoreapp" className="ClickUp.Api.Client.Tests.ServiceTests.GuestsServiceTests" name="RemoveGuestFromFolderAsync_NullApiResponse_ThrowsInvalidOperationException" />
    </UnitTest>
    <UnitTest name="ClickUp.Api.Client.Tests.ServiceTests.TaskChecklistsServiceTests.DeleteChecklistAsync_ApiConnectionThrowsHttpRequestException_PropagatesException" storage="/app/src/clickup.api.client.tests/bin/debug/net9.0/clickup.api.client.tests.dll" id="0815f71f-d1b5-383f-c254-24620e55ca59">
      <Execution id="e5a3505b-4a9f-4bd7-8a16-2ad6169eb539" />
      <TestMethod codeBase="/app/src/ClickUp.Api.Client.Tests/bin/Debug/net9.0/ClickUp.Api.Client.Tests.dll" adapterTypeName="executor://xunit/VsTestRunner2/netcoreapp" className="ClickUp.Api.Client.Tests.ServiceTests.TaskChecklistsServiceTests" name="DeleteChecklistAsync_ApiConnectionThrowsHttpRequestException_PropagatesException" />
    </UnitTest>
    <UnitTest name="ClickUp.Api.Client.Tests.ServiceTests.DocsServiceTests.GetPageAsync_PassesCancellationTokenToApiConnection" storage="/app/src/clickup.api.client.tests/bin/debug/net9.0/clickup.api.client.tests.dll" id="03fc13e8-59e6-dc26-59a6-54a183532f2d">
      <Execution id="41ff0237-e980-4045-a721-5669a64705f8" />
      <TestMethod codeBase="/app/src/ClickUp.Api.Client.Tests/bin/Debug/net9.0/ClickUp.Api.Client.Tests.dll" adapterTypeName="executor://xunit/VsTestRunner2/netcoreapp" className="ClickUp.Api.Client.Tests.ServiceTests.DocsServiceTests" name="GetPageAsync_PassesCancellationTokenToApiConnection" />
    </UnitTest>
    <UnitTest name="ClickUp.Api.Client.Tests.ServiceTests.WorkspacesServiceTests.GetWorkspacePlanAsync_ApiReturnsNullResponse_ThrowsInvalidOperationException" storage="/app/src/clickup.api.client.tests/bin/debug/net9.0/clickup.api.client.tests.dll" id="bbaa2134-d544-d4f3-8422-7acb5b3b93cd">
      <Execution id="c4d34b0b-584f-47dc-9f8a-64cb377e0454" />
      <TestMethod codeBase="/app/src/ClickUp.Api.Client.Tests/bin/Debug/net9.0/ClickUp.Api.Client.Tests.dll" adapterTypeName="executor://xunit/VsTestRunner2/netcoreapp" className="ClickUp.Api.Client.Tests.ServiceTests.WorkspacesServiceTests" name="GetWorkspacePlanAsync_ApiReturnsNullResponse_ThrowsInvalidOperationException" />
    </UnitTest>
    <UnitTest name="ClickUp.Api.Client.Tests.ServiceTests.GoalsServiceTests.EditKeyResultAsync_ApiError_ThrowsHttpRequestException" storage="/app/src/clickup.api.client.tests/bin/debug/net9.0/clickup.api.client.tests.dll" id="d939a691-315b-b0a2-01a2-f86a45831d39">
      <Execution id="1866b9cb-364e-42ce-8046-edee92cc6d12" />
      <TestMethod codeBase="/app/src/ClickUp.Api.Client.Tests/bin/Debug/net9.0/ClickUp.Api.Client.Tests.dll" adapterTypeName="executor://xunit/VsTestRunner2/netcoreapp" className="ClickUp.Api.Client.Tests.ServiceTests.GoalsServiceTests" name="EditKeyResultAsync_ApiError_ThrowsHttpRequestException" />
    </UnitTest>
    <UnitTest name="ClickUp.Api.Client.Tests.ServiceTests.TimeTrackingServiceTests.GetTimeEntriesAsync_ValidRequest_ReturnsTimeEntries" storage="/app/src/clickup.api.client.tests/bin/debug/net9.0/clickup.api.client.tests.dll" id="b9c9e1d8-b3b4-ee70-36b2-55593cbe6424">
      <Execution id="fdac0cbe-7715-4a77-a58d-a9a6ad3fcafe" />
      <TestMethod codeBase="/app/src/ClickUp.Api.Client.Tests/bin/Debug/net9.0/ClickUp.Api.Client.Tests.dll" adapterTypeName="executor://xunit/VsTestRunner2/netcoreapp" className="ClickUp.Api.Client.Tests.ServiceTests.TimeTrackingServiceTests" name="GetTimeEntriesAsync_ValidRequest_ReturnsTimeEntries" />
    </UnitTest>
    <UnitTest name="ClickUp.Api.Client.Tests.ServiceTests.TaskChecklistsServiceTests.EditChecklistItemAsync_ApiReturnsNullResponse_ThrowsInvalidOperationException" storage="/app/src/clickup.api.client.tests/bin/debug/net9.0/clickup.api.client.tests.dll" id="5232a3f8-13d9-37ff-c6b8-237dece3a250">
      <Execution id="db160bbd-1947-407c-bd59-19d1084e2e5e" />
      <TestMethod codeBase="/app/src/ClickUp.Api.Client.Tests/bin/Debug/net9.0/ClickUp.Api.Client.Tests.dll" adapterTypeName="executor://xunit/VsTestRunner2/netcoreapp" className="ClickUp.Api.Client.Tests.ServiceTests.TaskChecklistsServiceTests" name="EditChecklistItemAsync_ApiReturnsNullResponse_ThrowsInvalidOperationException" />
    </UnitTest>
    <UnitTest name="ClickUp.Api.Client.Tests.ServiceTests.FoldersServiceTests.DeleteFolderAsync_ApiConnectionThrowsTaskCanceledException_PropagatesException" storage="/app/src/clickup.api.client.tests/bin/debug/net9.0/clickup.api.client.tests.dll" id="c00a10e7-76a8-0ad0-ac0a-20828a92aa3c">
      <Execution id="e672d129-7398-4592-9454-cdd0f7ebeeef" />
      <TestMethod codeBase="/app/src/ClickUp.Api.Client.Tests/bin/Debug/net9.0/ClickUp.Api.Client.Tests.dll" adapterTypeName="executor://xunit/VsTestRunner2/netcoreapp" className="ClickUp.Api.Client.Tests.ServiceTests.FoldersServiceTests" name="DeleteFolderAsync_ApiConnectionThrowsTaskCanceledException_PropagatesException" />
    </UnitTest>
    <UnitTest name="ClickUp.Api.Client.Tests.ServiceTests.TaskServiceTests.GetFilteredTeamTasksAsync_ApiReturnsNull_ThrowsInvalidOperationException" storage="/app/src/clickup.api.client.tests/bin/debug/net9.0/clickup.api.client.tests.dll" id="4101a95e-40c4-0bc3-2388-01b84243ebee">
      <Execution id="b3368ad3-e0e9-4aba-af7d-80f3c849a831" />
      <TestMethod codeBase="/app/src/ClickUp.Api.Client.Tests/bin/Debug/net9.0/ClickUp.Api.Client.Tests.dll" adapterTypeName="executor://xunit/VsTestRunner2/netcoreapp" className="ClickUp.Api.Client.Tests.ServiceTests.TaskServiceTests" name="GetFilteredTeamTasksAsync_ApiReturnsNull_ThrowsInvalidOperationException" />
    </UnitTest>
    <UnitTest name="ClickUp.Api.Client.Tests.ServiceTests.TaskRelationshipsServiceTests.DeleteDependencyAsync_NeitherDependsOnNorDependencyOf_ThrowsArgumentException" storage="/app/src/clickup.api.client.tests/bin/debug/net9.0/clickup.api.client.tests.dll" id="1546303a-edc4-61b2-b8a8-c5fe00f4d6c5">
      <Execution id="8a9ae077-8019-4c28-8db8-614c4a017536" />
      <TestMethod codeBase="/app/src/ClickUp.Api.Client.Tests/bin/Debug/net9.0/ClickUp.Api.Client.Tests.dll" adapterTypeName="executor://xunit/VsTestRunner2/netcoreapp" className="ClickUp.Api.Client.Tests.ServiceTests.TaskRelationshipsServiceTests" name="DeleteDependencyAsync_NeitherDependsOnNorDependencyOf_ThrowsArgumentException" />
    </UnitTest>
    <UnitTest name="ClickUp.Api.Client.Tests.ServiceTests.GoalsServiceTests.GetGoalsAsync_IncludeCompletedNull_BuildsCorrectUrl" storage="/app/src/clickup.api.client.tests/bin/debug/net9.0/clickup.api.client.tests.dll" id="706d4ec4-0adc-57c9-3071-10e90fc0f70f">
      <Execution id="07fd46c8-0904-479e-826f-a17167200b80" />
      <TestMethod codeBase="/app/src/ClickUp.Api.Client.Tests/bin/Debug/net9.0/ClickUp.Api.Client.Tests.dll" adapterTypeName="executor://xunit/VsTestRunner2/netcoreapp" className="ClickUp.Api.Client.Tests.ServiceTests.GoalsServiceTests" name="GetGoalsAsync_IncludeCompletedNull_BuildsCorrectUrl" />
    </UnitTest>
    <UnitTest name="ClickUp.Api.Client.Tests.ServiceTests.TimeTrackingServiceTests.GetTimeEntryHistoryAsync_ApiConnectionThrowsHttpRequestException_PropagatesException" storage="/app/src/clickup.api.client.tests/bin/debug/net9.0/clickup.api.client.tests.dll" id="5bacd513-6195-b41b-3bb0-2f6e5335e84f">
      <Execution id="61d76102-bffc-46d3-b2ab-3702403e24ea" />
      <TestMethod codeBase="/app/src/ClickUp.Api.Client.Tests/bin/Debug/net9.0/ClickUp.Api.Client.Tests.dll" adapterTypeName="executor://xunit/VsTestRunner2/netcoreapp" className="ClickUp.Api.Client.Tests.ServiceTests.TimeTrackingServiceTests" name="GetTimeEntryHistoryAsync_ApiConnectionThrowsHttpRequestException_PropagatesException" />
    </UnitTest>
    <UnitTest name="ClickUp.Api.Client.Tests.ServiceTests.TagsServiceTests.CreateSpaceTagAsync_ApiConnectionThrowsTaskCanceledException_PropagatesException" storage="/app/src/clickup.api.client.tests/bin/debug/net9.0/clickup.api.client.tests.dll" id="d5a44384-7423-bfcb-cbff-38ad79aa2245">
      <Execution id="32119cb8-4078-4d7b-a451-05048ad61d2e" />
      <TestMethod codeBase="/app/src/ClickUp.Api.Client.Tests/bin/Debug/net9.0/ClickUp.Api.Client.Tests.dll" adapterTypeName="executor://xunit/VsTestRunner2/netcoreapp" className="ClickUp.Api.Client.Tests.ServiceTests.TagsServiceTests" name="CreateSpaceTagAsync_ApiConnectionThrowsTaskCanceledException_PropagatesException" />
    </UnitTest>
    <UnitTest name="ClickUp.Api.Client.Tests.ServiceTests.TimeTrackingServiceTests.GetTimeEntriesAsyncEnumerableAsync_ReturnsEmpty_WhenNoEntries" storage="/app/src/clickup.api.client.tests/bin/debug/net9.0/clickup.api.client.tests.dll" id="ff154841-f4c4-3ae0-7856-0ff67226c34e">
      <Execution id="de7e2df7-3299-4040-83c9-e58ed02c56b4" />
      <TestMethod codeBase="/app/src/ClickUp.Api.Client.Tests/bin/Debug/net9.0/ClickUp.Api.Client.Tests.dll" adapterTypeName="executor://xunit/VsTestRunner2/netcoreapp" className="ClickUp.Api.Client.Tests.ServiceTests.TimeTrackingServiceTests" name="GetTimeEntriesAsyncEnumerableAsync_ReturnsEmpty_WhenNoEntries" />
    </UnitTest>
    <UnitTest name="ClickUp.Api.Client.Tests.ServiceTests.DocsServiceTests.GetDocPagesAsync_ApiConnectionThrowsTaskCanceledException_PropagatesException" storage="/app/src/clickup.api.client.tests/bin/debug/net9.0/clickup.api.client.tests.dll" id="714f0003-938d-dad5-3c4f-f245997bfc86">
      <Execution id="675b45d2-a2eb-4e46-8a0e-0cdabed1f98a" />
      <TestMethod codeBase="/app/src/ClickUp.Api.Client.Tests/bin/Debug/net9.0/ClickUp.Api.Client.Tests.dll" adapterTypeName="executor://xunit/VsTestRunner2/netcoreapp" className="ClickUp.Api.Client.Tests.ServiceTests.DocsServiceTests" name="GetDocPagesAsync_ApiConnectionThrowsTaskCanceledException_PropagatesException" />
    </UnitTest>
    <UnitTest name="ClickUp.Api.Client.Tests.ServiceTests.TagsServiceTests.GetSpaceTagsAsync_ValidSpaceId_ReturnsTags" storage="/app/src/clickup.api.client.tests/bin/debug/net9.0/clickup.api.client.tests.dll" id="b47e4fb5-70dd-1ea2-05ee-5e86e036cb6a">
      <Execution id="78f823fa-59b0-44bb-a135-595a4f45da2b" />
      <TestMethod codeBase="/app/src/ClickUp.Api.Client.Tests/bin/Debug/net9.0/ClickUp.Api.Client.Tests.dll" adapterTypeName="executor://xunit/VsTestRunner2/netcoreapp" className="ClickUp.Api.Client.Tests.ServiceTests.TagsServiceTests" name="GetSpaceTagsAsync_ValidSpaceId_ReturnsTags" />
    </UnitTest>
    <UnitTest name="ClickUp.Api.Client.Tests.ServiceTests.FoldersServiceTests.GetFoldersAsync_ArchivedNull_BuildsCorrectUrl" storage="/app/src/clickup.api.client.tests/bin/debug/net9.0/clickup.api.client.tests.dll" id="fbfcdd25-8006-e7af-fc46-35b988e5dd70">
      <Execution id="5d8c8ed7-1d20-4591-ab7f-03cad522e5fc" />
      <TestMethod codeBase="/app/src/ClickUp.Api.Client.Tests/bin/Debug/net9.0/ClickUp.Api.Client.Tests.dll" adapterTypeName="executor://xunit/VsTestRunner2/netcoreapp" className="ClickUp.Api.Client.Tests.ServiceTests.FoldersServiceTests" name="GetFoldersAsync_ArchivedNull_BuildsCorrectUrl" />
    </UnitTest>
    <UnitTest name="ClickUp.Api.Client.Tests.ServiceTests.TaskServiceTests.GetTaskAsync_WithSomeQueryParameters_BuildsCorrectEndpoint" storage="/app/src/clickup.api.client.tests/bin/debug/net9.0/clickup.api.client.tests.dll" id="225bcf76-0865-56a4-8a40-2f39bcea62a8">
      <Execution id="37ff4a0b-266c-405a-a996-960daa9359fa" />
      <TestMethod codeBase="/app/src/ClickUp.Api.Client.Tests/bin/Debug/net9.0/ClickUp.Api.Client.Tests.dll" adapterTypeName="executor://xunit/VsTestRunner2/netcoreapp" className="ClickUp.Api.Client.Tests.ServiceTests.TaskServiceTests" name="GetTaskAsync_WithSomeQueryParameters_BuildsCorrectEndpoint" />
    </UnitTest>
    <UnitTest name="ClickUp.Api.Client.Tests.ServiceTests.TaskChecklistsServiceTests.CreateChecklistAsync_ApiConnectionThrowsHttpRequestException_PropagatesException" storage="/app/src/clickup.api.client.tests/bin/debug/net9.0/clickup.api.client.tests.dll" id="ae8f0629-548d-85f5-1896-27263638cd5d">
      <Execution id="2a4315c2-4066-4e94-980f-68c1a58e4659" />
      <TestMethod codeBase="/app/src/ClickUp.Api.Client.Tests/bin/Debug/net9.0/ClickUp.Api.Client.Tests.dll" adapterTypeName="executor://xunit/VsTestRunner2/netcoreapp" className="ClickUp.Api.Client.Tests.ServiceTests.TaskChecklistsServiceTests" name="CreateChecklistAsync_ApiConnectionThrowsHttpRequestException_PropagatesException" />
    </UnitTest>
    <UnitTest name="ClickUp.Api.Client.Tests.ServiceTests.WebhooksServiceTests.CreateWebhookAsync_ApiReturnsNullResponse_ThrowsInvalidOperationException" storage="/app/src/clickup.api.client.tests/bin/debug/net9.0/clickup.api.client.tests.dll" id="3cfecb8b-b415-0e78-489d-03f2ecb5cea0">
      <Execution id="baccea51-515c-41ef-934a-7672b791d1a2" />
      <TestMethod codeBase="/app/src/ClickUp.Api.Client.Tests/bin/Debug/net9.0/ClickUp.Api.Client.Tests.dll" adapterTypeName="executor://xunit/VsTestRunner2/netcoreapp" className="ClickUp.Api.Client.Tests.ServiceTests.WebhooksServiceTests" name="CreateWebhookAsync_ApiReturnsNullResponse_ThrowsInvalidOperationException" />
    </UnitTest>
    <UnitTest name="ClickUp.Api.Client.Tests.ServiceTests.TimeTrackingServiceTests.GetAllTimeEntryTagsAsync_ApiReturnsNullResponse_ReturnsEmptyEnumerable" storage="/app/src/clickup.api.client.tests/bin/debug/net9.0/clickup.api.client.tests.dll" id="4045d95b-cc29-79d5-a41d-0b1fdbca4123">
      <Execution id="9d2e3cd7-fb9b-458e-b3ae-5d1a7811d5c4" />
      <TestMethod codeBase="/app/src/ClickUp.Api.Client.Tests/bin/Debug/net9.0/ClickUp.Api.Client.Tests.dll" adapterTypeName="executor://xunit/VsTestRunner2/netcoreapp" className="ClickUp.Api.Client.Tests.ServiceTests.TimeTrackingServiceTests" name="GetAllTimeEntryTagsAsync_ApiReturnsNullResponse_ReturnsEmptyEnumerable" />
    </UnitTest>
    <UnitTest name="ClickUp.Api.Client.Tests.ServiceTests.ChatServiceTests.CreateChatChannelAsync_ApiConnectionThrowsTaskCanceledException_PropagatesException" storage="/app/src/clickup.api.client.tests/bin/debug/net9.0/clickup.api.client.tests.dll" id="be33725e-bc92-9417-a609-016459ee48cb">
      <Execution id="d5658527-2470-431f-a959-0ac4ac4f85a0" />
      <TestMethod codeBase="/app/src/ClickUp.Api.Client.Tests/bin/Debug/net9.0/ClickUp.Api.Client.Tests.dll" adapterTypeName="executor://xunit/VsTestRunner2/netcoreapp" className="ClickUp.Api.Client.Tests.ServiceTests.ChatServiceTests" name="CreateChatChannelAsync_ApiConnectionThrowsTaskCanceledException_PropagatesException" />
    </UnitTest>
    <UnitTest name="ClickUp.Api.Client.Tests.ServiceTests.GoalsServiceTests.EditKeyResultAsync_ApiConnectionThrowsTaskCanceledException_PropagatesException" storage="/app/src/clickup.api.client.tests/bin/debug/net9.0/clickup.api.client.tests.dll" id="e3f46882-a63f-659a-a290-fdc403564c9f">
      <Execution id="8077f684-e52d-4b3a-a502-de63652608a6" />
      <TestMethod codeBase="/app/src/ClickUp.Api.Client.Tests/bin/Debug/net9.0/ClickUp.Api.Client.Tests.dll" adapterTypeName="executor://xunit/VsTestRunner2/netcoreapp" className="ClickUp.Api.Client.Tests.ServiceTests.GoalsServiceTests" name="EditKeyResultAsync_ApiConnectionThrowsTaskCanceledException_PropagatesException" />
    </UnitTest>
    <UnitTest name="ClickUp.Api.Client.Tests.ServiceTests.DocsServiceTests.EditPageAsync_ApiError_ThrowsHttpRequestException" storage="/app/src/clickup.api.client.tests/bin/debug/net9.0/clickup.api.client.tests.dll" id="3b396c1e-d5f9-0397-57da-c38e0ac367e8">
      <Execution id="d1a78c33-61ee-45c1-b89d-be604e7b58c4" />
      <TestMethod codeBase="/app/src/ClickUp.Api.Client.Tests/bin/Debug/net9.0/ClickUp.Api.Client.Tests.dll" adapterTypeName="executor://xunit/VsTestRunner2/netcoreapp" className="ClickUp.Api.Client.Tests.ServiceTests.DocsServiceTests" name="EditPageAsync_ApiError_ThrowsHttpRequestException" />
    </UnitTest>
    <UnitTest name="ClickUp.Api.Client.Tests.ServiceTests.TimeTrackingServiceTests.GetTimeEntriesAsyncEnumerableAsync_ApiReturnsNullResponse_StopsIteration" storage="/app/src/clickup.api.client.tests/bin/debug/net9.0/clickup.api.client.tests.dll" id="720c460b-8ae4-d002-95bf-b1e81393149f">
      <Execution id="826aef6c-dfd3-4e65-9ac2-583e012622c6" />
      <TestMethod codeBase="/app/src/ClickUp.Api.Client.Tests/bin/Debug/net9.0/ClickUp.Api.Client.Tests.dll" adapterTypeName="executor://xunit/VsTestRunner2/netcoreapp" className="ClickUp.Api.Client.Tests.ServiceTests.TimeTrackingServiceTests" name="GetTimeEntriesAsyncEnumerableAsync_ApiReturnsNullResponse_StopsIteration" />
    </UnitTest>
    <UnitTest name="ClickUp.Api.Client.Tests.ServiceTests.GuestsServiceTests.RemoveGuestFromListAsync_ApiError_ThrowsHttpRequestException" storage="/app/src/clickup.api.client.tests/bin/debug/net9.0/clickup.api.client.tests.dll" id="f43d8311-52c5-88a5-eb88-eb05365dad8b">
      <Execution id="7ca9750b-c225-4f37-adc6-0f6d5f59d3cd" />
      <TestMethod codeBase="/app/src/ClickUp.Api.Client.Tests/bin/Debug/net9.0/ClickUp.Api.Client.Tests.dll" adapterTypeName="executor://xunit/VsTestRunner2/netcoreapp" className="ClickUp.Api.Client.Tests.ServiceTests.GuestsServiceTests" name="RemoveGuestFromListAsync_ApiError_ThrowsHttpRequestException" />
    </UnitTest>
    <UnitTest name="ClickUp.Api.Client.Tests.ServiceTests.TagsServiceTests.EditSpaceTagAsync_ApiConnectionThrowsTaskCanceledException_PropagatesException" storage="/app/src/clickup.api.client.tests/bin/debug/net9.0/clickup.api.client.tests.dll" id="4c39326c-e2d5-a8eb-9323-ce9f4058bba1">
      <Execution id="6ed2ecef-1c4d-43d2-b6b4-da20031b4f2b" />
      <TestMethod codeBase="/app/src/ClickUp.Api.Client.Tests/bin/Debug/net9.0/ClickUp.Api.Client.Tests.dll" adapterTypeName="executor://xunit/VsTestRunner2/netcoreapp" className="ClickUp.Api.Client.Tests.ServiceTests.TagsServiceTests" name="EditSpaceTagAsync_ApiConnectionThrowsTaskCanceledException_PropagatesException" />
    </UnitTest>
    <UnitTest name="ClickUp.Api.Client.Tests.ServiceTests.ViewsServiceTests.GetWorkspaceViewsAsync_ValidWorkspaceId_ReturnsViews" storage="/app/src/clickup.api.client.tests/bin/debug/net9.0/clickup.api.client.tests.dll" id="ad94ca9d-6aae-8981-0fc2-21ef17e38873">
      <Execution id="e8ce9436-af51-441b-88fc-1e7a5095b9bd" />
      <TestMethod codeBase="/app/src/ClickUp.Api.Client.Tests/bin/Debug/net9.0/ClickUp.Api.Client.Tests.dll" adapterTypeName="executor://xunit/VsTestRunner2/netcoreapp" className="ClickUp.Api.Client.Tests.ServiceTests.ViewsServiceTests" name="GetWorkspaceViewsAsync_ValidWorkspaceId_ReturnsViews" />
    </UnitTest>
    <UnitTest name="ClickUp.Api.Client.Tests.ServiceTests.UsersServiceTests.GetUserFromWorkspaceAsync_PassesCancellationTokenToApiConnection" storage="/app/src/clickup.api.client.tests/bin/debug/net9.0/clickup.api.client.tests.dll" id="d025fa76-f572-e920-4bb6-547123fdc357">
      <Execution id="258e8030-8460-4c75-9c29-b9ff868ce9fd" />
      <TestMethod codeBase="/app/src/ClickUp.Api.Client.Tests/bin/Debug/net9.0/ClickUp.Api.Client.Tests.dll" adapterTypeName="executor://xunit/VsTestRunner2/netcoreapp" className="ClickUp.Api.Client.Tests.ServiceTests.UsersServiceTests" name="GetUserFromWorkspaceAsync_PassesCancellationTokenToApiConnection" />
    </UnitTest>
    <UnitTest name="ClickUp.Api.Client.Tests.ServiceTests.TaskChecklistsServiceTests.DeleteChecklistAsync_ApiConnectionThrowsTaskCanceledException_PropagatesException" storage="/app/src/clickup.api.client.tests/bin/debug/net9.0/clickup.api.client.tests.dll" id="6bc956e3-e6c8-a454-313a-7c1524cb0c01">
      <Execution id="c035499a-953a-4d87-b67b-554369d9954a" />
      <TestMethod codeBase="/app/src/ClickUp.Api.Client.Tests/bin/Debug/net9.0/ClickUp.Api.Client.Tests.dll" adapterTypeName="executor://xunit/VsTestRunner2/netcoreapp" className="ClickUp.Api.Client.Tests.ServiceTests.TaskChecklistsServiceTests" name="DeleteChecklistAsync_ApiConnectionThrowsTaskCanceledException_PropagatesException" />
    </UnitTest>
    <UnitTest name="ClickUp.Api.Client.Tests.ServiceTests.CommentServiceTests.GetTaskCommentsAsync_IAsyncEnumerable_ReturnsAllComments_WhenMultiplePages" storage="/app/src/clickup.api.client.tests/bin/debug/net9.0/clickup.api.client.tests.dll" id="d0177f6f-6a82-e8fa-e9cf-86d683d38968">
      <Execution id="e969f545-069d-4a60-af03-d978f149d1fd" />
      <TestMethod codeBase="/app/src/ClickUp.Api.Client.Tests/bin/Debug/net9.0/ClickUp.Api.Client.Tests.dll" adapterTypeName="executor://xunit/VsTestRunner2/netcoreapp" className="ClickUp.Api.Client.Tests.ServiceTests.CommentServiceTests" name="GetTaskCommentsAsync_IAsyncEnumerable_ReturnsAllComments_WhenMultiplePages" />
    </UnitTest>
    <UnitTest name="ClickUp.Api.Client.Tests.ServiceTests.TimeTrackingServiceTests.GetTimeEntriesAsync_ApiReturnsNullResponse_ReturnsEmptyEnumerable" storage="/app/src/clickup.api.client.tests/bin/debug/net9.0/clickup.api.client.tests.dll" id="e1ac1f73-3f50-b772-36d3-f1ba06996415">
      <Execution id="2a9b69fe-097f-49e1-8b47-cf783acea096" />
      <TestMethod codeBase="/app/src/ClickUp.Api.Client.Tests/bin/Debug/net9.0/ClickUp.Api.Client.Tests.dll" adapterTypeName="executor://xunit/VsTestRunner2/netcoreapp" className="ClickUp.Api.Client.Tests.ServiceTests.TimeTrackingServiceTests" name="GetTimeEntriesAsync_ApiReturnsNullResponse_ReturnsEmptyEnumerable" />
    </UnitTest>
    <UnitTest name="ClickUp.Api.Client.Tests.Http.ApiConnectionTests.GetAsync_ThrowsCorrectException_ForGeneralErrorStatusCodes(statusCode: Unauthorized, expectedExceptionType: typeof(ClickUp.Api.Client.Models.Exceptions.ClickUpApiAuthenticationException), expectedMessageContent: &quot;Unauthorized&quot;)" storage="/app/src/clickup.api.client.tests/bin/debug/net9.0/clickup.api.client.tests.dll" id="a7543171-6e4a-824a-11b7-fead58dad668">
      <Execution id="4a82c64f-68a8-4436-886c-38f5c55a0ea6" />
      <TestMethod codeBase="/app/src/ClickUp.Api.Client.Tests/bin/Debug/net9.0/ClickUp.Api.Client.Tests.dll" adapterTypeName="executor://xunit/VsTestRunner2/netcoreapp" className="ClickUp.Api.Client.Tests.Http.ApiConnectionTests" name="GetAsync_ThrowsCorrectException_ForGeneralErrorStatusCodes" />
    </UnitTest>
    <UnitTest name="ClickUp.Api.Client.Tests.ServiceTests.TaskChecklistsServiceTests.CreateChecklistAsync_ValidRequest_ReturnsChecklistResponse" storage="/app/src/clickup.api.client.tests/bin/debug/net9.0/clickup.api.client.tests.dll" id="95228d50-b047-35cb-0adc-aa268423bfc6">
      <Execution id="268d7145-98d8-4643-a6ce-7b705cba0b08" />
      <TestMethod codeBase="/app/src/ClickUp.Api.Client.Tests/bin/Debug/net9.0/ClickUp.Api.Client.Tests.dll" adapterTypeName="executor://xunit/VsTestRunner2/netcoreapp" className="ClickUp.Api.Client.Tests.ServiceTests.TaskChecklistsServiceTests" name="CreateChecklistAsync_ValidRequest_ReturnsChecklistResponse" />
    </UnitTest>
    <UnitTest name="ClickUp.Api.Client.Tests.ServiceTests.ChatServiceTests.CreateChatMessageAsync_ApiError_ThrowsHttpRequestException" storage="/app/src/clickup.api.client.tests/bin/debug/net9.0/clickup.api.client.tests.dll" id="ed8a8a24-2be7-0e16-87d4-1576115f9184">
      <Execution id="5330c2bb-d893-470f-8169-924d8c61ba94" />
      <TestMethod codeBase="/app/src/ClickUp.Api.Client.Tests/bin/Debug/net9.0/ClickUp.Api.Client.Tests.dll" adapterTypeName="executor://xunit/VsTestRunner2/netcoreapp" className="ClickUp.Api.Client.Tests.ServiceTests.ChatServiceTests" name="CreateChatMessageAsync_ApiError_ThrowsHttpRequestException" />
    </UnitTest>
    <UnitTest name="ClickUp.Api.Client.Tests.ServiceTests.TimeTrackingServiceTests.StopTimeEntryAsync_ApiConnectionThrowsTaskCanceledException_PropagatesException" storage="/app/src/clickup.api.client.tests/bin/debug/net9.0/clickup.api.client.tests.dll" id="dd755980-a9f7-6ed1-2252-b0148c3d540c">
      <Execution id="97f19f68-d261-4f3f-94c1-724ef82b8c40" />
      <TestMethod codeBase="/app/src/ClickUp.Api.Client.Tests/bin/Debug/net9.0/ClickUp.Api.Client.Tests.dll" adapterTypeName="executor://xunit/VsTestRunner2/netcoreapp" className="ClickUp.Api.Client.Tests.ServiceTests.TimeTrackingServiceTests" name="StopTimeEntryAsync_ApiConnectionThrowsTaskCanceledException_PropagatesException" />
    </UnitTest>
    <UnitTest name="ClickUp.Api.Client.Tests.ServiceTests.GoalsServiceTests.CreateKeyResultAsync_PassesCancellationTokenToApiConnection" storage="/app/src/clickup.api.client.tests/bin/debug/net9.0/clickup.api.client.tests.dll" id="1025c4f2-b409-f54a-628d-3ac9271a2402">
      <Execution id="c9c8ebc6-e9d9-4c74-a152-d2d2f8c3815e" />
      <TestMethod codeBase="/app/src/ClickUp.Api.Client.Tests/bin/Debug/net9.0/ClickUp.Api.Client.Tests.dll" adapterTypeName="executor://xunit/VsTestRunner2/netcoreapp" className="ClickUp.Api.Client.Tests.ServiceTests.GoalsServiceTests" name="CreateKeyResultAsync_PassesCancellationTokenToApiConnection" />
    </UnitTest>
    <UnitTest name="ClickUp.Api.Client.Tests.ServiceTests.GuestsServiceTests.AddGuestToTaskAsync_PassesCancellationTokenToApiConnection" storage="/app/src/clickup.api.client.tests/bin/debug/net9.0/clickup.api.client.tests.dll" id="0a390555-c9c5-c6e7-4311-a72571d7438f">
      <Execution id="42401ed1-9ef7-4a64-9280-fdf3812edf1c" />
      <TestMethod codeBase="/app/src/ClickUp.Api.Client.Tests/bin/Debug/net9.0/ClickUp.Api.Client.Tests.dll" adapterTypeName="executor://xunit/VsTestRunner2/netcoreapp" className="ClickUp.Api.Client.Tests.ServiceTests.GuestsServiceTests" name="AddGuestToTaskAsync_PassesCancellationTokenToApiConnection" />
    </UnitTest>
    <UnitTest name="ClickUp.Api.Client.Tests.ServiceTests.UserGroupServiceTests.DeleteUserGroupAsync_ApiConnectionThrowsTaskCanceledException_PropagatesException" storage="/app/src/clickup.api.client.tests/bin/debug/net9.0/clickup.api.client.tests.dll" id="9970e260-92f2-5d02-5be5-4561fdf848fb">
      <Execution id="14f7f70b-4218-4e58-9ee0-090c4fba2c5e" />
      <TestMethod codeBase="/app/src/ClickUp.Api.Client.Tests/bin/Debug/net9.0/ClickUp.Api.Client.Tests.dll" adapterTypeName="executor://xunit/VsTestRunner2/netcoreapp" className="ClickUp.Api.Client.Tests.ServiceTests.UserGroupServiceTests" name="DeleteUserGroupAsync_ApiConnectionThrowsTaskCanceledException_PropagatesException" />
    </UnitTest>
    <UnitTest name="ClickUp.Api.Client.Tests.ServiceTests.DocsServiceTests.CreateDocAsync_ApiError_ThrowsHttpRequestException" storage="/app/src/clickup.api.client.tests/bin/debug/net9.0/clickup.api.client.tests.dll" id="9acac3b6-59ed-baed-27c4-81256cf3e2b7">
      <Execution id="c39e79da-ad3e-4ce1-8fb3-e2bd8f593f2f" />
      <TestMethod codeBase="/app/src/ClickUp.Api.Client.Tests/bin/Debug/net9.0/ClickUp.Api.Client.Tests.dll" adapterTypeName="executor://xunit/VsTestRunner2/netcoreapp" className="ClickUp.Api.Client.Tests.ServiceTests.DocsServiceTests" name="CreateDocAsync_ApiError_ThrowsHttpRequestException" />
    </UnitTest>
    <UnitTest name="ClickUp.Api.Client.Tests.ServiceTests.TemplatesServiceTests.GetTaskTemplatesAsync_ApiConnectionThrowsHttpRequestException_PropagatesException" storage="/app/src/clickup.api.client.tests/bin/debug/net9.0/clickup.api.client.tests.dll" id="4caefc62-ab13-e69f-9847-b104043b9487">
      <Execution id="69d83c90-ca99-4d36-bb4c-6fef7d5c8e92" />
      <TestMethod codeBase="/app/src/ClickUp.Api.Client.Tests/bin/Debug/net9.0/ClickUp.Api.Client.Tests.dll" adapterTypeName="executor://xunit/VsTestRunner2/netcoreapp" className="ClickUp.Api.Client.Tests.ServiceTests.TemplatesServiceTests" name="GetTaskTemplatesAsync_ApiConnectionThrowsHttpRequestException_PropagatesException" />
    </UnitTest>
    <UnitTest name="ClickUp.Api.Client.Tests.ServiceTests.SpacesServiceTests.CreateSpaceAsync_ApiConnectionThrowsHttpRequestException_PropagatesException" storage="/app/src/clickup.api.client.tests/bin/debug/net9.0/clickup.api.client.tests.dll" id="b490ce64-b61a-562f-990e-1dd9b5014121">
      <Execution id="fbfc93fb-532d-40b7-b2ab-f5efad91d721" />
      <TestMethod codeBase="/app/src/ClickUp.Api.Client.Tests/bin/Debug/net9.0/ClickUp.Api.Client.Tests.dll" adapterTypeName="executor://xunit/VsTestRunner2/netcoreapp" className="ClickUp.Api.Client.Tests.ServiceTests.SpacesServiceTests" name="CreateSpaceAsync_ApiConnectionThrowsHttpRequestException_PropagatesException" />
    </UnitTest>
    <UnitTest name="ClickUp.Api.Client.Tests.ServiceTests.FoldersServiceTests.GetFoldersAsync_ApiConnectionThrowsTaskCanceledException_PropagatesException" storage="/app/src/clickup.api.client.tests/bin/debug/net9.0/clickup.api.client.tests.dll" id="30bc3756-0d13-9f03-5c94-49181b7b2f53">
      <Execution id="1b548b7d-c518-4f7e-b10e-d67c8ed7b24a" />
      <TestMethod codeBase="/app/src/ClickUp.Api.Client.Tests/bin/Debug/net9.0/ClickUp.Api.Client.Tests.dll" adapterTypeName="executor://xunit/VsTestRunner2/netcoreapp" className="ClickUp.Api.Client.Tests.ServiceTests.FoldersServiceTests" name="GetFoldersAsync_ApiConnectionThrowsTaskCanceledException_PropagatesException" />
    </UnitTest>
    <UnitTest name="ClickUp.Api.Client.Tests.ServiceTests.TagsServiceTests.EditSpaceTagAsync_PassesCancellationTokenToApiConnection" storage="/app/src/clickup.api.client.tests/bin/debug/net9.0/clickup.api.client.tests.dll" id="2a20ee89-4328-4035-843a-0dab3c664c44">
      <Execution id="628539fe-8b9e-49ce-85fe-f1d8bab4cca4" />
      <TestMethod codeBase="/app/src/ClickUp.Api.Client.Tests/bin/Debug/net9.0/ClickUp.Api.Client.Tests.dll" adapterTypeName="executor://xunit/VsTestRunner2/netcoreapp" className="ClickUp.Api.Client.Tests.ServiceTests.TagsServiceTests" name="EditSpaceTagAsync_PassesCancellationTokenToApiConnection" />
    </UnitTest>
    <UnitTest name="ClickUp.Api.Client.Tests.ServiceTests.DocsServiceTests.SearchAllDocsAsync_SinglePageOfResults_ReturnsAllItems" storage="/app/src/clickup.api.client.tests/bin/debug/net9.0/clickup.api.client.tests.dll" id="50ffa6c2-4cd9-92e5-bcd4-292ccad9b739">
      <Execution id="635876e3-12c0-4155-936b-e498ed6cce94" />
      <TestMethod codeBase="/app/src/ClickUp.Api.Client.Tests/bin/Debug/net9.0/ClickUp.Api.Client.Tests.dll" adapterTypeName="executor://xunit/VsTestRunner2/netcoreapp" className="ClickUp.Api.Client.Tests.ServiceTests.DocsServiceTests" name="SearchAllDocsAsync_SinglePageOfResults_ReturnsAllItems" />
    </UnitTest>
    <UnitTest name="ClickUp.Api.Client.Tests.ServiceTests.GuestsServiceTests.AddGuestToListAsync_ValidRequest_CallsPostAndReturnsGuest" storage="/app/src/clickup.api.client.tests/bin/debug/net9.0/clickup.api.client.tests.dll" id="c171dfa7-4a27-8f56-a6c9-57cfcd42dce5">
      <Execution id="0ad6d9c3-fa7a-4677-9e39-8cc4d136cffb" />
      <TestMethod codeBase="/app/src/ClickUp.Api.Client.Tests/bin/Debug/net9.0/ClickUp.Api.Client.Tests.dll" adapterTypeName="executor://xunit/VsTestRunner2/netcoreapp" className="ClickUp.Api.Client.Tests.ServiceTests.GuestsServiceTests" name="AddGuestToListAsync_ValidRequest_CallsPostAndReturnsGuest" />
    </UnitTest>
    <UnitTest name="ClickUp.Api.Client.Tests.ServiceTests.UserGroupServiceTests.GetUserGroupsAsync_ValidWorkspaceId_ReturnsUserGroups" storage="/app/src/clickup.api.client.tests/bin/debug/net9.0/clickup.api.client.tests.dll" id="37aeb74d-1afe-d731-1e29-c7cb0e4a1451">
      <Execution id="95c8759d-69e6-43eb-bc33-b24c9fc6d17c" />
      <TestMethod codeBase="/app/src/ClickUp.Api.Client.Tests/bin/Debug/net9.0/ClickUp.Api.Client.Tests.dll" adapterTypeName="executor://xunit/VsTestRunner2/netcoreapp" className="ClickUp.Api.Client.Tests.ServiceTests.UserGroupServiceTests" name="GetUserGroupsAsync_ValidWorkspaceId_ReturnsUserGroups" />
    </UnitTest>
    <UnitTest name="ClickUp.Api.Client.Tests.ServiceTests.FoldersServiceTests.CreateFolderAsync_PassesCancellationTokenToApiConnection" storage="/app/src/clickup.api.client.tests/bin/debug/net9.0/clickup.api.client.tests.dll" id="432343ba-1ff8-33bb-c663-8e4732a49a83">
      <Execution id="e144d640-b523-4de4-ae63-9ad1a4b78719" />
      <TestMethod codeBase="/app/src/ClickUp.Api.Client.Tests/bin/Debug/net9.0/ClickUp.Api.Client.Tests.dll" adapterTypeName="executor://xunit/VsTestRunner2/netcoreapp" className="ClickUp.Api.Client.Tests.ServiceTests.FoldersServiceTests" name="CreateFolderAsync_PassesCancellationTokenToApiConnection" />
    </UnitTest>
    <UnitTest name="ClickUp.Api.Client.Tests.ServiceTests.GuestsServiceTests.AddGuestToFolderAsync_ValidRequest_CallsPostAndReturnsGuest" storage="/app/src/clickup.api.client.tests/bin/debug/net9.0/clickup.api.client.tests.dll" id="faccfa53-2df6-24a2-b853-bc0462bcfc1c">
      <Execution id="b6b601d0-03f0-462d-9aad-0426171c1c4f" />
      <TestMethod codeBase="/app/src/ClickUp.Api.Client.Tests/bin/Debug/net9.0/ClickUp.Api.Client.Tests.dll" adapterTypeName="executor://xunit/VsTestRunner2/netcoreapp" className="ClickUp.Api.Client.Tests.ServiceTests.GuestsServiceTests" name="AddGuestToFolderAsync_ValidRequest_CallsPostAndReturnsGuest" />
    </UnitTest>
    <UnitTest name="ClickUp.Api.Client.Tests.ServiceTests.ChatServiceTests.GetChatChannelFollowersAsync_NullResponse_ThrowsInvalidOperationException" storage="/app/src/clickup.api.client.tests/bin/debug/net9.0/clickup.api.client.tests.dll" id="ccc8db3c-2a40-6a23-d865-c5fdedd56357">
      <Execution id="0966d9d7-0d53-408c-8443-fdba7c4c7330" />
      <TestMethod codeBase="/app/src/ClickUp.Api.Client.Tests/bin/Debug/net9.0/ClickUp.Api.Client.Tests.dll" adapterTypeName="executor://xunit/VsTestRunner2/netcoreapp" className="ClickUp.Api.Client.Tests.ServiceTests.ChatServiceTests" name="GetChatChannelFollowersAsync_NullResponse_ThrowsInvalidOperationException" />
    </UnitTest>
    <UnitTest name="ClickUp.Api.Client.Tests.ServiceTests.DocsServiceTests.GetDocPageListingAsync_ApiError_ThrowsHttpRequestException" storage="/app/src/clickup.api.client.tests/bin/debug/net9.0/clickup.api.client.tests.dll" id="a1836fe9-5442-216b-5777-465e396b7d81">
      <Execution id="1bacbf73-c584-4cce-af14-2cbfe8aae157" />
      <TestMethod codeBase="/app/src/ClickUp.Api.Client.Tests/bin/Debug/net9.0/ClickUp.Api.Client.Tests.dll" adapterTypeName="executor://xunit/VsTestRunner2/netcoreapp" className="ClickUp.Api.Client.Tests.ServiceTests.DocsServiceTests" name="GetDocPageListingAsync_ApiError_ThrowsHttpRequestException" />
    </UnitTest>
    <UnitTest name="ClickUp.Api.Client.Tests.ServiceTests.TimeTrackingServiceTests.GetTimeEntryAsync_WithAllIncludeParams_BuildsCorrectUrl" storage="/app/src/clickup.api.client.tests/bin/debug/net9.0/clickup.api.client.tests.dll" id="ebfd92fd-e95f-c858-6e96-50164aa07333">
      <Execution id="c8ac2c43-902e-4bd0-a455-0957582394aa" />
      <TestMethod codeBase="/app/src/ClickUp.Api.Client.Tests/bin/Debug/net9.0/ClickUp.Api.Client.Tests.dll" adapterTypeName="executor://xunit/VsTestRunner2/netcoreapp" className="ClickUp.Api.Client.Tests.ServiceTests.TimeTrackingServiceTests" name="GetTimeEntryAsync_WithAllIncludeParams_BuildsCorrectUrl" />
    </UnitTest>
    <UnitTest name="ClickUp.Api.Client.Tests.ServiceTests.TimeTrackingServiceTests.GetRunningTimeEntryAsync_ApiConnectionThrowsHttpRequestException_PropagatesException" storage="/app/src/clickup.api.client.tests/bin/debug/net9.0/clickup.api.client.tests.dll" id="8f286339-d7f1-b96a-ccab-ea46d42d5f35">
      <Execution id="5f82fad7-9acc-4eda-b2fb-da78ed5eda30" />
      <TestMethod codeBase="/app/src/ClickUp.Api.Client.Tests/bin/Debug/net9.0/ClickUp.Api.Client.Tests.dll" adapterTypeName="executor://xunit/VsTestRunner2/netcoreapp" className="ClickUp.Api.Client.Tests.ServiceTests.TimeTrackingServiceTests" name="GetRunningTimeEntryAsync_ApiConnectionThrowsHttpRequestException_PropagatesException" />
    </UnitTest>
    <UnitTest name="ClickUp.Api.Client.Tests.Http.ApiConnectionTests.GetAsync_ThrowsCorrectException_ForGeneralErrorStatusCodes(statusCode: BadRequest, expectedExceptionType: typeof(ClickUp.Api.Client.Models.Exceptions.ClickUpApiValidationException), expectedMessageContent: &quot;Bad Request&quot;)" storage="/app/src/clickup.api.client.tests/bin/debug/net9.0/clickup.api.client.tests.dll" id="ca6333b1-aef7-00b3-7099-87181c2d9eba">
      <Execution id="96c90d5e-5bfd-4758-8ce6-9b529fcfdba7" />
      <TestMethod codeBase="/app/src/ClickUp.Api.Client.Tests/bin/Debug/net9.0/ClickUp.Api.Client.Tests.dll" adapterTypeName="executor://xunit/VsTestRunner2/netcoreapp" className="ClickUp.Api.Client.Tests.Http.ApiConnectionTests" name="GetAsync_ThrowsCorrectException_ForGeneralErrorStatusCodes" />
    </UnitTest>
    <UnitTest name="ClickUp.Api.Client.Tests.ServiceTests.TagsServiceTests.DeleteSpaceTagAsync_ApiConnectionThrowsHttpRequestException_PropagatesException" storage="/app/src/clickup.api.client.tests/bin/debug/net9.0/clickup.api.client.tests.dll" id="10e5a3ce-9290-0bf4-2ea9-aabafbb1a973">
      <Execution id="94a74465-58a3-43c7-8adf-4ff46efdb67b" />
      <TestMethod codeBase="/app/src/ClickUp.Api.Client.Tests/bin/Debug/net9.0/ClickUp.Api.Client.Tests.dll" adapterTypeName="executor://xunit/VsTestRunner2/netcoreapp" className="ClickUp.Api.Client.Tests.ServiceTests.TagsServiceTests" name="DeleteSpaceTagAsync_ApiConnectionThrowsHttpRequestException_PropagatesException" />
    </UnitTest>
    <UnitTest name="ClickUp.Api.Client.Tests.ServiceTests.GuestsServiceTests.RemoveGuestFromWorkspaceAsync_PassesCancellationTokenToApiConnection" storage="/app/src/clickup.api.client.tests/bin/debug/net9.0/clickup.api.client.tests.dll" id="ea5a41f0-3296-5896-9060-90e606cfb0ac">
      <Execution id="69076617-1af7-44ec-94c5-310eade609fc" />
      <TestMethod codeBase="/app/src/ClickUp.Api.Client.Tests/bin/Debug/net9.0/ClickUp.Api.Client.Tests.dll" adapterTypeName="executor://xunit/VsTestRunner2/netcoreapp" className="ClickUp.Api.Client.Tests.ServiceTests.GuestsServiceTests" name="RemoveGuestFromWorkspaceAsync_PassesCancellationTokenToApiConnection" />
    </UnitTest>
    <UnitTest name="ClickUp.Api.Client.Tests.ServiceTests.TaskRelationshipsServiceTests.AddTaskLinkAsync_ApiConnectionThrowsHttpRequestException_PropagatesException" storage="/app/src/clickup.api.client.tests/bin/debug/net9.0/clickup.api.client.tests.dll" id="8d83ef78-349f-f2f7-954e-1ccfc00af170">
      <Execution id="a3477709-5e04-4e48-a1df-346b7287f85c" />
      <TestMethod codeBase="/app/src/ClickUp.Api.Client.Tests/bin/Debug/net9.0/ClickUp.Api.Client.Tests.dll" adapterTypeName="executor://xunit/VsTestRunner2/netcoreapp" className="ClickUp.Api.Client.Tests.ServiceTests.TaskRelationshipsServiceTests" name="AddTaskLinkAsync_ApiConnectionThrowsHttpRequestException_PropagatesException" />
    </UnitTest>
    <UnitTest name="ClickUp.Api.Client.Tests.ServiceTests.TimeTrackingServiceTests.RemoveTagsFromTimeEntriesAsync_ApiConnectionThrowsHttpRequestException_PropagatesException" storage="/app/src/clickup.api.client.tests/bin/debug/net9.0/clickup.api.client.tests.dll" id="076a7cae-ff68-768e-055a-6ca2111b4d3e">
      <Execution id="32d7afb7-677e-42d3-80fb-e0eae964a4b1" />
      <TestMethod codeBase="/app/src/ClickUp.Api.Client.Tests/bin/Debug/net9.0/ClickUp.Api.Client.Tests.dll" adapterTypeName="executor://xunit/VsTestRunner2/netcoreapp" className="ClickUp.Api.Client.Tests.ServiceTests.TimeTrackingServiceTests" name="RemoveTagsFromTimeEntriesAsync_ApiConnectionThrowsHttpRequestException_PropagatesException" />
    </UnitTest>
    <UnitTest name="ClickUp.Api.Client.Tests.ServiceTests.SpacesServiceTests.GetSpacesAsync_ApiConnectionThrowsTaskCanceledException_PropagatesException" storage="/app/src/clickup.api.client.tests/bin/debug/net9.0/clickup.api.client.tests.dll" id="351fa298-b5c8-61d2-89c9-71b803ffece1">
      <Execution id="04569ec9-032a-4e3f-bc59-21ab2bac59dd" />
      <TestMethod codeBase="/app/src/ClickUp.Api.Client.Tests/bin/Debug/net9.0/ClickUp.Api.Client.Tests.dll" adapterTypeName="executor://xunit/VsTestRunner2/netcoreapp" className="ClickUp.Api.Client.Tests.ServiceTests.SpacesServiceTests" name="GetSpacesAsync_ApiConnectionThrowsTaskCanceledException_PropagatesException" />
    </UnitTest>
    <UnitTest name="ClickUp.Api.Client.Tests.ServiceTests.UserGroupServiceTests.UpdateUserGroupAsync_PassesCancellationTokenToApiConnection" storage="/app/src/clickup.api.client.tests/bin/debug/net9.0/clickup.api.client.tests.dll" id="e274d54f-dbd8-3d21-b6c5-05d28e1afadf">
      <Execution id="f04212ad-d2b2-4b40-b33f-913783cf55cf" />
      <TestMethod codeBase="/app/src/ClickUp.Api.Client.Tests/bin/Debug/net9.0/ClickUp.Api.Client.Tests.dll" adapterTypeName="executor://xunit/VsTestRunner2/netcoreapp" className="ClickUp.Api.Client.Tests.ServiceTests.UserGroupServiceTests" name="UpdateUserGroupAsync_PassesCancellationTokenToApiConnection" />
    </UnitTest>
    <UnitTest name="ClickUp.Api.Client.Tests.ServiceTests.TagsServiceTests.RemoveTagFromTaskAsync_ApiConnectionThrowsTaskCanceledException_PropagatesException" storage="/app/src/clickup.api.client.tests/bin/debug/net9.0/clickup.api.client.tests.dll" id="0eff24a5-06f2-da45-55fd-5d93cfe49ac8">
      <Execution id="2a68629e-8ad9-4990-b1c3-6886697569fd" />
      <TestMethod codeBase="/app/src/ClickUp.Api.Client.Tests/bin/Debug/net9.0/ClickUp.Api.Client.Tests.dll" adapterTypeName="executor://xunit/VsTestRunner2/netcoreapp" className="ClickUp.Api.Client.Tests.ServiceTests.TagsServiceTests" name="RemoveTagFromTaskAsync_ApiConnectionThrowsTaskCanceledException_PropagatesException" />
    </UnitTest>
    <UnitTest name="ClickUp.Api.Client.Tests.ServiceTests.GoalsServiceTests.DeleteKeyResultAsync_PassesCancellationTokenToApiConnection" storage="/app/src/clickup.api.client.tests/bin/debug/net9.0/clickup.api.client.tests.dll" id="c3eab5ce-1a68-3e3e-6d51-71b8e8d33cc5">
      <Execution id="0f06b453-341d-4a54-9161-87c8f56e7501" />
      <TestMethod codeBase="/app/src/ClickUp.Api.Client.Tests/bin/Debug/net9.0/ClickUp.Api.Client.Tests.dll" adapterTypeName="executor://xunit/VsTestRunner2/netcoreapp" className="ClickUp.Api.Client.Tests.ServiceTests.GoalsServiceTests" name="DeleteKeyResultAsync_PassesCancellationTokenToApiConnection" />
    </UnitTest>
    <UnitTest name="ClickUp.Api.Client.Tests.ServiceTests.WebhooksServiceTests.DeleteWebhookAsync_ApiConnectionThrowsTaskCanceledException_PropagatesException" storage="/app/src/clickup.api.client.tests/bin/debug/net9.0/clickup.api.client.tests.dll" id="9da7c202-58c3-5fab-0031-2fe16a925c22">
      <Execution id="d4ad0880-9997-4291-ad8b-92ae1876197a" />
      <TestMethod codeBase="/app/src/ClickUp.Api.Client.Tests/bin/Debug/net9.0/ClickUp.Api.Client.Tests.dll" adapterTypeName="executor://xunit/VsTestRunner2/netcoreapp" className="ClickUp.Api.Client.Tests.ServiceTests.WebhooksServiceTests" name="DeleteWebhookAsync_ApiConnectionThrowsTaskCanceledException_PropagatesException" />
    </UnitTest>
    <UnitTest name="ClickUp.Api.Client.Tests.ServiceTests.CustomFieldsServiceTests.GetAccessibleCustomFieldsAsync_ApiError_ThrowsHttpRequestException" storage="/app/src/clickup.api.client.tests/bin/debug/net9.0/clickup.api.client.tests.dll" id="03f1ed65-4935-2ba6-c695-507c69645911">
      <Execution id="4a60477f-1849-4dc4-b19f-a950f78ac253" />
      <TestMethod codeBase="/app/src/ClickUp.Api.Client.Tests/bin/Debug/net9.0/ClickUp.Api.Client.Tests.dll" adapterTypeName="executor://xunit/VsTestRunner2/netcoreapp" className="ClickUp.Api.Client.Tests.ServiceTests.CustomFieldsServiceTests" name="GetAccessibleCustomFieldsAsync_ApiError_ThrowsHttpRequestException" />
    </UnitTest>
    <UnitTest name="ClickUp.Api.Client.Tests.ServiceTests.UsersServiceTests.RemoveUserFromWorkspaceAsync_ApiConnectionThrowsTaskCanceledException_PropagatesException" storage="/app/src/clickup.api.client.tests/bin/debug/net9.0/clickup.api.client.tests.dll" id="73037e9b-1fcc-6402-5b2e-26dfd5dbecaa">
      <Execution id="9e39fb80-12b6-45c3-8556-13c7b729ac2e" />
      <TestMethod codeBase="/app/src/ClickUp.Api.Client.Tests/bin/Debug/net9.0/ClickUp.Api.Client.Tests.dll" adapterTypeName="executor://xunit/VsTestRunner2/netcoreapp" className="ClickUp.Api.Client.Tests.ServiceTests.UsersServiceTests" name="RemoveUserFromWorkspaceAsync_ApiConnectionThrowsTaskCanceledException_PropagatesException" />
    </UnitTest>
    <UnitTest name="ClickUp.Api.Client.Tests.ServiceTests.ListsServiceTests.GetFolderlessListsAsync_ValidSpaceId_ReturnsLists" storage="/app/src/clickup.api.client.tests/bin/debug/net9.0/clickup.api.client.tests.dll" id="16db33d3-f78a-14af-08ba-1ee180bc20a5">
      <Execution id="5869e831-784f-49de-ab0d-585e1d4afd42" />
      <TestMethod codeBase="/app/src/ClickUp.Api.Client.Tests/bin/Debug/net9.0/ClickUp.Api.Client.Tests.dll" adapterTypeName="executor://xunit/VsTestRunner2/netcoreapp" className="ClickUp.Api.Client.Tests.ServiceTests.ListsServiceTests" name="GetFolderlessListsAsync_ValidSpaceId_ReturnsLists" />
    </UnitTest>
    <UnitTest name="ClickUp.Api.Client.Tests.ServiceTests.TagsServiceTests.RemoveTagFromTaskAsync_WithCustomTaskIdsAndTeamId_BuildsCorrectUrl" storage="/app/src/clickup.api.client.tests/bin/debug/net9.0/clickup.api.client.tests.dll" id="d474425b-a25b-fe1c-8f25-d72d04077456">
      <Execution id="e91763f3-42ea-489c-b051-8532df3d1fc6" />
      <TestMethod codeBase="/app/src/ClickUp.Api.Client.Tests/bin/Debug/net9.0/ClickUp.Api.Client.Tests.dll" adapterTypeName="executor://xunit/VsTestRunner2/netcoreapp" className="ClickUp.Api.Client.Tests.ServiceTests.TagsServiceTests" name="RemoveTagFromTaskAsync_WithCustomTaskIdsAndTeamId_BuildsCorrectUrl" />
    </UnitTest>
    <UnitTest name="ClickUp.Api.Client.Tests.ServiceTests.WorkspacesServiceTests.GetWorkspacePlanAsync_ApiConnectionThrowsHttpRequestException_PropagatesException" storage="/app/src/clickup.api.client.tests/bin/debug/net9.0/clickup.api.client.tests.dll" id="bcd1ad3f-2517-2515-148e-90fabf13f6fd">
      <Execution id="618d28d8-7558-4296-9064-298c52dea319" />
      <TestMethod codeBase="/app/src/ClickUp.Api.Client.Tests/bin/Debug/net9.0/ClickUp.Api.Client.Tests.dll" adapterTypeName="executor://xunit/VsTestRunner2/netcoreapp" className="ClickUp.Api.Client.Tests.ServiceTests.WorkspacesServiceTests" name="GetWorkspacePlanAsync_ApiConnectionThrowsHttpRequestException_PropagatesException" />
    </UnitTest>
    <UnitTest name="ClickUp.Api.Client.Tests.ServiceTests.ViewsServiceTests.GetSpaceViewsAsync_ThrowsHttpRequestException_WhenApiCallFails" storage="/app/src/clickup.api.client.tests/bin/debug/net9.0/clickup.api.client.tests.dll" id="45289421-0910-5184-0d1e-471036646f71">
      <Execution id="2b31f194-2d20-4bc3-9cb5-41f989325c12" />
      <TestMethod codeBase="/app/src/ClickUp.Api.Client.Tests/bin/Debug/net9.0/ClickUp.Api.Client.Tests.dll" adapterTypeName="executor://xunit/VsTestRunner2/netcoreapp" className="ClickUp.Api.Client.Tests.ServiceTests.ViewsServiceTests" name="GetSpaceViewsAsync_ThrowsHttpRequestException_WhenApiCallFails" />
    </UnitTest>
    <UnitTest name="ClickUp.Api.Client.Tests.ServiceTests.TimeTrackingServiceTests.CreateTimeEntryAsync_ApiReturnsResponseWithNullData_ThrowsInvalidOperationException" storage="/app/src/clickup.api.client.tests/bin/debug/net9.0/clickup.api.client.tests.dll" id="8402c4be-58d2-4373-a7ae-0bcd589f5325">
      <Execution id="d8a29496-3aa1-4e91-a9c4-d3f5048efd39" />
      <TestMethod codeBase="/app/src/ClickUp.Api.Client.Tests/bin/Debug/net9.0/ClickUp.Api.Client.Tests.dll" adapterTypeName="executor://xunit/VsTestRunner2/netcoreapp" className="ClickUp.Api.Client.Tests.ServiceTests.TimeTrackingServiceTests" name="CreateTimeEntryAsync_ApiReturnsResponseWithNullData_ThrowsInvalidOperationException" />
    </UnitTest>
    <UnitTest name="ClickUp.Api.Client.Tests.ServiceTests.SpacesServiceTests.DeleteSpaceAsync_ApiConnectionThrowsHttpRequestException_PropagatesException" storage="/app/src/clickup.api.client.tests/bin/debug/net9.0/clickup.api.client.tests.dll" id="f642d3e9-eefa-9249-80a9-6b9eb517faf6">
      <Execution id="10c31cbd-d451-40bd-80b2-7611fe5990ec" />
      <TestMethod codeBase="/app/src/ClickUp.Api.Client.Tests/bin/Debug/net9.0/ClickUp.Api.Client.Tests.dll" adapterTypeName="executor://xunit/VsTestRunner2/netcoreapp" className="ClickUp.Api.Client.Tests.ServiceTests.SpacesServiceTests" name="DeleteSpaceAsync_ApiConnectionThrowsHttpRequestException_PropagatesException" />
    </UnitTest>
    <UnitTest name="ClickUp.Api.Client.Tests.Http.ApiConnectionTests.GetAsync_ThrowsCorrectException_ForGeneralErrorStatusCodes(statusCode: InternalServerError, expectedExceptionType: typeof(ClickUp.Api.Client.Models.Exceptions.ClickUpApiServerException), expectedMessageContent: &quot;Internal Server Error&quot;)" storage="/app/src/clickup.api.client.tests/bin/debug/net9.0/clickup.api.client.tests.dll" id="f4f05f7e-c1aa-8a7f-f1ec-8bb2f604023d">
      <Execution id="a6f3b1b2-657a-4254-ab23-729a08c7d0da" />
      <TestMethod codeBase="/app/src/ClickUp.Api.Client.Tests/bin/Debug/net9.0/ClickUp.Api.Client.Tests.dll" adapterTypeName="executor://xunit/VsTestRunner2/netcoreapp" className="ClickUp.Api.Client.Tests.Http.ApiConnectionTests" name="GetAsync_ThrowsCorrectException_ForGeneralErrorStatusCodes" />
    </UnitTest>
    <UnitTest name="ClickUp.Api.Client.Tests.ServiceTests.FoldersServiceTests.CreateFolderFromTemplateAsync_ValidRequest_CallsPostAndReturnsFolder" storage="/app/src/clickup.api.client.tests/bin/debug/net9.0/clickup.api.client.tests.dll" id="13b04cd4-8537-43f4-d359-9f5e07054bb4">
      <Execution id="2b757224-3d33-4d99-8b53-86a2aac612c1" />
      <TestMethod codeBase="/app/src/ClickUp.Api.Client.Tests/bin/Debug/net9.0/ClickUp.Api.Client.Tests.dll" adapterTypeName="executor://xunit/VsTestRunner2/netcoreapp" className="ClickUp.Api.Client.Tests.ServiceTests.FoldersServiceTests" name="CreateFolderFromTemplateAsync_ValidRequest_CallsPostAndReturnsFolder" />
    </UnitTest>
    <UnitTest name="ClickUp.Api.Client.Tests.ServiceTests.GuestsServiceTests.RemoveGuestFromFolderAsync_ValidRequest_CallsDeleteAndReturnsGuest" storage="/app/src/clickup.api.client.tests/bin/debug/net9.0/clickup.api.client.tests.dll" id="25faf64c-8253-d4a5-f991-33a0ca358e80">
      <Execution id="be3ed8b4-93af-4c04-9a75-73954ca76d0a" />
      <TestMethod codeBase="/app/src/ClickUp.Api.Client.Tests/bin/Debug/net9.0/ClickUp.Api.Client.Tests.dll" adapterTypeName="executor://xunit/VsTestRunner2/netcoreapp" className="ClickUp.Api.Client.Tests.ServiceTests.GuestsServiceTests" name="RemoveGuestFromFolderAsync_ValidRequest_CallsDeleteAndReturnsGuest" />
    </UnitTest>
    <UnitTest name="ClickUp.Api.Client.Tests.ServiceTests.UserGroupServiceTests.UpdateUserGroupAsync_ApiReturnsNullResponse_ThrowsInvalidOperationException" storage="/app/src/clickup.api.client.tests/bin/debug/net9.0/clickup.api.client.tests.dll" id="b43043ee-a97b-ce0d-b146-a66bef5ed3c0">
      <Execution id="2b7a5ccd-5444-42d8-8ebd-c35c00e291f5" />
      <TestMethod codeBase="/app/src/ClickUp.Api.Client.Tests/bin/Debug/net9.0/ClickUp.Api.Client.Tests.dll" adapterTypeName="executor://xunit/VsTestRunner2/netcoreapp" className="ClickUp.Api.Client.Tests.ServiceTests.UserGroupServiceTests" name="UpdateUserGroupAsync_ApiReturnsNullResponse_ThrowsInvalidOperationException" />
    </UnitTest>
    <UnitTest name="ClickUp.Api.Client.Tests.ServiceTests.TimeTrackingServiceTests.StartTimeEntryAsync_ApiReturnsNullResponse_ThrowsInvalidOperationException" storage="/app/src/clickup.api.client.tests/bin/debug/net9.0/clickup.api.client.tests.dll" id="26d4b4dc-4bfc-3c83-5743-0847b7876e96">
      <Execution id="76c71c35-37a3-42af-ba6f-23dc1cfa9e3e" />
      <TestMethod codeBase="/app/src/ClickUp.Api.Client.Tests/bin/Debug/net9.0/ClickUp.Api.Client.Tests.dll" adapterTypeName="executor://xunit/VsTestRunner2/netcoreapp" className="ClickUp.Api.Client.Tests.ServiceTests.TimeTrackingServiceTests" name="StartTimeEntryAsync_ApiReturnsNullResponse_ThrowsInvalidOperationException" />
    </UnitTest>
    <UnitTest name="ClickUp.Api.Client.Tests.ServiceTests.TimeTrackingServiceTests.GetTimeEntryHistoryAsync_ApiConnectionThrowsTaskCanceledException_PropagatesException" storage="/app/src/clickup.api.client.tests/bin/debug/net9.0/clickup.api.client.tests.dll" id="a7ce0cf7-cff4-9872-af69-4eef992b93b8">
      <Execution id="ed5156d0-8cc6-4e85-ba4d-43a2376d3649" />
      <TestMethod codeBase="/app/src/ClickUp.Api.Client.Tests/bin/Debug/net9.0/ClickUp.Api.Client.Tests.dll" adapterTypeName="executor://xunit/VsTestRunner2/netcoreapp" className="ClickUp.Api.Client.Tests.ServiceTests.TimeTrackingServiceTests" name="GetTimeEntryHistoryAsync_ApiConnectionThrowsTaskCanceledException_PropagatesException" />
    </UnitTest>
    <UnitTest name="ClickUp.Api.Client.Tests.ServiceTests.ChatServiceTests.CreateDirectMessageChatChannelAsync_ApiError_ThrowsHttpRequestException" storage="/app/src/clickup.api.client.tests/bin/debug/net9.0/clickup.api.client.tests.dll" id="8cb37b60-2322-a77e-5d01-114ce8ef583d">
      <Execution id="f4404ab1-df7e-4af2-b9f9-3c5ec7a8b4b8" />
      <TestMethod codeBase="/app/src/ClickUp.Api.Client.Tests/bin/Debug/net9.0/ClickUp.Api.Client.Tests.dll" adapterTypeName="executor://xunit/VsTestRunner2/netcoreapp" className="ClickUp.Api.Client.Tests.ServiceTests.ChatServiceTests" name="CreateDirectMessageChatChannelAsync_ApiError_ThrowsHttpRequestException" />
    </UnitTest>
    <UnitTest name="ClickUp.Api.Client.Tests.ServiceTests.ListsServiceTests.CreateFolderlessListAsync_ApiConnectionThrowsTaskCanceledException_PropagatesException" storage="/app/src/clickup.api.client.tests/bin/debug/net9.0/clickup.api.client.tests.dll" id="a5857de3-4c5c-b040-fb8d-0bda53457090">
      <Execution id="50ed7079-92bc-4eb6-bbf9-c489b9c64fef" />
      <TestMethod codeBase="/app/src/ClickUp.Api.Client.Tests/bin/Debug/net9.0/ClickUp.Api.Client.Tests.dll" adapterTypeName="executor://xunit/VsTestRunner2/netcoreapp" className="ClickUp.Api.Client.Tests.ServiceTests.ListsServiceTests" name="CreateFolderlessListAsync_ApiConnectionThrowsTaskCanceledException_PropagatesException" />
    </UnitTest>
    <UnitTest name="ClickUp.Api.Client.Tests.ServiceTests.UserGroupServiceTests.UpdateUserGroupAsync_ApiConnectionThrowsHttpRequestException_PropagatesException" storage="/app/src/clickup.api.client.tests/bin/debug/net9.0/clickup.api.client.tests.dll" id="581e1f6d-e187-c463-c2d9-8bb80abfd2d1">
      <Execution id="73430cc0-0773-4ada-8b1a-73a085266376" />
      <TestMethod codeBase="/app/src/ClickUp.Api.Client.Tests/bin/Debug/net9.0/ClickUp.Api.Client.Tests.dll" adapterTypeName="executor://xunit/VsTestRunner2/netcoreapp" className="ClickUp.Api.Client.Tests.ServiceTests.UserGroupServiceTests" name="UpdateUserGroupAsync_ApiConnectionThrowsHttpRequestException_PropagatesException" />
    </UnitTest>
    <UnitTest name="ClickUp.Api.Client.Tests.Http.AuthenticationDelegatingHandlerTests.Constructor_WithInvalidApiKey_ShouldThrowArgumentNullException(invalidApiKey: null)" storage="/app/src/clickup.api.client.tests/bin/debug/net9.0/clickup.api.client.tests.dll" id="9173bdb8-0644-720d-11dc-acce7b1baa61">
      <Execution id="2f920767-808e-4ec6-befe-8e2075fee933" />
      <TestMethod codeBase="/app/src/ClickUp.Api.Client.Tests/bin/Debug/net9.0/ClickUp.Api.Client.Tests.dll" adapterTypeName="executor://xunit/VsTestRunner2/netcoreapp" className="ClickUp.Api.Client.Tests.Http.AuthenticationDelegatingHandlerTests" name="Constructor_WithInvalidApiKey_ShouldThrowArgumentNullException" />
    </UnitTest>
    <UnitTest name="ClickUp.Api.Client.Tests.ServiceTests.DocsServiceTests.GetDocPageListingAsync_PassesCancellationTokenToApiConnection" storage="/app/src/clickup.api.client.tests/bin/debug/net9.0/clickup.api.client.tests.dll" id="69dddec3-7578-2080-835c-667dbf4daafa">
      <Execution id="cc537163-dff9-4913-8edd-46f9d7edb645" />
      <TestMethod codeBase="/app/src/ClickUp.Api.Client.Tests/bin/Debug/net9.0/ClickUp.Api.Client.Tests.dll" adapterTypeName="executor://xunit/VsTestRunner2/netcoreapp" className="ClickUp.Api.Client.Tests.ServiceTests.DocsServiceTests" name="GetDocPageListingAsync_PassesCancellationTokenToApiConnection" />
    </UnitTest>
    <UnitTest name="ClickUp.Api.Client.Tests.ServiceTests.ChatServiceTests.GetChatChannelsAsync_ApiConnectionThrowsTaskCanceledException_PropagatesException" storage="/app/src/clickup.api.client.tests/bin/debug/net9.0/clickup.api.client.tests.dll" id="a008fa4d-3311-e7d5-6ba1-8acc7485f062">
      <Execution id="86928e49-e06f-4c7d-bb40-a7ed9ceada20" />
      <TestMethod codeBase="/app/src/ClickUp.Api.Client.Tests/bin/Debug/net9.0/ClickUp.Api.Client.Tests.dll" adapterTypeName="executor://xunit/VsTestRunner2/netcoreapp" className="ClickUp.Api.Client.Tests.ServiceTests.ChatServiceTests" name="GetChatChannelsAsync_ApiConnectionThrowsTaskCanceledException_PropagatesException" />
    </UnitTest>
    <UnitTest name="ClickUp.Api.Client.Tests.ServiceTests.TimeTrackingServiceTests.StartTimeEntryAsync_ApiReturnsResponseWithNullData_ThrowsInvalidOperationException" storage="/app/src/clickup.api.client.tests/bin/debug/net9.0/clickup.api.client.tests.dll" id="22ba9a81-eee3-dacf-96ca-4ab79d52bbe1">
      <Execution id="1f7111cd-cf6e-4eec-ab4f-dcd6a7a7c302" />
      <TestMethod codeBase="/app/src/ClickUp.Api.Client.Tests/bin/Debug/net9.0/ClickUp.Api.Client.Tests.dll" adapterTypeName="executor://xunit/VsTestRunner2/netcoreapp" className="ClickUp.Api.Client.Tests.ServiceTests.TimeTrackingServiceTests" name="StartTimeEntryAsync_ApiReturnsResponseWithNullData_ThrowsInvalidOperationException" />
    </UnitTest>
    <UnitTest name="ClickUp.Api.Client.Tests.ServiceTests.ListsServiceTests.CreateFolderlessListAsync_ValidRequest_ReturnsList" storage="/app/src/clickup.api.client.tests/bin/debug/net9.0/clickup.api.client.tests.dll" id="d8b0b902-5f95-0147-3f49-4c67c17e28e0">
      <Execution id="aebf84eb-0d4a-4ab5-ad57-c276cd498f10" />
      <TestMethod codeBase="/app/src/ClickUp.Api.Client.Tests/bin/Debug/net9.0/ClickUp.Api.Client.Tests.dll" adapterTypeName="executor://xunit/VsTestRunner2/netcoreapp" className="ClickUp.Api.Client.Tests.ServiceTests.ListsServiceTests" name="CreateFolderlessListAsync_ValidRequest_ReturnsList" />
    </UnitTest>
    <UnitTest name="ClickUp.Api.Client.Tests.ServiceTests.RolesServiceTests.GetCustomRolesAsync_ApiReturnsNullResponse_ReturnsEmptyEnumerable" storage="/app/src/clickup.api.client.tests/bin/debug/net9.0/clickup.api.client.tests.dll" id="4ea123c2-111f-b61a-ccb7-d65e9e244c3c">
      <Execution id="c5a95ec9-dfe2-4deb-b320-70a5e122811a" />
      <TestMethod codeBase="/app/src/ClickUp.Api.Client.Tests/bin/Debug/net9.0/ClickUp.Api.Client.Tests.dll" adapterTypeName="executor://xunit/VsTestRunner2/netcoreapp" className="ClickUp.Api.Client.Tests.ServiceTests.RolesServiceTests" name="GetCustomRolesAsync_ApiReturnsNullResponse_ReturnsEmptyEnumerable" />
    </UnitTest>
    <UnitTest name="ClickUp.Api.Client.Tests.ServiceTests.UserGroupServiceTests.GetUserGroupsAsync_ApiConnectionThrowsHttpRequestException_PropagatesException" storage="/app/src/clickup.api.client.tests/bin/debug/net9.0/clickup.api.client.tests.dll" id="445820b3-85f7-a45b-0dbb-176036ea27f3">
      <Execution id="576551f7-be74-42ed-b8da-cf028708f566" />
      <TestMethod codeBase="/app/src/ClickUp.Api.Client.Tests/bin/Debug/net9.0/ClickUp.Api.Client.Tests.dll" adapterTypeName="executor://xunit/VsTestRunner2/netcoreapp" className="ClickUp.Api.Client.Tests.ServiceTests.UserGroupServiceTests" name="GetUserGroupsAsync_ApiConnectionThrowsHttpRequestException_PropagatesException" />
    </UnitTest>
    <UnitTest name="ClickUp.Api.Client.Tests.ServiceTests.UserGroupServiceTests.GetUserGroupsAsync_ApiReturnsResponseWithNullGroups_ReturnsEmptyEnumerable" storage="/app/src/clickup.api.client.tests/bin/debug/net9.0/clickup.api.client.tests.dll" id="18908a83-d63a-c717-8a2e-5ac4d4dd7bc5">
      <Execution id="27e1c795-735e-4ec2-b884-6351d54a2177" />
      <TestMethod codeBase="/app/src/ClickUp.Api.Client.Tests/bin/Debug/net9.0/ClickUp.Api.Client.Tests.dll" adapterTypeName="executor://xunit/VsTestRunner2/netcoreapp" className="ClickUp.Api.Client.Tests.ServiceTests.UserGroupServiceTests" name="GetUserGroupsAsync_ApiReturnsResponseWithNullGroups_ReturnsEmptyEnumerable" />
    </UnitTest>
    <UnitTest name="ClickUp.Api.Client.Tests.ServiceTests.ViewsServiceTests.CreateSpaceViewAsync_ApiReturnsNull_ThrowsInvalidOperationException" storage="/app/src/clickup.api.client.tests/bin/debug/net9.0/clickup.api.client.tests.dll" id="d72fb435-8173-77af-f05a-89cd3c59e69b">
      <Execution id="3e74eda5-f194-49c9-b377-48575eb73c51" />
      <TestMethod codeBase="/app/src/ClickUp.Api.Client.Tests/bin/Debug/net9.0/ClickUp.Api.Client.Tests.dll" adapterTypeName="executor://xunit/VsTestRunner2/netcoreapp" className="ClickUp.Api.Client.Tests.ServiceTests.ViewsServiceTests" name="CreateSpaceViewAsync_ApiReturnsNull_ThrowsInvalidOperationException" />
    </UnitTest>
    <UnitTest name="ClickUp.Api.Client.Tests.ServiceTests.FoldersServiceTests.CreateFolderAsync_ValidRequest_CallsPostAndReturnsFolder" storage="/app/src/clickup.api.client.tests/bin/debug/net9.0/clickup.api.client.tests.dll" id="89fbf0eb-5aad-f921-b1a0-e4b70f27ce71">
      <Execution id="f8c0c9d0-8f35-4646-add6-ba839e450695" />
      <TestMethod codeBase="/app/src/ClickUp.Api.Client.Tests/bin/Debug/net9.0/ClickUp.Api.Client.Tests.dll" adapterTypeName="executor://xunit/VsTestRunner2/netcoreapp" className="ClickUp.Api.Client.Tests.ServiceTests.FoldersServiceTests" name="CreateFolderAsync_ValidRequest_CallsPostAndReturnsFolder" />
    </UnitTest>
    <UnitTest name="ClickUp.Api.Client.Tests.ServiceTests.CommentServiceTests.CreateTaskCommentAsync_WithCustomTaskIdsAndTeamId_BuildsCorrectEndpoint" storage="/app/src/clickup.api.client.tests/bin/debug/net9.0/clickup.api.client.tests.dll" id="eefcfbfe-2cc7-633f-f32b-37bc1f1a9241">
      <Execution id="e0c504aa-f60d-4b9c-a523-811228d44f49" />
      <TestMethod codeBase="/app/src/ClickUp.Api.Client.Tests/bin/Debug/net9.0/ClickUp.Api.Client.Tests.dll" adapterTypeName="executor://xunit/VsTestRunner2/netcoreapp" className="ClickUp.Api.Client.Tests.ServiceTests.CommentServiceTests" name="CreateTaskCommentAsync_WithCustomTaskIdsAndTeamId_BuildsCorrectEndpoint" />
    </UnitTest>
    <UnitTest name="ClickUp.Api.Client.Tests.ServiceTests.DocsServiceTests.GetPageAsync_ApiConnectionThrowsTaskCanceledException_PropagatesException" storage="/app/src/clickup.api.client.tests/bin/debug/net9.0/clickup.api.client.tests.dll" id="8328c1c6-9f57-2aa0-f832-969a9fa1cfee">
      <Execution id="11a36a71-9ccb-474e-b5f1-0f9d5018838e" />
      <TestMethod codeBase="/app/src/ClickUp.Api.Client.Tests/bin/Debug/net9.0/ClickUp.Api.Client.Tests.dll" adapterTypeName="executor://xunit/VsTestRunner2/netcoreapp" className="ClickUp.Api.Client.Tests.ServiceTests.DocsServiceTests" name="GetPageAsync_ApiConnectionThrowsTaskCanceledException_PropagatesException" />
    </UnitTest>
    <UnitTest name="ClickUp.Api.Client.Tests.ServiceTests.ChatServiceTests.DeleteChatReactionAsync_ApiError_ThrowsHttpRequestException" storage="/app/src/clickup.api.client.tests/bin/debug/net9.0/clickup.api.client.tests.dll" id="84062fa8-9f95-3ee2-8d8a-899204450a85">
      <Execution id="85b147b0-47fb-4376-b77f-a499b5267e14" />
      <TestMethod codeBase="/app/src/ClickUp.Api.Client.Tests/bin/Debug/net9.0/ClickUp.Api.Client.Tests.dll" adapterTypeName="executor://xunit/VsTestRunner2/netcoreapp" className="ClickUp.Api.Client.Tests.ServiceTests.ChatServiceTests" name="DeleteChatReactionAsync_ApiError_ThrowsHttpRequestException" />
    </UnitTest>
    <UnitTest name="ClickUp.Api.Client.Tests.ServiceTests.DocsServiceTests.SearchDocsAsync_ApiError_ThrowsHttpRequestException" storage="/app/src/clickup.api.client.tests/bin/debug/net9.0/clickup.api.client.tests.dll" id="86a9646a-8331-f524-cd39-1cefc26b403c">
      <Execution id="0599acec-b600-48f9-af26-243d62bae0c9" />
      <TestMethod codeBase="/app/src/ClickUp.Api.Client.Tests/bin/Debug/net9.0/ClickUp.Api.Client.Tests.dll" adapterTypeName="executor://xunit/VsTestRunner2/netcoreapp" className="ClickUp.Api.Client.Tests.ServiceTests.DocsServiceTests" name="SearchDocsAsync_ApiError_ThrowsHttpRequestException" />
    </UnitTest>
    <UnitTest name="ClickUp.Api.Client.Tests.ServiceTests.MembersServiceTests.GetListMembersAsync_ApiConnectionThrowsTaskCanceledException_PropagatesException" storage="/app/src/clickup.api.client.tests/bin/debug/net9.0/clickup.api.client.tests.dll" id="84b8ed57-41d6-2128-cf45-76c917cb0395">
      <Execution id="28c5d839-7b19-4f4c-9741-e2bf927772cd" />
      <TestMethod codeBase="/app/src/ClickUp.Api.Client.Tests/bin/Debug/net9.0/ClickUp.Api.Client.Tests.dll" adapterTypeName="executor://xunit/VsTestRunner2/netcoreapp" className="ClickUp.Api.Client.Tests.ServiceTests.MembersServiceTests" name="GetListMembersAsync_ApiConnectionThrowsTaskCanceledException_PropagatesException" />
    </UnitTest>
    <UnitTest name="ClickUp.Api.Client.Tests.ServiceTests.TaskRelationshipsServiceTests.AddTaskLinkAsync_ValidRequest_ReturnsLinkedTask" storage="/app/src/clickup.api.client.tests/bin/debug/net9.0/clickup.api.client.tests.dll" id="c7f035c2-1d86-2ff4-146d-6e6c8addec33">
      <Execution id="76ddfef6-5f25-4ac5-a6e2-15f90f663df2" />
      <TestMethod codeBase="/app/src/ClickUp.Api.Client.Tests/bin/Debug/net9.0/ClickUp.Api.Client.Tests.dll" adapterTypeName="executor://xunit/VsTestRunner2/netcoreapp" className="ClickUp.Api.Client.Tests.ServiceTests.TaskRelationshipsServiceTests" name="AddTaskLinkAsync_ValidRequest_ReturnsLinkedTask" />
    </UnitTest>
    <UnitTest name="ClickUp.Api.Client.Tests.ServiceTests.GoalsServiceTests.UpdateGoalAsync_ApiReturnsNullResponse_ThrowsInvalidOperationException" storage="/app/src/clickup.api.client.tests/bin/debug/net9.0/clickup.api.client.tests.dll" id="28485d5f-48c5-58ca-c218-78fddbd7025c">
      <Execution id="13454533-e0e0-41a6-abd5-99929406818e" />
      <TestMethod codeBase="/app/src/ClickUp.Api.Client.Tests/bin/Debug/net9.0/ClickUp.Api.Client.Tests.dll" adapterTypeName="executor://xunit/VsTestRunner2/netcoreapp" className="ClickUp.Api.Client.Tests.ServiceTests.GoalsServiceTests" name="UpdateGoalAsync_ApiReturnsNullResponse_ThrowsInvalidOperationException" />
    </UnitTest>
    <UnitTest name="ClickUp.Api.Client.Tests.ServiceTests.TimeTrackingServiceTests.CreateTimeEntryAsync_ApiReturnsNullResponse_ThrowsInvalidOperationException" storage="/app/src/clickup.api.client.tests/bin/debug/net9.0/clickup.api.client.tests.dll" id="62989f9b-f63f-16f7-5285-44ecee7d8fc2">
      <Execution id="6c567ee6-37a6-484d-99e2-ebd8d05620ea" />
      <TestMethod codeBase="/app/src/ClickUp.Api.Client.Tests/bin/Debug/net9.0/ClickUp.Api.Client.Tests.dll" adapterTypeName="executor://xunit/VsTestRunner2/netcoreapp" className="ClickUp.Api.Client.Tests.ServiceTests.TimeTrackingServiceTests" name="CreateTimeEntryAsync_ApiReturnsNullResponse_ThrowsInvalidOperationException" />
    </UnitTest>
    <UnitTest name="ClickUp.Api.Client.Tests.ServiceTests.SharedHierarchyServiceTests.GetSharedHierarchyAsync_ApiConnectionThrowsHttpRequestException_PropagatesException" storage="/app/src/clickup.api.client.tests/bin/debug/net9.0/clickup.api.client.tests.dll" id="0a2daad4-07c6-5b3d-9ace-c60a0200dbb8">
      <Execution id="3ca67a99-5c10-4246-8e48-dd6f39c7228f" />
      <TestMethod codeBase="/app/src/ClickUp.Api.Client.Tests/bin/Debug/net9.0/ClickUp.Api.Client.Tests.dll" adapterTypeName="executor://xunit/VsTestRunner2/netcoreapp" className="ClickUp.Api.Client.Tests.ServiceTests.SharedHierarchyServiceTests" name="GetSharedHierarchyAsync_ApiConnectionThrowsHttpRequestException_PropagatesException" />
    </UnitTest>
    <UnitTest name="ClickUp.Api.Client.Tests.ServiceTests.TimeTrackingServiceTests.CreateTimeEntryAsync_ApiConnectionThrowsHttpRequestException_PropagatesException" storage="/app/src/clickup.api.client.tests/bin/debug/net9.0/clickup.api.client.tests.dll" id="343cb0e1-1417-cf7e-abff-eab562d84b81">
      <Execution id="567a12af-5467-41b1-b0f8-55c601afaf5f" />
      <TestMethod codeBase="/app/src/ClickUp.Api.Client.Tests/bin/Debug/net9.0/ClickUp.Api.Client.Tests.dll" adapterTypeName="executor://xunit/VsTestRunner2/netcoreapp" className="ClickUp.Api.Client.Tests.ServiceTests.TimeTrackingServiceTests" name="CreateTimeEntryAsync_ApiConnectionThrowsHttpRequestException_PropagatesException" />
    </UnitTest>
    <UnitTest name="ClickUp.Api.Client.Tests.ServiceTests.ListsServiceTests.CreateListInFolderAsync_ValidRequest_ReturnsList" storage="/app/src/clickup.api.client.tests/bin/debug/net9.0/clickup.api.client.tests.dll" id="5ff9f8c5-a602-278e-9018-6f84584c4fe6">
      <Execution id="0c713ce6-8032-4227-8009-0366ebe9f200" />
      <TestMethod codeBase="/app/src/ClickUp.Api.Client.Tests/bin/Debug/net9.0/ClickUp.Api.Client.Tests.dll" adapterTypeName="executor://xunit/VsTestRunner2/netcoreapp" className="ClickUp.Api.Client.Tests.ServiceTests.ListsServiceTests" name="CreateListInFolderAsync_ValidRequest_ReturnsList" />
    </UnitTest>
    <UnitTest name="ClickUp.Api.Client.Tests.ServiceTests.CommentServiceTests.DeleteCommentAsync_PassesCancellationTokenToApiConnection" storage="/app/src/clickup.api.client.tests/bin/debug/net9.0/clickup.api.client.tests.dll" id="ea7264c8-ee1d-7984-e681-677cdab9bc36">
      <Execution id="e8786a8f-b499-4faa-bec9-7a86b77e3fe6" />
      <TestMethod codeBase="/app/src/ClickUp.Api.Client.Tests/bin/Debug/net9.0/ClickUp.Api.Client.Tests.dll" adapterTypeName="executor://xunit/VsTestRunner2/netcoreapp" className="ClickUp.Api.Client.Tests.ServiceTests.CommentServiceTests" name="DeleteCommentAsync_PassesCancellationTokenToApiConnection" />
    </UnitTest>
    <UnitTest name="ClickUp.Api.Client.Tests.ServiceTests.CommentServiceTests.CreateTaskCommentAsync_ValidInput_CallsApiConnectionPostAsyncWithCorrectParameters" storage="/app/src/clickup.api.client.tests/bin/debug/net9.0/clickup.api.client.tests.dll" id="8a5b4e05-a4b2-8f97-f9df-809c810b58e5">
      <Execution id="ac0d6d67-f12d-4e2d-ad9b-2b68f53c5843" />
      <TestMethod codeBase="/app/src/ClickUp.Api.Client.Tests/bin/Debug/net9.0/ClickUp.Api.Client.Tests.dll" adapterTypeName="executor://xunit/VsTestRunner2/netcoreapp" className="ClickUp.Api.Client.Tests.ServiceTests.CommentServiceTests" name="CreateTaskCommentAsync_ValidInput_CallsApiConnectionPostAsyncWithCorrectParameters" />
    </UnitTest>
    <UnitTest name="ClickUp.Api.Client.Tests.ServiceTests.TagsServiceTests.CreateSpaceTagAsync_ValidRequest_CallsPostAsync" storage="/app/src/clickup.api.client.tests/bin/debug/net9.0/clickup.api.client.tests.dll" id="15b48231-b9af-4e3f-9b78-4f9754c6946b">
      <Execution id="9dc6347d-d90f-439a-8f65-149f1e55a3ec" />
      <TestMethod codeBase="/app/src/ClickUp.Api.Client.Tests/bin/Debug/net9.0/ClickUp.Api.Client.Tests.dll" adapterTypeName="executor://xunit/VsTestRunner2/netcoreapp" className="ClickUp.Api.Client.Tests.ServiceTests.TagsServiceTests" name="CreateSpaceTagAsync_ValidRequest_CallsPostAsync" />
    </UnitTest>
    <UnitTest name="ClickUp.Api.Client.Tests.ServiceTests.ChatServiceTests.CreateDirectMessageChatChannelAsync_PassesCancellationTokenToApiConnection" storage="/app/src/clickup.api.client.tests/bin/debug/net9.0/clickup.api.client.tests.dll" id="0c583350-00fc-c256-1d2e-f648f6c1b140">
      <Execution id="2a5c7395-4d4e-4a6a-bb61-83bceb7bc7c9" />
      <TestMethod codeBase="/app/src/ClickUp.Api.Client.Tests/bin/Debug/net9.0/ClickUp.Api.Client.Tests.dll" adapterTypeName="executor://xunit/VsTestRunner2/netcoreapp" className="ClickUp.Api.Client.Tests.ServiceTests.ChatServiceTests" name="CreateDirectMessageChatChannelAsync_PassesCancellationTokenToApiConnection" />
    </UnitTest>
    <UnitTest name="ClickUp.Api.Client.Tests.ServiceTests.ListsServiceTests.GetFolderlessListsAsyncEnumerableAsync_ApiReturnsNullResponse_StopsIteration" storage="/app/src/clickup.api.client.tests/bin/debug/net9.0/clickup.api.client.tests.dll" id="3072f26e-d5f5-2e36-37f6-f3e5da4116e7">
      <Execution id="3db1966f-9300-4d30-a3aa-93eab9ba6ee6" />
      <TestMethod codeBase="/app/src/ClickUp.Api.Client.Tests/bin/Debug/net9.0/ClickUp.Api.Client.Tests.dll" adapterTypeName="executor://xunit/VsTestRunner2/netcoreapp" className="ClickUp.Api.Client.Tests.ServiceTests.ListsServiceTests" name="GetFolderlessListsAsyncEnumerableAsync_ApiReturnsNullResponse_StopsIteration" />
    </UnitTest>
    <UnitTest name="ClickUp.Api.Client.Tests.ServiceTests.ChatServiceTests.CreateLocationChatChannelAsync_ApiError_ThrowsHttpRequestException" storage="/app/src/clickup.api.client.tests/bin/debug/net9.0/clickup.api.client.tests.dll" id="c130309f-793c-3c54-1997-75ff6d96554c">
      <Execution id="98ae59f3-c816-4c6e-bf30-b0e062dcac16" />
      <TestMethod codeBase="/app/src/ClickUp.Api.Client.Tests/bin/Debug/net9.0/ClickUp.Api.Client.Tests.dll" adapterTypeName="executor://xunit/VsTestRunner2/netcoreapp" className="ClickUp.Api.Client.Tests.ServiceTests.ChatServiceTests" name="CreateLocationChatChannelAsync_ApiError_ThrowsHttpRequestException" />
    </UnitTest>
    <UnitTest name="ClickUp.Api.Client.Tests.ServiceTests.FoldersServiceTests.DeleteFolderAsync_ApiError_ThrowsHttpRequestException" storage="/app/src/clickup.api.client.tests/bin/debug/net9.0/clickup.api.client.tests.dll" id="fa2c12ce-c436-1daf-ffc0-e83345703f4e">
      <Execution id="086134b6-6c92-463f-8e29-5792cc2a567e" />
      <TestMethod codeBase="/app/src/ClickUp.Api.Client.Tests/bin/Debug/net9.0/ClickUp.Api.Client.Tests.dll" adapterTypeName="executor://xunit/VsTestRunner2/netcoreapp" className="ClickUp.Api.Client.Tests.ServiceTests.FoldersServiceTests" name="DeleteFolderAsync_ApiError_ThrowsHttpRequestException" />
    </UnitTest>
    <UnitTest name="ClickUp.Api.Client.Tests.ServiceTests.CommentServiceTests.GetListCommentsStreamAsync_IAsyncEnumerable_HandlesApiError" storage="/app/src/clickup.api.client.tests/bin/debug/net9.0/clickup.api.client.tests.dll" id="ebe3ced5-0003-1568-37be-eabc6ff009c2">
      <Execution id="33d512d8-3288-4a03-9b13-be18f72403d4" />
      <TestMethod codeBase="/app/src/ClickUp.Api.Client.Tests/bin/Debug/net9.0/ClickUp.Api.Client.Tests.dll" adapterTypeName="executor://xunit/VsTestRunner2/netcoreapp" className="ClickUp.Api.Client.Tests.ServiceTests.CommentServiceTests" name="GetListCommentsStreamAsync_IAsyncEnumerable_HandlesApiError" />
    </UnitTest>
    <UnitTest name="ClickUp.Api.Client.Tests.ServiceTests.UsersServiceTests.RemoveUserFromWorkspaceAsync_ApiConnectionThrowsHttpRequestException_PropagatesException" storage="/app/src/clickup.api.client.tests/bin/debug/net9.0/clickup.api.client.tests.dll" id="edba1904-1233-d717-493b-63954672373b">
      <Execution id="701fafe1-56fe-4ccf-adb6-407fcee5aca1" />
      <TestMethod codeBase="/app/src/ClickUp.Api.Client.Tests/bin/Debug/net9.0/ClickUp.Api.Client.Tests.dll" adapterTypeName="executor://xunit/VsTestRunner2/netcoreapp" className="ClickUp.Api.Client.Tests.ServiceTests.UsersServiceTests" name="RemoveUserFromWorkspaceAsync_ApiConnectionThrowsHttpRequestException_PropagatesException" />
    </UnitTest>
    <UnitTest name="ClickUp.Api.Client.Tests.ServiceTests.ChatServiceTests.GetChatMessageReactionsAsync_ApiConnectionThrowsTaskCanceledException_PropagatesException" storage="/app/src/clickup.api.client.tests/bin/debug/net9.0/clickup.api.client.tests.dll" id="4d240a1d-4d36-6e9f-f89d-d0cc429f321f">
      <Execution id="eac320b5-04fc-4247-9fe4-d81b1a34a749" />
      <TestMethod codeBase="/app/src/ClickUp.Api.Client.Tests/bin/Debug/net9.0/ClickUp.Api.Client.Tests.dll" adapterTypeName="executor://xunit/VsTestRunner2/netcoreapp" className="ClickUp.Api.Client.Tests.ServiceTests.ChatServiceTests" name="GetChatMessageReactionsAsync_ApiConnectionThrowsTaskCanceledException_PropagatesException" />
    </UnitTest>
    <UnitTest name="ClickUp.Api.Client.Tests.ServiceTests.TimeTrackingServiceTests.GetAllTimeEntryTagsAsync_ApiReturnsResponseWithNullData_ReturnsEmptyEnumerable" storage="/app/src/clickup.api.client.tests/bin/debug/net9.0/clickup.api.client.tests.dll" id="2088a3e1-2a27-b1c6-9758-fcf8e948fdef">
      <Execution id="66228249-9f2d-44f5-8303-e810f62c2d7f" />
      <TestMethod codeBase="/app/src/ClickUp.Api.Client.Tests/bin/Debug/net9.0/ClickUp.Api.Client.Tests.dll" adapterTypeName="executor://xunit/VsTestRunner2/netcoreapp" className="ClickUp.Api.Client.Tests.ServiceTests.TimeTrackingServiceTests" name="GetAllTimeEntryTagsAsync_ApiReturnsResponseWithNullData_ReturnsEmptyEnumerable" />
    </UnitTest>
    <UnitTest name="ClickUp.Api.Client.Tests.ServiceTests.GuestsServiceTests.InviteGuestToWorkspaceAsync_NullResponse_ThrowsInvalidOperationException" storage="/app/src/clickup.api.client.tests/bin/debug/net9.0/clickup.api.client.tests.dll" id="54c9c409-338d-3da7-1143-c8338dceb6cf">
      <Execution id="afff6f31-3d34-4eef-b7ba-48345e44927c" />
      <TestMethod codeBase="/app/src/ClickUp.Api.Client.Tests/bin/Debug/net9.0/ClickUp.Api.Client.Tests.dll" adapterTypeName="executor://xunit/VsTestRunner2/netcoreapp" className="ClickUp.Api.Client.Tests.ServiceTests.GuestsServiceTests" name="InviteGuestToWorkspaceAsync_NullResponse_ThrowsInvalidOperationException" />
    </UnitTest>
    <UnitTest name="ClickUp.Api.Client.Tests.ServiceTests.TimeTrackingServiceTests.CreateTimeEntryAsync_PassesCancellationTokenToApiConnection" storage="/app/src/clickup.api.client.tests/bin/debug/net9.0/clickup.api.client.tests.dll" id="822f4957-5137-d7c6-2e55-84f7df38fa3f">
      <Execution id="ce3c899c-553c-4f47-8b71-f07bb23ab955" />
      <TestMethod codeBase="/app/src/ClickUp.Api.Client.Tests/bin/Debug/net9.0/ClickUp.Api.Client.Tests.dll" adapterTypeName="executor://xunit/VsTestRunner2/netcoreapp" className="ClickUp.Api.Client.Tests.ServiceTests.TimeTrackingServiceTests" name="CreateTimeEntryAsync_PassesCancellationTokenToApiConnection" />
    </UnitTest>
    <UnitTest name="ClickUp.Api.Client.Tests.ServiceTests.UsersServiceTests.GetUserFromWorkspaceAsync_ApiConnectionThrowsHttpRequestException_PropagatesException" storage="/app/src/clickup.api.client.tests/bin/debug/net9.0/clickup.api.client.tests.dll" id="b1e407f0-46e9-9ef2-35be-94d64a804f0d">
      <Execution id="0c98f6f1-c998-4937-9aaf-e3ba614c0924" />
      <TestMethod codeBase="/app/src/ClickUp.Api.Client.Tests/bin/Debug/net9.0/ClickUp.Api.Client.Tests.dll" adapterTypeName="executor://xunit/VsTestRunner2/netcoreapp" className="ClickUp.Api.Client.Tests.ServiceTests.UsersServiceTests" name="GetUserFromWorkspaceAsync_ApiConnectionThrowsHttpRequestException_PropagatesException" />
    </UnitTest>
    <UnitTest name="ClickUp.Api.Client.Tests.ServiceTests.TimeTrackingServiceTests.GetTimeEntryHistoryAsync_ValidRequest_ReturnsHistory" storage="/app/src/clickup.api.client.tests/bin/debug/net9.0/clickup.api.client.tests.dll" id="c4d12ff3-60f4-4492-afbf-1372b99887a4">
      <Execution id="d6d23a9b-1162-41cd-8e9e-b0ed4daf1cfa" />
      <TestMethod codeBase="/app/src/ClickUp.Api.Client.Tests/bin/Debug/net9.0/ClickUp.Api.Client.Tests.dll" adapterTypeName="executor://xunit/VsTestRunner2/netcoreapp" className="ClickUp.Api.Client.Tests.ServiceTests.TimeTrackingServiceTests" name="GetTimeEntryHistoryAsync_ValidRequest_ReturnsHistory" />
    </UnitTest>
    <UnitTest name="ClickUp.Api.Client.Tests.ServiceTests.DocsServiceTests.GetPageAsync_ApiError_ThrowsHttpRequestException" storage="/app/src/clickup.api.client.tests/bin/debug/net9.0/clickup.api.client.tests.dll" id="c8f84837-475f-c268-9d80-b3447b9de129">
      <Execution id="8ec60619-bcca-4b15-b3a0-cd790779d1c4" />
      <TestMethod codeBase="/app/src/ClickUp.Api.Client.Tests/bin/Debug/net9.0/ClickUp.Api.Client.Tests.dll" adapterTypeName="executor://xunit/VsTestRunner2/netcoreapp" className="ClickUp.Api.Client.Tests.ServiceTests.DocsServiceTests" name="GetPageAsync_ApiError_ThrowsHttpRequestException" />
    </UnitTest>
    <UnitTest name="ClickUp.Api.Client.Tests.ServiceTests.TaskRelationshipsServiceTests.DeleteTaskLinkAsync_ApiConnectionThrowsHttpRequestException_PropagatesException" storage="/app/src/clickup.api.client.tests/bin/debug/net9.0/clickup.api.client.tests.dll" id="50395e0c-0486-8ab3-cfcf-db624913577f">
      <Execution id="84d8b056-c1a7-4d8a-a169-d33703d5bc62" />
      <TestMethod codeBase="/app/src/ClickUp.Api.Client.Tests/bin/Debug/net9.0/ClickUp.Api.Client.Tests.dll" adapterTypeName="executor://xunit/VsTestRunner2/netcoreapp" className="ClickUp.Api.Client.Tests.ServiceTests.TaskRelationshipsServiceTests" name="DeleteTaskLinkAsync_ApiConnectionThrowsHttpRequestException_PropagatesException" />
    </UnitTest>
    <UnitTest name="ClickUp.Api.Client.Tests.ServiceTests.FoldersServiceTests.UpdateFolderAsync_PassesCancellationTokenToApiConnection" storage="/app/src/clickup.api.client.tests/bin/debug/net9.0/clickup.api.client.tests.dll" id="ae16afd9-8b81-6199-6082-79ed796c40eb">
      <Execution id="b50b255e-8f7b-4985-85f2-8921e18149cd" />
      <TestMethod codeBase="/app/src/ClickUp.Api.Client.Tests/bin/Debug/net9.0/ClickUp.Api.Client.Tests.dll" adapterTypeName="executor://xunit/VsTestRunner2/netcoreapp" className="ClickUp.Api.Client.Tests.ServiceTests.FoldersServiceTests" name="UpdateFolderAsync_PassesCancellationTokenToApiConnection" />
    </UnitTest>
    <UnitTest name="ClickUp.Api.Client.Tests.ServiceTests.ListsServiceTests.CreateListFromTemplateInSpaceAsync_ApiConnectionThrowsTaskCanceledException_PropagatesException" storage="/app/src/clickup.api.client.tests/bin/debug/net9.0/clickup.api.client.tests.dll" id="9309341b-b8a6-df5d-756c-93b5b5add603">
      <Execution id="a85f7616-f253-44bb-b770-e576effeb835" />
      <TestMethod codeBase="/app/src/ClickUp.Api.Client.Tests/bin/Debug/net9.0/ClickUp.Api.Client.Tests.dll" adapterTypeName="executor://xunit/VsTestRunner2/netcoreapp" className="ClickUp.Api.Client.Tests.ServiceTests.ListsServiceTests" name="CreateListFromTemplateInSpaceAsync_ApiConnectionThrowsTaskCanceledException_PropagatesException" />
    </UnitTest>
    <UnitTest name="ClickUp.Api.Client.Tests.ServiceTests.TimeTrackingServiceTests.GetTimeEntryAsync_PassesCancellationTokenToApiConnection" storage="/app/src/clickup.api.client.tests/bin/debug/net9.0/clickup.api.client.tests.dll" id="343f948c-430b-2580-b3de-8dba47621f99">
      <Execution id="bc2735aa-a7b8-42bc-a250-ebca8b51ea9e" />
      <TestMethod codeBase="/app/src/ClickUp.Api.Client.Tests/bin/Debug/net9.0/ClickUp.Api.Client.Tests.dll" adapterTypeName="executor://xunit/VsTestRunner2/netcoreapp" className="ClickUp.Api.Client.Tests.ServiceTests.TimeTrackingServiceTests" name="GetTimeEntryAsync_PassesCancellationTokenToApiConnection" />
    </UnitTest>
    <UnitTest name="ClickUp.Api.Client.Tests.ServiceTests.DocsServiceTests.SearchAllDocsAsync_ApiConnectionThrowsException_PropagatesException" storage="/app/src/clickup.api.client.tests/bin/debug/net9.0/clickup.api.client.tests.dll" id="a8345ecf-deb0-fe09-c1e4-e6f7f6482ec8">
      <Execution id="2b15976a-f279-4612-906f-0745f544468c" />
      <TestMethod codeBase="/app/src/ClickUp.Api.Client.Tests/bin/Debug/net9.0/ClickUp.Api.Client.Tests.dll" adapterTypeName="executor://xunit/VsTestRunner2/netcoreapp" className="ClickUp.Api.Client.Tests.ServiceTests.DocsServiceTests" name="SearchAllDocsAsync_ApiConnectionThrowsException_PropagatesException" />
    </UnitTest>
    <UnitTest name="ClickUp.Api.Client.Tests.ServiceTests.TimeTrackingServiceTests.ChangeTimeEntryTagNameAsync_PassesCancellationTokenToApiConnection" storage="/app/src/clickup.api.client.tests/bin/debug/net9.0/clickup.api.client.tests.dll" id="e12e7acd-2331-13b9-9d8f-f8f7f7f3c03e">
      <Execution id="85e50797-0860-4570-92d3-3efb17d01a73" />
      <TestMethod codeBase="/app/src/ClickUp.Api.Client.Tests/bin/Debug/net9.0/ClickUp.Api.Client.Tests.dll" adapterTypeName="executor://xunit/VsTestRunner2/netcoreapp" className="ClickUp.Api.Client.Tests.ServiceTests.TimeTrackingServiceTests" name="ChangeTimeEntryTagNameAsync_PassesCancellationTokenToApiConnection" />
    </UnitTest>
    <UnitTest name="ClickUp.Api.Client.Tests.ServiceTests.TaskChecklistsServiceTests.CreateChecklistItemAsync_PassesCancellationTokenToApiConnection" storage="/app/src/clickup.api.client.tests/bin/debug/net9.0/clickup.api.client.tests.dll" id="68d897a4-6a85-c8f5-57c8-3625c4c02b5f">
      <Execution id="2af0c6ff-f607-43c3-b288-9b2f04f9668e" />
      <TestMethod codeBase="/app/src/ClickUp.Api.Client.Tests/bin/Debug/net9.0/ClickUp.Api.Client.Tests.dll" adapterTypeName="executor://xunit/VsTestRunner2/netcoreapp" className="ClickUp.Api.Client.Tests.ServiceTests.TaskChecklistsServiceTests" name="CreateChecklistItemAsync_PassesCancellationTokenToApiConnection" />
    </UnitTest>
    <UnitTest name="ClickUp.Api.Client.Tests.ServiceTests.TimeTrackingServiceTests.GetRunningTimeEntryAsync_ApiReturnsNullResponseObject_ReturnsNull" storage="/app/src/clickup.api.client.tests/bin/debug/net9.0/clickup.api.client.tests.dll" id="8088e513-e412-9622-3f7a-f9562ac3bf34">
      <Execution id="2413e934-d3d9-4312-8b48-e66df32dbd60" />
      <TestMethod codeBase="/app/src/ClickUp.Api.Client.Tests/bin/Debug/net9.0/ClickUp.Api.Client.Tests.dll" adapterTypeName="executor://xunit/VsTestRunner2/netcoreapp" className="ClickUp.Api.Client.Tests.ServiceTests.TimeTrackingServiceTests" name="GetRunningTimeEntryAsync_ApiReturnsNullResponseObject_ReturnsNull" />
    </UnitTest>
    <UnitTest name="ClickUp.Api.Client.Tests.ServiceTests.RolesServiceTests.GetCustomRolesAsync_DefaultIncludeMembers_ConstructsCorrectUrl" storage="/app/src/clickup.api.client.tests/bin/debug/net9.0/clickup.api.client.tests.dll" id="590f9a1b-9780-f1dc-efea-f0675586c5c8">
      <Execution id="0b00b7a2-f45c-4dc0-a3ef-2fc3c051da3b" />
      <TestMethod codeBase="/app/src/ClickUp.Api.Client.Tests/bin/Debug/net9.0/ClickUp.Api.Client.Tests.dll" adapterTypeName="executor://xunit/VsTestRunner2/netcoreapp" className="ClickUp.Api.Client.Tests.ServiceTests.RolesServiceTests" name="GetCustomRolesAsync_DefaultIncludeMembers_ConstructsCorrectUrl" />
    </UnitTest>
    <UnitTest name="ClickUp.Api.Client.Tests.ServiceTests.SpacesServiceTests.GetSpacesAsync_ApiReturnsNullResponse_ReturnsEmptyEnumerable" storage="/app/src/clickup.api.client.tests/bin/debug/net9.0/clickup.api.client.tests.dll" id="5ffbebdf-5e40-5008-341b-badf7d73af51">
      <Execution id="4f9d3b91-c2d2-4e07-86cc-cfe6cba75a91" />
      <TestMethod codeBase="/app/src/ClickUp.Api.Client.Tests/bin/Debug/net9.0/ClickUp.Api.Client.Tests.dll" adapterTypeName="executor://xunit/VsTestRunner2/netcoreapp" className="ClickUp.Api.Client.Tests.ServiceTests.SpacesServiceTests" name="GetSpacesAsync_ApiReturnsNullResponse_ReturnsEmptyEnumerable" />
    </UnitTest>
    <UnitTest name="ClickUp.Api.Client.Tests.ServiceTests.ChatServiceTests.GetChatMessageTaggedUsersAsync_ApiConnectionThrowsTaskCanceledException_PropagatesException" storage="/app/src/clickup.api.client.tests/bin/debug/net9.0/clickup.api.client.tests.dll" id="7731c593-e1db-42bb-1b62-8967c0817c49">
      <Execution id="cef7e52c-2300-4b7a-a7a9-807d909a90fa" />
      <TestMethod codeBase="/app/src/ClickUp.Api.Client.Tests/bin/Debug/net9.0/ClickUp.Api.Client.Tests.dll" adapterTypeName="executor://xunit/VsTestRunner2/netcoreapp" className="ClickUp.Api.Client.Tests.ServiceTests.ChatServiceTests" name="GetChatMessageTaggedUsersAsync_ApiConnectionThrowsTaskCanceledException_PropagatesException" />
    </UnitTest>
    <UnitTest name="ClickUp.Api.Client.Tests.ServiceTests.TaskChecklistsServiceTests.CreateChecklistItemAsync_ApiReturnsNullResponse_ThrowsInvalidOperationException" storage="/app/src/clickup.api.client.tests/bin/debug/net9.0/clickup.api.client.tests.dll" id="e4fcace6-2c75-0e64-c285-70cbf2156b4a">
      <Execution id="70d8474c-d0d9-487f-8ed5-56f846072627" />
      <TestMethod codeBase="/app/src/ClickUp.Api.Client.Tests/bin/Debug/net9.0/ClickUp.Api.Client.Tests.dll" adapterTypeName="executor://xunit/VsTestRunner2/netcoreapp" className="ClickUp.Api.Client.Tests.ServiceTests.TaskChecklistsServiceTests" name="CreateChecklistItemAsync_ApiReturnsNullResponse_ThrowsInvalidOperationException" />
    </UnitTest>
    <UnitTest name="ClickUp.Api.Client.Tests.ServiceTests.WorkspacesServiceTests.GetWorkspacePlanAsync_ApiConnectionThrowsTaskCanceledException_PropagatesException" storage="/app/src/clickup.api.client.tests/bin/debug/net9.0/clickup.api.client.tests.dll" id="4258fb6c-c2cd-a351-3bea-df12428172b9">
      <Execution id="4fd5664e-ba45-4936-8610-5f6bc82a06fd" />
      <TestMethod codeBase="/app/src/ClickUp.Api.Client.Tests/bin/Debug/net9.0/ClickUp.Api.Client.Tests.dll" adapterTypeName="executor://xunit/VsTestRunner2/netcoreapp" className="ClickUp.Api.Client.Tests.ServiceTests.WorkspacesServiceTests" name="GetWorkspacePlanAsync_ApiConnectionThrowsTaskCanceledException_PropagatesException" />
    </UnitTest>
    <UnitTest name="ClickUp.Api.Client.Tests.ServiceTests.TimeTrackingServiceTests.GetTimeEntryAsync_ApiReturnsNullResponse_ThrowsInvalidOperationException" storage="/app/src/clickup.api.client.tests/bin/debug/net9.0/clickup.api.client.tests.dll" id="e83ed511-c40f-c1db-281e-9fbb36db81f3">
      <Execution id="e4750df3-ec35-45d0-9803-920dd5512363" />
      <TestMethod codeBase="/app/src/ClickUp.Api.Client.Tests/bin/Debug/net9.0/ClickUp.Api.Client.Tests.dll" adapterTypeName="executor://xunit/VsTestRunner2/netcoreapp" className="ClickUp.Api.Client.Tests.ServiceTests.TimeTrackingServiceTests" name="GetTimeEntryAsync_ApiReturnsNullResponse_ThrowsInvalidOperationException" />
    </UnitTest>
    <UnitTest name="ClickUp.Api.Client.Tests.ServiceTests.TaskChecklistsServiceTests.EditChecklistItemAsync_ValidRequest_ReturnsChecklistItemResponse" storage="/app/src/clickup.api.client.tests/bin/debug/net9.0/clickup.api.client.tests.dll" id="d2da073d-29db-1812-1e61-1eb772d7166b">
      <Execution id="75097134-6881-4278-a463-365b71f7b7bd" />
      <TestMethod codeBase="/app/src/ClickUp.Api.Client.Tests/bin/Debug/net9.0/ClickUp.Api.Client.Tests.dll" adapterTypeName="executor://xunit/VsTestRunner2/netcoreapp" className="ClickUp.Api.Client.Tests.ServiceTests.TaskChecklistsServiceTests" name="EditChecklistItemAsync_ValidRequest_ReturnsChecklistItemResponse" />
    </UnitTest>
    <UnitTest name="ClickUp.Api.Client.Tests.ServiceTests.FoldersServiceTests.GetFoldersAsync_ApiError_ThrowsHttpRequestException" storage="/app/src/clickup.api.client.tests/bin/debug/net9.0/clickup.api.client.tests.dll" id="0cf6b1ac-325e-ac64-fd36-574ae75b25e5">
      <Execution id="cb7b8d3b-4a33-4b9d-ae9e-9db9368da3a5" />
      <TestMethod codeBase="/app/src/ClickUp.Api.Client.Tests/bin/Debug/net9.0/ClickUp.Api.Client.Tests.dll" adapterTypeName="executor://xunit/VsTestRunner2/netcoreapp" className="ClickUp.Api.Client.Tests.ServiceTests.FoldersServiceTests" name="GetFoldersAsync_ApiError_ThrowsHttpRequestException" />
    </UnitTest>
    <UnitTest name="ClickUp.Api.Client.Tests.ServiceTests.ListsServiceTests.CreateListFromTemplateInSpaceAsync_ApiReturnsNullResponse_ThrowsInvalidOperationException" storage="/app/src/clickup.api.client.tests/bin/debug/net9.0/clickup.api.client.tests.dll" id="3a43e3a5-dc7c-a35b-7191-ecd99bb582dd">
      <Execution id="3248fb21-fbc9-4722-81f1-4b3153e4252d" />
      <TestMethod codeBase="/app/src/ClickUp.Api.Client.Tests/bin/Debug/net9.0/ClickUp.Api.Client.Tests.dll" adapterTypeName="executor://xunit/VsTestRunner2/netcoreapp" className="ClickUp.Api.Client.Tests.ServiceTests.ListsServiceTests" name="CreateListFromTemplateInSpaceAsync_ApiReturnsNullResponse_ThrowsInvalidOperationException" />
    </UnitTest>
    <UnitTest name="ClickUp.Api.Client.Tests.ServiceTests.UserGroupServiceTests.CreateUserGroupAsync_ApiReturnsNullResponse_ThrowsInvalidOperationException" storage="/app/src/clickup.api.client.tests/bin/debug/net9.0/clickup.api.client.tests.dll" id="835da13e-af61-c112-f0d7-c7f33e20a9ab">
      <Execution id="80cf91c0-218c-45f5-8c12-41c6d9a66b05" />
      <TestMethod codeBase="/app/src/ClickUp.Api.Client.Tests/bin/Debug/net9.0/ClickUp.Api.Client.Tests.dll" adapterTypeName="executor://xunit/VsTestRunner2/netcoreapp" className="ClickUp.Api.Client.Tests.ServiceTests.UserGroupServiceTests" name="CreateUserGroupAsync_ApiReturnsNullResponse_ThrowsInvalidOperationException" />
    </UnitTest>
    <UnitTest name="ClickUp.Api.Client.Tests.ServiceTests.ListsServiceTests.CreateListInFolderAsync_ApiConnectionThrowsTaskCanceledException_PropagatesException" storage="/app/src/clickup.api.client.tests/bin/debug/net9.0/clickup.api.client.tests.dll" id="70c8ace6-8f3b-34a2-110c-2a568e443797">
      <Execution id="84bff055-90c1-4b1c-8d10-52c1c89a0ed6" />
      <TestMethod codeBase="/app/src/ClickUp.Api.Client.Tests/bin/Debug/net9.0/ClickUp.Api.Client.Tests.dll" adapterTypeName="executor://xunit/VsTestRunner2/netcoreapp" className="ClickUp.Api.Client.Tests.ServiceTests.ListsServiceTests" name="CreateListInFolderAsync_ApiConnectionThrowsTaskCanceledException_PropagatesException" />
    </UnitTest>
    <UnitTest name="ClickUp.Api.Client.Tests.ServiceTests.TimeTrackingServiceTests.StartTimeEntryAsync_PassesCancellationTokenToApiConnection" storage="/app/src/clickup.api.client.tests/bin/debug/net9.0/clickup.api.client.tests.dll" id="90fee545-1ff9-6e18-2957-a831277bd463">
      <Execution id="c8f094e8-dd99-4fe6-9e8d-7977a00dc654" />
      <TestMethod codeBase="/app/src/ClickUp.Api.Client.Tests/bin/Debug/net9.0/ClickUp.Api.Client.Tests.dll" adapterTypeName="executor://xunit/VsTestRunner2/netcoreapp" className="ClickUp.Api.Client.Tests.ServiceTests.TimeTrackingServiceTests" name="StartTimeEntryAsync_PassesCancellationTokenToApiConnection" />
    </UnitTest>
    <UnitTest name="ClickUp.Api.Client.Tests.ServiceTests.WebhooksServiceTests.CreateWebhookAsync_ApiConnectionThrowsTaskCanceledException_PropagatesException" storage="/app/src/clickup.api.client.tests/bin/debug/net9.0/clickup.api.client.tests.dll" id="b97fcd3e-801b-56c2-7c15-be4f6547d4bd">
      <Execution id="d5049909-4f8f-4bc4-bcc4-813b56e5004c" />
      <TestMethod codeBase="/app/src/ClickUp.Api.Client.Tests/bin/Debug/net9.0/ClickUp.Api.Client.Tests.dll" adapterTypeName="executor://xunit/VsTestRunner2/netcoreapp" className="ClickUp.Api.Client.Tests.ServiceTests.WebhooksServiceTests" name="CreateWebhookAsync_ApiConnectionThrowsTaskCanceledException_PropagatesException" />
    </UnitTest>
    <UnitTest name="ClickUp.Api.Client.Tests.ServiceTests.TaskServiceTests.GetTaskAsync_ApiConnectionReturnsNull_ThrowsInvalidOperationException" storage="/app/src/clickup.api.client.tests/bin/debug/net9.0/clickup.api.client.tests.dll" id="c1a36449-b473-86a7-6764-65536be57608">
      <Execution id="cd0164c3-bea4-407c-828d-34096ad623ed" />
      <TestMethod codeBase="/app/src/ClickUp.Api.Client.Tests/bin/Debug/net9.0/ClickUp.Api.Client.Tests.dll" adapterTypeName="executor://xunit/VsTestRunner2/netcoreapp" className="ClickUp.Api.Client.Tests.ServiceTests.TaskServiceTests" name="GetTaskAsync_ApiConnectionReturnsNull_ThrowsInvalidOperationException" />
    </UnitTest>
    <UnitTest name="ClickUp.Api.Client.Tests.ServiceTests.MembersServiceTests.GetTaskMembersAsync_PassesCancellationTokenToApiConnection" storage="/app/src/clickup.api.client.tests/bin/debug/net9.0/clickup.api.client.tests.dll" id="5f07255c-d5cd-c0df-f7ee-814cf222be88">
      <Execution id="69bce61d-5456-4f70-a728-c7723fae00f7" />
      <TestMethod codeBase="/app/src/ClickUp.Api.Client.Tests/bin/Debug/net9.0/ClickUp.Api.Client.Tests.dll" adapterTypeName="executor://xunit/VsTestRunner2/netcoreapp" className="ClickUp.Api.Client.Tests.ServiceTests.MembersServiceTests" name="GetTaskMembersAsync_PassesCancellationTokenToApiConnection" />
    </UnitTest>
    <UnitTest name="ClickUp.Api.Client.Tests.ServiceTests.ViewsServiceTests.DeleteViewAsync_ApiThrowsError_PropagatesException" storage="/app/src/clickup.api.client.tests/bin/debug/net9.0/clickup.api.client.tests.dll" id="027f9e62-c340-9cfd-f88d-e3e7c831dd77">
      <Execution id="d8f5d0d6-71d4-492d-8f38-97072d5a1eb6" />
      <TestMethod codeBase="/app/src/ClickUp.Api.Client.Tests/bin/Debug/net9.0/ClickUp.Api.Client.Tests.dll" adapterTypeName="executor://xunit/VsTestRunner2/netcoreapp" className="ClickUp.Api.Client.Tests.ServiceTests.ViewsServiceTests" name="DeleteViewAsync_ApiThrowsError_PropagatesException" />
    </UnitTest>
    <UnitTest name="ClickUp.Api.Client.Tests.ServiceTests.TaskChecklistsServiceTests.DeleteChecklistItemAsync_ValidIds_CallsDeleteAsync" storage="/app/src/clickup.api.client.tests/bin/debug/net9.0/clickup.api.client.tests.dll" id="d5f064a1-b917-5f3a-ebae-229ca0040d12">
      <Execution id="eab440fd-59d7-46c5-a766-db57de1808d8" />
      <TestMethod codeBase="/app/src/ClickUp.Api.Client.Tests/bin/Debug/net9.0/ClickUp.Api.Client.Tests.dll" adapterTypeName="executor://xunit/VsTestRunner2/netcoreapp" className="ClickUp.Api.Client.Tests.ServiceTests.TaskChecklistsServiceTests" name="DeleteChecklistItemAsync_ValidIds_CallsDeleteAsync" />
    </UnitTest>
    <UnitTest name="ClickUp.Api.Client.Tests.ServiceTests.AuthorizationServiceTests.GetAccessTokenAsync_ValidRequest_ReturnsTokenResponse" storage="/app/src/clickup.api.client.tests/bin/debug/net9.0/clickup.api.client.tests.dll" id="34f277fa-ec03-1aeb-6403-506e4d378aa6">
      <Execution id="b6819118-6945-4e3e-bf43-60882b69b13d" />
      <TestMethod codeBase="/app/src/ClickUp.Api.Client.Tests/bin/Debug/net9.0/ClickUp.Api.Client.Tests.dll" adapterTypeName="executor://xunit/VsTestRunner2/netcoreapp" className="ClickUp.Api.Client.Tests.ServiceTests.AuthorizationServiceTests" name="GetAccessTokenAsync_ValidRequest_ReturnsTokenResponse" />
    </UnitTest>
    <UnitTest name="ClickUp.Api.Client.Tests.ServiceTests.WebhooksServiceTests.GetWebhooksAsync_ApiReturnsResponseWithNullWebhooks_ReturnsEmptyEnumerable" storage="/app/src/clickup.api.client.tests/bin/debug/net9.0/clickup.api.client.tests.dll" id="36a0eb4e-8858-75dc-f8e8-1d56b3da2a13">
      <Execution id="e422a08a-0c7f-4647-a3b4-8f600b52543c" />
      <TestMethod codeBase="/app/src/ClickUp.Api.Client.Tests/bin/Debug/net9.0/ClickUp.Api.Client.Tests.dll" adapterTypeName="executor://xunit/VsTestRunner2/netcoreapp" className="ClickUp.Api.Client.Tests.ServiceTests.WebhooksServiceTests" name="GetWebhooksAsync_ApiReturnsResponseWithNullWebhooks_ReturnsEmptyEnumerable" />
    </UnitTest>
    <UnitTest name="ClickUp.Api.Client.Tests.ServiceTests.UserGroupServiceTests.CreateUserGroupAsync_ApiConnectionThrowsHttpRequestException_PropagatesException" storage="/app/src/clickup.api.client.tests/bin/debug/net9.0/clickup.api.client.tests.dll" id="411b0de1-1ca4-cd23-455d-a5352764ff19">
      <Execution id="80f858a2-bd97-4221-b78a-9b210b4296c9" />
      <TestMethod codeBase="/app/src/ClickUp.Api.Client.Tests/bin/Debug/net9.0/ClickUp.Api.Client.Tests.dll" adapterTypeName="executor://xunit/VsTestRunner2/netcoreapp" className="ClickUp.Api.Client.Tests.ServiceTests.UserGroupServiceTests" name="CreateUserGroupAsync_ApiConnectionThrowsHttpRequestException_PropagatesException" />
    </UnitTest>
    <UnitTest name="ClickUp.Api.Client.Tests.ServiceTests.MembersServiceTests.GetListMembersAsync_ApiConnectionThrowsHttpRequestException_PropagatesException" storage="/app/src/clickup.api.client.tests/bin/debug/net9.0/clickup.api.client.tests.dll" id="b6f833d8-499e-ed7b-6b41-c89313a68967">
      <Execution id="7a884d0a-0a80-403a-9dfe-cf34669021b0" />
      <TestMethod codeBase="/app/src/ClickUp.Api.Client.Tests/bin/Debug/net9.0/ClickUp.Api.Client.Tests.dll" adapterTypeName="executor://xunit/VsTestRunner2/netcoreapp" className="ClickUp.Api.Client.Tests.ServiceTests.MembersServiceTests" name="GetListMembersAsync_ApiConnectionThrowsHttpRequestException_PropagatesException" />
    </UnitTest>
    <UnitTest name="ClickUp.Api.Client.Tests.ServiceTests.TimeTrackingServiceTests.GetAllTimeEntryTagsAsync_ValidRequest_ReturnsTags" storage="/app/src/clickup.api.client.tests/bin/debug/net9.0/clickup.api.client.tests.dll" id="e21ea325-6311-04ff-ceec-9541daba37da">
      <Execution id="298f375a-7e0c-4743-9363-fa6f9e082a29" />
      <TestMethod codeBase="/app/src/ClickUp.Api.Client.Tests/bin/Debug/net9.0/ClickUp.Api.Client.Tests.dll" adapterTypeName="executor://xunit/VsTestRunner2/netcoreapp" className="ClickUp.Api.Client.Tests.ServiceTests.TimeTrackingServiceTests" name="GetAllTimeEntryTagsAsync_ValidRequest_ReturnsTags" />
    </UnitTest>
    <UnitTest name="ClickUp.Api.Client.Tests.ServiceTests.AuthorizationServiceTests.GetAuthorizedUserAsync_ApiConnectionThrowsTaskCanceledException_PropagatesException" storage="/app/src/clickup.api.client.tests/bin/debug/net9.0/clickup.api.client.tests.dll" id="3adb9e95-bf7d-fce9-582e-4589918c8651">
      <Execution id="1a0bc655-ad74-4ec4-abbc-9683f5555eb5" />
      <TestMethod codeBase="/app/src/ClickUp.Api.Client.Tests/bin/Debug/net9.0/ClickUp.Api.Client.Tests.dll" adapterTypeName="executor://xunit/VsTestRunner2/netcoreapp" className="ClickUp.Api.Client.Tests.ServiceTests.AuthorizationServiceTests" name="GetAuthorizedUserAsync_ApiConnectionThrowsTaskCanceledException_PropagatesException" />
    </UnitTest>
    <UnitTest name="ClickUp.Api.Client.Tests.ServiceTests.GoalsServiceTests.GetGoalAsync_ApiError_ThrowsHttpRequestException" storage="/app/src/clickup.api.client.tests/bin/debug/net9.0/clickup.api.client.tests.dll" id="76f37285-a0bd-133c-8a9e-2874b7621389">
      <Execution id="a671a0d7-fb70-447f-be6d-c9f3be174565" />
      <TestMethod codeBase="/app/src/ClickUp.Api.Client.Tests/bin/Debug/net9.0/ClickUp.Api.Client.Tests.dll" adapterTypeName="executor://xunit/VsTestRunner2/netcoreapp" className="ClickUp.Api.Client.Tests.ServiceTests.GoalsServiceTests" name="GetGoalAsync_ApiError_ThrowsHttpRequestException" />
    </UnitTest>
    <UnitTest name="ClickUp.Api.Client.Tests.ServiceTests.TemplatesServiceTests.GetTaskTemplatesAsync_ApiReturnsNullResponse_ThrowsInvalidOperationException" storage="/app/src/clickup.api.client.tests/bin/debug/net9.0/clickup.api.client.tests.dll" id="1d032141-85af-eb53-6ddd-406db8e920da">
      <Execution id="c74404a7-3733-44c5-8a10-538dae588ae2" />
      <TestMethod codeBase="/app/src/ClickUp.Api.Client.Tests/bin/Debug/net9.0/ClickUp.Api.Client.Tests.dll" adapterTypeName="executor://xunit/VsTestRunner2/netcoreapp" className="ClickUp.Api.Client.Tests.ServiceTests.TemplatesServiceTests" name="GetTaskTemplatesAsync_ApiReturnsNullResponse_ThrowsInvalidOperationException" />
    </UnitTest>
    <UnitTest name="ClickUp.Api.Client.Tests.ServiceTests.ChatServiceTests.GetChatChannelFollowersAsync_ApiConnectionThrowsTaskCanceledException_PropagatesException" storage="/app/src/clickup.api.client.tests/bin/debug/net9.0/clickup.api.client.tests.dll" id="0ec4f347-68ff-9ec8-73d0-7812bda10241">
      <Execution id="3f77b8b0-2508-473d-9a9d-e29ba370d554" />
      <TestMethod codeBase="/app/src/ClickUp.Api.Client.Tests/bin/Debug/net9.0/ClickUp.Api.Client.Tests.dll" adapterTypeName="executor://xunit/VsTestRunner2/netcoreapp" className="ClickUp.Api.Client.Tests.ServiceTests.ChatServiceTests" name="GetChatChannelFollowersAsync_ApiConnectionThrowsTaskCanceledException_PropagatesException" />
    </UnitTest>
    <UnitTest name="ClickUp.Api.Client.Tests.ServiceTests.ChatServiceTests.CreateChatReactionAsync_NullDataInResponse_ThrowsInvalidOperationException" storage="/app/src/clickup.api.client.tests/bin/debug/net9.0/clickup.api.client.tests.dll" id="ad4649d3-2edb-0827-e342-e3062ebfff80">
      <Execution id="0afefcbb-1987-4870-aec1-68aa0f976bd7" />
      <TestMethod codeBase="/app/src/ClickUp.Api.Client.Tests/bin/Debug/net9.0/ClickUp.Api.Client.Tests.dll" adapterTypeName="executor://xunit/VsTestRunner2/netcoreapp" className="ClickUp.Api.Client.Tests.ServiceTests.ChatServiceTests" name="CreateChatReactionAsync_NullDataInResponse_ThrowsInvalidOperationException" />
    </UnitTest>
    <UnitTest name="ClickUp.Api.Client.Tests.ServiceTests.ViewsServiceTests.GetViewTasksAsync_ValidRequest_ReturnsTasks" storage="/app/src/clickup.api.client.tests/bin/debug/net9.0/clickup.api.client.tests.dll" id="8f7bacc1-cfc7-b0fe-3fce-f3b6c6e9b7de">
      <Execution id="72aa39bc-39db-4488-a928-167e0459d30b" />
      <TestMethod codeBase="/app/src/ClickUp.Api.Client.Tests/bin/Debug/net9.0/ClickUp.Api.Client.Tests.dll" adapterTypeName="executor://xunit/VsTestRunner2/netcoreapp" className="ClickUp.Api.Client.Tests.ServiceTests.ViewsServiceTests" name="GetViewTasksAsync_ValidRequest_ReturnsTasks" />
    </UnitTest>
    <UnitTest name="ClickUp.Api.Client.Tests.ServiceTests.DocsServiceTests.GetDocPageListingAsync_MinimalRequest_BuildsUrlAndReturnsListing" storage="/app/src/clickup.api.client.tests/bin/debug/net9.0/clickup.api.client.tests.dll" id="b418870a-8d2c-3360-5644-60e4db33ab07">
      <Execution id="a81aabf0-1da6-48e4-a71b-9d82869f28f1" />
      <TestMethod codeBase="/app/src/ClickUp.Api.Client.Tests/bin/Debug/net9.0/ClickUp.Api.Client.Tests.dll" adapterTypeName="executor://xunit/VsTestRunner2/netcoreapp" className="ClickUp.Api.Client.Tests.ServiceTests.DocsServiceTests" name="GetDocPageListingAsync_MinimalRequest_BuildsUrlAndReturnsListing" />
    </UnitTest>
    <UnitTest name="ClickUp.Api.Client.Tests.ServiceTests.ChatServiceTests.GetChatMessagesAsync_ValidRequest_BuildsUrlAndReturnsResponse" storage="/app/src/clickup.api.client.tests/bin/debug/net9.0/clickup.api.client.tests.dll" id="d2c88e8f-9c4a-4484-9e22-8c95b1688e77">
      <Execution id="993edc6d-e9ab-4098-8a97-8828695a46e1" />
      <TestMethod codeBase="/app/src/ClickUp.Api.Client.Tests/bin/Debug/net9.0/ClickUp.Api.Client.Tests.dll" adapterTypeName="executor://xunit/VsTestRunner2/netcoreapp" className="ClickUp.Api.Client.Tests.ServiceTests.ChatServiceTests" name="GetChatMessagesAsync_ValidRequest_BuildsUrlAndReturnsResponse" />
    </UnitTest>
    <UnitTest name="ClickUp.Api.Client.Tests.ServiceTests.SpacesServiceTests.UpdateSpaceAsync_ApiConnectionThrowsTaskCanceledException_PropagatesException" storage="/app/src/clickup.api.client.tests/bin/debug/net9.0/clickup.api.client.tests.dll" id="900f0b1f-7974-2227-f665-969a6eeab7cc">
      <Execution id="f7a2abd8-23e9-48b7-8aca-764b7a0ee384" />
      <TestMethod codeBase="/app/src/ClickUp.Api.Client.Tests/bin/Debug/net9.0/ClickUp.Api.Client.Tests.dll" adapterTypeName="executor://xunit/VsTestRunner2/netcoreapp" className="ClickUp.Api.Client.Tests.ServiceTests.SpacesServiceTests" name="UpdateSpaceAsync_ApiConnectionThrowsTaskCanceledException_PropagatesException" />
    </UnitTest>
    <UnitTest name="ClickUp.Api.Client.Tests.ServiceTests.ViewsServiceTests.GetWorkspaceViewsAsync_ApiReturnsNull_ThrowsInvalidOperationException" storage="/app/src/clickup.api.client.tests/bin/debug/net9.0/clickup.api.client.tests.dll" id="1fbfa319-c69d-e1db-1d93-bbb3d9e8e78c">
      <Execution id="71ab99d0-d812-468b-a25d-b208ac9156a0" />
      <TestMethod codeBase="/app/src/ClickUp.Api.Client.Tests/bin/Debug/net9.0/ClickUp.Api.Client.Tests.dll" adapterTypeName="executor://xunit/VsTestRunner2/netcoreapp" className="ClickUp.Api.Client.Tests.ServiceTests.ViewsServiceTests" name="GetWorkspaceViewsAsync_ApiReturnsNull_ThrowsInvalidOperationException" />
    </UnitTest>
    <UnitTest name="ClickUp.Api.Client.Tests.ServiceTests.SpacesServiceTests.CreateSpaceAsync_ApiReturnsNullResponse_ThrowsInvalidOperationException" storage="/app/src/clickup.api.client.tests/bin/debug/net9.0/clickup.api.client.tests.dll" id="070d7c8a-fee2-0268-54b0-5b0d9e860eb5">
      <Execution id="1bb475e5-f777-4f05-ae0e-f89f52cd0087" />
      <TestMethod codeBase="/app/src/ClickUp.Api.Client.Tests/bin/Debug/net9.0/ClickUp.Api.Client.Tests.dll" adapterTypeName="executor://xunit/VsTestRunner2/netcoreapp" className="ClickUp.Api.Client.Tests.ServiceTests.SpacesServiceTests" name="CreateSpaceAsync_ApiReturnsNullResponse_ThrowsInvalidOperationException" />
    </UnitTest>
    <UnitTest name="ClickUp.Api.Client.Tests.ServiceTests.ViewsServiceTests.GetListViewsAsync_ApiReturnsNull_ThrowsInvalidOperationException" storage="/app/src/clickup.api.client.tests/bin/debug/net9.0/clickup.api.client.tests.dll" id="6d7735d0-7064-6afa-5a15-3310ca58c375">
      <Execution id="c3e4c733-a5ff-4150-bc8a-c2390974681e" />
      <TestMethod codeBase="/app/src/ClickUp.Api.Client.Tests/bin/Debug/net9.0/ClickUp.Api.Client.Tests.dll" adapterTypeName="executor://xunit/VsTestRunner2/netcoreapp" className="ClickUp.Api.Client.Tests.ServiceTests.ViewsServiceTests" name="GetListViewsAsync_ApiReturnsNull_ThrowsInvalidOperationException" />
    </UnitTest>
    <UnitTest name="ClickUp.Api.Client.Tests.ServiceTests.TaskRelationshipsServiceTests.DeleteDependencyAsync_ApiConnectionThrowsTaskCanceledException_PropagatesException" storage="/app/src/clickup.api.client.tests/bin/debug/net9.0/clickup.api.client.tests.dll" id="cbd2079e-cd51-2aed-a413-37ad1b7afddd">
      <Execution id="172831e6-7109-40dc-9dcb-d461e501efbd" />
      <TestMethod codeBase="/app/src/ClickUp.Api.Client.Tests/bin/Debug/net9.0/ClickUp.Api.Client.Tests.dll" adapterTypeName="executor://xunit/VsTestRunner2/netcoreapp" className="ClickUp.Api.Client.Tests.ServiceTests.TaskRelationshipsServiceTests" name="DeleteDependencyAsync_ApiConnectionThrowsTaskCanceledException_PropagatesException" />
    </UnitTest>
    <UnitTest name="ClickUp.Api.Client.Tests.ServiceTests.DocsServiceTests.GetDocAsync_ValidRequest_ReturnsDoc" storage="/app/src/clickup.api.client.tests/bin/debug/net9.0/clickup.api.client.tests.dll" id="bebdec2a-9cb5-52d7-1ed7-a5796f24ad3d">
      <Execution id="0d040ec6-dbc1-4b1a-a8f3-613ef95bf26f" />
      <TestMethod codeBase="/app/src/ClickUp.Api.Client.Tests/bin/Debug/net9.0/ClickUp.Api.Client.Tests.dll" adapterTypeName="executor://xunit/VsTestRunner2/netcoreapp" className="ClickUp.Api.Client.Tests.ServiceTests.DocsServiceTests" name="GetDocAsync_ValidRequest_ReturnsDoc" />
    </UnitTest>
    <UnitTest name="ClickUp.Api.Client.Tests.ServiceTests.AuthorizationServiceTests.GetAuthorizedUserAsync_ApiConnectionThrowsException_PropagatesException" storage="/app/src/clickup.api.client.tests/bin/debug/net9.0/clickup.api.client.tests.dll" id="a6cbf3bf-8536-d3d8-7967-29553bc7bd7d">
      <Execution id="be1db7cf-8267-4797-ac99-0ef37f79a7d3" />
      <TestMethod codeBase="/app/src/ClickUp.Api.Client.Tests/bin/Debug/net9.0/ClickUp.Api.Client.Tests.dll" adapterTypeName="executor://xunit/VsTestRunner2/netcoreapp" className="ClickUp.Api.Client.Tests.ServiceTests.AuthorizationServiceTests" name="GetAuthorizedUserAsync_ApiConnectionThrowsException_PropagatesException" />
    </UnitTest>
    <UnitTest name="ClickUp.Api.Client.Tests.ServiceTests.DocsServiceTests.GetDocPagesAsync_NullDataInResponse_ReturnsEmptyEnumerable" storage="/app/src/clickup.api.client.tests/bin/debug/net9.0/clickup.api.client.tests.dll" id="fe7ac19d-dd0b-cf43-1f4b-31ffc8d755d1">
      <Execution id="474c8c05-efb5-4e5e-8a8f-2899f0113bbe" />
      <TestMethod codeBase="/app/src/ClickUp.Api.Client.Tests/bin/Debug/net9.0/ClickUp.Api.Client.Tests.dll" adapterTypeName="executor://xunit/VsTestRunner2/netcoreapp" className="ClickUp.Api.Client.Tests.ServiceTests.DocsServiceTests" name="GetDocPagesAsync_NullDataInResponse_ReturnsEmptyEnumerable" />
    </UnitTest>
    <UnitTest name="ClickUp.Api.Client.Tests.ServiceTests.SpacesServiceTests.CreateSpaceAsync_ApiConnectionThrowsTaskCanceledException_PropagatesException" storage="/app/src/clickup.api.client.tests/bin/debug/net9.0/clickup.api.client.tests.dll" id="871e8200-84d4-3c3f-f020-c721e2d74775">
      <Execution id="bbf419ab-f984-4cb3-a013-d5bd58764b7c" />
      <TestMethod codeBase="/app/src/ClickUp.Api.Client.Tests/bin/Debug/net9.0/ClickUp.Api.Client.Tests.dll" adapterTypeName="executor://xunit/VsTestRunner2/netcoreapp" className="ClickUp.Api.Client.Tests.ServiceTests.SpacesServiceTests" name="CreateSpaceAsync_ApiConnectionThrowsTaskCanceledException_PropagatesException" />
    </UnitTest>
    <UnitTest name="ClickUp.Api.Client.Tests.Http.AuthenticationDelegatingHandlerTests.SendAsync_ShouldCallInnerHandler" storage="/app/src/clickup.api.client.tests/bin/debug/net9.0/clickup.api.client.tests.dll" id="a8c503d8-bf66-6c1b-861c-dc987f306f2c">
      <Execution id="c5404bb6-c475-49a0-b69f-f8b9ec907410" />
      <TestMethod codeBase="/app/src/ClickUp.Api.Client.Tests/bin/Debug/net9.0/ClickUp.Api.Client.Tests.dll" adapterTypeName="executor://xunit/VsTestRunner2/netcoreapp" className="ClickUp.Api.Client.Tests.Http.AuthenticationDelegatingHandlerTests" name="SendAsync_ShouldCallInnerHandler" />
    </UnitTest>
    <UnitTest name="ClickUp.Api.Client.Tests.ServiceTests.TimeTrackingServiceTests.UpdateTimeEntryAsync_ApiReturnsResponseWithNullData_ThrowsInvalidOperationException" storage="/app/src/clickup.api.client.tests/bin/debug/net9.0/clickup.api.client.tests.dll" id="67630699-418a-515b-6c7b-74476e1555f9">
      <Execution id="fdb4194a-273f-4f22-8068-da5955dadc06" />
      <TestMethod codeBase="/app/src/ClickUp.Api.Client.Tests/bin/Debug/net9.0/ClickUp.Api.Client.Tests.dll" adapterTypeName="executor://xunit/VsTestRunner2/netcoreapp" className="ClickUp.Api.Client.Tests.ServiceTests.TimeTrackingServiceTests" name="UpdateTimeEntryAsync_ApiReturnsResponseWithNullData_ThrowsInvalidOperationException" />
    </UnitTest>
    <UnitTest name="ClickUp.Api.Client.Tests.ServiceTests.ChatServiceTests.DeleteChatChannelAsync_ValidRequest_CallsDelete" storage="/app/src/clickup.api.client.tests/bin/debug/net9.0/clickup.api.client.tests.dll" id="efa20886-c864-a3ce-f5ed-40c64826a507">
      <Execution id="8aa46f67-be33-4a80-934a-d5487d423f79" />
      <TestMethod codeBase="/app/src/ClickUp.Api.Client.Tests/bin/Debug/net9.0/ClickUp.Api.Client.Tests.dll" adapterTypeName="executor://xunit/VsTestRunner2/netcoreapp" className="ClickUp.Api.Client.Tests.ServiceTests.ChatServiceTests" name="DeleteChatChannelAsync_ValidRequest_CallsDelete" />
    </UnitTest>
    <UnitTest name="ClickUp.Api.Client.Tests.ServiceTests.TagsServiceTests.DeleteSpaceTagAsync_PassesCancellationTokenToApiConnection" storage="/app/src/clickup.api.client.tests/bin/debug/net9.0/clickup.api.client.tests.dll" id="c8dadf2f-d99b-7fdd-c771-65d4d23b6f2a">
      <Execution id="2455b226-59fe-4425-9577-7a563045fb68" />
      <TestMethod codeBase="/app/src/ClickUp.Api.Client.Tests/bin/Debug/net9.0/ClickUp.Api.Client.Tests.dll" adapterTypeName="executor://xunit/VsTestRunner2/netcoreapp" className="ClickUp.Api.Client.Tests.ServiceTests.TagsServiceTests" name="DeleteSpaceTagAsync_PassesCancellationTokenToApiConnection" />
    </UnitTest>
    <UnitTest name="ClickUp.Api.Client.Tests.ServiceTests.AttachmentsServiceTests.CreateTaskAttachmentAsync_ValidInput_CallsApiConnectionPostMultipartAsync" storage="/app/src/clickup.api.client.tests/bin/debug/net9.0/clickup.api.client.tests.dll" id="d0eb5381-36bb-6765-acec-28e247a9a321">
      <Execution id="275aabd6-feb3-449b-b4d9-24f158079fe1" />
      <TestMethod codeBase="/app/src/ClickUp.Api.Client.Tests/bin/Debug/net9.0/ClickUp.Api.Client.Tests.dll" adapterTypeName="executor://xunit/VsTestRunner2/netcoreapp" className="ClickUp.Api.Client.Tests.ServiceTests.AttachmentsServiceTests" name="CreateTaskAttachmentAsync_ValidInput_CallsApiConnectionPostMultipartAsync" />
    </UnitTest>
    <UnitTest name="ClickUp.Api.Client.Tests.ServiceTests.TaskServiceTests.GetFilteredTeamTasksAsync_WhitespaceWorkspaceId_ThrowsArgumentNullException" storage="/app/src/clickup.api.client.tests/bin/debug/net9.0/clickup.api.client.tests.dll" id="c53f3266-96ab-10cf-e5cd-8a310b3ac046">
      <Execution id="b5c905e4-0440-4e1c-961f-9a2a0d79e428" />
      <TestMethod codeBase="/app/src/ClickUp.Api.Client.Tests/bin/Debug/net9.0/ClickUp.Api.Client.Tests.dll" adapterTypeName="executor://xunit/VsTestRunner2/netcoreapp" className="ClickUp.Api.Client.Tests.ServiceTests.TaskServiceTests" name="GetFilteredTeamTasksAsync_WhitespaceWorkspaceId_ThrowsArgumentNullException" />
    </UnitTest>
    <UnitTest name="ClickUp.Api.Client.Tests.ServiceTests.TimeTrackingServiceTests.GetTimeEntryHistoryAsync_PassesCancellationTokenToApiConnection" storage="/app/src/clickup.api.client.tests/bin/debug/net9.0/clickup.api.client.tests.dll" id="cdcfd57b-84ac-e23e-78d4-34efb784ebdf">
      <Execution id="5b453db6-84df-4b00-8b81-398cc8930ecc" />
      <TestMethod codeBase="/app/src/ClickUp.Api.Client.Tests/bin/Debug/net9.0/ClickUp.Api.Client.Tests.dll" adapterTypeName="executor://xunit/VsTestRunner2/netcoreapp" className="ClickUp.Api.Client.Tests.ServiceTests.TimeTrackingServiceTests" name="GetTimeEntryHistoryAsync_PassesCancellationTokenToApiConnection" />
    </UnitTest>
    <UnitTest name="ClickUp.Api.Client.Tests.ServiceTests.ChatServiceTests.GetChatMessageTaggedUsersAsync_MinimalRequest_BuildsUrlAndReturnsResponse" storage="/app/src/clickup.api.client.tests/bin/debug/net9.0/clickup.api.client.tests.dll" id="99925d98-cc15-0d9d-8c6c-cced5a935ca8">
      <Execution id="0d90378a-21bc-4eee-8194-e081ac2653db" />
      <TestMethod codeBase="/app/src/ClickUp.Api.Client.Tests/bin/Debug/net9.0/ClickUp.Api.Client.Tests.dll" adapterTypeName="executor://xunit/VsTestRunner2/netcoreapp" className="ClickUp.Api.Client.Tests.ServiceTests.ChatServiceTests" name="GetChatMessageTaggedUsersAsync_MinimalRequest_BuildsUrlAndReturnsResponse" />
    </UnitTest>
    <UnitTest name="ClickUp.Api.Client.Tests.ServiceTests.ListsServiceTests.GetFolderlessListsAsyncEnumerableAsync_HandlesCancellation" storage="/app/src/clickup.api.client.tests/bin/debug/net9.0/clickup.api.client.tests.dll" id="99f9eaa0-a090-1f7c-a3f5-4863ab613546">
      <Execution id="45b09ad1-0b4e-43d1-b5ca-94660d654aa5" />
      <TestMethod codeBase="/app/src/ClickUp.Api.Client.Tests/bin/Debug/net9.0/ClickUp.Api.Client.Tests.dll" adapterTypeName="executor://xunit/VsTestRunner2/netcoreapp" className="ClickUp.Api.Client.Tests.ServiceTests.ListsServiceTests" name="GetFolderlessListsAsyncEnumerableAsync_HandlesCancellation" />
    </UnitTest>
    <UnitTest name="ClickUp.Api.Client.Tests.ServiceTests.ListsServiceTests.UpdateListAsync_ApiConnectionThrowsHttpRequestException_PropagatesException" storage="/app/src/clickup.api.client.tests/bin/debug/net9.0/clickup.api.client.tests.dll" id="9edc3d01-0f4e-9855-faef-f39f06d14cce">
      <Execution id="7b25d59d-cfb9-4843-87ef-f1c037604341" />
      <TestMethod codeBase="/app/src/ClickUp.Api.Client.Tests/bin/Debug/net9.0/ClickUp.Api.Client.Tests.dll" adapterTypeName="executor://xunit/VsTestRunner2/netcoreapp" className="ClickUp.Api.Client.Tests.ServiceTests.ListsServiceTests" name="UpdateListAsync_ApiConnectionThrowsHttpRequestException_PropagatesException" />
    </UnitTest>
    <UnitTest name="ClickUp.Api.Client.Tests.ServiceTests.UserGroupServiceTests.DeleteUserGroupAsync_ApiConnectionThrowsHttpRequestException_PropagatesException" storage="/app/src/clickup.api.client.tests/bin/debug/net9.0/clickup.api.client.tests.dll" id="9a41e783-e265-7ebc-850b-805b60274fbf">
      <Execution id="165fff86-d40f-4093-a4d9-f37cfe09ab93" />
      <TestMethod codeBase="/app/src/ClickUp.Api.Client.Tests/bin/Debug/net9.0/ClickUp.Api.Client.Tests.dll" adapterTypeName="executor://xunit/VsTestRunner2/netcoreapp" className="ClickUp.Api.Client.Tests.ServiceTests.UserGroupServiceTests" name="DeleteUserGroupAsync_ApiConnectionThrowsHttpRequestException_PropagatesException" />
    </UnitTest>
    <UnitTest name="ClickUp.Api.Client.Tests.ServiceTests.GoalsServiceTests.GetGoalAsync_ApiReturnsNullResponse_ThrowsInvalidOperationException" storage="/app/src/clickup.api.client.tests/bin/debug/net9.0/clickup.api.client.tests.dll" id="308068ef-e228-299b-8b27-073212400b00">
      <Execution id="cfe4ff5a-ac7a-4360-a9ca-c269e1fe9923" />
      <TestMethod codeBase="/app/src/ClickUp.Api.Client.Tests/bin/Debug/net9.0/ClickUp.Api.Client.Tests.dll" adapterTypeName="executor://xunit/VsTestRunner2/netcoreapp" className="ClickUp.Api.Client.Tests.ServiceTests.GoalsServiceTests" name="GetGoalAsync_ApiReturnsNullResponse_ThrowsInvalidOperationException" />
    </UnitTest>
    <UnitTest name="ClickUp.Api.Client.Tests.ServiceTests.TaskChecklistsServiceTests.EditChecklistAsync_ValidRequest_CallsPutAsync" storage="/app/src/clickup.api.client.tests/bin/debug/net9.0/clickup.api.client.tests.dll" id="6fe0c3e8-d70e-aa1e-ebb5-3824f2093751">
      <Execution id="dddf85bc-80c2-4a2f-93a4-b2dab49bc849" />
      <TestMethod codeBase="/app/src/ClickUp.Api.Client.Tests/bin/Debug/net9.0/ClickUp.Api.Client.Tests.dll" adapterTypeName="executor://xunit/VsTestRunner2/netcoreapp" className="ClickUp.Api.Client.Tests.ServiceTests.TaskChecklistsServiceTests" name="EditChecklistAsync_ValidRequest_CallsPutAsync" />
    </UnitTest>
    <UnitTest name="ClickUp.Api.Client.Tests.ServiceTests.ChatServiceTests.GetChatMessagesAsync_ApiConnectionThrowsTaskCanceledException_PropagatesException" storage="/app/src/clickup.api.client.tests/bin/debug/net9.0/clickup.api.client.tests.dll" id="19627d26-5122-0b52-adb2-09b422d28326">
      <Execution id="3f3d773a-60b4-4484-95b3-8bb21f4bd507" />
      <TestMethod codeBase="/app/src/ClickUp.Api.Client.Tests/bin/Debug/net9.0/ClickUp.Api.Client.Tests.dll" adapterTypeName="executor://xunit/VsTestRunner2/netcoreapp" className="ClickUp.Api.Client.Tests.ServiceTests.ChatServiceTests" name="GetChatMessagesAsync_ApiConnectionThrowsTaskCanceledException_PropagatesException" />
    </UnitTest>
    <UnitTest name="ClickUp.Api.Client.Tests.ServiceTests.CommentServiceTests.CreateListCommentAsync_ApiConnectionReturnsNull_ThrowsInvalidOperationException" storage="/app/src/clickup.api.client.tests/bin/debug/net9.0/clickup.api.client.tests.dll" id="feb8a439-8d94-723d-b05b-e68b3f553aaa">
      <Execution id="08b03110-4e3d-4f45-bbd6-15a82ef00ef2" />
      <TestMethod codeBase="/app/src/ClickUp.Api.Client.Tests/bin/Debug/net9.0/ClickUp.Api.Client.Tests.dll" adapterTypeName="executor://xunit/VsTestRunner2/netcoreapp" className="ClickUp.Api.Client.Tests.ServiceTests.CommentServiceTests" name="CreateListCommentAsync_ApiConnectionReturnsNull_ThrowsInvalidOperationException" />
    </UnitTest>
    <UnitTest name="ClickUp.Api.Client.Tests.ServiceTests.DocsServiceTests.CreateDocAsync_NullResponse_ThrowsInvalidOperationException" storage="/app/src/clickup.api.client.tests/bin/debug/net9.0/clickup.api.client.tests.dll" id="c4201998-1b61-94fa-68e5-733a302980cd">
      <Execution id="42977ddc-bcf5-422e-af06-0a3dd0c81df0" />
      <TestMethod codeBase="/app/src/ClickUp.Api.Client.Tests/bin/Debug/net9.0/ClickUp.Api.Client.Tests.dll" adapterTypeName="executor://xunit/VsTestRunner2/netcoreapp" className="ClickUp.Api.Client.Tests.ServiceTests.DocsServiceTests" name="CreateDocAsync_NullResponse_ThrowsInvalidOperationException" />
    </UnitTest>
    <UnitTest name="ClickUp.Api.Client.Tests.ServiceTests.ListsServiceTests.AddTaskToListAsync_ValidIds_CallsPostAsync" storage="/app/src/clickup.api.client.tests/bin/debug/net9.0/clickup.api.client.tests.dll" id="f4996435-af05-7f68-a1f7-cd772da197a8">
      <Execution id="7f9e2666-53f9-4715-9521-8de170bc0355" />
      <TestMethod codeBase="/app/src/ClickUp.Api.Client.Tests/bin/Debug/net9.0/ClickUp.Api.Client.Tests.dll" adapterTypeName="executor://xunit/VsTestRunner2/netcoreapp" className="ClickUp.Api.Client.Tests.ServiceTests.ListsServiceTests" name="AddTaskToListAsync_ValidIds_CallsPostAsync" />
    </UnitTest>
    <UnitTest name="ClickUp.Api.Client.Tests.ServiceTests.TaskServiceTests.GetFilteredTeamTasksAsync_WithNewParameters_BuildsCorrectEndpoint" storage="/app/src/clickup.api.client.tests/bin/debug/net9.0/clickup.api.client.tests.dll" id="759e141d-5006-5154-479b-168738883742">
      <Execution id="dfa6e052-def6-4ab7-a106-05c7b02dcd45" />
      <TestMethod codeBase="/app/src/ClickUp.Api.Client.Tests/bin/Debug/net9.0/ClickUp.Api.Client.Tests.dll" adapterTypeName="executor://xunit/VsTestRunner2/netcoreapp" className="ClickUp.Api.Client.Tests.ServiceTests.TaskServiceTests" name="GetFilteredTeamTasksAsync_WithNewParameters_BuildsCorrectEndpoint" />
    </UnitTest>
    <UnitTest name="ClickUp.Api.Client.Tests.ServiceTests.CustomFieldsServiceTests.GetFolderCustomFieldsAsync_ValidFolderId_BuildsCorrectUrlAndReturnsFields" storage="/app/src/clickup.api.client.tests/bin/debug/net9.0/clickup.api.client.tests.dll" id="e7eef8b8-b7ee-6891-ce18-9fc77d65aac2">
      <Execution id="bb1d93e6-1494-4ead-8d58-1de2434f7819" />
      <TestMethod codeBase="/app/src/ClickUp.Api.Client.Tests/bin/Debug/net9.0/ClickUp.Api.Client.Tests.dll" adapterTypeName="executor://xunit/VsTestRunner2/netcoreapp" className="ClickUp.Api.Client.Tests.ServiceTests.CustomFieldsServiceTests" name="GetFolderCustomFieldsAsync_ValidFolderId_BuildsCorrectUrlAndReturnsFields" />
    </UnitTest>
    <UnitTest name="ClickUp.Api.Client.Tests.ServiceTests.SpacesServiceTests.GetSpacesAsync_WithArchivedFalse_BuildsCorrectUrl" storage="/app/src/clickup.api.client.tests/bin/debug/net9.0/clickup.api.client.tests.dll" id="11641888-952c-34d2-e65f-507d355849cc">
      <Execution id="2e95051b-387f-411f-911a-72306db7a2db" />
      <TestMethod codeBase="/app/src/ClickUp.Api.Client.Tests/bin/Debug/net9.0/ClickUp.Api.Client.Tests.dll" adapterTypeName="executor://xunit/VsTestRunner2/netcoreapp" className="ClickUp.Api.Client.Tests.ServiceTests.SpacesServiceTests" name="GetSpacesAsync_WithArchivedFalse_BuildsCorrectUrl" />
    </UnitTest>
    <UnitTest name="ClickUp.Api.Client.Tests.ServiceTests.RolesServiceTests.GetCustomRolesAsync_ValidRequest_ReturnsRoles" storage="/app/src/clickup.api.client.tests/bin/debug/net9.0/clickup.api.client.tests.dll" id="57bcb7bc-72d9-ad1f-99f2-a076d64fe7fb">
      <Execution id="d868b6df-8650-4eb0-bd62-93dfcf7db42e" />
      <TestMethod codeBase="/app/src/ClickUp.Api.Client.Tests/bin/Debug/net9.0/ClickUp.Api.Client.Tests.dll" adapterTypeName="executor://xunit/VsTestRunner2/netcoreapp" className="ClickUp.Api.Client.Tests.ServiceTests.RolesServiceTests" name="GetCustomRolesAsync_ValidRequest_ReturnsRoles" />
    </UnitTest>
    <UnitTest name="ClickUp.Api.Client.Tests.ServiceTests.ChatServiceTests.GetChatMessageReactionsAsync_NullResponse_ThrowsInvalidOperationException" storage="/app/src/clickup.api.client.tests/bin/debug/net9.0/clickup.api.client.tests.dll" id="54af56a8-3528-2202-2a3a-47b709b84ddf">
      <Execution id="71bbb6e7-d40a-49ac-acdf-c5f449edf6d9" />
      <TestMethod codeBase="/app/src/ClickUp.Api.Client.Tests/bin/Debug/net9.0/ClickUp.Api.Client.Tests.dll" adapterTypeName="executor://xunit/VsTestRunner2/netcoreapp" className="ClickUp.Api.Client.Tests.ServiceTests.ChatServiceTests" name="GetChatMessageReactionsAsync_NullResponse_ThrowsInvalidOperationException" />
    </UnitTest>
    <UnitTest name="ClickUp.Api.Client.Tests.ServiceTests.CustomFieldsServiceTests.GetAccessibleCustomFieldsAsync_ApiConnectionThrowsTaskCanceledException_PropagatesException" storage="/app/src/clickup.api.client.tests/bin/debug/net9.0/clickup.api.client.tests.dll" id="46c9e644-11ac-6008-9ad9-f53ec92ce874">
      <Execution id="cf2ba403-bad5-41f9-a2ad-94487fc37929" />
      <TestMethod codeBase="/app/src/ClickUp.Api.Client.Tests/bin/Debug/net9.0/ClickUp.Api.Client.Tests.dll" adapterTypeName="executor://xunit/VsTestRunner2/netcoreapp" className="ClickUp.Api.Client.Tests.ServiceTests.CustomFieldsServiceTests" name="GetAccessibleCustomFieldsAsync_ApiConnectionThrowsTaskCanceledException_PropagatesException" />
    </UnitTest>
    <UnitTest name="ClickUp.Api.Client.Tests.ServiceTests.TagsServiceTests.GetSpaceTagsAsync_ApiConnectionThrowsHttpRequestException_PropagatesException" storage="/app/src/clickup.api.client.tests/bin/debug/net9.0/clickup.api.client.tests.dll" id="1841d452-ef08-e1b1-92c9-459ff161fad6">
      <Execution id="a737ccf0-7088-4395-b2e8-3af5414b7244" />
      <TestMethod codeBase="/app/src/ClickUp.Api.Client.Tests/bin/Debug/net9.0/ClickUp.Api.Client.Tests.dll" adapterTypeName="executor://xunit/VsTestRunner2/netcoreapp" className="ClickUp.Api.Client.Tests.ServiceTests.TagsServiceTests" name="GetSpaceTagsAsync_ApiConnectionThrowsHttpRequestException_PropagatesException" />
    </UnitTest>
    <UnitTest name="ClickUp.Api.Client.Tests.ServiceTests.ChatServiceTests.CreateReplyMessageAsync_ValidRequest_CallsPostAndReturnsMessage" storage="/app/src/clickup.api.client.tests/bin/debug/net9.0/clickup.api.client.tests.dll" id="d364fe51-32f4-0505-0794-50c70ce2f6f1">
      <Execution id="593fa0e6-5dc1-47c6-ab7d-160a8476f21c" />
      <TestMethod codeBase="/app/src/ClickUp.Api.Client.Tests/bin/Debug/net9.0/ClickUp.Api.Client.Tests.dll" adapterTypeName="executor://xunit/VsTestRunner2/netcoreapp" className="ClickUp.Api.Client.Tests.ServiceTests.ChatServiceTests" name="CreateReplyMessageAsync_ValidRequest_CallsPostAndReturnsMessage" />
    </UnitTest>
    <UnitTest name="ClickUp.Api.Client.Tests.ServiceTests.TimeTrackingServiceTests.StartTimeEntryAsync_ApiConnectionThrowsHttpRequestException_PropagatesException" storage="/app/src/clickup.api.client.tests/bin/debug/net9.0/clickup.api.client.tests.dll" id="a6767e11-07cf-022c-d1c8-5a4b5741034d">
      <Execution id="8588f3d9-75bf-4bda-96cc-e629dbef1e66" />
      <TestMethod codeBase="/app/src/ClickUp.Api.Client.Tests/bin/Debug/net9.0/ClickUp.Api.Client.Tests.dll" adapterTypeName="executor://xunit/VsTestRunner2/netcoreapp" className="ClickUp.Api.Client.Tests.ServiceTests.TimeTrackingServiceTests" name="StartTimeEntryAsync_ApiConnectionThrowsHttpRequestException_PropagatesException" />
    </UnitTest>
    <UnitTest name="ClickUp.Api.Client.Tests.ServiceTests.GuestsServiceTests.AddGuestToTaskAsync_ValidRequest_CallsPostAndReturnsGuest" storage="/app/src/clickup.api.client.tests/bin/debug/net9.0/clickup.api.client.tests.dll" id="280f5e98-f3ab-164f-d4c2-e5cd5ad11a0f">
      <Execution id="4298632f-724d-46d0-9f07-fba31a6a04de" />
      <TestMethod codeBase="/app/src/ClickUp.Api.Client.Tests/bin/Debug/net9.0/ClickUp.Api.Client.Tests.dll" adapterTypeName="executor://xunit/VsTestRunner2/netcoreapp" className="ClickUp.Api.Client.Tests.ServiceTests.GuestsServiceTests" name="AddGuestToTaskAsync_ValidRequest_CallsPostAndReturnsGuest" />
    </UnitTest>
    <UnitTest name="ClickUp.Api.Client.Tests.ServiceTests.WebhooksServiceTests.DeleteWebhookAsync_ValidWebhookId_CallsDeleteAsync" storage="/app/src/clickup.api.client.tests/bin/debug/net9.0/clickup.api.client.tests.dll" id="15deeb6b-5d37-c838-f818-dea1e0f2459c">
      <Execution id="b2a7ca75-4111-4acf-bc83-4edfbf5ac62a" />
      <TestMethod codeBase="/app/src/ClickUp.Api.Client.Tests/bin/Debug/net9.0/ClickUp.Api.Client.Tests.dll" adapterTypeName="executor://xunit/VsTestRunner2/netcoreapp" className="ClickUp.Api.Client.Tests.ServiceTests.WebhooksServiceTests" name="DeleteWebhookAsync_ValidWebhookId_CallsDeleteAsync" />
    </UnitTest>
    <UnitTest name="ClickUp.Api.Client.Tests.ServiceTests.GoalsServiceTests.CreateKeyResultAsync_ApiConnectionThrowsTaskCanceledException_PropagatesException" storage="/app/src/clickup.api.client.tests/bin/debug/net9.0/clickup.api.client.tests.dll" id="615ce329-23fb-0e86-56db-8ca3bfc504f4">
      <Execution id="06def9ba-35de-446b-8b28-4e07fe20daed" />
      <TestMethod codeBase="/app/src/ClickUp.Api.Client.Tests/bin/Debug/net9.0/ClickUp.Api.Client.Tests.dll" adapterTypeName="executor://xunit/VsTestRunner2/netcoreapp" className="ClickUp.Api.Client.Tests.ServiceTests.GoalsServiceTests" name="CreateKeyResultAsync_ApiConnectionThrowsTaskCanceledException_PropagatesException" />
    </UnitTest>
    <UnitTest name="ClickUp.Api.Client.Tests.ServiceTests.TimeTrackingServiceTests.StopTimeEntryAsync_ApiReturnsResponseWithNullData_ThrowsInvalidOperationException" storage="/app/src/clickup.api.client.tests/bin/debug/net9.0/clickup.api.client.tests.dll" id="b6681964-59c0-3268-9b1a-1e37718996a3">
      <Execution id="370b7845-715d-4ba3-9803-db1f72ee4811" />
      <TestMethod codeBase="/app/src/ClickUp.Api.Client.Tests/bin/Debug/net9.0/ClickUp.Api.Client.Tests.dll" adapterTypeName="executor://xunit/VsTestRunner2/netcoreapp" className="ClickUp.Api.Client.Tests.ServiceTests.TimeTrackingServiceTests" name="StopTimeEntryAsync_ApiReturnsResponseWithNullData_ThrowsInvalidOperationException" />
    </UnitTest>
    <UnitTest name="ClickUp.Api.Client.Tests.ServiceTests.GoalsServiceTests.GetGoalAsync_ValidId_ReturnsGoal" storage="/app/src/clickup.api.client.tests/bin/debug/net9.0/clickup.api.client.tests.dll" id="759a64a9-158e-94d9-6d51-ccb2b6db5855">
      <Execution id="62918c22-9241-41af-8e3d-4a3c623a5420" />
      <TestMethod codeBase="/app/src/ClickUp.Api.Client.Tests/bin/Debug/net9.0/ClickUp.Api.Client.Tests.dll" adapterTypeName="executor://xunit/VsTestRunner2/netcoreapp" className="ClickUp.Api.Client.Tests.ServiceTests.GoalsServiceTests" name="GetGoalAsync_ValidId_ReturnsGoal" />
    </UnitTest>
    <UnitTest name="ClickUp.Api.Client.Tests.ServiceTests.WorkspacesServiceTests.GetWorkspaceSeatsAsync_PassesCancellationTokenToApiConnection" storage="/app/src/clickup.api.client.tests/bin/debug/net9.0/clickup.api.client.tests.dll" id="ee2735fc-b087-9fcd-716d-143de6e3f5eb">
      <Execution id="8b675a58-89e6-448d-aef4-d3b709a02083" />
      <TestMethod codeBase="/app/src/ClickUp.Api.Client.Tests/bin/Debug/net9.0/ClickUp.Api.Client.Tests.dll" adapterTypeName="executor://xunit/VsTestRunner2/netcoreapp" className="ClickUp.Api.Client.Tests.ServiceTests.WorkspacesServiceTests" name="GetWorkspaceSeatsAsync_PassesCancellationTokenToApiConnection" />
    </UnitTest>
    <UnitTest name="ClickUp.Api.Client.Tests.ServiceTests.ChatServiceTests.CreateChatReactionAsync_ApiError_ThrowsHttpRequestException" storage="/app/src/clickup.api.client.tests/bin/debug/net9.0/clickup.api.client.tests.dll" id="bc7ee3e4-a635-03d0-967a-f971c4572817">
      <Execution id="86ed5c75-e5cb-443a-9682-73023eada0b6" />
      <TestMethod codeBase="/app/src/ClickUp.Api.Client.Tests/bin/Debug/net9.0/ClickUp.Api.Client.Tests.dll" adapterTypeName="executor://xunit/VsTestRunner2/netcoreapp" className="ClickUp.Api.Client.Tests.ServiceTests.ChatServiceTests" name="CreateChatReactionAsync_ApiError_ThrowsHttpRequestException" />
    </UnitTest>
    <UnitTest name="ClickUp.Api.Client.Tests.ServiceTests.GoalsServiceTests.EditKeyResultAsync_ValidRequest_CallsPutAndReturnsKeyResult" storage="/app/src/clickup.api.client.tests/bin/debug/net9.0/clickup.api.client.tests.dll" id="0a1f2d43-8296-337d-6147-c0bb178be2a0">
      <Execution id="ec848f9c-3092-41b2-8af7-ba38f8826430" />
      <TestMethod codeBase="/app/src/ClickUp.Api.Client.Tests/bin/Debug/net9.0/ClickUp.Api.Client.Tests.dll" adapterTypeName="executor://xunit/VsTestRunner2/netcoreapp" className="ClickUp.Api.Client.Tests.ServiceTests.GoalsServiceTests" name="EditKeyResultAsync_ValidRequest_CallsPutAndReturnsKeyResult" />
    </UnitTest>
    <UnitTest name="ClickUp.Api.Client.Tests.ServiceTests.CommentServiceTests.GetTaskCommentsAsync_ApiConnectionThrowsException_PropagatesException" storage="/app/src/clickup.api.client.tests/bin/debug/net9.0/clickup.api.client.tests.dll" id="ef4a1808-46d3-657b-d153-6628c14bba3b">
      <Execution id="524c0a89-d267-4ccd-bc6b-a3d65f44f65f" />
      <TestMethod codeBase="/app/src/ClickUp.Api.Client.Tests/bin/Debug/net9.0/ClickUp.Api.Client.Tests.dll" adapterTypeName="executor://xunit/VsTestRunner2/netcoreapp" className="ClickUp.Api.Client.Tests.ServiceTests.CommentServiceTests" name="GetTaskCommentsAsync_ApiConnectionThrowsException_PropagatesException" />
    </UnitTest>
    <UnitTest name="ClickUp.Api.Client.Tests.ServiceTests.CommentServiceTests.UpdateCommentAsync_ApiConnectionThrowsException_PropagatesException" storage="/app/src/clickup.api.client.tests/bin/debug/net9.0/clickup.api.client.tests.dll" id="f48eeea0-1628-3a4f-951e-8100079445f9">
      <Execution id="01a0aedc-9b17-4c03-8d7f-9a745ac14160" />
      <TestMethod codeBase="/app/src/ClickUp.Api.Client.Tests/bin/Debug/net9.0/ClickUp.Api.Client.Tests.dll" adapterTypeName="executor://xunit/VsTestRunner2/netcoreapp" className="ClickUp.Api.Client.Tests.ServiceTests.CommentServiceTests" name="UpdateCommentAsync_ApiConnectionThrowsException_PropagatesException" />
    </UnitTest>
    <UnitTest name="ClickUp.Api.Client.Tests.ServiceTests.GuestsServiceTests.AddGuestToListAsync_NullApiResponse_ThrowsInvalidOperationException" storage="/app/src/clickup.api.client.tests/bin/debug/net9.0/clickup.api.client.tests.dll" id="fd21df4b-204e-a7c4-3467-b991d2cfdb59">
      <Execution id="d4505b94-e2a1-4b2a-a076-2645b34c1116" />
      <TestMethod codeBase="/app/src/ClickUp.Api.Client.Tests/bin/Debug/net9.0/ClickUp.Api.Client.Tests.dll" adapterTypeName="executor://xunit/VsTestRunner2/netcoreapp" className="ClickUp.Api.Client.Tests.ServiceTests.GuestsServiceTests" name="AddGuestToListAsync_NullApiResponse_ThrowsInvalidOperationException" />
    </UnitTest>
    <UnitTest name="ClickUp.Api.Client.Tests.Models.Entities.CustomFieldValueTests.Deserialize_DateFieldValue_Correctly" storage="/app/src/clickup.api.client.tests/bin/debug/net9.0/clickup.api.client.tests.dll" id="d02ae00d-1311-89ab-3fb9-c916f421eba3">
      <Execution id="f5990dcd-3f26-46f3-9416-5ad6f6e2cd66" />
      <TestMethod codeBase="/app/src/ClickUp.Api.Client.Tests/bin/Debug/net9.0/ClickUp.Api.Client.Tests.dll" adapterTypeName="executor://xunit/VsTestRunner2/netcoreapp" className="ClickUp.Api.Client.Tests.Models.Entities.CustomFieldValueTests" name="Deserialize_DateFieldValue_Correctly" />
    </UnitTest>
    <UnitTest name="ClickUp.Api.Client.Tests.ServiceTests.DocsServiceTests.GetDocAsync_NullResponse_ThrowsInvalidOperationException" storage="/app/src/clickup.api.client.tests/bin/debug/net9.0/clickup.api.client.tests.dll" id="e83420e2-3e4c-0b46-91f0-367058c9ac00">
      <Execution id="50576cf4-61da-4bd5-a943-302fb2f59431" />
      <TestMethod codeBase="/app/src/ClickUp.Api.Client.Tests/bin/Debug/net9.0/ClickUp.Api.Client.Tests.dll" adapterTypeName="executor://xunit/VsTestRunner2/netcoreapp" className="ClickUp.Api.Client.Tests.ServiceTests.DocsServiceTests" name="GetDocAsync_NullResponse_ThrowsInvalidOperationException" />
    </UnitTest>
    <UnitTest name="ClickUp.Api.Client.Tests.ServiceTests.TimeTrackingServiceTests.GetRunningTimeEntryAsync_PassesCancellationTokenToApiConnection" storage="/app/src/clickup.api.client.tests/bin/debug/net9.0/clickup.api.client.tests.dll" id="1cb0a5ae-f23f-d489-08aa-7d3a9bd6d033">
      <Execution id="8b628a17-2883-4fe4-a89f-8c3ce36fb884" />
      <TestMethod codeBase="/app/src/ClickUp.Api.Client.Tests/bin/Debug/net9.0/ClickUp.Api.Client.Tests.dll" adapterTypeName="executor://xunit/VsTestRunner2/netcoreapp" className="ClickUp.Api.Client.Tests.ServiceTests.TimeTrackingServiceTests" name="GetRunningTimeEntryAsync_PassesCancellationTokenToApiConnection" />
    </UnitTest>
    <UnitTest name="ClickUp.Api.Client.Tests.ServiceTests.TaskRelationshipsServiceTests.DeleteDependencyAsync_PassesCancellationTokenToApiConnection" storage="/app/src/clickup.api.client.tests/bin/debug/net9.0/clickup.api.client.tests.dll" id="6ad0b06e-9b13-00d3-c084-f5f295020c1e">
      <Execution id="9b2bc3d2-fead-445c-9cf3-f72baf1403b5" />
      <TestMethod codeBase="/app/src/ClickUp.Api.Client.Tests/bin/Debug/net9.0/ClickUp.Api.Client.Tests.dll" adapterTypeName="executor://xunit/VsTestRunner2/netcoreapp" className="ClickUp.Api.Client.Tests.ServiceTests.TaskRelationshipsServiceTests" name="DeleteDependencyAsync_PassesCancellationTokenToApiConnection" />
    </UnitTest>
    <UnitTest name="ClickUp.Api.Client.Tests.ServiceTests.ChatServiceTests.UpdateChatChannelAsync_ApiConnectionThrowsTaskCanceledException_PropagatesException" storage="/app/src/clickup.api.client.tests/bin/debug/net9.0/clickup.api.client.tests.dll" id="4f7ae0b2-8709-4bc2-a4cb-6a78eeb89c6e">
      <Execution id="f9a76709-2b60-43ca-a2c0-a9a70672ba19" />
      <TestMethod codeBase="/app/src/ClickUp.Api.Client.Tests/bin/Debug/net9.0/ClickUp.Api.Client.Tests.dll" adapterTypeName="executor://xunit/VsTestRunner2/netcoreapp" className="ClickUp.Api.Client.Tests.ServiceTests.ChatServiceTests" name="UpdateChatChannelAsync_ApiConnectionThrowsTaskCanceledException_PropagatesException" />
    </UnitTest>
    <UnitTest name="ClickUp.Api.Client.Tests.ServiceTests.GoalsServiceTests.DeleteKeyResultAsync_ApiError_ThrowsHttpRequestException" storage="/app/src/clickup.api.client.tests/bin/debug/net9.0/clickup.api.client.tests.dll" id="eae42adf-0600-1fec-8fbc-16e6c5032bcd">
      <Execution id="9115b262-8623-4bb9-9a8c-dd25270de603" />
      <TestMethod codeBase="/app/src/ClickUp.Api.Client.Tests/bin/Debug/net9.0/ClickUp.Api.Client.Tests.dll" adapterTypeName="executor://xunit/VsTestRunner2/netcoreapp" className="ClickUp.Api.Client.Tests.ServiceTests.GoalsServiceTests" name="DeleteKeyResultAsync_ApiError_ThrowsHttpRequestException" />
    </UnitTest>
    <UnitTest name="ClickUp.Api.Client.Tests.ServiceTests.ChatServiceTests.DeleteChatChannelAsync_ApiConnectionThrowsTaskCanceledException_PropagatesException" storage="/app/src/clickup.api.client.tests/bin/debug/net9.0/clickup.api.client.tests.dll" id="716555af-e165-d95b-b1b2-db5a93b55899">
      <Execution id="732e9af3-ae89-4f4d-826a-25de8b688422" />
      <TestMethod codeBase="/app/src/ClickUp.Api.Client.Tests/bin/Debug/net9.0/ClickUp.Api.Client.Tests.dll" adapterTypeName="executor://xunit/VsTestRunner2/netcoreapp" className="ClickUp.Api.Client.Tests.ServiceTests.ChatServiceTests" name="DeleteChatChannelAsync_ApiConnectionThrowsTaskCanceledException_PropagatesException" />
    </UnitTest>
    <UnitTest name="ClickUp.Api.Client.Tests.ServiceTests.AuthorizationServiceTests.GetAuthorizedWorkspacesAsync_ApiConnectionThrowsException_PropagatesException" storage="/app/src/clickup.api.client.tests/bin/debug/net9.0/clickup.api.client.tests.dll" id="cab1a997-800d-2c3b-4c26-6695fd51d4d2">
      <Execution id="2c112398-055c-43e6-9282-b18f1b31fd58" />
      <TestMethod codeBase="/app/src/ClickUp.Api.Client.Tests/bin/Debug/net9.0/ClickUp.Api.Client.Tests.dll" adapterTypeName="executor://xunit/VsTestRunner2/netcoreapp" className="ClickUp.Api.Client.Tests.ServiceTests.AuthorizationServiceTests" name="GetAuthorizedWorkspacesAsync_ApiConnectionThrowsException_PropagatesException" />
    </UnitTest>
    <UnitTest name="ClickUp.Api.Client.Tests.ServiceTests.SpacesServiceTests.GetSpaceAsync_ValidSpaceId_ReturnsSpace" storage="/app/src/clickup.api.client.tests/bin/debug/net9.0/clickup.api.client.tests.dll" id="d10058ba-da32-5d23-6f62-2ea85d9b8d92">
      <Execution id="e923430a-1890-41fa-be17-ff49593e8df8" />
      <TestMethod codeBase="/app/src/ClickUp.Api.Client.Tests/bin/Debug/net9.0/ClickUp.Api.Client.Tests.dll" adapterTypeName="executor://xunit/VsTestRunner2/netcoreapp" className="ClickUp.Api.Client.Tests.ServiceTests.SpacesServiceTests" name="GetSpaceAsync_ValidSpaceId_ReturnsSpace" />
    </UnitTest>
    <UnitTest name="ClickUp.Api.Client.Tests.ServiceTests.GuestsServiceTests.AddGuestToFolderAsync_NullGuestInResponse_ThrowsInvalidOperationException" storage="/app/src/clickup.api.client.tests/bin/debug/net9.0/clickup.api.client.tests.dll" id="3a5833f7-aba2-d5f8-b201-45f09afa3b5f">
      <Execution id="44903bde-80a5-4ac9-a3af-fb89fc72b19f" />
      <TestMethod codeBase="/app/src/ClickUp.Api.Client.Tests/bin/Debug/net9.0/ClickUp.Api.Client.Tests.dll" adapterTypeName="executor://xunit/VsTestRunner2/netcoreapp" className="ClickUp.Api.Client.Tests.ServiceTests.GuestsServiceTests" name="AddGuestToFolderAsync_NullGuestInResponse_ThrowsInvalidOperationException" />
    </UnitTest>
    <UnitTest name="ClickUp.Api.Client.Tests.ServiceTests.ChatServiceTests.GetChatChannelAsync_PassesCancellationTokenToApiConnection" storage="/app/src/clickup.api.client.tests/bin/debug/net9.0/clickup.api.client.tests.dll" id="51353947-3452-476e-394a-bcc34cf5934f">
      <Execution id="4b4d1d81-e4f0-4af5-ab5f-6e3d3acd0601" />
      <TestMethod codeBase="/app/src/ClickUp.Api.Client.Tests/bin/Debug/net9.0/ClickUp.Api.Client.Tests.dll" adapterTypeName="executor://xunit/VsTestRunner2/netcoreapp" className="ClickUp.Api.Client.Tests.ServiceTests.ChatServiceTests" name="GetChatChannelAsync_PassesCancellationTokenToApiConnection" />
    </UnitTest>
    <UnitTest name="ClickUp.Api.Client.Tests.ServiceTests.TimeTrackingServiceTests.StopTimeEntryAsync_ValidRequest_ReturnsStoppedTimeEntry" storage="/app/src/clickup.api.client.tests/bin/debug/net9.0/clickup.api.client.tests.dll" id="bf5b6035-e322-69a8-84b4-c7074fea8038">
      <Execution id="bfbe5d82-3ab7-4f55-8db3-e95612b3014c" />
      <TestMethod codeBase="/app/src/ClickUp.Api.Client.Tests/bin/Debug/net9.0/ClickUp.Api.Client.Tests.dll" adapterTypeName="executor://xunit/VsTestRunner2/netcoreapp" className="ClickUp.Api.Client.Tests.ServiceTests.TimeTrackingServiceTests" name="StopTimeEntryAsync_ValidRequest_ReturnsStoppedTimeEntry" />
    </UnitTest>
    <UnitTest name="ClickUp.Api.Client.Tests.ServiceTests.FoldersServiceTests.DeleteFolderAsync_PassesCancellationTokenToApiConnection" storage="/app/src/clickup.api.client.tests/bin/debug/net9.0/clickup.api.client.tests.dll" id="2ffcb69d-9871-fc53-e266-88fcc7d40f11">
      <Execution id="38fca263-8b2b-45a1-a5ff-e93a99b0b9b3" />
      <TestMethod codeBase="/app/src/ClickUp.Api.Client.Tests/bin/Debug/net9.0/ClickUp.Api.Client.Tests.dll" adapterTypeName="executor://xunit/VsTestRunner2/netcoreapp" className="ClickUp.Api.Client.Tests.ServiceTests.FoldersServiceTests" name="DeleteFolderAsync_PassesCancellationTokenToApiConnection" />
    </UnitTest>
    <UnitTest name="ClickUp.Api.Client.Tests.ServiceTests.CommentServiceTests.DeleteCommentAsync_ValidInput_CallsApiConnectionDeleteAsyncWithCorrectParameters" storage="/app/src/clickup.api.client.tests/bin/debug/net9.0/clickup.api.client.tests.dll" id="b476c99b-742f-85e5-2038-a681239aadf2">
      <Execution id="722fda04-db86-42c7-ab74-3b6039bee4bf" />
      <TestMethod codeBase="/app/src/ClickUp.Api.Client.Tests/bin/Debug/net9.0/ClickUp.Api.Client.Tests.dll" adapterTypeName="executor://xunit/VsTestRunner2/netcoreapp" className="ClickUp.Api.Client.Tests.ServiceTests.CommentServiceTests" name="DeleteCommentAsync_ValidInput_CallsApiConnectionDeleteAsyncWithCorrectParameters" />
    </UnitTest>
    <UnitTest name="ClickUp.Api.Client.Tests.ServiceTests.GuestsServiceTests.RemoveGuestFromFolderAsync_NullGuestInResponse_ThrowsInvalidOperationException" storage="/app/src/clickup.api.client.tests/bin/debug/net9.0/clickup.api.client.tests.dll" id="dbce0135-d84f-6c40-dddb-b4fa79e51dee">
      <Execution id="34d815e5-39fd-4b9e-808a-2f47a03c0d7b" />
      <TestMethod codeBase="/app/src/ClickUp.Api.Client.Tests/bin/Debug/net9.0/ClickUp.Api.Client.Tests.dll" adapterTypeName="executor://xunit/VsTestRunner2/netcoreapp" className="ClickUp.Api.Client.Tests.ServiceTests.GuestsServiceTests" name="RemoveGuestFromFolderAsync_NullGuestInResponse_ThrowsInvalidOperationException" />
    </UnitTest>
    <UnitTest name="ClickUp.Api.Client.Tests.Models.Entities.CustomFieldValueTests.Deserialize_DropdownFieldValue_WithNumericValue_Correctly" storage="/app/src/clickup.api.client.tests/bin/debug/net9.0/clickup.api.client.tests.dll" id="3128f2ee-7977-9932-03b7-77d2d3472e5f">
      <Execution id="3f5ba1eb-c0fe-4f8a-b8b8-90e2552cf002" />
      <TestMethod codeBase="/app/src/ClickUp.Api.Client.Tests/bin/Debug/net9.0/ClickUp.Api.Client.Tests.dll" adapterTypeName="executor://xunit/VsTestRunner2/netcoreapp" className="ClickUp.Api.Client.Tests.Models.Entities.CustomFieldValueTests" name="Deserialize_DropdownFieldValue_WithNumericValue_Correctly" />
    </UnitTest>
    <UnitTest name="ClickUp.Api.Client.Tests.ServiceTests.CommentServiceTests.GetTaskCommentsAsync_PassesCancellationTokenToApiConnection" storage="/app/src/clickup.api.client.tests/bin/debug/net9.0/clickup.api.client.tests.dll" id="1049468b-6543-59b7-56f8-d0c94b4c3137">
      <Execution id="c194c895-159b-4de6-afac-8cc7c131be21" />
      <TestMethod codeBase="/app/src/ClickUp.Api.Client.Tests/bin/Debug/net9.0/ClickUp.Api.Client.Tests.dll" adapterTypeName="executor://xunit/VsTestRunner2/netcoreapp" className="ClickUp.Api.Client.Tests.ServiceTests.CommentServiceTests" name="GetTaskCommentsAsync_PassesCancellationTokenToApiConnection" />
    </UnitTest>
    <UnitTest name="ClickUp.Api.Client.Tests.ServiceTests.ListsServiceTests.GetListsInFolderAsync_PassesCancellationTokenToApiConnection" storage="/app/src/clickup.api.client.tests/bin/debug/net9.0/clickup.api.client.tests.dll" id="5ed5931b-eddf-c5a7-c428-1293ac7854f3">
      <Execution id="5ae5f7b1-ecc3-4574-873e-fb7d62d812b6" />
      <TestMethod codeBase="/app/src/ClickUp.Api.Client.Tests/bin/Debug/net9.0/ClickUp.Api.Client.Tests.dll" adapterTypeName="executor://xunit/VsTestRunner2/netcoreapp" className="ClickUp.Api.Client.Tests.ServiceTests.ListsServiceTests" name="GetListsInFolderAsync_PassesCancellationTokenToApiConnection" />
    </UnitTest>
    <UnitTest name="ClickUp.Api.Client.Tests.ServiceTests.ListsServiceTests.UpdateListAsync_ApiReturnsNullResponse_ThrowsInvalidOperationException" storage="/app/src/clickup.api.client.tests/bin/debug/net9.0/clickup.api.client.tests.dll" id="b0aedc6f-1baf-8832-331d-f35a8e0d267f">
      <Execution id="0364f4ee-43be-4289-a0e9-7093bf9f3a65" />
      <TestMethod codeBase="/app/src/ClickUp.Api.Client.Tests/bin/Debug/net9.0/ClickUp.Api.Client.Tests.dll" adapterTypeName="executor://xunit/VsTestRunner2/netcoreapp" className="ClickUp.Api.Client.Tests.ServiceTests.ListsServiceTests" name="UpdateListAsync_ApiReturnsNullResponse_ThrowsInvalidOperationException" />
    </UnitTest>
    <UnitTest name="ClickUp.Api.Client.Tests.ServiceTests.ChatServiceTests.CreateLocationChatChannelAsync_PassesCancellationTokenToApiConnection" storage="/app/src/clickup.api.client.tests/bin/debug/net9.0/clickup.api.client.tests.dll" id="70a4a44a-4353-ff25-d1bc-ca98cbe1a7a0">
      <Execution id="4d3c3491-4396-45d9-b505-5748e3377fb7" />
      <TestMethod codeBase="/app/src/ClickUp.Api.Client.Tests/bin/Debug/net9.0/ClickUp.Api.Client.Tests.dll" adapterTypeName="executor://xunit/VsTestRunner2/netcoreapp" className="ClickUp.Api.Client.Tests.ServiceTests.ChatServiceTests" name="CreateLocationChatChannelAsync_PassesCancellationTokenToApiConnection" />
    </UnitTest>
    <UnitTest name="ClickUp.Api.Client.Tests.ServiceTests.ChatServiceTests.GetChatChannelFollowersAsync_PassesCancellationTokenToApiConnection" storage="/app/src/clickup.api.client.tests/bin/debug/net9.0/clickup.api.client.tests.dll" id="1ddb416b-a245-c9c3-9558-a21c55e29e6a">
      <Execution id="613c4f70-ba15-4535-9e27-f0732146804f" />
      <TestMethod codeBase="/app/src/ClickUp.Api.Client.Tests/bin/Debug/net9.0/ClickUp.Api.Client.Tests.dll" adapterTypeName="executor://xunit/VsTestRunner2/netcoreapp" className="ClickUp.Api.Client.Tests.ServiceTests.ChatServiceTests" name="GetChatChannelFollowersAsync_PassesCancellationTokenToApiConnection" />
    </UnitTest>
    <UnitTest name="ClickUp.Api.Client.Tests.ServiceTests.UserGroupServiceTests.GetUserGroupsAsync_WithGroupIds_BuildsCorrectUrl" storage="/app/src/clickup.api.client.tests/bin/debug/net9.0/clickup.api.client.tests.dll" id="b858c712-c485-b294-8c44-8fde7e544397">
      <Execution id="aedba2cb-d5c6-4e44-9f83-2a350c1f1a5d" />
      <TestMethod codeBase="/app/src/ClickUp.Api.Client.Tests/bin/Debug/net9.0/ClickUp.Api.Client.Tests.dll" adapterTypeName="executor://xunit/VsTestRunner2/netcoreapp" className="ClickUp.Api.Client.Tests.ServiceTests.UserGroupServiceTests" name="GetUserGroupsAsync_WithGroupIds_BuildsCorrectUrl" />
    </UnitTest>
    <UnitTest name="ClickUp.Api.Client.Tests.ServiceTests.GoalsServiceTests.UpdateGoalAsync_ApiReturnsNullGoalInResponse_ThrowsInvalidOperationException" storage="/app/src/clickup.api.client.tests/bin/debug/net9.0/clickup.api.client.tests.dll" id="6f1ad50d-9b4f-0a15-1cc3-ea86e5488bdb">
      <Execution id="ef4750cb-bd16-4aca-964a-4828fad54efb" />
      <TestMethod codeBase="/app/src/ClickUp.Api.Client.Tests/bin/Debug/net9.0/ClickUp.Api.Client.Tests.dll" adapterTypeName="executor://xunit/VsTestRunner2/netcoreapp" className="ClickUp.Api.Client.Tests.ServiceTests.GoalsServiceTests" name="UpdateGoalAsync_ApiReturnsNullGoalInResponse_ThrowsInvalidOperationException" />
    </UnitTest>
    <UnitTest name="ClickUp.Api.Client.Tests.ServiceTests.UserGroupServiceTests.CreateUserGroupAsync_PassesCancellationTokenToApiConnection" storage="/app/src/clickup.api.client.tests/bin/debug/net9.0/clickup.api.client.tests.dll" id="e014c4e5-e405-d77f-a0c8-5bc189ef8f1a">
      <Execution id="6ca75b81-11e8-4130-9bbf-24b3d50a6727" />
      <TestMethod codeBase="/app/src/ClickUp.Api.Client.Tests/bin/Debug/net9.0/ClickUp.Api.Client.Tests.dll" adapterTypeName="executor://xunit/VsTestRunner2/netcoreapp" className="ClickUp.Api.Client.Tests.ServiceTests.UserGroupServiceTests" name="CreateUserGroupAsync_PassesCancellationTokenToApiConnection" />
    </UnitTest>
    <UnitTest name="ClickUp.Api.Client.Tests.ServiceTests.TimeTrackingServiceTests.UpdateTimeEntryAsync_ApiConnectionThrowsHttpRequestException_PropagatesException" storage="/app/src/clickup.api.client.tests/bin/debug/net9.0/clickup.api.client.tests.dll" id="d09196e4-8c5a-dacd-765d-46b96285d752">
      <Execution id="e97f782a-75c9-47a5-ae45-bc1ad327f0d2" />
      <TestMethod codeBase="/app/src/ClickUp.Api.Client.Tests/bin/Debug/net9.0/ClickUp.Api.Client.Tests.dll" adapterTypeName="executor://xunit/VsTestRunner2/netcoreapp" className="ClickUp.Api.Client.Tests.ServiceTests.TimeTrackingServiceTests" name="UpdateTimeEntryAsync_ApiConnectionThrowsHttpRequestException_PropagatesException" />
    </UnitTest>
    <UnitTest name="ClickUp.Api.Client.Tests.ServiceTests.WebhooksServiceTests.DeleteWebhookAsync_ApiConnectionThrowsHttpRequestException_PropagatesException" storage="/app/src/clickup.api.client.tests/bin/debug/net9.0/clickup.api.client.tests.dll" id="bfaf6352-4421-09bc-d915-7b2d2ece56ba">
      <Execution id="13f6548d-6548-4ae4-94dd-0524e35520d9" />
      <TestMethod codeBase="/app/src/ClickUp.Api.Client.Tests/bin/Debug/net9.0/ClickUp.Api.Client.Tests.dll" adapterTypeName="executor://xunit/VsTestRunner2/netcoreapp" className="ClickUp.Api.Client.Tests.ServiceTests.WebhooksServiceTests" name="DeleteWebhookAsync_ApiConnectionThrowsHttpRequestException_PropagatesException" />
    </UnitTest>
    <UnitTest name="ClickUp.Api.Client.Tests.ServiceTests.ChatServiceTests.GetChatChannelMembersAsync_ApiError_ThrowsHttpRequestException" storage="/app/src/clickup.api.client.tests/bin/debug/net9.0/clickup.api.client.tests.dll" id="b31d7064-e5e6-7fa8-8b45-ebefa2aa8589">
      <Execution id="0eef1ee9-9f35-4b9c-a06a-f3067c3587e0" />
      <TestMethod codeBase="/app/src/ClickUp.Api.Client.Tests/bin/Debug/net9.0/ClickUp.Api.Client.Tests.dll" adapterTypeName="executor://xunit/VsTestRunner2/netcoreapp" className="ClickUp.Api.Client.Tests.ServiceTests.ChatServiceTests" name="GetChatChannelMembersAsync_ApiError_ThrowsHttpRequestException" />
    </UnitTest>
    <UnitTest name="ClickUp.Api.Client.Tests.ServiceTests.ChatServiceTests.CreateChatMessageAsync_ValidRequest_CallsPostAndReturnsMessage" storage="/app/src/clickup.api.client.tests/bin/debug/net9.0/clickup.api.client.tests.dll" id="7f29cc1a-1df0-1450-afd8-be1cdd65c1c5">
      <Execution id="fff2dec3-66b5-4f97-8ea6-b816efd2011c" />
      <TestMethod codeBase="/app/src/ClickUp.Api.Client.Tests/bin/Debug/net9.0/ClickUp.Api.Client.Tests.dll" adapterTypeName="executor://xunit/VsTestRunner2/netcoreapp" className="ClickUp.Api.Client.Tests.ServiceTests.ChatServiceTests" name="CreateChatMessageAsync_ValidRequest_CallsPostAndReturnsMessage" />
    </UnitTest>
    <UnitTest name="ClickUp.Api.Client.Tests.ServiceTests.GuestsServiceTests.AddGuestToFolderAsync_NullApiResponse_ThrowsInvalidOperationException" storage="/app/src/clickup.api.client.tests/bin/debug/net9.0/clickup.api.client.tests.dll" id="67f50d33-f9fe-c18c-8531-02094f7b4272">
      <Execution id="e55f8327-87b6-467d-b361-aa4b0d1c20a9" />
      <TestMethod codeBase="/app/src/ClickUp.Api.Client.Tests/bin/Debug/net9.0/ClickUp.Api.Client.Tests.dll" adapterTypeName="executor://xunit/VsTestRunner2/netcoreapp" className="ClickUp.Api.Client.Tests.ServiceTests.GuestsServiceTests" name="AddGuestToFolderAsync_NullApiResponse_ThrowsInvalidOperationException" />
    </UnitTest>
    <UnitTest name="ClickUp.Api.Client.Tests.ServiceTests.WebhooksServiceTests.GetWebhooksAsync_ApiReturnsNullResponse_ReturnsEmptyEnumerable" storage="/app/src/clickup.api.client.tests/bin/debug/net9.0/clickup.api.client.tests.dll" id="d4c2b297-8dff-48fc-f568-86d5264bc62f">
      <Execution id="3dfb367e-c02f-4b9a-b34c-ec86a2577ac1" />
      <TestMethod codeBase="/app/src/ClickUp.Api.Client.Tests/bin/Debug/net9.0/ClickUp.Api.Client.Tests.dll" adapterTypeName="executor://xunit/VsTestRunner2/netcoreapp" className="ClickUp.Api.Client.Tests.ServiceTests.WebhooksServiceTests" name="GetWebhooksAsync_ApiReturnsNullResponse_ReturnsEmptyEnumerable" />
    </UnitTest>
    <UnitTest name="ClickUp.Api.Client.Tests.ServiceTests.ChatServiceTests.GetChatMessageRepliesAsync_NullResponse_ThrowsInvalidOperationException" storage="/app/src/clickup.api.client.tests/bin/debug/net9.0/clickup.api.client.tests.dll" id="8e599e60-ab89-4b35-a0ff-6f9eb7d0e6aa">
      <Execution id="87efe465-52b6-4eb7-80a5-ee6d521871a7" />
      <TestMethod codeBase="/app/src/ClickUp.Api.Client.Tests/bin/Debug/net9.0/ClickUp.Api.Client.Tests.dll" adapterTypeName="executor://xunit/VsTestRunner2/netcoreapp" className="ClickUp.Api.Client.Tests.ServiceTests.ChatServiceTests" name="GetChatMessageRepliesAsync_NullResponse_ThrowsInvalidOperationException" />
    </UnitTest>
    <UnitTest name="ClickUp.Api.Client.Tests.Http.ApiConnectionTests.GetAsync_ThrowsClickUpApiValidationException_ForUnprocessableEntity" storage="/app/src/clickup.api.client.tests/bin/debug/net9.0/clickup.api.client.tests.dll" id="c813dab8-ded2-b372-f84d-2989bfcad19b">
      <Execution id="79d6072a-c975-453d-851f-152d17f67910" />
      <TestMethod codeBase="/app/src/ClickUp.Api.Client.Tests/bin/Debug/net9.0/ClickUp.Api.Client.Tests.dll" adapterTypeName="executor://xunit/VsTestRunner2/netcoreapp" className="ClickUp.Api.Client.Tests.Http.ApiConnectionTests" name="GetAsync_ThrowsClickUpApiValidationException_ForUnprocessableEntity" />
    </UnitTest>
    <UnitTest name="ClickUp.Api.Client.Tests.ServiceTests.MembersServiceTests.GetTaskMembersAsync_ApiConnectionThrowsTaskCanceledException_PropagatesException" storage="/app/src/clickup.api.client.tests/bin/debug/net9.0/clickup.api.client.tests.dll" id="b2f32484-a5e7-baee-136b-ccf738df26ea">
      <Execution id="9ff2b52c-b1d5-45ac-9834-b9325ef5e018" />
      <TestMethod codeBase="/app/src/ClickUp.Api.Client.Tests/bin/Debug/net9.0/ClickUp.Api.Client.Tests.dll" adapterTypeName="executor://xunit/VsTestRunner2/netcoreapp" className="ClickUp.Api.Client.Tests.ServiceTests.MembersServiceTests" name="GetTaskMembersAsync_ApiConnectionThrowsTaskCanceledException_PropagatesException" />
    </UnitTest>
    <UnitTest name="ClickUp.Api.Client.Tests.Http.AuthenticationDelegatingHandlerTests.Constructor_WithInvalidApiKey_ShouldThrowArgumentNullException(invalidApiKey: &quot; &quot;)" storage="/app/src/clickup.api.client.tests/bin/debug/net9.0/clickup.api.client.tests.dll" id="76c2b4cc-ba0a-5bcb-2c62-73d653a66d47">
      <Execution id="eb14672d-d049-4476-bd1f-d0c203b24eb5" />
      <TestMethod codeBase="/app/src/ClickUp.Api.Client.Tests/bin/Debug/net9.0/ClickUp.Api.Client.Tests.dll" adapterTypeName="executor://xunit/VsTestRunner2/netcoreapp" className="ClickUp.Api.Client.Tests.Http.AuthenticationDelegatingHandlerTests" name="Constructor_WithInvalidApiKey_ShouldThrowArgumentNullException" />
    </UnitTest>
    <UnitTest name="ClickUp.Api.Client.Tests.ServiceTests.AttachmentsServiceTests.CreateTaskAttachmentAsync_WithCustomTaskIdsAndTeamId_BuildsCorrectEndpoint" storage="/app/src/clickup.api.client.tests/bin/debug/net9.0/clickup.api.client.tests.dll" id="1ec5e2d0-3801-1f1b-660e-841b341b6ed8">
      <Execution id="41fc208e-2950-4658-999b-452487edf1c8" />
      <TestMethod codeBase="/app/src/ClickUp.Api.Client.Tests/bin/Debug/net9.0/ClickUp.Api.Client.Tests.dll" adapterTypeName="executor://xunit/VsTestRunner2/netcoreapp" className="ClickUp.Api.Client.Tests.ServiceTests.AttachmentsServiceTests" name="CreateTaskAttachmentAsync_WithCustomTaskIdsAndTeamId_BuildsCorrectEndpoint" />
    </UnitTest>
    <UnitTest name="ClickUp.Api.Client.Tests.ServiceTests.SpacesServiceTests.UpdateSpaceAsync_PassesCancellationTokenToApiConnection" storage="/app/src/clickup.api.client.tests/bin/debug/net9.0/clickup.api.client.tests.dll" id="0be596ed-20ca-13c8-b1d0-4c31b3ab9f75">
      <Execution id="310d775f-6eee-4d3b-a9cb-49936208cd29" />
      <TestMethod codeBase="/app/src/ClickUp.Api.Client.Tests/bin/Debug/net9.0/ClickUp.Api.Client.Tests.dll" adapterTypeName="executor://xunit/VsTestRunner2/netcoreapp" className="ClickUp.Api.Client.Tests.ServiceTests.SpacesServiceTests" name="UpdateSpaceAsync_PassesCancellationTokenToApiConnection" />
    </UnitTest>
    <UnitTest name="ClickUp.Api.Client.Tests.ServiceTests.ChatServiceTests.CreateDirectMessageChatChannelAsync_NullResponse_ThrowsInvalidOperationException" storage="/app/src/clickup.api.client.tests/bin/debug/net9.0/clickup.api.client.tests.dll" id="deaa7d6d-5179-48ff-d03d-6b99299e1d96">
      <Execution id="95c307f5-4183-40df-aa31-ed996bc4ce98" />
      <TestMethod codeBase="/app/src/ClickUp.Api.Client.Tests/bin/Debug/net9.0/ClickUp.Api.Client.Tests.dll" adapterTypeName="executor://xunit/VsTestRunner2/netcoreapp" className="ClickUp.Api.Client.Tests.ServiceTests.ChatServiceTests" name="CreateDirectMessageChatChannelAsync_NullResponse_ThrowsInvalidOperationException" />
    </UnitTest>
    <UnitTest name="ClickUp.Api.Client.Tests.ServiceTests.FoldersServiceTests.GetFolderAsync_ApiConnectionThrowsTaskCanceledException_PropagatesException" storage="/app/src/clickup.api.client.tests/bin/debug/net9.0/clickup.api.client.tests.dll" id="f0f83b5a-596a-0ab8-09af-a0a880cb9a69">
      <Execution id="4cb6acb0-939c-45cb-b64b-57e1e9a109de" />
      <TestMethod codeBase="/app/src/ClickUp.Api.Client.Tests/bin/Debug/net9.0/ClickUp.Api.Client.Tests.dll" adapterTypeName="executor://xunit/VsTestRunner2/netcoreapp" className="ClickUp.Api.Client.Tests.ServiceTests.FoldersServiceTests" name="GetFolderAsync_ApiConnectionThrowsTaskCanceledException_PropagatesException" />
    </UnitTest>
    <UnitTest name="ClickUp.Api.Client.Tests.ServiceTests.TimeTrackingServiceTests.GetRunningTimeEntryAsync_WhenTimerIsRunning_ReturnsTimeEntry" storage="/app/src/clickup.api.client.tests/bin/debug/net9.0/clickup.api.client.tests.dll" id="f4ff0c79-3ea2-68e3-d566-a1db5c61fda0">
      <Execution id="cfb1b30e-cebc-49ec-ac3f-5d64d302ea3d" />
      <TestMethod codeBase="/app/src/ClickUp.Api.Client.Tests/bin/Debug/net9.0/ClickUp.Api.Client.Tests.dll" adapterTypeName="executor://xunit/VsTestRunner2/netcoreapp" className="ClickUp.Api.Client.Tests.ServiceTests.TimeTrackingServiceTests" name="GetRunningTimeEntryAsync_WhenTimerIsRunning_ReturnsTimeEntry" />
    </UnitTest>
    <UnitTest name="ClickUp.Api.Client.Tests.ServiceTests.TaskChecklistsServiceTests.CreateChecklistAsync_ApiConnectionThrowsTaskCanceledException_PropagatesException" storage="/app/src/clickup.api.client.tests/bin/debug/net9.0/clickup.api.client.tests.dll" id="5ec4b980-14a9-daae-341a-f8bfcb17afca">
      <Execution id="f8589d0b-a2d3-4424-81ee-cb438005d0a8" />
      <TestMethod codeBase="/app/src/ClickUp.Api.Client.Tests/bin/Debug/net9.0/ClickUp.Api.Client.Tests.dll" adapterTypeName="executor://xunit/VsTestRunner2/netcoreapp" className="ClickUp.Api.Client.Tests.ServiceTests.TaskChecklistsServiceTests" name="CreateChecklistAsync_ApiConnectionThrowsTaskCanceledException_PropagatesException" />
    </UnitTest>
    <UnitTest name="ClickUp.Api.Client.Tests.ServiceTests.TimeTrackingServiceTests.ChangeTimeEntryTagNameAsync_ApiConnectionThrowsTaskCanceledException_PropagatesException" storage="/app/src/clickup.api.client.tests/bin/debug/net9.0/clickup.api.client.tests.dll" id="443f2da3-b089-a650-7bb5-fbd792906525">
      <Execution id="19a07a00-e834-421c-9d41-26ece7d4b000" />
      <TestMethod codeBase="/app/src/ClickUp.Api.Client.Tests/bin/Debug/net9.0/ClickUp.Api.Client.Tests.dll" adapterTypeName="executor://xunit/VsTestRunner2/netcoreapp" className="ClickUp.Api.Client.Tests.ServiceTests.TimeTrackingServiceTests" name="ChangeTimeEntryTagNameAsync_ApiConnectionThrowsTaskCanceledException_PropagatesException" />
    </UnitTest>
    <UnitTest name="ClickUp.Api.Client.Tests.ServiceTests.GuestsServiceTests.RemoveGuestFromListAsync_NullApiResponse_ThrowsInvalidOperationException" storage="/app/src/clickup.api.client.tests/bin/debug/net9.0/clickup.api.client.tests.dll" id="d0d582a8-0c22-e0d2-4278-1deb51f5a180">
      <Execution id="d7a6d875-deed-4be9-8224-9c6f0de08b22" />
      <TestMethod codeBase="/app/src/ClickUp.Api.Client.Tests/bin/Debug/net9.0/ClickUp.Api.Client.Tests.dll" adapterTypeName="executor://xunit/VsTestRunner2/netcoreapp" className="ClickUp.Api.Client.Tests.ServiceTests.GuestsServiceTests" name="RemoveGuestFromListAsync_NullApiResponse_ThrowsInvalidOperationException" />
    </UnitTest>
    <UnitTest name="ClickUp.Api.Client.Tests.ServiceTests.TimeTrackingServiceTests.GetAllTimeEntryTagsAsync_ApiConnectionThrowsHttpRequestException_PropagatesException" storage="/app/src/clickup.api.client.tests/bin/debug/net9.0/clickup.api.client.tests.dll" id="c53c3423-ff8d-701c-7fc4-4700e82a795f">
      <Execution id="b153705a-a934-4bc2-8caa-6887e73862d7" />
      <TestMethod codeBase="/app/src/ClickUp.Api.Client.Tests/bin/Debug/net9.0/ClickUp.Api.Client.Tests.dll" adapterTypeName="executor://xunit/VsTestRunner2/netcoreapp" className="ClickUp.Api.Client.Tests.ServiceTests.TimeTrackingServiceTests" name="GetAllTimeEntryTagsAsync_ApiConnectionThrowsHttpRequestException_PropagatesException" />
    </UnitTest>
    <UnitTest name="ClickUp.Api.Client.Tests.ServiceTests.UserGroupServiceTests.GetUserGroupsAsync_ApiReturnsNullResponse_ReturnsEmptyEnumerable" storage="/app/src/clickup.api.client.tests/bin/debug/net9.0/clickup.api.client.tests.dll" id="0180afdd-c3e5-7768-4cef-4956e2f0279d">
      <Execution id="664738b2-e3fc-4130-aa95-c972f34723cb" />
      <TestMethod codeBase="/app/src/ClickUp.Api.Client.Tests/bin/Debug/net9.0/ClickUp.Api.Client.Tests.dll" adapterTypeName="executor://xunit/VsTestRunner2/netcoreapp" className="ClickUp.Api.Client.Tests.ServiceTests.UserGroupServiceTests" name="GetUserGroupsAsync_ApiReturnsNullResponse_ReturnsEmptyEnumerable" />
    </UnitTest>
    <UnitTest name="ClickUp.Api.Client.Tests.ServiceTests.TimeTrackingServiceTests.GetTimeEntriesAsyncEnumerableAsync_ReturnsAllEntries_WhenMultiplePages" storage="/app/src/clickup.api.client.tests/bin/debug/net9.0/clickup.api.client.tests.dll" id="af0e0e72-bb63-75ce-190c-aa98042ba6b1">
      <Execution id="85f8797b-8403-4463-b394-0ce2a58b5c0b" />
      <TestMethod codeBase="/app/src/ClickUp.Api.Client.Tests/bin/Debug/net9.0/ClickUp.Api.Client.Tests.dll" adapterTypeName="executor://xunit/VsTestRunner2/netcoreapp" className="ClickUp.Api.Client.Tests.ServiceTests.TimeTrackingServiceTests" name="GetTimeEntriesAsyncEnumerableAsync_ReturnsAllEntries_WhenMultiplePages" />
    </UnitTest>
    <UnitTest name="ClickUp.Api.Client.Tests.ServiceTests.DocsServiceTests.GetDocPageListingAsync_ApiConnectionThrowsTaskCanceledException_PropagatesException" storage="/app/src/clickup.api.client.tests/bin/debug/net9.0/clickup.api.client.tests.dll" id="3ec3d362-7dab-82c9-c789-b46f7915f705">
      <Execution id="1d98a65e-465d-41b5-980e-11ab80b79626" />
      <TestMethod codeBase="/app/src/ClickUp.Api.Client.Tests/bin/Debug/net9.0/ClickUp.Api.Client.Tests.dll" adapterTypeName="executor://xunit/VsTestRunner2/netcoreapp" className="ClickUp.Api.Client.Tests.ServiceTests.DocsServiceTests" name="GetDocPageListingAsync_ApiConnectionThrowsTaskCanceledException_PropagatesException" />
    </UnitTest>
    <UnitTest name="ClickUp.Api.Client.Tests.ServiceTests.CommentServiceTests.GetChatViewCommentsStreamAsync_IAsyncEnumerable_HandlesApiError" storage="/app/src/clickup.api.client.tests/bin/debug/net9.0/clickup.api.client.tests.dll" id="8dde9b4f-5d4e-aafa-6015-bfdb73c367d3">
      <Execution id="e3a39975-a577-43f1-93d7-d61ac416f321" />
      <TestMethod codeBase="/app/src/ClickUp.Api.Client.Tests/bin/Debug/net9.0/ClickUp.Api.Client.Tests.dll" adapterTypeName="executor://xunit/VsTestRunner2/netcoreapp" className="ClickUp.Api.Client.Tests.ServiceTests.CommentServiceTests" name="GetChatViewCommentsStreamAsync_IAsyncEnumerable_HandlesApiError" />
    </UnitTest>
    <UnitTest name="ClickUp.Api.Client.Tests.ServiceTests.DocsServiceTests.GetDocPagesAsync_ApiError_ThrowsHttpRequestException" storage="/app/src/clickup.api.client.tests/bin/debug/net9.0/clickup.api.client.tests.dll" id="b81c1618-316b-5c50-d8bb-6cce05c2b1d6">
      <Execution id="ce7ad8b4-d3d2-4c78-adcb-88b2fe92de3a" />
      <TestMethod codeBase="/app/src/ClickUp.Api.Client.Tests/bin/Debug/net9.0/ClickUp.Api.Client.Tests.dll" adapterTypeName="executor://xunit/VsTestRunner2/netcoreapp" className="ClickUp.Api.Client.Tests.ServiceTests.DocsServiceTests" name="GetDocPagesAsync_ApiError_ThrowsHttpRequestException" />
    </UnitTest>
    <UnitTest name="ClickUp.Api.Client.Tests.ServiceTests.GuestsServiceTests.InviteGuestToWorkspaceAsync_ApiConnectionThrowsTaskCanceledException_PropagatesException" storage="/app/src/clickup.api.client.tests/bin/debug/net9.0/clickup.api.client.tests.dll" id="fb09f46d-211c-0a0f-4cae-4689d463b1bf">
      <Execution id="c2ae9222-ed34-47af-855f-ae451dbcff01" />
      <TestMethod codeBase="/app/src/ClickUp.Api.Client.Tests/bin/Debug/net9.0/ClickUp.Api.Client.Tests.dll" adapterTypeName="executor://xunit/VsTestRunner2/netcoreapp" className="ClickUp.Api.Client.Tests.ServiceTests.GuestsServiceTests" name="InviteGuestToWorkspaceAsync_ApiConnectionThrowsTaskCanceledException_PropagatesException" />
    </UnitTest>
    <UnitTest name="ClickUp.Api.Client.Tests.ServiceTests.SpacesServiceTests.GetSpacesAsync_ValidWorkspaceId_ReturnsSpaces" storage="/app/src/clickup.api.client.tests/bin/debug/net9.0/clickup.api.client.tests.dll" id="ad2f2747-ece5-41db-df6e-26eeee601f8b">
      <Execution id="9a995484-30dd-4355-b3f0-88804ab3d64a" />
      <TestMethod codeBase="/app/src/ClickUp.Api.Client.Tests/bin/Debug/net9.0/ClickUp.Api.Client.Tests.dll" adapterTypeName="executor://xunit/VsTestRunner2/netcoreapp" className="ClickUp.Api.Client.Tests.ServiceTests.SpacesServiceTests" name="GetSpacesAsync_ValidWorkspaceId_ReturnsSpaces" />
    </UnitTest>
    <UnitTest name="ClickUp.Api.Client.Tests.ServiceTests.WorkspacesServiceTests.GetWorkspaceSeatsAsync_ApiReturnsNullResponse_ThrowsInvalidOperationException" storage="/app/src/clickup.api.client.tests/bin/debug/net9.0/clickup.api.client.tests.dll" id="112fd369-9f78-6ab1-720e-45063c084bcf">
      <Execution id="da9712b4-ed05-4c21-89f9-95ce4ef0c011" />
      <TestMethod codeBase="/app/src/ClickUp.Api.Client.Tests/bin/Debug/net9.0/ClickUp.Api.Client.Tests.dll" adapterTypeName="executor://xunit/VsTestRunner2/netcoreapp" className="ClickUp.Api.Client.Tests.ServiceTests.WorkspacesServiceTests" name="GetWorkspaceSeatsAsync_ApiReturnsNullResponse_ThrowsInvalidOperationException" />
    </UnitTest>
    <UnitTest name="ClickUp.Api.Client.Tests.ServiceTests.RolesServiceTests.GetCustomRolesAsync_ApiConnectionThrowsHttpRequestException_PropagatesException" storage="/app/src/clickup.api.client.tests/bin/debug/net9.0/clickup.api.client.tests.dll" id="4b91ee2a-0556-a45e-2120-00f52c47f460">
      <Execution id="0110e0ce-c9e4-4e21-b944-c9c1573510cb" />
      <TestMethod codeBase="/app/src/ClickUp.Api.Client.Tests/bin/Debug/net9.0/ClickUp.Api.Client.Tests.dll" adapterTypeName="executor://xunit/VsTestRunner2/netcoreapp" className="ClickUp.Api.Client.Tests.ServiceTests.RolesServiceTests" name="GetCustomRolesAsync_ApiConnectionThrowsHttpRequestException_PropagatesException" />
    </UnitTest>
    <UnitTest name="ClickUp.Api.Client.Tests.ServiceTests.ChatServiceTests.CreateLocationChatChannelAsync_NullDataInResponse_ThrowsInvalidOperationException" storage="/app/src/clickup.api.client.tests/bin/debug/net9.0/clickup.api.client.tests.dll" id="f3a8a3fa-588f-6a24-409b-f2796686733d">
      <Execution id="f2ea88cb-97ad-4f97-b255-38665a3fb8dd" />
      <TestMethod codeBase="/app/src/ClickUp.Api.Client.Tests/bin/Debug/net9.0/ClickUp.Api.Client.Tests.dll" adapterTypeName="executor://xunit/VsTestRunner2/netcoreapp" className="ClickUp.Api.Client.Tests.ServiceTests.ChatServiceTests" name="CreateLocationChatChannelAsync_NullDataInResponse_ThrowsInvalidOperationException" />
    </UnitTest>
    <UnitTest name="ClickUp.Api.Client.Tests.ServiceTests.SpacesServiceTests.GetSpacesAsync_ApiReturnsResponseWithNullSpaces_ReturnsEmptyEnumerable" storage="/app/src/clickup.api.client.tests/bin/debug/net9.0/clickup.api.client.tests.dll" id="173cddce-20b5-b1cf-f1bb-6e624f03b3b2">
      <Execution id="cc97a9df-bb56-46d2-8a8a-19e6fd23424f" />
      <TestMethod codeBase="/app/src/ClickUp.Api.Client.Tests/bin/Debug/net9.0/ClickUp.Api.Client.Tests.dll" adapterTypeName="executor://xunit/VsTestRunner2/netcoreapp" className="ClickUp.Api.Client.Tests.ServiceTests.SpacesServiceTests" name="GetSpacesAsync_ApiReturnsResponseWithNullSpaces_ReturnsEmptyEnumerable" />
    </UnitTest>
    <UnitTest name="ClickUp.Api.Client.Tests.ServiceTests.CustomFieldsServiceTests.GetWorkspaceCustomFieldsAsync_ApiError_ThrowsHttpRequestException" storage="/app/src/clickup.api.client.tests/bin/debug/net9.0/clickup.api.client.tests.dll" id="2b8edfa7-90a8-7c8f-bd51-68f140a4326e">
      <Execution id="9d6f2eeb-1ca0-4671-943c-1df5a2e49ee4" />
      <TestMethod codeBase="/app/src/ClickUp.Api.Client.Tests/bin/Debug/net9.0/ClickUp.Api.Client.Tests.dll" adapterTypeName="executor://xunit/VsTestRunner2/netcoreapp" className="ClickUp.Api.Client.Tests.ServiceTests.CustomFieldsServiceTests" name="GetWorkspaceCustomFieldsAsync_ApiError_ThrowsHttpRequestException" />
    </UnitTest>
    <UnitTest name="ClickUp.Api.Client.Tests.ServiceTests.TaskRelationshipsServiceTests.AddDependencyAsync_BothDependsOnAndDependencyOf_ThrowsArgumentException" storage="/app/src/clickup.api.client.tests/bin/debug/net9.0/clickup.api.client.tests.dll" id="d3304698-5ea1-efe1-87f7-f7522dd04418">
      <Execution id="7773decd-c6d0-44ad-a26d-c39dd5a81d93" />
      <TestMethod codeBase="/app/src/ClickUp.Api.Client.Tests/bin/Debug/net9.0/ClickUp.Api.Client.Tests.dll" adapterTypeName="executor://xunit/VsTestRunner2/netcoreapp" className="ClickUp.Api.Client.Tests.ServiceTests.TaskRelationshipsServiceTests" name="AddDependencyAsync_BothDependsOnAndDependencyOf_ThrowsArgumentException" />
    </UnitTest>
    <UnitTest name="ClickUp.Api.Client.Tests.ServiceTests.GoalsServiceTests.CreateGoalAsync_ApiReturnsNullGoalInResponse_ThrowsInvalidOperationException" storage="/app/src/clickup.api.client.tests/bin/debug/net9.0/clickup.api.client.tests.dll" id="574450ea-f124-3a1f-aa8f-f6c0ff788a71">
      <Execution id="51741f15-1652-4a24-9989-ad73f1c8cc29" />
      <TestMethod codeBase="/app/src/ClickUp.Api.Client.Tests/bin/Debug/net9.0/ClickUp.Api.Client.Tests.dll" adapterTypeName="executor://xunit/VsTestRunner2/netcoreapp" className="ClickUp.Api.Client.Tests.ServiceTests.GoalsServiceTests" name="CreateGoalAsync_ApiReturnsNullGoalInResponse_ThrowsInvalidOperationException" />
    </UnitTest>
    <UnitTest name="ClickUp.Api.Client.Tests.ServiceTests.TaskChecklistsServiceTests.CreateChecklistAsync_ApiReturnsNullResponse_ThrowsInvalidOperationException" storage="/app/src/clickup.api.client.tests/bin/debug/net9.0/clickup.api.client.tests.dll" id="ea9488c9-11bc-5c71-e6cc-7c27d8788554">
      <Execution id="c8762ec6-e8db-43e7-b0ec-58eb6ef68d88" />
      <TestMethod codeBase="/app/src/ClickUp.Api.Client.Tests/bin/Debug/net9.0/ClickUp.Api.Client.Tests.dll" adapterTypeName="executor://xunit/VsTestRunner2/netcoreapp" className="ClickUp.Api.Client.Tests.ServiceTests.TaskChecklistsServiceTests" name="CreateChecklistAsync_ApiReturnsNullResponse_ThrowsInvalidOperationException" />
    </UnitTest>
    <UnitTest name="ClickUp.Api.Client.Tests.ServiceTests.CommentServiceTests.CreateChatViewCommentAsync_ApiConnectionReturnsNull_ThrowsInvalidOperationException" storage="/app/src/clickup.api.client.tests/bin/debug/net9.0/clickup.api.client.tests.dll" id="19881caf-b46a-2517-3bbb-94c4b3d38103">
      <Execution id="b68d24a6-e813-434b-bcf6-6b1fd2cc3584" />
      <TestMethod codeBase="/app/src/ClickUp.Api.Client.Tests/bin/Debug/net9.0/ClickUp.Api.Client.Tests.dll" adapterTypeName="executor://xunit/VsTestRunner2/netcoreapp" className="ClickUp.Api.Client.Tests.ServiceTests.CommentServiceTests" name="CreateChatViewCommentAsync_ApiConnectionReturnsNull_ThrowsInvalidOperationException" />
    </UnitTest>
    <UnitTest name="ClickUp.Api.Client.Tests.ServiceTests.CommentServiceTests.GetTaskCommentsAsync_IAsyncEnumerable_ReturnsAllComments_WhenSinglePage" storage="/app/src/clickup.api.client.tests/bin/debug/net9.0/clickup.api.client.tests.dll" id="50c5abd6-7b0a-4348-78da-8a2e086832a2">
      <Execution id="49ac3c63-2669-415e-95a8-5110f610e38c" />
      <TestMethod codeBase="/app/src/ClickUp.Api.Client.Tests/bin/Debug/net9.0/ClickUp.Api.Client.Tests.dll" adapterTypeName="executor://xunit/VsTestRunner2/netcoreapp" className="ClickUp.Api.Client.Tests.ServiceTests.CommentServiceTests" name="GetTaskCommentsAsync_IAsyncEnumerable_ReturnsAllComments_WhenSinglePage" />
    </UnitTest>
    <UnitTest name="ClickUp.Api.Client.Tests.ServiceTests.ChatServiceTests.GetChatMessageRepliesAsync_MinimalRequest_BuildsUrlAndReturnsResponse" storage="/app/src/clickup.api.client.tests/bin/debug/net9.0/clickup.api.client.tests.dll" id="8abaa201-50e1-f647-bec2-b35a68581c38">
      <Execution id="16813c46-8472-4838-b155-65074fbe5494" />
      <TestMethod codeBase="/app/src/ClickUp.Api.Client.Tests/bin/Debug/net9.0/ClickUp.Api.Client.Tests.dll" adapterTypeName="executor://xunit/VsTestRunner2/netcoreapp" className="ClickUp.Api.Client.Tests.ServiceTests.ChatServiceTests" name="GetChatMessageRepliesAsync_MinimalRequest_BuildsUrlAndReturnsResponse" />
    </UnitTest>
    <UnitTest name="ClickUp.Api.Client.Tests.ServiceTests.DocsServiceTests.CreatePageAsync_ApiError_ThrowsHttpRequestException" storage="/app/src/clickup.api.client.tests/bin/debug/net9.0/clickup.api.client.tests.dll" id="eada2816-e2a5-7237-2f8a-db27e9f63065">
      <Execution id="add7a937-cdee-40aa-bd7a-abbf3e6545a4" />
      <TestMethod codeBase="/app/src/ClickUp.Api.Client.Tests/bin/Debug/net9.0/ClickUp.Api.Client.Tests.dll" adapterTypeName="executor://xunit/VsTestRunner2/netcoreapp" className="ClickUp.Api.Client.Tests.ServiceTests.DocsServiceTests" name="CreatePageAsync_ApiError_ThrowsHttpRequestException" />
    </UnitTest>
    <UnitTest name="ClickUp.Api.Client.Tests.Models.Common.MemberTests.Member_ShouldDeserializeCorrectly_WhenOptionalPropertiesAreMissing" storage="/app/src/clickup.api.client.tests/bin/debug/net9.0/clickup.api.client.tests.dll" id="2c0fff85-7492-bb9b-c2bf-9c38f36f1d11">
      <Execution id="a6f15fed-fd3b-4c7c-925d-44b40d4079ba" />
      <TestMethod codeBase="/app/src/ClickUp.Api.Client.Tests/bin/Debug/net9.0/ClickUp.Api.Client.Tests.dll" adapterTypeName="executor://xunit/VsTestRunner2/netcoreapp" className="ClickUp.Api.Client.Tests.Models.Common.MemberTests" name="Member_ShouldDeserializeCorrectly_WhenOptionalPropertiesAreMissing" />
    </UnitTest>
    <UnitTest name="ClickUp.Api.Client.Tests.ServiceTests.DocsServiceTests.GetPageAsync_MinimalRequest_BuildsUrlAndReturnsPage" storage="/app/src/clickup.api.client.tests/bin/debug/net9.0/clickup.api.client.tests.dll" id="f5b39a06-2e13-888e-4fa4-e84b24b30d0d">
      <Execution id="31774440-7646-4d52-8acd-324892cd4571" />
      <TestMethod codeBase="/app/src/ClickUp.Api.Client.Tests/bin/Debug/net9.0/ClickUp.Api.Client.Tests.dll" adapterTypeName="executor://xunit/VsTestRunner2/netcoreapp" className="ClickUp.Api.Client.Tests.ServiceTests.DocsServiceTests" name="GetPageAsync_MinimalRequest_BuildsUrlAndReturnsPage" />
    </UnitTest>
    <UnitTest name="ClickUp.Api.Client.Tests.ServiceTests.ChatServiceTests.GetChatMessagesAsync_MinimalRequest_BuildsUrlAndReturnsResponse" storage="/app/src/clickup.api.client.tests/bin/debug/net9.0/clickup.api.client.tests.dll" id="2f460b08-43e7-5cfb-1f41-b11a2f92b56f">
      <Execution id="18ed2bf5-2e2a-48e1-8dde-1b03aca4f82d" />
      <TestMethod codeBase="/app/src/ClickUp.Api.Client.Tests/bin/Debug/net9.0/ClickUp.Api.Client.Tests.dll" adapterTypeName="executor://xunit/VsTestRunner2/netcoreapp" className="ClickUp.Api.Client.Tests.ServiceTests.ChatServiceTests" name="GetChatMessagesAsync_MinimalRequest_BuildsUrlAndReturnsResponse" />
    </UnitTest>
    <UnitTest name="ClickUp.Api.Client.Tests.ServiceTests.CustomFieldsServiceTests.GetAccessibleCustomFieldsAsync_NullResponse_ReturnsEmptyList" storage="/app/src/clickup.api.client.tests/bin/debug/net9.0/clickup.api.client.tests.dll" id="57026cfb-7399-a346-baa6-26f7f3bcc001">
      <Execution id="98846f88-9823-4bf4-ae9e-8d42e9f9bb91" />
      <TestMethod codeBase="/app/src/ClickUp.Api.Client.Tests/bin/Debug/net9.0/ClickUp.Api.Client.Tests.dll" adapterTypeName="executor://xunit/VsTestRunner2/netcoreapp" className="ClickUp.Api.Client.Tests.ServiceTests.CustomFieldsServiceTests" name="GetAccessibleCustomFieldsAsync_NullResponse_ReturnsEmptyList" />
    </UnitTest>
    <UnitTest name="ClickUp.Api.Client.Tests.ServiceTests.ChatServiceTests.GetChatMessageRepliesAsync_ApiError_ThrowsHttpRequestException" storage="/app/src/clickup.api.client.tests/bin/debug/net9.0/clickup.api.client.tests.dll" id="a3e51ec7-b3af-413f-6ae4-8f1fbff3734c">
      <Execution id="fc8f605e-4275-4c32-98cd-553ecb8b3bcc" />
      <TestMethod codeBase="/app/src/ClickUp.Api.Client.Tests/bin/Debug/net9.0/ClickUp.Api.Client.Tests.dll" adapterTypeName="executor://xunit/VsTestRunner2/netcoreapp" className="ClickUp.Api.Client.Tests.ServiceTests.ChatServiceTests" name="GetChatMessageRepliesAsync_ApiError_ThrowsHttpRequestException" />
    </UnitTest>
    <UnitTest name="ClickUp.Api.Client.Tests.ServiceTests.GoalsServiceTests.CreateGoalAsync_ApiError_ThrowsHttpRequestException" storage="/app/src/clickup.api.client.tests/bin/debug/net9.0/clickup.api.client.tests.dll" id="93a946a5-103f-9951-c4fb-21add3658490">
      <Execution id="34a5680c-a07b-4720-b6df-5c45b6ddb184" />
      <TestMethod codeBase="/app/src/ClickUp.Api.Client.Tests/bin/Debug/net9.0/ClickUp.Api.Client.Tests.dll" adapterTypeName="executor://xunit/VsTestRunner2/netcoreapp" className="ClickUp.Api.Client.Tests.ServiceTests.GoalsServiceTests" name="CreateGoalAsync_ApiError_ThrowsHttpRequestException" />
    </UnitTest>
    <UnitTest name="ClickUp.Api.Client.Tests.ServiceTests.GuestsServiceTests.RemoveGuestFromFolderAsync_PassesCancellationTokenToApiConnection" storage="/app/src/clickup.api.client.tests/bin/debug/net9.0/clickup.api.client.tests.dll" id="976057f5-1513-1aff-d45f-402de7473011">
      <Execution id="4cbbc886-7c09-4169-8715-3fdebd08f021" />
      <TestMethod codeBase="/app/src/ClickUp.Api.Client.Tests/bin/Debug/net9.0/ClickUp.Api.Client.Tests.dll" adapterTypeName="executor://xunit/VsTestRunner2/netcoreapp" className="ClickUp.Api.Client.Tests.ServiceTests.GuestsServiceTests" name="RemoveGuestFromFolderAsync_PassesCancellationTokenToApiConnection" />
    </UnitTest>
    <UnitTest name="ClickUp.Api.Client.Tests.ServiceTests.FoldersServiceTests.CreateFolderAsync_ApiConnectionThrowsTaskCanceledException_PropagatesException" storage="/app/src/clickup.api.client.tests/bin/debug/net9.0/clickup.api.client.tests.dll" id="062b9029-8b37-6fb7-1cef-0200c21085ad">
      <Execution id="0077537f-6d1b-4288-b3c9-30930857f7dc" />
      <TestMethod codeBase="/app/src/ClickUp.Api.Client.Tests/bin/Debug/net9.0/ClickUp.Api.Client.Tests.dll" adapterTypeName="executor://xunit/VsTestRunner2/netcoreapp" className="ClickUp.Api.Client.Tests.ServiceTests.FoldersServiceTests" name="CreateFolderAsync_ApiConnectionThrowsTaskCanceledException_PropagatesException" />
    </UnitTest>
    <UnitTest name="ClickUp.Api.Client.Tests.ServiceTests.UserGroupServiceTests.GetUserGroupsAsync_ApiConnectionThrowsTaskCanceledException_PropagatesException" storage="/app/src/clickup.api.client.tests/bin/debug/net9.0/clickup.api.client.tests.dll" id="0bc15a78-ab39-3aa8-3013-acecb5d67602">
      <Execution id="6396e217-81f6-40b4-8291-6660965b1dc6" />
      <TestMethod codeBase="/app/src/ClickUp.Api.Client.Tests/bin/Debug/net9.0/ClickUp.Api.Client.Tests.dll" adapterTypeName="executor://xunit/VsTestRunner2/netcoreapp" className="ClickUp.Api.Client.Tests.ServiceTests.UserGroupServiceTests" name="GetUserGroupsAsync_ApiConnectionThrowsTaskCanceledException_PropagatesException" />
    </UnitTest>
    <UnitTest name="ClickUp.Api.Client.Tests.ServiceTests.TaskRelationshipsServiceTests.DeleteDependencyAsync_WithDependsOn_CallsDeleteAsyncWithCorrectUrl" storage="/app/src/clickup.api.client.tests/bin/debug/net9.0/clickup.api.client.tests.dll" id="2be44ee8-b70c-9a27-4d16-5b0b81c74ea0">
      <Execution id="93535e6b-b715-44e5-bc60-d00b448ab040" />
      <TestMethod codeBase="/app/src/ClickUp.Api.Client.Tests/bin/Debug/net9.0/ClickUp.Api.Client.Tests.dll" adapterTypeName="executor://xunit/VsTestRunner2/netcoreapp" className="ClickUp.Api.Client.Tests.ServiceTests.TaskRelationshipsServiceTests" name="DeleteDependencyAsync_WithDependsOn_CallsDeleteAsyncWithCorrectUrl" />
    </UnitTest>
    <UnitTest name="ClickUp.Api.Client.Tests.ServiceTests.TimeTrackingServiceTests.GetTimeEntriesAsync_WithAllRequestParameters_BuildsCorrectUrl" storage="/app/src/clickup.api.client.tests/bin/debug/net9.0/clickup.api.client.tests.dll" id="ab45238f-0962-86b9-1aeb-168e6306c508">
      <Execution id="64a7dbbd-6bb3-455f-bfa4-c53d6904e82b" />
      <TestMethod codeBase="/app/src/ClickUp.Api.Client.Tests/bin/Debug/net9.0/ClickUp.Api.Client.Tests.dll" adapterTypeName="executor://xunit/VsTestRunner2/netcoreapp" className="ClickUp.Api.Client.Tests.ServiceTests.TimeTrackingServiceTests" name="GetTimeEntriesAsync_WithAllRequestParameters_BuildsCorrectUrl" />
    </UnitTest>
    <UnitTest name="ClickUp.Api.Client.Tests.ServiceTests.TimeTrackingServiceTests.UpdateTimeEntryAsync_ApiReturnsNullResponse_ThrowsInvalidOperationException" storage="/app/src/clickup.api.client.tests/bin/debug/net9.0/clickup.api.client.tests.dll" id="37cf5525-c82f-3c56-5ac8-e74d70210968">
      <Execution id="9be281ed-d87f-4d88-8b16-653f08bbf3b5" />
      <TestMethod codeBase="/app/src/ClickUp.Api.Client.Tests/bin/Debug/net9.0/ClickUp.Api.Client.Tests.dll" adapterTypeName="executor://xunit/VsTestRunner2/netcoreapp" className="ClickUp.Api.Client.Tests.ServiceTests.TimeTrackingServiceTests" name="UpdateTimeEntryAsync_ApiReturnsNullResponse_ThrowsInvalidOperationException" />
    </UnitTest>
    <UnitTest name="ClickUp.Api.Client.Tests.ServiceTests.DocsServiceTests.CreatePageAsync_ValidRequest_ReturnsPage" storage="/app/src/clickup.api.client.tests/bin/debug/net9.0/clickup.api.client.tests.dll" id="8743d94d-d6cd-c718-c5ad-f9c6fd6bc396">
      <Execution id="2caae4ce-9bbd-45e5-8ede-3dae873f0bb7" />
      <TestMethod codeBase="/app/src/ClickUp.Api.Client.Tests/bin/Debug/net9.0/ClickUp.Api.Client.Tests.dll" adapterTypeName="executor://xunit/VsTestRunner2/netcoreapp" className="ClickUp.Api.Client.Tests.ServiceTests.DocsServiceTests" name="CreatePageAsync_ValidRequest_ReturnsPage" />
    </UnitTest>
    <UnitTest name="ClickUp.Api.Client.Tests.ServiceTests.TagsServiceTests.RemoveTagFromTaskAsync_ApiConnectionThrowsHttpRequestException_PropagatesException" storage="/app/src/clickup.api.client.tests/bin/debug/net9.0/clickup.api.client.tests.dll" id="da8fe84c-d4dc-25e2-a6c6-1542dbab91c3">
      <Execution id="a7f31b3f-4b74-4576-a4cb-826cf2c6a68c" />
      <TestMethod codeBase="/app/src/ClickUp.Api.Client.Tests/bin/Debug/net9.0/ClickUp.Api.Client.Tests.dll" adapterTypeName="executor://xunit/VsTestRunner2/netcoreapp" className="ClickUp.Api.Client.Tests.ServiceTests.TagsServiceTests" name="RemoveTagFromTaskAsync_ApiConnectionThrowsHttpRequestException_PropagatesException" />
    </UnitTest>
    <UnitTest name="ClickUp.Api.Client.Tests.ServiceTests.CustomFieldsServiceTests.GetAccessibleCustomFieldsAsync_ValidListId_BuildsCorrectUrlAndReturnsFields" storage="/app/src/clickup.api.client.tests/bin/debug/net9.0/clickup.api.client.tests.dll" id="a87ff5e5-9b1d-5210-f1d7-074df30d80a7">
      <Execution id="83cf03db-6f54-4dec-89ed-efd9c196f3f3" />
      <TestMethod codeBase="/app/src/ClickUp.Api.Client.Tests/bin/Debug/net9.0/ClickUp.Api.Client.Tests.dll" adapterTypeName="executor://xunit/VsTestRunner2/netcoreapp" className="ClickUp.Api.Client.Tests.ServiceTests.CustomFieldsServiceTests" name="GetAccessibleCustomFieldsAsync_ValidListId_BuildsCorrectUrlAndReturnsFields" />
    </UnitTest>
    <UnitTest name="ClickUp.Api.Client.Tests.ServiceTests.GoalsServiceTests.GetGoalsAsync_ApiError_ThrowsHttpRequestException" storage="/app/src/clickup.api.client.tests/bin/debug/net9.0/clickup.api.client.tests.dll" id="68b3e192-a617-cbce-6861-aca6a4bea39b">
      <Execution id="c661acd3-3329-4ec7-ad71-cd903c987a5d" />
      <TestMethod codeBase="/app/src/ClickUp.Api.Client.Tests/bin/Debug/net9.0/ClickUp.Api.Client.Tests.dll" adapterTypeName="executor://xunit/VsTestRunner2/netcoreapp" className="ClickUp.Api.Client.Tests.ServiceTests.GoalsServiceTests" name="GetGoalsAsync_ApiError_ThrowsHttpRequestException" />
    </UnitTest>
    <UnitTest name="ClickUp.Api.Client.Tests.ServiceTests.DocsServiceTests.GetDocAsync_PassesCancellationTokenToApiConnection" storage="/app/src/clickup.api.client.tests/bin/debug/net9.0/clickup.api.client.tests.dll" id="831c47b6-1e63-26b3-cfc9-7e982b76c0f0">
      <Execution id="f3e365db-8358-41b8-a81e-c05aa371004f" />
      <TestMethod codeBase="/app/src/ClickUp.Api.Client.Tests/bin/Debug/net9.0/ClickUp.Api.Client.Tests.dll" adapterTypeName="executor://xunit/VsTestRunner2/netcoreapp" className="ClickUp.Api.Client.Tests.ServiceTests.DocsServiceTests" name="GetDocAsync_PassesCancellationTokenToApiConnection" />
    </UnitTest>
    <UnitTest name="ClickUp.Api.Client.Tests.ServiceTests.TimeTrackingServiceTests.ChangeTimeEntryTagNameAsync_ApiConnectionThrowsHttpRequestException_PropagatesException" storage="/app/src/clickup.api.client.tests/bin/debug/net9.0/clickup.api.client.tests.dll" id="2108bcbe-d0f1-5006-caac-16d5ac26803a">
      <Execution id="000d2b09-2cfd-4b70-97d0-2fa1e4d4984e" />
      <TestMethod codeBase="/app/src/ClickUp.Api.Client.Tests/bin/Debug/net9.0/ClickUp.Api.Client.Tests.dll" adapterTypeName="executor://xunit/VsTestRunner2/netcoreapp" className="ClickUp.Api.Client.Tests.ServiceTests.TimeTrackingServiceTests" name="ChangeTimeEntryTagNameAsync_ApiConnectionThrowsHttpRequestException_PropagatesException" />
    </UnitTest>
    <UnitTest name="ClickUp.Api.Client.Tests.ServiceTests.TimeTrackingServiceTests.StartTimeEntryAsync_WithCustomTaskIdsAndTeamId_BuildsCorrectUrl" storage="/app/src/clickup.api.client.tests/bin/debug/net9.0/clickup.api.client.tests.dll" id="549f319b-3d3e-04c7-ff45-17f0d1db712c">
      <Execution id="fda1916e-2efa-49aa-bb6d-7091004dffdb" />
      <TestMethod codeBase="/app/src/ClickUp.Api.Client.Tests/bin/Debug/net9.0/ClickUp.Api.Client.Tests.dll" adapterTypeName="executor://xunit/VsTestRunner2/netcoreapp" className="ClickUp.Api.Client.Tests.ServiceTests.TimeTrackingServiceTests" name="StartTimeEntryAsync_WithCustomTaskIdsAndTeamId_BuildsCorrectUrl" />
    </UnitTest>
    <UnitTest name="ClickUp.Api.Client.Tests.Models.Common.MemberTests.Member_ShouldSerializeCorrectly_WhenOptionalPropertiesAreNull" storage="/app/src/clickup.api.client.tests/bin/debug/net9.0/clickup.api.client.tests.dll" id="1db1cf1a-a89d-63bd-e1eb-b0afa09e2872">
      <Execution id="71f16452-16f8-474b-837d-483cec581d3f" />
      <TestMethod codeBase="/app/src/ClickUp.Api.Client.Tests/bin/Debug/net9.0/ClickUp.Api.Client.Tests.dll" adapterTypeName="executor://xunit/VsTestRunner2/netcoreapp" className="ClickUp.Api.Client.Tests.Models.Common.MemberTests" name="Member_ShouldSerializeCorrectly_WhenOptionalPropertiesAreNull" />
    </UnitTest>
    <UnitTest name="ClickUp.Api.Client.Tests.ServiceTests.TaskRelationshipsServiceTests.AddDependencyAsync_WithDependencyOf_CallsPostAsyncWithCorrectPayloadAndUrl" storage="/app/src/clickup.api.client.tests/bin/debug/net9.0/clickup.api.client.tests.dll" id="0875c5b2-9eb4-a182-bf98-f890bebee5ef">
      <Execution id="b604e6dd-a342-499d-8187-a8ace8db0adb" />
      <TestMethod codeBase="/app/src/ClickUp.Api.Client.Tests/bin/Debug/net9.0/ClickUp.Api.Client.Tests.dll" adapterTypeName="executor://xunit/VsTestRunner2/netcoreapp" className="ClickUp.Api.Client.Tests.ServiceTests.TaskRelationshipsServiceTests" name="AddDependencyAsync_WithDependencyOf_CallsPostAsyncWithCorrectPayloadAndUrl" />
    </UnitTest>
    <UnitTest name="ClickUp.Api.Client.Tests.ServiceTests.CustomFieldsServiceTests.GetFolderCustomFieldsAsync_ApiError_ThrowsHttpRequestException" storage="/app/src/clickup.api.client.tests/bin/debug/net9.0/clickup.api.client.tests.dll" id="111b5745-dc75-6f3d-aaee-96747b4d798f">
      <Execution id="6817fcf3-bcf5-4a93-a4a0-0e681cc20dc2" />
      <TestMethod codeBase="/app/src/ClickUp.Api.Client.Tests/bin/Debug/net9.0/ClickUp.Api.Client.Tests.dll" adapterTypeName="executor://xunit/VsTestRunner2/netcoreapp" className="ClickUp.Api.Client.Tests.ServiceTests.CustomFieldsServiceTests" name="GetFolderCustomFieldsAsync_ApiError_ThrowsHttpRequestException" />
    </UnitTest>
    <UnitTest name="ClickUp.Api.Client.Tests.ServiceTests.TaskServiceTests.GetTaskAsync_ApiConnectionThrowsException_PropagatesException" storage="/app/src/clickup.api.client.tests/bin/debug/net9.0/clickup.api.client.tests.dll" id="ca26ab62-0c75-5ed1-f634-c4b65f91d00f">
      <Execution id="bce8ac21-4bce-44b2-ac52-7a5e9cf6e662" />
      <TestMethod codeBase="/app/src/ClickUp.Api.Client.Tests/bin/Debug/net9.0/ClickUp.Api.Client.Tests.dll" adapterTypeName="executor://xunit/VsTestRunner2/netcoreapp" className="ClickUp.Api.Client.Tests.ServiceTests.TaskServiceTests" name="GetTaskAsync_ApiConnectionThrowsException_PropagatesException" />
    </UnitTest>
    <UnitTest name="ClickUp.Api.Client.Tests.Http.ApiConnectionTests.GetAsync_ThrowsClickUpApiException_WhenContentIsEmpty" storage="/app/src/clickup.api.client.tests/bin/debug/net9.0/clickup.api.client.tests.dll" id="42da3e86-c4b2-f46d-0f5b-b82a328f739c">
      <Execution id="8980022a-f705-4375-b32c-f25e8361b980" />
      <TestMethod codeBase="/app/src/ClickUp.Api.Client.Tests/bin/Debug/net9.0/ClickUp.Api.Client.Tests.dll" adapterTypeName="executor://xunit/VsTestRunner2/netcoreapp" className="ClickUp.Api.Client.Tests.Http.ApiConnectionTests" name="GetAsync_ThrowsClickUpApiException_WhenContentIsEmpty" />
    </UnitTest>
    <UnitTest name="ClickUp.Api.Client.Tests.ServiceTests.GoalsServiceTests.UpdateGoalAsync_ApiError_ThrowsHttpRequestException" storage="/app/src/clickup.api.client.tests/bin/debug/net9.0/clickup.api.client.tests.dll" id="c061e405-883c-9658-5a6e-a7bf565667ac">
      <Execution id="a740d22a-1558-4da9-a55e-f3cc17fc2842" />
      <TestMethod codeBase="/app/src/ClickUp.Api.Client.Tests/bin/Debug/net9.0/ClickUp.Api.Client.Tests.dll" adapterTypeName="executor://xunit/VsTestRunner2/netcoreapp" className="ClickUp.Api.Client.Tests.ServiceTests.GoalsServiceTests" name="UpdateGoalAsync_ApiError_ThrowsHttpRequestException" />
    </UnitTest>
    <UnitTest name="ClickUp.Api.Client.Tests.ServiceTests.GuestsServiceTests.EditGuestOnWorkspaceAsync_PassesCancellationTokenToApiConnection" storage="/app/src/clickup.api.client.tests/bin/debug/net9.0/clickup.api.client.tests.dll" id="0ab8284b-1630-a3a0-4f89-bb74ed590d8d">
      <Execution id="ab9e2ab1-def5-44b9-a1de-cbf384db0cc4" />
      <TestMethod codeBase="/app/src/ClickUp.Api.Client.Tests/bin/Debug/net9.0/ClickUp.Api.Client.Tests.dll" adapterTypeName="executor://xunit/VsTestRunner2/netcoreapp" className="ClickUp.Api.Client.Tests.ServiceTests.GuestsServiceTests" name="EditGuestOnWorkspaceAsync_PassesCancellationTokenToApiConnection" />
    </UnitTest>
    <UnitTest name="ClickUp.Api.Client.Tests.ServiceTests.ListsServiceTests.GetListAsync_ValidListId_ReturnsList" storage="/app/src/clickup.api.client.tests/bin/debug/net9.0/clickup.api.client.tests.dll" id="b2d4b964-f22a-8748-fa80-0fa6155a715e">
      <Execution id="84c68e29-f2a5-4a64-b63b-8522182d02f8" />
      <TestMethod codeBase="/app/src/ClickUp.Api.Client.Tests/bin/Debug/net9.0/ClickUp.Api.Client.Tests.dll" adapterTypeName="executor://xunit/VsTestRunner2/netcoreapp" className="ClickUp.Api.Client.Tests.ServiceTests.ListsServiceTests" name="GetListAsync_ValidListId_ReturnsList" />
    </UnitTest>
    <UnitTest name="ClickUp.Api.Client.Tests.ServiceTests.ChatServiceTests.DeleteChatReactionAsync_PassesCancellationTokenToApiConnection" storage="/app/src/clickup.api.client.tests/bin/debug/net9.0/clickup.api.client.tests.dll" id="d8ab1085-75ed-8e3c-6704-cb239b515cf2">
      <Execution id="232f7ce8-93f6-4105-9dbd-72ef7e8d6ea8" />
      <TestMethod codeBase="/app/src/ClickUp.Api.Client.Tests/bin/Debug/net9.0/ClickUp.Api.Client.Tests.dll" adapterTypeName="executor://xunit/VsTestRunner2/netcoreapp" className="ClickUp.Api.Client.Tests.ServiceTests.ChatServiceTests" name="DeleteChatReactionAsync_PassesCancellationTokenToApiConnection" />
    </UnitTest>
    <UnitTest name="ClickUp.Api.Client.Tests.ServiceTests.GuestsServiceTests.RemoveGuestFromFolderAsync_ApiError_ThrowsHttpRequestException" storage="/app/src/clickup.api.client.tests/bin/debug/net9.0/clickup.api.client.tests.dll" id="ef605509-fe85-323e-6c45-2d4e617f4103">
      <Execution id="adabe120-b444-4561-8a64-60866c9d2585" />
      <TestMethod codeBase="/app/src/ClickUp.Api.Client.Tests/bin/Debug/net9.0/ClickUp.Api.Client.Tests.dll" adapterTypeName="executor://xunit/VsTestRunner2/netcoreapp" className="ClickUp.Api.Client.Tests.ServiceTests.GuestsServiceTests" name="RemoveGuestFromFolderAsync_ApiError_ThrowsHttpRequestException" />
    </UnitTest>
    <UnitTest name="ClickUp.Api.Client.Tests.ServiceTests.DocsServiceTests.GetDocPageListingAsync_NullDataInResponse_ReturnsEmptyEnumerable" storage="/app/src/clickup.api.client.tests/bin/debug/net9.0/clickup.api.client.tests.dll" id="fb4162d0-d605-099e-4577-131bcd47079e">
      <Execution id="ad1bbedf-4018-432c-b2fd-4514f6dc0a23" />
      <TestMethod codeBase="/app/src/ClickUp.Api.Client.Tests/bin/Debug/net9.0/ClickUp.Api.Client.Tests.dll" adapterTypeName="executor://xunit/VsTestRunner2/netcoreapp" className="ClickUp.Api.Client.Tests.ServiceTests.DocsServiceTests" name="GetDocPageListingAsync_NullDataInResponse_ReturnsEmptyEnumerable" />
    </UnitTest>
    <UnitTest name="ClickUp.Api.Client.Tests.ServiceTests.UsersServiceTests.EditUserOnWorkspaceAsync_ApiReturnsResponseWithNullMember_ThrowsInvalidOperationException" storage="/app/src/clickup.api.client.tests/bin/debug/net9.0/clickup.api.client.tests.dll" id="7d882415-d4c4-16f3-e125-247f5706c127">
      <Execution id="d7ed1f6c-65fa-435e-b973-6abeebfd88c5" />
      <TestMethod codeBase="/app/src/ClickUp.Api.Client.Tests/bin/Debug/net9.0/ClickUp.Api.Client.Tests.dll" adapterTypeName="executor://xunit/VsTestRunner2/netcoreapp" className="ClickUp.Api.Client.Tests.ServiceTests.UsersServiceTests" name="EditUserOnWorkspaceAsync_ApiReturnsResponseWithNullMember_ThrowsInvalidOperationException" />
    </UnitTest>
    <UnitTest name="ClickUp.Api.Client.Tests.ServiceTests.GuestsServiceTests.RemoveGuestFromWorkspaceAsync_ApiConnectionThrowsTaskCanceledException_PropagatesException" storage="/app/src/clickup.api.client.tests/bin/debug/net9.0/clickup.api.client.tests.dll" id="764bb79d-f64b-321d-1c4f-cc3374bb3cf9">
      <Execution id="90a023c4-8082-4aac-a40d-c4361d4914d2" />
      <TestMethod codeBase="/app/src/ClickUp.Api.Client.Tests/bin/Debug/net9.0/ClickUp.Api.Client.Tests.dll" adapterTypeName="executor://xunit/VsTestRunner2/netcoreapp" className="ClickUp.Api.Client.Tests.ServiceTests.GuestsServiceTests" name="RemoveGuestFromWorkspaceAsync_ApiConnectionThrowsTaskCanceledException_PropagatesException" />
    </UnitTest>
    <UnitTest name="ClickUp.Api.Client.Tests.Http.ApiConnectionTests.GetAsync_ThrowsCorrectException_ForGeneralErrorStatusCodes(statusCode: ServiceUnavailable, expectedExceptionType: typeof(ClickUp.Api.Client.Models.Exceptions.ClickUpApiServerException), expectedMessageContent: &quot;Service Unavailable&quot;)" storage="/app/src/clickup.api.client.tests/bin/debug/net9.0/clickup.api.client.tests.dll" id="40e1d0a2-d829-f562-0816-5b584932a67d">
      <Execution id="0ad18a9e-7c89-4e28-bb2d-7127b0cdbd33" />
      <TestMethod codeBase="/app/src/ClickUp.Api.Client.Tests/bin/Debug/net9.0/ClickUp.Api.Client.Tests.dll" adapterTypeName="executor://xunit/VsTestRunner2/netcoreapp" className="ClickUp.Api.Client.Tests.Http.ApiConnectionTests" name="GetAsync_ThrowsCorrectException_ForGeneralErrorStatusCodes" />
    </UnitTest>
    <UnitTest name="ClickUp.Api.Client.Tests.ServiceTests.TimeTrackingServiceTests.GetTimeEntryAsync_ApiReturnsResponseWithNullData_ThrowsInvalidOperationException" storage="/app/src/clickup.api.client.tests/bin/debug/net9.0/clickup.api.client.tests.dll" id="2cb3c672-69bb-9a88-208e-2d87e3e3f79b">
      <Execution id="7eb85afb-456a-4328-80a4-0fb486bd2cae" />
      <TestMethod codeBase="/app/src/ClickUp.Api.Client.Tests/bin/Debug/net9.0/ClickUp.Api.Client.Tests.dll" adapterTypeName="executor://xunit/VsTestRunner2/netcoreapp" className="ClickUp.Api.Client.Tests.ServiceTests.TimeTrackingServiceTests" name="GetTimeEntryAsync_ApiReturnsResponseWithNullData_ThrowsInvalidOperationException" />
    </UnitTest>
    <UnitTest name="ClickUp.Api.Client.Tests.ServiceTests.TimeTrackingServiceTests.StopTimeEntryAsync_PassesCancellationTokenToApiConnection" storage="/app/src/clickup.api.client.tests/bin/debug/net9.0/clickup.api.client.tests.dll" id="ae2d07de-feee-fcc6-8805-b90a829fa024">
      <Execution id="d45a30da-3f35-43eb-9749-1bf7e89130e3" />
      <TestMethod codeBase="/app/src/ClickUp.Api.Client.Tests/bin/Debug/net9.0/ClickUp.Api.Client.Tests.dll" adapterTypeName="executor://xunit/VsTestRunner2/netcoreapp" className="ClickUp.Api.Client.Tests.ServiceTests.TimeTrackingServiceTests" name="StopTimeEntryAsync_PassesCancellationTokenToApiConnection" />
    </UnitTest>
    <UnitTest name="ClickUp.Api.Client.Tests.ServiceTests.ChatServiceTests.UpdateChatChannelAsync_ValidRequest_CallsPutAndReturnsChannel" storage="/app/src/clickup.api.client.tests/bin/debug/net9.0/clickup.api.client.tests.dll" id="6c2e12bf-954a-e2dd-fb03-b30da6c844e7">
      <Execution id="90e4e13f-1c6e-4a56-97c9-32741c6e010e" />
      <TestMethod codeBase="/app/src/ClickUp.Api.Client.Tests/bin/Debug/net9.0/ClickUp.Api.Client.Tests.dll" adapterTypeName="executor://xunit/VsTestRunner2/netcoreapp" className="ClickUp.Api.Client.Tests.ServiceTests.ChatServiceTests" name="UpdateChatChannelAsync_ValidRequest_CallsPutAndReturnsChannel" />
    </UnitTest>
    <UnitTest name="ClickUp.Api.Client.Tests.ServiceTests.ChatServiceTests.GetChatMessageRepliesAsync_ApiConnectionThrowsTaskCanceledException_PropagatesException" storage="/app/src/clickup.api.client.tests/bin/debug/net9.0/clickup.api.client.tests.dll" id="8642783a-652f-cfe9-8ce3-8104816d7ab9">
      <Execution id="c3e2287c-5eee-4ec4-87d7-f9254f7fa5ae" />
      <TestMethod codeBase="/app/src/ClickUp.Api.Client.Tests/bin/Debug/net9.0/ClickUp.Api.Client.Tests.dll" adapterTypeName="executor://xunit/VsTestRunner2/netcoreapp" className="ClickUp.Api.Client.Tests.ServiceTests.ChatServiceTests" name="GetChatMessageRepliesAsync_ApiConnectionThrowsTaskCanceledException_PropagatesException" />
    </UnitTest>
    <UnitTest name="ClickUp.Api.Client.Tests.ServiceTests.GuestsServiceTests.EditGuestOnWorkspaceAsync_ApiConnectionThrowsTaskCanceledException_PropagatesException" storage="/app/src/clickup.api.client.tests/bin/debug/net9.0/clickup.api.client.tests.dll" id="cacfee87-a06a-0e6a-2bd1-b27fa68ce9eb">
      <Execution id="613eef9e-68b4-43b5-af68-9000e6ea15e5" />
      <TestMethod codeBase="/app/src/ClickUp.Api.Client.Tests/bin/Debug/net9.0/ClickUp.Api.Client.Tests.dll" adapterTypeName="executor://xunit/VsTestRunner2/netcoreapp" className="ClickUp.Api.Client.Tests.ServiceTests.GuestsServiceTests" name="EditGuestOnWorkspaceAsync_ApiConnectionThrowsTaskCanceledException_PropagatesException" />
    </UnitTest>
    <UnitTest name="ClickUp.Api.Client.Tests.ServiceTests.RolesServiceTests.GetCustomRolesAsync_WithIncludeMembers_ConstructsCorrectUrl(includeMembers: True, expectedUrl: &quot;team/ws_params/customroles?include_members=true&quot;)" storage="/app/src/clickup.api.client.tests/bin/debug/net9.0/clickup.api.client.tests.dll" id="4fc9e7a2-a6f1-e4c6-c186-da830a0b57c2">
      <Execution id="f23398eb-4e05-4385-a4a7-f892f3dfdd28" />
      <TestMethod codeBase="/app/src/ClickUp.Api.Client.Tests/bin/Debug/net9.0/ClickUp.Api.Client.Tests.dll" adapterTypeName="executor://xunit/VsTestRunner2/netcoreapp" className="ClickUp.Api.Client.Tests.ServiceTests.RolesServiceTests" name="GetCustomRolesAsync_WithIncludeMembers_ConstructsCorrectUrl" />
    </UnitTest>
    <UnitTest name="ClickUp.Api.Client.Tests.ServiceTests.TimeTrackingServiceTests.GetTimeEntriesAsyncEnumerableAsync_WithRequestParams_BuildsCorrectUrl" storage="/app/src/clickup.api.client.tests/bin/debug/net9.0/clickup.api.client.tests.dll" id="dab0bede-6d6a-1b77-7fda-80bd452978e9">
      <Execution id="85f90f11-33d6-4acd-a8f5-d7029edb66a0" />
      <TestMethod codeBase="/app/src/ClickUp.Api.Client.Tests/bin/Debug/net9.0/ClickUp.Api.Client.Tests.dll" adapterTypeName="executor://xunit/VsTestRunner2/netcoreapp" className="ClickUp.Api.Client.Tests.ServiceTests.TimeTrackingServiceTests" name="GetTimeEntriesAsyncEnumerableAsync_WithRequestParams_BuildsCorrectUrl" />
    </UnitTest>
    <UnitTest name="ClickUp.Api.Client.Tests.ServiceTests.ChatServiceTests.UpdateChatMessageAsync_ApiConnectionThrowsTaskCanceledException_PropagatesException" storage="/app/src/clickup.api.client.tests/bin/debug/net9.0/clickup.api.client.tests.dll" id="725327de-c729-bba1-25ba-e4171c6a328b">
      <Execution id="7c090f48-21d7-4be0-9c7d-6270c483f4d9" />
      <TestMethod codeBase="/app/src/ClickUp.Api.Client.Tests/bin/Debug/net9.0/ClickUp.Api.Client.Tests.dll" adapterTypeName="executor://xunit/VsTestRunner2/netcoreapp" className="ClickUp.Api.Client.Tests.ServiceTests.ChatServiceTests" name="UpdateChatMessageAsync_ApiConnectionThrowsTaskCanceledException_PropagatesException" />
    </UnitTest>
    <UnitTest name="ClickUp.Api.Client.Tests.ServiceTests.TaskRelationshipsServiceTests.DeleteTaskLinkAsync_ValidRequest_ReturnsNullAsPerCurrentImpl" storage="/app/src/clickup.api.client.tests/bin/debug/net9.0/clickup.api.client.tests.dll" id="f431fb4a-77c8-02d9-5874-49fe6f579e71">
      <Execution id="35759621-750b-45c0-ae0f-172af1fa9f23" />
      <TestMethod codeBase="/app/src/ClickUp.Api.Client.Tests/bin/Debug/net9.0/ClickUp.Api.Client.Tests.dll" adapterTypeName="executor://xunit/VsTestRunner2/netcoreapp" className="ClickUp.Api.Client.Tests.ServiceTests.TaskRelationshipsServiceTests" name="DeleteTaskLinkAsync_ValidRequest_ReturnsNullAsPerCurrentImpl" />
    </UnitTest>
    <UnitTest name="ClickUp.Api.Client.Tests.ServiceTests.MembersServiceTests.GetListMembersAsync_ApiReturnsNullResponse_ReturnsEmptyEnumerable" storage="/app/src/clickup.api.client.tests/bin/debug/net9.0/clickup.api.client.tests.dll" id="abbbd104-459c-2918-03dc-02e01cf46063">
      <Execution id="5db87ef5-06ac-4aac-a544-f2775c92161c" />
      <TestMethod codeBase="/app/src/ClickUp.Api.Client.Tests/bin/Debug/net9.0/ClickUp.Api.Client.Tests.dll" adapterTypeName="executor://xunit/VsTestRunner2/netcoreapp" className="ClickUp.Api.Client.Tests.ServiceTests.MembersServiceTests" name="GetListMembersAsync_ApiReturnsNullResponse_ReturnsEmptyEnumerable" />
    </UnitTest>
    <UnitTest name="ClickUp.Api.Client.Tests.ServiceTests.FoldersServiceTests.UpdateFolderAsync_NullResponse_ThrowsInvalidOperationException" storage="/app/src/clickup.api.client.tests/bin/debug/net9.0/clickup.api.client.tests.dll" id="15b159b3-cb5f-f09c-f394-b08149c7dd09">
      <Execution id="40d2e4ce-b05c-4417-a3bd-6cc9702d26d4" />
      <TestMethod codeBase="/app/src/ClickUp.Api.Client.Tests/bin/Debug/net9.0/ClickUp.Api.Client.Tests.dll" adapterTypeName="executor://xunit/VsTestRunner2/netcoreapp" className="ClickUp.Api.Client.Tests.ServiceTests.FoldersServiceTests" name="UpdateFolderAsync_NullResponse_ThrowsInvalidOperationException" />
    </UnitTest>
    <UnitTest name="ClickUp.Api.Client.Tests.ServiceTests.CustomFieldsServiceTests.RemoveCustomFieldValueAsync_ApiError_ThrowsHttpRequestException" storage="/app/src/clickup.api.client.tests/bin/debug/net9.0/clickup.api.client.tests.dll" id="f0cf4632-d6dd-1631-e787-56470f2d346f">
      <Execution id="b28b598c-0f82-4819-86b7-2e9bb70b2761" />
      <TestMethod codeBase="/app/src/ClickUp.Api.Client.Tests/bin/Debug/net9.0/ClickUp.Api.Client.Tests.dll" adapterTypeName="executor://xunit/VsTestRunner2/netcoreapp" className="ClickUp.Api.Client.Tests.ServiceTests.CustomFieldsServiceTests" name="RemoveCustomFieldValueAsync_ApiError_ThrowsHttpRequestException" />
    </UnitTest>
    <UnitTest name="ClickUp.Api.Client.Tests.ServiceTests.CommentServiceTests.GetListCommentsStreamAsync_IAsyncEnumerable_HandlesCancellation" storage="/app/src/clickup.api.client.tests/bin/debug/net9.0/clickup.api.client.tests.dll" id="fca4fb8b-d92d-c12c-ce43-4e8f81294e05">
      <Execution id="0cd19a65-e27e-46b2-8947-b38850aadb5a" />
      <TestMethod codeBase="/app/src/ClickUp.Api.Client.Tests/bin/Debug/net9.0/ClickUp.Api.Client.Tests.dll" adapterTypeName="executor://xunit/VsTestRunner2/netcoreapp" className="ClickUp.Api.Client.Tests.ServiceTests.CommentServiceTests" name="GetListCommentsStreamAsync_IAsyncEnumerable_HandlesCancellation" />
    </UnitTest>
    <UnitTest name="ClickUp.Api.Client.Tests.ServiceTests.FoldersServiceTests.GetFoldersAsync_PassesCancellationTokenToApiConnection" storage="/app/src/clickup.api.client.tests/bin/debug/net9.0/clickup.api.client.tests.dll" id="8ecb1ccf-0577-96a8-8ef7-6f2811a19468">
      <Execution id="7f5a76b3-075e-4957-9a62-99be7f4f882f" />
      <TestMethod codeBase="/app/src/ClickUp.Api.Client.Tests/bin/Debug/net9.0/ClickUp.Api.Client.Tests.dll" adapterTypeName="executor://xunit/VsTestRunner2/netcoreapp" className="ClickUp.Api.Client.Tests.ServiceTests.FoldersServiceTests" name="GetFoldersAsync_PassesCancellationTokenToApiConnection" />
    </UnitTest>
    <UnitTest name="ClickUp.Api.Client.Tests.ServiceTests.AuthorizationServiceTests.GetAuthorizedWorkspacesAsync_ApiConnectionReturnsNull_ReturnsNull" storage="/app/src/clickup.api.client.tests/bin/debug/net9.0/clickup.api.client.tests.dll" id="04e5087f-2ef0-9da2-f073-772468eea701">
      <Execution id="a769a57f-d342-4236-b156-db9f6131e023" />
      <TestMethod codeBase="/app/src/ClickUp.Api.Client.Tests/bin/Debug/net9.0/ClickUp.Api.Client.Tests.dll" adapterTypeName="executor://xunit/VsTestRunner2/netcoreapp" className="ClickUp.Api.Client.Tests.ServiceTests.AuthorizationServiceTests" name="GetAuthorizedWorkspacesAsync_ApiConnectionReturnsNull_ReturnsNull" />
    </UnitTest>
    <UnitTest name="ClickUp.Api.Client.Tests.ServiceTests.CommentServiceTests.CreateThreadedCommentAsync_ValidInput_CallsApiConnectionPostAsyncWithCorrectParameters" storage="/app/src/clickup.api.client.tests/bin/debug/net9.0/clickup.api.client.tests.dll" id="06216717-90a4-deb6-6c95-20467cbc32ad">
      <Execution id="cc4c5947-b237-4fd3-9f9b-be615bedfe05" />
      <TestMethod codeBase="/app/src/ClickUp.Api.Client.Tests/bin/Debug/net9.0/ClickUp.Api.Client.Tests.dll" adapterTypeName="executor://xunit/VsTestRunner2/netcoreapp" className="ClickUp.Api.Client.Tests.ServiceTests.CommentServiceTests" name="CreateThreadedCommentAsync_ValidInput_CallsApiConnectionPostAsyncWithCorrectParameters" />
    </UnitTest>
    <UnitTest name="ClickUp.Api.Client.Tests.ServiceTests.TagsServiceTests.EditSpaceTagAsync_ApiConnectionThrowsHttpRequestException_PropagatesException" storage="/app/src/clickup.api.client.tests/bin/debug/net9.0/clickup.api.client.tests.dll" id="62d61001-527d-9d1b-b23e-81539a8cf50c">
      <Execution id="34948708-de49-452b-b247-f55260578fef" />
      <TestMethod codeBase="/app/src/ClickUp.Api.Client.Tests/bin/Debug/net9.0/ClickUp.Api.Client.Tests.dll" adapterTypeName="executor://xunit/VsTestRunner2/netcoreapp" className="ClickUp.Api.Client.Tests.ServiceTests.TagsServiceTests" name="EditSpaceTagAsync_ApiConnectionThrowsHttpRequestException_PropagatesException" />
    </UnitTest>
    <UnitTest name="ClickUp.Api.Client.Tests.ServiceTests.ChatServiceTests.DeleteChatMessageAsync_ApiError_ThrowsHttpRequestException" storage="/app/src/clickup.api.client.tests/bin/debug/net9.0/clickup.api.client.tests.dll" id="f4595b48-ed9f-1dfd-8c5d-cab04899b749">
      <Execution id="de442173-410a-4102-bf93-addd72b2c293" />
      <TestMethod codeBase="/app/src/ClickUp.Api.Client.Tests/bin/Debug/net9.0/ClickUp.Api.Client.Tests.dll" adapterTypeName="executor://xunit/VsTestRunner2/netcoreapp" className="ClickUp.Api.Client.Tests.ServiceTests.ChatServiceTests" name="DeleteChatMessageAsync_ApiError_ThrowsHttpRequestException" />
    </UnitTest>
    <UnitTest name="ClickUp.Api.Client.Tests.ServiceTests.DocsServiceTests.GetPageAsync_NullDataInResponse_ThrowsInvalidOperationException" storage="/app/src/clickup.api.client.tests/bin/debug/net9.0/clickup.api.client.tests.dll" id="9b8ff836-b6ad-3695-bd79-77c45a56f268">
      <Execution id="5ad36c19-3138-497a-9b3f-0d55ec94148e" />
      <TestMethod codeBase="/app/src/ClickUp.Api.Client.Tests/bin/Debug/net9.0/ClickUp.Api.Client.Tests.dll" adapterTypeName="executor://xunit/VsTestRunner2/netcoreapp" className="ClickUp.Api.Client.Tests.ServiceTests.DocsServiceTests" name="GetPageAsync_NullDataInResponse_ThrowsInvalidOperationException" />
    </UnitTest>
    <UnitTest name="ClickUp.Api.Client.Tests.ServiceTests.ListsServiceTests.DeleteListAsync_ApiConnectionThrowsTaskCanceledException_PropagatesException" storage="/app/src/clickup.api.client.tests/bin/debug/net9.0/clickup.api.client.tests.dll" id="76271598-d406-2ed7-dae2-3fd4dd5c4009">
      <Execution id="02db1482-7934-425a-bcc3-57219f90e031" />
      <TestMethod codeBase="/app/src/ClickUp.Api.Client.Tests/bin/Debug/net9.0/ClickUp.Api.Client.Tests.dll" adapterTypeName="executor://xunit/VsTestRunner2/netcoreapp" className="ClickUp.Api.Client.Tests.ServiceTests.ListsServiceTests" name="DeleteListAsync_ApiConnectionThrowsTaskCanceledException_PropagatesException" />
    </UnitTest>
    <UnitTest name="ClickUp.Api.Client.Tests.ServiceTests.TimeTrackingServiceTests.GetRunningTimeEntryAsync_ApiConnectionThrowsTaskCanceledException_PropagatesException" storage="/app/src/clickup.api.client.tests/bin/debug/net9.0/clickup.api.client.tests.dll" id="45f226c6-a7fb-f0c5-2b54-879f9f02343b">
      <Execution id="81472c9b-180a-45f7-b147-a7b6dbdd2314" />
      <TestMethod codeBase="/app/src/ClickUp.Api.Client.Tests/bin/Debug/net9.0/ClickUp.Api.Client.Tests.dll" adapterTypeName="executor://xunit/VsTestRunner2/netcoreapp" className="ClickUp.Api.Client.Tests.ServiceTests.TimeTrackingServiceTests" name="GetRunningTimeEntryAsync_ApiConnectionThrowsTaskCanceledException_PropagatesException" />
    </UnitTest>
    <UnitTest name="ClickUp.Api.Client.Tests.ServiceTests.ChatServiceTests.GetChatChannelsAsync_ApiError_ThrowsHttpRequestException" storage="/app/src/clickup.api.client.tests/bin/debug/net9.0/clickup.api.client.tests.dll" id="49a40760-165b-b98c-7b83-bcd32656873d">
      <Execution id="a8bbcb8c-803b-4cec-a20a-34ab42e2c5aa" />
      <TestMethod codeBase="/app/src/ClickUp.Api.Client.Tests/bin/Debug/net9.0/ClickUp.Api.Client.Tests.dll" adapterTypeName="executor://xunit/VsTestRunner2/netcoreapp" className="ClickUp.Api.Client.Tests.ServiceTests.ChatServiceTests" name="GetChatChannelsAsync_ApiError_ThrowsHttpRequestException" />
    </UnitTest>
    <UnitTest name="ClickUp.Api.Client.Tests.ServiceTests.TagsServiceTests.AddTagToTaskAsync_WithCustomTaskIdsAndTeamId_BuildsCorrectUrl" storage="/app/src/clickup.api.client.tests/bin/debug/net9.0/clickup.api.client.tests.dll" id="87f8524a-3471-cf69-59a5-50a063c8cab4">
      <Execution id="c0c1786e-bda2-4ece-b97b-19436940d901" />
      <TestMethod codeBase="/app/src/ClickUp.Api.Client.Tests/bin/Debug/net9.0/ClickUp.Api.Client.Tests.dll" adapterTypeName="executor://xunit/VsTestRunner2/netcoreapp" className="ClickUp.Api.Client.Tests.ServiceTests.TagsServiceTests" name="AddTagToTaskAsync_WithCustomTaskIdsAndTeamId_BuildsCorrectUrl" />
    </UnitTest>
    <UnitTest name="ClickUp.Api.Client.Tests.ServiceTests.ChatServiceTests.CreateReplyMessageAsync_NullDataInResponse_ThrowsInvalidOperationException" storage="/app/src/clickup.api.client.tests/bin/debug/net9.0/clickup.api.client.tests.dll" id="9dd28c6d-eb99-7c8d-7660-36cc80eff1f3">
      <Execution id="de3473dd-2733-4237-9182-1cbe2e660869" />
      <TestMethod codeBase="/app/src/ClickUp.Api.Client.Tests/bin/Debug/net9.0/ClickUp.Api.Client.Tests.dll" adapterTypeName="executor://xunit/VsTestRunner2/netcoreapp" className="ClickUp.Api.Client.Tests.ServiceTests.ChatServiceTests" name="CreateReplyMessageAsync_NullDataInResponse_ThrowsInvalidOperationException" />
    </UnitTest>
    <UnitTest name="ClickUp.Api.Client.Tests.ServiceTests.ViewsServiceTests.GetFolderViewsAsync_ValidFolderId_ReturnsViews" storage="/app/src/clickup.api.client.tests/bin/debug/net9.0/clickup.api.client.tests.dll" id="e3943d2a-6513-8606-a94a-e88cf0bdc8fe">
      <Execution id="21af4864-7619-42f2-bf32-c21e087657fa" />
      <TestMethod codeBase="/app/src/ClickUp.Api.Client.Tests/bin/Debug/net9.0/ClickUp.Api.Client.Tests.dll" adapterTypeName="executor://xunit/VsTestRunner2/netcoreapp" className="ClickUp.Api.Client.Tests.ServiceTests.ViewsServiceTests" name="GetFolderViewsAsync_ValidFolderId_ReturnsViews" />
    </UnitTest>
    <UnitTest name="ClickUp.Api.Client.Tests.ServiceTests.TaskChecklistsServiceTests.EditChecklistItemAsync_PassesCancellationTokenToApiConnection" storage="/app/src/clickup.api.client.tests/bin/debug/net9.0/clickup.api.client.tests.dll" id="1db83022-6f26-bfac-dd11-eaf0b6a29704">
      <Execution id="0f73554f-c7d2-4ecc-8ba9-958084399a04" />
      <TestMethod codeBase="/app/src/ClickUp.Api.Client.Tests/bin/Debug/net9.0/ClickUp.Api.Client.Tests.dll" adapterTypeName="executor://xunit/VsTestRunner2/netcoreapp" className="ClickUp.Api.Client.Tests.ServiceTests.TaskChecklistsServiceTests" name="EditChecklistItemAsync_PassesCancellationTokenToApiConnection" />
    </UnitTest>
    <UnitTest name="ClickUp.Api.Client.Tests.ServiceTests.UsersServiceTests.GetUserFromWorkspaceAsync_ApiReturnsResponseWithNullMember_ThrowsInvalidOperationException" storage="/app/src/clickup.api.client.tests/bin/debug/net9.0/clickup.api.client.tests.dll" id="5a411fd8-004a-df54-9143-f411c3f3fc8b">
      <Execution id="3b5233a6-c404-4a7c-83b2-9e1bb17b5475" />
      <TestMethod codeBase="/app/src/ClickUp.Api.Client.Tests/bin/Debug/net9.0/ClickUp.Api.Client.Tests.dll" adapterTypeName="executor://xunit/VsTestRunner2/netcoreapp" className="ClickUp.Api.Client.Tests.ServiceTests.UsersServiceTests" name="GetUserFromWorkspaceAsync_ApiReturnsResponseWithNullMember_ThrowsInvalidOperationException" />
    </UnitTest>
    <UnitTest name="ClickUp.Api.Client.Tests.ServiceTests.ListsServiceTests.CreateListFromTemplateInFolderAsync_ApiConnectionThrowsHttpRequestException_PropagatesException" storage="/app/src/clickup.api.client.tests/bin/debug/net9.0/clickup.api.client.tests.dll" id="e6daaaea-35c2-a1ec-4efb-e9b209ff48e2">
      <Execution id="d0a94355-f171-461d-9878-b71d2c513fdd" />
      <TestMethod codeBase="/app/src/ClickUp.Api.Client.Tests/bin/Debug/net9.0/ClickUp.Api.Client.Tests.dll" adapterTypeName="executor://xunit/VsTestRunner2/netcoreapp" className="ClickUp.Api.Client.Tests.ServiceTests.ListsServiceTests" name="CreateListFromTemplateInFolderAsync_ApiConnectionThrowsHttpRequestException_PropagatesException" />
    </UnitTest>
    <UnitTest name="ClickUp.Api.Client.Tests.ServiceTests.TimeTrackingServiceTests.DeleteTimeEntryAsync_ValidRequest_CallsDeleteAsync" storage="/app/src/clickup.api.client.tests/bin/debug/net9.0/clickup.api.client.tests.dll" id="7ed2c8a0-7d63-5145-26da-2e020b07f7d6">
      <Execution id="ed8d2b3c-6825-47b9-9980-9b0c89d6e860" />
      <TestMethod codeBase="/app/src/ClickUp.Api.Client.Tests/bin/Debug/net9.0/ClickUp.Api.Client.Tests.dll" adapterTypeName="executor://xunit/VsTestRunner2/netcoreapp" className="ClickUp.Api.Client.Tests.ServiceTests.TimeTrackingServiceTests" name="DeleteTimeEntryAsync_ValidRequest_CallsDeleteAsync" />
    </UnitTest>
    <UnitTest name="ClickUp.Api.Client.Tests.ServiceTests.WebhooksServiceTests.UpdateWebhookAsync_ValidRequest_ReturnsUpdatedWebhook" storage="/app/src/clickup.api.client.tests/bin/debug/net9.0/clickup.api.client.tests.dll" id="703a1df5-a316-af5a-074a-213eff12ae62">
      <Execution id="e0fa5037-6f6b-4fa9-bba9-f2841d920f60" />
      <TestMethod codeBase="/app/src/ClickUp.Api.Client.Tests/bin/Debug/net9.0/ClickUp.Api.Client.Tests.dll" adapterTypeName="executor://xunit/VsTestRunner2/netcoreapp" className="ClickUp.Api.Client.Tests.ServiceTests.WebhooksServiceTests" name="UpdateWebhookAsync_ValidRequest_ReturnsUpdatedWebhook" />
    </UnitTest>
    <UnitTest name="ClickUp.Api.Client.Tests.ServiceTests.CommentServiceTests.DeleteCommentAsync_ApiConnectionThrowsTaskCanceledException_PropagatesException" storage="/app/src/clickup.api.client.tests/bin/debug/net9.0/clickup.api.client.tests.dll" id="a4b5446d-f249-dc53-eabd-f14a5368a5e4">
      <Execution id="2652436b-d733-48c5-9cdb-9ecc9f0dfa9f" />
      <TestMethod codeBase="/app/src/ClickUp.Api.Client.Tests/bin/Debug/net9.0/ClickUp.Api.Client.Tests.dll" adapterTypeName="executor://xunit/VsTestRunner2/netcoreapp" className="ClickUp.Api.Client.Tests.ServiceTests.CommentServiceTests" name="DeleteCommentAsync_ApiConnectionThrowsTaskCanceledException_PropagatesException" />
    </UnitTest>
    <UnitTest name="ClickUp.Api.Client.Tests.ServiceTests.SpacesServiceTests.GetSpaceAsync_ApiReturnsNullResponse_ThrowsInvalidOperationException" storage="/app/src/clickup.api.client.tests/bin/debug/net9.0/clickup.api.client.tests.dll" id="9f2e3f3a-64e7-258f-cd9a-6969b9d16624">
      <Execution id="016dd4ea-7340-4039-acb4-093b967fed16" />
      <TestMethod codeBase="/app/src/ClickUp.Api.Client.Tests/bin/Debug/net9.0/ClickUp.Api.Client.Tests.dll" adapterTypeName="executor://xunit/VsTestRunner2/netcoreapp" className="ClickUp.Api.Client.Tests.ServiceTests.SpacesServiceTests" name="GetSpaceAsync_ApiReturnsNullResponse_ThrowsInvalidOperationException" />
    </UnitTest>
    <UnitTest name="ClickUp.Api.Client.Tests.ServiceTests.DocsServiceTests.GetDocPagesAsync_MinimalRequest_BuildsUrlAndReturnsPages" storage="/app/src/clickup.api.client.tests/bin/debug/net9.0/clickup.api.client.tests.dll" id="83fa4b30-418d-4d63-8b7e-e52905edc26b">
      <Execution id="1a103131-1f41-443f-bc4c-ef79d2723938" />
      <TestMethod codeBase="/app/src/ClickUp.Api.Client.Tests/bin/Debug/net9.0/ClickUp.Api.Client.Tests.dll" adapterTypeName="executor://xunit/VsTestRunner2/netcoreapp" className="ClickUp.Api.Client.Tests.ServiceTests.DocsServiceTests" name="GetDocPagesAsync_MinimalRequest_BuildsUrlAndReturnsPages" />
    </UnitTest>
    <UnitTest name="ClickUp.Api.Client.Tests.ServiceTests.ChatServiceTests.CreateChatChannelAsync_ApiError_ThrowsHttpRequestException" storage="/app/src/clickup.api.client.tests/bin/debug/net9.0/clickup.api.client.tests.dll" id="cbbfbcf5-4e99-ab8a-4aab-1b6e30b711ff">
      <Execution id="c6008b63-3043-4a3a-ba82-50c38ca944de" />
      <TestMethod codeBase="/app/src/ClickUp.Api.Client.Tests/bin/Debug/net9.0/ClickUp.Api.Client.Tests.dll" adapterTypeName="executor://xunit/VsTestRunner2/netcoreapp" className="ClickUp.Api.Client.Tests.ServiceTests.ChatServiceTests" name="CreateChatChannelAsync_ApiError_ThrowsHttpRequestException" />
    </UnitTest>
    <UnitTest name="ClickUp.Api.Client.Tests.ServiceTests.UsersServiceTests.GetUserFromWorkspaceAsync_ApiReturnsNullResponse_ThrowsInvalidOperationException" storage="/app/src/clickup.api.client.tests/bin/debug/net9.0/clickup.api.client.tests.dll" id="475d9678-ed39-777c-2507-1c4359088c7d">
      <Execution id="e825490f-f48a-45a8-9146-9231123deab1" />
      <TestMethod codeBase="/app/src/ClickUp.Api.Client.Tests/bin/Debug/net9.0/ClickUp.Api.Client.Tests.dll" adapterTypeName="executor://xunit/VsTestRunner2/netcoreapp" className="ClickUp.Api.Client.Tests.ServiceTests.UsersServiceTests" name="GetUserFromWorkspaceAsync_ApiReturnsNullResponse_ThrowsInvalidOperationException" />
    </UnitTest>
    <UnitTest name="ClickUp.Api.Client.Tests.ServiceTests.DocsServiceTests.EditPageAsync_PassesCancellationTokenToApiConnection" storage="/app/src/clickup.api.client.tests/bin/debug/net9.0/clickup.api.client.tests.dll" id="be466fe9-7b7a-b34e-e55a-b1f71a62e523">
      <Execution id="e4c57541-7ef3-4de4-8be2-ddc43fcb7a22" />
      <TestMethod codeBase="/app/src/ClickUp.Api.Client.Tests/bin/Debug/net9.0/ClickUp.Api.Client.Tests.dll" adapterTypeName="executor://xunit/VsTestRunner2/netcoreapp" className="ClickUp.Api.Client.Tests.ServiceTests.DocsServiceTests" name="EditPageAsync_PassesCancellationTokenToApiConnection" />
    </UnitTest>
    <UnitTest name="ClickUp.Api.Client.Tests.ServiceTests.WebhooksServiceTests.CreateWebhookAsync_ApiConnectionThrowsHttpRequestException_PropagatesException" storage="/app/src/clickup.api.client.tests/bin/debug/net9.0/clickup.api.client.tests.dll" id="dbd63457-4988-d550-ab86-9da65e8ef0c1">
      <Execution id="eeae14df-4cb6-442d-9aa9-8e1f31365d1a" />
      <TestMethod codeBase="/app/src/ClickUp.Api.Client.Tests/bin/Debug/net9.0/ClickUp.Api.Client.Tests.dll" adapterTypeName="executor://xunit/VsTestRunner2/netcoreapp" className="ClickUp.Api.Client.Tests.ServiceTests.WebhooksServiceTests" name="CreateWebhookAsync_ApiConnectionThrowsHttpRequestException_PropagatesException" />
    </UnitTest>
    <UnitTest name="ClickUp.Api.Client.Tests.ServiceTests.FoldersServiceTests.GetFoldersAsync_ApiReturnsNullResponse_ReturnsEmptyEnumerable" storage="/app/src/clickup.api.client.tests/bin/debug/net9.0/clickup.api.client.tests.dll" id="cf9ce434-1940-5b62-89bd-3f210a8de02b">
      <Execution id="53c42bd2-e1d9-4cfc-9ce0-efa147080407" />
      <TestMethod codeBase="/app/src/ClickUp.Api.Client.Tests/bin/Debug/net9.0/ClickUp.Api.Client.Tests.dll" adapterTypeName="executor://xunit/VsTestRunner2/netcoreapp" className="ClickUp.Api.Client.Tests.ServiceTests.FoldersServiceTests" name="GetFoldersAsync_ApiReturnsNullResponse_ReturnsEmptyEnumerable" />
    </UnitTest>
    <UnitTest name="ClickUp.Api.Client.Tests.ServiceTests.DocsServiceTests.SearchDocsAsync_PassesCancellationTokenToApiConnection" storage="/app/src/clickup.api.client.tests/bin/debug/net9.0/clickup.api.client.tests.dll" id="55b32a28-7140-7866-dfb0-7fc53d5705bd">
      <Execution id="a8f58dcb-47d9-48a7-be15-ee2f9fa1e793" />
      <TestMethod codeBase="/app/src/ClickUp.Api.Client.Tests/bin/Debug/net9.0/ClickUp.Api.Client.Tests.dll" adapterTypeName="executor://xunit/VsTestRunner2/netcoreapp" className="ClickUp.Api.Client.Tests.ServiceTests.DocsServiceTests" name="SearchDocsAsync_PassesCancellationTokenToApiConnection" />
    </UnitTest>
    <UnitTest name="ClickUp.Api.Client.Tests.ServiceTests.ListsServiceTests.UpdateListAsync_ValidRequest_ReturnsUpdatedList" storage="/app/src/clickup.api.client.tests/bin/debug/net9.0/clickup.api.client.tests.dll" id="d7e51438-6f10-ba0d-c97e-e1b550ea3b42">
      <Execution id="aee5fc8d-8a79-4a19-a385-694d0c37b382" />
      <TestMethod codeBase="/app/src/ClickUp.Api.Client.Tests/bin/Debug/net9.0/ClickUp.Api.Client.Tests.dll" adapterTypeName="executor://xunit/VsTestRunner2/netcoreapp" className="ClickUp.Api.Client.Tests.ServiceTests.ListsServiceTests" name="UpdateListAsync_ValidRequest_ReturnsUpdatedList" />
    </UnitTest>
    <UnitTest name="ClickUp.Api.Client.Tests.ServiceTests.TaskChecklistsServiceTests.EditChecklistAsync_ApiConnectionThrowsHttpRequestException_PropagatesException" storage="/app/src/clickup.api.client.tests/bin/debug/net9.0/clickup.api.client.tests.dll" id="f21ae241-b4bd-9868-77b6-d0156ab40b45">
      <Execution id="4ebd2e85-b09c-45e7-a49d-e05078beccf4" />
      <TestMethod codeBase="/app/src/ClickUp.Api.Client.Tests/bin/Debug/net9.0/ClickUp.Api.Client.Tests.dll" adapterTypeName="executor://xunit/VsTestRunner2/netcoreapp" className="ClickUp.Api.Client.Tests.ServiceTests.TaskChecklistsServiceTests" name="EditChecklistAsync_ApiConnectionThrowsHttpRequestException_PropagatesException" />
    </UnitTest>
    <UnitTest name="ClickUp.Api.Client.Tests.ServiceTests.SpacesServiceTests.GetSpaceAsync_PassesCancellationTokenToApiConnection" storage="/app/src/clickup.api.client.tests/bin/debug/net9.0/clickup.api.client.tests.dll" id="9d43684b-00da-7543-9bc1-a2202605ce82">
      <Execution id="3761acd9-747b-414e-b19a-fb8656741804" />
      <TestMethod codeBase="/app/src/ClickUp.Api.Client.Tests/bin/Debug/net9.0/ClickUp.Api.Client.Tests.dll" adapterTypeName="executor://xunit/VsTestRunner2/netcoreapp" className="ClickUp.Api.Client.Tests.ServiceTests.SpacesServiceTests" name="GetSpaceAsync_PassesCancellationTokenToApiConnection" />
    </UnitTest>
    <UnitTest name="ClickUp.Api.Client.Tests.ServiceTests.SpacesServiceTests.UpdateSpaceAsync_ApiReturnsNullResponse_ThrowsInvalidOperationException" storage="/app/src/clickup.api.client.tests/bin/debug/net9.0/clickup.api.client.tests.dll" id="917fa181-a315-21f5-7c4c-f9ac52837fa3">
      <Execution id="0e495898-9676-4596-bb30-c9a59d186051" />
      <TestMethod codeBase="/app/src/ClickUp.Api.Client.Tests/bin/Debug/net9.0/ClickUp.Api.Client.Tests.dll" adapterTypeName="executor://xunit/VsTestRunner2/netcoreapp" className="ClickUp.Api.Client.Tests.ServiceTests.SpacesServiceTests" name="UpdateSpaceAsync_ApiReturnsNullResponse_ThrowsInvalidOperationException" />
    </UnitTest>
    <UnitTest name="ClickUp.Api.Client.Tests.ServiceTests.ChatServiceTests.CreateChatMessageAsync_NullResponse_ThrowsInvalidOperationException" storage="/app/src/clickup.api.client.tests/bin/debug/net9.0/clickup.api.client.tests.dll" id="4fdfaee4-1cf0-2001-bcdf-3109cca39e60">
      <Execution id="8d4c326f-b77c-447e-941a-d583f64db42a" />
      <TestMethod codeBase="/app/src/ClickUp.Api.Client.Tests/bin/Debug/net9.0/ClickUp.Api.Client.Tests.dll" adapterTypeName="executor://xunit/VsTestRunner2/netcoreapp" className="ClickUp.Api.Client.Tests.ServiceTests.ChatServiceTests" name="CreateChatMessageAsync_NullResponse_ThrowsInvalidOperationException" />
    </UnitTest>
    <UnitTest name="ClickUp.Api.Client.Tests.ServiceTests.CommentServiceTests.UpdateCommentAsync_ValidInput_CallsApiConnectionPutAsyncWithCorrectParameters" storage="/app/src/clickup.api.client.tests/bin/debug/net9.0/clickup.api.client.tests.dll" id="f8636ac7-ebb5-6860-e56f-179c84b09f7e">
      <Execution id="36b8626b-0ebe-4459-adfc-50907810e41e" />
      <TestMethod codeBase="/app/src/ClickUp.Api.Client.Tests/bin/Debug/net9.0/ClickUp.Api.Client.Tests.dll" adapterTypeName="executor://xunit/VsTestRunner2/netcoreapp" className="ClickUp.Api.Client.Tests.ServiceTests.CommentServiceTests" name="UpdateCommentAsync_ValidInput_CallsApiConnectionPutAsyncWithCorrectParameters" />
    </UnitTest>
    <UnitTest name="ClickUp.Api.Client.Tests.ServiceTests.TimeTrackingServiceTests.GetAllTimeEntryTagsAsync_ApiConnectionThrowsTaskCanceledException_PropagatesException" storage="/app/src/clickup.api.client.tests/bin/debug/net9.0/clickup.api.client.tests.dll" id="f8a3be77-6b3e-6488-6197-4edc60313224">
      <Execution id="29f95722-a3da-4948-806b-8c53aa536af1" />
      <TestMethod codeBase="/app/src/ClickUp.Api.Client.Tests/bin/Debug/net9.0/ClickUp.Api.Client.Tests.dll" adapterTypeName="executor://xunit/VsTestRunner2/netcoreapp" className="ClickUp.Api.Client.Tests.ServiceTests.TimeTrackingServiceTests" name="GetAllTimeEntryTagsAsync_ApiConnectionThrowsTaskCanceledException_PropagatesException" />
    </UnitTest>
    <UnitTest name="ClickUp.Api.Client.Tests.ServiceTests.TimeTrackingServiceTests.StopTimeEntryAsync_ApiReturnsNullResponse_ThrowsInvalidOperationException" storage="/app/src/clickup.api.client.tests/bin/debug/net9.0/clickup.api.client.tests.dll" id="53dc6fcd-4add-8508-6be8-e34134b4bcde">
      <Execution id="2a2ad1f3-6cfe-4ab1-b454-caf94a4fea36" />
      <TestMethod codeBase="/app/src/ClickUp.Api.Client.Tests/bin/Debug/net9.0/ClickUp.Api.Client.Tests.dll" adapterTypeName="executor://xunit/VsTestRunner2/netcoreapp" className="ClickUp.Api.Client.Tests.ServiceTests.TimeTrackingServiceTests" name="StopTimeEntryAsync_ApiReturnsNullResponse_ThrowsInvalidOperationException" />
    </UnitTest>
    <UnitTest name="ClickUp.Api.Client.Tests.ServiceTests.GoalsServiceTests.GetGoalsAsync_ApiConnectionThrowsTaskCanceledException_PropagatesException" storage="/app/src/clickup.api.client.tests/bin/debug/net9.0/clickup.api.client.tests.dll" id="743584e0-a240-0ce4-5713-dd93c33b213a">
      <Execution id="b9e86c40-e43d-447e-b43e-1171fbdc4100" />
      <TestMethod codeBase="/app/src/ClickUp.Api.Client.Tests/bin/Debug/net9.0/ClickUp.Api.Client.Tests.dll" adapterTypeName="executor://xunit/VsTestRunner2/netcoreapp" className="ClickUp.Api.Client.Tests.ServiceTests.GoalsServiceTests" name="GetGoalsAsync_ApiConnectionThrowsTaskCanceledException_PropagatesException" />
    </UnitTest>
    <UnitTest name="ClickUp.Api.Client.Tests.ServiceTests.GoalsServiceTests.DeleteGoalAsync_ValidId_CallsDelete" storage="/app/src/clickup.api.client.tests/bin/debug/net9.0/clickup.api.client.tests.dll" id="deea7a7e-1fdd-f5a6-e2aa-442a21568894">
      <Execution id="4cc6d8eb-7805-4dde-a205-ea98cc1069e9" />
      <TestMethod codeBase="/app/src/ClickUp.Api.Client.Tests/bin/Debug/net9.0/ClickUp.Api.Client.Tests.dll" adapterTypeName="executor://xunit/VsTestRunner2/netcoreapp" className="ClickUp.Api.Client.Tests.ServiceTests.GoalsServiceTests" name="DeleteGoalAsync_ValidId_CallsDelete" />
    </UnitTest>
    <UnitTest name="ClickUp.Api.Client.Tests.ServiceTests.CommentServiceTests.CreateListCommentAsync_PassesCancellationTokenToApiConnection" storage="/app/src/clickup.api.client.tests/bin/debug/net9.0/clickup.api.client.tests.dll" id="e6784f53-92b9-c672-3ed9-5f40c404e185">
      <Execution id="da11d31a-cf20-42d1-867a-b8f93f2c1fde" />
      <TestMethod codeBase="/app/src/ClickUp.Api.Client.Tests/bin/Debug/net9.0/ClickUp.Api.Client.Tests.dll" adapterTypeName="executor://xunit/VsTestRunner2/netcoreapp" className="ClickUp.Api.Client.Tests.ServiceTests.CommentServiceTests" name="CreateListCommentAsync_PassesCancellationTokenToApiConnection" />
    </UnitTest>
    <UnitTest name="ClickUp.Api.Client.Tests.ServiceTests.UsersServiceTests.EditUserOnWorkspaceAsync_ValidRequest_ReturnsUpdatedUser" storage="/app/src/clickup.api.client.tests/bin/debug/net9.0/clickup.api.client.tests.dll" id="1c190a25-dea2-e5d6-075b-6246ded9bc7a">
      <Execution id="02bc82db-0f96-4c87-8337-585e7bfd6d75" />
      <TestMethod codeBase="/app/src/ClickUp.Api.Client.Tests/bin/Debug/net9.0/ClickUp.Api.Client.Tests.dll" adapterTypeName="executor://xunit/VsTestRunner2/netcoreapp" className="ClickUp.Api.Client.Tests.ServiceTests.UsersServiceTests" name="EditUserOnWorkspaceAsync_ValidRequest_ReturnsUpdatedUser" />
    </UnitTest>
    <UnitTest name="ClickUp.Api.Client.Tests.ServiceTests.GoalsServiceTests.CreateGoalAsync_ApiReturnsNullResponse_ThrowsInvalidOperationException" storage="/app/src/clickup.api.client.tests/bin/debug/net9.0/clickup.api.client.tests.dll" id="50a4b829-9b8c-141f-9af8-de6d13d2fe78">
      <Execution id="f57471a6-abbd-458c-bd37-2501095fa4b5" />
      <TestMethod codeBase="/app/src/ClickUp.Api.Client.Tests/bin/Debug/net9.0/ClickUp.Api.Client.Tests.dll" adapterTypeName="executor://xunit/VsTestRunner2/netcoreapp" className="ClickUp.Api.Client.Tests.ServiceTests.GoalsServiceTests" name="CreateGoalAsync_ApiReturnsNullResponse_ThrowsInvalidOperationException" />
    </UnitTest>
    <UnitTest name="ClickUp.Api.Client.Tests.ServiceTests.TagsServiceTests.AddTagToTaskAsync_ApiConnectionThrowsTaskCanceledException_PropagatesException" storage="/app/src/clickup.api.client.tests/bin/debug/net9.0/clickup.api.client.tests.dll" id="20c11213-7a32-e5b1-4f9d-be32fc32fc40">
      <Execution id="6132e7bb-5f80-46e0-9446-d3c5dbaaa199" />
      <TestMethod codeBase="/app/src/ClickUp.Api.Client.Tests/bin/Debug/net9.0/ClickUp.Api.Client.Tests.dll" adapterTypeName="executor://xunit/VsTestRunner2/netcoreapp" className="ClickUp.Api.Client.Tests.ServiceTests.TagsServiceTests" name="AddTagToTaskAsync_ApiConnectionThrowsTaskCanceledException_PropagatesException" />
    </UnitTest>
    <UnitTest name="ClickUp.Api.Client.Tests.ServiceTests.UsersServiceTests.GetUserFromWorkspaceAsync_ApiReturnsResponseWithNullUserInMember_ThrowsInvalidOperationException" storage="/app/src/clickup.api.client.tests/bin/debug/net9.0/clickup.api.client.tests.dll" id="d8f0fca4-15fd-11f8-f3f3-3e1c1e6fda8e">
      <Execution id="5504500f-fe7a-4ac7-b311-f0a1266bb212" />
      <TestMethod codeBase="/app/src/ClickUp.Api.Client.Tests/bin/Debug/net9.0/ClickUp.Api.Client.Tests.dll" adapterTypeName="executor://xunit/VsTestRunner2/netcoreapp" className="ClickUp.Api.Client.Tests.ServiceTests.UsersServiceTests" name="GetUserFromWorkspaceAsync_ApiReturnsResponseWithNullUserInMember_ThrowsInvalidOperationException" />
    </UnitTest>
    <UnitTest name="ClickUp.Api.Client.Tests.ServiceTests.DocsServiceTests.GetPageAsync_NullResponse_ThrowsInvalidOperationException" storage="/app/src/clickup.api.client.tests/bin/debug/net9.0/clickup.api.client.tests.dll" id="355387e6-3446-3780-0dcb-9de2799ba29b">
      <Execution id="6a4d23b2-6f58-452a-b1e3-5e57b5471030" />
      <TestMethod codeBase="/app/src/ClickUp.Api.Client.Tests/bin/Debug/net9.0/ClickUp.Api.Client.Tests.dll" adapterTypeName="executor://xunit/VsTestRunner2/netcoreapp" className="ClickUp.Api.Client.Tests.ServiceTests.DocsServiceTests" name="GetPageAsync_NullResponse_ThrowsInvalidOperationException" />
    </UnitTest>
    <UnitTest name="ClickUp.Api.Client.Tests.ServiceTests.SpacesServiceTests.UpdateSpaceAsync_ApiConnectionThrowsHttpRequestException_PropagatesException" storage="/app/src/clickup.api.client.tests/bin/debug/net9.0/clickup.api.client.tests.dll" id="10c50b8f-bcc8-df8e-e0b7-8d550856f9b0">
      <Execution id="654cc3fb-73c6-41de-b132-f140b89b7025" />
      <TestMethod codeBase="/app/src/ClickUp.Api.Client.Tests/bin/Debug/net9.0/ClickUp.Api.Client.Tests.dll" adapterTypeName="executor://xunit/VsTestRunner2/netcoreapp" className="ClickUp.Api.Client.Tests.ServiceTests.SpacesServiceTests" name="UpdateSpaceAsync_ApiConnectionThrowsHttpRequestException_PropagatesException" />
    </UnitTest>
    <UnitTest name="ClickUp.Api.Client.Tests.Models.Entities.CustomFieldValueTests.Deserialize_NumberFieldValue_Correctly" storage="/app/src/clickup.api.client.tests/bin/debug/net9.0/clickup.api.client.tests.dll" id="e30d5a07-9505-e75b-f1ba-e64638dc1353">
      <Execution id="58581c13-cab9-4f99-b9b1-87730c565d76" />
      <TestMethod codeBase="/app/src/ClickUp.Api.Client.Tests/bin/Debug/net9.0/ClickUp.Api.Client.Tests.dll" adapterTypeName="executor://xunit/VsTestRunner2/netcoreapp" className="ClickUp.Api.Client.Tests.Models.Entities.CustomFieldValueTests" name="Deserialize_NumberFieldValue_Correctly" />
    </UnitTest>
    <UnitTest name="ClickUp.Api.Client.Tests.ServiceTests.GoalsServiceTests.DeleteKeyResultAsync_ApiConnectionThrowsTaskCanceledException_PropagatesException" storage="/app/src/clickup.api.client.tests/bin/debug/net9.0/clickup.api.client.tests.dll" id="48c2b39b-d8a7-63f4-550c-ca6515b05f4e">
      <Execution id="cd031346-c832-4e44-9680-9c6f39316595" />
      <TestMethod codeBase="/app/src/ClickUp.Api.Client.Tests/bin/Debug/net9.0/ClickUp.Api.Client.Tests.dll" adapterTypeName="executor://xunit/VsTestRunner2/netcoreapp" className="ClickUp.Api.Client.Tests.ServiceTests.GoalsServiceTests" name="DeleteKeyResultAsync_ApiConnectionThrowsTaskCanceledException_PropagatesException" />
    </UnitTest>
    <UnitTest name="ClickUp.Api.Client.Tests.ServiceTests.GuestsServiceTests.RemoveGuestFromListAsync_NullGuestInResponse_ThrowsInvalidOperationException" storage="/app/src/clickup.api.client.tests/bin/debug/net9.0/clickup.api.client.tests.dll" id="e7983c9f-5e2f-f03b-fa2f-39dd8296bf5e">
      <Execution id="7af5ecea-fbee-4b03-bb03-3a046ab16849" />
      <TestMethod codeBase="/app/src/ClickUp.Api.Client.Tests/bin/Debug/net9.0/ClickUp.Api.Client.Tests.dll" adapterTypeName="executor://xunit/VsTestRunner2/netcoreapp" className="ClickUp.Api.Client.Tests.ServiceTests.GuestsServiceTests" name="RemoveGuestFromListAsync_NullGuestInResponse_ThrowsInvalidOperationException" />
    </UnitTest>
    <UnitTest name="ClickUp.Api.Client.Tests.ServiceTests.GuestsServiceTests.EditGuestOnWorkspaceAsync_ApiError_ThrowsHttpRequestException" storage="/app/src/clickup.api.client.tests/bin/debug/net9.0/clickup.api.client.tests.dll" id="1fe75168-c800-b67c-9751-e0d12264c81c">
      <Execution id="38fb25f1-672b-4274-b43c-8d29fdcf1287" />
      <TestMethod codeBase="/app/src/ClickUp.Api.Client.Tests/bin/Debug/net9.0/ClickUp.Api.Client.Tests.dll" adapterTypeName="executor://xunit/VsTestRunner2/netcoreapp" className="ClickUp.Api.Client.Tests.ServiceTests.GuestsServiceTests" name="EditGuestOnWorkspaceAsync_ApiError_ThrowsHttpRequestException" />
    </UnitTest>
    <UnitTest name="ClickUp.Api.Client.Tests.ServiceTests.CommentServiceTests.GetListCommentsStreamAsync_IAsyncEnumerable_ReturnsEmpty_WhenNoComments" storage="/app/src/clickup.api.client.tests/bin/debug/net9.0/clickup.api.client.tests.dll" id="4b76b10c-3987-229a-82ef-c4d4464c6a7a">
      <Execution id="cc983df5-8cd2-41c5-97d5-f9a2ccfb94d2" />
      <TestMethod codeBase="/app/src/ClickUp.Api.Client.Tests/bin/Debug/net9.0/ClickUp.Api.Client.Tests.dll" adapterTypeName="executor://xunit/VsTestRunner2/netcoreapp" className="ClickUp.Api.Client.Tests.ServiceTests.CommentServiceTests" name="GetListCommentsStreamAsync_IAsyncEnumerable_ReturnsEmpty_WhenNoComments" />
    </UnitTest>
    <UnitTest name="ClickUp.Api.Client.Tests.ServiceTests.DocsServiceTests.SearchAllDocsAsync_CancellationRequested_StopsIteration" storage="/app/src/clickup.api.client.tests/bin/debug/net9.0/clickup.api.client.tests.dll" id="4407b350-db9d-8c81-7116-88bb98212cd0">
      <Execution id="8ff414eb-938e-4221-829a-d84eb5e70b68" />
      <TestMethod codeBase="/app/src/ClickUp.Api.Client.Tests/bin/Debug/net9.0/ClickUp.Api.Client.Tests.dll" adapterTypeName="executor://xunit/VsTestRunner2/netcoreapp" className="ClickUp.Api.Client.Tests.ServiceTests.DocsServiceTests" name="SearchAllDocsAsync_CancellationRequested_StopsIteration" />
    </UnitTest>
    <UnitTest name="ClickUp.Api.Client.Tests.ServiceTests.AuthorizationServiceTests.GetAuthorizedWorkspacesAsync_ApiConnectionResponseHasNullWorkspaces_ReturnsNull" storage="/app/src/clickup.api.client.tests/bin/debug/net9.0/clickup.api.client.tests.dll" id="80ab7f0e-6cfe-9e83-8315-050a1996c963">
      <Execution id="af032613-50cc-4509-909b-3524e7773e62" />
      <TestMethod codeBase="/app/src/ClickUp.Api.Client.Tests/bin/Debug/net9.0/ClickUp.Api.Client.Tests.dll" adapterTypeName="executor://xunit/VsTestRunner2/netcoreapp" className="ClickUp.Api.Client.Tests.ServiceTests.AuthorizationServiceTests" name="GetAuthorizedWorkspacesAsync_ApiConnectionResponseHasNullWorkspaces_ReturnsNull" />
    </UnitTest>
    <UnitTest name="ClickUp.Api.Client.Tests.ServiceTests.TagsServiceTests.RemoveTagFromTaskAsync_ValidRequest_CallsDeleteAsyncWithCorrectUrl" storage="/app/src/clickup.api.client.tests/bin/debug/net9.0/clickup.api.client.tests.dll" id="2c6315b1-5c62-5afb-deb3-3d0ce2f1aa9c">
      <Execution id="d61328d7-9800-44de-b745-f3289b08f675" />
      <TestMethod codeBase="/app/src/ClickUp.Api.Client.Tests/bin/Debug/net9.0/ClickUp.Api.Client.Tests.dll" adapterTypeName="executor://xunit/VsTestRunner2/netcoreapp" className="ClickUp.Api.Client.Tests.ServiceTests.TagsServiceTests" name="RemoveTagFromTaskAsync_ValidRequest_CallsDeleteAsyncWithCorrectUrl" />
    </UnitTest>
    <UnitTest name="ClickUp.Api.Client.Tests.ServiceTests.TemplatesServiceTests.GetTaskTemplatesAsync_ApiReturnsResponseWithNullTemplates_ReturnsEmptyList" storage="/app/src/clickup.api.client.tests/bin/debug/net9.0/clickup.api.client.tests.dll" id="b3e5ae08-2d01-f653-02ff-46c398308333">
      <Execution id="4bfe2a9a-ac03-41ff-827b-b9fb428cf854" />
      <TestMethod codeBase="/app/src/ClickUp.Api.Client.Tests/bin/Debug/net9.0/ClickUp.Api.Client.Tests.dll" adapterTypeName="executor://xunit/VsTestRunner2/netcoreapp" className="ClickUp.Api.Client.Tests.ServiceTests.TemplatesServiceTests" name="GetTaskTemplatesAsync_ApiReturnsResponseWithNullTemplates_ReturnsEmptyList" />
    </UnitTest>
    <UnitTest name="ClickUp.Api.Client.Tests.ServiceTests.ListsServiceTests.GetFolderlessListsAsync_WithArchivedTrue_BuildsCorrectUrl" storage="/app/src/clickup.api.client.tests/bin/debug/net9.0/clickup.api.client.tests.dll" id="6713f5db-229f-650d-5241-8148618d3899">
      <Execution id="d20bc665-2d63-4fbf-9f84-0ef63480edbc" />
      <TestMethod codeBase="/app/src/ClickUp.Api.Client.Tests/bin/Debug/net9.0/ClickUp.Api.Client.Tests.dll" adapterTypeName="executor://xunit/VsTestRunner2/netcoreapp" className="ClickUp.Api.Client.Tests.ServiceTests.ListsServiceTests" name="GetFolderlessListsAsync_WithArchivedTrue_BuildsCorrectUrl" />
    </UnitTest>
    <UnitTest name="ClickUp.Api.Client.Tests.ServiceTests.MembersServiceTests.GetTaskMembersAsync_ApiConnectionThrowsHttpRequestException_PropagatesException" storage="/app/src/clickup.api.client.tests/bin/debug/net9.0/clickup.api.client.tests.dll" id="b8102875-1530-5ffa-d85f-e540535c1165">
      <Execution id="28f5fbed-104e-466b-8057-bb072b5fbd56" />
      <TestMethod codeBase="/app/src/ClickUp.Api.Client.Tests/bin/Debug/net9.0/ClickUp.Api.Client.Tests.dll" adapterTypeName="executor://xunit/VsTestRunner2/netcoreapp" className="ClickUp.Api.Client.Tests.ServiceTests.MembersServiceTests" name="GetTaskMembersAsync_ApiConnectionThrowsHttpRequestException_PropagatesException" />
    </UnitTest>
    <UnitTest name="ClickUp.Api.Client.Tests.ServiceTests.CommentServiceTests.CreateListCommentAsync_ApiConnectionThrowsTaskCanceledException_PropagatesException" storage="/app/src/clickup.api.client.tests/bin/debug/net9.0/clickup.api.client.tests.dll" id="74562e14-cc5c-a9c9-1979-f6ded4eaa05c">
      <Execution id="357714ff-3759-4a68-9d1f-84567186ea44" />
      <TestMethod codeBase="/app/src/ClickUp.Api.Client.Tests/bin/Debug/net9.0/ClickUp.Api.Client.Tests.dll" adapterTypeName="executor://xunit/VsTestRunner2/netcoreapp" className="ClickUp.Api.Client.Tests.ServiceTests.CommentServiceTests" name="CreateListCommentAsync_ApiConnectionThrowsTaskCanceledException_PropagatesException" />
    </UnitTest>
    <UnitTest name="ClickUp.Api.Client.Tests.ServiceTests.ListsServiceTests.RemoveTaskFromListAsync_ApiConnectionThrowsHttpRequestException_PropagatesException" storage="/app/src/clickup.api.client.tests/bin/debug/net9.0/clickup.api.client.tests.dll" id="7166428a-b2c6-d817-221a-e3f6d6f9c367">
      <Execution id="7acf5f78-7644-4e54-b0e7-09ee9323006c" />
      <TestMethod codeBase="/app/src/ClickUp.Api.Client.Tests/bin/Debug/net9.0/ClickUp.Api.Client.Tests.dll" adapterTypeName="executor://xunit/VsTestRunner2/netcoreapp" className="ClickUp.Api.Client.Tests.ServiceTests.ListsServiceTests" name="RemoveTaskFromListAsync_ApiConnectionThrowsHttpRequestException_PropagatesException" />
    </UnitTest>
    <UnitTest name="ClickUp.Api.Client.Tests.ServiceTests.TaskServiceTests.GetFilteredTeamTasksAsyncEnumerable_ReturnsEmpty_WhenNoTasks" storage="/app/src/clickup.api.client.tests/bin/debug/net9.0/clickup.api.client.tests.dll" id="77455564-3a69-726a-b534-8465919fcf2b">
      <Execution id="04c8d9ea-3300-49c9-abf7-bf727337d732" />
      <TestMethod codeBase="/app/src/ClickUp.Api.Client.Tests/bin/Debug/net9.0/ClickUp.Api.Client.Tests.dll" adapterTypeName="executor://xunit/VsTestRunner2/netcoreapp" className="ClickUp.Api.Client.Tests.ServiceTests.TaskServiceTests" name="GetFilteredTeamTasksAsyncEnumerable_ReturnsEmpty_WhenNoTasks" />
    </UnitTest>
    <UnitTest name="ClickUp.Api.Client.Tests.ServiceTests.TimeTrackingServiceTests.DeleteTimeEntryAsync_PassesCancellationTokenToApiConnection" storage="/app/src/clickup.api.client.tests/bin/debug/net9.0/clickup.api.client.tests.dll" id="93860a70-03b6-6964-eca6-99f2a40f53bb">
      <Execution id="87d2497c-3900-468e-8ab2-3b8ce81bf897" />
      <TestMethod codeBase="/app/src/ClickUp.Api.Client.Tests/bin/Debug/net9.0/ClickUp.Api.Client.Tests.dll" adapterTypeName="executor://xunit/VsTestRunner2/netcoreapp" className="ClickUp.Api.Client.Tests.ServiceTests.TimeTrackingServiceTests" name="DeleteTimeEntryAsync_PassesCancellationTokenToApiConnection" />
    </UnitTest>
    <UnitTest name="ClickUp.Api.Client.Tests.ServiceTests.DocsServiceTests.CreateDocAsync_ApiConnectionThrowsTaskCanceledException_PropagatesException" storage="/app/src/clickup.api.client.tests/bin/debug/net9.0/clickup.api.client.tests.dll" id="668bee19-e221-0a44-1d56-52288964742b">
      <Execution id="5bef7c6d-3977-4cdc-9525-c9cc3ae4c57f" />
      <TestMethod codeBase="/app/src/ClickUp.Api.Client.Tests/bin/Debug/net9.0/ClickUp.Api.Client.Tests.dll" adapterTypeName="executor://xunit/VsTestRunner2/netcoreapp" className="ClickUp.Api.Client.Tests.ServiceTests.DocsServiceTests" name="CreateDocAsync_ApiConnectionThrowsTaskCanceledException_PropagatesException" />
    </UnitTest>
    <UnitTest name="ClickUp.Api.Client.Tests.ServiceTests.TaskServiceTests.GetFilteredTeamTasksAsync_EmptyWorkspaceId_ThrowsArgumentNullException" storage="/app/src/clickup.api.client.tests/bin/debug/net9.0/clickup.api.client.tests.dll" id="18810675-1d1f-7bbb-20d7-e2d7bb16299f">
      <Execution id="c67d4564-b998-44dd-a3ef-56efcadbd37e" />
      <TestMethod codeBase="/app/src/ClickUp.Api.Client.Tests/bin/Debug/net9.0/ClickUp.Api.Client.Tests.dll" adapterTypeName="executor://xunit/VsTestRunner2/netcoreapp" className="ClickUp.Api.Client.Tests.ServiceTests.TaskServiceTests" name="GetFilteredTeamTasksAsync_EmptyWorkspaceId_ThrowsArgumentNullException" />
    </UnitTest>
    <UnitTest name="ClickUp.Api.Client.Tests.ServiceTests.TimeTrackingServiceTests.RemoveTagsFromTimeEntriesAsync_ValidRequest_CallsDeleteAsyncWithBody" storage="/app/src/clickup.api.client.tests/bin/debug/net9.0/clickup.api.client.tests.dll" id="77bdf4bc-d936-5dd2-d76f-d427b1d19eb7">
      <Execution id="38c941b7-1f9a-45da-9227-4cdc6c4fb9b8" />
      <TestMethod codeBase="/app/src/ClickUp.Api.Client.Tests/bin/Debug/net9.0/ClickUp.Api.Client.Tests.dll" adapterTypeName="executor://xunit/VsTestRunner2/netcoreapp" className="ClickUp.Api.Client.Tests.ServiceTests.TimeTrackingServiceTests" name="RemoveTagsFromTimeEntriesAsync_ValidRequest_CallsDeleteAsyncWithBody" />
    </UnitTest>
    <UnitTest name="ClickUp.Api.Client.Tests.ServiceTests.ListsServiceTests.GetListsInFolderAsync_WithArchivedFalse_BuildsCorrectUrl" storage="/app/src/clickup.api.client.tests/bin/debug/net9.0/clickup.api.client.tests.dll" id="b3f479bb-ab40-60c5-3495-dd1b3ee2147b">
      <Execution id="a7ab494c-82d8-436e-80a4-1e66b71d4e84" />
      <TestMethod codeBase="/app/src/ClickUp.Api.Client.Tests/bin/Debug/net9.0/ClickUp.Api.Client.Tests.dll" adapterTypeName="executor://xunit/VsTestRunner2/netcoreapp" className="ClickUp.Api.Client.Tests.ServiceTests.ListsServiceTests" name="GetListsInFolderAsync_WithArchivedFalse_BuildsCorrectUrl" />
    </UnitTest>
    <UnitTest name="ClickUp.Api.Client.Tests.ServiceTests.ListsServiceTests.GetListAsync_ApiConnectionThrowsTaskCanceledException_PropagatesException" storage="/app/src/clickup.api.client.tests/bin/debug/net9.0/clickup.api.client.tests.dll" id="833be0b6-b134-58cc-33d7-b86161f587e4">
      <Execution id="f84ccfd6-5cad-4755-8f0b-11f70d5ed943" />
      <TestMethod codeBase="/app/src/ClickUp.Api.Client.Tests/bin/Debug/net9.0/ClickUp.Api.Client.Tests.dll" adapterTypeName="executor://xunit/VsTestRunner2/netcoreapp" className="ClickUp.Api.Client.Tests.ServiceTests.ListsServiceTests" name="GetListAsync_ApiConnectionThrowsTaskCanceledException_PropagatesException" />
    </UnitTest>
    <UnitTest name="ClickUp.Api.Client.Tests.ServiceTests.ChatServiceTests.UpdateChatChannelAsync_PassesCancellationTokenToApiConnection" storage="/app/src/clickup.api.client.tests/bin/debug/net9.0/clickup.api.client.tests.dll" id="5c7bd3fb-81ff-1ac2-6d57-8d1e80a09522">
      <Execution id="7ad9d110-09be-4a6a-a433-6273fb4042b0" />
      <TestMethod codeBase="/app/src/ClickUp.Api.Client.Tests/bin/Debug/net9.0/ClickUp.Api.Client.Tests.dll" adapterTypeName="executor://xunit/VsTestRunner2/netcoreapp" className="ClickUp.Api.Client.Tests.ServiceTests.ChatServiceTests" name="UpdateChatChannelAsync_PassesCancellationTokenToApiConnection" />
    </UnitTest>
    <UnitTest name="ClickUp.Api.Client.Tests.ServiceTests.TimeTrackingServiceTests.AddTagsToTimeEntriesAsync_ApiConnectionThrowsHttpRequestException_PropagatesException" storage="/app/src/clickup.api.client.tests/bin/debug/net9.0/clickup.api.client.tests.dll" id="c8c89718-5cad-690c-8dea-b9e5d88363b5">
      <Execution id="412cfb4c-9b24-4578-8fda-ab19e254ca12" />
      <TestMethod codeBase="/app/src/ClickUp.Api.Client.Tests/bin/Debug/net9.0/ClickUp.Api.Client.Tests.dll" adapterTypeName="executor://xunit/VsTestRunner2/netcoreapp" className="ClickUp.Api.Client.Tests.ServiceTests.TimeTrackingServiceTests" name="AddTagsToTimeEntriesAsync_ApiConnectionThrowsHttpRequestException_PropagatesException" />
    </UnitTest>
    <UnitTest name="ClickUp.Api.Client.Tests.ServiceTests.ChatServiceTests.UpdateChatMessageAsync_NullDataInResponse_ThrowsInvalidOperationException" storage="/app/src/clickup.api.client.tests/bin/debug/net9.0/clickup.api.client.tests.dll" id="b66a0705-5045-a9ff-6d1b-1ead82f483bf">
      <Execution id="4721aa4b-dca8-46f1-8448-37c01756a44f" />
      <TestMethod codeBase="/app/src/ClickUp.Api.Client.Tests/bin/Debug/net9.0/ClickUp.Api.Client.Tests.dll" adapterTypeName="executor://xunit/VsTestRunner2/netcoreapp" className="ClickUp.Api.Client.Tests.ServiceTests.ChatServiceTests" name="UpdateChatMessageAsync_NullDataInResponse_ThrowsInvalidOperationException" />
    </UnitTest>
    <UnitTest name="ClickUp.Api.Client.Tests.ServiceTests.FoldersServiceTests.UpdateFolderAsync_ApiError_ThrowsHttpRequestException" storage="/app/src/clickup.api.client.tests/bin/debug/net9.0/clickup.api.client.tests.dll" id="8d925765-e431-d05b-4316-c8628381eee3">
      <Execution id="ceb587c7-94c3-4715-9f5b-cb2893cfff99" />
      <TestMethod codeBase="/app/src/ClickUp.Api.Client.Tests/bin/Debug/net9.0/ClickUp.Api.Client.Tests.dll" adapterTypeName="executor://xunit/VsTestRunner2/netcoreapp" className="ClickUp.Api.Client.Tests.ServiceTests.FoldersServiceTests" name="UpdateFolderAsync_ApiError_ThrowsHttpRequestException" />
    </UnitTest>
    <UnitTest name="ClickUp.Api.Client.Tests.ServiceTests.TimeTrackingServiceTests.GetTimeEntryHistoryAsync_ApiReturnsResponseWithNullHistory_ReturnsEmptyEnumerable" storage="/app/src/clickup.api.client.tests/bin/debug/net9.0/clickup.api.client.tests.dll" id="f302c799-649b-b0ee-3afd-503e7e99c985">
      <Execution id="94d455c2-1738-4b34-a4b9-e1a3dee3d506" />
      <TestMethod codeBase="/app/src/ClickUp.Api.Client.Tests/bin/Debug/net9.0/ClickUp.Api.Client.Tests.dll" adapterTypeName="executor://xunit/VsTestRunner2/netcoreapp" className="ClickUp.Api.Client.Tests.ServiceTests.TimeTrackingServiceTests" name="GetTimeEntryHistoryAsync_ApiReturnsResponseWithNullHistory_ReturnsEmptyEnumerable" />
    </UnitTest>
    <UnitTest name="ClickUp.Api.Client.Tests.ServiceTests.CommentServiceTests.GetThreadedCommentsAsync_ApiConnectionThrowsTaskCanceledException_PropagatesException" storage="/app/src/clickup.api.client.tests/bin/debug/net9.0/clickup.api.client.tests.dll" id="14dbe8ff-b862-5633-193b-df6fb0fc63d4">
      <Execution id="f684e250-b338-43c9-ba73-b9ce8a8abb5d" />
      <TestMethod codeBase="/app/src/ClickUp.Api.Client.Tests/bin/Debug/net9.0/ClickUp.Api.Client.Tests.dll" adapterTypeName="executor://xunit/VsTestRunner2/netcoreapp" className="ClickUp.Api.Client.Tests.ServiceTests.CommentServiceTests" name="GetThreadedCommentsAsync_ApiConnectionThrowsTaskCanceledException_PropagatesException" />
    </UnitTest>
    <UnitTest name="ClickUp.Api.Client.Tests.ServiceTests.TagsServiceTests.GetSpaceTagsAsync_PassesCancellationTokenToApiConnection" storage="/app/src/clickup.api.client.tests/bin/debug/net9.0/clickup.api.client.tests.dll" id="eac1621c-c70f-03f6-5a70-66234bdd4b8b">
      <Execution id="7e0fa08b-d5ac-4077-83a5-5d7c13f1224b" />
      <TestMethod codeBase="/app/src/ClickUp.Api.Client.Tests/bin/Debug/net9.0/ClickUp.Api.Client.Tests.dll" adapterTypeName="executor://xunit/VsTestRunner2/netcoreapp" className="ClickUp.Api.Client.Tests.ServiceTests.TagsServiceTests" name="GetSpaceTagsAsync_PassesCancellationTokenToApiConnection" />
    </UnitTest>
    <UnitTest name="ClickUp.Api.Client.Tests.ServiceTests.ListsServiceTests.RemoveTaskFromListAsync_PassesCancellationTokenToApiConnection" storage="/app/src/clickup.api.client.tests/bin/debug/net9.0/clickup.api.client.tests.dll" id="f1e36961-5c37-364c-023d-e92ca8cc1274">
      <Execution id="fb6ca3b2-85da-4d4a-80a7-f12b26800eb0" />
      <TestMethod codeBase="/app/src/ClickUp.Api.Client.Tests/bin/Debug/net9.0/ClickUp.Api.Client.Tests.dll" adapterTypeName="executor://xunit/VsTestRunner2/netcoreapp" className="ClickUp.Api.Client.Tests.ServiceTests.ListsServiceTests" name="RemoveTaskFromListAsync_PassesCancellationTokenToApiConnection" />
    </UnitTest>
    <UnitTest name="ClickUp.Api.Client.Tests.ServiceTests.TimeTrackingServiceTests.DeleteTimeEntryAsync_ApiConnectionThrowsTaskCanceledException_PropagatesException" storage="/app/src/clickup.api.client.tests/bin/debug/net9.0/clickup.api.client.tests.dll" id="c9d05bfe-c5f5-b0ae-ecec-cac77b7363df">
      <Execution id="0894c2a1-9a2d-4d7d-b126-3f44066dcbc9" />
      <TestMethod codeBase="/app/src/ClickUp.Api.Client.Tests/bin/Debug/net9.0/ClickUp.Api.Client.Tests.dll" adapterTypeName="executor://xunit/VsTestRunner2/netcoreapp" className="ClickUp.Api.Client.Tests.ServiceTests.TimeTrackingServiceTests" name="DeleteTimeEntryAsync_ApiConnectionThrowsTaskCanceledException_PropagatesException" />
    </UnitTest>
    <UnitTest name="ClickUp.Api.Client.Tests.ServiceTests.GoalsServiceTests.UpdateGoalAsync_ApiConnectionThrowsTaskCanceledException_PropagatesException" storage="/app/src/clickup.api.client.tests/bin/debug/net9.0/clickup.api.client.tests.dll" id="98aeb1c6-0311-034b-f3a6-7cfe1ed606b2">
      <Execution id="88faa5c9-15ca-4c18-8ca4-fc802be6529c" />
      <TestMethod codeBase="/app/src/ClickUp.Api.Client.Tests/bin/Debug/net9.0/ClickUp.Api.Client.Tests.dll" adapterTypeName="executor://xunit/VsTestRunner2/netcoreapp" className="ClickUp.Api.Client.Tests.ServiceTests.GoalsServiceTests" name="UpdateGoalAsync_ApiConnectionThrowsTaskCanceledException_PropagatesException" />
    </UnitTest>
    <UnitTest name="ClickUp.Api.Client.Tests.ServiceTests.UsersServiceTests.RemoveUserFromWorkspaceAsync_PassesCancellationTokenToApiConnection" storage="/app/src/clickup.api.client.tests/bin/debug/net9.0/clickup.api.client.tests.dll" id="7f3958b9-1f8d-6baf-a1fe-2fb06fcdfede">
      <Execution id="6d684087-5565-44ba-b3d4-c2e904ed8f73" />
      <TestMethod codeBase="/app/src/ClickUp.Api.Client.Tests/bin/Debug/net9.0/ClickUp.Api.Client.Tests.dll" adapterTypeName="executor://xunit/VsTestRunner2/netcoreapp" className="ClickUp.Api.Client.Tests.ServiceTests.UsersServiceTests" name="RemoveUserFromWorkspaceAsync_PassesCancellationTokenToApiConnection" />
    </UnitTest>
    <UnitTest name="ClickUp.Api.Client.Tests.ServiceTests.ChatServiceTests.UpdateChatChannelAsync_NullResponse_ThrowsInvalidOperationException" storage="/app/src/clickup.api.client.tests/bin/debug/net9.0/clickup.api.client.tests.dll" id="f60ad773-b852-568a-f848-dd5f3fec899e">
      <Execution id="d4ce7692-33e4-4c02-8a97-19a5cc71e1de" />
      <TestMethod codeBase="/app/src/ClickUp.Api.Client.Tests/bin/Debug/net9.0/ClickUp.Api.Client.Tests.dll" adapterTypeName="executor://xunit/VsTestRunner2/netcoreapp" className="ClickUp.Api.Client.Tests.ServiceTests.ChatServiceTests" name="UpdateChatChannelAsync_NullResponse_ThrowsInvalidOperationException" />
    </UnitTest>
    <UnitTest name="ClickUp.Api.Client.Tests.ServiceTests.ListsServiceTests.GetFolderlessListsAsyncEnumerableAsync_ReturnsEmpty_WhenNoLists" storage="/app/src/clickup.api.client.tests/bin/debug/net9.0/clickup.api.client.tests.dll" id="b5d24841-5913-74d3-42f1-eae7a6cd6b06">
      <Execution id="8e1a5b2f-98c5-45da-ae22-0d5386b3c012" />
      <TestMethod codeBase="/app/src/ClickUp.Api.Client.Tests/bin/Debug/net9.0/ClickUp.Api.Client.Tests.dll" adapterTypeName="executor://xunit/VsTestRunner2/netcoreapp" className="ClickUp.Api.Client.Tests.ServiceTests.ListsServiceTests" name="GetFolderlessListsAsyncEnumerableAsync_ReturnsEmpty_WhenNoLists" />
    </UnitTest>
    <UnitTest name="ClickUp.Api.Client.Tests.ServiceTests.ChatServiceTests.DeleteChatChannelAsync_ApiError_ThrowsHttpRequestException" storage="/app/src/clickup.api.client.tests/bin/debug/net9.0/clickup.api.client.tests.dll" id="7eac7054-5c36-912a-b0a1-7a8b0f2cc93f">
      <Execution id="5fe8851b-d075-4de1-9ac1-a6466fa43e09" />
      <TestMethod codeBase="/app/src/ClickUp.Api.Client.Tests/bin/Debug/net9.0/ClickUp.Api.Client.Tests.dll" adapterTypeName="executor://xunit/VsTestRunner2/netcoreapp" className="ClickUp.Api.Client.Tests.ServiceTests.ChatServiceTests" name="DeleteChatChannelAsync_ApiError_ThrowsHttpRequestException" />
    </UnitTest>
    <UnitTest name="ClickUp.Api.Client.Tests.ServiceTests.UsersServiceTests.EditUserOnWorkspaceAsync_PassesCancellationTokenToApiConnection" storage="/app/src/clickup.api.client.tests/bin/debug/net9.0/clickup.api.client.tests.dll" id="c64906e5-891b-d070-0323-c95ffdca0dd5">
      <Execution id="f4c89d5c-4bae-4e0e-a488-9583e09a1bf5" />
      <TestMethod codeBase="/app/src/ClickUp.Api.Client.Tests/bin/Debug/net9.0/ClickUp.Api.Client.Tests.dll" adapterTypeName="executor://xunit/VsTestRunner2/netcoreapp" className="ClickUp.Api.Client.Tests.ServiceTests.UsersServiceTests" name="EditUserOnWorkspaceAsync_PassesCancellationTokenToApiConnection" />
    </UnitTest>
    <UnitTest name="ClickUp.Api.Client.Tests.ServiceTests.ChatServiceTests.CreateChatChannelAsync_NullResponse_ThrowsInvalidOperationException" storage="/app/src/clickup.api.client.tests/bin/debug/net9.0/clickup.api.client.tests.dll" id="9130ff1c-3d20-6dbc-6548-4a4c26907e23">
      <Execution id="264b8a6b-9e4c-4f52-8649-20170b214470" />
      <TestMethod codeBase="/app/src/ClickUp.Api.Client.Tests/bin/Debug/net9.0/ClickUp.Api.Client.Tests.dll" adapterTypeName="executor://xunit/VsTestRunner2/netcoreapp" className="ClickUp.Api.Client.Tests.ServiceTests.ChatServiceTests" name="CreateChatChannelAsync_NullResponse_ThrowsInvalidOperationException" />
    </UnitTest>
    <UnitTest name="ClickUp.Api.Client.Tests.ServiceTests.UsersServiceTests.GetUserFromWorkspaceAsync_ValidRequest_ReturnsUser" storage="/app/src/clickup.api.client.tests/bin/debug/net9.0/clickup.api.client.tests.dll" id="4f9dd123-3126-b5f7-50ee-f21b0750d557">
      <Execution id="9518c648-bee0-4e43-8a0c-06af80189522" />
      <TestMethod codeBase="/app/src/ClickUp.Api.Client.Tests/bin/Debug/net9.0/ClickUp.Api.Client.Tests.dll" adapterTypeName="executor://xunit/VsTestRunner2/netcoreapp" className="ClickUp.Api.Client.Tests.ServiceTests.UsersServiceTests" name="GetUserFromWorkspaceAsync_ValidRequest_ReturnsUser" />
    </UnitTest>
    <UnitTest name="ClickUp.Api.Client.Tests.ServiceTests.ChatServiceTests.GetChatMessagesAsync_ApiError_ThrowsHttpRequestException" storage="/app/src/clickup.api.client.tests/bin/debug/net9.0/clickup.api.client.tests.dll" id="5b1e9da7-ae1e-bd78-57ac-b89147ec436e">
      <Execution id="10eafba2-5310-4ff1-99c1-4ca4902a0be4" />
      <TestMethod codeBase="/app/src/ClickUp.Api.Client.Tests/bin/Debug/net9.0/ClickUp.Api.Client.Tests.dll" adapterTypeName="executor://xunit/VsTestRunner2/netcoreapp" className="ClickUp.Api.Client.Tests.ServiceTests.ChatServiceTests" name="GetChatMessagesAsync_ApiError_ThrowsHttpRequestException" />
    </UnitTest>
    <UnitTest name="ClickUp.Api.Client.Tests.ServiceTests.UserGroupServiceTests.GetUserGroupsAsync_PassesCancellationTokenToApiConnection" storage="/app/src/clickup.api.client.tests/bin/debug/net9.0/clickup.api.client.tests.dll" id="c93d5876-d848-f407-8531-7119037d719b">
      <Execution id="aef9e34f-ad39-4f34-a956-1f21b55e80c1" />
      <TestMethod codeBase="/app/src/ClickUp.Api.Client.Tests/bin/Debug/net9.0/ClickUp.Api.Client.Tests.dll" adapterTypeName="executor://xunit/VsTestRunner2/netcoreapp" className="ClickUp.Api.Client.Tests.ServiceTests.UserGroupServiceTests" name="GetUserGroupsAsync_PassesCancellationTokenToApiConnection" />
    </UnitTest>
    <UnitTest name="ClickUp.Api.Client.Tests.ServiceTests.WorkspacesServiceTests.GetWorkspaceSeatsAsync_ApiConnectionThrowsHttpRequestException_PropagatesException" storage="/app/src/clickup.api.client.tests/bin/debug/net9.0/clickup.api.client.tests.dll" id="9281d5a3-bf55-f4a8-e9db-d28abfc3fecd">
      <Execution id="244e2e13-ba53-4d9a-8a52-8ef1378fd038" />
      <TestMethod codeBase="/app/src/ClickUp.Api.Client.Tests/bin/Debug/net9.0/ClickUp.Api.Client.Tests.dll" adapterTypeName="executor://xunit/VsTestRunner2/netcoreapp" className="ClickUp.Api.Client.Tests.ServiceTests.WorkspacesServiceTests" name="GetWorkspaceSeatsAsync_ApiConnectionThrowsHttpRequestException_PropagatesException" />
    </UnitTest>
    <UnitTest name="ClickUp.Api.Client.Tests.ServiceTests.CommentServiceTests.GetListCommentsAsync_PassesCancellationTokenToApiConnection" storage="/app/src/clickup.api.client.tests/bin/debug/net9.0/clickup.api.client.tests.dll" id="406d7e6b-1b2f-ceac-cd05-2ee2f4450951">
      <Execution id="8f3bddab-03a8-4aba-8ef3-7bae422dc7a9" />
      <TestMethod codeBase="/app/src/ClickUp.Api.Client.Tests/bin/Debug/net9.0/ClickUp.Api.Client.Tests.dll" adapterTypeName="executor://xunit/VsTestRunner2/netcoreapp" className="ClickUp.Api.Client.Tests.ServiceTests.CommentServiceTests" name="GetListCommentsAsync_PassesCancellationTokenToApiConnection" />
    </UnitTest>
    <UnitTest name="ClickUp.Api.Client.Tests.ServiceTests.CommentServiceTests.GetCommentAsync_ApiConnectionReturnsNull_ThrowsInvalidOperationException" storage="/app/src/clickup.api.client.tests/bin/debug/net9.0/clickup.api.client.tests.dll" id="e1272f41-d93f-7653-ce37-72d07e88427c">
      <Execution id="44ebaaa5-1fa5-4d28-83c7-70b1439d03e9" />
      <TestMethod codeBase="/app/src/ClickUp.Api.Client.Tests/bin/Debug/net9.0/ClickUp.Api.Client.Tests.dll" adapterTypeName="executor://xunit/VsTestRunner2/netcoreapp" className="ClickUp.Api.Client.Tests.ServiceTests.CommentServiceTests" name="GetCommentAsync_ApiConnectionReturnsNull_ThrowsInvalidOperationException" />
    </UnitTest>
    <UnitTest name="ClickUp.Api.Client.Tests.ServiceTests.TemplatesServiceTests.GetTaskTemplatesAsync_PassesCancellationTokenToApiConnection" storage="/app/src/clickup.api.client.tests/bin/debug/net9.0/clickup.api.client.tests.dll" id="98655471-90f4-59e7-525f-c8084b359d9f">
      <Execution id="5fd0ade0-c135-4a85-8a86-3c490a6d8016" />
      <TestMethod codeBase="/app/src/ClickUp.Api.Client.Tests/bin/Debug/net9.0/ClickUp.Api.Client.Tests.dll" adapterTypeName="executor://xunit/VsTestRunner2/netcoreapp" className="ClickUp.Api.Client.Tests.ServiceTests.TemplatesServiceTests" name="GetTaskTemplatesAsync_PassesCancellationTokenToApiConnection" />
    </UnitTest>
    <UnitTest name="ClickUp.Api.Client.Tests.ServiceTests.SpacesServiceTests.DeleteSpaceAsync_ApiConnectionThrowsTaskCanceledException_PropagatesException" storage="/app/src/clickup.api.client.tests/bin/debug/net9.0/clickup.api.client.tests.dll" id="81089606-dbad-bccc-dd62-3b8223147034">
      <Execution id="e1ac2362-f2ae-4863-9fb2-f52268286fed" />
      <TestMethod codeBase="/app/src/ClickUp.Api.Client.Tests/bin/Debug/net9.0/ClickUp.Api.Client.Tests.dll" adapterTypeName="executor://xunit/VsTestRunner2/netcoreapp" className="ClickUp.Api.Client.Tests.ServiceTests.SpacesServiceTests" name="DeleteSpaceAsync_ApiConnectionThrowsTaskCanceledException_PropagatesException" />
    </UnitTest>
    <UnitTest name="ClickUp.Api.Client.Tests.ServiceTests.ListsServiceTests.AddTaskToListAsync_ApiConnectionThrowsTaskCanceledException_PropagatesException" storage="/app/src/clickup.api.client.tests/bin/debug/net9.0/clickup.api.client.tests.dll" id="470b8aed-e5b1-0f37-26ba-ad0e6c042ec6">
      <Execution id="95803930-e158-40d6-9479-8654f53360a2" />
      <TestMethod codeBase="/app/src/ClickUp.Api.Client.Tests/bin/Debug/net9.0/ClickUp.Api.Client.Tests.dll" adapterTypeName="executor://xunit/VsTestRunner2/netcoreapp" className="ClickUp.Api.Client.Tests.ServiceTests.ListsServiceTests" name="AddTaskToListAsync_ApiConnectionThrowsTaskCanceledException_PropagatesException" />
    </UnitTest>
    <UnitTest name="ClickUp.Api.Client.Tests.ServiceTests.TagsServiceTests.EditSpaceTagAsync_ValidRequest_ReturnsUpdatedTag" storage="/app/src/clickup.api.client.tests/bin/debug/net9.0/clickup.api.client.tests.dll" id="38077e4a-1987-20ec-135a-13e02775b25f">
      <Execution id="ad88c33b-4aa9-4559-ba38-347936ac7bf1" />
      <TestMethod codeBase="/app/src/ClickUp.Api.Client.Tests/bin/Debug/net9.0/ClickUp.Api.Client.Tests.dll" adapterTypeName="executor://xunit/VsTestRunner2/netcoreapp" className="ClickUp.Api.Client.Tests.ServiceTests.TagsServiceTests" name="EditSpaceTagAsync_ValidRequest_ReturnsUpdatedTag" />
    </UnitTest>
    <UnitTest name="ClickUp.Api.Client.Tests.ServiceTests.AttachmentsServiceTests.CreateTaskAttachmentAsync_ApiConnectionThrowsTaskCanceledException_PropagatesException" storage="/app/src/clickup.api.client.tests/bin/debug/net9.0/clickup.api.client.tests.dll" id="8c74a5c7-7577-2a52-606c-e8d97bc53bd8">
      <Execution id="f7fb6cc9-7c41-458b-b786-cd849f8276e8" />
      <TestMethod codeBase="/app/src/ClickUp.Api.Client.Tests/bin/Debug/net9.0/ClickUp.Api.Client.Tests.dll" adapterTypeName="executor://xunit/VsTestRunner2/netcoreapp" className="ClickUp.Api.Client.Tests.ServiceTests.AttachmentsServiceTests" name="CreateTaskAttachmentAsync_ApiConnectionThrowsTaskCanceledException_PropagatesException" />
    </UnitTest>
    <UnitTest name="ClickUp.Api.Client.Tests.Http.AuthenticationDelegatingHandlerTests.SendAsync_ShouldAddAuthorizationHeader_WithApiKey" storage="/app/src/clickup.api.client.tests/bin/debug/net9.0/clickup.api.client.tests.dll" id="46b3c2ba-8592-31fb-7b9f-4c21bb30a437">
      <Execution id="63860acd-7f57-442f-84e7-0e38fbdc1b11" />
      <TestMethod codeBase="/app/src/ClickUp.Api.Client.Tests/bin/Debug/net9.0/ClickUp.Api.Client.Tests.dll" adapterTypeName="executor://xunit/VsTestRunner2/netcoreapp" className="ClickUp.Api.Client.Tests.Http.AuthenticationDelegatingHandlerTests" name="SendAsync_ShouldAddAuthorizationHeader_WithApiKey" />
    </UnitTest>
    <UnitTest name="ClickUp.Api.Client.Tests.ServiceTests.WebhooksServiceTests.GetWebhooksAsync_ValidWorkspaceId_ReturnsWebhooks" storage="/app/src/clickup.api.client.tests/bin/debug/net9.0/clickup.api.client.tests.dll" id="c6d13717-22a4-e2ba-6fe6-a632c8cb942c">
      <Execution id="d1f897b9-4de3-4bff-9178-3344f00cf0f8" />
      <TestMethod codeBase="/app/src/ClickUp.Api.Client.Tests/bin/Debug/net9.0/ClickUp.Api.Client.Tests.dll" adapterTypeName="executor://xunit/VsTestRunner2/netcoreapp" className="ClickUp.Api.Client.Tests.ServiceTests.WebhooksServiceTests" name="GetWebhooksAsync_ValidWorkspaceId_ReturnsWebhooks" />
    </UnitTest>
    <UnitTest name="ClickUp.Api.Client.Tests.ServiceTests.GoalsServiceTests.DeleteGoalAsync_ApiConnectionThrowsTaskCanceledException_PropagatesException" storage="/app/src/clickup.api.client.tests/bin/debug/net9.0/clickup.api.client.tests.dll" id="b2e6b500-7969-7e58-f58c-f1d4a95af049">
      <Execution id="2fbf8205-0d83-4973-a6d6-52d8e1b7bd31" />
      <TestMethod codeBase="/app/src/ClickUp.Api.Client.Tests/bin/Debug/net9.0/ClickUp.Api.Client.Tests.dll" adapterTypeName="executor://xunit/VsTestRunner2/netcoreapp" className="ClickUp.Api.Client.Tests.ServiceTests.GoalsServiceTests" name="DeleteGoalAsync_ApiConnectionThrowsTaskCanceledException_PropagatesException" />
    </UnitTest>
    <UnitTest name="ClickUp.Api.Client.Tests.ServiceTests.GoalsServiceTests.GetGoalsAsync_IncludeCompletedFalse_BuildsCorrectUrl" storage="/app/src/clickup.api.client.tests/bin/debug/net9.0/clickup.api.client.tests.dll" id="a06ac183-48bd-dba7-97c8-11bc4f040665">
      <Execution id="5ada765b-5e44-4b12-bf98-f11b6ccce53d" />
      <TestMethod codeBase="/app/src/ClickUp.Api.Client.Tests/bin/Debug/net9.0/ClickUp.Api.Client.Tests.dll" adapterTypeName="executor://xunit/VsTestRunner2/netcoreapp" className="ClickUp.Api.Client.Tests.ServiceTests.GoalsServiceTests" name="GetGoalsAsync_IncludeCompletedFalse_BuildsCorrectUrl" />
    </UnitTest>
    <UnitTest name="ClickUp.Api.Client.Tests.ServiceTests.TimeTrackingServiceTests.DeleteTimeEntryAsync_ApiConnectionThrowsHttpRequestException_PropagatesException" storage="/app/src/clickup.api.client.tests/bin/debug/net9.0/clickup.api.client.tests.dll" id="c4bb9c57-0c61-5955-6574-c3f05fe81266">
      <Execution id="30791bc1-5a6d-4c1b-90d2-17c2abd7f269" />
      <TestMethod codeBase="/app/src/ClickUp.Api.Client.Tests/bin/Debug/net9.0/ClickUp.Api.Client.Tests.dll" adapterTypeName="executor://xunit/VsTestRunner2/netcoreapp" className="ClickUp.Api.Client.Tests.ServiceTests.TimeTrackingServiceTests" name="DeleteTimeEntryAsync_ApiConnectionThrowsHttpRequestException_PropagatesException" />
    </UnitTest>
    <UnitTest name="ClickUp.Api.Client.Tests.ServiceTests.MembersServiceTests.GetTaskMembersAsync_ValidTaskId_ReturnsMembers" storage="/app/src/clickup.api.client.tests/bin/debug/net9.0/clickup.api.client.tests.dll" id="e13a926e-8f7a-1ebc-e350-9ac986a98f7c">
      <Execution id="a3f89d1f-0cbe-4e72-a5cc-5120a1574850" />
      <TestMethod codeBase="/app/src/ClickUp.Api.Client.Tests/bin/Debug/net9.0/ClickUp.Api.Client.Tests.dll" adapterTypeName="executor://xunit/VsTestRunner2/netcoreapp" className="ClickUp.Api.Client.Tests.ServiceTests.MembersServiceTests" name="GetTaskMembersAsync_ValidTaskId_ReturnsMembers" />
    </UnitTest>
    <UnitTest name="ClickUp.Api.Client.Tests.ServiceTests.ViewsServiceTests.GetViewTasksAsync_PassesCancellationToken" storage="/app/src/clickup.api.client.tests/bin/debug/net9.0/clickup.api.client.tests.dll" id="ca732d3d-af42-ff8b-5506-889b7c7ef73a">
      <Execution id="5fcae239-2bb8-4ea0-96ef-abf6d56a3b28" />
      <TestMethod codeBase="/app/src/ClickUp.Api.Client.Tests/bin/Debug/net9.0/ClickUp.Api.Client.Tests.dll" adapterTypeName="executor://xunit/VsTestRunner2/netcoreapp" className="ClickUp.Api.Client.Tests.ServiceTests.ViewsServiceTests" name="GetViewTasksAsync_PassesCancellationToken" />
    </UnitTest>
    <UnitTest name="ClickUp.Api.Client.Tests.Http.ApiConnectionTests.GetAsync_ThrowsClickUpApiRateLimitException_ForTooManyRequests" storage="/app/src/clickup.api.client.tests/bin/debug/net9.0/clickup.api.client.tests.dll" id="db023c3f-6d43-e932-afde-4a3e22b19baf">
      <Execution id="969382c4-578b-4f4a-81b6-8399c56a99c7" />
      <TestMethod codeBase="/app/src/ClickUp.Api.Client.Tests/bin/Debug/net9.0/ClickUp.Api.Client.Tests.dll" adapterTypeName="executor://xunit/VsTestRunner2/netcoreapp" className="ClickUp.Api.Client.Tests.Http.ApiConnectionTests" name="GetAsync_ThrowsClickUpApiRateLimitException_ForTooManyRequests" />
    </UnitTest>
    <UnitTest name="ClickUp.Api.Client.Tests.ServiceTests.ListsServiceTests.DeleteListAsync_PassesCancellationTokenToApiConnection" storage="/app/src/clickup.api.client.tests/bin/debug/net9.0/clickup.api.client.tests.dll" id="adc90dd8-5ac7-3bbc-809a-8d948e56efe0">
      <Execution id="0fe36864-45c4-4844-9592-ed90628be1ec" />
      <TestMethod codeBase="/app/src/ClickUp.Api.Client.Tests/bin/Debug/net9.0/ClickUp.Api.Client.Tests.dll" adapterTypeName="executor://xunit/VsTestRunner2/netcoreapp" className="ClickUp.Api.Client.Tests.ServiceTests.ListsServiceTests" name="DeleteListAsync_PassesCancellationTokenToApiConnection" />
    </UnitTest>
    <UnitTest name="ClickUp.Api.Client.Tests.ServiceTests.ListsServiceTests.RemoveTaskFromListAsync_ValidIds_CallsDeleteAsync" storage="/app/src/clickup.api.client.tests/bin/debug/net9.0/clickup.api.client.tests.dll" id="25c1b683-3a86-c917-ec64-a480a60709bd">
      <Execution id="1f549ddc-2028-46f2-b10f-58162e8480a3" />
      <TestMethod codeBase="/app/src/ClickUp.Api.Client.Tests/bin/Debug/net9.0/ClickUp.Api.Client.Tests.dll" adapterTypeName="executor://xunit/VsTestRunner2/netcoreapp" className="ClickUp.Api.Client.Tests.ServiceTests.ListsServiceTests" name="RemoveTaskFromListAsync_ValidIds_CallsDeleteAsync" />
    </UnitTest>
    <UnitTest name="ClickUp.Api.Client.Tests.ServiceTests.ListsServiceTests.UpdateListAsync_PassesCancellationTokenToApiConnection" storage="/app/src/clickup.api.client.tests/bin/debug/net9.0/clickup.api.client.tests.dll" id="66c117ae-675d-18a0-d705-b89499349f67">
      <Execution id="b5ed497c-0475-4f85-a3f9-460379a0b720" />
      <TestMethod codeBase="/app/src/ClickUp.Api.Client.Tests/bin/Debug/net9.0/ClickUp.Api.Client.Tests.dll" adapterTypeName="executor://xunit/VsTestRunner2/netcoreapp" className="ClickUp.Api.Client.Tests.ServiceTests.ListsServiceTests" name="UpdateListAsync_PassesCancellationTokenToApiConnection" />
    </UnitTest>
    <UnitTest name="ClickUp.Api.Client.Tests.ServiceTests.AuthorizationServiceTests.GetAuthorizedUserAsync_ApiConnectionResponseHasNullUser_ReturnsNull" storage="/app/src/clickup.api.client.tests/bin/debug/net9.0/clickup.api.client.tests.dll" id="897bb1d2-09ef-37c4-bd54-ba1c51cc5c63">
      <Execution id="c2c50981-e9c5-45cd-af6a-0d86f93f8f7e" />
      <TestMethod codeBase="/app/src/ClickUp.Api.Client.Tests/bin/Debug/net9.0/ClickUp.Api.Client.Tests.dll" adapterTypeName="executor://xunit/VsTestRunner2/netcoreapp" className="ClickUp.Api.Client.Tests.ServiceTests.AuthorizationServiceTests" name="GetAuthorizedUserAsync_ApiConnectionResponseHasNullUser_ReturnsNull" />
    </UnitTest>
    <UnitTest name="ClickUp.Api.Client.Tests.ServiceTests.AuthorizationServiceTests.GetAccessTokenAsync_ApiConnectionThrowsTaskCanceledException_PropagatesException" storage="/app/src/clickup.api.client.tests/bin/debug/net9.0/clickup.api.client.tests.dll" id="b832b975-47b0-af8c-06a6-7d2a3cee329b">
      <Execution id="7aec01f6-ce16-4da3-9202-eaed3e9d0b1c" />
      <TestMethod codeBase="/app/src/ClickUp.Api.Client.Tests/bin/Debug/net9.0/ClickUp.Api.Client.Tests.dll" adapterTypeName="executor://xunit/VsTestRunner2/netcoreapp" className="ClickUp.Api.Client.Tests.ServiceTests.AuthorizationServiceTests" name="GetAccessTokenAsync_ApiConnectionThrowsTaskCanceledException_PropagatesException" />
    </UnitTest>
    <UnitTest name="ClickUp.Api.Client.Tests.ServiceTests.DocsServiceTests.CreatePageAsync_ApiConnectionThrowsTaskCanceledException_PropagatesException" storage="/app/src/clickup.api.client.tests/bin/debug/net9.0/clickup.api.client.tests.dll" id="1887bee4-57a3-1c27-d962-9d4f275018ab">
      <Execution id="b5d862bb-2349-4f47-8f49-4f61be54c8d5" />
      <TestMethod codeBase="/app/src/ClickUp.Api.Client.Tests/bin/Debug/net9.0/ClickUp.Api.Client.Tests.dll" adapterTypeName="executor://xunit/VsTestRunner2/netcoreapp" className="ClickUp.Api.Client.Tests.ServiceTests.DocsServiceTests" name="CreatePageAsync_ApiConnectionThrowsTaskCanceledException_PropagatesException" />
    </UnitTest>
    <UnitTest name="ClickUp.Api.Client.Tests.ServiceTests.TaskChecklistsServiceTests.EditChecklistAsync_ApiConnectionThrowsTaskCanceledException_PropagatesException" storage="/app/src/clickup.api.client.tests/bin/debug/net9.0/clickup.api.client.tests.dll" id="59e33a76-17f7-78d2-1a23-c14a0665f9ea">
      <Execution id="4dfbbf18-b1ec-4f35-964a-611d03ff741b" />
      <TestMethod codeBase="/app/src/ClickUp.Api.Client.Tests/bin/Debug/net9.0/ClickUp.Api.Client.Tests.dll" adapterTypeName="executor://xunit/VsTestRunner2/netcoreapp" className="ClickUp.Api.Client.Tests.ServiceTests.TaskChecklistsServiceTests" name="EditChecklistAsync_ApiConnectionThrowsTaskCanceledException_PropagatesException" />
    </UnitTest>
    <UnitTest name="ClickUp.Api.Client.Tests.ServiceTests.ViewsServiceTests.GetViewAsync_ValidViewId_ReturnsView" storage="/app/src/clickup.api.client.tests/bin/debug/net9.0/clickup.api.client.tests.dll" id="0a3229f1-ee45-0b1e-b03c-b61586bbf7b1">
      <Execution id="9a81ff77-6ac0-41d3-becc-b67ad3dcbafd" />
      <TestMethod codeBase="/app/src/ClickUp.Api.Client.Tests/bin/Debug/net9.0/ClickUp.Api.Client.Tests.dll" adapterTypeName="executor://xunit/VsTestRunner2/netcoreapp" className="ClickUp.Api.Client.Tests.ServiceTests.ViewsServiceTests" name="GetViewAsync_ValidViewId_ReturnsView" />
    </UnitTest>
    <UnitTest name="ClickUp.Api.Client.Tests.ServiceTests.CommentServiceTests.GetTaskCommentsAsync_IAsyncEnumerable_HandlesApiError" storage="/app/src/clickup.api.client.tests/bin/debug/net9.0/clickup.api.client.tests.dll" id="d3efdf8f-9f74-60d1-4d10-3906f1f4c2f3">
      <Execution id="62570765-987e-49d1-8d4d-cdbabdf8d952" />
      <TestMethod codeBase="/app/src/ClickUp.Api.Client.Tests/bin/Debug/net9.0/ClickUp.Api.Client.Tests.dll" adapterTypeName="executor://xunit/VsTestRunner2/netcoreapp" className="ClickUp.Api.Client.Tests.ServiceTests.CommentServiceTests" name="GetTaskCommentsAsync_IAsyncEnumerable_HandlesApiError" />
    </UnitTest>
    <UnitTest name="ClickUp.Api.Client.Tests.ServiceTests.GoalsServiceTests.GetGoalAsync_ApiReturnsNullGoalInResponse_ThrowsInvalidOperationException" storage="/app/src/clickup.api.client.tests/bin/debug/net9.0/clickup.api.client.tests.dll" id="d454eba3-18de-5a30-a13a-8d69e2b991ba">
      <Execution id="0a111cef-7cdf-45a7-bd4c-7eba19d177d4" />
      <TestMethod codeBase="/app/src/ClickUp.Api.Client.Tests/bin/Debug/net9.0/ClickUp.Api.Client.Tests.dll" adapterTypeName="executor://xunit/VsTestRunner2/netcoreapp" className="ClickUp.Api.Client.Tests.ServiceTests.GoalsServiceTests" name="GetGoalAsync_ApiReturnsNullGoalInResponse_ThrowsInvalidOperationException" />
    </UnitTest>
    <UnitTest name="ClickUp.Api.Client.Tests.ServiceTests.ChatServiceTests.GetChatChannelMembersAsync_ApiConnectionThrowsTaskCanceledException_PropagatesException" storage="/app/src/clickup.api.client.tests/bin/debug/net9.0/clickup.api.client.tests.dll" id="06571b54-322a-973e-41eb-4f39ab7afeba">
      <Execution id="1cffb38d-bf68-4778-a419-f07e3aeaf4dc" />
      <TestMethod codeBase="/app/src/ClickUp.Api.Client.Tests/bin/Debug/net9.0/ClickUp.Api.Client.Tests.dll" adapterTypeName="executor://xunit/VsTestRunner2/netcoreapp" className="ClickUp.Api.Client.Tests.ServiceTests.ChatServiceTests" name="GetChatChannelMembersAsync_ApiConnectionThrowsTaskCanceledException_PropagatesException" />
    </UnitTest>
    <UnitTest name="ClickUp.Api.Client.Tests.ServiceTests.CustomFieldsServiceTests.GetSpaceCustomFieldsAsync_ApiConnectionThrowsTaskCanceledException_PropagatesException" storage="/app/src/clickup.api.client.tests/bin/debug/net9.0/clickup.api.client.tests.dll" id="b10f9914-07e1-3a3a-d981-3736b980ebd7">
      <Execution id="4fbd12ff-7671-4ed4-b974-0555e3a36ae4" />
      <TestMethod codeBase="/app/src/ClickUp.Api.Client.Tests/bin/Debug/net9.0/ClickUp.Api.Client.Tests.dll" adapterTypeName="executor://xunit/VsTestRunner2/netcoreapp" className="ClickUp.Api.Client.Tests.ServiceTests.CustomFieldsServiceTests" name="GetSpaceCustomFieldsAsync_ApiConnectionThrowsTaskCanceledException_PropagatesException" />
    </UnitTest>
    <UnitTest name="ClickUp.Api.Client.Tests.ServiceTests.UserGroupServiceTests.UpdateUserGroupAsync_ApiConnectionThrowsTaskCanceledException_PropagatesException" storage="/app/src/clickup.api.client.tests/bin/debug/net9.0/clickup.api.client.tests.dll" id="7973c737-8468-2c7a-c554-7b746e076293">
      <Execution id="0f136c62-0e09-4b74-8c84-996889c88dbb" />
      <TestMethod codeBase="/app/src/ClickUp.Api.Client.Tests/bin/Debug/net9.0/ClickUp.Api.Client.Tests.dll" adapterTypeName="executor://xunit/VsTestRunner2/netcoreapp" className="ClickUp.Api.Client.Tests.ServiceTests.UserGroupServiceTests" name="UpdateUserGroupAsync_ApiConnectionThrowsTaskCanceledException_PropagatesException" />
    </UnitTest>
    <UnitTest name="ClickUp.Api.Client.Tests.ServiceTests.ChatServiceTests.UpdateChatMessageAsync_PassesCancellationTokenToApiConnection" storage="/app/src/clickup.api.client.tests/bin/debug/net9.0/clickup.api.client.tests.dll" id="8fdfef11-0cbf-4548-2c30-a1ba063c7022">
      <Execution id="a2062e3b-f5a0-4bb1-a5fb-028693a67097" />
      <TestMethod codeBase="/app/src/ClickUp.Api.Client.Tests/bin/Debug/net9.0/ClickUp.Api.Client.Tests.dll" adapterTypeName="executor://xunit/VsTestRunner2/netcoreapp" className="ClickUp.Api.Client.Tests.ServiceTests.ChatServiceTests" name="UpdateChatMessageAsync_PassesCancellationTokenToApiConnection" />
    </UnitTest>
    <UnitTest name="ClickUp.Api.Client.Tests.ServiceTests.TagsServiceTests.GetSpaceTagsAsync_ApiConnectionThrowsTaskCanceledException_PropagatesException" storage="/app/src/clickup.api.client.tests/bin/debug/net9.0/clickup.api.client.tests.dll" id="cb3cc0e0-9cb2-567a-9243-195b46400359">
      <Execution id="942dffce-4c51-4472-9392-064f00bea042" />
      <TestMethod codeBase="/app/src/ClickUp.Api.Client.Tests/bin/Debug/net9.0/ClickUp.Api.Client.Tests.dll" adapterTypeName="executor://xunit/VsTestRunner2/netcoreapp" className="ClickUp.Api.Client.Tests.ServiceTests.TagsServiceTests" name="GetSpaceTagsAsync_ApiConnectionThrowsTaskCanceledException_PropagatesException" />
    </UnitTest>
    <UnitTest name="ClickUp.Api.Client.Tests.ServiceTests.TimeTrackingServiceTests.GetTimeEntriesAsync_ApiReturnsResponseWithNullData_ReturnsEmptyEnumerable" storage="/app/src/clickup.api.client.tests/bin/debug/net9.0/clickup.api.client.tests.dll" id="277525fb-5580-c091-ed78-0d5eca830b62">
      <Execution id="1947e219-841a-4398-8870-3a58e391b9b1" />
      <TestMethod codeBase="/app/src/ClickUp.Api.Client.Tests/bin/Debug/net9.0/ClickUp.Api.Client.Tests.dll" adapterTypeName="executor://xunit/VsTestRunner2/netcoreapp" className="ClickUp.Api.Client.Tests.ServiceTests.TimeTrackingServiceTests" name="GetTimeEntriesAsync_ApiReturnsResponseWithNullData_ReturnsEmptyEnumerable" />
    </UnitTest>
    <UnitTest name="ClickUp.Api.Client.Tests.ServiceTests.GuestsServiceTests.AddGuestToListAsync_NullGuestInResponse_ThrowsInvalidOperationException" storage="/app/src/clickup.api.client.tests/bin/debug/net9.0/clickup.api.client.tests.dll" id="23d91d77-3949-b723-f379-d2857eb55e79">
      <Execution id="e09efedc-d90c-43df-9625-b7adbdf2e77d" />
      <TestMethod codeBase="/app/src/ClickUp.Api.Client.Tests/bin/Debug/net9.0/ClickUp.Api.Client.Tests.dll" adapterTypeName="executor://xunit/VsTestRunner2/netcoreapp" className="ClickUp.Api.Client.Tests.ServiceTests.GuestsServiceTests" name="AddGuestToListAsync_NullGuestInResponse_ThrowsInvalidOperationException" />
    </UnitTest>
    <UnitTest name="ClickUp.Api.Client.Tests.ServiceTests.RolesServiceTests.GetCustomRolesAsync_PassesCancellationTokenToApiConnection" storage="/app/src/clickup.api.client.tests/bin/debug/net9.0/clickup.api.client.tests.dll" id="93e6c0ab-b688-6883-87ad-6413f17bbf57">
      <Execution id="9692a6a0-3212-442b-8fc8-12348d1ac8db" />
      <TestMethod codeBase="/app/src/ClickUp.Api.Client.Tests/bin/Debug/net9.0/ClickUp.Api.Client.Tests.dll" adapterTypeName="executor://xunit/VsTestRunner2/netcoreapp" className="ClickUp.Api.Client.Tests.ServiceTests.RolesServiceTests" name="GetCustomRolesAsync_PassesCancellationTokenToApiConnection" />
    </UnitTest>
    <UnitTest name="ClickUp.Api.Client.Tests.ServiceTests.FoldersServiceTests.UpdateFolderAsync_ApiConnectionThrowsTaskCanceledException_PropagatesException" storage="/app/src/clickup.api.client.tests/bin/debug/net9.0/clickup.api.client.tests.dll" id="75dcbe08-27fa-c937-8190-beebb93cb48e">
      <Execution id="41473df0-9dae-45b4-923d-96d97cac9061" />
      <TestMethod codeBase="/app/src/ClickUp.Api.Client.Tests/bin/Debug/net9.0/ClickUp.Api.Client.Tests.dll" adapterTypeName="executor://xunit/VsTestRunner2/netcoreapp" className="ClickUp.Api.Client.Tests.ServiceTests.FoldersServiceTests" name="UpdateFolderAsync_ApiConnectionThrowsTaskCanceledException_PropagatesException" />
    </UnitTest>
    <UnitTest name="ClickUp.Api.Client.Tests.ServiceTests.DocsServiceTests.GetDocPagesAsync_NullResponse_ReturnsEmptyEnumerable" storage="/app/src/clickup.api.client.tests/bin/debug/net9.0/clickup.api.client.tests.dll" id="f339c22a-09d4-48d9-e155-5ebff9beee40">
      <Execution id="d893d5d3-d79b-47a1-a345-20822040e2dc" />
      <TestMethod codeBase="/app/src/ClickUp.Api.Client.Tests/bin/Debug/net9.0/ClickUp.Api.Client.Tests.dll" adapterTypeName="executor://xunit/VsTestRunner2/netcoreapp" className="ClickUp.Api.Client.Tests.ServiceTests.DocsServiceTests" name="GetDocPagesAsync_NullResponse_ReturnsEmptyEnumerable" />
    </UnitTest>
    <UnitTest name="ClickUp.Api.Client.Tests.ServiceTests.ViewsServiceTests.GetSpaceViewsAsync_ApiReturnsResponseWithNullViews_ServiceInitializesToEmptyList" storage="/app/src/clickup.api.client.tests/bin/debug/net9.0/clickup.api.client.tests.dll" id="65cb382b-a4f2-1d56-687f-d77636e84c28">
      <Execution id="3fcec280-20fb-4e37-9cbd-3ccab4ec30c8" />
      <TestMethod codeBase="/app/src/ClickUp.Api.Client.Tests/bin/Debug/net9.0/ClickUp.Api.Client.Tests.dll" adapterTypeName="executor://xunit/VsTestRunner2/netcoreapp" className="ClickUp.Api.Client.Tests.ServiceTests.ViewsServiceTests" name="GetSpaceViewsAsync_ApiReturnsResponseWithNullViews_ServiceInitializesToEmptyList" />
    </UnitTest>
    <UnitTest name="ClickUp.Api.Client.Tests.ServiceTests.ListsServiceTests.GetFolderlessListsAsyncEnumerableAsync_ApiReturnsResponseWithNullLists_StopsIteration" storage="/app/src/clickup.api.client.tests/bin/debug/net9.0/clickup.api.client.tests.dll" id="7ca2baec-b800-c545-e218-0cb2bb88b41a">
      <Execution id="c7d6b202-55b2-4190-af0f-d0dd8c5b1970" />
      <TestMethod codeBase="/app/src/ClickUp.Api.Client.Tests/bin/Debug/net9.0/ClickUp.Api.Client.Tests.dll" adapterTypeName="executor://xunit/VsTestRunner2/netcoreapp" className="ClickUp.Api.Client.Tests.ServiceTests.ListsServiceTests" name="GetFolderlessListsAsyncEnumerableAsync_ApiReturnsResponseWithNullLists_StopsIteration" />
    </UnitTest>
    <UnitTest name="ClickUp.Api.Client.Tests.ServiceTests.DocsServiceTests.SearchDocsAsync_NullResponse_ThrowsInvalidOperationException" storage="/app/src/clickup.api.client.tests/bin/debug/net9.0/clickup.api.client.tests.dll" id="5d2d968b-a1e1-5073-58ed-95be7bc46a38">
      <Execution id="2736e8cf-3786-43ca-a212-e4c0073cf4c5" />
      <TestMethod codeBase="/app/src/ClickUp.Api.Client.Tests/bin/Debug/net9.0/ClickUp.Api.Client.Tests.dll" adapterTypeName="executor://xunit/VsTestRunner2/netcoreapp" className="ClickUp.Api.Client.Tests.ServiceTests.DocsServiceTests" name="SearchDocsAsync_NullResponse_ThrowsInvalidOperationException" />
    </UnitTest>
    <UnitTest name="ClickUp.Api.Client.Tests.ServiceTests.ChatServiceTests.DeleteChatReactionAsync_ValidRequest_CallsDelete" storage="/app/src/clickup.api.client.tests/bin/debug/net9.0/clickup.api.client.tests.dll" id="2e95a326-74b5-4f58-e36a-1771072878b5">
      <Execution id="50b34015-3555-473f-9c04-7b8f548a1b5c" />
      <TestMethod codeBase="/app/src/ClickUp.Api.Client.Tests/bin/Debug/net9.0/ClickUp.Api.Client.Tests.dll" adapterTypeName="executor://xunit/VsTestRunner2/netcoreapp" className="ClickUp.Api.Client.Tests.ServiceTests.ChatServiceTests" name="DeleteChatReactionAsync_ValidRequest_CallsDelete" />
    </UnitTest>
    <UnitTest name="ClickUp.Api.Client.Tests.ServiceTests.FoldersServiceTests.CreateFolderAsync_ApiReturnsNull_ThrowsInvalidOperationException" storage="/app/src/clickup.api.client.tests/bin/debug/net9.0/clickup.api.client.tests.dll" id="e611bd83-a14a-7a54-e802-38193c5477db">
      <Execution id="fb5cd2b0-161d-4152-af0d-4d9d60bda928" />
      <TestMethod codeBase="/app/src/ClickUp.Api.Client.Tests/bin/Debug/net9.0/ClickUp.Api.Client.Tests.dll" adapterTypeName="executor://xunit/VsTestRunner2/netcoreapp" className="ClickUp.Api.Client.Tests.ServiceTests.FoldersServiceTests" name="CreateFolderAsync_ApiReturnsNull_ThrowsInvalidOperationException" />
    </UnitTest>
    <UnitTest name="ClickUp.Api.Client.Tests.ServiceTests.ChatServiceTests.GetChatMessageTaggedUsersAsync_NullResponse_ThrowsInvalidOperationException" storage="/app/src/clickup.api.client.tests/bin/debug/net9.0/clickup.api.client.tests.dll" id="18828e0a-1f2e-2d3b-2a40-f1abd48edfda">
      <Execution id="835c941b-94c1-4f8c-bcfa-530b2f64501f" />
      <TestMethod codeBase="/app/src/ClickUp.Api.Client.Tests/bin/Debug/net9.0/ClickUp.Api.Client.Tests.dll" adapterTypeName="executor://xunit/VsTestRunner2/netcoreapp" className="ClickUp.Api.Client.Tests.ServiceTests.ChatServiceTests" name="GetChatMessageTaggedUsersAsync_NullResponse_ThrowsInvalidOperationException" />
    </UnitTest>
    <UnitTest name="ClickUp.Api.Client.Tests.ServiceTests.SpacesServiceTests.GetSpaceAsync_ApiConnectionThrowsHttpRequestException_PropagatesException" storage="/app/src/clickup.api.client.tests/bin/debug/net9.0/clickup.api.client.tests.dll" id="12b9a3cc-ed0e-3dca-82a7-a0f790cf139f">
      <Execution id="5b363127-b4d1-4d34-af9d-0d1a8a186bb9" />
      <TestMethod codeBase="/app/src/ClickUp.Api.Client.Tests/bin/Debug/net9.0/ClickUp.Api.Client.Tests.dll" adapterTypeName="executor://xunit/VsTestRunner2/netcoreapp" className="ClickUp.Api.Client.Tests.ServiceTests.SpacesServiceTests" name="GetSpaceAsync_ApiConnectionThrowsHttpRequestException_PropagatesException" />
    </UnitTest>
    <UnitTest name="ClickUp.Api.Client.Tests.ServiceTests.GuestsServiceTests.AddGuestToFolderAsync_ApiConnectionThrowsTaskCanceledException_PropagatesException" storage="/app/src/clickup.api.client.tests/bin/debug/net9.0/clickup.api.client.tests.dll" id="6e8c97ec-e8b9-4664-064c-e2f855880c7c">
      <Execution id="1dfc47b6-5ebc-4c0b-84bd-75eb4f8e0c6d" />
      <TestMethod codeBase="/app/src/ClickUp.Api.Client.Tests/bin/Debug/net9.0/ClickUp.Api.Client.Tests.dll" adapterTypeName="executor://xunit/VsTestRunner2/netcoreapp" className="ClickUp.Api.Client.Tests.ServiceTests.GuestsServiceTests" name="AddGuestToFolderAsync_ApiConnectionThrowsTaskCanceledException_PropagatesException" />
    </UnitTest>
    <UnitTest name="ClickUp.Api.Client.Tests.ServiceTests.DocsServiceTests.SearchDocsAsync_ValidRequest_BuildsCorrectUrlAndReturnsResponse" storage="/app/src/clickup.api.client.tests/bin/debug/net9.0/clickup.api.client.tests.dll" id="2068bcf3-f1be-2c88-7e58-ec00f3a317b8">
      <Execution id="102f40c2-cc97-4877-abb9-46231ecfd0fa" />
      <TestMethod codeBase="/app/src/ClickUp.Api.Client.Tests/bin/Debug/net9.0/ClickUp.Api.Client.Tests.dll" adapterTypeName="executor://xunit/VsTestRunner2/netcoreapp" className="ClickUp.Api.Client.Tests.ServiceTests.DocsServiceTests" name="SearchDocsAsync_ValidRequest_BuildsCorrectUrlAndReturnsResponse" />
    </UnitTest>
    <UnitTest name="ClickUp.Api.Client.Tests.ServiceTests.SharedHierarchyServiceTests.GetSharedHierarchyAsync_ValidWorkspaceId_ReturnsSharedHierarchy" storage="/app/src/clickup.api.client.tests/bin/debug/net9.0/clickup.api.client.tests.dll" id="048450f3-967a-39d8-a390-18f251e85531">
      <Execution id="b5a57a5c-6f18-419d-bc48-7efa69ae889a" />
      <TestMethod codeBase="/app/src/ClickUp.Api.Client.Tests/bin/Debug/net9.0/ClickUp.Api.Client.Tests.dll" adapterTypeName="executor://xunit/VsTestRunner2/netcoreapp" className="ClickUp.Api.Client.Tests.ServiceTests.SharedHierarchyServiceTests" name="GetSharedHierarchyAsync_ValidWorkspaceId_ReturnsSharedHierarchy" />
    </UnitTest>
    <UnitTest name="ClickUp.Api.Client.Tests.ServiceTests.UserGroupServiceTests.DeleteUserGroupAsync_PassesCancellationTokenToApiConnection" storage="/app/src/clickup.api.client.tests/bin/debug/net9.0/clickup.api.client.tests.dll" id="67bc1776-6315-9a00-3713-6e986aea55e8">
      <Execution id="70f28f84-1b75-45fd-9080-f17afb99936e" />
      <TestMethod codeBase="/app/src/ClickUp.Api.Client.Tests/bin/Debug/net9.0/ClickUp.Api.Client.Tests.dll" adapterTypeName="executor://xunit/VsTestRunner2/netcoreapp" className="ClickUp.Api.Client.Tests.ServiceTests.UserGroupServiceTests" name="DeleteUserGroupAsync_PassesCancellationTokenToApiConnection" />
    </UnitTest>
    <UnitTest name="ClickUp.Api.Client.Tests.ServiceTests.WebhooksServiceTests.UpdateWebhookAsync_PassesCancellationTokenToApiConnection" storage="/app/src/clickup.api.client.tests/bin/debug/net9.0/clickup.api.client.tests.dll" id="31498882-c4bb-afb1-0108-356ab9517aeb">
      <Execution id="fc03ed3c-ff2d-4a6c-9ee8-5446084cd189" />
      <TestMethod codeBase="/app/src/ClickUp.Api.Client.Tests/bin/Debug/net9.0/ClickUp.Api.Client.Tests.dll" adapterTypeName="executor://xunit/VsTestRunner2/netcoreapp" className="ClickUp.Api.Client.Tests.ServiceTests.WebhooksServiceTests" name="UpdateWebhookAsync_PassesCancellationTokenToApiConnection" />
    </UnitTest>
    <UnitTest name="ClickUp.Api.Client.Tests.ServiceTests.DocsServiceTests.SearchDocsAsync_ApiConnectionThrowsTaskCanceledException_PropagatesException" storage="/app/src/clickup.api.client.tests/bin/debug/net9.0/clickup.api.client.tests.dll" id="1aa2c57e-f447-7f14-49eb-3b9a485b3963">
      <Execution id="dba50c49-87a5-4a7c-a961-0f79ddd1bb0b" />
      <TestMethod codeBase="/app/src/ClickUp.Api.Client.Tests/bin/Debug/net9.0/ClickUp.Api.Client.Tests.dll" adapterTypeName="executor://xunit/VsTestRunner2/netcoreapp" className="ClickUp.Api.Client.Tests.ServiceTests.DocsServiceTests" name="SearchDocsAsync_ApiConnectionThrowsTaskCanceledException_PropagatesException" />
    </UnitTest>
    <UnitTest name="ClickUp.Api.Client.Tests.ServiceTests.MembersServiceTests.GetTaskMembersAsync_ApiReturnsNullResponse_ReturnsEmptyEnumerable" storage="/app/src/clickup.api.client.tests/bin/debug/net9.0/clickup.api.client.tests.dll" id="86e349cb-54c7-eeac-34ed-ee58de95c40c">
      <Execution id="35a4dfe4-201f-4e32-8b8a-3f684a163072" />
      <TestMethod codeBase="/app/src/ClickUp.Api.Client.Tests/bin/Debug/net9.0/ClickUp.Api.Client.Tests.dll" adapterTypeName="executor://xunit/VsTestRunner2/netcoreapp" className="ClickUp.Api.Client.Tests.ServiceTests.MembersServiceTests" name="GetTaskMembersAsync_ApiReturnsNullResponse_ReturnsEmptyEnumerable" />
    </UnitTest>
    <UnitTest name="ClickUp.Api.Client.Tests.ServiceTests.UsersServiceTests.EditUserOnWorkspaceAsync_ApiConnectionThrowsHttpRequestException_PropagatesException" storage="/app/src/clickup.api.client.tests/bin/debug/net9.0/clickup.api.client.tests.dll" id="d78e62b3-4c32-e675-1e81-ab68d35deb62">
      <Execution id="4a2d1cfc-13db-4db4-9f2e-29345e275826" />
      <TestMethod codeBase="/app/src/ClickUp.Api.Client.Tests/bin/Debug/net9.0/ClickUp.Api.Client.Tests.dll" adapterTypeName="executor://xunit/VsTestRunner2/netcoreapp" className="ClickUp.Api.Client.Tests.ServiceTests.UsersServiceTests" name="EditUserOnWorkspaceAsync_ApiConnectionThrowsHttpRequestException_PropagatesException" />
    </UnitTest>
    <UnitTest name="ClickUp.Api.Client.Tests.ServiceTests.AttachmentsServiceTests.CreateTaskAttachmentAsync_PassesCancellationTokenToApiConnection" storage="/app/src/clickup.api.client.tests/bin/debug/net9.0/clickup.api.client.tests.dll" id="2416b36e-4cc6-c8d3-7f50-7ce93d30797a">
      <Execution id="2074cf68-3c44-4f1e-bb27-3452ab457ce7" />
      <TestMethod codeBase="/app/src/ClickUp.Api.Client.Tests/bin/Debug/net9.0/ClickUp.Api.Client.Tests.dll" adapterTypeName="executor://xunit/VsTestRunner2/netcoreapp" className="ClickUp.Api.Client.Tests.ServiceTests.AttachmentsServiceTests" name="CreateTaskAttachmentAsync_PassesCancellationTokenToApiConnection" />
    </UnitTest>
    <UnitTest name="ClickUp.Api.Client.Tests.ServiceTests.CustomFieldsServiceTests.RemoveCustomFieldValueAsync_ApiConnectionThrowsTaskCanceledException_PropagatesException" storage="/app/src/clickup.api.client.tests/bin/debug/net9.0/clickup.api.client.tests.dll" id="28198b81-66ec-1562-5ed0-6cabf57ebd54">
      <Execution id="29f1423c-5679-4ae8-ab7a-66e8528d739d" />
      <TestMethod codeBase="/app/src/ClickUp.Api.Client.Tests/bin/Debug/net9.0/ClickUp.Api.Client.Tests.dll" adapterTypeName="executor://xunit/VsTestRunner2/netcoreapp" className="ClickUp.Api.Client.Tests.ServiceTests.CustomFieldsServiceTests" name="RemoveCustomFieldValueAsync_ApiConnectionThrowsTaskCanceledException_PropagatesException" />
    </UnitTest>
    <UnitTest name="ClickUp.Api.Client.Tests.ServiceTests.GuestsServiceTests.AddGuestToTaskAsync_ApiError_ThrowsHttpRequestException" storage="/app/src/clickup.api.client.tests/bin/debug/net9.0/clickup.api.client.tests.dll" id="331cbfad-34a4-b13c-ed64-42a3230ef7f4">
      <Execution id="1c62b692-4894-4424-8fa9-7c07f27ca6fa" />
      <TestMethod codeBase="/app/src/ClickUp.Api.Client.Tests/bin/Debug/net9.0/ClickUp.Api.Client.Tests.dll" adapterTypeName="executor://xunit/VsTestRunner2/netcoreapp" className="ClickUp.Api.Client.Tests.ServiceTests.GuestsServiceTests" name="AddGuestToTaskAsync_ApiError_ThrowsHttpRequestException" />
    </UnitTest>
    <UnitTest name="ClickUp.Api.Client.Tests.ServiceTests.TimeTrackingServiceTests.UpdateTimeEntryAsync_WithCustomTaskIdsAndTeamId_BuildsCorrectUrl" storage="/app/src/clickup.api.client.tests/bin/debug/net9.0/clickup.api.client.tests.dll" id="fa0b2a88-e976-a041-14e3-8c8bd4b16949">
      <Execution id="4573941e-733b-446e-8161-dc3b1ad3257a" />
      <TestMethod codeBase="/app/src/ClickUp.Api.Client.Tests/bin/Debug/net9.0/ClickUp.Api.Client.Tests.dll" adapterTypeName="executor://xunit/VsTestRunner2/netcoreapp" className="ClickUp.Api.Client.Tests.ServiceTests.TimeTrackingServiceTests" name="UpdateTimeEntryAsync_WithCustomTaskIdsAndTeamId_BuildsCorrectUrl" />
    </UnitTest>
    <UnitTest name="ClickUp.Api.Client.Tests.Http.ApiConnectionTests.GetAsync_ThrowsCorrectException_ForGeneralErrorStatusCodes(statusCode: Forbidden, expectedExceptionType: typeof(ClickUp.Api.Client.Models.Exceptions.ClickUpApiAuthenticationException), expectedMessageContent: &quot;Forbidden&quot;)" storage="/app/src/clickup.api.client.tests/bin/debug/net9.0/clickup.api.client.tests.dll" id="f06b0bee-cd92-4ab3-04ec-051ae09a6a15">
      <Execution id="09c0aaaa-10aa-4d2b-879e-c0c788a96259" />
      <TestMethod codeBase="/app/src/ClickUp.Api.Client.Tests/bin/Debug/net9.0/ClickUp.Api.Client.Tests.dll" adapterTypeName="executor://xunit/VsTestRunner2/netcoreapp" className="ClickUp.Api.Client.Tests.Http.ApiConnectionTests" name="GetAsync_ThrowsCorrectException_ForGeneralErrorStatusCodes" />
    </UnitTest>
    <UnitTest name="ClickUp.Api.Client.Tests.ServiceTests.FoldersServiceTests.CreateFolderFromTemplateAsync_ApiReturnsNull_ThrowsInvalidOperationException" storage="/app/src/clickup.api.client.tests/bin/debug/net9.0/clickup.api.client.tests.dll" id="a7724b9a-291c-c2c0-28d6-ba145c64e34d">
      <Execution id="9bf912a6-a37d-4eda-bb79-e0af75e0d1f8" />
      <TestMethod codeBase="/app/src/ClickUp.Api.Client.Tests/bin/Debug/net9.0/ClickUp.Api.Client.Tests.dll" adapterTypeName="executor://xunit/VsTestRunner2/netcoreapp" className="ClickUp.Api.Client.Tests.ServiceTests.FoldersServiceTests" name="CreateFolderFromTemplateAsync_ApiReturnsNull_ThrowsInvalidOperationException" />
    </UnitTest>
    <UnitTest name="ClickUp.Api.Client.Tests.ServiceTests.GuestsServiceTests.AddGuestToFolderAsync_ApiError_ThrowsHttpRequestException" storage="/app/src/clickup.api.client.tests/bin/debug/net9.0/clickup.api.client.tests.dll" id="cfffaa5c-f039-1e50-80e4-a0c83b100e2e">
      <Execution id="59535a5b-5326-43fd-b6b3-1012b11e66bb" />
      <TestMethod codeBase="/app/src/ClickUp.Api.Client.Tests/bin/Debug/net9.0/ClickUp.Api.Client.Tests.dll" adapterTypeName="executor://xunit/VsTestRunner2/netcoreapp" className="ClickUp.Api.Client.Tests.ServiceTests.GuestsServiceTests" name="AddGuestToFolderAsync_ApiError_ThrowsHttpRequestException" />
    </UnitTest>
    <UnitTest name="ClickUp.Api.Client.Tests.ServiceTests.FoldersServiceTests.GetFoldersAsync_ArchivedTrue_BuildsCorrectUrl" storage="/app/src/clickup.api.client.tests/bin/debug/net9.0/clickup.api.client.tests.dll" id="6f157339-746a-c5c0-6676-d390c2a907d3">
      <Execution id="f7317d25-2bfa-4aba-8417-b820bba8419a" />
      <TestMethod codeBase="/app/src/ClickUp.Api.Client.Tests/bin/Debug/net9.0/ClickUp.Api.Client.Tests.dll" adapterTypeName="executor://xunit/VsTestRunner2/netcoreapp" className="ClickUp.Api.Client.Tests.ServiceTests.FoldersServiceTests" name="GetFoldersAsync_ArchivedTrue_BuildsCorrectUrl" />
    </UnitTest>
    <UnitTest name="ClickUp.Api.Client.Tests.ServiceTests.SpacesServiceTests.UpdateSpaceAsync_ValidRequest_ReturnsUpdatedSpace" storage="/app/src/clickup.api.client.tests/bin/debug/net9.0/clickup.api.client.tests.dll" id="08cd1022-e7e2-5161-140c-058a94b3cf40">
      <Execution id="24ab0c18-abcb-4167-b643-509c6181d79d" />
      <TestMethod codeBase="/app/src/ClickUp.Api.Client.Tests/bin/Debug/net9.0/ClickUp.Api.Client.Tests.dll" adapterTypeName="executor://xunit/VsTestRunner2/netcoreapp" className="ClickUp.Api.Client.Tests.ServiceTests.SpacesServiceTests" name="UpdateSpaceAsync_ValidRequest_ReturnsUpdatedSpace" />
    </UnitTest>
    <UnitTest name="ClickUp.Api.Client.Tests.ServiceTests.GoalsServiceTests.CreateKeyResultAsync_ApiReturnsNullResponse_ThrowsInvalidOperationException" storage="/app/src/clickup.api.client.tests/bin/debug/net9.0/clickup.api.client.tests.dll" id="cc9ac9d7-b9e8-4488-d232-2be18abcf3d4">
      <Execution id="63cfca13-6865-4383-bd63-4a478286b9cd" />
      <TestMethod codeBase="/app/src/ClickUp.Api.Client.Tests/bin/Debug/net9.0/ClickUp.Api.Client.Tests.dll" adapterTypeName="executor://xunit/VsTestRunner2/netcoreapp" className="ClickUp.Api.Client.Tests.ServiceTests.GoalsServiceTests" name="CreateKeyResultAsync_ApiReturnsNullResponse_ThrowsInvalidOperationException" />
    </UnitTest>
    <UnitTest name="ClickUp.Api.Client.Tests.ServiceTests.SpacesServiceTests.GetSpaceAsync_ApiConnectionThrowsTaskCanceledException_PropagatesException" storage="/app/src/clickup.api.client.tests/bin/debug/net9.0/clickup.api.client.tests.dll" id="fbd8feeb-89b4-a389-76c5-14662d3945a0">
      <Execution id="56c67fd5-4231-453b-a424-bf6a6bb8ac0b" />
      <TestMethod codeBase="/app/src/ClickUp.Api.Client.Tests/bin/Debug/net9.0/ClickUp.Api.Client.Tests.dll" adapterTypeName="executor://xunit/VsTestRunner2/netcoreapp" className="ClickUp.Api.Client.Tests.ServiceTests.SpacesServiceTests" name="GetSpaceAsync_ApiConnectionThrowsTaskCanceledException_PropagatesException" />
    </UnitTest>
    <UnitTest name="ClickUp.Api.Client.Tests.ServiceTests.ChatServiceTests.GetChatChannelAsync_NullResponseData_ThrowsInvalidOperationException" storage="/app/src/clickup.api.client.tests/bin/debug/net9.0/clickup.api.client.tests.dll" id="2a2f5e84-7fcd-ca4a-26ba-94e01ddf99a0">
      <Execution id="ce2475ca-9767-404e-ad7b-5832a221e628" />
      <TestMethod codeBase="/app/src/ClickUp.Api.Client.Tests/bin/Debug/net9.0/ClickUp.Api.Client.Tests.dll" adapterTypeName="executor://xunit/VsTestRunner2/netcoreapp" className="ClickUp.Api.Client.Tests.ServiceTests.ChatServiceTests" name="GetChatChannelAsync_NullResponseData_ThrowsInvalidOperationException" />
    </UnitTest>
    <UnitTest name="ClickUp.Api.Client.Tests.ServiceTests.TimeTrackingServiceTests.GetTimeEntriesAsync_PassesCancellationTokenToApiConnection" storage="/app/src/clickup.api.client.tests/bin/debug/net9.0/clickup.api.client.tests.dll" id="81e48595-a716-b444-f5fe-63d0bc5d0aa5">
      <Execution id="6bdd6edc-0828-4aa3-807b-00055925bf7a" />
      <TestMethod codeBase="/app/src/ClickUp.Api.Client.Tests/bin/Debug/net9.0/ClickUp.Api.Client.Tests.dll" adapterTypeName="executor://xunit/VsTestRunner2/netcoreapp" className="ClickUp.Api.Client.Tests.ServiceTests.TimeTrackingServiceTests" name="GetTimeEntriesAsync_PassesCancellationTokenToApiConnection" />
    </UnitTest>
    <UnitTest name="ClickUp.Api.Client.Tests.ServiceTests.TimeTrackingServiceTests.GetRunningTimeEntryAsync_WithAssigneeUserId_BuildsCorrectUrl" storage="/app/src/clickup.api.client.tests/bin/debug/net9.0/clickup.api.client.tests.dll" id="e9886eef-b51d-400f-716a-70c07e1ae074">
      <Execution id="3bd33a66-757c-433b-8d31-ead8668dc2e2" />
      <TestMethod codeBase="/app/src/ClickUp.Api.Client.Tests/bin/Debug/net9.0/ClickUp.Api.Client.Tests.dll" adapterTypeName="executor://xunit/VsTestRunner2/netcoreapp" className="ClickUp.Api.Client.Tests.ServiceTests.TimeTrackingServiceTests" name="GetRunningTimeEntryAsync_WithAssigneeUserId_BuildsCorrectUrl" />
    </UnitTest>
    <UnitTest name="ClickUp.Api.Client.Tests.ServiceTests.ListsServiceTests.GetListAsync_PassesCancellationTokenToApiConnection" storage="/app/src/clickup.api.client.tests/bin/debug/net9.0/clickup.api.client.tests.dll" id="5a8b379e-f715-8a32-0ce3-5e832b1b3bbb">
      <Execution id="971cfd44-fda2-429e-9812-c1bb847493c8" />
      <TestMethod codeBase="/app/src/ClickUp.Api.Client.Tests/bin/Debug/net9.0/ClickUp.Api.Client.Tests.dll" adapterTypeName="executor://xunit/VsTestRunner2/netcoreapp" className="ClickUp.Api.Client.Tests.ServiceTests.ListsServiceTests" name="GetListAsync_PassesCancellationTokenToApiConnection" />
    </UnitTest>
    <UnitTest name="ClickUp.Api.Client.Tests.ServiceTests.ListsServiceTests.CreateListFromTemplateInFolderAsync_ValidRequest_ReturnsList" storage="/app/src/clickup.api.client.tests/bin/debug/net9.0/clickup.api.client.tests.dll" id="53c6727e-4ff3-092e-cdf4-886284bca918">
      <Execution id="87259881-6ef0-4e86-920a-0780adcdd45a" />
      <TestMethod codeBase="/app/src/ClickUp.Api.Client.Tests/bin/Debug/net9.0/ClickUp.Api.Client.Tests.dll" adapterTypeName="executor://xunit/VsTestRunner2/netcoreapp" className="ClickUp.Api.Client.Tests.ServiceTests.ListsServiceTests" name="CreateListFromTemplateInFolderAsync_ValidRequest_ReturnsList" />
    </UnitTest>
    <UnitTest name="ClickUp.Api.Client.Tests.ServiceTests.CustomFieldsServiceTests.GetSpaceCustomFieldsAsync_PassesCancellationTokenToApiConnection" storage="/app/src/clickup.api.client.tests/bin/debug/net9.0/clickup.api.client.tests.dll" id="8c2cdbd3-f4a7-a7fa-ecf6-b0d72688d538">
      <Execution id="b4bbb577-61a6-4dfd-8232-be315a423315" />
      <TestMethod codeBase="/app/src/ClickUp.Api.Client.Tests/bin/Debug/net9.0/ClickUp.Api.Client.Tests.dll" adapterTypeName="executor://xunit/VsTestRunner2/netcoreapp" className="ClickUp.Api.Client.Tests.ServiceTests.CustomFieldsServiceTests" name="GetSpaceCustomFieldsAsync_PassesCancellationTokenToApiConnection" />
    </UnitTest>
    <UnitTest name="ClickUp.Api.Client.Tests.ServiceTests.TimeTrackingServiceTests.GetTimeEntryAsync_ValidRequest_ReturnsTimeEntry" storage="/app/src/clickup.api.client.tests/bin/debug/net9.0/clickup.api.client.tests.dll" id="8b7b8d8c-4fe1-d6b9-04f4-c83a985cc65c">
      <Execution id="40e47e49-a68c-4199-a7dd-bbf0b0f3a67d" />
      <TestMethod codeBase="/app/src/ClickUp.Api.Client.Tests/bin/Debug/net9.0/ClickUp.Api.Client.Tests.dll" adapterTypeName="executor://xunit/VsTestRunner2/netcoreapp" className="ClickUp.Api.Client.Tests.ServiceTests.TimeTrackingServiceTests" name="GetTimeEntryAsync_ValidRequest_ReturnsTimeEntry" />
    </UnitTest>
    <UnitTest name="ClickUp.Api.Client.Tests.ServiceTests.TaskRelationshipsServiceTests.DeleteDependencyAsync_WithCustomTaskIdsAndTeamId_BuildsCorrectUrl" storage="/app/src/clickup.api.client.tests/bin/debug/net9.0/clickup.api.client.tests.dll" id="0bee123b-d72f-6c3f-9e2d-a066d1934f8b">
      <Execution id="e748aa4d-d9d8-47fa-8889-db6e975c35b2" />
      <TestMethod codeBase="/app/src/ClickUp.Api.Client.Tests/bin/Debug/net9.0/ClickUp.Api.Client.Tests.dll" adapterTypeName="executor://xunit/VsTestRunner2/netcoreapp" className="ClickUp.Api.Client.Tests.ServiceTests.TaskRelationshipsServiceTests" name="DeleteDependencyAsync_WithCustomTaskIdsAndTeamId_BuildsCorrectUrl" />
    </UnitTest>
    <UnitTest name="ClickUp.Api.Client.Tests.ServiceTests.GuestsServiceTests.AddGuestToTaskAsync_NullApiResponse_ThrowsInvalidOperationException" storage="/app/src/clickup.api.client.tests/bin/debug/net9.0/clickup.api.client.tests.dll" id="23245aba-b4e7-6be0-6324-0c727122f8a0">
      <Execution id="f281b540-e032-48fb-a6c9-ee5a8f6f4523" />
      <TestMethod codeBase="/app/src/ClickUp.Api.Client.Tests/bin/Debug/net9.0/ClickUp.Api.Client.Tests.dll" adapterTypeName="executor://xunit/VsTestRunner2/netcoreapp" className="ClickUp.Api.Client.Tests.ServiceTests.GuestsServiceTests" name="AddGuestToTaskAsync_NullApiResponse_ThrowsInvalidOperationException" />
    </UnitTest>
    <UnitTest name="ClickUp.Api.Client.Tests.Models.Entities.CustomFieldValueTests.Deserialize_LabelsFieldValue_Correctly" storage="/app/src/clickup.api.client.tests/bin/debug/net9.0/clickup.api.client.tests.dll" id="ad134f43-af46-ffb4-1224-9d0f96b1191a">
      <Execution id="ce91423f-ad60-4105-b521-988ed0c55a50" />
      <TestMethod codeBase="/app/src/ClickUp.Api.Client.Tests/bin/Debug/net9.0/ClickUp.Api.Client.Tests.dll" adapterTypeName="executor://xunit/VsTestRunner2/netcoreapp" className="ClickUp.Api.Client.Tests.Models.Entities.CustomFieldValueTests" name="Deserialize_LabelsFieldValue_Correctly" />
    </UnitTest>
    <UnitTest name="ClickUp.Api.Client.Tests.ServiceTests.FoldersServiceTests.GetFolderAsync_ApiError_ThrowsHttpRequestException" storage="/app/src/clickup.api.client.tests/bin/debug/net9.0/clickup.api.client.tests.dll" id="28cceedd-0004-bcae-37ba-848d1807e699">
      <Execution id="8b795a80-d32a-42a0-ba85-597c889130fa" />
      <TestMethod codeBase="/app/src/ClickUp.Api.Client.Tests/bin/Debug/net9.0/ClickUp.Api.Client.Tests.dll" adapterTypeName="executor://xunit/VsTestRunner2/netcoreapp" className="ClickUp.Api.Client.Tests.ServiceTests.FoldersServiceTests" name="GetFolderAsync_ApiError_ThrowsHttpRequestException" />
    </UnitTest>
    <UnitTest name="ClickUp.Api.Client.Tests.ServiceTests.ChatServiceTests.CreateDirectMessageChatChannelAsync_ApiConnectionThrowsTaskCanceledException_PropagatesException" storage="/app/src/clickup.api.client.tests/bin/debug/net9.0/clickup.api.client.tests.dll" id="57bacdbf-a0f3-52a6-bf94-fe17e3e3f642">
      <Execution id="92548d5e-7777-4916-be69-05bab1740d74" />
      <TestMethod codeBase="/app/src/ClickUp.Api.Client.Tests/bin/Debug/net9.0/ClickUp.Api.Client.Tests.dll" adapterTypeName="executor://xunit/VsTestRunner2/netcoreapp" className="ClickUp.Api.Client.Tests.ServiceTests.ChatServiceTests" name="CreateDirectMessageChatChannelAsync_ApiConnectionThrowsTaskCanceledException_PropagatesException" />
    </UnitTest>
    <UnitTest name="ClickUp.Api.Client.Tests.ServiceTests.TaskServiceTests.GetTaskAsync_ValidTaskId_ReturnsTask" storage="/app/src/clickup.api.client.tests/bin/debug/net9.0/clickup.api.client.tests.dll" id="d8e8f656-b222-2cc4-39e9-933e25cf137d">
      <Execution id="bfb7be90-fe97-4410-b0ab-01416327691e" />
      <TestMethod codeBase="/app/src/ClickUp.Api.Client.Tests/bin/Debug/net9.0/ClickUp.Api.Client.Tests.dll" adapterTypeName="executor://xunit/VsTestRunner2/netcoreapp" className="ClickUp.Api.Client.Tests.ServiceTests.TaskServiceTests" name="GetTaskAsync_ValidTaskId_ReturnsTask" />
    </UnitTest>
    <UnitTest name="ClickUp.Api.Client.Tests.ServiceTests.GuestsServiceTests.InviteGuestToWorkspaceAsync_PassesCancellationTokenToApiConnection" storage="/app/src/clickup.api.client.tests/bin/debug/net9.0/clickup.api.client.tests.dll" id="b8dc9bc7-4fc3-693a-56cc-e5d1b471dd1a">
      <Execution id="d73ed11f-7fbb-46c4-aeaa-39426104b0aa" />
      <TestMethod codeBase="/app/src/ClickUp.Api.Client.Tests/bin/Debug/net9.0/ClickUp.Api.Client.Tests.dll" adapterTypeName="executor://xunit/VsTestRunner2/netcoreapp" className="ClickUp.Api.Client.Tests.ServiceTests.GuestsServiceTests" name="InviteGuestToWorkspaceAsync_PassesCancellationTokenToApiConnection" />
    </UnitTest>
    <UnitTest name="ClickUp.Api.Client.Tests.ServiceTests.UsersServiceTests.GetUserFromWorkspaceAsync_ApiConnectionThrowsTaskCanceledException_PropagatesException" storage="/app/src/clickup.api.client.tests/bin/debug/net9.0/clickup.api.client.tests.dll" id="b5dc3f22-33c2-3b99-93aa-344fe768da56">
      <Execution id="d22aa453-4de4-4551-a80c-a4e9d3d4ac05" />
      <TestMethod codeBase="/app/src/ClickUp.Api.Client.Tests/bin/Debug/net9.0/ClickUp.Api.Client.Tests.dll" adapterTypeName="executor://xunit/VsTestRunner2/netcoreapp" className="ClickUp.Api.Client.Tests.ServiceTests.UsersServiceTests" name="GetUserFromWorkspaceAsync_ApiConnectionThrowsTaskCanceledException_PropagatesException" />
    </UnitTest>
    <UnitTest name="ClickUp.Api.Client.Tests.ServiceTests.SpacesServiceTests.DeleteSpaceAsync_PassesCancellationTokenToApiConnection" storage="/app/src/clickup.api.client.tests/bin/debug/net9.0/clickup.api.client.tests.dll" id="c6d7e2c8-c69e-63ac-2995-895307cfb489">
      <Execution id="f4064edc-890f-4870-9a81-5cbede27b7f5" />
      <TestMethod codeBase="/app/src/ClickUp.Api.Client.Tests/bin/Debug/net9.0/ClickUp.Api.Client.Tests.dll" adapterTypeName="executor://xunit/VsTestRunner2/netcoreapp" className="ClickUp.Api.Client.Tests.ServiceTests.SpacesServiceTests" name="DeleteSpaceAsync_PassesCancellationTokenToApiConnection" />
    </UnitTest>
    <UnitTest name="ClickUp.Api.Client.Tests.ServiceTests.DocsServiceTests.SearchAllDocsAsync_MultiplePagesOfResults_ReturnsAllItems" storage="/app/src/clickup.api.client.tests/bin/debug/net9.0/clickup.api.client.tests.dll" id="f3172ad1-5349-25f4-05c4-524037f2c966">
      <Execution id="5c542753-8756-41b7-b3b2-45d4e7b65a3c" />
      <TestMethod codeBase="/app/src/ClickUp.Api.Client.Tests/bin/Debug/net9.0/ClickUp.Api.Client.Tests.dll" adapterTypeName="executor://xunit/VsTestRunner2/netcoreapp" className="ClickUp.Api.Client.Tests.ServiceTests.DocsServiceTests" name="SearchAllDocsAsync_MultiplePagesOfResults_ReturnsAllItems" />
    </UnitTest>
    <UnitTest name="ClickUp.Api.Client.Tests.ServiceTests.ViewsServiceTests.GetSpaceViewsAsync_ValidSpaceId_ReturnsViews" storage="/app/src/clickup.api.client.tests/bin/debug/net9.0/clickup.api.client.tests.dll" id="c40e86e2-e16f-4233-5fc4-00fc072bd6a2">
      <Execution id="fd20b7a1-fc7a-4e0b-809f-6588d2408d46" />
      <TestMethod codeBase="/app/src/ClickUp.Api.Client.Tests/bin/Debug/net9.0/ClickUp.Api.Client.Tests.dll" adapterTypeName="executor://xunit/VsTestRunner2/netcoreapp" className="ClickUp.Api.Client.Tests.ServiceTests.ViewsServiceTests" name="GetSpaceViewsAsync_ValidSpaceId_ReturnsViews" />
    </UnitTest>
    <UnitTest name="ClickUp.Api.Client.Tests.ServiceTests.DocsServiceTests.CreateDocAsync_PassesCancellationTokenToApiConnection" storage="/app/src/clickup.api.client.tests/bin/debug/net9.0/clickup.api.client.tests.dll" id="9aebd098-86b0-8135-3828-1a1b18cbdc09">
      <Execution id="eeb6a02f-228a-467b-81f3-fbac9e446422" />
      <TestMethod codeBase="/app/src/ClickUp.Api.Client.Tests/bin/Debug/net9.0/ClickUp.Api.Client.Tests.dll" adapterTypeName="executor://xunit/VsTestRunner2/netcoreapp" className="ClickUp.Api.Client.Tests.ServiceTests.DocsServiceTests" name="CreateDocAsync_PassesCancellationTokenToApiConnection" />
    </UnitTest>
    <UnitTest name="ClickUp.Api.Client.Tests.ServiceTests.ListsServiceTests.CreateListFromTemplateInFolderAsync_PassesCancellationTokenToApiConnection" storage="/app/src/clickup.api.client.tests/bin/debug/net9.0/clickup.api.client.tests.dll" id="99f975e9-90a9-1b95-68e2-bd28016666dc">
      <Execution id="babe3c8c-636f-4428-bdbf-0a4484338b1c" />
      <TestMethod codeBase="/app/src/ClickUp.Api.Client.Tests/bin/Debug/net9.0/ClickUp.Api.Client.Tests.dll" adapterTypeName="executor://xunit/VsTestRunner2/netcoreapp" className="ClickUp.Api.Client.Tests.ServiceTests.ListsServiceTests" name="CreateListFromTemplateInFolderAsync_PassesCancellationTokenToApiConnection" />
    </UnitTest>
    <UnitTest name="ClickUp.Api.Client.Tests.ServiceTests.GuestsServiceTests.RemoveGuestFromTaskAsync_ValidRequest_CallsDeleteAndReturnsGuest" storage="/app/src/clickup.api.client.tests/bin/debug/net9.0/clickup.api.client.tests.dll" id="84a0fe9e-88a9-b519-abce-44607ed3d60b">
      <Execution id="6d522786-db7d-4e80-a131-1058c196cd63" />
      <TestMethod codeBase="/app/src/ClickUp.Api.Client.Tests/bin/Debug/net9.0/ClickUp.Api.Client.Tests.dll" adapterTypeName="executor://xunit/VsTestRunner2/netcoreapp" className="ClickUp.Api.Client.Tests.ServiceTests.GuestsServiceTests" name="RemoveGuestFromTaskAsync_ValidRequest_CallsDeleteAndReturnsGuest" />
    </UnitTest>
    <UnitTest name="ClickUp.Api.Client.Tests.ServiceTests.CommentServiceTests.UpdateCommentAsync_ApiConnectionThrowsTaskCanceledException_PropagatesException" storage="/app/src/clickup.api.client.tests/bin/debug/net9.0/clickup.api.client.tests.dll" id="f31bace1-8f20-4ff1-a788-959919728bf7">
      <Execution id="3121cbdc-a413-41e3-9957-46a33b89950c" />
      <TestMethod codeBase="/app/src/ClickUp.Api.Client.Tests/bin/Debug/net9.0/ClickUp.Api.Client.Tests.dll" adapterTypeName="executor://xunit/VsTestRunner2/netcoreapp" className="ClickUp.Api.Client.Tests.ServiceTests.CommentServiceTests" name="UpdateCommentAsync_ApiConnectionThrowsTaskCanceledException_PropagatesException" />
    </UnitTest>
    <UnitTest name="ClickUp.Api.Client.Tests.ServiceTests.TaskChecklistsServiceTests.CreateChecklistAsync_ApiReturnsResponseWithNullChecklist_ThrowsInvalidOperationException" storage="/app/src/clickup.api.client.tests/bin/debug/net9.0/clickup.api.client.tests.dll" id="f61e67de-82a5-a96b-6915-0c05afd4c5fb">
      <Execution id="903eaa68-b43f-4ec5-b1c8-3eef504ec60c" />
      <TestMethod codeBase="/app/src/ClickUp.Api.Client.Tests/bin/Debug/net9.0/ClickUp.Api.Client.Tests.dll" adapterTypeName="executor://xunit/VsTestRunner2/netcoreapp" className="ClickUp.Api.Client.Tests.ServiceTests.TaskChecklistsServiceTests" name="CreateChecklistAsync_ApiReturnsResponseWithNullChecklist_ThrowsInvalidOperationException" />
    </UnitTest>
    <UnitTest name="ClickUp.Api.Client.Tests.ServiceTests.TaskServiceTests.GetFilteredTeamTasksAsyncEnumerable_HandlesApiError" storage="/app/src/clickup.api.client.tests/bin/debug/net9.0/clickup.api.client.tests.dll" id="f6dfa8db-8634-305b-53fb-afe728588de3">
      <Execution id="c58ac85f-7811-4c57-84f0-18b748f67126" />
      <TestMethod codeBase="/app/src/ClickUp.Api.Client.Tests/bin/Debug/net9.0/ClickUp.Api.Client.Tests.dll" adapterTypeName="executor://xunit/VsTestRunner2/netcoreapp" className="ClickUp.Api.Client.Tests.ServiceTests.TaskServiceTests" name="GetFilteredTeamTasksAsyncEnumerable_HandlesApiError" />
    </UnitTest>
    <UnitTest name="ClickUp.Api.Client.Tests.Http.AuthenticationDelegatingHandlerTests.Constructor_WithValidApiKey_ShouldNotThrow" storage="/app/src/clickup.api.client.tests/bin/debug/net9.0/clickup.api.client.tests.dll" id="7428b5be-e41e-3ae2-e6c3-7e5ae8113bcf">
      <Execution id="db19ce2e-70e4-4e5d-b3db-3a2656061ba6" />
      <TestMethod codeBase="/app/src/ClickUp.Api.Client.Tests/bin/Debug/net9.0/ClickUp.Api.Client.Tests.dll" adapterTypeName="executor://xunit/VsTestRunner2/netcoreapp" className="ClickUp.Api.Client.Tests.Http.AuthenticationDelegatingHandlerTests" name="Constructor_WithValidApiKey_ShouldNotThrow" />
    </UnitTest>
    <UnitTest name="ClickUp.Api.Client.Tests.ServiceTests.WorkspacesServiceTests.GetWorkspaceSeatsAsync_ApiConnectionThrowsTaskCanceledException_PropagatesException" storage="/app/src/clickup.api.client.tests/bin/debug/net9.0/clickup.api.client.tests.dll" id="96fca06f-0569-a7af-f21c-69e7c495e6cb">
      <Execution id="f191ea77-a325-483d-9a34-a45a64331f0a" />
      <TestMethod codeBase="/app/src/ClickUp.Api.Client.Tests/bin/Debug/net9.0/ClickUp.Api.Client.Tests.dll" adapterTypeName="executor://xunit/VsTestRunner2/netcoreapp" className="ClickUp.Api.Client.Tests.ServiceTests.WorkspacesServiceTests" name="GetWorkspaceSeatsAsync_ApiConnectionThrowsTaskCanceledException_PropagatesException" />
    </UnitTest>
    <UnitTest name="ClickUp.Api.Client.Tests.ServiceTests.ListsServiceTests.DeleteListAsync_ValidListId_CallsDeleteAsync" storage="/app/src/clickup.api.client.tests/bin/debug/net9.0/clickup.api.client.tests.dll" id="f80cf9ee-905e-8863-bda8-9d4d9c6015ab">
      <Execution id="31c0ec58-3fef-4875-809b-41454b0e924b" />
      <TestMethod codeBase="/app/src/ClickUp.Api.Client.Tests/bin/Debug/net9.0/ClickUp.Api.Client.Tests.dll" adapterTypeName="executor://xunit/VsTestRunner2/netcoreapp" className="ClickUp.Api.Client.Tests.ServiceTests.ListsServiceTests" name="DeleteListAsync_ValidListId_CallsDeleteAsync" />
    </UnitTest>
    <UnitTest name="ClickUp.Api.Client.Tests.ServiceTests.TimeTrackingServiceTests.GetTimeEntryAsync_ApiConnectionThrowsHttpRequestException_PropagatesException" storage="/app/src/clickup.api.client.tests/bin/debug/net9.0/clickup.api.client.tests.dll" id="3d1ad44f-ad35-093f-1ddc-cdf28838fb0c">
      <Execution id="701eba29-d578-4e99-879e-d43a1cf3758d" />
      <TestMethod codeBase="/app/src/ClickUp.Api.Client.Tests/bin/Debug/net9.0/ClickUp.Api.Client.Tests.dll" adapterTypeName="executor://xunit/VsTestRunner2/netcoreapp" className="ClickUp.Api.Client.Tests.ServiceTests.TimeTrackingServiceTests" name="GetTimeEntryAsync_ApiConnectionThrowsHttpRequestException_PropagatesException" />
    </UnitTest>
    <UnitTest name="ClickUp.Api.Client.Tests.ServiceTests.CommentServiceTests.GetListCommentsAsync_ApiConnectionThrowsTaskCanceledException_PropagatesException" storage="/app/src/clickup.api.client.tests/bin/debug/net9.0/clickup.api.client.tests.dll" id="0d31d690-be18-682b-70ab-692d878b1d19">
      <Execution id="cde951b8-cd97-4a07-a4f2-554f3ad74742" />
      <TestMethod codeBase="/app/src/ClickUp.Api.Client.Tests/bin/Debug/net9.0/ClickUp.Api.Client.Tests.dll" adapterTypeName="executor://xunit/VsTestRunner2/netcoreapp" className="ClickUp.Api.Client.Tests.ServiceTests.CommentServiceTests" name="GetListCommentsAsync_ApiConnectionThrowsTaskCanceledException_PropagatesException" />
    </UnitTest>
    <UnitTest name="ClickUp.Api.Client.Tests.ServiceTests.TaskServiceTests.GetFilteredTeamTasksAsync_ApiConnectionThrowsTaskCanceledException_PropagatesException" storage="/app/src/clickup.api.client.tests/bin/debug/net9.0/clickup.api.client.tests.dll" id="3e9d1a63-eb7d-0da1-8899-9b1a1bb3d3bd">
      <Execution id="c70d038d-6441-4f41-8174-6052280e5bd6" />
      <TestMethod codeBase="/app/src/ClickUp.Api.Client.Tests/bin/Debug/net9.0/ClickUp.Api.Client.Tests.dll" adapterTypeName="executor://xunit/VsTestRunner2/netcoreapp" className="ClickUp.Api.Client.Tests.ServiceTests.TaskServiceTests" name="GetFilteredTeamTasksAsync_ApiConnectionThrowsTaskCanceledException_PropagatesException" />
    </UnitTest>
    <UnitTest name="ClickUp.Api.Client.Tests.ServiceTests.ViewsServiceTests.GetViewAsync_ApiReturnsNull_ThrowsInvalidOperationException" storage="/app/src/clickup.api.client.tests/bin/debug/net9.0/clickup.api.client.tests.dll" id="fa1d252f-4ee5-fcd1-b822-82dea7f3bf68">
      <Execution id="e5f539e0-dd15-44a2-a578-385096519bba" />
      <TestMethod codeBase="/app/src/ClickUp.Api.Client.Tests/bin/Debug/net9.0/ClickUp.Api.Client.Tests.dll" adapterTypeName="executor://xunit/VsTestRunner2/netcoreapp" className="ClickUp.Api.Client.Tests.ServiceTests.ViewsServiceTests" name="GetViewAsync_ApiReturnsNull_ThrowsInvalidOperationException" />
    </UnitTest>
    <UnitTest name="ClickUp.Api.Client.Tests.ServiceTests.ListsServiceTests.GetFolderlessListsAsync_ApiReturnsNullResponse_ReturnsEmptyEnumerable" storage="/app/src/clickup.api.client.tests/bin/debug/net9.0/clickup.api.client.tests.dll" id="df534433-e81e-2362-089d-02b32a13ff5f">
      <Execution id="b461b8e8-d5d3-4a15-a708-74b0f5f0c272" />
      <TestMethod codeBase="/app/src/ClickUp.Api.Client.Tests/bin/Debug/net9.0/ClickUp.Api.Client.Tests.dll" adapterTypeName="executor://xunit/VsTestRunner2/netcoreapp" className="ClickUp.Api.Client.Tests.ServiceTests.ListsServiceTests" name="GetFolderlessListsAsync_ApiReturnsNullResponse_ReturnsEmptyEnumerable" />
    </UnitTest>
    <UnitTest name="ClickUp.Api.Client.Tests.ServiceTests.GuestsServiceTests.RemoveGuestFromTaskAsync_NullApiResponse_ThrowsInvalidOperationException" storage="/app/src/clickup.api.client.tests/bin/debug/net9.0/clickup.api.client.tests.dll" id="01826418-4acd-c446-dcf6-3d0fe5fda7b0">
      <Execution id="274d9aed-8746-4038-84f5-b5a868e3fa0f" />
      <TestMethod codeBase="/app/src/ClickUp.Api.Client.Tests/bin/Debug/net9.0/ClickUp.Api.Client.Tests.dll" adapterTypeName="executor://xunit/VsTestRunner2/netcoreapp" className="ClickUp.Api.Client.Tests.ServiceTests.GuestsServiceTests" name="RemoveGuestFromTaskAsync_NullApiResponse_ThrowsInvalidOperationException" />
    </UnitTest>
    <UnitTest name="ClickUp.Api.Client.Tests.ServiceTests.TaskRelationshipsServiceTests.DeleteDependencyAsync_WithDependencyOf_CallsDeleteAsyncWithCorrectUrl" storage="/app/src/clickup.api.client.tests/bin/debug/net9.0/clickup.api.client.tests.dll" id="bf4bfb6f-14b9-988f-08de-3ea8deb5b1e2">
      <Execution id="5064059e-6737-4ce1-99ca-937edd8f2c6c" />
      <TestMethod codeBase="/app/src/ClickUp.Api.Client.Tests/bin/Debug/net9.0/ClickUp.Api.Client.Tests.dll" adapterTypeName="executor://xunit/VsTestRunner2/netcoreapp" className="ClickUp.Api.Client.Tests.ServiceTests.TaskRelationshipsServiceTests" name="DeleteDependencyAsync_WithDependencyOf_CallsDeleteAsyncWithCorrectUrl" />
    </UnitTest>
    <UnitTest name="ClickUp.Api.Client.Tests.ServiceTests.CommentServiceTests.GetThreadedCommentsAsync_ValidInput_CallsApiConnectionGetAsyncWithCorrectParameters" storage="/app/src/clickup.api.client.tests/bin/debug/net9.0/clickup.api.client.tests.dll" id="5bfd1fe7-ef93-ce38-f006-77697e21739e">
      <Execution id="f5b3f49f-a468-4857-818f-4782c10c64c6" />
      <TestMethod codeBase="/app/src/ClickUp.Api.Client.Tests/bin/Debug/net9.0/ClickUp.Api.Client.Tests.dll" adapterTypeName="executor://xunit/VsTestRunner2/netcoreapp" className="ClickUp.Api.Client.Tests.ServiceTests.CommentServiceTests" name="GetThreadedCommentsAsync_ValidInput_CallsApiConnectionGetAsyncWithCorrectParameters" />
    </UnitTest>
    <UnitTest name="ClickUp.Api.Client.Tests.ServiceTests.TimeTrackingServiceTests.CreateTimeEntryAsync_WithCustomTaskIdsAndTeamId_BuildsCorrectUrl" storage="/app/src/clickup.api.client.tests/bin/debug/net9.0/clickup.api.client.tests.dll" id="85698f3a-4e46-7ce5-ae3d-a0eb2be044a8">
      <Execution id="ce8df02d-34e7-4219-b758-de89b7fc9d58" />
      <TestMethod codeBase="/app/src/ClickUp.Api.Client.Tests/bin/Debug/net9.0/ClickUp.Api.Client.Tests.dll" adapterTypeName="executor://xunit/VsTestRunner2/netcoreapp" className="ClickUp.Api.Client.Tests.ServiceTests.TimeTrackingServiceTests" name="CreateTimeEntryAsync_WithCustomTaskIdsAndTeamId_BuildsCorrectUrl" />
    </UnitTest>
    <UnitTest name="ClickUp.Api.Client.Tests.ServiceTests.TagsServiceTests.CreateSpaceTagAsync_ApiConnectionThrowsHttpRequestException_PropagatesException" storage="/app/src/clickup.api.client.tests/bin/debug/net9.0/clickup.api.client.tests.dll" id="6f8c638a-8549-3215-0ce5-427f31429e66">
      <Execution id="257f44c1-9d59-4ea0-b123-8ba11c84a1f6" />
      <TestMethod codeBase="/app/src/ClickUp.Api.Client.Tests/bin/Debug/net9.0/ClickUp.Api.Client.Tests.dll" adapterTypeName="executor://xunit/VsTestRunner2/netcoreapp" className="ClickUp.Api.Client.Tests.ServiceTests.TagsServiceTests" name="CreateSpaceTagAsync_ApiConnectionThrowsHttpRequestException_PropagatesException" />
    </UnitTest>
    <UnitTest name="ClickUp.Api.Client.Tests.ServiceTests.TaskServiceTests.GetFilteredTeamTasksAsyncEnumerable_ReturnsAllTasks_WhenMultiplePages" storage="/app/src/clickup.api.client.tests/bin/debug/net9.0/clickup.api.client.tests.dll" id="b1dfb4f4-ba55-a7da-366a-3fd92a7e155a">
      <Execution id="97450a74-cca7-4240-8194-eadf62179e45" />
      <TestMethod codeBase="/app/src/ClickUp.Api.Client.Tests/bin/Debug/net9.0/ClickUp.Api.Client.Tests.dll" adapterTypeName="executor://xunit/VsTestRunner2/netcoreapp" className="ClickUp.Api.Client.Tests.ServiceTests.TaskServiceTests" name="GetFilteredTeamTasksAsyncEnumerable_ReturnsAllTasks_WhenMultiplePages" />
    </UnitTest>
    <UnitTest name="ClickUp.Api.Client.Tests.ServiceTests.TimeTrackingServiceTests.RemoveTagsFromTimeEntriesAsync_PassesCancellationTokenToApiConnection" storage="/app/src/clickup.api.client.tests/bin/debug/net9.0/clickup.api.client.tests.dll" id="3223a4af-d51d-dddf-a4c7-507562a03439">
      <Execution id="f9b24aad-be0d-44ce-8ebb-fdb52c8279c9" />
      <TestMethod codeBase="/app/src/ClickUp.Api.Client.Tests/bin/Debug/net9.0/ClickUp.Api.Client.Tests.dll" adapterTypeName="executor://xunit/VsTestRunner2/netcoreapp" className="ClickUp.Api.Client.Tests.ServiceTests.TimeTrackingServiceTests" name="RemoveTagsFromTimeEntriesAsync_PassesCancellationTokenToApiConnection" />
    </UnitTest>
    <UnitTest name="ClickUp.Api.Client.Tests.ServiceTests.GoalsServiceTests.CreateKeyResultAsync_ValidRequest_CallsPostAndReturnsKeyResult" storage="/app/src/clickup.api.client.tests/bin/debug/net9.0/clickup.api.client.tests.dll" id="43dfef0a-a898-a93a-d1b2-66d336e1114a">
      <Execution id="9db986be-89b5-4b9e-8e49-ed43a322a72d" />
      <TestMethod codeBase="/app/src/ClickUp.Api.Client.Tests/bin/Debug/net9.0/ClickUp.Api.Client.Tests.dll" adapterTypeName="executor://xunit/VsTestRunner2/netcoreapp" className="ClickUp.Api.Client.Tests.ServiceTests.GoalsServiceTests" name="CreateKeyResultAsync_ValidRequest_CallsPostAndReturnsKeyResult" />
    </UnitTest>
    <UnitTest name="ClickUp.Api.Client.Tests.ServiceTests.TaskChecklistsServiceTests.DeleteChecklistItemAsync_ApiConnectionThrowsHttpRequestException_PropagatesException" storage="/app/src/clickup.api.client.tests/bin/debug/net9.0/clickup.api.client.tests.dll" id="a9efc708-38a6-fcba-9a97-7f77a5ad553f">
      <Execution id="c6c7cd50-fff3-499b-b625-dc580269a12c" />
      <TestMethod codeBase="/app/src/ClickUp.Api.Client.Tests/bin/Debug/net9.0/ClickUp.Api.Client.Tests.dll" adapterTypeName="executor://xunit/VsTestRunner2/netcoreapp" className="ClickUp.Api.Client.Tests.ServiceTests.TaskChecklistsServiceTests" name="DeleteChecklistItemAsync_ApiConnectionThrowsHttpRequestException_PropagatesException" />
    </UnitTest>
    <UnitTest name="ClickUp.Api.Client.Tests.ServiceTests.DocsServiceTests.CreatePageAsync_NullResponseData_ThrowsInvalidOperationException" storage="/app/src/clickup.api.client.tests/bin/debug/net9.0/clickup.api.client.tests.dll" id="d17156f2-d96b-7805-f2d0-4f7f66933361">
      <Execution id="5809ca42-7177-4907-b8cc-cd7685c5a1c5" />
      <TestMethod codeBase="/app/src/ClickUp.Api.Client.Tests/bin/Debug/net9.0/ClickUp.Api.Client.Tests.dll" adapterTypeName="executor://xunit/VsTestRunner2/netcoreapp" className="ClickUp.Api.Client.Tests.ServiceTests.DocsServiceTests" name="CreatePageAsync_NullResponseData_ThrowsInvalidOperationException" />
    </UnitTest>
    <UnitTest name="ClickUp.Api.Client.Tests.ServiceTests.ChatServiceTests.UpdateChatMessageAsync_ValidRequest_CallsPutAndReturnsMessage" storage="/app/src/clickup.api.client.tests/bin/debug/net9.0/clickup.api.client.tests.dll" id="3365560f-90cb-4a81-f4ad-cb4301228614">
      <Execution id="1f05a6bf-157f-4448-a361-f66fe1eca126" />
      <TestMethod codeBase="/app/src/ClickUp.Api.Client.Tests/bin/Debug/net9.0/ClickUp.Api.Client.Tests.dll" adapterTypeName="executor://xunit/VsTestRunner2/netcoreapp" className="ClickUp.Api.Client.Tests.ServiceTests.ChatServiceTests" name="UpdateChatMessageAsync_ValidRequest_CallsPutAndReturnsMessage" />
    </UnitTest>
    <UnitTest name="ClickUp.Api.Client.Tests.ServiceTests.DocsServiceTests.GetDocPagesAsync_PassesCancellationTokenToApiConnection" storage="/app/src/clickup.api.client.tests/bin/debug/net9.0/clickup.api.client.tests.dll" id="2f5333c3-b2fd-e93c-ff6c-9f4085c35de6">
      <Execution id="4a4d8eee-6531-4c55-a1ab-a4cdb4ae31a3" />
      <TestMethod codeBase="/app/src/ClickUp.Api.Client.Tests/bin/Debug/net9.0/ClickUp.Api.Client.Tests.dll" adapterTypeName="executor://xunit/VsTestRunner2/netcoreapp" className="ClickUp.Api.Client.Tests.ServiceTests.DocsServiceTests" name="GetDocPagesAsync_PassesCancellationTokenToApiConnection" />
    </UnitTest>
    <UnitTest name="ClickUp.Api.Client.Tests.ServiceTests.CustomFieldsServiceTests.GetWorkspaceCustomFieldsAsync_ApiConnectionThrowsTaskCanceledException_PropagatesException" storage="/app/src/clickup.api.client.tests/bin/debug/net9.0/clickup.api.client.tests.dll" id="2e8375d0-534a-373a-a359-8388c50bf427">
      <Execution id="db31c7a1-095c-49ac-88eb-eeb784adb538" />
      <TestMethod codeBase="/app/src/ClickUp.Api.Client.Tests/bin/Debug/net9.0/ClickUp.Api.Client.Tests.dll" adapterTypeName="executor://xunit/VsTestRunner2/netcoreapp" className="ClickUp.Api.Client.Tests.ServiceTests.CustomFieldsServiceTests" name="GetWorkspaceCustomFieldsAsync_ApiConnectionThrowsTaskCanceledException_PropagatesException" />
    </UnitTest>
    <UnitTest name="ClickUp.Api.Client.Tests.ServiceTests.CommentServiceTests.GetChatViewCommentsStreamAsync_IAsyncEnumerable_HandlesCancellation" storage="/app/src/clickup.api.client.tests/bin/debug/net9.0/clickup.api.client.tests.dll" id="9d62c429-bfc4-7793-6e3b-107bc74d99f7">
      <Execution id="e8d5eb6d-d764-4bb5-8cb2-ab1b116a6606" />
      <TestMethod codeBase="/app/src/ClickUp.Api.Client.Tests/bin/Debug/net9.0/ClickUp.Api.Client.Tests.dll" adapterTypeName="executor://xunit/VsTestRunner2/netcoreapp" className="ClickUp.Api.Client.Tests.ServiceTests.CommentServiceTests" name="GetChatViewCommentsStreamAsync_IAsyncEnumerable_HandlesCancellation" />
    </UnitTest>
    <UnitTest name="ClickUp.Api.Client.Tests.ServiceTests.TagsServiceTests.GetSpaceTagsAsync_ApiReturnsResponseWithNullTags_ReturnsEmptyEnumerable" storage="/app/src/clickup.api.client.tests/bin/debug/net9.0/clickup.api.client.tests.dll" id="029d77fc-29f0-2f6b-5b61-e801f211e1a6">
      <Execution id="74f527cb-34a4-4e4b-b8c3-ffb24c6b35f2" />
      <TestMethod codeBase="/app/src/ClickUp.Api.Client.Tests/bin/Debug/net9.0/ClickUp.Api.Client.Tests.dll" adapterTypeName="executor://xunit/VsTestRunner2/netcoreapp" className="ClickUp.Api.Client.Tests.ServiceTests.TagsServiceTests" name="GetSpaceTagsAsync_ApiReturnsResponseWithNullTags_ReturnsEmptyEnumerable" />
    </UnitTest>
    <UnitTest name="ClickUp.Api.Client.Tests.ServiceTests.ChatServiceTests.GetChatMessageRepliesAsync_PassesCancellationTokenToApiConnection" storage="/app/src/clickup.api.client.tests/bin/debug/net9.0/clickup.api.client.tests.dll" id="ef21dcdc-7a4c-1a08-c883-d07825afb5e5">
      <Execution id="e2d3b558-6090-4ce8-ba67-a5839020be38" />
      <TestMethod codeBase="/app/src/ClickUp.Api.Client.Tests/bin/Debug/net9.0/ClickUp.Api.Client.Tests.dll" adapterTypeName="executor://xunit/VsTestRunner2/netcoreapp" className="ClickUp.Api.Client.Tests.ServiceTests.ChatServiceTests" name="GetChatMessageRepliesAsync_PassesCancellationTokenToApiConnection" />
    </UnitTest>
    <UnitTest name="ClickUp.Api.Client.Tests.ServiceTests.GuestsServiceTests.GetGuestAsync_PassesCancellationTokenToApiConnection" storage="/app/src/clickup.api.client.tests/bin/debug/net9.0/clickup.api.client.tests.dll" id="381f377e-08c0-a262-2d01-bbb43b81a3fa">
      <Execution id="46620836-f4dc-47b2-93c0-5c9f62e4aca8" />
      <TestMethod codeBase="/app/src/ClickUp.Api.Client.Tests/bin/Debug/net9.0/ClickUp.Api.Client.Tests.dll" adapterTypeName="executor://xunit/VsTestRunner2/netcoreapp" className="ClickUp.Api.Client.Tests.ServiceTests.GuestsServiceTests" name="GetGuestAsync_PassesCancellationTokenToApiConnection" />
    </UnitTest>
    <UnitTest name="ClickUp.Api.Client.Tests.ServiceTests.TaskRelationshipsServiceTests.AddTaskLinkAsync_ApiConnectionThrowsTaskCanceledException_PropagatesException" storage="/app/src/clickup.api.client.tests/bin/debug/net9.0/clickup.api.client.tests.dll" id="7b9e8da3-c1cf-a39e-6f3d-7f535dcbb54b">
      <Execution id="c47bf381-3bd5-4a12-af33-1305f9ab7ce9" />
      <TestMethod codeBase="/app/src/ClickUp.Api.Client.Tests/bin/Debug/net9.0/ClickUp.Api.Client.Tests.dll" adapterTypeName="executor://xunit/VsTestRunner2/netcoreapp" className="ClickUp.Api.Client.Tests.ServiceTests.TaskRelationshipsServiceTests" name="AddTaskLinkAsync_ApiConnectionThrowsTaskCanceledException_PropagatesException" />
    </UnitTest>
    <UnitTest name="ClickUp.Api.Client.Tests.ServiceTests.ChatServiceTests.GetChatChannelsAsync_PassesCancellationTokenToApiConnection" storage="/app/src/clickup.api.client.tests/bin/debug/net9.0/clickup.api.client.tests.dll" id="6db6db1d-1177-c8ea-5cf3-de091ac6501f">
      <Execution id="7d8047f3-6615-495f-9f7a-b28ff8ec3a78" />
      <TestMethod codeBase="/app/src/ClickUp.Api.Client.Tests/bin/Debug/net9.0/ClickUp.Api.Client.Tests.dll" adapterTypeName="executor://xunit/VsTestRunner2/netcoreapp" className="ClickUp.Api.Client.Tests.ServiceTests.ChatServiceTests" name="GetChatChannelsAsync_PassesCancellationTokenToApiConnection" />
    </UnitTest>
    <UnitTest name="ClickUp.Api.Client.Tests.ServiceTests.TaskRelationshipsServiceTests.AddDependencyAsync_ApiConnectionThrowsTaskCanceledException_PropagatesException" storage="/app/src/clickup.api.client.tests/bin/debug/net9.0/clickup.api.client.tests.dll" id="5e34e83a-50fc-5b2c-3593-fda1d4315bc6">
      <Execution id="9325a21b-a224-4705-a678-317ada05a9f9" />
      <TestMethod codeBase="/app/src/ClickUp.Api.Client.Tests/bin/Debug/net9.0/ClickUp.Api.Client.Tests.dll" adapterTypeName="executor://xunit/VsTestRunner2/netcoreapp" className="ClickUp.Api.Client.Tests.ServiceTests.TaskRelationshipsServiceTests" name="AddDependencyAsync_ApiConnectionThrowsTaskCanceledException_PropagatesException" />
    </UnitTest>
    <UnitTest name="ClickUp.Api.Client.Tests.ServiceTests.ListsServiceTests.GetFolderlessListsAsyncEnumerableAsync_WithArchivedTrue_BuildsCorrectUrl" storage="/app/src/clickup.api.client.tests/bin/debug/net9.0/clickup.api.client.tests.dll" id="c98cbe04-e496-ef3c-3fd0-70796bcf372d">
      <Execution id="d5f18a9a-f1ee-4106-904d-7b612de3ea06" />
      <TestMethod codeBase="/app/src/ClickUp.Api.Client.Tests/bin/Debug/net9.0/ClickUp.Api.Client.Tests.dll" adapterTypeName="executor://xunit/VsTestRunner2/netcoreapp" className="ClickUp.Api.Client.Tests.ServiceTests.ListsServiceTests" name="GetFolderlessListsAsyncEnumerableAsync_WithArchivedTrue_BuildsCorrectUrl" />
    </UnitTest>
    <UnitTest name="ClickUp.Api.Client.Tests.ServiceTests.ChatServiceTests.GetChatMessageTaggedUsersAsync_ValidRequest_BuildsUrlAndReturnsResponse" storage="/app/src/clickup.api.client.tests/bin/debug/net9.0/clickup.api.client.tests.dll" id="cf3f3ace-3121-9116-97fe-a26d5ed5c48e">
      <Execution id="31f8c16c-3b03-44fc-b978-bdf76d63799a" />
      <TestMethod codeBase="/app/src/ClickUp.Api.Client.Tests/bin/Debug/net9.0/ClickUp.Api.Client.Tests.dll" adapterTypeName="executor://xunit/VsTestRunner2/netcoreapp" className="ClickUp.Api.Client.Tests.ServiceTests.ChatServiceTests" name="GetChatMessageTaggedUsersAsync_ValidRequest_BuildsUrlAndReturnsResponse" />
    </UnitTest>
    <UnitTest name="ClickUp.Api.Client.Tests.ServiceTests.ChatServiceTests.GetChatChannelMembersAsync_PassesCancellationTokenToApiConnection" storage="/app/src/clickup.api.client.tests/bin/debug/net9.0/clickup.api.client.tests.dll" id="20cfcaa7-17a2-21bf-4948-d30e73c0057d">
      <Execution id="a0242748-8b49-41e2-8e82-5baa04636005" />
      <TestMethod codeBase="/app/src/ClickUp.Api.Client.Tests/bin/Debug/net9.0/ClickUp.Api.Client.Tests.dll" adapterTypeName="executor://xunit/VsTestRunner2/netcoreapp" className="ClickUp.Api.Client.Tests.ServiceTests.ChatServiceTests" name="GetChatChannelMembersAsync_PassesCancellationTokenToApiConnection" />
    </UnitTest>
    <UnitTest name="ClickUp.Api.Client.Tests.ServiceTests.GuestsServiceTests.RemoveGuestFromListAsync_PassesCancellationTokenToApiConnection" storage="/app/src/clickup.api.client.tests/bin/debug/net9.0/clickup.api.client.tests.dll" id="863ba840-d0c2-3b87-37ee-d6c2ae4bed7d">
      <Execution id="7713f4c2-810f-4e15-a695-1bb3f321fea1" />
      <TestMethod codeBase="/app/src/ClickUp.Api.Client.Tests/bin/Debug/net9.0/ClickUp.Api.Client.Tests.dll" adapterTypeName="executor://xunit/VsTestRunner2/netcoreapp" className="ClickUp.Api.Client.Tests.ServiceTests.GuestsServiceTests" name="RemoveGuestFromListAsync_PassesCancellationTokenToApiConnection" />
    </UnitTest>
    <UnitTest name="ClickUp.Api.Client.Tests.ServiceTests.TaskServiceTests.GetFilteredTeamTasksAsyncEnumerable_ReturnsAllTasks_WhenSinglePage" storage="/app/src/clickup.api.client.tests/bin/debug/net9.0/clickup.api.client.tests.dll" id="ea2246a3-0287-0891-9a82-a77b59c13d14">
      <Execution id="b37b370c-230c-4fdb-ae89-5745ad78c953" />
      <TestMethod codeBase="/app/src/ClickUp.Api.Client.Tests/bin/Debug/net9.0/ClickUp.Api.Client.Tests.dll" adapterTypeName="executor://xunit/VsTestRunner2/netcoreapp" className="ClickUp.Api.Client.Tests.ServiceTests.TaskServiceTests" name="GetFilteredTeamTasksAsyncEnumerable_ReturnsAllTasks_WhenSinglePage" />
    </UnitTest>
    <UnitTest name="ClickUp.Api.Client.Tests.ServiceTests.DocsServiceTests.EditPageAsync_ApiConnectionThrowsTaskCanceledException_PropagatesException" storage="/app/src/clickup.api.client.tests/bin/debug/net9.0/clickup.api.client.tests.dll" id="68579825-3ce7-f903-dde4-dce9eb6ac251">
      <Execution id="009cc93c-528e-4de5-8717-6a2e6c045ec9" />
      <TestMethod codeBase="/app/src/ClickUp.Api.Client.Tests/bin/Debug/net9.0/ClickUp.Api.Client.Tests.dll" adapterTypeName="executor://xunit/VsTestRunner2/netcoreapp" className="ClickUp.Api.Client.Tests.ServiceTests.DocsServiceTests" name="EditPageAsync_ApiConnectionThrowsTaskCanceledException_PropagatesException" />
    </UnitTest>
    <UnitTest name="ClickUp.Api.Client.Tests.ServiceTests.CustomFieldsServiceTests.SetCustomFieldValueAsync_ApiConnectionThrowsTaskCanceledException_PropagatesException" storage="/app/src/clickup.api.client.tests/bin/debug/net9.0/clickup.api.client.tests.dll" id="0e24771a-d278-3b70-2819-b8f07c8eeffc">
      <Execution id="cc19f7d4-8753-4f99-af53-91e426ac785e" />
      <TestMethod codeBase="/app/src/ClickUp.Api.Client.Tests/bin/Debug/net9.0/ClickUp.Api.Client.Tests.dll" adapterTypeName="executor://xunit/VsTestRunner2/netcoreapp" className="ClickUp.Api.Client.Tests.ServiceTests.CustomFieldsServiceTests" name="SetCustomFieldValueAsync_ApiConnectionThrowsTaskCanceledException_PropagatesException" />
    </UnitTest>
    <UnitTest name="ClickUp.Api.Client.Tests.ServiceTests.FoldersServiceTests.GetFoldersAsync_ApiReturnsEmptyList_ReturnsEmptyEnumerable" storage="/app/src/clickup.api.client.tests/bin/debug/net9.0/clickup.api.client.tests.dll" id="c7dd5536-1bf2-3d6d-6f68-304b45ba7805">
      <Execution id="5a95c4c1-5796-4560-bb3b-28de7cc56a04" />
      <TestMethod codeBase="/app/src/ClickUp.Api.Client.Tests/bin/Debug/net9.0/ClickUp.Api.Client.Tests.dll" adapterTypeName="executor://xunit/VsTestRunner2/netcoreapp" className="ClickUp.Api.Client.Tests.ServiceTests.FoldersServiceTests" name="GetFoldersAsync_ApiReturnsEmptyList_ReturnsEmptyEnumerable" />
    </UnitTest>
    <UnitTest name="ClickUp.Api.Client.Tests.ServiceTests.WebhooksServiceTests.UpdateWebhookAsync_ApiReturnsNullResponse_ThrowsInvalidOperationException" storage="/app/src/clickup.api.client.tests/bin/debug/net9.0/clickup.api.client.tests.dll" id="e4cf8b68-6be1-c844-c90f-3cfa2745ffe1">
      <Execution id="84e6fffa-50fa-4ed0-9151-a58a4018dad1" />
      <TestMethod codeBase="/app/src/ClickUp.Api.Client.Tests/bin/Debug/net9.0/ClickUp.Api.Client.Tests.dll" adapterTypeName="executor://xunit/VsTestRunner2/netcoreapp" className="ClickUp.Api.Client.Tests.ServiceTests.WebhooksServiceTests" name="UpdateWebhookAsync_ApiReturnsNullResponse_ThrowsInvalidOperationException" />
    </UnitTest>
    <UnitTest name="ClickUp.Api.Client.Tests.ServiceTests.AuthorizationServiceTests.GetAccessTokenAsync_ApiConnectionReturnsNull_ReturnsNull" storage="/app/src/clickup.api.client.tests/bin/debug/net9.0/clickup.api.client.tests.dll" id="6c39e4a4-4987-60d6-4adb-08817185965c">
      <Execution id="6a6c44ed-f6f7-4927-8d2f-ffe9ad93e652" />
      <TestMethod codeBase="/app/src/ClickUp.Api.Client.Tests/bin/Debug/net9.0/ClickUp.Api.Client.Tests.dll" adapterTypeName="executor://xunit/VsTestRunner2/netcoreapp" className="ClickUp.Api.Client.Tests.ServiceTests.AuthorizationServiceTests" name="GetAccessTokenAsync_ApiConnectionReturnsNull_ReturnsNull" />
    </UnitTest>
    <UnitTest name="ClickUp.Api.Client.Tests.ServiceTests.DocsServiceTests.SearchAllDocsAsync_NoResults_ReturnsEmpty" storage="/app/src/clickup.api.client.tests/bin/debug/net9.0/clickup.api.client.tests.dll" id="87f69b82-785e-11d4-2d64-b9fd1097a0f3">
      <Execution id="8e7fa1b3-31a5-4a43-a785-f69d4dc6b405" />
      <TestMethod codeBase="/app/src/ClickUp.Api.Client.Tests/bin/Debug/net9.0/ClickUp.Api.Client.Tests.dll" adapterTypeName="executor://xunit/VsTestRunner2/netcoreapp" className="ClickUp.Api.Client.Tests.ServiceTests.DocsServiceTests" name="SearchAllDocsAsync_NoResults_ReturnsEmpty" />
    </UnitTest>
    <UnitTest name="ClickUp.Api.Client.Tests.ServiceTests.ListsServiceTests.GetListsInFolderAsync_ApiReturnsNullResponse_ReturnsEmptyEnumerable" storage="/app/src/clickup.api.client.tests/bin/debug/net9.0/clickup.api.client.tests.dll" id="5a736385-92f4-596a-42c3-9ac76ed35208">
      <Execution id="56c6b0af-c214-45a9-bb0d-96823646b1e5" />
      <TestMethod codeBase="/app/src/ClickUp.Api.Client.Tests/bin/Debug/net9.0/ClickUp.Api.Client.Tests.dll" adapterTypeName="executor://xunit/VsTestRunner2/netcoreapp" className="ClickUp.Api.Client.Tests.ServiceTests.ListsServiceTests" name="GetListsInFolderAsync_ApiReturnsNullResponse_ReturnsEmptyEnumerable" />
    </UnitTest>
    <UnitTest name="ClickUp.Api.Client.Tests.ServiceTests.UserGroupServiceTests.CreateUserGroupAsync_ApiConnectionThrowsTaskCanceledException_PropagatesException" storage="/app/src/clickup.api.client.tests/bin/debug/net9.0/clickup.api.client.tests.dll" id="a923348b-98da-86ae-cc3f-ba8c703bfc34">
      <Execution id="90996320-dc4b-4d62-8d8b-6fdf0454c45e" />
      <TestMethod codeBase="/app/src/ClickUp.Api.Client.Tests/bin/Debug/net9.0/ClickUp.Api.Client.Tests.dll" adapterTypeName="executor://xunit/VsTestRunner2/netcoreapp" className="ClickUp.Api.Client.Tests.ServiceTests.UserGroupServiceTests" name="CreateUserGroupAsync_ApiConnectionThrowsTaskCanceledException_PropagatesException" />
    </UnitTest>
    <UnitTest name="ClickUp.Api.Client.Tests.ServiceTests.TimeTrackingServiceTests.GetRunningTimeEntryAsync_WhenNoTimerIsRunning_ReturnsNull" storage="/app/src/clickup.api.client.tests/bin/debug/net9.0/clickup.api.client.tests.dll" id="fa2e88d1-6b70-064f-28da-ce56fe3bc31b">
      <Execution id="06d21d82-9e9a-455a-9132-a160125345e4" />
      <TestMethod codeBase="/app/src/ClickUp.Api.Client.Tests/bin/Debug/net9.0/ClickUp.Api.Client.Tests.dll" adapterTypeName="executor://xunit/VsTestRunner2/netcoreapp" className="ClickUp.Api.Client.Tests.ServiceTests.TimeTrackingServiceTests" name="GetRunningTimeEntryAsync_WhenNoTimerIsRunning_ReturnsNull" />
    </UnitTest>
    <UnitTest name="ClickUp.Api.Client.Tests.ServiceTests.ListsServiceTests.AddTaskToListAsync_PassesCancellationTokenToApiConnection" storage="/app/src/clickup.api.client.tests/bin/debug/net9.0/clickup.api.client.tests.dll" id="f48b6f9b-b0cd-e131-ab52-256dec0f6231">
      <Execution id="18d35955-b1f0-468c-a919-c6d643678be5" />
      <TestMethod codeBase="/app/src/ClickUp.Api.Client.Tests/bin/Debug/net9.0/ClickUp.Api.Client.Tests.dll" adapterTypeName="executor://xunit/VsTestRunner2/netcoreapp" className="ClickUp.Api.Client.Tests.ServiceTests.ListsServiceTests" name="AddTaskToListAsync_PassesCancellationTokenToApiConnection" />
    </UnitTest>
    <UnitTest name="ClickUp.Api.Client.Tests.ServiceTests.ListsServiceTests.CreateListFromTemplateInFolderAsync_ApiReturnsNullResponse_ThrowsInvalidOperationException" storage="/app/src/clickup.api.client.tests/bin/debug/net9.0/clickup.api.client.tests.dll" id="89f0d8dc-79be-9fdc-e94a-1be6d60f6415">
      <Execution id="77aa16f3-c7fc-47c5-85c7-4e3dbf2a6639" />
      <TestMethod codeBase="/app/src/ClickUp.Api.Client.Tests/bin/Debug/net9.0/ClickUp.Api.Client.Tests.dll" adapterTypeName="executor://xunit/VsTestRunner2/netcoreapp" className="ClickUp.Api.Client.Tests.ServiceTests.ListsServiceTests" name="CreateListFromTemplateInFolderAsync_ApiReturnsNullResponse_ThrowsInvalidOperationException" />
    </UnitTest>
    <UnitTest name="ClickUp.Api.Client.Tests.ServiceTests.ChatServiceTests.GetChatMessageReactionsAsync_ApiError_ThrowsHttpRequestException" storage="/app/src/clickup.api.client.tests/bin/debug/net9.0/clickup.api.client.tests.dll" id="10d6ca3f-1b9d-a635-ebd2-3e7bab601eee">
      <Execution id="9b53cae7-1c9e-47bb-8c0c-689ec4406a13" />
      <TestMethod codeBase="/app/src/ClickUp.Api.Client.Tests/bin/Debug/net9.0/ClickUp.Api.Client.Tests.dll" adapterTypeName="executor://xunit/VsTestRunner2/netcoreapp" className="ClickUp.Api.Client.Tests.ServiceTests.ChatServiceTests" name="GetChatMessageReactionsAsync_ApiError_ThrowsHttpRequestException" />
    </UnitTest>
    <UnitTest name="ClickUp.Api.Client.Tests.ServiceTests.CommentServiceTests.UpdateCommentAsync_PassesCancellationTokenToApiConnection" storage="/app/src/clickup.api.client.tests/bin/debug/net9.0/clickup.api.client.tests.dll" id="10d3ef1e-8924-2082-95c4-3c39faea2647">
      <Execution id="50fed375-5a6b-452e-bc57-fb79384280a0" />
      <TestMethod codeBase="/app/src/ClickUp.Api.Client.Tests/bin/Debug/net9.0/ClickUp.Api.Client.Tests.dll" adapterTypeName="executor://xunit/VsTestRunner2/netcoreapp" className="ClickUp.Api.Client.Tests.ServiceTests.CommentServiceTests" name="UpdateCommentAsync_PassesCancellationTokenToApiConnection" />
    </UnitTest>
    <UnitTest name="ClickUp.Api.Client.Tests.ServiceTests.ListsServiceTests.GetListsInFolderAsync_ValidFolderId_ReturnsLists" storage="/app/src/clickup.api.client.tests/bin/debug/net9.0/clickup.api.client.tests.dll" id="bf10d8c3-c00d-cc29-13e7-658749b7f0ea">
      <Execution id="c72e5f53-47cc-4466-b79b-29b27eb70638" />
      <TestMethod codeBase="/app/src/ClickUp.Api.Client.Tests/bin/Debug/net9.0/ClickUp.Api.Client.Tests.dll" adapterTypeName="executor://xunit/VsTestRunner2/netcoreapp" className="ClickUp.Api.Client.Tests.ServiceTests.ListsServiceTests" name="GetListsInFolderAsync_ValidFolderId_ReturnsLists" />
    </UnitTest>
    <UnitTest name="ClickUp.Api.Client.Tests.ServiceTests.ChatServiceTests.CreateChatMessageAsync_PassesCancellationTokenToApiConnection" storage="/app/src/clickup.api.client.tests/bin/debug/net9.0/clickup.api.client.tests.dll" id="0823628a-7c09-b726-d13c-9b0734623f88">
      <Execution id="8989b52c-e5ff-4ea8-aecb-51a810896a2a" />
      <TestMethod codeBase="/app/src/ClickUp.Api.Client.Tests/bin/Debug/net9.0/ClickUp.Api.Client.Tests.dll" adapterTypeName="executor://xunit/VsTestRunner2/netcoreapp" className="ClickUp.Api.Client.Tests.ServiceTests.ChatServiceTests" name="CreateChatMessageAsync_PassesCancellationTokenToApiConnection" />
    </UnitTest>
    <UnitTest name="ClickUp.Api.Client.Tests.ServiceTests.ChatServiceTests.CreateReplyMessageAsync_ApiConnectionThrowsTaskCanceledException_PropagatesException" storage="/app/src/clickup.api.client.tests/bin/debug/net9.0/clickup.api.client.tests.dll" id="7f903fd8-7c94-6024-9ea6-9245d052b5b8">
      <Execution id="2ea1d2a4-e0dc-44d6-88ad-c14995b3208a" />
      <TestMethod codeBase="/app/src/ClickUp.Api.Client.Tests/bin/Debug/net9.0/ClickUp.Api.Client.Tests.dll" adapterTypeName="executor://xunit/VsTestRunner2/netcoreapp" className="ClickUp.Api.Client.Tests.ServiceTests.ChatServiceTests" name="CreateReplyMessageAsync_ApiConnectionThrowsTaskCanceledException_PropagatesException" />
    </UnitTest>
    <UnitTest name="ClickUp.Api.Client.Tests.ServiceTests.CustomFieldsServiceTests.GetWorkspaceCustomFieldsAsync_ValidWorkspaceId_BuildsCorrectUrlAndReturnsFields" storage="/app/src/clickup.api.client.tests/bin/debug/net9.0/clickup.api.client.tests.dll" id="15827c38-4a1c-e443-5328-13c7405bb0ff">
      <Execution id="9a6d2b95-3c1c-45a8-aea1-bd3489ea02e5" />
      <TestMethod codeBase="/app/src/ClickUp.Api.Client.Tests/bin/Debug/net9.0/ClickUp.Api.Client.Tests.dll" adapterTypeName="executor://xunit/VsTestRunner2/netcoreapp" className="ClickUp.Api.Client.Tests.ServiceTests.CustomFieldsServiceTests" name="GetWorkspaceCustomFieldsAsync_ValidWorkspaceId_BuildsCorrectUrlAndReturnsFields" />
    </UnitTest>
    <UnitTest name="ClickUp.Api.Client.Tests.ServiceTests.GoalsServiceTests.GetGoalsAsync_PassesCancellationTokenToApiConnection" storage="/app/src/clickup.api.client.tests/bin/debug/net9.0/clickup.api.client.tests.dll" id="145ef69e-0c68-7865-489b-334a0ea4afb1">
      <Execution id="e29d988d-d37d-4006-8ee9-38c73a605a1a" />
      <TestMethod codeBase="/app/src/ClickUp.Api.Client.Tests/bin/Debug/net9.0/ClickUp.Api.Client.Tests.dll" adapterTypeName="executor://xunit/VsTestRunner2/netcoreapp" className="ClickUp.Api.Client.Tests.ServiceTests.GoalsServiceTests" name="GetGoalsAsync_PassesCancellationTokenToApiConnection" />
    </UnitTest>
    <UnitTest name="ClickUp.Api.Client.Tests.ServiceTests.CommentServiceTests.GetChatViewCommentsAsync_ApiConnectionThrowsTaskCanceledException_PropagatesException" storage="/app/src/clickup.api.client.tests/bin/debug/net9.0/clickup.api.client.tests.dll" id="43d3aa7c-9de4-afce-d05b-93acd6576746">
      <Execution id="c61a54ba-5b4a-424c-8c37-d5845acc91ec" />
      <TestMethod codeBase="/app/src/ClickUp.Api.Client.Tests/bin/Debug/net9.0/ClickUp.Api.Client.Tests.dll" adapterTypeName="executor://xunit/VsTestRunner2/netcoreapp" className="ClickUp.Api.Client.Tests.ServiceTests.CommentServiceTests" name="GetChatViewCommentsAsync_ApiConnectionThrowsTaskCanceledException_PropagatesException" />
    </UnitTest>
    <UnitTest name="ClickUp.Api.Client.Tests.ServiceTests.TaskChecklistsServiceTests.CreateChecklistAsync_WithCustomTaskIdsAndTeamId_BuildsCorrectUrl" storage="/app/src/clickup.api.client.tests/bin/debug/net9.0/clickup.api.client.tests.dll" id="d54acfad-117b-dd2a-e0a9-e4f44eefcede">
      <Execution id="052d10e1-2a22-4271-bed0-3b3592f89450" />
      <TestMethod codeBase="/app/src/ClickUp.Api.Client.Tests/bin/Debug/net9.0/ClickUp.Api.Client.Tests.dll" adapterTypeName="executor://xunit/VsTestRunner2/netcoreapp" className="ClickUp.Api.Client.Tests.ServiceTests.TaskChecklistsServiceTests" name="CreateChecklistAsync_WithCustomTaskIdsAndTeamId_BuildsCorrectUrl" />
    </UnitTest>
    <UnitTest name="ClickUp.Api.Client.Tests.ServiceTests.TaskChecklistsServiceTests.CreateChecklistItemAsync_ApiConnectionThrowsTaskCanceledException_PropagatesException" storage="/app/src/clickup.api.client.tests/bin/debug/net9.0/clickup.api.client.tests.dll" id="a27c1579-1f50-a3d6-b5ce-a40bc3aa10aa">
      <Execution id="f573d27a-3dd1-47d5-b535-70a5a041adb4" />
      <TestMethod codeBase="/app/src/ClickUp.Api.Client.Tests/bin/Debug/net9.0/ClickUp.Api.Client.Tests.dll" adapterTypeName="executor://xunit/VsTestRunner2/netcoreapp" className="ClickUp.Api.Client.Tests.ServiceTests.TaskChecklistsServiceTests" name="CreateChecklistItemAsync_ApiConnectionThrowsTaskCanceledException_PropagatesException" />
    </UnitTest>
    <UnitTest name="ClickUp.Api.Client.Tests.ServiceTests.CustomFieldsServiceTests.GetSpaceCustomFieldsAsync_NullResponse_ReturnsEmptyList" storage="/app/src/clickup.api.client.tests/bin/debug/net9.0/clickup.api.client.tests.dll" id="06b04cbf-1fd5-d32f-d8f4-8b71f410d28d">
      <Execution id="e5260f7a-a2c7-443a-a694-61d022f267b3" />
      <TestMethod codeBase="/app/src/ClickUp.Api.Client.Tests/bin/Debug/net9.0/ClickUp.Api.Client.Tests.dll" adapterTypeName="executor://xunit/VsTestRunner2/netcoreapp" className="ClickUp.Api.Client.Tests.ServiceTests.CustomFieldsServiceTests" name="GetSpaceCustomFieldsAsync_NullResponse_ReturnsEmptyList" />
    </UnitTest>
    <UnitTest name="ClickUp.Api.Client.Tests.ServiceTests.AuthorizationServiceTests.GetAccessTokenAsync_PassesCancellationTokenToApiConnection" storage="/app/src/clickup.api.client.tests/bin/debug/net9.0/clickup.api.client.tests.dll" id="da9a57dd-02b1-7ed0-bb08-dd7075b8d182">
      <Execution id="1e17e6d6-af70-407d-b0d0-5f9d81c76a16" />
      <TestMethod codeBase="/app/src/ClickUp.Api.Client.Tests/bin/Debug/net9.0/ClickUp.Api.Client.Tests.dll" adapterTypeName="executor://xunit/VsTestRunner2/netcoreapp" className="ClickUp.Api.Client.Tests.ServiceTests.AuthorizationServiceTests" name="GetAccessTokenAsync_PassesCancellationTokenToApiConnection" />
    </UnitTest>
    <UnitTest name="ClickUp.Api.Client.Tests.ServiceTests.TaskServiceTests.GetFilteredTeamTasksAsync_WithSomeNewAndSomeOldParameters_BuildsCorrectEndpoint" storage="/app/src/clickup.api.client.tests/bin/debug/net9.0/clickup.api.client.tests.dll" id="277d3a09-41e9-41a2-8ab6-5a336e9e33fe">
      <Execution id="75c450d3-c9b7-4dd4-bcff-5db79ee14732" />
      <TestMethod codeBase="/app/src/ClickUp.Api.Client.Tests/bin/Debug/net9.0/ClickUp.Api.Client.Tests.dll" adapterTypeName="executor://xunit/VsTestRunner2/netcoreapp" className="ClickUp.Api.Client.Tests.ServiceTests.TaskServiceTests" name="GetFilteredTeamTasksAsync_WithSomeNewAndSomeOldParameters_BuildsCorrectEndpoint" />
    </UnitTest>
    <UnitTest name="ClickUp.Api.Client.Tests.ServiceTests.GuestsServiceTests.AddGuestToTaskAsync_NullResponseData_ThrowsInvalidOperationException" storage="/app/src/clickup.api.client.tests/bin/debug/net9.0/clickup.api.client.tests.dll" id="bae66f04-674d-5778-f225-eefd270ffbe9">
      <Execution id="8d62f583-b161-431d-9ec9-3dcffad404d2" />
      <TestMethod codeBase="/app/src/ClickUp.Api.Client.Tests/bin/Debug/net9.0/ClickUp.Api.Client.Tests.dll" adapterTypeName="executor://xunit/VsTestRunner2/netcoreapp" className="ClickUp.Api.Client.Tests.ServiceTests.GuestsServiceTests" name="AddGuestToTaskAsync_NullResponseData_ThrowsInvalidOperationException" />
    </UnitTest>
    <UnitTest name="ClickUp.Api.Client.Tests.ServiceTests.TaskChecklistsServiceTests.CreateChecklistAsync_PassesCancellationTokenToApiConnection" storage="/app/src/clickup.api.client.tests/bin/debug/net9.0/clickup.api.client.tests.dll" id="2b484fed-800e-eefb-c232-611caa07952d">
      <Execution id="2875e6c3-6261-4373-ac77-8ec0ffe0a6fb" />
      <TestMethod codeBase="/app/src/ClickUp.Api.Client.Tests/bin/Debug/net9.0/ClickUp.Api.Client.Tests.dll" adapterTypeName="executor://xunit/VsTestRunner2/netcoreapp" className="ClickUp.Api.Client.Tests.ServiceTests.TaskChecklistsServiceTests" name="CreateChecklistAsync_PassesCancellationTokenToApiConnection" />
    </UnitTest>
    <UnitTest name="ClickUp.Api.Client.Tests.Http.ApiConnectionTests.GetAsync_ThrowsClickUpApiRateLimitException_ForTooManyRequests_NoRetryAfterHeader" storage="/app/src/clickup.api.client.tests/bin/debug/net9.0/clickup.api.client.tests.dll" id="d74a0847-3fd5-d904-c7af-363717dfd5a4">
      <Execution id="e014a609-ae59-4afa-b98c-8c4640a1e47b" />
      <TestMethod codeBase="/app/src/ClickUp.Api.Client.Tests/bin/Debug/net9.0/ClickUp.Api.Client.Tests.dll" adapterTypeName="executor://xunit/VsTestRunner2/netcoreapp" className="ClickUp.Api.Client.Tests.Http.ApiConnectionTests" name="GetAsync_ThrowsClickUpApiRateLimitException_ForTooManyRequests_NoRetryAfterHeader" />
    </UnitTest>
    <UnitTest name="ClickUp.Api.Client.Tests.ServiceTests.GuestsServiceTests.RemoveGuestFromWorkspaceAsync_ValidIds_CallsDelete" storage="/app/src/clickup.api.client.tests/bin/debug/net9.0/clickup.api.client.tests.dll" id="8c3af055-720f-3152-0354-855afd66a7ec">
      <Execution id="150bbb98-4a10-4b97-83e9-ec6c9e1e3e43" />
      <TestMethod codeBase="/app/src/ClickUp.Api.Client.Tests/bin/Debug/net9.0/ClickUp.Api.Client.Tests.dll" adapterTypeName="executor://xunit/VsTestRunner2/netcoreapp" className="ClickUp.Api.Client.Tests.ServiceTests.GuestsServiceTests" name="RemoveGuestFromWorkspaceAsync_ValidIds_CallsDelete" />
    </UnitTest>
    <UnitTest name="ClickUp.Api.Client.Tests.ServiceTests.TimeTrackingServiceTests.GetTimeEntriesAsync_ApiConnectionThrowsHttpRequestException_PropagatesException" storage="/app/src/clickup.api.client.tests/bin/debug/net9.0/clickup.api.client.tests.dll" id="bb345544-bfb8-1b01-5339-f2605a9da222">
      <Execution id="7588f55e-556b-4fd5-992d-35244933aedb" />
      <TestMethod codeBase="/app/src/ClickUp.Api.Client.Tests/bin/Debug/net9.0/ClickUp.Api.Client.Tests.dll" adapterTypeName="executor://xunit/VsTestRunner2/netcoreapp" className="ClickUp.Api.Client.Tests.ServiceTests.TimeTrackingServiceTests" name="GetTimeEntriesAsync_ApiConnectionThrowsHttpRequestException_PropagatesException" />
    </UnitTest>
    <UnitTest name="ClickUp.Api.Client.Tests.ServiceTests.TaskServiceTests.GetFilteredTeamTasksAsync_PassesCancellationTokenToApiConnection" storage="/app/src/clickup.api.client.tests/bin/debug/net9.0/clickup.api.client.tests.dll" id="42a07047-804b-3c03-19b8-b3db03190b07">
      <Execution id="5dd5caf4-dd2a-4c8a-a036-c184fcc6a0f1" />
      <TestMethod codeBase="/app/src/ClickUp.Api.Client.Tests/bin/Debug/net9.0/ClickUp.Api.Client.Tests.dll" adapterTypeName="executor://xunit/VsTestRunner2/netcoreapp" className="ClickUp.Api.Client.Tests.ServiceTests.TaskServiceTests" name="GetFilteredTeamTasksAsync_PassesCancellationTokenToApiConnection" />
    </UnitTest>
    <UnitTest name="ClickUp.Api.Client.Tests.ServiceTests.TaskRelationshipsServiceTests.AddTaskLinkAsync_ApiReturnsNullResponse_ReturnsNull" storage="/app/src/clickup.api.client.tests/bin/debug/net9.0/clickup.api.client.tests.dll" id="1333ae30-e539-8125-0fa9-c7d494b55731">
      <Execution id="fb079ae2-7688-41fe-a33c-3dc26d382863" />
      <TestMethod codeBase="/app/src/ClickUp.Api.Client.Tests/bin/Debug/net9.0/ClickUp.Api.Client.Tests.dll" adapterTypeName="executor://xunit/VsTestRunner2/netcoreapp" className="ClickUp.Api.Client.Tests.ServiceTests.TaskRelationshipsServiceTests" name="AddTaskLinkAsync_ApiReturnsNullResponse_ReturnsNull" />
    </UnitTest>
    <UnitTest name="ClickUp.Api.Client.Tests.ServiceTests.TaskRelationshipsServiceTests.DeleteDependencyAsync_ApiConnectionThrowsHttpRequestException_PropagatesException" storage="/app/src/clickup.api.client.tests/bin/debug/net9.0/clickup.api.client.tests.dll" id="de5d3632-269c-15fc-64aa-2fff5984de26">
      <Execution id="9e640f59-24ab-4f45-a377-ec939082c5ca" />
      <TestMethod codeBase="/app/src/ClickUp.Api.Client.Tests/bin/Debug/net9.0/ClickUp.Api.Client.Tests.dll" adapterTypeName="executor://xunit/VsTestRunner2/netcoreapp" className="ClickUp.Api.Client.Tests.ServiceTests.TaskRelationshipsServiceTests" name="DeleteDependencyAsync_ApiConnectionThrowsHttpRequestException_PropagatesException" />
    </UnitTest>
    <UnitTest name="ClickUp.Api.Client.Tests.ServiceTests.GoalsServiceTests.GetGoalsAsync_ApiReturnsNullResponse_ThrowsInvalidOperationException" storage="/app/src/clickup.api.client.tests/bin/debug/net9.0/clickup.api.client.tests.dll" id="b2a10411-83ed-06ca-063e-eb5f07ad9002">
      <Execution id="f18637e7-872d-4465-a55a-e901ed93e572" />
      <TestMethod codeBase="/app/src/ClickUp.Api.Client.Tests/bin/Debug/net9.0/ClickUp.Api.Client.Tests.dll" adapterTypeName="executor://xunit/VsTestRunner2/netcoreapp" className="ClickUp.Api.Client.Tests.ServiceTests.GoalsServiceTests" name="GetGoalsAsync_ApiReturnsNullResponse_ThrowsInvalidOperationException" />
    </UnitTest>
    <UnitTest name="ClickUp.Api.Client.Tests.ServiceTests.UsersServiceTests.EditUserOnWorkspaceAsync_ApiReturnsResponseWithNullUserInMember_ThrowsInvalidOperationException" storage="/app/src/clickup.api.client.tests/bin/debug/net9.0/clickup.api.client.tests.dll" id="7d06bb65-bc90-8430-d9f8-34b0ee050fa3">
      <Execution id="1fe03316-e349-4825-b367-ed016c313f9e" />
      <TestMethod codeBase="/app/src/ClickUp.Api.Client.Tests/bin/Debug/net9.0/ClickUp.Api.Client.Tests.dll" adapterTypeName="executor://xunit/VsTestRunner2/netcoreapp" className="ClickUp.Api.Client.Tests.ServiceTests.UsersServiceTests" name="EditUserOnWorkspaceAsync_ApiReturnsResponseWithNullUserInMember_ThrowsInvalidOperationException" />
    </UnitTest>
    <UnitTest name="ClickUp.Api.Client.Tests.ServiceTests.DocsServiceTests.GetDocAsync_ApiError_ThrowsHttpRequestException" storage="/app/src/clickup.api.client.tests/bin/debug/net9.0/clickup.api.client.tests.dll" id="94d721c8-ee4e-319c-2167-6beaaf83b935">
      <Execution id="4e7bac15-5979-4744-a3b3-e562b15731f8" />
      <TestMethod codeBase="/app/src/ClickUp.Api.Client.Tests/bin/Debug/net9.0/ClickUp.Api.Client.Tests.dll" adapterTypeName="executor://xunit/VsTestRunner2/netcoreapp" className="ClickUp.Api.Client.Tests.ServiceTests.DocsServiceTests" name="GetDocAsync_ApiError_ThrowsHttpRequestException" />
    </UnitTest>
    <UnitTest name="ClickUp.Api.Client.Tests.ServiceTests.TagsServiceTests.RemoveTagFromTaskAsync_PassesCancellationTokenToApiConnection" storage="/app/src/clickup.api.client.tests/bin/debug/net9.0/clickup.api.client.tests.dll" id="20034fd8-e7e6-9f59-86b8-581519456825">
      <Execution id="95a1615a-791f-4178-a255-6ac20dba26f4" />
      <TestMethod codeBase="/app/src/ClickUp.Api.Client.Tests/bin/Debug/net9.0/ClickUp.Api.Client.Tests.dll" adapterTypeName="executor://xunit/VsTestRunner2/netcoreapp" className="ClickUp.Api.Client.Tests.ServiceTests.TagsServiceTests" name="RemoveTagFromTaskAsync_PassesCancellationTokenToApiConnection" />
    </UnitTest>
    <UnitTest name="ClickUp.Api.Client.Tests.Models.Common.MemberTests.Member_ShouldSerializeCorrectly_WhenAllPropertiesAreSet" storage="/app/src/clickup.api.client.tests/bin/debug/net9.0/clickup.api.client.tests.dll" id="7d593b95-9e68-62ca-7a26-9c22a24ac56d">
      <Execution id="81a20302-1e2e-4fa8-95f3-9fcb24973d94" />
      <TestMethod codeBase="/app/src/ClickUp.Api.Client.Tests/bin/Debug/net9.0/ClickUp.Api.Client.Tests.dll" adapterTypeName="executor://xunit/VsTestRunner2/netcoreapp" className="ClickUp.Api.Client.Tests.Models.Common.MemberTests" name="Member_ShouldSerializeCorrectly_WhenAllPropertiesAreSet" />
    </UnitTest>
    <UnitTest name="ClickUp.Api.Client.Tests.ServiceTests.TimeTrackingServiceTests.GetTimeEntriesAsyncEnumerableAsync_ApiReturnsResponseWithNullData_StopsIteration" storage="/app/src/clickup.api.client.tests/bin/debug/net9.0/clickup.api.client.tests.dll" id="2c39881f-acfd-7524-f80d-ba4ce6031720">
      <Execution id="a4b154fc-1f3d-41b4-872e-06e37e9dc8c7" />
      <TestMethod codeBase="/app/src/ClickUp.Api.Client.Tests/bin/Debug/net9.0/ClickUp.Api.Client.Tests.dll" adapterTypeName="executor://xunit/VsTestRunner2/netcoreapp" className="ClickUp.Api.Client.Tests.ServiceTests.TimeTrackingServiceTests" name="GetTimeEntriesAsyncEnumerableAsync_ApiReturnsResponseWithNullData_StopsIteration" />
    </UnitTest>
    <UnitTest name="ClickUp.Api.Client.Tests.ServiceTests.ViewsServiceTests.GetListViewsAsync_ValidListId_ReturnsViews" storage="/app/src/clickup.api.client.tests/bin/debug/net9.0/clickup.api.client.tests.dll" id="69b770dc-77c1-875c-bfd5-2824b2a4de2c">
      <Execution id="6486aaad-1312-4772-ba20-9683e5f925b8" />
      <TestMethod codeBase="/app/src/ClickUp.Api.Client.Tests/bin/Debug/net9.0/ClickUp.Api.Client.Tests.dll" adapterTypeName="executor://xunit/VsTestRunner2/netcoreapp" className="ClickUp.Api.Client.Tests.ServiceTests.ViewsServiceTests" name="GetListViewsAsync_ValidListId_ReturnsViews" />
    </UnitTest>
    <UnitTest name="ClickUp.Api.Client.Tests.ServiceTests.GuestsServiceTests.EditGuestOnWorkspaceAsync_ValidRequest_CallsPutAndReturnsGuest" storage="/app/src/clickup.api.client.tests/bin/debug/net9.0/clickup.api.client.tests.dll" id="a08932a6-9369-c308-ac78-803254710165">
      <Execution id="e2d3f8f1-a67c-4620-8462-e90edf991d0d" />
      <TestMethod codeBase="/app/src/ClickUp.Api.Client.Tests/bin/Debug/net9.0/ClickUp.Api.Client.Tests.dll" adapterTypeName="executor://xunit/VsTestRunner2/netcoreapp" className="ClickUp.Api.Client.Tests.ServiceTests.GuestsServiceTests" name="EditGuestOnWorkspaceAsync_ValidRequest_CallsPutAndReturnsGuest" />
    </UnitTest>
    <UnitTest name="ClickUp.Api.Client.Tests.ServiceTests.CustomFieldsServiceTests.GetSpaceCustomFieldsAsync_ApiError_ThrowsHttpRequestException" storage="/app/src/clickup.api.client.tests/bin/debug/net9.0/clickup.api.client.tests.dll" id="d18af540-e4d6-a005-bdec-72a24b34a0e1">
      <Execution id="7f5b9dc2-7f62-4b96-a760-4a7ebd3b8a9b" />
      <TestMethod codeBase="/app/src/ClickUp.Api.Client.Tests/bin/Debug/net9.0/ClickUp.Api.Client.Tests.dll" adapterTypeName="executor://xunit/VsTestRunner2/netcoreapp" className="ClickUp.Api.Client.Tests.ServiceTests.CustomFieldsServiceTests" name="GetSpaceCustomFieldsAsync_ApiError_ThrowsHttpRequestException" />
    </UnitTest>
    <UnitTest name="ClickUp.Api.Client.Tests.ServiceTests.GuestsServiceTests.AddGuestToListAsync_ApiConnectionThrowsTaskCanceledException_PropagatesException" storage="/app/src/clickup.api.client.tests/bin/debug/net9.0/clickup.api.client.tests.dll" id="edd30935-2f6e-0a0e-28f0-afa501a88ab0">
      <Execution id="198c0291-e1c5-49fa-b135-8efd40975222" />
      <TestMethod codeBase="/app/src/ClickUp.Api.Client.Tests/bin/Debug/net9.0/ClickUp.Api.Client.Tests.dll" adapterTypeName="executor://xunit/VsTestRunner2/netcoreapp" className="ClickUp.Api.Client.Tests.ServiceTests.GuestsServiceTests" name="AddGuestToListAsync_ApiConnectionThrowsTaskCanceledException_PropagatesException" />
    </UnitTest>
    <UnitTest name="ClickUp.Api.Client.Tests.ServiceTests.TaskServiceTests.GetFilteredTeamTasksAsync_NullWorkspaceId_ThrowsArgumentNullException" storage="/app/src/clickup.api.client.tests/bin/debug/net9.0/clickup.api.client.tests.dll" id="f447d02b-c52c-cc92-7a2b-d7f4be1d6131">
      <Execution id="ce2f7f99-a2ca-4bfe-bdf2-27d975504bfe" />
      <TestMethod codeBase="/app/src/ClickUp.Api.Client.Tests/bin/Debug/net9.0/ClickUp.Api.Client.Tests.dll" adapterTypeName="executor://xunit/VsTestRunner2/netcoreapp" className="ClickUp.Api.Client.Tests.ServiceTests.TaskServiceTests" name="GetFilteredTeamTasksAsync_NullWorkspaceId_ThrowsArgumentNullException" />
    </UnitTest>
    <UnitTest name="ClickUp.Api.Client.Tests.ServiceTests.UsersServiceTests.EditUserOnWorkspaceAsync_ApiReturnsNullResponse_ThrowsInvalidOperationException" storage="/app/src/clickup.api.client.tests/bin/debug/net9.0/clickup.api.client.tests.dll" id="09b274a7-e78e-6020-a04b-64c57df859ed">
      <Execution id="273be69d-8182-4bdf-b313-3ea3cf07e5c6" />
      <TestMethod codeBase="/app/src/ClickUp.Api.Client.Tests/bin/Debug/net9.0/ClickUp.Api.Client.Tests.dll" adapterTypeName="executor://xunit/VsTestRunner2/netcoreapp" className="ClickUp.Api.Client.Tests.ServiceTests.UsersServiceTests" name="EditUserOnWorkspaceAsync_ApiReturnsNullResponse_ThrowsInvalidOperationException" />
    </UnitTest>
    <UnitTest name="ClickUp.Api.Client.Tests.ServiceTests.ListsServiceTests.RemoveTaskFromListAsync_ApiConnectionThrowsTaskCanceledException_PropagatesException" storage="/app/src/clickup.api.client.tests/bin/debug/net9.0/clickup.api.client.tests.dll" id="db7ef84f-789d-fca7-ad54-9eacd2abd3b3">
      <Execution id="feec7190-5ddf-4e8b-8dfa-492b401f16cf" />
      <TestMethod codeBase="/app/src/ClickUp.Api.Client.Tests/bin/Debug/net9.0/ClickUp.Api.Client.Tests.dll" adapterTypeName="executor://xunit/VsTestRunner2/netcoreapp" className="ClickUp.Api.Client.Tests.ServiceTests.ListsServiceTests" name="RemoveTaskFromListAsync_ApiConnectionThrowsTaskCanceledException_PropagatesException" />
    </UnitTest>
    <UnitTest name="ClickUp.Api.Client.Tests.ServiceTests.RolesServiceTests.GetCustomRolesAsync_ApiConnectionThrowsTaskCanceledException_PropagatesException" storage="/app/src/clickup.api.client.tests/bin/debug/net9.0/clickup.api.client.tests.dll" id="40452ac3-133f-485f-97d4-273cd14a475c">
      <Execution id="0d19bef5-0a91-4785-bfad-91589b4d4208" />
      <TestMethod codeBase="/app/src/ClickUp.Api.Client.Tests/bin/Debug/net9.0/ClickUp.Api.Client.Tests.dll" adapterTypeName="executor://xunit/VsTestRunner2/netcoreapp" className="ClickUp.Api.Client.Tests.ServiceTests.RolesServiceTests" name="GetCustomRolesAsync_ApiConnectionThrowsTaskCanceledException_PropagatesException" />
    </UnitTest>
    <UnitTest name="ClickUp.Api.Client.Tests.ServiceTests.WebhooksServiceTests.DeleteWebhookAsync_PassesCancellationTokenToApiConnection" storage="/app/src/clickup.api.client.tests/bin/debug/net9.0/clickup.api.client.tests.dll" id="61d97a99-bc30-8f14-515f-5aff50f32230">
      <Execution id="03bbc0e6-f244-47e0-aa51-52a8683090ac" />
      <TestMethod codeBase="/app/src/ClickUp.Api.Client.Tests/bin/Debug/net9.0/ClickUp.Api.Client.Tests.dll" adapterTypeName="executor://xunit/VsTestRunner2/netcoreapp" className="ClickUp.Api.Client.Tests.ServiceTests.WebhooksServiceTests" name="DeleteWebhookAsync_PassesCancellationTokenToApiConnection" />
    </UnitTest>
    <UnitTest name="ClickUp.Api.Client.Tests.ServiceTests.TaskServiceTests.GetFilteredTeamTasksAsyncEnumerable_HandlesCancellation" storage="/app/src/clickup.api.client.tests/bin/debug/net9.0/clickup.api.client.tests.dll" id="2fab693e-80b6-8ae4-dc77-08a7e65ebf3d">
      <Execution id="45baae24-7c24-493a-ab31-b38759259047" />
      <TestMethod codeBase="/app/src/ClickUp.Api.Client.Tests/bin/Debug/net9.0/ClickUp.Api.Client.Tests.dll" adapterTypeName="executor://xunit/VsTestRunner2/netcoreapp" className="ClickUp.Api.Client.Tests.ServiceTests.TaskServiceTests" name="GetFilteredTeamTasksAsyncEnumerable_HandlesCancellation" />
    </UnitTest>
    <UnitTest name="ClickUp.Api.Client.Tests.ServiceTests.CommentServiceTests.CreateChatViewCommentAsync_ApiConnectionThrowsTaskCanceledException_PropagatesException" storage="/app/src/clickup.api.client.tests/bin/debug/net9.0/clickup.api.client.tests.dll" id="7a8f70ef-f14e-4b6a-be25-56eba0f74c58">
      <Execution id="e3ec3a17-b97b-4601-a708-e8b6f5c5cec0" />
      <TestMethod codeBase="/app/src/ClickUp.Api.Client.Tests/bin/Debug/net9.0/ClickUp.Api.Client.Tests.dll" adapterTypeName="executor://xunit/VsTestRunner2/netcoreapp" className="ClickUp.Api.Client.Tests.ServiceTests.CommentServiceTests" name="CreateChatViewCommentAsync_ApiConnectionThrowsTaskCanceledException_PropagatesException" />
    </UnitTest>
    <UnitTest name="ClickUp.Api.Client.Tests.ServiceTests.SpacesServiceTests.GetSpacesAsync_ApiConnectionThrowsHttpRequestException_PropagatesException" storage="/app/src/clickup.api.client.tests/bin/debug/net9.0/clickup.api.client.tests.dll" id="0346062f-313c-4b40-bb4d-c6231b21cb33">
      <Execution id="12604df5-630e-41bd-98f0-b6c39ef6c1d9" />
      <TestMethod codeBase="/app/src/ClickUp.Api.Client.Tests/bin/Debug/net9.0/ClickUp.Api.Client.Tests.dll" adapterTypeName="executor://xunit/VsTestRunner2/netcoreapp" className="ClickUp.Api.Client.Tests.ServiceTests.SpacesServiceTests" name="GetSpacesAsync_ApiConnectionThrowsHttpRequestException_PropagatesException" />
    </UnitTest>
    <UnitTest name="ClickUp.Api.Client.Tests.Models.Entities.CustomFieldValueTests.Deserialize_UsersFieldValue_Correctly" storage="/app/src/clickup.api.client.tests/bin/debug/net9.0/clickup.api.client.tests.dll" id="fcee2476-61da-8656-1de0-178f20c169dc">
      <Execution id="84f7aa74-0ed6-4993-ac8e-11af959174f4" />
      <TestMethod codeBase="/app/src/ClickUp.Api.Client.Tests/bin/Debug/net9.0/ClickUp.Api.Client.Tests.dll" adapterTypeName="executor://xunit/VsTestRunner2/netcoreapp" className="ClickUp.Api.Client.Tests.Models.Entities.CustomFieldValueTests" name="Deserialize_UsersFieldValue_Correctly" />
    </UnitTest>
    <UnitTest name="ClickUp.Api.Client.Tests.ServiceTests.WorkspacesServiceTests.GetWorkspacePlanAsync_ValidWorkspaceId_ReturnsPlanResponse" storage="/app/src/clickup.api.client.tests/bin/debug/net9.0/clickup.api.client.tests.dll" id="d035db6c-0fa8-1fa3-79f9-636ffcf58549">
      <Execution id="95fa8aa7-34d0-4712-aeb3-a81704254ace" />
      <TestMethod codeBase="/app/src/ClickUp.Api.Client.Tests/bin/Debug/net9.0/ClickUp.Api.Client.Tests.dll" adapterTypeName="executor://xunit/VsTestRunner2/netcoreapp" className="ClickUp.Api.Client.Tests.ServiceTests.WorkspacesServiceTests" name="GetWorkspacePlanAsync_ValidWorkspaceId_ReturnsPlanResponse" />
    </UnitTest>
    <UnitTest name="ClickUp.Api.Client.Tests.ServiceTests.MembersServiceTests.GetListMembersAsync_ValidListId_ReturnsMembers" storage="/app/src/clickup.api.client.tests/bin/debug/net9.0/clickup.api.client.tests.dll" id="d40b57a6-c538-1a9a-79a2-8126658cdaff">
      <Execution id="2c40a773-c45e-4b57-91e4-5f0aefc07b2f" />
      <TestMethod codeBase="/app/src/ClickUp.Api.Client.Tests/bin/Debug/net9.0/ClickUp.Api.Client.Tests.dll" adapterTypeName="executor://xunit/VsTestRunner2/netcoreapp" className="ClickUp.Api.Client.Tests.ServiceTests.MembersServiceTests" name="GetListMembersAsync_ValidListId_ReturnsMembers" />
    </UnitTest>
    <UnitTest name="ClickUp.Api.Client.Tests.ServiceTests.TaskRelationshipsServiceTests.AddTaskLinkAsync_PassesCancellationTokenToApiConnection" storage="/app/src/clickup.api.client.tests/bin/debug/net9.0/clickup.api.client.tests.dll" id="c581f042-8783-656a-7359-34518f36fa24">
      <Execution id="53be8e48-0d56-4643-a215-445931858458" />
      <TestMethod codeBase="/app/src/ClickUp.Api.Client.Tests/bin/Debug/net9.0/ClickUp.Api.Client.Tests.dll" adapterTypeName="executor://xunit/VsTestRunner2/netcoreapp" className="ClickUp.Api.Client.Tests.ServiceTests.TaskRelationshipsServiceTests" name="AddTaskLinkAsync_PassesCancellationTokenToApiConnection" />
    </UnitTest>
    <UnitTest name="ClickUp.Api.Client.Tests.Http.ApiConnectionTests.GetAsync_ThrowsClickUpApiException_WhenContentIsNotJson" storage="/app/src/clickup.api.client.tests/bin/debug/net9.0/clickup.api.client.tests.dll" id="e6896e68-172c-7d75-7ae6-4d62e7ed6747">
      <Execution id="1814e233-8ef0-4891-9049-33f53105f974" />
      <TestMethod codeBase="/app/src/ClickUp.Api.Client.Tests/bin/Debug/net9.0/ClickUp.Api.Client.Tests.dll" adapterTypeName="executor://xunit/VsTestRunner2/netcoreapp" className="ClickUp.Api.Client.Tests.Http.ApiConnectionTests" name="GetAsync_ThrowsClickUpApiException_WhenContentIsNotJson" />
    </UnitTest>
    <UnitTest name="ClickUp.Api.Client.Tests.ServiceTests.ChatServiceTests.GetChatChannelFollowersAsync_MinimalRequest_BuildsUrlAndReturnsResponse" storage="/app/src/clickup.api.client.tests/bin/debug/net9.0/clickup.api.client.tests.dll" id="bf05b4b4-c19c-b14e-83f2-8776361847ab">
      <Execution id="ba4c5ab2-3ac2-422d-b41e-40d3d25f9baa" />
      <TestMethod codeBase="/app/src/ClickUp.Api.Client.Tests/bin/Debug/net9.0/ClickUp.Api.Client.Tests.dll" adapterTypeName="executor://xunit/VsTestRunner2/netcoreapp" className="ClickUp.Api.Client.Tests.ServiceTests.ChatServiceTests" name="GetChatChannelFollowersAsync_MinimalRequest_BuildsUrlAndReturnsResponse" />
    </UnitTest>
    <UnitTest name="ClickUp.Api.Client.Tests.ServiceTests.SharedHierarchyServiceTests.GetSharedHierarchyAsync_ApiConnectionThrowsTaskCanceledException_PropagatesException" storage="/app/src/clickup.api.client.tests/bin/debug/net9.0/clickup.api.client.tests.dll" id="d514cbef-9ae0-3465-36ea-91b11bbefd16">
      <Execution id="200e2b93-337e-4d76-a680-de09a3ee1996" />
      <TestMethod codeBase="/app/src/ClickUp.Api.Client.Tests/bin/Debug/net9.0/ClickUp.Api.Client.Tests.dll" adapterTypeName="executor://xunit/VsTestRunner2/netcoreapp" className="ClickUp.Api.Client.Tests.ServiceTests.SharedHierarchyServiceTests" name="GetSharedHierarchyAsync_ApiConnectionThrowsTaskCanceledException_PropagatesException" />
    </UnitTest>
    <UnitTest name="ClickUp.Api.Client.Tests.ServiceTests.ListsServiceTests.CreateListFromTemplateInFolderAsync_ApiConnectionThrowsTaskCanceledException_PropagatesException" storage="/app/src/clickup.api.client.tests/bin/debug/net9.0/clickup.api.client.tests.dll" id="a148e1d3-c0a7-ab22-6711-ed696844e290">
      <Execution id="19093e91-886c-4b24-b9e5-291e00282bd7" />
      <TestMethod codeBase="/app/src/ClickUp.Api.Client.Tests/bin/Debug/net9.0/ClickUp.Api.Client.Tests.dll" adapterTypeName="executor://xunit/VsTestRunner2/netcoreapp" className="ClickUp.Api.Client.Tests.ServiceTests.ListsServiceTests" name="CreateListFromTemplateInFolderAsync_ApiConnectionThrowsTaskCanceledException_PropagatesException" />
    </UnitTest>
    <UnitTest name="ClickUp.Api.Client.Tests.ServiceTests.ChatServiceTests.CreateChatMessageAsync_NullDataInResponse_ThrowsInvalidOperationException" storage="/app/src/clickup.api.client.tests/bin/debug/net9.0/clickup.api.client.tests.dll" id="7f402585-2713-267c-c0c6-1302cda9f995">
      <Execution id="9d8b2659-f80e-4f1c-8c88-a8304b68a4d3" />
      <TestMethod codeBase="/app/src/ClickUp.Api.Client.Tests/bin/Debug/net9.0/ClickUp.Api.Client.Tests.dll" adapterTypeName="executor://xunit/VsTestRunner2/netcoreapp" className="ClickUp.Api.Client.Tests.ServiceTests.ChatServiceTests" name="CreateChatMessageAsync_NullDataInResponse_ThrowsInvalidOperationException" />
    </UnitTest>
    <UnitTest name="ClickUp.Api.Client.Tests.ServiceTests.ChatServiceTests.GetChatMessageTaggedUsersAsync_PassesCancellationTokenToApiConnection" storage="/app/src/clickup.api.client.tests/bin/debug/net9.0/clickup.api.client.tests.dll" id="e5ea9d8a-b01b-7d10-c780-2c6531265b98">
      <Execution id="40365bd0-dde1-4caf-a4f9-5b52668146eb" />
      <TestMethod codeBase="/app/src/ClickUp.Api.Client.Tests/bin/Debug/net9.0/ClickUp.Api.Client.Tests.dll" adapterTypeName="executor://xunit/VsTestRunner2/netcoreapp" className="ClickUp.Api.Client.Tests.ServiceTests.ChatServiceTests" name="GetChatMessageTaggedUsersAsync_PassesCancellationTokenToApiConnection" />
    </UnitTest>
    <UnitTest name="ClickUp.Api.Client.Tests.ServiceTests.ListsServiceTests.AddTaskToListAsync_ApiConnectionThrowsHttpRequestException_PropagatesException" storage="/app/src/clickup.api.client.tests/bin/debug/net9.0/clickup.api.client.tests.dll" id="9082994c-0b1e-da81-b55e-f5dc0f0f5f9f">
      <Execution id="4518e345-a0ec-481a-ac78-4bdb23b2aec7" />
      <TestMethod codeBase="/app/src/ClickUp.Api.Client.Tests/bin/Debug/net9.0/ClickUp.Api.Client.Tests.dll" adapterTypeName="executor://xunit/VsTestRunner2/netcoreapp" className="ClickUp.Api.Client.Tests.ServiceTests.ListsServiceTests" name="AddTaskToListAsync_ApiConnectionThrowsHttpRequestException_PropagatesException" />
    </UnitTest>
    <UnitTest name="ClickUp.Api.Client.Tests.ServiceTests.SpacesServiceTests.GetSpacesAsync_WithArchivedTrue_BuildsCorrectUrl" storage="/app/src/clickup.api.client.tests/bin/debug/net9.0/clickup.api.client.tests.dll" id="512b6d5d-6ba4-7056-c5d5-21bae2877484">
      <Execution id="37f4cb60-2c2c-4fbd-adb3-5e941501405d" />
      <TestMethod codeBase="/app/src/ClickUp.Api.Client.Tests/bin/Debug/net9.0/ClickUp.Api.Client.Tests.dll" adapterTypeName="executor://xunit/VsTestRunner2/netcoreapp" className="ClickUp.Api.Client.Tests.ServiceTests.SpacesServiceTests" name="GetSpacesAsync_WithArchivedTrue_BuildsCorrectUrl" />
    </UnitTest>
    <UnitTest name="ClickUp.Api.Client.Tests.ServiceTests.GoalsServiceTests.GetGoalAsync_PassesCancellationTokenToApiConnection" storage="/app/src/clickup.api.client.tests/bin/debug/net9.0/clickup.api.client.tests.dll" id="187c0f01-e375-0ebc-5c60-9af9ed8903db">
      <Execution id="90aa82ab-3f31-48e6-b123-10b3dbd1db4c" />
      <TestMethod codeBase="/app/src/ClickUp.Api.Client.Tests/bin/Debug/net9.0/ClickUp.Api.Client.Tests.dll" adapterTypeName="executor://xunit/VsTestRunner2/netcoreapp" className="ClickUp.Api.Client.Tests.ServiceTests.GoalsServiceTests" name="GetGoalAsync_PassesCancellationTokenToApiConnection" />
    </UnitTest>
    <UnitTest name="ClickUp.Api.Client.Tests.ServiceTests.AuthorizationServiceTests.GetAuthorizedUserAsync_ApiConnectionReturnsNull_ReturnsNull" storage="/app/src/clickup.api.client.tests/bin/debug/net9.0/clickup.api.client.tests.dll" id="baea752d-54d8-3c83-578e-889160e95153">
      <Execution id="180012cb-af47-45cc-a142-b2446e96c28c" />
      <TestMethod codeBase="/app/src/ClickUp.Api.Client.Tests/bin/Debug/net9.0/ClickUp.Api.Client.Tests.dll" adapterTypeName="executor://xunit/VsTestRunner2/netcoreapp" className="ClickUp.Api.Client.Tests.ServiceTests.AuthorizationServiceTests" name="GetAuthorizedUserAsync_ApiConnectionReturnsNull_ReturnsNull" />
    </UnitTest>
    <UnitTest name="ClickUp.Api.Client.Tests.ServiceTests.GuestsServiceTests.RemoveGuestFromListAsync_ApiConnectionThrowsTaskCanceledException_PropagatesException" storage="/app/src/clickup.api.client.tests/bin/debug/net9.0/clickup.api.client.tests.dll" id="a54fb913-e59f-936a-6dac-d9b99d7d2b02">
      <Execution id="ae0ed69a-d392-42fe-8a9b-cfc65dbfd999" />
      <TestMethod codeBase="/app/src/ClickUp.Api.Client.Tests/bin/Debug/net9.0/ClickUp.Api.Client.Tests.dll" adapterTypeName="executor://xunit/VsTestRunner2/netcoreapp" className="ClickUp.Api.Client.Tests.ServiceTests.GuestsServiceTests" name="RemoveGuestFromListAsync_ApiConnectionThrowsTaskCanceledException_PropagatesException" />
    </UnitTest>
    <UnitTest name="ClickUp.Api.Client.Tests.ServiceTests.ChatServiceTests.DeleteChatMessageAsync_ValidRequest_CallsDelete" storage="/app/src/clickup.api.client.tests/bin/debug/net9.0/clickup.api.client.tests.dll" id="30b9de58-1a14-f03e-d802-269c770e923a">
      <Execution id="0e76d975-12a4-44b1-86b7-237fef57c91e" />
      <TestMethod codeBase="/app/src/ClickUp.Api.Client.Tests/bin/Debug/net9.0/ClickUp.Api.Client.Tests.dll" adapterTypeName="executor://xunit/VsTestRunner2/netcoreapp" className="ClickUp.Api.Client.Tests.ServiceTests.ChatServiceTests" name="DeleteChatMessageAsync_ValidRequest_CallsDelete" />
    </UnitTest>
    <UnitTest name="ClickUp.Api.Client.Tests.ServiceTests.ChatServiceTests.CreateChatReactionAsync_NullResponse_ThrowsInvalidOperationException" storage="/app/src/clickup.api.client.tests/bin/debug/net9.0/clickup.api.client.tests.dll" id="3e153557-6ec4-cb92-cb2d-9aa00fa5afac">
      <Execution id="d333503a-fad5-44c0-b772-2c218e3d1c91" />
      <TestMethod codeBase="/app/src/ClickUp.Api.Client.Tests/bin/Debug/net9.0/ClickUp.Api.Client.Tests.dll" adapterTypeName="executor://xunit/VsTestRunner2/netcoreapp" className="ClickUp.Api.Client.Tests.ServiceTests.ChatServiceTests" name="CreateChatReactionAsync_NullResponse_ThrowsInvalidOperationException" />
    </UnitTest>
    <UnitTest name="ClickUp.Api.Client.Tests.ServiceTests.DocsServiceTests.GetPageAsync_ValidRequest_BuildsUrlAndReturnsPage" storage="/app/src/clickup.api.client.tests/bin/debug/net9.0/clickup.api.client.tests.dll" id="5519bd7e-9166-72fd-aaec-cf2034f21955">
      <Execution id="47a5d1a0-295a-4927-8d96-22a1a6569d02" />
      <TestMethod codeBase="/app/src/ClickUp.Api.Client.Tests/bin/Debug/net9.0/ClickUp.Api.Client.Tests.dll" adapterTypeName="executor://xunit/VsTestRunner2/netcoreapp" className="ClickUp.Api.Client.Tests.ServiceTests.DocsServiceTests" name="GetPageAsync_ValidRequest_BuildsUrlAndReturnsPage" />
    </UnitTest>
    <UnitTest name="ClickUp.Api.Client.Tests.ServiceTests.GuestsServiceTests.GetGuestAsync_ApiError_ThrowsHttpRequestException" storage="/app/src/clickup.api.client.tests/bin/debug/net9.0/clickup.api.client.tests.dll" id="b04f067e-538f-45ea-ca52-c8528853dc98">
      <Execution id="3062251d-40e5-4607-bea9-53f1dcfdcadf" />
      <TestMethod codeBase="/app/src/ClickUp.Api.Client.Tests/bin/Debug/net9.0/ClickUp.Api.Client.Tests.dll" adapterTypeName="executor://xunit/VsTestRunner2/netcoreapp" className="ClickUp.Api.Client.Tests.ServiceTests.GuestsServiceTests" name="GetGuestAsync_ApiError_ThrowsHttpRequestException" />
    </UnitTest>
    <UnitTest name="ClickUp.Api.Client.Tests.ServiceTests.ChatServiceTests.DeleteChatMessageAsync_PassesCancellationTokenToApiConnection" storage="/app/src/clickup.api.client.tests/bin/debug/net9.0/clickup.api.client.tests.dll" id="3dec75a1-2efb-df48-cb0d-9006d61d86c5">
      <Execution id="30afa60b-58af-4f0d-bead-159c9e5b8c61" />
      <TestMethod codeBase="/app/src/ClickUp.Api.Client.Tests/bin/Debug/net9.0/ClickUp.Api.Client.Tests.dll" adapterTypeName="executor://xunit/VsTestRunner2/netcoreapp" className="ClickUp.Api.Client.Tests.ServiceTests.ChatServiceTests" name="DeleteChatMessageAsync_PassesCancellationTokenToApiConnection" />
    </UnitTest>
    <UnitTest name="ClickUp.Api.Client.Tests.ServiceTests.TemplatesServiceTests.GetTaskTemplatesAsync_ValidRequest_ReturnsResponseWithTemplates" storage="/app/src/clickup.api.client.tests/bin/debug/net9.0/clickup.api.client.tests.dll" id="9181c853-26cf-b8d7-7024-b477f4cb3cf2">
      <Execution id="6dcb72f5-cee7-41f9-a2c0-59ddfe58a3be" />
      <TestMethod codeBase="/app/src/ClickUp.Api.Client.Tests/bin/Debug/net9.0/ClickUp.Api.Client.Tests.dll" adapterTypeName="executor://xunit/VsTestRunner2/netcoreapp" className="ClickUp.Api.Client.Tests.ServiceTests.TemplatesServiceTests" name="GetTaskTemplatesAsync_ValidRequest_ReturnsResponseWithTemplates" />
    </UnitTest>
    <UnitTest name="ClickUp.Api.Client.Tests.ServiceTests.CustomFieldsServiceTests.SetCustomFieldValueAsync_ValidRequest_CallsPostAsyncWithCorrectUrlAndBody" storage="/app/src/clickup.api.client.tests/bin/debug/net9.0/clickup.api.client.tests.dll" id="c0cfb625-561f-2355-e53a-38b139149b30">
      <Execution id="9a2166ae-cf16-460c-8a0a-cb34eaba0ff8" />
      <TestMethod codeBase="/app/src/ClickUp.Api.Client.Tests/bin/Debug/net9.0/ClickUp.Api.Client.Tests.dll" adapterTypeName="executor://xunit/VsTestRunner2/netcoreapp" className="ClickUp.Api.Client.Tests.ServiceTests.CustomFieldsServiceTests" name="SetCustomFieldValueAsync_ValidRequest_CallsPostAsyncWithCorrectUrlAndBody" />
    </UnitTest>
    <UnitTest name="ClickUp.Api.Client.Tests.ServiceTests.CommentServiceTests.CreateTaskCommentAsync_PassesCancellationTokenToApiConnection" storage="/app/src/clickup.api.client.tests/bin/debug/net9.0/clickup.api.client.tests.dll" id="f23660f2-fffd-56f2-2044-21e10448f9f4">
      <Execution id="e0e20d48-0e9b-4b84-a09e-0aa5b0a904a9" />
      <TestMethod codeBase="/app/src/ClickUp.Api.Client.Tests/bin/Debug/net9.0/ClickUp.Api.Client.Tests.dll" adapterTypeName="executor://xunit/VsTestRunner2/netcoreapp" className="ClickUp.Api.Client.Tests.ServiceTests.CommentServiceTests" name="CreateTaskCommentAsync_PassesCancellationTokenToApiConnection" />
    </UnitTest>
    <UnitTest name="ClickUp.Api.Client.Tests.ServiceTests.ChatServiceTests.CreateLocationChatChannelAsync_ValidRequest_CallsPostAndReturnsChannel" storage="/app/src/clickup.api.client.tests/bin/debug/net9.0/clickup.api.client.tests.dll" id="37b34059-0f65-9a6f-04ed-b65ab163cd9e">
      <Execution id="55466ccb-89bf-445a-b603-f984882b8acd" />
      <TestMethod codeBase="/app/src/ClickUp.Api.Client.Tests/bin/Debug/net9.0/ClickUp.Api.Client.Tests.dll" adapterTypeName="executor://xunit/VsTestRunner2/netcoreapp" className="ClickUp.Api.Client.Tests.ServiceTests.ChatServiceTests" name="CreateLocationChatChannelAsync_ValidRequest_CallsPostAndReturnsChannel" />
    </UnitTest>
    <UnitTest name="ClickUp.Api.Client.Tests.ServiceTests.TaskRelationshipsServiceTests.AddDependencyAsync_WithCustomTaskIdsAndTeamId_BuildsCorrectUrl" storage="/app/src/clickup.api.client.tests/bin/debug/net9.0/clickup.api.client.tests.dll" id="ed3b368b-5fc9-9eb6-3ee2-aeb3a1e0cc4a">
      <Execution id="6432a924-cec0-42e8-89af-f55f0eab3d49" />
      <TestMethod codeBase="/app/src/ClickUp.Api.Client.Tests/bin/Debug/net9.0/ClickUp.Api.Client.Tests.dll" adapterTypeName="executor://xunit/VsTestRunner2/netcoreapp" className="ClickUp.Api.Client.Tests.ServiceTests.TaskRelationshipsServiceTests" name="AddDependencyAsync_WithCustomTaskIdsAndTeamId_BuildsCorrectUrl" />
    </UnitTest>
    <UnitTest name="ClickUp.Api.Client.Tests.ServiceTests.ListsServiceTests.CreateListInFolderAsync_PassesCancellationTokenToApiConnection" storage="/app/src/clickup.api.client.tests/bin/debug/net9.0/clickup.api.client.tests.dll" id="d15a78dd-4e5d-1e70-ad9e-7c1326ed70f1">
      <Execution id="c36d31b8-70ca-4d3c-9804-b99ae0cd37e3" />
      <TestMethod codeBase="/app/src/ClickUp.Api.Client.Tests/bin/Debug/net9.0/ClickUp.Api.Client.Tests.dll" adapterTypeName="executor://xunit/VsTestRunner2/netcoreapp" className="ClickUp.Api.Client.Tests.ServiceTests.ListsServiceTests" name="CreateListInFolderAsync_PassesCancellationTokenToApiConnection" />
    </UnitTest>
    <UnitTest name="ClickUp.Api.Client.Tests.ServiceTests.WebhooksServiceTests.GetWebhooksAsync_ApiConnectionThrowsTaskCanceledException_PropagatesException" storage="/app/src/clickup.api.client.tests/bin/debug/net9.0/clickup.api.client.tests.dll" id="bb11f76c-b72d-ed60-cb62-d44e29999fcc">
      <Execution id="87139f3a-1983-4d33-84dc-e5414d682984" />
      <TestMethod codeBase="/app/src/ClickUp.Api.Client.Tests/bin/Debug/net9.0/ClickUp.Api.Client.Tests.dll" adapterTypeName="executor://xunit/VsTestRunner2/netcoreapp" className="ClickUp.Api.Client.Tests.ServiceTests.WebhooksServiceTests" name="GetWebhooksAsync_ApiConnectionThrowsTaskCanceledException_PropagatesException" />
    </UnitTest>
    <UnitTest name="ClickUp.Api.Client.Tests.ServiceTests.DocsServiceTests.GetDocAsync_ApiConnectionThrowsTaskCanceledException_PropagatesException" storage="/app/src/clickup.api.client.tests/bin/debug/net9.0/clickup.api.client.tests.dll" id="ddb44325-0b2d-129d-e82f-9203a2572f55">
      <Execution id="5c6c44d4-bb54-40ba-a7d1-bc403812217b" />
      <TestMethod codeBase="/app/src/ClickUp.Api.Client.Tests/bin/Debug/net9.0/ClickUp.Api.Client.Tests.dll" adapterTypeName="executor://xunit/VsTestRunner2/netcoreapp" className="ClickUp.Api.Client.Tests.ServiceTests.DocsServiceTests" name="GetDocAsync_ApiConnectionThrowsTaskCanceledException_PropagatesException" />
    </UnitTest>
    <UnitTest name="ClickUp.Api.Client.Tests.ServiceTests.ChatServiceTests.CreateReplyMessageAsync_PassesCancellationTokenToApiConnection" storage="/app/src/clickup.api.client.tests/bin/debug/net9.0/clickup.api.client.tests.dll" id="72fdaf0f-a6ec-0124-7913-bcb625625cca">
      <Execution id="cbf39106-ab8f-4d56-9898-7254931ac930" />
      <TestMethod codeBase="/app/src/ClickUp.Api.Client.Tests/bin/Debug/net9.0/ClickUp.Api.Client.Tests.dll" adapterTypeName="executor://xunit/VsTestRunner2/netcoreapp" className="ClickUp.Api.Client.Tests.ServiceTests.ChatServiceTests" name="CreateReplyMessageAsync_PassesCancellationTokenToApiConnection" />
    </UnitTest>
    <UnitTest name="ClickUp.Api.Client.Tests.ServiceTests.ViewsServiceTests.UpdateViewAsync_ValidRequest_ReturnsView" storage="/app/src/clickup.api.client.tests/bin/debug/net9.0/clickup.api.client.tests.dll" id="e696dbf6-4b54-8154-003d-09395465f207">
      <Execution id="55c00082-c975-401d-a1b3-d3f2ef039407" />
      <TestMethod codeBase="/app/src/ClickUp.Api.Client.Tests/bin/Debug/net9.0/ClickUp.Api.Client.Tests.dll" adapterTypeName="executor://xunit/VsTestRunner2/netcoreapp" className="ClickUp.Api.Client.Tests.ServiceTests.ViewsServiceTests" name="UpdateViewAsync_ValidRequest_ReturnsView" />
    </UnitTest>
    <UnitTest name="ClickUp.Api.Client.Tests.ServiceTests.GuestsServiceTests.RemoveGuestFromFolderAsync_ApiConnectionThrowsTaskCanceledException_PropagatesException" storage="/app/src/clickup.api.client.tests/bin/debug/net9.0/clickup.api.client.tests.dll" id="114b0c56-3cd9-6e29-2cb9-d244c016d012">
      <Execution id="aae19b9c-31d8-4962-9fae-9b9069b6702b" />
      <TestMethod codeBase="/app/src/ClickUp.Api.Client.Tests/bin/Debug/net9.0/ClickUp.Api.Client.Tests.dll" adapterTypeName="executor://xunit/VsTestRunner2/netcoreapp" className="ClickUp.Api.Client.Tests.ServiceTests.GuestsServiceTests" name="RemoveGuestFromFolderAsync_ApiConnectionThrowsTaskCanceledException_PropagatesException" />
    </UnitTest>
    <UnitTest name="ClickUp.Api.Client.Tests.ServiceTests.GuestsServiceTests.InviteGuestToWorkspaceAsync_ValidRequest_CallsPostAndReturnsResponse" storage="/app/src/clickup.api.client.tests/bin/debug/net9.0/clickup.api.client.tests.dll" id="b44a823b-fb1a-dc2e-eaad-b63c00487d51">
      <Execution id="43e87b88-8b2c-4cc2-bf83-d31fbd869e49" />
      <TestMethod codeBase="/app/src/ClickUp.Api.Client.Tests/bin/Debug/net9.0/ClickUp.Api.Client.Tests.dll" adapterTypeName="executor://xunit/VsTestRunner2/netcoreapp" className="ClickUp.Api.Client.Tests.ServiceTests.GuestsServiceTests" name="InviteGuestToWorkspaceAsync_ValidRequest_CallsPostAndReturnsResponse" />
    </UnitTest>
    <UnitTest name="ClickUp.Api.Client.Tests.ServiceTests.CommentServiceTests.GetChatViewCommentsStreamAsync_IAsyncEnumerable_ReturnsAllComments_WhenMultiplePages" storage="/app/src/clickup.api.client.tests/bin/debug/net9.0/clickup.api.client.tests.dll" id="46b65487-d6a5-d890-628a-f9beae9627a1">
      <Execution id="9a360878-62d0-48a2-b9ad-528f7f59330c" />
      <TestMethod codeBase="/app/src/ClickUp.Api.Client.Tests/bin/Debug/net9.0/ClickUp.Api.Client.Tests.dll" adapterTypeName="executor://xunit/VsTestRunner2/netcoreapp" className="ClickUp.Api.Client.Tests.ServiceTests.CommentServiceTests" name="GetChatViewCommentsStreamAsync_IAsyncEnumerable_ReturnsAllComments_WhenMultiplePages" />
    </UnitTest>
    <UnitTest name="ClickUp.Api.Client.Tests.ServiceTests.DocsServiceTests.GetDocAsync_NullDataInResponse_ThrowsInvalidOperationException" storage="/app/src/clickup.api.client.tests/bin/debug/net9.0/clickup.api.client.tests.dll" id="c8272ceb-7748-0664-e2e5-41dcf83b5568">
      <Execution id="05b11e92-5a31-49e7-9053-100ed0d3d297" />
      <TestMethod codeBase="/app/src/ClickUp.Api.Client.Tests/bin/Debug/net9.0/ClickUp.Api.Client.Tests.dll" adapterTypeName="executor://xunit/VsTestRunner2/netcoreapp" className="ClickUp.Api.Client.Tests.ServiceTests.DocsServiceTests" name="GetDocAsync_NullDataInResponse_ThrowsInvalidOperationException" />
    </UnitTest>
    <UnitTest name="ClickUp.Api.Client.Tests.ServiceTests.GoalsServiceTests.CreateGoalAsync_PassesCancellationTokenToApiConnection" storage="/app/src/clickup.api.client.tests/bin/debug/net9.0/clickup.api.client.tests.dll" id="754e506c-648d-4410-32f3-1251243899e1">
      <Execution id="f3b72c77-6184-4999-857c-9c9370c4781b" />
      <TestMethod codeBase="/app/src/ClickUp.Api.Client.Tests/bin/Debug/net9.0/ClickUp.Api.Client.Tests.dll" adapterTypeName="executor://xunit/VsTestRunner2/netcoreapp" className="ClickUp.Api.Client.Tests.ServiceTests.GoalsServiceTests" name="CreateGoalAsync_PassesCancellationTokenToApiConnection" />
    </UnitTest>
    <UnitTest name="ClickUp.Api.Client.Tests.ServiceTests.ChatServiceTests.CreateDirectMessageChatChannelAsync_ValidRequest_CallsPostAndReturnsChannel" storage="/app/src/clickup.api.client.tests/bin/debug/net9.0/clickup.api.client.tests.dll" id="34abb1af-94d9-b22a-918b-1feb9ac89d01">
      <Execution id="75ef1769-ce02-4e8f-bd59-c77ec4bd2821" />
      <TestMethod codeBase="/app/src/ClickUp.Api.Client.Tests/bin/Debug/net9.0/ClickUp.Api.Client.Tests.dll" adapterTypeName="executor://xunit/VsTestRunner2/netcoreapp" className="ClickUp.Api.Client.Tests.ServiceTests.ChatServiceTests" name="CreateDirectMessageChatChannelAsync_ValidRequest_CallsPostAndReturnsChannel" />
    </UnitTest>
    <UnitTest name="ClickUp.Api.Client.Tests.ServiceTests.ListsServiceTests.CreateListFromTemplateInSpaceAsync_ValidRequest_ReturnsList" storage="/app/src/clickup.api.client.tests/bin/debug/net9.0/clickup.api.client.tests.dll" id="e18052c4-2700-62d1-b690-f3526c7f4366">
      <Execution id="8b838321-d483-45df-9298-5873110ae17e" />
      <TestMethod codeBase="/app/src/ClickUp.Api.Client.Tests/bin/Debug/net9.0/ClickUp.Api.Client.Tests.dll" adapterTypeName="executor://xunit/VsTestRunner2/netcoreapp" className="ClickUp.Api.Client.Tests.ServiceTests.ListsServiceTests" name="CreateListFromTemplateInSpaceAsync_ValidRequest_ReturnsList" />
    </UnitTest>
    <UnitTest name="ClickUp.Api.Client.Tests.ServiceTests.TagsServiceTests.DeleteSpaceTagAsync_ApiConnectionThrowsTaskCanceledException_PropagatesException" storage="/app/src/clickup.api.client.tests/bin/debug/net9.0/clickup.api.client.tests.dll" id="f17c2f5d-3278-deae-e3e0-0f673524d524">
      <Execution id="35dc0648-2c77-42d7-8b5c-cc719e9973f8" />
      <TestMethod codeBase="/app/src/ClickUp.Api.Client.Tests/bin/Debug/net9.0/ClickUp.Api.Client.Tests.dll" adapterTypeName="executor://xunit/VsTestRunner2/netcoreapp" className="ClickUp.Api.Client.Tests.ServiceTests.TagsServiceTests" name="DeleteSpaceTagAsync_ApiConnectionThrowsTaskCanceledException_PropagatesException" />
    </UnitTest>
    <UnitTest name="ClickUp.Api.Client.Tests.ServiceTests.ChatServiceTests.CreateChatReactionAsync_PassesCancellationTokenToApiConnection" storage="/app/src/clickup.api.client.tests/bin/debug/net9.0/clickup.api.client.tests.dll" id="5d366c36-141d-ee9f-0e5c-a1ebaf18b891">
      <Execution id="3a743349-6f9c-4f61-8362-9a08fb6d377e" />
      <TestMethod codeBase="/app/src/ClickUp.Api.Client.Tests/bin/Debug/net9.0/ClickUp.Api.Client.Tests.dll" adapterTypeName="executor://xunit/VsTestRunner2/netcoreapp" className="ClickUp.Api.Client.Tests.ServiceTests.ChatServiceTests" name="CreateChatReactionAsync_PassesCancellationTokenToApiConnection" />
    </UnitTest>
    <UnitTest name="ClickUp.Api.Client.Tests.ServiceTests.GuestsServiceTests.AddGuestToListAsync_ApiError_ThrowsHttpRequestException" storage="/app/src/clickup.api.client.tests/bin/debug/net9.0/clickup.api.client.tests.dll" id="dfa86d51-ee16-240f-a412-26f6a168a649">
      <Execution id="5d8afb48-0e1a-4686-ae69-5e506fe56e21" />
      <TestMethod codeBase="/app/src/ClickUp.Api.Client.Tests/bin/Debug/net9.0/ClickUp.Api.Client.Tests.dll" adapterTypeName="executor://xunit/VsTestRunner2/netcoreapp" className="ClickUp.Api.Client.Tests.ServiceTests.GuestsServiceTests" name="AddGuestToListAsync_ApiError_ThrowsHttpRequestException" />
    </UnitTest>
    <UnitTest name="ClickUp.Api.Client.Tests.ServiceTests.TaskChecklistsServiceTests.EditChecklistItemAsync_ApiConnectionThrowsHttpRequestException_PropagatesException" storage="/app/src/clickup.api.client.tests/bin/debug/net9.0/clickup.api.client.tests.dll" id="f6bdcac0-22ed-72e6-9550-717b92896985">
      <Execution id="929ec95d-6d30-4826-b4a4-541cee74a73f" />
      <TestMethod codeBase="/app/src/ClickUp.Api.Client.Tests/bin/Debug/net9.0/ClickUp.Api.Client.Tests.dll" adapterTypeName="executor://xunit/VsTestRunner2/netcoreapp" className="ClickUp.Api.Client.Tests.ServiceTests.TaskChecklistsServiceTests" name="EditChecklistItemAsync_ApiConnectionThrowsHttpRequestException_PropagatesException" />
    </UnitTest>
    <UnitTest name="ClickUp.Api.Client.Tests.ServiceTests.ChatServiceTests.UpdateChatChannelAsync_ApiError_ThrowsHttpRequestException" storage="/app/src/clickup.api.client.tests/bin/debug/net9.0/clickup.api.client.tests.dll" id="12579a38-9224-a534-9694-f9d58779dd93">
      <Execution id="3764d51d-5d28-4d6a-83f1-a30d9385b6e9" />
      <TestMethod codeBase="/app/src/ClickUp.Api.Client.Tests/bin/Debug/net9.0/ClickUp.Api.Client.Tests.dll" adapterTypeName="executor://xunit/VsTestRunner2/netcoreapp" className="ClickUp.Api.Client.Tests.ServiceTests.ChatServiceTests" name="UpdateChatChannelAsync_ApiError_ThrowsHttpRequestException" />
    </UnitTest>
    <UnitTest name="ClickUp.Api.Client.Tests.ServiceTests.WebhooksServiceTests.CreateWebhookAsync_ValidRequest_ReturnsWebhook" storage="/app/src/clickup.api.client.tests/bin/debug/net9.0/clickup.api.client.tests.dll" id="570d2e98-25b4-429b-1b58-b7f94d923fa0">
      <Execution id="fdc1321f-b0c5-4719-925b-eb65ed4a143b" />
      <TestMethod codeBase="/app/src/ClickUp.Api.Client.Tests/bin/Debug/net9.0/ClickUp.Api.Client.Tests.dll" adapterTypeName="executor://xunit/VsTestRunner2/netcoreapp" className="ClickUp.Api.Client.Tests.ServiceTests.WebhooksServiceTests" name="CreateWebhookAsync_ValidRequest_ReturnsWebhook" />
    </UnitTest>
    <UnitTest name="ClickUp.Api.Client.Tests.ServiceTests.WorkspacesServiceTests.GetWorkspaceSeatsAsync_ValidWorkspaceId_ReturnsSeatsResponse" storage="/app/src/clickup.api.client.tests/bin/debug/net9.0/clickup.api.client.tests.dll" id="b6f51341-a030-7010-92b4-f1c1a8bc9169">
      <Execution id="bf5495c7-37f5-4049-b310-4bbcf794b2c6" />
      <TestMethod codeBase="/app/src/ClickUp.Api.Client.Tests/bin/Debug/net9.0/ClickUp.Api.Client.Tests.dll" adapterTypeName="executor://xunit/VsTestRunner2/netcoreapp" className="ClickUp.Api.Client.Tests.ServiceTests.WorkspacesServiceTests" name="GetWorkspaceSeatsAsync_ValidWorkspaceId_ReturnsSeatsResponse" />
    </UnitTest>
    <UnitTest name="ClickUp.Api.Client.Tests.ServiceTests.SpacesServiceTests.CreateSpaceAsync_ValidRequest_ReturnsSpace" storage="/app/src/clickup.api.client.tests/bin/debug/net9.0/clickup.api.client.tests.dll" id="f9054252-86a9-2376-abd0-e7fcbaa75a2b">
      <Execution id="b6dd3df0-6836-443c-aa36-028c08a822cf" />
      <TestMethod codeBase="/app/src/ClickUp.Api.Client.Tests/bin/Debug/net9.0/ClickUp.Api.Client.Tests.dll" adapterTypeName="executor://xunit/VsTestRunner2/netcoreapp" className="ClickUp.Api.Client.Tests.ServiceTests.SpacesServiceTests" name="CreateSpaceAsync_ValidRequest_ReturnsSpace" />
    </UnitTest>
    <UnitTest name="ClickUp.Api.Client.Tests.ServiceTests.ChatServiceTests.GetChatChannelsAsync_ValidRequest_BuildsCorrectUrlAndReturnsResponse" storage="/app/src/clickup.api.client.tests/bin/debug/net9.0/clickup.api.client.tests.dll" id="1f98161b-00b2-ba0b-c4dd-2a3b9d61fecd">
      <Execution id="f1102f51-d261-487a-bd2d-128394915253" />
      <TestMethod codeBase="/app/src/ClickUp.Api.Client.Tests/bin/Debug/net9.0/ClickUp.Api.Client.Tests.dll" adapterTypeName="executor://xunit/VsTestRunner2/netcoreapp" className="ClickUp.Api.Client.Tests.ServiceTests.ChatServiceTests" name="GetChatChannelsAsync_ValidRequest_BuildsCorrectUrlAndReturnsResponse" />
    </UnitTest>
    <UnitTest name="ClickUp.Api.Client.Tests.ServiceTests.TaskRelationshipsServiceTests.DeleteTaskLinkAsync_PassesCancellationTokenToApiConnection" storage="/app/src/clickup.api.client.tests/bin/debug/net9.0/clickup.api.client.tests.dll" id="e95468cf-0e28-32c4-2996-dea959a8d7d5">
      <Execution id="0013b4fb-7b1b-4320-b5c3-37ac0ddd4370" />
      <TestMethod codeBase="/app/src/ClickUp.Api.Client.Tests/bin/Debug/net9.0/ClickUp.Api.Client.Tests.dll" adapterTypeName="executor://xunit/VsTestRunner2/netcoreapp" className="ClickUp.Api.Client.Tests.ServiceTests.TaskRelationshipsServiceTests" name="DeleteTaskLinkAsync_PassesCancellationTokenToApiConnection" />
    </UnitTest>
    <UnitTest name="ClickUp.Api.Client.Tests.ServiceTests.ListsServiceTests.GetListAsync_ApiReturnsNullResponse_ThrowsInvalidOperationException" storage="/app/src/clickup.api.client.tests/bin/debug/net9.0/clickup.api.client.tests.dll" id="2be7544e-7b3b-7222-ed6c-048455d7cdad">
      <Execution id="a5fa9485-7dfb-4a11-a70c-88af97a63c31" />
      <TestMethod codeBase="/app/src/ClickUp.Api.Client.Tests/bin/Debug/net9.0/ClickUp.Api.Client.Tests.dll" adapterTypeName="executor://xunit/VsTestRunner2/netcoreapp" className="ClickUp.Api.Client.Tests.ServiceTests.ListsServiceTests" name="GetListAsync_ApiReturnsNullResponse_ThrowsInvalidOperationException" />
    </UnitTest>
    <UnitTest name="ClickUp.Api.Client.Tests.Integration.AuthorizationServiceIntegrationTests.GetAuthorizedUserAsync_WithInvalidToken_ThrowsClickUpApiAuthenticationException" storage="/app/src/clickup.api.client.tests/bin/debug/net9.0/clickup.api.client.tests.dll" id="a5a77c23-3fc3-73eb-726a-706853169a5b">
      <Properties>
        <Property Key="Category" Value="Integration" />
      </Properties>
      <Execution id="388b1cd2-e2e8-4fe7-90fd-55314a8c01c5" />
      <TestMethod codeBase="/app/src/ClickUp.Api.Client.Tests/bin/Debug/net9.0/ClickUp.Api.Client.Tests.dll" adapterTypeName="executor://xunit/VsTestRunner2/netcoreapp" className="ClickUp.Api.Client.Tests.Integration.AuthorizationServiceIntegrationTests" name="GetAuthorizedUserAsync_WithInvalidToken_ThrowsClickUpApiAuthenticationException" />
    </UnitTest>
    <UnitTest name="ClickUp.Api.Client.Tests.ServiceTests.FoldersServiceTests.GetFolderAsync_ApiReturnsNull_ThrowsInvalidOperationException" storage="/app/src/clickup.api.client.tests/bin/debug/net9.0/clickup.api.client.tests.dll" id="e2e9293a-4c73-471b-0e98-16ee7bb12ace">
      <Execution id="c8f8bddc-0054-401a-a48a-95b051cdfc6b" />
      <TestMethod codeBase="/app/src/ClickUp.Api.Client.Tests/bin/Debug/net9.0/ClickUp.Api.Client.Tests.dll" adapterTypeName="executor://xunit/VsTestRunner2/netcoreapp" className="ClickUp.Api.Client.Tests.ServiceTests.FoldersServiceTests" name="GetFolderAsync_ApiReturnsNull_ThrowsInvalidOperationException" />
    </UnitTest>
    <UnitTest name="ClickUp.Api.Client.Tests.ServiceTests.TimeTrackingServiceTests.StartTimeEntryAsync_ValidRequest_ReturnsStartedTimeEntry" storage="/app/src/clickup.api.client.tests/bin/debug/net9.0/clickup.api.client.tests.dll" id="f72762c7-a54f-ad5e-19cd-19742e6bb18c">
      <Execution id="fe2bb34c-756b-49fb-aed1-6d9db32692af" />
      <TestMethod codeBase="/app/src/ClickUp.Api.Client.Tests/bin/Debug/net9.0/ClickUp.Api.Client.Tests.dll" adapterTypeName="executor://xunit/VsTestRunner2/netcoreapp" className="ClickUp.Api.Client.Tests.ServiceTests.TimeTrackingServiceTests" name="StartTimeEntryAsync_ValidRequest_ReturnsStartedTimeEntry" />
    </UnitTest>
    <UnitTest name="ClickUp.Api.Client.Tests.ServiceTests.ChatServiceTests.CreateReplyMessageAsync_ApiError_ThrowsHttpRequestException" storage="/app/src/clickup.api.client.tests/bin/debug/net9.0/clickup.api.client.tests.dll" id="34db1a41-ae07-57ef-bc5b-624a4ed4ae66">
      <Execution id="efefada9-3c60-496d-b1a1-16834905efc0" />
      <TestMethod codeBase="/app/src/ClickUp.Api.Client.Tests/bin/Debug/net9.0/ClickUp.Api.Client.Tests.dll" adapterTypeName="executor://xunit/VsTestRunner2/netcoreapp" className="ClickUp.Api.Client.Tests.ServiceTests.ChatServiceTests" name="CreateReplyMessageAsync_ApiError_ThrowsHttpRequestException" />
    </UnitTest>
    <UnitTest name="ClickUp.Api.Client.Tests.ServiceTests.FoldersServiceTests.CreateFolderFromTemplateAsync_PassesCancellationTokenToApiConnection" storage="/app/src/clickup.api.client.tests/bin/debug/net9.0/clickup.api.client.tests.dll" id="060a0ab5-38d7-1a51-f31b-f4f97a6b8532">
      <Execution id="ec6c1af1-ee81-4a96-a144-9571740db773" />
      <TestMethod codeBase="/app/src/ClickUp.Api.Client.Tests/bin/Debug/net9.0/ClickUp.Api.Client.Tests.dll" adapterTypeName="executor://xunit/VsTestRunner2/netcoreapp" className="ClickUp.Api.Client.Tests.ServiceTests.FoldersServiceTests" name="CreateFolderFromTemplateAsync_PassesCancellationTokenToApiConnection" />
    </UnitTest>
    <UnitTest name="ClickUp.Api.Client.Tests.ServiceTests.FoldersServiceTests.GetFolderAsync_PassesCancellationTokenToApiConnection" storage="/app/src/clickup.api.client.tests/bin/debug/net9.0/clickup.api.client.tests.dll" id="fe82358d-1255-07ca-16e6-994378e6173c">
      <Execution id="3bc69cbe-be78-404e-8be8-2e7dfcd2b61e" />
      <TestMethod codeBase="/app/src/ClickUp.Api.Client.Tests/bin/Debug/net9.0/ClickUp.Api.Client.Tests.dll" adapterTypeName="executor://xunit/VsTestRunner2/netcoreapp" className="ClickUp.Api.Client.Tests.ServiceTests.FoldersServiceTests" name="GetFolderAsync_PassesCancellationTokenToApiConnection" />
    </UnitTest>
    <UnitTest name="ClickUp.Api.Client.Tests.ServiceTests.CustomFieldsServiceTests.GetAccessibleCustomFieldsAsync_PassesCancellationTokenToApiConnection" storage="/app/src/clickup.api.client.tests/bin/debug/net9.0/clickup.api.client.tests.dll" id="2704797e-871f-8d89-561c-7af30a05128f">
      <Execution id="fc0e1212-8d32-4de9-ba8c-bc59e7715549" />
      <TestMethod codeBase="/app/src/ClickUp.Api.Client.Tests/bin/Debug/net9.0/ClickUp.Api.Client.Tests.dll" adapterTypeName="executor://xunit/VsTestRunner2/netcoreapp" className="ClickUp.Api.Client.Tests.ServiceTests.CustomFieldsServiceTests" name="GetAccessibleCustomFieldsAsync_PassesCancellationTokenToApiConnection" />
    </UnitTest>
    <UnitTest name="ClickUp.Api.Client.Tests.ServiceTests.ChatServiceTests.GetChatMessageTaggedUsersAsync_ApiError_ThrowsHttpRequestException" storage="/app/src/clickup.api.client.tests/bin/debug/net9.0/clickup.api.client.tests.dll" id="87976f7c-14dd-b9b7-be4a-35a8302aaf4c">
      <Execution id="2094823d-cfb4-47e0-a5a2-ab2f9e41714a" />
      <TestMethod codeBase="/app/src/ClickUp.Api.Client.Tests/bin/Debug/net9.0/ClickUp.Api.Client.Tests.dll" adapterTypeName="executor://xunit/VsTestRunner2/netcoreapp" className="ClickUp.Api.Client.Tests.ServiceTests.ChatServiceTests" name="GetChatMessageTaggedUsersAsync_ApiError_ThrowsHttpRequestException" />
    </UnitTest>
    <UnitTest name="ClickUp.Api.Client.Tests.ServiceTests.RolesServiceTests.GetCustomRolesAsync_WithIncludeMembers_ConstructsCorrectUrl(includeMembers: False, expectedUrl: &quot;team/ws_params/customroles?include_members=false&quot;)" storage="/app/src/clickup.api.client.tests/bin/debug/net9.0/clickup.api.client.tests.dll" id="6442377a-2b00-e812-5ab4-2cda87cd60f0">
      <Execution id="280518e5-7a7b-42c4-b07e-addd76c3d03d" />
      <TestMethod codeBase="/app/src/ClickUp.Api.Client.Tests/bin/Debug/net9.0/ClickUp.Api.Client.Tests.dll" adapterTypeName="executor://xunit/VsTestRunner2/netcoreapp" className="ClickUp.Api.Client.Tests.ServiceTests.RolesServiceTests" name="GetCustomRolesAsync_WithIncludeMembers_ConstructsCorrectUrl" />
    </UnitTest>
    <UnitTest name="ClickUp.Api.Client.Tests.ServiceTests.ListsServiceTests.CreateFolderlessListAsync_ApiReturnsNullResponse_ThrowsInvalidOperationException" storage="/app/src/clickup.api.client.tests/bin/debug/net9.0/clickup.api.client.tests.dll" id="cc867c7c-0d5c-801d-c7c1-fb77450424f9">
      <Execution id="4a229023-bcc9-47d5-bbbd-393a56f2414b" />
      <TestMethod codeBase="/app/src/ClickUp.Api.Client.Tests/bin/Debug/net9.0/ClickUp.Api.Client.Tests.dll" adapterTypeName="executor://xunit/VsTestRunner2/netcoreapp" className="ClickUp.Api.Client.Tests.ServiceTests.ListsServiceTests" name="CreateFolderlessListAsync_ApiReturnsNullResponse_ThrowsInvalidOperationException" />
    </UnitTest>
    <UnitTest name="ClickUp.Api.Client.Tests.ServiceTests.ViewsServiceTests.GetFolderViewsAsync_ApiReturnsNull_ThrowsInvalidOperationException" storage="/app/src/clickup.api.client.tests/bin/debug/net9.0/clickup.api.client.tests.dll" id="8812ebd6-a94c-fad4-8b2a-125aaec04975">
      <Execution id="931947a6-f2b1-49f7-8067-173d3a324bc8" />
      <TestMethod codeBase="/app/src/ClickUp.Api.Client.Tests/bin/Debug/net9.0/ClickUp.Api.Client.Tests.dll" adapterTypeName="executor://xunit/VsTestRunner2/netcoreapp" className="ClickUp.Api.Client.Tests.ServiceTests.ViewsServiceTests" name="GetFolderViewsAsync_ApiReturnsNull_ThrowsInvalidOperationException" />
    </UnitTest>
    <UnitTest name="ClickUp.Api.Client.Tests.ServiceTests.CustomFieldsServiceTests.SetCustomFieldValueAsync_ApiError_ThrowsHttpRequestException" storage="/app/src/clickup.api.client.tests/bin/debug/net9.0/clickup.api.client.tests.dll" id="675e2670-8de8-d481-d98d-0e72193293be">
      <Execution id="ab5bd652-5104-40b9-9af0-6596bc1ecc47" />
      <TestMethod codeBase="/app/src/ClickUp.Api.Client.Tests/bin/Debug/net9.0/ClickUp.Api.Client.Tests.dll" adapterTypeName="executor://xunit/VsTestRunner2/netcoreapp" className="ClickUp.Api.Client.Tests.ServiceTests.CustomFieldsServiceTests" name="SetCustomFieldValueAsync_ApiError_ThrowsHttpRequestException" />
    </UnitTest>
    <UnitTest name="ClickUp.Api.Client.Tests.ServiceTests.GoalsServiceTests.CreateKeyResultAsync_NullResponseData_ThrowsInvalidOperationException" storage="/app/src/clickup.api.client.tests/bin/debug/net9.0/clickup.api.client.tests.dll" id="b89d58f6-3451-4a52-c26c-ae9d3822f836">
      <Execution id="0c1c6548-6196-4398-a5df-4a88cdf63af4" />
      <TestMethod codeBase="/app/src/ClickUp.Api.Client.Tests/bin/Debug/net9.0/ClickUp.Api.Client.Tests.dll" adapterTypeName="executor://xunit/VsTestRunner2/netcoreapp" className="ClickUp.Api.Client.Tests.ServiceTests.GoalsServiceTests" name="CreateKeyResultAsync_NullResponseData_ThrowsInvalidOperationException" />
    </UnitTest>
    <UnitTest name="ClickUp.Api.Client.Tests.ServiceTests.TagsServiceTests.CreateSpaceTagAsync_PassesCancellationTokenToApiConnection" storage="/app/src/clickup.api.client.tests/bin/debug/net9.0/clickup.api.client.tests.dll" id="80130715-8654-c968-d178-dd7e1786799a">
      <Execution id="7eee7b28-43c6-431e-8b78-463dc0673784" />
      <TestMethod codeBase="/app/src/ClickUp.Api.Client.Tests/bin/Debug/net9.0/ClickUp.Api.Client.Tests.dll" adapterTypeName="executor://xunit/VsTestRunner2/netcoreapp" className="ClickUp.Api.Client.Tests.ServiceTests.TagsServiceTests" name="CreateSpaceTagAsync_PassesCancellationTokenToApiConnection" />
    </UnitTest>
    <UnitTest name="ClickUp.Api.Client.Tests.ServiceTests.TaskChecklistsServiceTests.DeleteChecklistItemAsync_PassesCancellationTokenToApiConnection" storage="/app/src/clickup.api.client.tests/bin/debug/net9.0/clickup.api.client.tests.dll" id="1e5f29df-ed10-0b1f-d07d-d53b219d368d">
      <Execution id="cd78fb93-871e-4855-99e2-e74ecf85405b" />
      <TestMethod codeBase="/app/src/ClickUp.Api.Client.Tests/bin/Debug/net9.0/ClickUp.Api.Client.Tests.dll" adapterTypeName="executor://xunit/VsTestRunner2/netcoreapp" className="ClickUp.Api.Client.Tests.ServiceTests.TaskChecklistsServiceTests" name="DeleteChecklistItemAsync_PassesCancellationTokenToApiConnection" />
    </UnitTest>
    <UnitTest name="ClickUp.Api.Client.Tests.Integration.AuthorizationServiceIntegrationTests.GetAuthorizedUserAsync_WithValidToken_ReturnsUser" storage="/app/src/clickup.api.client.tests/bin/debug/net9.0/clickup.api.client.tests.dll" id="0e83a29c-c336-f714-4279-3b30ab28abf1">
      <Properties>
        <Property Key="Category" Value="Integration" />
      </Properties>
      <Execution id="5211d01b-7af3-47c1-95cf-e1007228befb" />
      <TestMethod codeBase="/app/src/ClickUp.Api.Client.Tests/bin/Debug/net9.0/ClickUp.Api.Client.Tests.dll" adapterTypeName="executor://xunit/VsTestRunner2/netcoreapp" className="ClickUp.Api.Client.Tests.Integration.AuthorizationServiceIntegrationTests" name="GetAuthorizedUserAsync_WithValidToken_ReturnsUser" />
    </UnitTest>
    <UnitTest name="ClickUp.Api.Client.Tests.ServiceTests.TimeTrackingServiceTests.GetTimeEntryHistoryAsync_ApiReturnsNullResponse_ReturnsEmptyEnumerable" storage="/app/src/clickup.api.client.tests/bin/debug/net9.0/clickup.api.client.tests.dll" id="0e7a1813-5e2f-3c15-eca5-6462120e4310">
      <Execution id="26490742-ff8b-4e60-8431-0c401a516931" />
      <TestMethod codeBase="/app/src/ClickUp.Api.Client.Tests/bin/Debug/net9.0/ClickUp.Api.Client.Tests.dll" adapterTypeName="executor://xunit/VsTestRunner2/netcoreapp" className="ClickUp.Api.Client.Tests.ServiceTests.TimeTrackingServiceTests" name="GetTimeEntryHistoryAsync_ApiReturnsNullResponse_ReturnsEmptyEnumerable" />
    </UnitTest>
    <UnitTest name="ClickUp.Api.Client.Tests.ServiceTests.GuestsServiceTests.RemoveGuestFromTaskAsync_PassesCancellationTokenToApiConnection" storage="/app/src/clickup.api.client.tests/bin/debug/net9.0/clickup.api.client.tests.dll" id="1a70e6dc-ed7f-99d8-a7c4-718e191e6269">
      <Execution id="af5d1156-4f90-46f6-ab7f-48077947865f" />
      <TestMethod codeBase="/app/src/ClickUp.Api.Client.Tests/bin/Debug/net9.0/ClickUp.Api.Client.Tests.dll" adapterTypeName="executor://xunit/VsTestRunner2/netcoreapp" className="ClickUp.Api.Client.Tests.ServiceTests.GuestsServiceTests" name="RemoveGuestFromTaskAsync_PassesCancellationTokenToApiConnection" />
    </UnitTest>
    <UnitTest name="ClickUp.Api.Client.Tests.ServiceTests.CustomFieldsServiceTests.RemoveCustomFieldValueAsync_PassesCancellationTokenToApiConnection" storage="/app/src/clickup.api.client.tests/bin/debug/net9.0/clickup.api.client.tests.dll" id="7e1f1d35-e167-a7a3-ef29-ab516cd5247c">
      <Execution id="9ccf3261-229e-4d39-8123-9031327691a5" />
      <TestMethod codeBase="/app/src/ClickUp.Api.Client.Tests/bin/Debug/net9.0/ClickUp.Api.Client.Tests.dll" adapterTypeName="executor://xunit/VsTestRunner2/netcoreapp" className="ClickUp.Api.Client.Tests.ServiceTests.CustomFieldsServiceTests" name="RemoveCustomFieldValueAsync_PassesCancellationTokenToApiConnection" />
    </UnitTest>
    <UnitTest name="ClickUp.Api.Client.Tests.ServiceTests.TaskChecklistsServiceTests.DeleteChecklistItemAsync_ApiConnectionThrowsTaskCanceledException_PropagatesException" storage="/app/src/clickup.api.client.tests/bin/debug/net9.0/clickup.api.client.tests.dll" id="4184d3dd-ca69-c1b8-586f-f93c06d5d26b">
      <Execution id="30d24ff3-3e63-42e7-aad3-50c4233ee48c" />
      <TestMethod codeBase="/app/src/ClickUp.Api.Client.Tests/bin/Debug/net9.0/ClickUp.Api.Client.Tests.dll" adapterTypeName="executor://xunit/VsTestRunner2/netcoreapp" className="ClickUp.Api.Client.Tests.ServiceTests.TaskChecklistsServiceTests" name="DeleteChecklistItemAsync_ApiConnectionThrowsTaskCanceledException_PropagatesException" />
    </UnitTest>
    <UnitTest name="ClickUp.Api.Client.Tests.ServiceTests.CommentServiceTests.DeleteCommentAsync_ApiConnectionThrowsException_PropagatesException" storage="/app/src/clickup.api.client.tests/bin/debug/net9.0/clickup.api.client.tests.dll" id="f9588afd-6fe7-8f3d-e924-6a0a0e764359">
      <Execution id="0b474a34-6838-49eb-94fd-eb753ccd71bf" />
      <TestMethod codeBase="/app/src/ClickUp.Api.Client.Tests/bin/Debug/net9.0/ClickUp.Api.Client.Tests.dll" adapterTypeName="executor://xunit/VsTestRunner2/netcoreapp" className="ClickUp.Api.Client.Tests.ServiceTests.CommentServiceTests" name="DeleteCommentAsync_ApiConnectionThrowsException_PropagatesException" />
    </UnitTest>
    <UnitTest name="ClickUp.Api.Client.Tests.ServiceTests.CommentServiceTests.CreateTaskCommentAsync_ApiConnectionThrowsTaskCanceledException_PropagatesException" storage="/app/src/clickup.api.client.tests/bin/debug/net9.0/clickup.api.client.tests.dll" id="fa070ce3-3c08-42bf-88c4-d169ef6e2c39">
      <Execution id="34bed57f-e61b-4581-a4ed-1096e38c5176" />
      <TestMethod codeBase="/app/src/ClickUp.Api.Client.Tests/bin/Debug/net9.0/ClickUp.Api.Client.Tests.dll" adapterTypeName="executor://xunit/VsTestRunner2/netcoreapp" className="ClickUp.Api.Client.Tests.ServiceTests.CommentServiceTests" name="CreateTaskCommentAsync_ApiConnectionThrowsTaskCanceledException_PropagatesException" />
    </UnitTest>
    <UnitTest name="ClickUp.Api.Client.Tests.ServiceTests.ChatServiceTests.GetChatChannelMembersAsync_MinimalRequest_BuildsUrlAndReturnsResponse" storage="/app/src/clickup.api.client.tests/bin/debug/net9.0/clickup.api.client.tests.dll" id="acf704e6-6e76-ec7c-35c3-b31f4421f15c">
      <Execution id="74320b6d-e937-474b-b61f-b15c24406f55" />
      <TestMethod codeBase="/app/src/ClickUp.Api.Client.Tests/bin/Debug/net9.0/ClickUp.Api.Client.Tests.dll" adapterTypeName="executor://xunit/VsTestRunner2/netcoreapp" className="ClickUp.Api.Client.Tests.ServiceTests.ChatServiceTests" name="GetChatChannelMembersAsync_MinimalRequest_BuildsUrlAndReturnsResponse" />
    </UnitTest>
    <UnitTest name="ClickUp.Api.Client.Tests.ServiceTests.UsersServiceTests.EditUserOnWorkspaceAsync_ApiConnectionThrowsTaskCanceledException_PropagatesException" storage="/app/src/clickup.api.client.tests/bin/debug/net9.0/clickup.api.client.tests.dll" id="8b526042-2739-8ce1-d8f4-c1bf02014643">
      <Execution id="2a1ec279-4143-491b-85b6-addb8eff695c" />
      <TestMethod codeBase="/app/src/ClickUp.Api.Client.Tests/bin/Debug/net9.0/ClickUp.Api.Client.Tests.dll" adapterTypeName="executor://xunit/VsTestRunner2/netcoreapp" className="ClickUp.Api.Client.Tests.ServiceTests.UsersServiceTests" name="EditUserOnWorkspaceAsync_ApiConnectionThrowsTaskCanceledException_PropagatesException" />
    </UnitTest>
    <UnitTest name="ClickUp.Api.Client.Tests.ServiceTests.GuestsServiceTests.RemoveGuestFromListAsync_ValidRequest_CallsDeleteAndReturnsGuest" storage="/app/src/clickup.api.client.tests/bin/debug/net9.0/clickup.api.client.tests.dll" id="46b8a299-9fde-9539-71fe-3aef5b8601e2">
      <Execution id="61f67afe-939b-46db-93d7-f2a0cddbc9d2" />
      <TestMethod codeBase="/app/src/ClickUp.Api.Client.Tests/bin/Debug/net9.0/ClickUp.Api.Client.Tests.dll" adapterTypeName="executor://xunit/VsTestRunner2/netcoreapp" className="ClickUp.Api.Client.Tests.ServiceTests.GuestsServiceTests" name="RemoveGuestFromListAsync_ValidRequest_CallsDeleteAndReturnsGuest" />
    </UnitTest>
    <UnitTest name="ClickUp.Api.Client.Tests.ServiceTests.TaskChecklistsServiceTests.EditChecklistAsync_PassesCancellationTokenToApiConnection" storage="/app/src/clickup.api.client.tests/bin/debug/net9.0/clickup.api.client.tests.dll" id="5fbca718-7a0e-355e-c07c-924a30024ba9">
      <Execution id="e6a4bc67-74d7-42b7-b58c-3901ab22b1b9" />
      <TestMethod codeBase="/app/src/ClickUp.Api.Client.Tests/bin/Debug/net9.0/ClickUp.Api.Client.Tests.dll" adapterTypeName="executor://xunit/VsTestRunner2/netcoreapp" className="ClickUp.Api.Client.Tests.ServiceTests.TaskChecklistsServiceTests" name="EditChecklistAsync_PassesCancellationTokenToApiConnection" />
    </UnitTest>
    <UnitTest name="ClickUp.Api.Client.Tests.ServiceTests.TimeTrackingServiceTests.AddTagsToTimeEntriesAsync_ApiConnectionThrowsTaskCanceledException_PropagatesException" storage="/app/src/clickup.api.client.tests/bin/debug/net9.0/clickup.api.client.tests.dll" id="4bb0600b-7552-bec3-f9e2-bd119f76cea4">
      <Execution id="13039837-425f-4435-89d3-9dc4ca9f5b56" />
      <TestMethod codeBase="/app/src/ClickUp.Api.Client.Tests/bin/Debug/net9.0/ClickUp.Api.Client.Tests.dll" adapterTypeName="executor://xunit/VsTestRunner2/netcoreapp" className="ClickUp.Api.Client.Tests.ServiceTests.TimeTrackingServiceTests" name="AddTagsToTimeEntriesAsync_ApiConnectionThrowsTaskCanceledException_PropagatesException" />
    </UnitTest>
    <UnitTest name="ClickUp.Api.Client.Tests.ServiceTests.GuestsServiceTests.RemoveGuestFromTaskAsync_ApiError_ThrowsHttpRequestException" storage="/app/src/clickup.api.client.tests/bin/debug/net9.0/clickup.api.client.tests.dll" id="4c9ecf77-59b5-b6a6-528c-23344d04e870">
      <Execution id="d5e637e1-928f-4e32-bb19-c9fd1b7d48e3" />
      <TestMethod codeBase="/app/src/ClickUp.Api.Client.Tests/bin/Debug/net9.0/ClickUp.Api.Client.Tests.dll" adapterTypeName="executor://xunit/VsTestRunner2/netcoreapp" className="ClickUp.Api.Client.Tests.ServiceTests.GuestsServiceTests" name="RemoveGuestFromTaskAsync_ApiError_ThrowsHttpRequestException" />
    </UnitTest>
    <UnitTest name="ClickUp.Api.Client.Tests.ServiceTests.AttachmentsServiceTests.CreateTaskAttachmentAsync_ApiConnectionReturnsNull_ThrowsInvalidOperationException" storage="/app/src/clickup.api.client.tests/bin/debug/net9.0/clickup.api.client.tests.dll" id="4e8d34fb-f4b6-28e4-b444-7aeea57cc091">
      <Execution id="0bfb7a12-5824-4ca5-98c0-6e1b282f28b4" />
      <TestMethod codeBase="/app/src/ClickUp.Api.Client.Tests/bin/Debug/net9.0/ClickUp.Api.Client.Tests.dll" adapterTypeName="executor://xunit/VsTestRunner2/netcoreapp" className="ClickUp.Api.Client.Tests.ServiceTests.AttachmentsServiceTests" name="CreateTaskAttachmentAsync_ApiConnectionReturnsNull_ThrowsInvalidOperationException" />
    </UnitTest>
    <UnitTest name="ClickUp.Api.Client.Tests.ServiceTests.CommentServiceTests.GetTaskCommentsAsync_IAsyncEnumerable_ReturnsEmpty_WhenNoComments" storage="/app/src/clickup.api.client.tests/bin/debug/net9.0/clickup.api.client.tests.dll" id="2d8ab494-87f3-3eb5-2d44-6b26816709fb">
      <Execution id="f8fe6fc6-ff3b-4d60-8cad-42392f23bd3e" />
      <TestMethod codeBase="/app/src/ClickUp.Api.Client.Tests/bin/Debug/net9.0/ClickUp.Api.Client.Tests.dll" adapterTypeName="executor://xunit/VsTestRunner2/netcoreapp" className="ClickUp.Api.Client.Tests.ServiceTests.CommentServiceTests" name="GetTaskCommentsAsync_IAsyncEnumerable_ReturnsEmpty_WhenNoComments" />
    </UnitTest>
    <UnitTest name="ClickUp.Api.Client.Tests.ServiceTests.TaskChecklistsServiceTests.CreateChecklistItemAsync_ApiReturnsResponseWithNullChecklist_ThrowsInvalidOperationException" storage="/app/src/clickup.api.client.tests/bin/debug/net9.0/clickup.api.client.tests.dll" id="40af15f1-3c4b-b585-b45f-69578573be98">
      <Execution id="030bcd12-2675-46be-82ae-349006ac1e50" />
      <TestMethod codeBase="/app/src/ClickUp.Api.Client.Tests/bin/Debug/net9.0/ClickUp.Api.Client.Tests.dll" adapterTypeName="executor://xunit/VsTestRunner2/netcoreapp" className="ClickUp.Api.Client.Tests.ServiceTests.TaskChecklistsServiceTests" name="CreateChecklistItemAsync_ApiReturnsResponseWithNullChecklist_ThrowsInvalidOperationException" />
    </UnitTest>
    <UnitTest name="ClickUp.Api.Client.Tests.ServiceTests.DocsServiceTests.GetDocPagesAsync_ValidRequest_BuildsUrlAndReturnsPages" storage="/app/src/clickup.api.client.tests/bin/debug/net9.0/clickup.api.client.tests.dll" id="01e7d27d-5dfb-11ca-f36b-fb5e7da77ca3">
      <Execution id="240d16fc-6a61-40ae-9b27-f8f3fa18aaee" />
      <TestMethod codeBase="/app/src/ClickUp.Api.Client.Tests/bin/Debug/net9.0/ClickUp.Api.Client.Tests.dll" adapterTypeName="executor://xunit/VsTestRunner2/netcoreapp" className="ClickUp.Api.Client.Tests.ServiceTests.DocsServiceTests" name="GetDocPagesAsync_ValidRequest_BuildsUrlAndReturnsPages" />
    </UnitTest>
    <UnitTest name="ClickUp.Api.Client.Tests.ServiceTests.TimeTrackingServiceTests.GetTimeEntryAsync_ApiConnectionThrowsTaskCanceledException_PropagatesException" storage="/app/src/clickup.api.client.tests/bin/debug/net9.0/clickup.api.client.tests.dll" id="c283905a-c94a-e35b-3c4e-06b1ee829ec7">
      <Execution id="6aac769b-3a7a-4e53-9cbc-a54292f4f8bc" />
      <TestMethod codeBase="/app/src/ClickUp.Api.Client.Tests/bin/Debug/net9.0/ClickUp.Api.Client.Tests.dll" adapterTypeName="executor://xunit/VsTestRunner2/netcoreapp" className="ClickUp.Api.Client.Tests.ServiceTests.TimeTrackingServiceTests" name="GetTimeEntryAsync_ApiConnectionThrowsTaskCanceledException_PropagatesException" />
    </UnitTest>
    <UnitTest name="ClickUp.Api.Client.Tests.ServiceTests.GoalsServiceTests.CreateGoalAsync_ApiConnectionThrowsTaskCanceledException_PropagatesException" storage="/app/src/clickup.api.client.tests/bin/debug/net9.0/clickup.api.client.tests.dll" id="cbc7773d-8c1a-833d-6ca3-5c12e4916814">
      <Execution id="72a0331a-40a0-4e1f-99a6-21571fea2017" />
      <TestMethod codeBase="/app/src/ClickUp.Api.Client.Tests/bin/Debug/net9.0/ClickUp.Api.Client.Tests.dll" adapterTypeName="executor://xunit/VsTestRunner2/netcoreapp" className="ClickUp.Api.Client.Tests.ServiceTests.GoalsServiceTests" name="CreateGoalAsync_ApiConnectionThrowsTaskCanceledException_PropagatesException" />
    </UnitTest>
    <UnitTest name="ClickUp.Api.Client.Tests.ServiceTests.GuestsServiceTests.GetGuestAsync_NullApiResponse_ThrowsInvalidOperationException" storage="/app/src/clickup.api.client.tests/bin/debug/net9.0/clickup.api.client.tests.dll" id="fbd963d5-8fdc-5f98-443c-7fe2f17bd0bf">
      <Execution id="be300391-0092-44a5-9b1b-783669671e33" />
      <TestMethod codeBase="/app/src/ClickUp.Api.Client.Tests/bin/Debug/net9.0/ClickUp.Api.Client.Tests.dll" adapterTypeName="executor://xunit/VsTestRunner2/netcoreapp" className="ClickUp.Api.Client.Tests.ServiceTests.GuestsServiceTests" name="GetGuestAsync_NullApiResponse_ThrowsInvalidOperationException" />
    </UnitTest>
    <UnitTest name="ClickUp.Api.Client.Tests.ServiceTests.FoldersServiceTests.GetFolderAsync_ValidId_ReturnsFolder" storage="/app/src/clickup.api.client.tests/bin/debug/net9.0/clickup.api.client.tests.dll" id="c773f17e-b775-ef06-613c-7b13dda1c4a3">
      <Execution id="cf61d1d3-51f1-4c7c-82f2-907c8b3cfa1d" />
      <TestMethod codeBase="/app/src/ClickUp.Api.Client.Tests/bin/Debug/net9.0/ClickUp.Api.Client.Tests.dll" adapterTypeName="executor://xunit/VsTestRunner2/netcoreapp" className="ClickUp.Api.Client.Tests.ServiceTests.FoldersServiceTests" name="GetFolderAsync_ValidId_ReturnsFolder" />
    </UnitTest>
    <UnitTest name="ClickUp.Api.Client.Tests.ServiceTests.GoalsServiceTests.DeleteGoalAsync_PassesCancellationTokenToApiConnection" storage="/app/src/clickup.api.client.tests/bin/debug/net9.0/clickup.api.client.tests.dll" id="00ad0c06-8a51-2cd4-079d-9ed4022e7cf7">
      <Execution id="80fa582b-3c59-4452-ab3e-a1b819234963" />
      <TestMethod codeBase="/app/src/ClickUp.Api.Client.Tests/bin/Debug/net9.0/ClickUp.Api.Client.Tests.dll" adapterTypeName="executor://xunit/VsTestRunner2/netcoreapp" className="ClickUp.Api.Client.Tests.ServiceTests.GoalsServiceTests" name="DeleteGoalAsync_PassesCancellationTokenToApiConnection" />
    </UnitTest>
    <UnitTest name="ClickUp.Api.Client.Tests.ServiceTests.CommentServiceTests.CreateChatViewCommentAsync_ValidInput_CallsApiConnectionPostAsyncWithCorrectParameters" storage="/app/src/clickup.api.client.tests/bin/debug/net9.0/clickup.api.client.tests.dll" id="ff8e5368-8586-954c-9206-ce80c08a8e42">
      <Execution id="c1792d93-b45f-4494-9fa5-d78db3a6dec3" />
      <TestMethod codeBase="/app/src/ClickUp.Api.Client.Tests/bin/Debug/net9.0/ClickUp.Api.Client.Tests.dll" adapterTypeName="executor://xunit/VsTestRunner2/netcoreapp" className="ClickUp.Api.Client.Tests.ServiceTests.CommentServiceTests" name="CreateChatViewCommentAsync_ValidInput_CallsApiConnectionPostAsyncWithCorrectParameters" />
    </UnitTest>
    <UnitTest name="ClickUp.Api.Client.Tests.ServiceTests.CommentServiceTests.GetThreadedCommentsAsync_PassesCancellationTokenToApiConnection" storage="/app/src/clickup.api.client.tests/bin/debug/net9.0/clickup.api.client.tests.dll" id="334f90e3-9090-3910-ec93-4148e933e055">
      <Execution id="f9ce093d-4587-44c0-b4e2-9cbeb10e1315" />
      <TestMethod codeBase="/app/src/ClickUp.Api.Client.Tests/bin/Debug/net9.0/ClickUp.Api.Client.Tests.dll" adapterTypeName="executor://xunit/VsTestRunner2/netcoreapp" className="ClickUp.Api.Client.Tests.ServiceTests.CommentServiceTests" name="GetThreadedCommentsAsync_PassesCancellationTokenToApiConnection" />
    </UnitTest>
    <UnitTest name="ClickUp.Api.Client.Tests.ServiceTests.CustomFieldsServiceTests.GetFolderCustomFieldsAsync_PassesCancellationTokenToApiConnection" storage="/app/src/clickup.api.client.tests/bin/debug/net9.0/clickup.api.client.tests.dll" id="9fe5da7b-8344-b527-8330-6fbce0aa2ad1">
      <Execution id="552083e5-54cd-4743-a505-7115a108c3ae" />
      <TestMethod codeBase="/app/src/ClickUp.Api.Client.Tests/bin/Debug/net9.0/ClickUp.Api.Client.Tests.dll" adapterTypeName="executor://xunit/VsTestRunner2/netcoreapp" className="ClickUp.Api.Client.Tests.ServiceTests.CustomFieldsServiceTests" name="GetFolderCustomFieldsAsync_PassesCancellationTokenToApiConnection" />
    </UnitTest>
    <UnitTest name="ClickUp.Api.Client.Tests.ServiceTests.ListsServiceTests.GetFolderlessListsAsyncEnumerableAsync_HandlesApiError" storage="/app/src/clickup.api.client.tests/bin/debug/net9.0/clickup.api.client.tests.dll" id="c6cb1ae3-0175-ebe0-cbe2-c8cec6618f3a">
      <Execution id="b41502fc-a293-4b06-9b14-0adfd1888f43" />
      <TestMethod codeBase="/app/src/ClickUp.Api.Client.Tests/bin/Debug/net9.0/ClickUp.Api.Client.Tests.dll" adapterTypeName="executor://xunit/VsTestRunner2/netcoreapp" className="ClickUp.Api.Client.Tests.ServiceTests.ListsServiceTests" name="GetFolderlessListsAsyncEnumerableAsync_HandlesApiError" />
    </UnitTest>
    <UnitTest name="ClickUp.Api.Client.Tests.ServiceTests.WorkspacesServiceTests.GetWorkspacePlanAsync_PassesCancellationTokenToApiConnection" storage="/app/src/clickup.api.client.tests/bin/debug/net9.0/clickup.api.client.tests.dll" id="9415dd1f-0072-fe71-547a-377104a39855">
      <Execution id="297697e1-e9c3-44c9-90fe-d191fa52136b" />
      <TestMethod codeBase="/app/src/ClickUp.Api.Client.Tests/bin/Debug/net9.0/ClickUp.Api.Client.Tests.dll" adapterTypeName="executor://xunit/VsTestRunner2/netcoreapp" className="ClickUp.Api.Client.Tests.ServiceTests.WorkspacesServiceTests" name="GetWorkspacePlanAsync_PassesCancellationTokenToApiConnection" />
    </UnitTest>
    <UnitTest name="ClickUp.Api.Client.Tests.ServiceTests.ListsServiceTests.GetFolderlessListsAsyncEnumerableAsync_ReturnsAllLists_WhenMultiplePages" storage="/app/src/clickup.api.client.tests/bin/debug/net9.0/clickup.api.client.tests.dll" id="8c1ea02a-7c9b-6e5c-1358-475fd593bfdd">
      <Execution id="d81b531e-1b99-47b9-9e3b-4122591a351b" />
      <TestMethod codeBase="/app/src/ClickUp.Api.Client.Tests/bin/Debug/net9.0/ClickUp.Api.Client.Tests.dll" adapterTypeName="executor://xunit/VsTestRunner2/netcoreapp" className="ClickUp.Api.Client.Tests.ServiceTests.ListsServiceTests" name="GetFolderlessListsAsyncEnumerableAsync_ReturnsAllLists_WhenMultiplePages" />
    </UnitTest>
    <UnitTest name="ClickUp.Api.Client.Tests.ServiceTests.TimeTrackingServiceTests.AddTagsToTimeEntriesAsync_PassesCancellationTokenToApiConnection" storage="/app/src/clickup.api.client.tests/bin/debug/net9.0/clickup.api.client.tests.dll" id="e8c9d034-4940-a993-5fdb-45ecf9af63fa">
      <Execution id="b1759d46-f95f-452e-8e57-19b2015d325c" />
      <TestMethod codeBase="/app/src/ClickUp.Api.Client.Tests/bin/Debug/net9.0/ClickUp.Api.Client.Tests.dll" adapterTypeName="executor://xunit/VsTestRunner2/netcoreapp" className="ClickUp.Api.Client.Tests.ServiceTests.TimeTrackingServiceTests" name="AddTagsToTimeEntriesAsync_PassesCancellationTokenToApiConnection" />
    </UnitTest>
    <UnitTest name="ClickUp.Api.Client.Tests.ServiceTests.TagsServiceTests.AddTagToTaskAsync_ApiConnectionThrowsHttpRequestException_PropagatesException" storage="/app/src/clickup.api.client.tests/bin/debug/net9.0/clickup.api.client.tests.dll" id="99aa1ae7-f783-a977-8317-5f1ee410306e">
      <Execution id="06866ad1-c5be-4de0-9bd0-37ec7c838324" />
      <TestMethod codeBase="/app/src/ClickUp.Api.Client.Tests/bin/Debug/net9.0/ClickUp.Api.Client.Tests.dll" adapterTypeName="executor://xunit/VsTestRunner2/netcoreapp" className="ClickUp.Api.Client.Tests.ServiceTests.TagsServiceTests" name="AddTagToTaskAsync_ApiConnectionThrowsHttpRequestException_PropagatesException" />
    </UnitTest>
    <UnitTest name="ClickUp.Api.Client.Tests.ServiceTests.UserGroupServiceTests.CreateUserGroupAsync_ValidRequest_ReturnsUserGroup" storage="/app/src/clickup.api.client.tests/bin/debug/net9.0/clickup.api.client.tests.dll" id="5029c3b5-d588-cd35-ac8d-8e98a6748ee3">
      <Execution id="00f0dd0e-6703-4133-a3f6-3dba40c79ab1" />
      <TestMethod codeBase="/app/src/ClickUp.Api.Client.Tests/bin/Debug/net9.0/ClickUp.Api.Client.Tests.dll" adapterTypeName="executor://xunit/VsTestRunner2/netcoreapp" className="ClickUp.Api.Client.Tests.ServiceTests.UserGroupServiceTests" name="CreateUserGroupAsync_ValidRequest_ReturnsUserGroup" />
    </UnitTest>
    <UnitTest name="ClickUp.Api.Client.Tests.ServiceTests.FoldersServiceTests.CreateFolderFromTemplateAsync_ApiConnectionThrowsTaskCanceledException_PropagatesException" storage="/app/src/clickup.api.client.tests/bin/debug/net9.0/clickup.api.client.tests.dll" id="b525a9d3-5ad0-5c70-a1c9-be78c0c85d0c">
      <Execution id="5c1a0930-a9e3-446c-9c99-fd3a22fce5b8" />
      <TestMethod codeBase="/app/src/ClickUp.Api.Client.Tests/bin/Debug/net9.0/ClickUp.Api.Client.Tests.dll" adapterTypeName="executor://xunit/VsTestRunner2/netcoreapp" className="ClickUp.Api.Client.Tests.ServiceTests.FoldersServiceTests" name="CreateFolderFromTemplateAsync_ApiConnectionThrowsTaskCanceledException_PropagatesException" />
    </UnitTest>
    <UnitTest name="ClickUp.Api.Client.Tests.ServiceTests.SpacesServiceTests.CreateSpaceAsync_PassesCancellationTokenToApiConnection" storage="/app/src/clickup.api.client.tests/bin/debug/net9.0/clickup.api.client.tests.dll" id="561d9772-0316-21fe-2400-8e017df75524">
      <Execution id="98973c91-b6cf-44f2-8674-42ad571dd821" />
      <TestMethod codeBase="/app/src/ClickUp.Api.Client.Tests/bin/Debug/net9.0/ClickUp.Api.Client.Tests.dll" adapterTypeName="executor://xunit/VsTestRunner2/netcoreapp" className="ClickUp.Api.Client.Tests.ServiceTests.SpacesServiceTests" name="CreateSpaceAsync_PassesCancellationTokenToApiConnection" />
    </UnitTest>
    <UnitTest name="ClickUp.Api.Client.Tests.ServiceTests.ListsServiceTests.GetListAsync_ApiConnectionThrowsHttpRequestException_PropagatesException" storage="/app/src/clickup.api.client.tests/bin/debug/net9.0/clickup.api.client.tests.dll" id="c5fae893-eb66-6e9d-af0b-8952ca2daecc">
      <Execution id="36f80146-f917-4cf5-869a-e7f7b01268c1" />
      <TestMethod codeBase="/app/src/ClickUp.Api.Client.Tests/bin/Debug/net9.0/ClickUp.Api.Client.Tests.dll" adapterTypeName="executor://xunit/VsTestRunner2/netcoreapp" className="ClickUp.Api.Client.Tests.ServiceTests.ListsServiceTests" name="GetListAsync_ApiConnectionThrowsHttpRequestException_PropagatesException" />
    </UnitTest>
    <UnitTest name="ClickUp.Api.Client.Tests.ServiceTests.TimeTrackingServiceTests.GetAllTimeEntryTagsAsync_PassesCancellationTokenToApiConnection" storage="/app/src/clickup.api.client.tests/bin/debug/net9.0/clickup.api.client.tests.dll" id="c3a8c95e-a906-3842-0974-bcb69399281c">
      <Execution id="3f4216ff-919e-403b-b2b9-28bdece578e0" />
      <TestMethod codeBase="/app/src/ClickUp.Api.Client.Tests/bin/Debug/net9.0/ClickUp.Api.Client.Tests.dll" adapterTypeName="executor://xunit/VsTestRunner2/netcoreapp" className="ClickUp.Api.Client.Tests.ServiceTests.TimeTrackingServiceTests" name="GetAllTimeEntryTagsAsync_PassesCancellationTokenToApiConnection" />
    </UnitTest>
    <UnitTest name="ClickUp.Api.Client.Tests.ServiceTests.MembersServiceTests.GetListMembersAsync_ApiReturnsResponseWithNullMembers_ReturnsEmptyEnumerable" storage="/app/src/clickup.api.client.tests/bin/debug/net9.0/clickup.api.client.tests.dll" id="73dfb1c8-1ee0-ba4e-93db-2f57b9c5c6e5">
      <Execution id="f57885f3-d3ce-45b2-b732-6df90e9cac48" />
      <TestMethod codeBase="/app/src/ClickUp.Api.Client.Tests/bin/Debug/net9.0/ClickUp.Api.Client.Tests.dll" adapterTypeName="executor://xunit/VsTestRunner2/netcoreapp" className="ClickUp.Api.Client.Tests.ServiceTests.MembersServiceTests" name="GetListMembersAsync_ApiReturnsResponseWithNullMembers_ReturnsEmptyEnumerable" />
    </UnitTest>
    <UnitTest name="ClickUp.Api.Client.Tests.ServiceTests.ChatServiceTests.CreateChatReactionAsync_ValidRequest_CallsPostAndReturnsReaction" storage="/app/src/clickup.api.client.tests/bin/debug/net9.0/clickup.api.client.tests.dll" id="1640ab59-3d48-3db5-9028-b768d88243d1">
      <Execution id="5933b563-dac1-4bdc-9b5e-f04b462ff928" />
      <TestMethod codeBase="/app/src/ClickUp.Api.Client.Tests/bin/Debug/net9.0/ClickUp.Api.Client.Tests.dll" adapterTypeName="executor://xunit/VsTestRunner2/netcoreapp" className="ClickUp.Api.Client.Tests.ServiceTests.ChatServiceTests" name="CreateChatReactionAsync_ValidRequest_CallsPostAndReturnsReaction" />
    </UnitTest>
    <UnitTest name="ClickUp.Api.Client.Tests.ServiceTests.DocsServiceTests.EditPageAsync_ValidRequest_CallsPutAsync" storage="/app/src/clickup.api.client.tests/bin/debug/net9.0/clickup.api.client.tests.dll" id="ccf79253-a57c-36f1-e922-c20571fa8b5f">
      <Execution id="119d462d-2c58-49fc-8d8e-bdf249f942ad" />
      <TestMethod codeBase="/app/src/ClickUp.Api.Client.Tests/bin/Debug/net9.0/ClickUp.Api.Client.Tests.dll" adapterTypeName="executor://xunit/VsTestRunner2/netcoreapp" className="ClickUp.Api.Client.Tests.ServiceTests.DocsServiceTests" name="EditPageAsync_ValidRequest_CallsPutAsync" />
    </UnitTest>
    <UnitTest name="ClickUp.Api.Client.Tests.ServiceTests.UserGroupServiceTests.DeleteUserGroupAsync_ValidGroupId_CallsDeleteAsync" storage="/app/src/clickup.api.client.tests/bin/debug/net9.0/clickup.api.client.tests.dll" id="525066eb-7153-bffe-95f1-f352ab1e697a">
      <Execution id="c5c14294-afc3-48f2-abfe-78112b9fb1b8" />
      <TestMethod codeBase="/app/src/ClickUp.Api.Client.Tests/bin/Debug/net9.0/ClickUp.Api.Client.Tests.dll" adapterTypeName="executor://xunit/VsTestRunner2/netcoreapp" className="ClickUp.Api.Client.Tests.ServiceTests.UserGroupServiceTests" name="DeleteUserGroupAsync_ValidGroupId_CallsDeleteAsync" />
    </UnitTest>
    <UnitTest name="ClickUp.Api.Client.Tests.ServiceTests.ListsServiceTests.DeleteListAsync_ApiConnectionThrowsHttpRequestException_PropagatesException" storage="/app/src/clickup.api.client.tests/bin/debug/net9.0/clickup.api.client.tests.dll" id="cd556b6b-ff5d-c391-c786-354eac177599">
      <Execution id="87dad0cc-6ad2-4df8-b828-e026c817a7db" />
      <TestMethod codeBase="/app/src/ClickUp.Api.Client.Tests/bin/Debug/net9.0/ClickUp.Api.Client.Tests.dll" adapterTypeName="executor://xunit/VsTestRunner2/netcoreapp" className="ClickUp.Api.Client.Tests.ServiceTests.ListsServiceTests" name="DeleteListAsync_ApiConnectionThrowsHttpRequestException_PropagatesException" />
    </UnitTest>
    <UnitTest name="ClickUp.Api.Client.Tests.ServiceTests.AttachmentsServiceTests.CreateTaskAttachmentAsync_ApiConnectionThrowsException_PropagatesException" storage="/app/src/clickup.api.client.tests/bin/debug/net9.0/clickup.api.client.tests.dll" id="613be7f4-a7a7-5395-df61-0abb70eb195e">
      <Execution id="feff8867-a216-49ce-8116-78775455493c" />
      <TestMethod codeBase="/app/src/ClickUp.Api.Client.Tests/bin/Debug/net9.0/ClickUp.Api.Client.Tests.dll" adapterTypeName="executor://xunit/VsTestRunner2/netcoreapp" className="ClickUp.Api.Client.Tests.ServiceTests.AttachmentsServiceTests" name="CreateTaskAttachmentAsync_ApiConnectionThrowsException_PropagatesException" />
    </UnitTest>
    <UnitTest name="ClickUp.Api.Client.Tests.ServiceTests.ListsServiceTests.CreateListFromTemplateInSpaceAsync_PassesCancellationTokenToApiConnection" storage="/app/src/clickup.api.client.tests/bin/debug/net9.0/clickup.api.client.tests.dll" id="00b82c02-2151-2480-b488-fce89b6e3b07">
      <Execution id="35a0c717-3a5e-417f-bb31-d6d211c5e52b" />
      <TestMethod codeBase="/app/src/ClickUp.Api.Client.Tests/bin/Debug/net9.0/ClickUp.Api.Client.Tests.dll" adapterTypeName="executor://xunit/VsTestRunner2/netcoreapp" className="ClickUp.Api.Client.Tests.ServiceTests.ListsServiceTests" name="CreateListFromTemplateInSpaceAsync_PassesCancellationTokenToApiConnection" />
    </UnitTest>
    <UnitTest name="ClickUp.Api.Client.Tests.Http.ApiConnectionTests.GetAsync_ThrowsCorrectException_ForGeneralErrorStatusCodes(statusCode: BadGateway, expectedExceptionType: typeof(ClickUp.Api.Client.Models.Exceptions.ClickUpApiServerException), expectedMessageContent: &quot;Bad Gateway&quot;)" storage="/app/src/clickup.api.client.tests/bin/debug/net9.0/clickup.api.client.tests.dll" id="7f534aaf-3d3a-6b6e-7f78-02adb85253d7">
      <Execution id="cc53854c-ee09-41e2-b939-d9821a73cf24" />
      <TestMethod codeBase="/app/src/ClickUp.Api.Client.Tests/bin/Debug/net9.0/ClickUp.Api.Client.Tests.dll" adapterTypeName="executor://xunit/VsTestRunner2/netcoreapp" className="ClickUp.Api.Client.Tests.Http.ApiConnectionTests" name="GetAsync_ThrowsCorrectException_ForGeneralErrorStatusCodes" />
    </UnitTest>
    <UnitTest name="ClickUp.Api.Client.Tests.ServiceTests.ChatServiceTests.UpdateChatMessageAsync_ApiError_ThrowsHttpRequestException" storage="/app/src/clickup.api.client.tests/bin/debug/net9.0/clickup.api.client.tests.dll" id="af662909-c2b2-cc32-22b4-6721aba0f3b3">
      <Execution id="1a5efe08-bcf4-49d7-bbff-353ed6b308fe" />
      <TestMethod codeBase="/app/src/ClickUp.Api.Client.Tests/bin/Debug/net9.0/ClickUp.Api.Client.Tests.dll" adapterTypeName="executor://xunit/VsTestRunner2/netcoreapp" className="ClickUp.Api.Client.Tests.ServiceTests.ChatServiceTests" name="UpdateChatMessageAsync_ApiError_ThrowsHttpRequestException" />
    </UnitTest>
    <UnitTest name="ClickUp.Api.Client.Tests.Http.ApiConnectionTests.GetAsync_ThrowsCorrectException_ForGeneralErrorStatusCodes(statusCode: GatewayTimeout, expectedExceptionType: typeof(ClickUp.Api.Client.Models.Exceptions.ClickUpApiServerException), expectedMessageContent: &quot;Gateway Timeout&quot;)" storage="/app/src/clickup.api.client.tests/bin/debug/net9.0/clickup.api.client.tests.dll" id="f877fa82-b666-1ee2-d996-68f2efcc932e">
      <Execution id="15e50462-05aa-470c-86c3-a8a49a150fe6" />
      <TestMethod codeBase="/app/src/ClickUp.Api.Client.Tests/bin/Debug/net9.0/ClickUp.Api.Client.Tests.dll" adapterTypeName="executor://xunit/VsTestRunner2/netcoreapp" className="ClickUp.Api.Client.Tests.Http.ApiConnectionTests" name="GetAsync_ThrowsCorrectException_ForGeneralErrorStatusCodes" />
    </UnitTest>
    <UnitTest name="ClickUp.Api.Client.Tests.ServiceTests.CommentServiceTests.GetChatViewCommentsAsync_PassesCancellationTokenToApiConnection" storage="/app/src/clickup.api.client.tests/bin/debug/net9.0/clickup.api.client.tests.dll" id="7719e203-2337-c642-9646-c6f6ea3c2fd5">
      <Execution id="76599c68-9a87-4576-b2d7-f53e81055074" />
      <TestMethod codeBase="/app/src/ClickUp.Api.Client.Tests/bin/Debug/net9.0/ClickUp.Api.Client.Tests.dll" adapterTypeName="executor://xunit/VsTestRunner2/netcoreapp" className="ClickUp.Api.Client.Tests.ServiceTests.CommentServiceTests" name="GetChatViewCommentsAsync_PassesCancellationTokenToApiConnection" />
    </UnitTest>
    <UnitTest name="ClickUp.Api.Client.Tests.ServiceTests.ChatServiceTests.CreateReplyMessageAsync_NullResponse_ThrowsInvalidOperationException" storage="/app/src/clickup.api.client.tests/bin/debug/net9.0/clickup.api.client.tests.dll" id="fe82db39-aa79-3bc4-cad5-8a81cc6a37c5">
      <Execution id="be967727-7e9d-4241-86b8-4d08a695c459" />
      <TestMethod codeBase="/app/src/ClickUp.Api.Client.Tests/bin/Debug/net9.0/ClickUp.Api.Client.Tests.dll" adapterTypeName="executor://xunit/VsTestRunner2/netcoreapp" className="ClickUp.Api.Client.Tests.ServiceTests.ChatServiceTests" name="CreateReplyMessageAsync_NullResponse_ThrowsInvalidOperationException" />
    </UnitTest>
    <UnitTest name="ClickUp.Api.Client.Tests.ServiceTests.GoalsServiceTests.DeleteGoalAsync_ApiError_ThrowsHttpRequestException" storage="/app/src/clickup.api.client.tests/bin/debug/net9.0/clickup.api.client.tests.dll" id="ca2b40c5-5ae1-bcc9-b91c-ceb89636f876">
      <Execution id="d76b9972-3a36-4902-905f-7107bb42f908" />
      <TestMethod codeBase="/app/src/ClickUp.Api.Client.Tests/bin/Debug/net9.0/ClickUp.Api.Client.Tests.dll" adapterTypeName="executor://xunit/VsTestRunner2/netcoreapp" className="ClickUp.Api.Client.Tests.ServiceTests.GoalsServiceTests" name="DeleteGoalAsync_ApiError_ThrowsHttpRequestException" />
    </UnitTest>
    <UnitTest name="ClickUp.Api.Client.Tests.ServiceTests.GoalsServiceTests.DeleteKeyResultAsync_ValidId_CallsDelete" storage="/app/src/clickup.api.client.tests/bin/debug/net9.0/clickup.api.client.tests.dll" id="f1b6bce5-130d-1faa-5068-6575d8c7b6c8">
      <Execution id="bdd0af96-5fa2-42db-87ce-58cc91ee2859" />
      <TestMethod codeBase="/app/src/ClickUp.Api.Client.Tests/bin/Debug/net9.0/ClickUp.Api.Client.Tests.dll" adapterTypeName="executor://xunit/VsTestRunner2/netcoreapp" className="ClickUp.Api.Client.Tests.ServiceTests.GoalsServiceTests" name="DeleteKeyResultAsync_ValidId_CallsDelete" />
    </UnitTest>
    <UnitTest name="ClickUp.Api.Client.Tests.ServiceTests.ChatServiceTests.GetChatMessagesAsync_NullResponse_ThrowsInvalidOperationException" storage="/app/src/clickup.api.client.tests/bin/debug/net9.0/clickup.api.client.tests.dll" id="a618fa57-693b-239b-b71b-0308944ead29">
      <Execution id="c7e68ff7-b8d7-4be3-ad87-3de60b719213" />
      <TestMethod codeBase="/app/src/ClickUp.Api.Client.Tests/bin/Debug/net9.0/ClickUp.Api.Client.Tests.dll" adapterTypeName="executor://xunit/VsTestRunner2/netcoreapp" className="ClickUp.Api.Client.Tests.ServiceTests.ChatServiceTests" name="GetChatMessagesAsync_NullResponse_ThrowsInvalidOperationException" />
    </UnitTest>
    <UnitTest name="ClickUp.Api.Client.Tests.ServiceTests.CommentServiceTests.CreateTaskCommentAsync_ApiConnectionThrowsException_PropagatesException" storage="/app/src/clickup.api.client.tests/bin/debug/net9.0/clickup.api.client.tests.dll" id="7f9f33b1-cd7d-6178-7cdc-24666175caf4">
      <Execution id="a9260164-ed00-4cb7-89d3-1c875d3f2b6e" />
      <TestMethod codeBase="/app/src/ClickUp.Api.Client.Tests/bin/Debug/net9.0/ClickUp.Api.Client.Tests.dll" adapterTypeName="executor://xunit/VsTestRunner2/netcoreapp" className="ClickUp.Api.Client.Tests.ServiceTests.CommentServiceTests" name="CreateTaskCommentAsync_ApiConnectionThrowsException_PropagatesException" />
    </UnitTest>
    <UnitTest name="ClickUp.Api.Client.Tests.ServiceTests.ChatServiceTests.GetChatChannelAsync_ApiConnectionThrowsTaskCanceledException_PropagatesException" storage="/app/src/clickup.api.client.tests/bin/debug/net9.0/clickup.api.client.tests.dll" id="97306b5e-57a8-1e44-dc97-d537cbab6021">
      <Execution id="3d648f25-20de-479b-9d60-7fd9c0841883" />
      <TestMethod codeBase="/app/src/ClickUp.Api.Client.Tests/bin/Debug/net9.0/ClickUp.Api.Client.Tests.dll" adapterTypeName="executor://xunit/VsTestRunner2/netcoreapp" className="ClickUp.Api.Client.Tests.ServiceTests.ChatServiceTests" name="GetChatChannelAsync_ApiConnectionThrowsTaskCanceledException_PropagatesException" />
    </UnitTest>
    <UnitTest name="ClickUp.Api.Client.Tests.ServiceTests.ChatServiceTests.GetChatChannelMembersAsync_ValidRequest_BuildsUrlAndReturnsResponse" storage="/app/src/clickup.api.client.tests/bin/debug/net9.0/clickup.api.client.tests.dll" id="e9acc007-17a7-abc1-649b-24da425a2197">
      <Execution id="f73a7d01-fd29-4ae3-9b92-1726ea5e6bfc" />
      <TestMethod codeBase="/app/src/ClickUp.Api.Client.Tests/bin/Debug/net9.0/ClickUp.Api.Client.Tests.dll" adapterTypeName="executor://xunit/VsTestRunner2/netcoreapp" className="ClickUp.Api.Client.Tests.ServiceTests.ChatServiceTests" name="GetChatChannelMembersAsync_ValidRequest_BuildsUrlAndReturnsResponse" />
    </UnitTest>
    <UnitTest name="ClickUp.Api.Client.Tests.ServiceTests.AuthorizationServiceTests.GetAuthorizedUserAsync_PassesCancellationTokenToApiConnection" storage="/app/src/clickup.api.client.tests/bin/debug/net9.0/clickup.api.client.tests.dll" id="b2b1ba78-012d-1497-f263-b8a991c11e87">
      <Execution id="22313bc7-0e2a-412e-a6e2-6c90c9de1a0e" />
      <TestMethod codeBase="/app/src/ClickUp.Api.Client.Tests/bin/Debug/net9.0/ClickUp.Api.Client.Tests.dll" adapterTypeName="executor://xunit/VsTestRunner2/netcoreapp" className="ClickUp.Api.Client.Tests.ServiceTests.AuthorizationServiceTests" name="GetAuthorizedUserAsync_PassesCancellationTokenToApiConnection" />
    </UnitTest>
    <UnitTest name="ClickUp.Api.Client.Tests.ServiceTests.ListsServiceTests.UpdateListAsync_ApiConnectionThrowsTaskCanceledException_PropagatesException" storage="/app/src/clickup.api.client.tests/bin/debug/net9.0/clickup.api.client.tests.dll" id="8b866447-66c6-e5a8-8978-03992b373a6f">
      <Execution id="57951f2c-fc69-44bd-b4ff-1de231e5e80d" />
      <TestMethod codeBase="/app/src/ClickUp.Api.Client.Tests/bin/Debug/net9.0/ClickUp.Api.Client.Tests.dll" adapterTypeName="executor://xunit/VsTestRunner2/netcoreapp" className="ClickUp.Api.Client.Tests.ServiceTests.ListsServiceTests" name="UpdateListAsync_ApiConnectionThrowsTaskCanceledException_PropagatesException" />
    </UnitTest>
    <UnitTest name="ClickUp.Api.Client.Tests.ServiceTests.CommentServiceTests.GetTaskCommentsAsync_IAsyncEnumerable_HandlesCancellation" storage="/app/src/clickup.api.client.tests/bin/debug/net9.0/clickup.api.client.tests.dll" id="9740645e-2eff-51b8-67f0-1df7cf8acb83">
      <Execution id="929736b2-147d-467f-9f8c-349f979720d1" />
      <TestMethod codeBase="/app/src/ClickUp.Api.Client.Tests/bin/Debug/net9.0/ClickUp.Api.Client.Tests.dll" adapterTypeName="executor://xunit/VsTestRunner2/netcoreapp" className="ClickUp.Api.Client.Tests.ServiceTests.CommentServiceTests" name="GetTaskCommentsAsync_IAsyncEnumerable_HandlesCancellation" />
    </UnitTest>
    <UnitTest name="ClickUp.Api.Client.Tests.ServiceTests.TimeTrackingServiceTests.CreateTimeEntryAsync_ApiConnectionThrowsTaskCanceledException_PropagatesException" storage="/app/src/clickup.api.client.tests/bin/debug/net9.0/clickup.api.client.tests.dll" id="a8acab2a-2caa-508e-14f3-97b846e4b249">
      <Execution id="31cb0f03-4980-46a7-b9d9-83840ab94f6e" />
      <TestMethod codeBase="/app/src/ClickUp.Api.Client.Tests/bin/Debug/net9.0/ClickUp.Api.Client.Tests.dll" adapterTypeName="executor://xunit/VsTestRunner2/netcoreapp" className="ClickUp.Api.Client.Tests.ServiceTests.TimeTrackingServiceTests" name="CreateTimeEntryAsync_ApiConnectionThrowsTaskCanceledException_PropagatesException" />
    </UnitTest>
    <UnitTest name="ClickUp.Api.Client.Tests.ServiceTests.CustomFieldsServiceTests.GetWorkspaceCustomFieldsAsync_NullResponse_ReturnsEmptyList" storage="/app/src/clickup.api.client.tests/bin/debug/net9.0/clickup.api.client.tests.dll" id="0bf23eb2-0c49-dfa7-75c5-e1b7bf6065d3">
      <Execution id="de7fa70c-7620-4549-af98-45ac8782ad64" />
      <TestMethod codeBase="/app/src/ClickUp.Api.Client.Tests/bin/Debug/net9.0/ClickUp.Api.Client.Tests.dll" adapterTypeName="executor://xunit/VsTestRunner2/netcoreapp" className="ClickUp.Api.Client.Tests.ServiceTests.CustomFieldsServiceTests" name="GetWorkspaceCustomFieldsAsync_NullResponse_ReturnsEmptyList" />
    </UnitTest>
    <UnitTest name="ClickUp.Api.Client.Tests.ServiceTests.CustomFieldsServiceTests.RemoveCustomFieldValueAsync_ValidRequest_CallsDeleteAsyncWithCorrectUrl" storage="/app/src/clickup.api.client.tests/bin/debug/net9.0/clickup.api.client.tests.dll" id="16a40cd0-7c1d-e04f-26f5-0deea294674b">
      <Execution id="fa1daa88-749c-44f4-ac83-7984cf9b98fa" />
      <TestMethod codeBase="/app/src/ClickUp.Api.Client.Tests/bin/Debug/net9.0/ClickUp.Api.Client.Tests.dll" adapterTypeName="executor://xunit/VsTestRunner2/netcoreapp" className="ClickUp.Api.Client.Tests.ServiceTests.CustomFieldsServiceTests" name="RemoveCustomFieldValueAsync_ValidRequest_CallsDeleteAsyncWithCorrectUrl" />
    </UnitTest>
    <UnitTest name="ClickUp.Api.Client.Tests.ServiceTests.WebhooksServiceTests.GetWebhooksAsync_ApiConnectionThrowsHttpRequestException_PropagatesException" storage="/app/src/clickup.api.client.tests/bin/debug/net9.0/clickup.api.client.tests.dll" id="7f2545cd-23f8-0aee-870c-ff6019724a7c">
      <Execution id="6d098a40-9ad4-4559-a924-032c9e859be9" />
      <TestMethod codeBase="/app/src/ClickUp.Api.Client.Tests/bin/Debug/net9.0/ClickUp.Api.Client.Tests.dll" adapterTypeName="executor://xunit/VsTestRunner2/netcoreapp" className="ClickUp.Api.Client.Tests.ServiceTests.WebhooksServiceTests" name="GetWebhooksAsync_ApiConnectionThrowsHttpRequestException_PropagatesException" />
    </UnitTest>
    <UnitTest name="ClickUp.Api.Client.Tests.ServiceTests.ChatServiceTests.UpdateChatChannelAsync_NullDataInResponse_ThrowsInvalidOperationException" storage="/app/src/clickup.api.client.tests/bin/debug/net9.0/clickup.api.client.tests.dll" id="8f659a23-c7b7-66ca-b3d6-6d900b8016f1">
      <Execution id="255ba10d-88d5-4c22-8b37-5b11b436a254" />
      <TestMethod codeBase="/app/src/ClickUp.Api.Client.Tests/bin/Debug/net9.0/ClickUp.Api.Client.Tests.dll" adapterTypeName="executor://xunit/VsTestRunner2/netcoreapp" className="ClickUp.Api.Client.Tests.ServiceTests.ChatServiceTests" name="UpdateChatChannelAsync_NullDataInResponse_ThrowsInvalidOperationException" />
    </UnitTest>
    <UnitTest name="ClickUp.Api.Client.Tests.ServiceTests.ChatServiceTests.CreateLocationChatChannelAsync_ApiConnectionThrowsTaskCanceledException_PropagatesException" storage="/app/src/clickup.api.client.tests/bin/debug/net9.0/clickup.api.client.tests.dll" id="f94b0515-49d7-5657-5ad1-7dc42f3d780b">
      <Execution id="eaacc5d2-9b5d-4556-b0fb-8855f8022ffd" />
      <TestMethod codeBase="/app/src/ClickUp.Api.Client.Tests/bin/Debug/net9.0/ClickUp.Api.Client.Tests.dll" adapterTypeName="executor://xunit/VsTestRunner2/netcoreapp" className="ClickUp.Api.Client.Tests.ServiceTests.ChatServiceTests" name="CreateLocationChatChannelAsync_ApiConnectionThrowsTaskCanceledException_PropagatesException" />
    </UnitTest>
    <UnitTest name="ClickUp.Api.Client.Tests.ServiceTests.FoldersServiceTests.CreateFolderAsync_ApiError_ThrowsHttpRequestException" storage="/app/src/clickup.api.client.tests/bin/debug/net9.0/clickup.api.client.tests.dll" id="16fd87ca-abac-693d-a145-e399999aee30">
      <Execution id="83933005-eeae-4f8f-a2c8-16177592d8f4" />
      <TestMethod codeBase="/app/src/ClickUp.Api.Client.Tests/bin/Debug/net9.0/ClickUp.Api.Client.Tests.dll" adapterTypeName="executor://xunit/VsTestRunner2/netcoreapp" className="ClickUp.Api.Client.Tests.ServiceTests.FoldersServiceTests" name="CreateFolderAsync_ApiError_ThrowsHttpRequestException" />
    </UnitTest>
    <UnitTest name="ClickUp.Api.Client.Tests.ServiceTests.CommentServiceTests.GetListCommentsStreamAsync_IAsyncEnumerable_ReturnsAllComments_WhenMultiplePages" storage="/app/src/clickup.api.client.tests/bin/debug/net9.0/clickup.api.client.tests.dll" id="248a1e10-c767-8040-25eb-7fa857fbbbc9">
      <Execution id="896a92b8-ad64-45c7-848b-7b902766497f" />
      <TestMethod codeBase="/app/src/ClickUp.Api.Client.Tests/bin/Debug/net9.0/ClickUp.Api.Client.Tests.dll" adapterTypeName="executor://xunit/VsTestRunner2/netcoreapp" className="ClickUp.Api.Client.Tests.ServiceTests.CommentServiceTests" name="GetListCommentsStreamAsync_IAsyncEnumerable_ReturnsAllComments_WhenMultiplePages" />
    </UnitTest>
    <UnitTest name="ClickUp.Api.Client.Tests.Http.ApiConnectionTests.GetAsync_ThrowsClickUpApiException_WithMinimalJsonError" storage="/app/src/clickup.api.client.tests/bin/debug/net9.0/clickup.api.client.tests.dll" id="12ab63cf-64fa-9d57-fbd4-b033250cc371">
      <Execution id="94204518-f6ce-4f74-8833-22577f91bc35" />
      <TestMethod codeBase="/app/src/ClickUp.Api.Client.Tests/bin/Debug/net9.0/ClickUp.Api.Client.Tests.dll" adapterTypeName="executor://xunit/VsTestRunner2/netcoreapp" className="ClickUp.Api.Client.Tests.Http.ApiConnectionTests" name="GetAsync_ThrowsClickUpApiException_WithMinimalJsonError" />
    </UnitTest>
    <UnitTest name="ClickUp.Api.Client.Tests.ServiceTests.ViewsServiceTests.DeleteViewAsync_ValidViewId_CallsDeleteAndCompletes" storage="/app/src/clickup.api.client.tests/bin/debug/net9.0/clickup.api.client.tests.dll" id="a705d7b1-9f2a-33f9-8926-8e198d0223f0">
      <Execution id="2917b6c2-73f2-487e-aaab-c7dec6ff6840" />
      <TestMethod codeBase="/app/src/ClickUp.Api.Client.Tests/bin/Debug/net9.0/ClickUp.Api.Client.Tests.dll" adapterTypeName="executor://xunit/VsTestRunner2/netcoreapp" className="ClickUp.Api.Client.Tests.ServiceTests.ViewsServiceTests" name="DeleteViewAsync_ValidViewId_CallsDeleteAndCompletes" />
    </UnitTest>
    <UnitTest name="ClickUp.Api.Client.Tests.ServiceTests.CommentServiceTests.CreateThreadedCommentAsync_ApiConnectionThrowsTaskCanceledException_PropagatesException" storage="/app/src/clickup.api.client.tests/bin/debug/net9.0/clickup.api.client.tests.dll" id="2fb89daf-6ee3-46a2-c61d-75f4955b9a7b">
      <Execution id="80248ef3-0d0b-483c-965b-ea19c9cda807" />
      <TestMethod codeBase="/app/src/ClickUp.Api.Client.Tests/bin/Debug/net9.0/ClickUp.Api.Client.Tests.dll" adapterTypeName="executor://xunit/VsTestRunner2/netcoreapp" className="ClickUp.Api.Client.Tests.ServiceTests.CommentServiceTests" name="CreateThreadedCommentAsync_ApiConnectionThrowsTaskCanceledException_PropagatesException" />
    </UnitTest>
    <UnitTest name="ClickUp.Api.Client.Tests.ServiceTests.ListsServiceTests.GetListsInFolderAsync_ApiConnectionThrowsTaskCanceledException_PropagatesException" storage="/app/src/clickup.api.client.tests/bin/debug/net9.0/clickup.api.client.tests.dll" id="0c44ebb7-c083-dc33-00c9-98ffd670e1c5">
      <Execution id="5b763cc5-7c5d-4f46-af0d-adf95419eea8" />
      <TestMethod codeBase="/app/src/ClickUp.Api.Client.Tests/bin/Debug/net9.0/ClickUp.Api.Client.Tests.dll" adapterTypeName="executor://xunit/VsTestRunner2/netcoreapp" className="ClickUp.Api.Client.Tests.ServiceTests.ListsServiceTests" name="GetListsInFolderAsync_ApiConnectionThrowsTaskCanceledException_PropagatesException" />
    </UnitTest>
    <UnitTest name="ClickUp.Api.Client.Tests.ServiceTests.SharedHierarchyServiceTests.GetSharedHierarchyAsync_PassesCancellationTokenToApiConnection" storage="/app/src/clickup.api.client.tests/bin/debug/net9.0/clickup.api.client.tests.dll" id="e0c10e64-da27-8957-c6de-5fbaaed554d3">
      <Execution id="4b4880f0-edae-4c40-9d62-a8db86d8cf6a" />
      <TestMethod codeBase="/app/src/ClickUp.Api.Client.Tests/bin/Debug/net9.0/ClickUp.Api.Client.Tests.dll" adapterTypeName="executor://xunit/VsTestRunner2/netcoreapp" className="ClickUp.Api.Client.Tests.ServiceTests.SharedHierarchyServiceTests" name="GetSharedHierarchyAsync_PassesCancellationTokenToApiConnection" />
    </UnitTest>
    <UnitTest name="ClickUp.Api.Client.Tests.Models.Entities.CustomFieldValueTests.Deserialize_CheckboxFieldValue_Correctly" storage="/app/src/clickup.api.client.tests/bin/debug/net9.0/clickup.api.client.tests.dll" id="96333dd8-5a74-360b-92fb-215ab6923163">
      <Execution id="d2126736-d981-4425-95c6-62d6e0ce8f0d" />
      <TestMethod codeBase="/app/src/ClickUp.Api.Client.Tests/bin/Debug/net9.0/ClickUp.Api.Client.Tests.dll" adapterTypeName="executor://xunit/VsTestRunner2/netcoreapp" className="ClickUp.Api.Client.Tests.Models.Entities.CustomFieldValueTests" name="Deserialize_CheckboxFieldValue_Correctly" />
    </UnitTest>
    <UnitTest name="ClickUp.Api.Client.Tests.ServiceTests.TemplatesServiceTests.GetTaskTemplatesAsync_ApiConnectionThrowsTaskCanceledException_PropagatesException" storage="/app/src/clickup.api.client.tests/bin/debug/net9.0/clickup.api.client.tests.dll" id="becb7f2a-b219-c2c9-8d5f-f1598f4d5a18">
      <Execution id="4d034cc2-a032-41e9-bc05-0f57d8668618" />
      <TestMethod codeBase="/app/src/ClickUp.Api.Client.Tests/bin/Debug/net9.0/ClickUp.Api.Client.Tests.dll" adapterTypeName="executor://xunit/VsTestRunner2/netcoreapp" className="ClickUp.Api.Client.Tests.ServiceTests.TemplatesServiceTests" name="GetTaskTemplatesAsync_ApiConnectionThrowsTaskCanceledException_PropagatesException" />
    </UnitTest>
    <UnitTest name="ClickUp.Api.Client.Tests.ServiceTests.DocsServiceTests.CreateDocAsync_NullDataInResponse_ThrowsInvalidOperationException" storage="/app/src/clickup.api.client.tests/bin/debug/net9.0/clickup.api.client.tests.dll" id="e494e481-9899-4aff-8ac0-6c2a711a3ba2">
      <Execution id="0604ac3e-ff8d-4d05-837b-6a4d26951e84" />
      <TestMethod codeBase="/app/src/ClickUp.Api.Client.Tests/bin/Debug/net9.0/ClickUp.Api.Client.Tests.dll" adapterTypeName="executor://xunit/VsTestRunner2/netcoreapp" className="ClickUp.Api.Client.Tests.ServiceTests.DocsServiceTests" name="CreateDocAsync_NullDataInResponse_ThrowsInvalidOperationException" />
    </UnitTest>
    <UnitTest name="ClickUp.Api.Client.Tests.ServiceTests.ChatServiceTests.GetChatMessageRepliesAsync_ValidRequest_BuildsUrlAndReturnsResponse" storage="/app/src/clickup.api.client.tests/bin/debug/net9.0/clickup.api.client.tests.dll" id="894e2728-4245-42fa-915a-9f574681c41e">
      <Execution id="2c06e191-05e7-4d68-af80-3c6cc0a83884" />
      <TestMethod codeBase="/app/src/ClickUp.Api.Client.Tests/bin/Debug/net9.0/ClickUp.Api.Client.Tests.dll" adapterTypeName="executor://xunit/VsTestRunner2/netcoreapp" className="ClickUp.Api.Client.Tests.ServiceTests.ChatServiceTests" name="GetChatMessageRepliesAsync_ValidRequest_BuildsUrlAndReturnsResponse" />
    </UnitTest>
    <UnitTest name="ClickUp.Api.Client.Tests.ServiceTests.TaskRelationshipsServiceTests.AddDependencyAsync_WithDependsOn_CallsPostAsyncWithCorrectPayloadAndUrl" storage="/app/src/clickup.api.client.tests/bin/debug/net9.0/clickup.api.client.tests.dll" id="4fb259f6-15ac-2922-8eea-4bc0fff07d04">
      <Execution id="29d7ce45-bb94-4c6e-8b3c-a039034d5e11" />
      <TestMethod codeBase="/app/src/ClickUp.Api.Client.Tests/bin/Debug/net9.0/ClickUp.Api.Client.Tests.dll" adapterTypeName="executor://xunit/VsTestRunner2/netcoreapp" className="ClickUp.Api.Client.Tests.ServiceTests.TaskRelationshipsServiceTests" name="AddDependencyAsync_WithDependsOn_CallsPostAsyncWithCorrectPayloadAndUrl" />
    </UnitTest>
  </TestDefinitions>
  <TestEntries>
    <TestEntry testId="f5c38650-c831-2729-550b-94e2b2333058" executionId="f2484fe5-dfa6-42a4-91e4-7a91b40b3295" testListId="8c84fa94-04c1-424b-9868-57a2d4851a1d" />
    <TestEntry testId="10d6ca3f-1b9d-a635-ebd2-3e7bab601eee" executionId="9b53cae7-1c9e-47bb-8c0c-689ec4406a13" testListId="8c84fa94-04c1-424b-9868-57a2d4851a1d" />
    <TestEntry testId="3cfecb8b-b415-0e78-489d-03f2ecb5cea0" executionId="baccea51-515c-41ef-934a-7672b791d1a2" testListId="8c84fa94-04c1-424b-9868-57a2d4851a1d" />
    <TestEntry testId="f13914a9-e3c4-4f53-b448-c11020d7474c" executionId="d751c5ae-baad-4aa4-b583-d8851a31d81a" testListId="8c84fa94-04c1-424b-9868-57a2d4851a1d" />
    <TestEntry testId="31498882-c4bb-afb1-0108-356ab9517aeb" executionId="fc03ed3c-ff2d-4a6c-9ee8-5446084cd189" testListId="8c84fa94-04c1-424b-9868-57a2d4851a1d" />
    <TestEntry testId="f1e36961-5c37-364c-023d-e92ca8cc1274" executionId="fb6ca3b2-85da-4d4a-80a7-f12b26800eb0" testListId="8c84fa94-04c1-424b-9868-57a2d4851a1d" />
    <TestEntry testId="2a0ee772-d72f-6d38-8859-f5a918be0ff7" executionId="5f2533b8-f411-442a-b21d-0bb0d667d04b" testListId="8c84fa94-04c1-424b-9868-57a2d4851a1d" />
    <TestEntry testId="d0eb5381-36bb-6765-acec-28e247a9a321" executionId="275aabd6-feb3-449b-b4d9-24f158079fe1" testListId="8c84fa94-04c1-424b-9868-57a2d4851a1d" />
    <TestEntry testId="eada2816-e2a5-7237-2f8a-db27e9f63065" executionId="add7a937-cdee-40aa-bd7a-abbf3e6545a4" testListId="8c84fa94-04c1-424b-9868-57a2d4851a1d" />
    <TestEntry testId="331cbfad-34a4-b13c-ed64-42a3230ef7f4" executionId="1c62b692-4894-4424-8fa9-7c07f27ca6fa" testListId="8c84fa94-04c1-424b-9868-57a2d4851a1d" />
    <TestEntry testId="8c1ea02a-7c9b-6e5c-1358-475fd593bfdd" executionId="d81b531e-1b99-47b9-9e3b-4122591a351b" testListId="8c84fa94-04c1-424b-9868-57a2d4851a1d" />
    <TestEntry testId="25faf64c-8253-d4a5-f991-33a0ca358e80" executionId="be3ed8b4-93af-4c04-9a75-73954ca76d0a" testListId="8c84fa94-04c1-424b-9868-57a2d4851a1d" />
    <TestEntry testId="40dbcff3-94ed-953c-0b76-876807c0eb6e" executionId="653b8979-273f-4300-8666-a2fd84d99cad" testListId="8c84fa94-04c1-424b-9868-57a2d4851a1d" />
    <TestEntry testId="a705d7b1-9f2a-33f9-8926-8e198d0223f0" executionId="2917b6c2-73f2-487e-aaab-c7dec6ff6840" testListId="8c84fa94-04c1-424b-9868-57a2d4851a1d" />
    <TestEntry testId="076a7cae-ff68-768e-055a-6ca2111b4d3e" executionId="32d7afb7-677e-42d3-80fb-e0eae964a4b1" testListId="8c84fa94-04c1-424b-9868-57a2d4851a1d" />
    <TestEntry testId="355387e6-3446-3780-0dcb-9de2799ba29b" executionId="6a4d23b2-6f58-452a-b1e3-5e57b5471030" testListId="8c84fa94-04c1-424b-9868-57a2d4851a1d" />
    <TestEntry testId="14dbe8ff-b862-5633-193b-df6fb0fc63d4" executionId="f684e250-b338-43c9-ba73-b9ce8a8abb5d" testListId="8c84fa94-04c1-424b-9868-57a2d4851a1d" />
    <TestEntry testId="d7e51438-6f10-ba0d-c97e-e1b550ea3b42" executionId="aee5fc8d-8a79-4a19-a385-694d0c37b382" testListId="8c84fa94-04c1-424b-9868-57a2d4851a1d" />
    <TestEntry testId="ebe3ced5-0003-1568-37be-eabc6ff009c2" executionId="33d512d8-3288-4a03-9b13-be18f72403d4" testListId="8c84fa94-04c1-424b-9868-57a2d4851a1d" />
    <TestEntry testId="fa2c12ce-c436-1daf-ffc0-e83345703f4e" executionId="086134b6-6c92-463f-8e29-5792cc2a567e" testListId="8c84fa94-04c1-424b-9868-57a2d4851a1d" />
    <TestEntry testId="4fdfaee4-1cf0-2001-bcdf-3109cca39e60" executionId="8d4c326f-b77c-447e-941a-d583f64db42a" testListId="8c84fa94-04c1-424b-9868-57a2d4851a1d" />
    <TestEntry testId="6c39e4a4-4987-60d6-4adb-08817185965c" executionId="6a6c44ed-f6f7-4927-8d2f-ffe9ad93e652" testListId="8c84fa94-04c1-424b-9868-57a2d4851a1d" />
    <TestEntry testId="c9d05bfe-c5f5-b0ae-ecec-cac77b7363df" executionId="0894c2a1-9a2d-4d7d-b126-3f44066dcbc9" testListId="8c84fa94-04c1-424b-9868-57a2d4851a1d" />
    <TestEntry testId="c5fae893-eb66-6e9d-af0b-8952ca2daecc" executionId="36f80146-f917-4cf5-869a-e7f7b01268c1" testListId="8c84fa94-04c1-424b-9868-57a2d4851a1d" />
    <TestEntry testId="a7ce0cf7-cff4-9872-af69-4eef992b93b8" executionId="ed5156d0-8cc6-4e85-ba4d-43a2376d3649" testListId="8c84fa94-04c1-424b-9868-57a2d4851a1d" />
    <TestEntry testId="9415dd1f-0072-fe71-547a-377104a39855" executionId="297697e1-e9c3-44c9-90fe-d191fa52136b" testListId="8c84fa94-04c1-424b-9868-57a2d4851a1d" />
    <TestEntry testId="ed8a8a24-2be7-0e16-87d4-1576115f9184" executionId="5330c2bb-d893-470f-8169-924d8c61ba94" testListId="8c84fa94-04c1-424b-9868-57a2d4851a1d" />
    <TestEntry testId="96fca06f-0569-a7af-f21c-69e7c495e6cb" executionId="f191ea77-a325-483d-9a34-a45a64331f0a" testListId="8c84fa94-04c1-424b-9868-57a2d4851a1d" />
    <TestEntry testId="1333ae30-e539-8125-0fa9-c7d494b55731" executionId="fb079ae2-7688-41fe-a33c-3dc26d382863" testListId="8c84fa94-04c1-424b-9868-57a2d4851a1d" />
    <TestEntry testId="4c39326c-e2d5-a8eb-9323-ce9f4058bba1" executionId="6ed2ecef-1c4d-43d2-b6b4-da20031b4f2b" testListId="8c84fa94-04c1-424b-9868-57a2d4851a1d" />
    <TestEntry testId="f72762c7-a54f-ad5e-19cd-19742e6bb18c" executionId="fe2bb34c-756b-49fb-aed1-6d9db32692af" testListId="8c84fa94-04c1-424b-9868-57a2d4851a1d" />
    <TestEntry testId="c53c3423-ff8d-701c-7fc4-4700e82a795f" executionId="b153705a-a934-4bc2-8caa-6887e73862d7" testListId="8c84fa94-04c1-424b-9868-57a2d4851a1d" />
    <TestEntry testId="411b0de1-1ca4-cd23-455d-a5352764ff19" executionId="80f858a2-bd97-4221-b78a-9b210b4296c9" testListId="8c84fa94-04c1-424b-9868-57a2d4851a1d" />
    <TestEntry testId="b2a10411-83ed-06ca-063e-eb5f07ad9002" executionId="f18637e7-872d-4465-a55a-e901ed93e572" testListId="8c84fa94-04c1-424b-9868-57a2d4851a1d" />
    <TestEntry testId="18828e0a-1f2e-2d3b-2a40-f1abd48edfda" executionId="835c941b-94c1-4f8c-bcfa-530b2f64501f" testListId="8c84fa94-04c1-424b-9868-57a2d4851a1d" />
    <TestEntry testId="b1e407f0-46e9-9ef2-35be-94d64a804f0d" executionId="0c98f6f1-c998-4937-9aaf-e3ba614c0924" testListId="8c84fa94-04c1-424b-9868-57a2d4851a1d" />
    <TestEntry testId="f94b0515-49d7-5657-5ad1-7dc42f3d780b" executionId="eaacc5d2-9b5d-4556-b0fb-8855f8022ffd" testListId="8c84fa94-04c1-424b-9868-57a2d4851a1d" />
    <TestEntry testId="0346062f-313c-4b40-bb4d-c6231b21cb33" executionId="12604df5-630e-41bd-98f0-b6c39ef6c1d9" testListId="8c84fa94-04c1-424b-9868-57a2d4851a1d" />
    <TestEntry testId="93e6c0ab-b688-6883-87ad-6413f17bbf57" executionId="9692a6a0-3212-442b-8fc8-12348d1ac8db" testListId="8c84fa94-04c1-424b-9868-57a2d4851a1d" />
    <TestEntry testId="69b770dc-77c1-875c-bfd5-2824b2a4de2c" executionId="6486aaad-1312-4772-ba20-9683e5f925b8" testListId="8c84fa94-04c1-424b-9868-57a2d4851a1d" />
    <TestEntry testId="d025fa76-f572-e920-4bb6-547123fdc357" executionId="258e8030-8460-4c75-9c29-b9ff868ce9fd" testListId="8c84fa94-04c1-424b-9868-57a2d4851a1d" />
    <TestEntry testId="53dc6fcd-4add-8508-6be8-e34134b4bcde" executionId="2a2ad1f3-6cfe-4ab1-b454-caf94a4fea36" testListId="8c84fa94-04c1-424b-9868-57a2d4851a1d" />
    <TestEntry testId="a08932a6-9369-c308-ac78-803254710165" executionId="e2d3f8f1-a67c-4620-8462-e90edf991d0d" testListId="8c84fa94-04c1-424b-9868-57a2d4851a1d" />
    <TestEntry testId="675e2670-8de8-d481-d98d-0e72193293be" executionId="ab5bd652-5104-40b9-9af0-6596bc1ecc47" testListId="8c84fa94-04c1-424b-9868-57a2d4851a1d" />
    <TestEntry testId="6713f5db-229f-650d-5241-8148618d3899" executionId="d20bc665-2d63-4fbf-9f84-0ef63480edbc" testListId="8c84fa94-04c1-424b-9868-57a2d4851a1d" />
    <TestEntry testId="0a390555-c9c5-c6e7-4311-a72571d7438f" executionId="42401ed1-9ef7-4a64-9280-fdf3812edf1c" testListId="8c84fa94-04c1-424b-9868-57a2d4851a1d" />
    <TestEntry testId="c061e405-883c-9658-5a6e-a7bf565667ac" executionId="a740d22a-1558-4da9-a55e-f3cc17fc2842" testListId="8c84fa94-04c1-424b-9868-57a2d4851a1d" />
    <TestEntry testId="85c18ef7-be83-6afe-381b-b8c0e3e1a67a" executionId="71f25e29-6b0f-494b-8480-a3a7738b9dfa" testListId="8c84fa94-04c1-424b-9868-57a2d4851a1d" />
    <TestEntry testId="e95468cf-0e28-32c4-2996-dea959a8d7d5" executionId="0013b4fb-7b1b-4320-b5c3-37ac0ddd4370" testListId="8c84fa94-04c1-424b-9868-57a2d4851a1d" />
    <TestEntry testId="f642d3e9-eefa-9249-80a9-6b9eb517faf6" executionId="10c31cbd-d451-40bd-80b2-7611fe5990ec" testListId="8c84fa94-04c1-424b-9868-57a2d4851a1d" />
    <TestEntry testId="45289421-0910-5184-0d1e-471036646f71" executionId="2b31f194-2d20-4bc3-9cb5-41f989325c12" testListId="8c84fa94-04c1-424b-9868-57a2d4851a1d" />
    <TestEntry testId="4cd07aad-f8b5-25a7-0e51-5fa1fc4c127d" executionId="826cbb46-64a2-476b-93ff-6810622e2d31" testListId="8c84fa94-04c1-424b-9868-57a2d4851a1d" />
    <TestEntry testId="98655471-90f4-59e7-525f-c8084b359d9f" executionId="5fd0ade0-c135-4a85-8a86-3c490a6d8016" testListId="8c84fa94-04c1-424b-9868-57a2d4851a1d" />
    <TestEntry testId="12579a38-9224-a534-9694-f9d58779dd93" executionId="3764d51d-5d28-4d6a-83f1-a30d9385b6e9" testListId="8c84fa94-04c1-424b-9868-57a2d4851a1d" />
    <TestEntry testId="d0177f6f-6a82-e8fa-e9cf-86d683d38968" executionId="e969f545-069d-4a60-af03-d978f149d1fd" testListId="8c84fa94-04c1-424b-9868-57a2d4851a1d" />
    <TestEntry testId="50395e0c-0486-8ab3-cfcf-db624913577f" executionId="84d8b056-c1a7-4d8a-a169-d33703d5bc62" testListId="8c84fa94-04c1-424b-9868-57a2d4851a1d" />
    <TestEntry testId="470b8aed-e5b1-0f37-26ba-ad0e6c042ec6" executionId="95803930-e158-40d6-9479-8654f53360a2" testListId="8c84fa94-04c1-424b-9868-57a2d4851a1d" />
    <TestEntry testId="590f9a1b-9780-f1dc-efea-f0675586c5c8" executionId="0b00b7a2-f45c-4dc0-a3ef-2fc3c051da3b" testListId="8c84fa94-04c1-424b-9868-57a2d4851a1d" />
    <TestEntry testId="b31d7064-e5e6-7fa8-8b45-ebefa2aa8589" executionId="0eef1ee9-9f35-4b9c-a06a-f3067c3587e0" testListId="8c84fa94-04c1-424b-9868-57a2d4851a1d" />
    <TestEntry testId="c6cb1ae3-0175-ebe0-cbe2-c8cec6618f3a" executionId="b41502fc-a293-4b06-9b14-0adfd1888f43" testListId="8c84fa94-04c1-424b-9868-57a2d4851a1d" />
    <TestEntry testId="e8c9d034-4940-a993-5fdb-45ecf9af63fa" executionId="b1759d46-f95f-452e-8e57-19b2015d325c" testListId="8c84fa94-04c1-424b-9868-57a2d4851a1d" />
    <TestEntry testId="8c2cdbd3-f4a7-a7fa-ecf6-b0d72688d538" executionId="b4bbb577-61a6-4dfd-8232-be315a423315" testListId="8c84fa94-04c1-424b-9868-57a2d4851a1d" />
    <TestEntry testId="c3eab5ce-1a68-3e3e-6d51-71b8e8d33cc5" executionId="0f06b453-341d-4a54-9161-87c8f56e7501" testListId="8c84fa94-04c1-424b-9868-57a2d4851a1d" />
    <TestEntry testId="5a8b379e-f715-8a32-0ce3-5e832b1b3bbb" executionId="971cfd44-fda2-429e-9812-c1bb847493c8" testListId="8c84fa94-04c1-424b-9868-57a2d4851a1d" />
    <TestEntry testId="f447d02b-c52c-cc92-7a2b-d7f4be1d6131" executionId="ce2f7f99-a2ca-4bfe-bdf2-27d975504bfe" testListId="8c84fa94-04c1-424b-9868-57a2d4851a1d" />
    <TestEntry testId="4ea123c2-111f-b61a-ccb7-d65e9e244c3c" executionId="c5a95ec9-dfe2-4deb-b320-70a5e122811a" testListId="8c84fa94-04c1-424b-9868-57a2d4851a1d" />
    <TestEntry testId="d3304698-5ea1-efe1-87f7-f7522dd04418" executionId="7773decd-c6d0-44ad-a26d-c39dd5a81d93" testListId="8c84fa94-04c1-424b-9868-57a2d4851a1d" />
    <TestEntry testId="561d9772-0316-21fe-2400-8e017df75524" executionId="98973c91-b6cf-44f2-8674-42ad571dd821" testListId="8c84fa94-04c1-424b-9868-57a2d4851a1d" />
    <TestEntry testId="fa1d252f-4ee5-fcd1-b822-82dea7f3bf68" executionId="e5f539e0-dd15-44a2-a578-385096519bba" testListId="8c84fa94-04c1-424b-9868-57a2d4851a1d" />
    <TestEntry testId="ad134f43-af46-ffb4-1224-9d0f96b1191a" executionId="ce91423f-ad60-4105-b521-988ed0c55a50" testListId="8c84fa94-04c1-424b-9868-57a2d4851a1d" />
    <TestEntry testId="6ad0b06e-9b13-00d3-c084-f5f295020c1e" executionId="9b2bc3d2-fead-445c-9cf3-f72baf1403b5" testListId="8c84fa94-04c1-424b-9868-57a2d4851a1d" />
    <TestEntry testId="e21ea325-6311-04ff-ceec-9541daba37da" executionId="298f375a-7e0c-4743-9363-fa6f9e082a29" testListId="8c84fa94-04c1-424b-9868-57a2d4851a1d" />
    <TestEntry testId="2f5333c3-b2fd-e93c-ff6c-9f4085c35de6" executionId="4a4d8eee-6531-4c55-a1ab-a4cdb4ae31a3" testListId="8c84fa94-04c1-424b-9868-57a2d4851a1d" />
    <TestEntry testId="d8b0b902-5f95-0147-3f49-4c67c17e28e0" executionId="aebf84eb-0d4a-4ab5-ad57-c276cd498f10" testListId="8c84fa94-04c1-424b-9868-57a2d4851a1d" />
    <TestEntry testId="2fab693e-80b6-8ae4-dc77-08a7e65ebf3d" executionId="45baae24-7c24-493a-ab31-b38759259047" testListId="8c84fa94-04c1-424b-9868-57a2d4851a1d" />
    <TestEntry testId="1fe75168-c800-b67c-9751-e0d12264c81c" executionId="38fb25f1-672b-4274-b43c-8d29fdcf1287" testListId="8c84fa94-04c1-424b-9868-57a2d4851a1d" />
    <TestEntry testId="3128f2ee-7977-9932-03b7-77d2d3472e5f" executionId="3f5ba1eb-c0fe-4f8a-b8b8-90e2552cf002" testListId="8c84fa94-04c1-424b-9868-57a2d4851a1d" />
    <TestEntry testId="4fc9e7a2-a6f1-e4c6-c186-da830a0b57c2" executionId="f23398eb-4e05-4385-a4a7-f892f3dfdd28" testListId="8c84fa94-04c1-424b-9868-57a2d4851a1d" />
    <TestEntry testId="225bcf76-0865-56a4-8a40-2f39bcea62a8" executionId="37ff4a0b-266c-405a-a996-960daa9359fa" testListId="8c84fa94-04c1-424b-9868-57a2d4851a1d" />
    <TestEntry testId="18810675-1d1f-7bbb-20d7-e2d7bb16299f" executionId="c67d4564-b998-44dd-a3ef-56efcadbd37e" testListId="8c84fa94-04c1-424b-9868-57a2d4851a1d" />
    <TestEntry testId="ad2f2747-ece5-41db-df6e-26eeee601f8b" executionId="9a995484-30dd-4355-b3f0-88804ab3d64a" testListId="8c84fa94-04c1-424b-9868-57a2d4851a1d" />
    <TestEntry testId="49a40760-165b-b98c-7b83-bcd32656873d" executionId="a8bbcb8c-803b-4cec-a20a-34ab42e2c5aa" testListId="8c84fa94-04c1-424b-9868-57a2d4851a1d" />
    <TestEntry testId="4cd48218-1563-ac39-7034-a94c299a8df0" executionId="9bd767fd-5f1d-493c-81bd-0c48475cb097" testListId="8c84fa94-04c1-424b-9868-57a2d4851a1d" />
    <TestEntry testId="1d032141-85af-eb53-6ddd-406db8e920da" executionId="c74404a7-3733-44c5-8a10-538dae588ae2" testListId="8c84fa94-04c1-424b-9868-57a2d4851a1d" />
    <TestEntry testId="277525fb-5580-c091-ed78-0d5eca830b62" executionId="1947e219-841a-4398-8870-3a58e391b9b1" testListId="8c84fa94-04c1-424b-9868-57a2d4851a1d" />
    <TestEntry testId="c1a36449-b473-86a7-6764-65536be57608" executionId="cd0164c3-bea4-407c-828d-34096ad623ed" testListId="8c84fa94-04c1-424b-9868-57a2d4851a1d" />
    <TestEntry testId="3365560f-90cb-4a81-f4ad-cb4301228614" executionId="1f05a6bf-157f-4448-a361-f66fe1eca126" testListId="8c84fa94-04c1-424b-9868-57a2d4851a1d" />
    <TestEntry testId="b47e4fb5-70dd-1ea2-05ee-5e86e036cb6a" executionId="78f823fa-59b0-44bb-a135-595a4f45da2b" testListId="8c84fa94-04c1-424b-9868-57a2d4851a1d" />
    <TestEntry testId="cd556b6b-ff5d-c391-c786-354eac177599" executionId="87dad0cc-6ad2-4df8-b828-e026c817a7db" testListId="8c84fa94-04c1-424b-9868-57a2d4851a1d" />
    <TestEntry testId="863ba840-d0c2-3b87-37ee-d6c2ae4bed7d" executionId="7713f4c2-810f-4e15-a695-1bb3f321fea1" testListId="8c84fa94-04c1-424b-9868-57a2d4851a1d" />
    <TestEntry testId="d4385330-0e50-361b-c879-ddcb17aa9645" executionId="a8547587-f77a-498a-bab3-be3d18c3d5c3" testListId="8c84fa94-04c1-424b-9868-57a2d4851a1d" />
    <TestEntry testId="9f2e3f3a-64e7-258f-cd9a-6969b9d16624" executionId="016dd4ea-7340-4039-acb4-093b967fed16" testListId="8c84fa94-04c1-424b-9868-57a2d4851a1d" />
    <TestEntry testId="5fbca718-7a0e-355e-c07c-924a30024ba9" executionId="e6a4bc67-74d7-42b7-b58c-3901ab22b1b9" testListId="8c84fa94-04c1-424b-9868-57a2d4851a1d" />
    <TestEntry testId="1aa2c57e-f447-7f14-49eb-3b9a485b3963" executionId="dba50c49-87a5-4a7c-a961-0f79ddd1bb0b" testListId="8c84fa94-04c1-424b-9868-57a2d4851a1d" />
    <TestEntry testId="76c2b4cc-ba0a-5bcb-2c62-73d653a66d47" executionId="eb14672d-d049-4476-bd1f-d0c203b24eb5" testListId="8c84fa94-04c1-424b-9868-57a2d4851a1d" />
    <TestEntry testId="77bdf4bc-d936-5dd2-d76f-d427b1d19eb7" executionId="38c941b7-1f9a-45da-9227-4cdc6c4fb9b8" testListId="8c84fa94-04c1-424b-9868-57a2d4851a1d" />
    <TestEntry testId="81089606-dbad-bccc-dd62-3b8223147034" executionId="e1ac2362-f2ae-4863-9fb2-f52268286fed" testListId="8c84fa94-04c1-424b-9868-57a2d4851a1d" />
    <TestEntry testId="e9886eef-b51d-400f-716a-70c07e1ae074" executionId="3bd33a66-757c-433b-8d31-ead8668dc2e2" testListId="8c84fa94-04c1-424b-9868-57a2d4851a1d" />
    <TestEntry testId="9082994c-0b1e-da81-b55e-f5dc0f0f5f9f" executionId="4518e345-a0ec-481a-ac78-4bdb23b2aec7" testListId="8c84fa94-04c1-424b-9868-57a2d4851a1d" />
    <TestEntry testId="c171dfa7-4a27-8f56-a6c9-57cfcd42dce5" executionId="0ad6d9c3-fa7a-4677-9e39-8cc4d136cffb" testListId="8c84fa94-04c1-424b-9868-57a2d4851a1d" />
    <TestEntry testId="1025c4f2-b409-f54a-628d-3ac9271a2402" executionId="c9c8ebc6-e9d9-4c74-a152-d2d2f8c3815e" testListId="8c84fa94-04c1-424b-9868-57a2d4851a1d" />
    <TestEntry testId="00b82c02-2151-2480-b488-fce89b6e3b07" executionId="35a0c717-3a5e-417f-bb31-d6d211c5e52b" testListId="8c84fa94-04c1-424b-9868-57a2d4851a1d" />
    <TestEntry testId="34db1a41-ae07-57ef-bc5b-624a4ed4ae66" executionId="efefada9-3c60-496d-b1a1-16834905efc0" testListId="8c84fa94-04c1-424b-9868-57a2d4851a1d" />
    <TestEntry testId="ad94ca9d-6aae-8981-0fc2-21ef17e38873" executionId="e8ce9436-af51-441b-88fc-1e7a5095b9bd" testListId="8c84fa94-04c1-424b-9868-57a2d4851a1d" />
    <TestEntry testId="a9efc708-38a6-fcba-9a97-7f77a5ad553f" executionId="c6c7cd50-fff3-499b-b625-dc580269a12c" testListId="8c84fa94-04c1-424b-9868-57a2d4851a1d" />
    <TestEntry testId="9740645e-2eff-51b8-67f0-1df7cf8acb83" executionId="929736b2-147d-467f-9f8c-349f979720d1" testListId="8c84fa94-04c1-424b-9868-57a2d4851a1d" />
    <TestEntry testId="f339c22a-09d4-48d9-e155-5ebff9beee40" executionId="d893d5d3-d79b-47a1-a345-20822040e2dc" testListId="8c84fa94-04c1-424b-9868-57a2d4851a1d" />
    <TestEntry testId="99925d98-cc15-0d9d-8c6c-cced5a935ca8" executionId="0d90378a-21bc-4eee-8194-e081ac2653db" testListId="8c84fa94-04c1-424b-9868-57a2d4851a1d" />
    <TestEntry testId="6f8c638a-8549-3215-0ce5-427f31429e66" executionId="257f44c1-9d59-4ea0-b123-8ba11c84a1f6" testListId="8c84fa94-04c1-424b-9868-57a2d4851a1d" />
    <TestEntry testId="16db33d3-f78a-14af-08ba-1ee180bc20a5" executionId="5869e831-784f-49de-ab0d-585e1d4afd42" testListId="8c84fa94-04c1-424b-9868-57a2d4851a1d" />
    <TestEntry testId="b8dc9bc7-4fc3-693a-56cc-e5d1b471dd1a" executionId="d73ed11f-7fbb-46c4-aeaa-39426104b0aa" testListId="8c84fa94-04c1-424b-9868-57a2d4851a1d" />
    <TestEntry testId="7df0cb14-1ce2-b903-7b1c-3aebe16ea71a" executionId="a2781d7f-e42c-4eff-a85c-fb965bff80f1" testListId="8c84fa94-04c1-424b-9868-57a2d4851a1d" />
    <TestEntry testId="f23660f2-fffd-56f2-2044-21e10448f9f4" executionId="e0e20d48-0e9b-4b84-a09e-0aa5b0a904a9" testListId="8c84fa94-04c1-424b-9868-57a2d4851a1d" />
    <TestEntry testId="97306b5e-57a8-1e44-dc97-d537cbab6021" executionId="3d648f25-20de-479b-9d60-7fd9c0841883" testListId="8c84fa94-04c1-424b-9868-57a2d4851a1d" />
    <TestEntry testId="512b6d5d-6ba4-7056-c5d5-21bae2877484" executionId="37f4cb60-2c2c-4fbd-adb3-5e941501405d" testListId="8c84fa94-04c1-424b-9868-57a2d4851a1d" />
    <TestEntry testId="efa20886-c864-a3ce-f5ed-40c64826a507" executionId="8aa46f67-be33-4a80-934a-d5487d423f79" testListId="8c84fa94-04c1-424b-9868-57a2d4851a1d" />
    <TestEntry testId="e7983c9f-5e2f-f03b-fa2f-39dd8296bf5e" executionId="7af5ecea-fbee-4b03-bb03-3a046ab16849" testListId="8c84fa94-04c1-424b-9868-57a2d4851a1d" />
    <TestEntry testId="c4d12ff3-60f4-4492-afbf-1372b99887a4" executionId="d6d23a9b-1162-41cd-8e9e-b0ed4daf1cfa" testListId="8c84fa94-04c1-424b-9868-57a2d4851a1d" />
    <TestEntry testId="81e48595-a716-b444-f5fe-63d0bc5d0aa5" executionId="6bdd6edc-0828-4aa3-807b-00055925bf7a" testListId="8c84fa94-04c1-424b-9868-57a2d4851a1d" />
    <TestEntry testId="d3efdf8f-9f74-60d1-4d10-3906f1f4c2f3" executionId="62570765-987e-49d1-8d4d-cdbabdf8d952" testListId="8c84fa94-04c1-424b-9868-57a2d4851a1d" />
    <TestEntry testId="7a8f70ef-f14e-4b6a-be25-56eba0f74c58" executionId="e3ec3a17-b97b-4601-a708-e8b6f5c5cec0" testListId="8c84fa94-04c1-424b-9868-57a2d4851a1d" />
    <TestEntry testId="5232a3f8-13d9-37ff-c6b8-237dece3a250" executionId="db160bbd-1947-407c-bd59-19d1084e2e5e" testListId="8c84fa94-04c1-424b-9868-57a2d4851a1d" />
    <TestEntry testId="8d6013d2-eac4-b2ad-1c02-2354fe342274" executionId="76a15528-7a58-436a-b00e-2a5081b46ee2" testListId="8c84fa94-04c1-424b-9868-57a2d4851a1d" />
    <TestEntry testId="c5e0be45-241d-5b76-f44d-464d0e8cb047" executionId="e38bb8d8-bba1-4e70-b6c8-a04eed30f7a9" testListId="8c84fa94-04c1-424b-9868-57a2d4851a1d" />
    <TestEntry testId="72fdaf0f-a6ec-0124-7913-bcb625625cca" executionId="cbf39106-ab8f-4d56-9898-7254931ac930" testListId="8c84fa94-04c1-424b-9868-57a2d4851a1d" />
    <TestEntry testId="d4f02ca2-cf2b-a903-5171-e8a9873f1fdb" executionId="be800999-b1ed-4880-8b01-bdafde452d6d" testListId="8c84fa94-04c1-424b-9868-57a2d4851a1d" />
    <TestEntry testId="e3943d2a-6513-8606-a94a-e88cf0bdc8fe" executionId="21af4864-7619-42f2-bf32-c21e087657fa" testListId="8c84fa94-04c1-424b-9868-57a2d4851a1d" />
    <TestEntry testId="7b9e8da3-c1cf-a39e-6f3d-7f535dcbb54b" executionId="c47bf381-3bd5-4a12-af33-1305f9ab7ce9" testListId="8c84fa94-04c1-424b-9868-57a2d4851a1d" />
    <TestEntry testId="46c9e644-11ac-6008-9ad9-f53ec92ce874" executionId="cf2ba403-bad5-41f9-a2ad-94487fc37929" testListId="8c84fa94-04c1-424b-9868-57a2d4851a1d" />
    <TestEntry testId="ca2b40c5-5ae1-bcc9-b91c-ceb89636f876" executionId="d76b9972-3a36-4902-905f-7107bb42f908" testListId="8c84fa94-04c1-424b-9868-57a2d4851a1d" />
    <TestEntry testId="e274d54f-dbd8-3d21-b6c5-05d28e1afadf" executionId="f04212ad-d2b2-4b40-b33f-913783cf55cf" testListId="8c84fa94-04c1-424b-9868-57a2d4851a1d" />
    <TestEntry testId="e7eef8b8-b7ee-6891-ce18-9fc77d65aac2" executionId="bb1d93e6-1494-4ead-8d58-1de2434f7819" testListId="8c84fa94-04c1-424b-9868-57a2d4851a1d" />
    <TestEntry testId="8642783a-652f-cfe9-8ce3-8104816d7ab9" executionId="c3e2287c-5eee-4ec4-87d7-f9254f7fa5ae" testListId="8c84fa94-04c1-424b-9868-57a2d4851a1d" />
    <TestEntry testId="9b8ff836-b6ad-3695-bd79-77c45a56f268" executionId="5ad36c19-3138-497a-9b3f-0d55ec94148e" testListId="8c84fa94-04c1-424b-9868-57a2d4851a1d" />
    <TestEntry testId="2dd1f79f-057e-86fd-44c4-9024fe1314ac" executionId="074a14a3-515a-4016-811f-baaed1f21d14" testListId="8c84fa94-04c1-424b-9868-57a2d4851a1d" />
    <TestEntry testId="ee299c0b-4367-2d6c-62ba-77e92b1ad5f3" executionId="8b674912-041d-40a9-affd-59ac7b16737b" testListId="8c84fa94-04c1-424b-9868-57a2d4851a1d" />
    <TestEntry testId="1841d452-ef08-e1b1-92c9-459ff161fad6" executionId="a737ccf0-7088-4395-b2e8-3af5414b7244" testListId="8c84fa94-04c1-424b-9868-57a2d4851a1d" />
    <TestEntry testId="6c2e12bf-954a-e2dd-fb03-b30da6c844e7" executionId="90e4e13f-1c6e-4a56-97c9-32741c6e010e" testListId="8c84fa94-04c1-424b-9868-57a2d4851a1d" />
    <TestEntry testId="99e3ba4a-37fa-896e-1ea0-aac4634d9ac2" executionId="9cae824e-0c11-48f3-bfd6-a61153d8a72e" testListId="8c84fa94-04c1-424b-9868-57a2d4851a1d" />
    <TestEntry testId="30cbc6c1-e207-9636-2837-013eab9a8ee3" executionId="d92d4a54-1e34-4298-9c9a-ea290e5b11a3" testListId="8c84fa94-04c1-424b-9868-57a2d4851a1d" />
    <TestEntry testId="89f0d8dc-79be-9fdc-e94a-1be6d60f6415" executionId="77aa16f3-c7fc-47c5-85c7-4e3dbf2a6639" testListId="8c84fa94-04c1-424b-9868-57a2d4851a1d" />
    <TestEntry testId="581e1f6d-e187-c463-c2d9-8bb80abfd2d1" executionId="73430cc0-0773-4ada-8b1a-73a085266376" testListId="8c84fa94-04c1-424b-9868-57a2d4851a1d" />
    <TestEntry testId="43dfef0a-a898-a93a-d1b2-66d336e1114a" executionId="9db986be-89b5-4b9e-8e49-ed43a322a72d" testListId="8c84fa94-04c1-424b-9868-57a2d4851a1d" />
    <TestEntry testId="4b91ee2a-0556-a45e-2120-00f52c47f460" executionId="0110e0ce-c9e4-4e21-b944-c9c1573510cb" testListId="8c84fa94-04c1-424b-9868-57a2d4851a1d" />
    <TestEntry testId="e9632c8c-2e19-3a9c-42ff-3dfd5ac4ab1b" executionId="5b718d6b-74e3-424e-8a20-ee3df9893ab3" testListId="8c84fa94-04c1-424b-9868-57a2d4851a1d" />
    <TestEntry testId="668bee19-e221-0a44-1d56-52288964742b" executionId="5bef7c6d-3977-4cdc-9525-c9cc3ae4c57f" testListId="8c84fa94-04c1-424b-9868-57a2d4851a1d" />
    <TestEntry testId="8fdfef11-0cbf-4548-2c30-a1ba063c7022" executionId="a2062e3b-f5a0-4bb1-a5fb-028693a67097" testListId="8c84fa94-04c1-424b-9868-57a2d4851a1d" />
    <TestEntry testId="ed3b368b-5fc9-9eb6-3ee2-aeb3a1e0cc4a" executionId="6432a924-cec0-42e8-89af-f55f0eab3d49" testListId="8c84fa94-04c1-424b-9868-57a2d4851a1d" />
    <TestEntry testId="50ffa6c2-4cd9-92e5-bcd4-292ccad9b739" executionId="635876e3-12c0-4155-936b-e498ed6cce94" testListId="8c84fa94-04c1-424b-9868-57a2d4851a1d" />
    <TestEntry testId="719e549b-8b5f-4965-33fd-0d077879e351" executionId="4d5686a1-da85-4a9d-982a-640faaf02b2b" testListId="8c84fa94-04c1-424b-9868-57a2d4851a1d" />
    <TestEntry testId="b10f9914-07e1-3a3a-d981-3736b980ebd7" executionId="4fbd12ff-7671-4ed4-b974-0555e3a36ae4" testListId="8c84fa94-04c1-424b-9868-57a2d4851a1d" />
    <TestEntry testId="87f69b82-785e-11d4-2d64-b9fd1097a0f3" executionId="8e7fa1b3-31a5-4a43-a785-f69d4dc6b405" testListId="8c84fa94-04c1-424b-9868-57a2d4851a1d" />
    <TestEntry testId="351fa298-b5c8-61d2-89c9-71b803ffece1" executionId="04569ec9-032a-4e3f-bc59-21ab2bac59dd" testListId="8c84fa94-04c1-424b-9868-57a2d4851a1d" />
    <TestEntry testId="15b159b3-cb5f-f09c-f394-b08149c7dd09" executionId="40d2e4ce-b05c-4417-a3bd-6cc9702d26d4" testListId="8c84fa94-04c1-424b-9868-57a2d4851a1d" />
    <TestEntry testId="a6095f80-0334-edb4-2e89-a759c9293c61" executionId="0c87c72d-f583-4074-a6ef-99191a77f7b1" testListId="8c84fa94-04c1-424b-9868-57a2d4851a1d" />
    <TestEntry testId="4d240a1d-4d36-6e9f-f89d-d0cc429f321f" executionId="eac320b5-04fc-4247-9fe4-d81b1a34a749" testListId="8c84fa94-04c1-424b-9868-57a2d4851a1d" />
    <TestEntry testId="13a6d80e-fad7-d3cb-3b94-dc72adcac4c9" executionId="714137c2-d4cc-48d3-a0c4-daf3f4505d55" testListId="8c84fa94-04c1-424b-9868-57a2d4851a1d" />
    <TestEntry testId="1f8ae3bb-5dfe-4695-affb-1e9555986740" executionId="9491fb36-f4f3-4fa0-ae95-4d399da76855" testListId="8c84fa94-04c1-424b-9868-57a2d4851a1d" />
    <TestEntry testId="bebdec2a-9cb5-52d7-1ed7-a5796f24ad3d" executionId="0d040ec6-dbc1-4b1a-a8f3-613ef95bf26f" testListId="8c84fa94-04c1-424b-9868-57a2d4851a1d" />
    <TestEntry testId="40e1d0a2-d829-f562-0816-5b584932a67d" executionId="0ad18a9e-7c89-4e28-bb2d-7127b0cdbd33" testListId="8c84fa94-04c1-424b-9868-57a2d4851a1d" />
    <TestEntry testId="0815f71f-d1b5-383f-c254-24620e55ca59" executionId="e5a3505b-4a9f-4bd7-8a16-2ad6169eb539" testListId="8c84fa94-04c1-424b-9868-57a2d4851a1d" />
    <TestEntry testId="2c6315b1-5c62-5afb-deb3-3d0ce2f1aa9c" executionId="d61328d7-9800-44de-b745-f3289b08f675" testListId="8c84fa94-04c1-424b-9868-57a2d4851a1d" />
    <TestEntry testId="9970e260-92f2-5d02-5be5-4561fdf848fb" executionId="14f7f70b-4218-4e58-9ee0-090c4fba2c5e" testListId="8c84fa94-04c1-424b-9868-57a2d4851a1d" />
    <TestEntry testId="f17c2f5d-3278-deae-e3e0-0f673524d524" executionId="35dc0648-2c77-42d7-8b5c-cc719e9973f8" testListId="8c84fa94-04c1-424b-9868-57a2d4851a1d" />
    <TestEntry testId="dbce0135-d84f-6c40-dddb-b4fa79e51dee" executionId="34d815e5-39fd-4b9e-808a-2f47a03c0d7b" testListId="8c84fa94-04c1-424b-9868-57a2d4851a1d" />
    <TestEntry testId="a27c1579-1f50-a3d6-b5ce-a40bc3aa10aa" executionId="f573d27a-3dd1-47d5-b535-70a5a041adb4" testListId="8c84fa94-04c1-424b-9868-57a2d4851a1d" />
    <TestEntry testId="eddd9d9b-e083-b446-daa1-21bad430c388" executionId="65bcf829-24a6-41be-b164-8edff5d83d95" testListId="8c84fa94-04c1-424b-9868-57a2d4851a1d" />
    <TestEntry testId="5d2d968b-a1e1-5073-58ed-95be7bc46a38" executionId="2736e8cf-3786-43ca-a212-e4c0073cf4c5" testListId="8c84fa94-04c1-424b-9868-57a2d4851a1d" />
    <TestEntry testId="a54fb913-e59f-936a-6dac-d9b99d7d2b02" executionId="ae0ed69a-d392-42fe-8a9b-cfc65dbfd999" testListId="8c84fa94-04c1-424b-9868-57a2d4851a1d" />
    <TestEntry testId="725327de-c729-bba1-25ba-e4171c6a328b" executionId="7c090f48-21d7-4be0-9c7d-6270c483f4d9" testListId="8c84fa94-04c1-424b-9868-57a2d4851a1d" />
    <TestEntry testId="30bc3756-0d13-9f03-5c94-49181b7b2f53" executionId="1b548b7d-c518-4f7e-b10e-d67c8ed7b24a" testListId="8c84fa94-04c1-424b-9868-57a2d4851a1d" />
    <TestEntry testId="f5b39a06-2e13-888e-4fa4-e84b24b30d0d" executionId="31774440-7646-4d52-8acd-324892cd4571" testListId="8c84fa94-04c1-424b-9868-57a2d4851a1d" />
    <TestEntry testId="dfa86d51-ee16-240f-a412-26f6a168a649" executionId="5d8afb48-0e1a-4686-ae69-5e506fe56e21" testListId="8c84fa94-04c1-424b-9868-57a2d4851a1d" />
    <TestEntry testId="28485d5f-48c5-58ca-c218-78fddbd7025c" executionId="13454533-e0e0-41a6-abd5-99929406818e" testListId="8c84fa94-04c1-424b-9868-57a2d4851a1d" />
    <TestEntry testId="da8fe84c-d4dc-25e2-a6c6-1542dbab91c3" executionId="a7f31b3f-4b74-4576-a4cb-826cf2c6a68c" testListId="8c84fa94-04c1-424b-9868-57a2d4851a1d" />
    <TestEntry testId="dab0bede-6d6a-1b77-7fda-80bd452978e9" executionId="85f90f11-33d6-4acd-a8f5-d7029edb66a0" testListId="8c84fa94-04c1-424b-9868-57a2d4851a1d" />
    <TestEntry testId="d78e62b3-4c32-e675-1e81-ab68d35deb62" executionId="4a2d1cfc-13db-4db4-9f2e-29345e275826" testListId="8c84fa94-04c1-424b-9868-57a2d4851a1d" />
    <TestEntry testId="db7ef84f-789d-fca7-ad54-9eacd2abd3b3" executionId="feec7190-5ddf-4e8b-8dfa-492b401f16cf" testListId="8c84fa94-04c1-424b-9868-57a2d4851a1d" />
    <TestEntry testId="525066eb-7153-bffe-95f1-f352ab1e697a" executionId="c5c14294-afc3-48f2-abfe-78112b9fb1b8" testListId="8c84fa94-04c1-424b-9868-57a2d4851a1d" />
    <TestEntry testId="63d81eda-39da-9070-2f9b-d992d73272c0" executionId="bd252396-7904-49d3-b123-3e6f99c160cc" testListId="8c84fa94-04c1-424b-9868-57a2d4851a1d" />
    <TestEntry testId="e5ea9d8a-b01b-7d10-c780-2c6531265b98" executionId="40365bd0-dde1-4caf-a4f9-5b52668146eb" testListId="8c84fa94-04c1-424b-9868-57a2d4851a1d" />
    <TestEntry testId="7f9f33b1-cd7d-6178-7cdc-24666175caf4" executionId="a9260164-ed00-4cb7-89d3-1c875d3f2b6e" testListId="8c84fa94-04c1-424b-9868-57a2d4851a1d" />
    <TestEntry testId="a8acab2a-2caa-508e-14f3-97b846e4b249" executionId="31cb0f03-4980-46a7-b9d9-83840ab94f6e" testListId="8c84fa94-04c1-424b-9868-57a2d4851a1d" />
    <TestEntry testId="cdcfd57b-84ac-e23e-78d4-34efb784ebdf" executionId="5b453db6-84df-4b00-8b81-398cc8930ecc" testListId="8c84fa94-04c1-424b-9868-57a2d4851a1d" />
    <TestEntry testId="b3f479bb-ab40-60c5-3495-dd1b3ee2147b" executionId="a7ab494c-82d8-436e-80a4-1e66b71d4e84" testListId="8c84fa94-04c1-424b-9868-57a2d4851a1d" />
    <TestEntry testId="16a40cd0-7c1d-e04f-26f5-0deea294674b" executionId="fa1daa88-749c-44f4-ac83-7984cf9b98fa" testListId="8c84fa94-04c1-424b-9868-57a2d4851a1d" />
    <TestEntry testId="b2f32484-a5e7-baee-136b-ccf738df26ea" executionId="9ff2b52c-b1d5-45ac-9834-b9325ef5e018" testListId="8c84fa94-04c1-424b-9868-57a2d4851a1d" />
    <TestEntry testId="f9054252-86a9-2376-abd0-e7fcbaa75a2b" executionId="b6dd3df0-6836-443c-aa36-028c08a822cf" testListId="8c84fa94-04c1-424b-9868-57a2d4851a1d" />
    <TestEntry testId="e494e481-9899-4aff-8ac0-6c2a711a3ba2" executionId="0604ac3e-ff8d-4d05-837b-6a4d26951e84" testListId="8c84fa94-04c1-424b-9868-57a2d4851a1d" />
    <TestEntry testId="fa0b2a88-e976-a041-14e3-8c8bd4b16949" executionId="4573941e-733b-446e-8161-dc3b1ad3257a" testListId="8c84fa94-04c1-424b-9868-57a2d4851a1d" />
    <TestEntry testId="87976f7c-14dd-b9b7-be4a-35a8302aaf4c" executionId="2094823d-cfb4-47e0-a5a2-ab2f9e41714a" testListId="8c84fa94-04c1-424b-9868-57a2d4851a1d" />
    <TestEntry testId="66672cba-936c-533d-864c-75fba8575d33" executionId="49ca8ce7-d085-4b35-95d4-cc14e4b3d49d" testListId="8c84fa94-04c1-424b-9868-57a2d4851a1d" />
    <TestEntry testId="10e5a3ce-9290-0bf4-2ea9-aabafbb1a973" executionId="94a74465-58a3-43c7-8adf-4ff46efdb67b" testListId="8c84fa94-04c1-424b-9868-57a2d4851a1d" />
    <TestEntry testId="d2c88e8f-9c4a-4484-9e22-8c95b1688e77" executionId="993edc6d-e9ab-4098-8a97-8828695a46e1" testListId="8c84fa94-04c1-424b-9868-57a2d4851a1d" />
    <TestEntry testId="20c11213-7a32-e5b1-4f9d-be32fc32fc40" executionId="6132e7bb-5f80-46e0-9446-d3c5dbaaa199" testListId="8c84fa94-04c1-424b-9868-57a2d4851a1d" />
    <TestEntry testId="187c0f01-e375-0ebc-5c60-9af9ed8903db" executionId="90aa82ab-3f31-48e6-b123-10b3dbd1db4c" testListId="8c84fa94-04c1-424b-9868-57a2d4851a1d" />
    <TestEntry testId="68b3e192-a617-cbce-6861-aca6a4bea39b" executionId="c661acd3-3329-4ec7-ad71-cd903c987a5d" testListId="8c84fa94-04c1-424b-9868-57a2d4851a1d" />
    <TestEntry testId="8b526042-2739-8ce1-d8f4-c1bf02014643" executionId="2a1ec279-4143-491b-85b6-addb8eff695c" testListId="8c84fa94-04c1-424b-9868-57a2d4851a1d" />
    <TestEntry testId="da8dace8-4ac6-e8fe-48f6-c0c642948111" executionId="241011c2-0685-4774-a734-b73a643e7ac8" testListId="8c84fa94-04c1-424b-9868-57a2d4851a1d" />
    <TestEntry testId="cbd2079e-cd51-2aed-a413-37ad1b7afddd" executionId="172831e6-7109-40dc-9dcb-d461e501efbd" testListId="8c84fa94-04c1-424b-9868-57a2d4851a1d" />
    <TestEntry testId="eac1621c-c70f-03f6-5a70-66234bdd4b8b" executionId="7e0fa08b-d5ac-4077-83a5-5d7c13f1224b" testListId="8c84fa94-04c1-424b-9868-57a2d4851a1d" />
    <TestEntry testId="1640ab59-3d48-3db5-9028-b768d88243d1" executionId="5933b563-dac1-4bdc-9b5e-f04b462ff928" testListId="8c84fa94-04c1-424b-9868-57a2d4851a1d" />
    <TestEntry testId="029d77fc-29f0-2f6b-5b61-e801f211e1a6" executionId="74f527cb-34a4-4e4b-b8c3-ffb24c6b35f2" testListId="8c84fa94-04c1-424b-9868-57a2d4851a1d" />
    <TestEntry testId="2a2f5e84-7fcd-ca4a-26ba-94e01ddf99a0" executionId="ce2475ca-9767-404e-ad7b-5832a221e628" testListId="8c84fa94-04c1-424b-9868-57a2d4851a1d" />
    <TestEntry testId="fcee2476-61da-8656-1de0-178f20c169dc" executionId="84f7aa74-0ed6-4993-ac8e-11af959174f4" testListId="8c84fa94-04c1-424b-9868-57a2d4851a1d" />
    <TestEntry testId="9a41e783-e265-7ebc-850b-805b60274fbf" executionId="165fff86-d40f-4093-a4d9-f37cfe09ab93" testListId="8c84fa94-04c1-424b-9868-57a2d4851a1d" />
    <TestEntry testId="b8102875-1530-5ffa-d85f-e540535c1165" executionId="28f5fbed-104e-466b-8057-bb072b5fbd56" testListId="8c84fa94-04c1-424b-9868-57a2d4851a1d" />
    <TestEntry testId="2f460b08-43e7-5cfb-1f41-b11a2f92b56f" executionId="18ed2bf5-2e2a-48e1-8dde-1b03aca4f82d" testListId="8c84fa94-04c1-424b-9868-57a2d4851a1d" />
    <TestEntry testId="89e8e2e1-f67c-2c9e-75cd-4f156d8c851c" executionId="7549b512-a837-4ea1-a126-31f4b6aaad11" testListId="8c84fa94-04c1-424b-9868-57a2d4851a1d" />
    <TestEntry testId="900f0b1f-7974-2227-f665-969a6eeab7cc" executionId="f7a2abd8-23e9-48b7-8aca-764b7a0ee384" testListId="8c84fa94-04c1-424b-9868-57a2d4851a1d" />
    <TestEntry testId="d72fb435-8173-77af-f05a-89cd3c59e69b" executionId="3e74eda5-f194-49c9-b377-48575eb73c51" testListId="8c84fa94-04c1-424b-9868-57a2d4851a1d" />
    <TestEntry testId="831c47b6-1e63-26b3-cfc9-7e982b76c0f0" executionId="f3e365db-8358-41b8-a81e-c05aa371004f" testListId="8c84fa94-04c1-424b-9868-57a2d4851a1d" />
    <TestEntry testId="f3a8a3fa-588f-6a24-409b-f2796686733d" executionId="f2ea88cb-97ad-4f97-b255-38665a3fb8dd" testListId="8c84fa94-04c1-424b-9868-57a2d4851a1d" />
    <TestEntry testId="1cb730d0-bf20-050d-fad8-130d525b6950" executionId="7868c749-d038-4a70-88b7-823ebfb55236" testListId="8c84fa94-04c1-424b-9868-57a2d4851a1d" />
    <TestEntry testId="edd30935-2f6e-0a0e-28f0-afa501a88ab0" executionId="198c0291-e1c5-49fa-b135-8efd40975222" testListId="8c84fa94-04c1-424b-9868-57a2d4851a1d" />
    <TestEntry testId="fe09c7b4-462e-8afb-8d2c-92d0157754f1" executionId="9b759393-49a9-48d3-93c3-79f059ee701d" testListId="8c84fa94-04c1-424b-9868-57a2d4851a1d" />
    <TestEntry testId="334f90e3-9090-3910-ec93-4148e933e055" executionId="f9ce093d-4587-44c0-b4e2-9cbeb10e1315" testListId="8c84fa94-04c1-424b-9868-57a2d4851a1d" />
    <TestEntry testId="ea5a41f0-3296-5896-9060-90e606cfb0ac" executionId="69076617-1af7-44ec-94c5-310eade609fc" testListId="8c84fa94-04c1-424b-9868-57a2d4851a1d" />
    <TestEntry testId="2c39881f-acfd-7524-f80d-ba4ce6031720" executionId="a4b154fc-1f3d-41b4-872e-06e37e9dc8c7" testListId="8c84fa94-04c1-424b-9868-57a2d4851a1d" />
    <TestEntry testId="8f0c0a2e-0c73-8a2d-173e-07e83c810a4b" executionId="1b97b6c7-9e24-4752-9546-35c88c50bfbb" testListId="8c84fa94-04c1-424b-9868-57a2d4851a1d" />
    <TestEntry testId="d5f064a1-b917-5f3a-ebae-229ca0040d12" executionId="eab440fd-59d7-46c5-a766-db57de1808d8" testListId="8c84fa94-04c1-424b-9868-57a2d4851a1d" />
    <TestEntry testId="c130309f-793c-3c54-1997-75ff6d96554c" executionId="98ae59f3-c816-4c6e-bf30-b0e062dcac16" testListId="8c84fa94-04c1-424b-9868-57a2d4851a1d" />
    <TestEntry testId="0ab8284b-1630-a3a0-4f89-bb74ed590d8d" executionId="ab9e2ab1-def5-44b9-a1de-cbf384db0cc4" testListId="8c84fa94-04c1-424b-9868-57a2d4851a1d" />
    <TestEntry testId="135c7de2-1b5f-0ae7-2213-1f450010e885" executionId="a18d611f-e21f-48b8-babf-b94394f592e7" testListId="8c84fa94-04c1-424b-9868-57a2d4851a1d" />
    <TestEntry testId="00ad0c06-8a51-2cd4-079d-9ed4022e7cf7" executionId="80fa582b-3c59-4452-ab3e-a1b819234963" testListId="8c84fa94-04c1-424b-9868-57a2d4851a1d" />
    <TestEntry testId="0e83a29c-c336-f714-4279-3b30ab28abf1" executionId="5211d01b-7af3-47c1-95cf-e1007228befb" testListId="8c84fa94-04c1-424b-9868-57a2d4851a1d" />
    <TestEntry testId="e30d5a07-9505-e75b-f1ba-e64638dc1353" executionId="58581c13-cab9-4f99-b9b1-87730c565d76" testListId="8c84fa94-04c1-424b-9868-57a2d4851a1d" />
    <TestEntry testId="d205cd4f-7e75-1065-1e83-e2c9c6957054" executionId="3d0c8341-6d51-4b91-b4e0-4474c590e701" testListId="8c84fa94-04c1-424b-9868-57a2d4851a1d" />
    <TestEntry testId="8f659a23-c7b7-66ca-b3d6-6d900b8016f1" executionId="255ba10d-88d5-4c22-8b37-5b11b436a254" testListId="8c84fa94-04c1-424b-9868-57a2d4851a1d" />
    <TestEntry testId="e83420e2-3e4c-0b46-91f0-367058c9ac00" executionId="50576cf4-61da-4bd5-a943-302fb2f59431" testListId="8c84fa94-04c1-424b-9868-57a2d4851a1d" />
    <TestEntry testId="b43043ee-a97b-ce0d-b146-a66bef5ed3c0" executionId="2b7a5ccd-5444-42d8-8ebd-c35c00e291f5" testListId="8c84fa94-04c1-424b-9868-57a2d4851a1d" />
    <TestEntry testId="7f402585-2713-267c-c0c6-1302cda9f995" executionId="9d8b2659-f80e-4f1c-8c88-a8304b68a4d3" testListId="8c84fa94-04c1-424b-9868-57a2d4851a1d" />
    <TestEntry testId="ddb44325-0b2d-129d-e82f-9203a2572f55" executionId="5c6c44d4-bb54-40ba-a7d1-bc403812217b" testListId="8c84fa94-04c1-424b-9868-57a2d4851a1d" />
    <TestEntry testId="76028a67-5647-15f3-939f-9a6a64300933" executionId="0ecf0863-dd7e-4857-a432-475f9b1bdb29" testListId="8c84fa94-04c1-424b-9868-57a2d4851a1d" />
    <TestEntry testId="20034fd8-e7e6-9f59-86b8-581519456825" executionId="95a1615a-791f-4178-a255-6ac20dba26f4" testListId="8c84fa94-04c1-424b-9868-57a2d4851a1d" />
    <TestEntry testId="c8f84837-475f-c268-9d80-b3447b9de129" executionId="8ec60619-bcca-4b15-b3a0-cd790779d1c4" testListId="8c84fa94-04c1-424b-9868-57a2d4851a1d" />
    <TestEntry testId="5cfef7c9-4c98-ecbd-c878-db328469599f" executionId="fbf04d49-8d23-49d8-9f26-5ec394fd1355" testListId="8c84fa94-04c1-424b-9868-57a2d4851a1d" />
    <TestEntry testId="67630699-418a-515b-6c7b-74476e1555f9" executionId="fdb4194a-273f-4f22-8068-da5955dadc06" testListId="8c84fa94-04c1-424b-9868-57a2d4851a1d" />
    <TestEntry testId="28cceedd-0004-bcae-37ba-848d1807e699" executionId="8b795a80-d32a-42a0-ba85-597c889130fa" testListId="8c84fa94-04c1-424b-9868-57a2d4851a1d" />
    <TestEntry testId="e2e9293a-4c73-471b-0e98-16ee7bb12ace" executionId="c8f8bddc-0054-401a-a48a-95b051cdfc6b" testListId="8c84fa94-04c1-424b-9868-57a2d4851a1d" />
    <TestEntry testId="1cb0a5ae-f23f-d489-08aa-7d3a9bd6d033" executionId="8b628a17-2883-4fe4-a89f-8c3ce36fb884" testListId="8c84fa94-04c1-424b-9868-57a2d4851a1d" />
    <TestEntry testId="6442377a-2b00-e812-5ab4-2cda87cd60f0" executionId="280518e5-7a7b-42c4-b07e-addd76c3d03d" testListId="8c84fa94-04c1-424b-9868-57a2d4851a1d" />
    <TestEntry testId="4bf77a8b-eadd-cc6c-ae22-4cf427189d73" executionId="7c40990c-1a64-46ff-98d8-e42588c61fb5" testListId="8c84fa94-04c1-424b-9868-57a2d4851a1d" />
    <TestEntry testId="070d7c8a-fee2-0268-54b0-5b0d9e860eb5" executionId="1bb475e5-f777-4f05-ae0e-f89f52cd0087" testListId="8c84fa94-04c1-424b-9868-57a2d4851a1d" />
    <TestEntry testId="cadcb56b-1265-165e-5791-65d8d3f838ca" executionId="744af93d-c8e4-4cdf-9118-197f08ff5305" testListId="8c84fa94-04c1-424b-9868-57a2d4851a1d" />
    <TestEntry testId="0875c5b2-9eb4-a182-bf98-f890bebee5ef" executionId="b604e6dd-a342-499d-8187-a8ace8db0adb" testListId="8c84fa94-04c1-424b-9868-57a2d4851a1d" />
    <TestEntry testId="d18af540-e4d6-a005-bdec-72a24b34a0e1" executionId="7f5b9dc2-7f62-4b96-a760-4a7ebd3b8a9b" testListId="8c84fa94-04c1-424b-9868-57a2d4851a1d" />
    <TestEntry testId="96f6f192-ed3a-aaee-aefe-d76ac3dfd73f" executionId="5818fa6a-b0e6-4746-8312-fb75071995ea" testListId="8c84fa94-04c1-424b-9868-57a2d4851a1d" />
    <TestEntry testId="9edc3d01-0f4e-9855-faef-f39f06d14cce" executionId="7b25d59d-cfb9-4843-87ef-f1c037604341" testListId="8c84fa94-04c1-424b-9868-57a2d4851a1d" />
    <TestEntry testId="5bacd513-6195-b41b-3bb0-2f6e5335e84f" executionId="61d76102-bffc-46d3-b2ab-3702403e24ea" testListId="8c84fa94-04c1-424b-9868-57a2d4851a1d" />
    <TestEntry testId="28198b81-66ec-1562-5ed0-6cabf57ebd54" executionId="29f1423c-5679-4ae8-ab7a-66e8528d739d" testListId="8c84fa94-04c1-424b-9868-57a2d4851a1d" />
    <TestEntry testId="f21ae241-b4bd-9868-77b6-d0156ab40b45" executionId="4ebd2e85-b09c-45e7-a49d-e05078beccf4" testListId="8c84fa94-04c1-424b-9868-57a2d4851a1d" />
    <TestEntry testId="af662909-c2b2-cc32-22b4-6721aba0f3b3" executionId="1a5efe08-bcf4-49d7-bbff-353ed6b308fe" testListId="8c84fa94-04c1-424b-9868-57a2d4851a1d" />
    <TestEntry testId="c40e86e2-e16f-4233-5fc4-00fc072bd6a2" executionId="fd20b7a1-fc7a-4e0b-809f-6588d2408d46" testListId="8c84fa94-04c1-424b-9868-57a2d4851a1d" />
    <TestEntry testId="475d9678-ed39-777c-2507-1c4359088c7d" executionId="e825490f-f48a-45a8-9146-9231123deab1" testListId="8c84fa94-04c1-424b-9868-57a2d4851a1d" />
    <TestEntry testId="d514cbef-9ae0-3465-36ea-91b11bbefd16" executionId="200e2b93-337e-4d76-a680-de09a3ee1996" testListId="8c84fa94-04c1-424b-9868-57a2d4851a1d" />
    <TestEntry testId="d026e7ad-37c2-eeb6-fe71-0201019f497b" executionId="0ed1ac55-a194-4d59-9129-79d14df97df3" testListId="8c84fa94-04c1-424b-9868-57a2d4851a1d" />
    <TestEntry testId="b89d58f6-3451-4a52-c26c-ae9d3822f836" executionId="0c1c6548-6196-4398-a5df-4a88cdf63af4" testListId="8c84fa94-04c1-424b-9868-57a2d4851a1d" />
    <TestEntry testId="b525a9d3-5ad0-5c70-a1c9-be78c0c85d0c" executionId="5c1a0930-a9e3-446c-9c99-fd3a22fce5b8" testListId="8c84fa94-04c1-424b-9868-57a2d4851a1d" />
    <TestEntry testId="99aa1ae7-f783-a977-8317-5f1ee410306e" executionId="06866ad1-c5be-4de0-9bd0-37ec7c838324" testListId="8c84fa94-04c1-424b-9868-57a2d4851a1d" />
    <TestEntry testId="51353947-3452-476e-394a-bcc34cf5934f" executionId="4b4d1d81-e4f0-4af5-ab5f-6e3d3acd0601" testListId="8c84fa94-04c1-424b-9868-57a2d4851a1d" />
    <TestEntry testId="a5a77c23-3fc3-73eb-726a-706853169a5b" executionId="388b1cd2-e2e8-4fe7-90fd-55314a8c01c5" testListId="8c84fa94-04c1-424b-9868-57a2d4851a1d" />
    <TestEntry testId="68d897a4-6a85-c8f5-57c8-3625c4c02b5f" executionId="2af0c6ff-f607-43c3-b288-9b2f04f9668e" testListId="8c84fa94-04c1-424b-9868-57a2d4851a1d" />
    <TestEntry testId="faccfa53-2df6-24a2-b853-bc0462bcfc1c" executionId="b6b601d0-03f0-462d-9aad-0426171c1c4f" testListId="8c84fa94-04c1-424b-9868-57a2d4851a1d" />
    <TestEntry testId="b81c1618-316b-5c50-d8bb-6cce05c2b1d6" executionId="ce7ad8b4-d3d2-4c78-adcb-88b2fe92de3a" testListId="8c84fa94-04c1-424b-9868-57a2d4851a1d" />
    <TestEntry testId="df534433-e81e-2362-089d-02b32a13ff5f" executionId="b461b8e8-d5d3-4a15-a708-74b0f5f0c272" testListId="8c84fa94-04c1-424b-9868-57a2d4851a1d" />
    <TestEntry testId="46b8a299-9fde-9539-71fe-3aef5b8601e2" executionId="61f67afe-939b-46db-93d7-f2a0cddbc9d2" testListId="8c84fa94-04c1-424b-9868-57a2d4851a1d" />
    <TestEntry testId="e83ed511-c40f-c1db-281e-9fbb36db81f3" executionId="e4750df3-ec35-45d0-9803-920dd5512363" testListId="8c84fa94-04c1-424b-9868-57a2d4851a1d" />
    <TestEntry testId="d17156f2-d96b-7805-f2d0-4f7f66933361" executionId="5809ca42-7177-4907-b8cc-cd7685c5a1c5" testListId="8c84fa94-04c1-424b-9868-57a2d4851a1d" />
    <TestEntry testId="94d721c8-ee4e-319c-2167-6beaaf83b935" executionId="4e7bac15-5979-4744-a3b3-e562b15731f8" testListId="8c84fa94-04c1-424b-9868-57a2d4851a1d" />
    <TestEntry testId="f60ad773-b852-568a-f848-dd5f3fec899e" executionId="d4ce7692-33e4-4c02-8a97-19a5cc71e1de" testListId="8c84fa94-04c1-424b-9868-57a2d4851a1d" />
    <TestEntry testId="2b484fed-800e-eefb-c232-611caa07952d" executionId="2875e6c3-6261-4373-ac77-8ec0ffe0a6fb" testListId="8c84fa94-04c1-424b-9868-57a2d4851a1d" />
    <TestEntry testId="fca4fb8b-d92d-c12c-ce43-4e8f81294e05" executionId="0cd19a65-e27e-46b2-8947-b38850aadb5a" testListId="8c84fa94-04c1-424b-9868-57a2d4851a1d" />
    <TestEntry testId="10c50b8f-bcc8-df8e-e0b7-8d550856f9b0" executionId="654cc3fb-73c6-41de-b132-f140b89b7025" testListId="8c84fa94-04c1-424b-9868-57a2d4851a1d" />
    <TestEntry testId="96333dd8-5a74-360b-92fb-215ab6923163" executionId="d2126736-d981-4425-95c6-62d6e0ce8f0d" testListId="8c84fa94-04c1-424b-9868-57a2d4851a1d" />
    <TestEntry testId="5ff9f8c5-a602-278e-9018-6f84584c4fe6" executionId="0c713ce6-8032-4227-8009-0366ebe9f200" testListId="8c84fa94-04c1-424b-9868-57a2d4851a1d" />
    <TestEntry testId="fa2e88d1-6b70-064f-28da-ce56fe3bc31b" executionId="06d21d82-9e9a-455a-9132-a160125345e4" testListId="8c84fa94-04c1-424b-9868-57a2d4851a1d" />
    <TestEntry testId="b66a0705-5045-a9ff-6d1b-1ead82f483bf" executionId="4721aa4b-dca8-46f1-8448-37c01756a44f" testListId="8c84fa94-04c1-424b-9868-57a2d4851a1d" />
    <TestEntry testId="b5d24841-5913-74d3-42f1-eae7a6cd6b06" executionId="8e1a5b2f-98c5-45da-ae22-0d5386b3c012" testListId="8c84fa94-04c1-424b-9868-57a2d4851a1d" />
    <TestEntry testId="c6d7e2c8-c69e-63ac-2995-895307cfb489" executionId="f4064edc-890f-4870-9a81-5cbede27b7f5" testListId="8c84fa94-04c1-424b-9868-57a2d4851a1d" />
    <TestEntry testId="cc9ac9d7-b9e8-4488-d232-2be18abcf3d4" executionId="63cfca13-6865-4383-bd63-4a478286b9cd" testListId="8c84fa94-04c1-424b-9868-57a2d4851a1d" />
    <TestEntry testId="50c5abd6-7b0a-4348-78da-8a2e086832a2" executionId="49ac3c63-2669-415e-95a8-5110f610e38c" testListId="8c84fa94-04c1-424b-9868-57a2d4851a1d" />
    <TestEntry testId="4b76b10c-3987-229a-82ef-c4d4464c6a7a" executionId="cc983df5-8cd2-41c5-97d5-f9a2ccfb94d2" testListId="8c84fa94-04c1-424b-9868-57a2d4851a1d" />
    <TestEntry testId="43d3aa7c-9de4-afce-d05b-93acd6576746" executionId="c61a54ba-5b4a-424c-8c37-d5845acc91ec" testListId="8c84fa94-04c1-424b-9868-57a2d4851a1d" />
    <TestEntry testId="01826418-4acd-c446-dcf6-3d0fe5fda7b0" executionId="274d9aed-8746-4038-84f5-b5a868e3fa0f" testListId="8c84fa94-04c1-424b-9868-57a2d4851a1d" />
    <TestEntry testId="7166428a-b2c6-d817-221a-e3f6d6f9c367" executionId="7acf5f78-7644-4e54-b0e7-09ee9323006c" testListId="8c84fa94-04c1-424b-9868-57a2d4851a1d" />
    <TestEntry testId="5e34e83a-50fc-5b2c-3593-fda1d4315bc6" executionId="9325a21b-a224-4705-a678-317ada05a9f9" testListId="8c84fa94-04c1-424b-9868-57a2d4851a1d" />
    <TestEntry testId="0c583350-00fc-c256-1d2e-f648f6c1b140" executionId="2a5c7395-4d4e-4a6a-bb61-83bceb7bc7c9" testListId="8c84fa94-04c1-424b-9868-57a2d4851a1d" />
    <TestEntry testId="f431fb4a-77c8-02d9-5874-49fe6f579e71" executionId="35759621-750b-45c0-ae0f-172af1fa9f23" testListId="8c84fa94-04c1-424b-9868-57a2d4851a1d" />
    <TestEntry testId="e4fcace6-2c75-0e64-c285-70cbf2156b4a" executionId="70d8474c-d0d9-487f-8ed5-56f846072627" testListId="8c84fa94-04c1-424b-9868-57a2d4851a1d" />
    <TestEntry testId="45f226c6-a7fb-f0c5-2b54-879f9f02343b" executionId="81472c9b-180a-45f7-b147-a7b6dbdd2314" testListId="8c84fa94-04c1-424b-9868-57a2d4851a1d" />
    <TestEntry testId="e53e156b-129a-c92c-df82-35500b563cae" executionId="f2366a01-a00d-4105-a28f-ba36c0a204c2" testListId="8c84fa94-04c1-424b-9868-57a2d4851a1d" />
    <TestEntry testId="c64906e5-891b-d070-0323-c95ffdca0dd5" executionId="f4c89d5c-4bae-4e0e-a488-9583e09a1bf5" testListId="8c84fa94-04c1-424b-9868-57a2d4851a1d" />
    <TestEntry testId="4dc95a35-dbeb-1d83-363f-030e74e2f451" executionId="87b57018-ad7b-4e83-b1b6-f30160d0f5da" testListId="8c84fa94-04c1-424b-9868-57a2d4851a1d" />
    <TestEntry testId="b6681964-59c0-3268-9b1a-1e37718996a3" executionId="370b7845-715d-4ba3-9803-db1f72ee4811" testListId="8c84fa94-04c1-424b-9868-57a2d4851a1d" />
    <TestEntry testId="fd21df4b-204e-a7c4-3467-b991d2cfdb59" executionId="d4505b94-e2a1-4b2a-a076-2645b34c1116" testListId="8c84fa94-04c1-424b-9868-57a2d4851a1d" />
    <TestEntry testId="714f0003-938d-dad5-3c4f-f245997bfc86" executionId="675b45d2-a2eb-4e46-8a0e-0cdabed1f98a" testListId="8c84fa94-04c1-424b-9868-57a2d4851a1d" />
    <TestEntry testId="86e349cb-54c7-eeac-34ed-ee58de95c40c" executionId="35a4dfe4-201f-4e32-8b8a-3f684a163072" testListId="8c84fa94-04c1-424b-9868-57a2d4851a1d" />
    <TestEntry testId="9fe5da7b-8344-b527-8330-6fbce0aa2ad1" executionId="552083e5-54cd-4743-a505-7115a108c3ae" testListId="8c84fa94-04c1-424b-9868-57a2d4851a1d" />
    <TestEntry testId="e13a926e-8f7a-1ebc-e350-9ac986a98f7c" executionId="a3f89d1f-0cbe-4e72-a5cc-5120a1574850" testListId="8c84fa94-04c1-424b-9868-57a2d4851a1d" />
    <TestEntry testId="30b9de58-1a14-f03e-d802-269c770e923a" executionId="0e76d975-12a4-44b1-86b7-237fef57c91e" testListId="8c84fa94-04c1-424b-9868-57a2d4851a1d" />
    <TestEntry testId="8c3af055-720f-3152-0354-855afd66a7ec" executionId="150bbb98-4a10-4b97-83e9-ec6c9e1e3e43" testListId="8c84fa94-04c1-424b-9868-57a2d4851a1d" />
    <TestEntry testId="8e599e60-ab89-4b35-a0ff-6f9eb7d0e6aa" executionId="87efe465-52b6-4eb7-80a5-ee6d521871a7" testListId="8c84fa94-04c1-424b-9868-57a2d4851a1d" />
    <TestEntry testId="ffba5041-3dad-a171-d402-f1044d82d98b" executionId="b92dfd49-e11c-4715-9134-be66f63b9287" testListId="8c84fa94-04c1-424b-9868-57a2d4851a1d" />
    <TestEntry testId="8a5b4e05-a4b2-8f97-f9df-809c810b58e5" executionId="ac0d6d67-f12d-4e2d-ad9b-2b68f53c5843" testListId="8c84fa94-04c1-424b-9868-57a2d4851a1d" />
    <TestEntry testId="060a0ab5-38d7-1a51-f31b-f4f97a6b8532" executionId="ec6c1af1-ee81-4a96-a144-9571740db773" testListId="8c84fa94-04c1-424b-9868-57a2d4851a1d" />
    <TestEntry testId="1d56fabf-6545-86bf-c7d3-9fcbf11a9191" executionId="0e171666-2581-43b1-9af0-38662671c84e" testListId="8c84fa94-04c1-424b-9868-57a2d4851a1d" />
    <TestEntry testId="13b04cd4-8537-43f4-d359-9f5e07054bb4" executionId="2b757224-3d33-4d99-8b53-86a2aac612c1" testListId="8c84fa94-04c1-424b-9868-57a2d4851a1d" />
    <TestEntry testId="2be7544e-7b3b-7222-ed6c-048455d7cdad" executionId="a5fa9485-7dfb-4a11-a70c-88af97a63c31" testListId="8c84fa94-04c1-424b-9868-57a2d4851a1d" />
    <TestEntry testId="a618fa57-693b-239b-b71b-0308944ead29" executionId="c7e68ff7-b8d7-4be3-ad87-3de60b719213" testListId="8c84fa94-04c1-424b-9868-57a2d4851a1d" />
    <TestEntry testId="db023c3f-6d43-e932-afde-4a3e22b19baf" executionId="969382c4-578b-4f4a-81b6-8399c56a99c7" testListId="8c84fa94-04c1-424b-9868-57a2d4851a1d" />
    <TestEntry testId="cfffaa5c-f039-1e50-80e4-a0c83b100e2e" executionId="59535a5b-5326-43fd-b6b3-1012b11e66bb" testListId="8c84fa94-04c1-424b-9868-57a2d4851a1d" />
    <TestEntry testId="9281d5a3-bf55-f4a8-e9db-d28abfc3fecd" executionId="244e2e13-ba53-4d9a-8a52-8ef1378fd038" testListId="8c84fa94-04c1-424b-9868-57a2d4851a1d" />
    <TestEntry testId="c813dab8-ded2-b372-f84d-2989bfcad19b" executionId="79d6072a-c975-453d-851f-152d17f67910" testListId="8c84fa94-04c1-424b-9868-57a2d4851a1d" />
    <TestEntry testId="027f9e62-c340-9cfd-f88d-e3e7c831dd77" executionId="d8f5d0d6-71d4-492d-8f38-97072d5a1eb6" testListId="8c84fa94-04c1-424b-9868-57a2d4851a1d" />
    <TestEntry testId="9309341b-b8a6-df5d-756c-93b5b5add603" executionId="a85f7616-f253-44bb-b770-e576effeb835" testListId="8c84fa94-04c1-424b-9868-57a2d4851a1d" />
    <TestEntry testId="0d31d690-be18-682b-70ab-692d878b1d19" executionId="cde951b8-cd97-4a07-a4f2-554f3ad74742" testListId="8c84fa94-04c1-424b-9868-57a2d4851a1d" />
    <TestEntry testId="2e8375d0-534a-373a-a359-8388c50bf427" executionId="db31c7a1-095c-49ac-88eb-eeb784adb538" testListId="8c84fa94-04c1-424b-9868-57a2d4851a1d" />
    <TestEntry testId="7ca2baec-b800-c545-e218-0cb2bb88b41a" executionId="c7d6b202-55b2-4190-af0f-d0dd8c5b1970" testListId="8c84fa94-04c1-424b-9868-57a2d4851a1d" />
    <TestEntry testId="1049468b-6543-59b7-56f8-d0c94b4c3137" executionId="c194c895-159b-4de6-afac-8cc7c131be21" testListId="8c84fa94-04c1-424b-9868-57a2d4851a1d" />
    <TestEntry testId="8b866447-66c6-e5a8-8978-03992b373a6f" executionId="57951f2c-fc69-44bd-b4ff-1de231e5e80d" testListId="8c84fa94-04c1-424b-9868-57a2d4851a1d" />
    <TestEntry testId="5c7bd3fb-81ff-1ac2-6d57-8d1e80a09522" executionId="7ad9d110-09be-4a6a-a433-6273fb4042b0" testListId="8c84fa94-04c1-424b-9868-57a2d4851a1d" />
    <TestEntry testId="894e2728-4245-42fa-915a-9f574681c41e" executionId="2c06e191-05e7-4d68-af80-3c6cc0a83884" testListId="8c84fa94-04c1-424b-9868-57a2d4851a1d" />
    <TestEntry testId="4caefc62-ab13-e69f-9847-b104043b9487" executionId="69d83c90-ca99-4d36-bb4c-6fef7d5c8e92" testListId="8c84fa94-04c1-424b-9868-57a2d4851a1d" />
    <TestEntry testId="822f4957-5137-d7c6-2e55-84f7df38fa3f" executionId="ce3c899c-553c-4f47-8b71-f07bb23ab955" testListId="8c84fa94-04c1-424b-9868-57a2d4851a1d" />
    <TestEntry testId="432343ba-1ff8-33bb-c663-8e4732a49a83" executionId="e144d640-b523-4de4-ae63-9ad1a4b78719" testListId="8c84fa94-04c1-424b-9868-57a2d4851a1d" />
    <TestEntry testId="f4996435-af05-7f68-a1f7-cd772da197a8" executionId="7f9e2666-53f9-4715-9521-8de170bc0355" testListId="8c84fa94-04c1-424b-9868-57a2d4851a1d" />
    <TestEntry testId="01e7d27d-5dfb-11ca-f36b-fb5e7da77ca3" executionId="240d16fc-6a61-40ae-9b27-f8f3fa18aaee" testListId="8c84fa94-04c1-424b-9868-57a2d4851a1d" />
    <TestEntry testId="bb345544-bfb8-1b01-5339-f2605a9da222" executionId="7588f55e-556b-4fd5-992d-35244933aedb" testListId="8c84fa94-04c1-424b-9868-57a2d4851a1d" />
    <TestEntry testId="b5dc3f22-33c2-3b99-93aa-344fe768da56" executionId="d22aa453-4de4-4551-a80c-a4e9d3d4ac05" testListId="8c84fa94-04c1-424b-9868-57a2d4851a1d" />
    <TestEntry testId="f0f83b5a-596a-0ab8-09af-a0a880cb9a69" executionId="4cb6acb0-939c-45cb-b64b-57e1e9a109de" testListId="8c84fa94-04c1-424b-9868-57a2d4851a1d" />
    <TestEntry testId="62d61001-527d-9d1b-b23e-81539a8cf50c" executionId="34948708-de49-452b-b247-f55260578fef" testListId="8c84fa94-04c1-424b-9868-57a2d4851a1d" />
    <TestEntry testId="5b1e9da7-ae1e-bd78-57ac-b89147ec436e" executionId="10eafba2-5310-4ff1-99c1-4ca4902a0be4" testListId="8c84fa94-04c1-424b-9868-57a2d4851a1d" />
    <TestEntry testId="b122c509-1688-809e-ff0e-b8d07977af92" executionId="3bb866c5-ab1d-4ad1-99d5-8f18b8e32c0f" testListId="8c84fa94-04c1-424b-9868-57a2d4851a1d" />
    <TestEntry testId="764bb79d-f64b-321d-1c4f-cc3374bb3cf9" executionId="90a023c4-8082-4aac-a40d-c4361d4914d2" testListId="8c84fa94-04c1-424b-9868-57a2d4851a1d" />
    <TestEntry testId="cf45ee30-83d2-0b82-f62e-b027766bbeaf" executionId="bcc7ad0f-fc55-4c60-b0e0-ce2cb419b20d" testListId="8c84fa94-04c1-424b-9868-57a2d4851a1d" />
    <TestEntry testId="80130715-8654-c968-d178-dd7e1786799a" executionId="7eee7b28-43c6-431e-8b78-463dc0673784" testListId="8c84fa94-04c1-424b-9868-57a2d4851a1d" />
    <TestEntry testId="5a411fd8-004a-df54-9143-f411c3f3fc8b" executionId="3b5233a6-c404-4a7c-83b2-9e1bb17b5475" testListId="8c84fa94-04c1-424b-9868-57a2d4851a1d" />
    <TestEntry testId="5f07255c-d5cd-c0df-f7ee-814cf222be88" executionId="69bce61d-5456-4f70-a728-c7723fae00f7" testListId="8c84fa94-04c1-424b-9868-57a2d4851a1d" />
    <TestEntry testId="38077e4a-1987-20ec-135a-13e02775b25f" executionId="ad88c33b-4aa9-4559-ba38-347936ac7bf1" testListId="8c84fa94-04c1-424b-9868-57a2d4851a1d" />
    <TestEntry testId="d15a78dd-4e5d-1e70-ad9e-7c1326ed70f1" executionId="c36d31b8-70ca-4d3c-9804-b99ae0cd37e3" testListId="8c84fa94-04c1-424b-9868-57a2d4851a1d" />
    <TestEntry testId="b1dfb4f4-ba55-a7da-366a-3fd92a7e155a" executionId="97450a74-cca7-4240-8194-eadf62179e45" testListId="8c84fa94-04c1-424b-9868-57a2d4851a1d" />
    <TestEntry testId="9173bdb8-0644-720d-11dc-acce7b1baa61" executionId="2f920767-808e-4ec6-befe-8e2075fee933" testListId="8c84fa94-04c1-424b-9868-57a2d4851a1d" />
    <TestEntry testId="67bbf7ed-a3ff-066f-e1a0-d7495df89ca2" executionId="e13b9940-524c-4d2f-b47d-715107643b0f" testListId="8c84fa94-04c1-424b-9868-57a2d4851a1d" />
    <TestEntry testId="1a6ecfe3-8465-12d2-501e-52aba80255ad" executionId="b8300d91-7c15-4234-b8a8-dc5f70f3e734" testListId="8c84fa94-04c1-424b-9868-57a2d4851a1d" />
    <TestEntry testId="1a70e6dc-ed7f-99d8-a7c4-718e191e6269" executionId="af5d1156-4f90-46f6-ab7f-48077947865f" testListId="8c84fa94-04c1-424b-9868-57a2d4851a1d" />
    <TestEntry testId="570d2e98-25b4-429b-1b58-b7f94d923fa0" executionId="fdc1321f-b0c5-4719-925b-eb65ed4a143b" testListId="8c84fa94-04c1-424b-9868-57a2d4851a1d" />
    <TestEntry testId="c283905a-c94a-e35b-3c4e-06b1ee829ec7" executionId="6aac769b-3a7a-4e53-9cbc-a54292f4f8bc" testListId="8c84fa94-04c1-424b-9868-57a2d4851a1d" />
    <TestEntry testId="8c74a5c7-7577-2a52-606c-e8d97bc53bd8" executionId="f7fb6cc9-7c41-458b-b786-cd849f8276e8" testListId="8c84fa94-04c1-424b-9868-57a2d4851a1d" />
    <TestEntry testId="9d62c429-bfc4-7793-6e3b-107bc74d99f7" executionId="e8d5eb6d-d764-4bb5-8cb2-ab1b116a6606" testListId="8c84fa94-04c1-424b-9868-57a2d4851a1d" />
    <TestEntry testId="a7543171-6e4a-824a-11b7-fead58dad668" executionId="4a82c64f-68a8-4436-886c-38f5c55a0ea6" testListId="8c84fa94-04c1-424b-9868-57a2d4851a1d" />
    <TestEntry testId="1fc0a138-aae1-a53b-1473-03ab377675e8" executionId="be5d9381-f288-49b9-bf66-a244ed39de6c" testListId="8c84fa94-04c1-424b-9868-57a2d4851a1d" />
    <TestEntry testId="4bb0600b-7552-bec3-f9e2-bd119f76cea4" executionId="13039837-425f-4435-89d3-9dc4ca9f5b56" testListId="8c84fa94-04c1-424b-9868-57a2d4851a1d" />
    <TestEntry testId="fbfcdd25-8006-e7af-fc46-35b988e5dd70" executionId="5d8c8ed7-1d20-4591-ab7f-03cad522e5fc" testListId="8c84fa94-04c1-424b-9868-57a2d4851a1d" />
    <TestEntry testId="048450f3-967a-39d8-a390-18f251e85531" executionId="b5a57a5c-6f18-419d-bc48-7efa69ae889a" testListId="8c84fa94-04c1-424b-9868-57a2d4851a1d" />
    <TestEntry testId="a1836fe9-5442-216b-5777-465e396b7d81" executionId="1bacbf73-c584-4cce-af14-2cbfe8aae157" testListId="8c84fa94-04c1-424b-9868-57a2d4851a1d" />
    <TestEntry testId="917fa181-a315-21f5-7c4c-f9ac52837fa3" executionId="0e495898-9676-4596-bb30-c9a59d186051" testListId="8c84fa94-04c1-424b-9868-57a2d4851a1d" />
    <TestEntry testId="0823628a-7c09-b726-d13c-9b0734623f88" executionId="8989b52c-e5ff-4ea8-aecb-51a810896a2a" testListId="8c84fa94-04c1-424b-9868-57a2d4851a1d" />
    <TestEntry testId="08cd1022-e7e2-5161-140c-058a94b3cf40" executionId="24ab0c18-abcb-4167-b643-509c6181d79d" testListId="8c84fa94-04c1-424b-9868-57a2d4851a1d" />
    <TestEntry testId="4e8d34fb-f4b6-28e4-b444-7aeea57cc091" executionId="0bfb7a12-5824-4ca5-98c0-6e1b282f28b4" testListId="8c84fa94-04c1-424b-9868-57a2d4851a1d" />
    <TestEntry testId="c4201998-1b61-94fa-68e5-733a302980cd" executionId="42977ddc-bcf5-422e-af06-0a3dd0c81df0" testListId="8c84fa94-04c1-424b-9868-57a2d4851a1d" />
    <TestEntry testId="fbd8feeb-89b4-a389-76c5-14662d3945a0" executionId="56c67fd5-4231-453b-a424-bf6a6bb8ac0b" testListId="8c84fa94-04c1-424b-9868-57a2d4851a1d" />
    <TestEntry testId="d939a691-315b-b0a2-01a2-f86a45831d39" executionId="1866b9cb-364e-42ce-8046-edee92cc6d12" testListId="8c84fa94-04c1-424b-9868-57a2d4851a1d" />
    <TestEntry testId="5519bd7e-9166-72fd-aaec-cf2034f21955" executionId="47a5d1a0-295a-4927-8d96-22a1a6569d02" testListId="8c84fa94-04c1-424b-9868-57a2d4851a1d" />
    <TestEntry testId="26d4b4dc-4bfc-3c83-5743-0847b7876e96" executionId="76c71c35-37a3-42af-ba6f-23dc1cfa9e3e" testListId="8c84fa94-04c1-424b-9868-57a2d4851a1d" />
    <TestEntry testId="c4bb9c57-0c61-5955-6574-c3f05fe81266" executionId="30791bc1-5a6d-4c1b-90d2-17c2abd7f269" testListId="8c84fa94-04c1-424b-9868-57a2d4851a1d" />
    <TestEntry testId="a5857de3-4c5c-b040-fb8d-0bda53457090" executionId="50ed7079-92bc-4eb6-bbf9-c489b9c64fef" testListId="8c84fa94-04c1-424b-9868-57a2d4851a1d" />
    <TestEntry testId="a474e3f4-7b2b-a10f-817b-c3d993d8d057" executionId="2e2dd774-d02e-4515-8594-727aadebbab7" testListId="8c84fa94-04c1-424b-9868-57a2d4851a1d" />
    <TestEntry testId="3072f26e-d5f5-2e36-37f6-f3e5da4116e7" executionId="3db1966f-9300-4d30-a3aa-93eab9ba6ee6" testListId="8c84fa94-04c1-424b-9868-57a2d4851a1d" />
    <TestEntry testId="3e153557-6ec4-cb92-cb2d-9aa00fa5afac" executionId="d333503a-fad5-44c0-b772-2c218e3d1c91" testListId="8c84fa94-04c1-424b-9868-57a2d4851a1d" />
    <TestEntry testId="268752d1-798d-3eac-dd72-4e4823b26aee" executionId="83e00257-0c69-4996-8c10-e46912f43b79" testListId="8c84fa94-04c1-424b-9868-57a2d4851a1d" />
    <TestEntry testId="0a1f2d43-8296-337d-6147-c0bb178be2a0" executionId="ec848f9c-3092-41b2-8af7-ba38f8826430" testListId="8c84fa94-04c1-424b-9868-57a2d4851a1d" />
    <TestEntry testId="df92ad98-bce4-a78f-33fd-44173b296ba5" executionId="0742786d-7ec8-48cf-bd83-493081298ea1" testListId="8c84fa94-04c1-424b-9868-57a2d4851a1d" />
    <TestEntry testId="edba1904-1233-d717-493b-63954672373b" executionId="701fafe1-56fe-4ccf-adb6-407fcee5aca1" testListId="8c84fa94-04c1-424b-9868-57a2d4851a1d" />
    <TestEntry testId="0e7a1813-5e2f-3c15-eca5-6462120e4310" executionId="26490742-ff8b-4e60-8431-0c401a516931" testListId="8c84fa94-04c1-424b-9868-57a2d4851a1d" />
    <TestEntry testId="7428b5be-e41e-3ae2-e6c3-7e5ae8113bcf" executionId="db19ce2e-70e4-4e5d-b3db-3a2656061ba6" testListId="8c84fa94-04c1-424b-9868-57a2d4851a1d" />
    <TestEntry testId="53c6727e-4ff3-092e-cdf4-886284bca918" executionId="87259881-6ef0-4e86-920a-0780adcdd45a" testListId="8c84fa94-04c1-424b-9868-57a2d4851a1d" />
    <TestEntry testId="b2e6b500-7969-7e58-f58c-f1d4a95af049" executionId="2fbf8205-0d83-4973-a6d6-52d8e1b7bd31" testListId="8c84fa94-04c1-424b-9868-57a2d4851a1d" />
    <TestEntry testId="2b8edfa7-90a8-7c8f-bd51-68f140a4326e" executionId="9d6f2eeb-1ca0-4671-943c-1df5a2e49ee4" testListId="8c84fa94-04c1-424b-9868-57a2d4851a1d" />
    <TestEntry testId="ccc8db3c-2a40-6a23-d865-c5fdedd56357" executionId="0966d9d7-0d53-408c-8443-fdba7c4c7330" testListId="8c84fa94-04c1-424b-9868-57a2d4851a1d" />
    <TestEntry testId="4258fb6c-c2cd-a351-3bea-df12428172b9" executionId="4fd5664e-ba45-4936-8610-5f6bc82a06fd" testListId="8c84fa94-04c1-424b-9868-57a2d4851a1d" />
    <TestEntry testId="be466fe9-7b7a-b34e-e55a-b1f71a62e523" executionId="e4c57541-7ef3-4de4-8be2-ddc43fcb7a22" testListId="8c84fa94-04c1-424b-9868-57a2d4851a1d" />
    <TestEntry testId="a6767e11-07cf-022c-d1c8-5a4b5741034d" executionId="8588f3d9-75bf-4bda-96cc-e629dbef1e66" testListId="8c84fa94-04c1-424b-9868-57a2d4851a1d" />
    <TestEntry testId="1fbfa319-c69d-e1db-1d93-bbb3d9e8e78c" executionId="71ab99d0-d812-468b-a25d-b208ac9156a0" testListId="8c84fa94-04c1-424b-9868-57a2d4851a1d" />
    <TestEntry testId="06b04cbf-1fd5-d32f-d8f4-8b71f410d28d" executionId="e5260f7a-a2c7-443a-a694-61d022f267b3" testListId="8c84fa94-04c1-424b-9868-57a2d4851a1d" />
    <TestEntry testId="1f98161b-00b2-ba0b-c4dd-2a3b9d61fecd" executionId="f1102f51-d261-487a-bd2d-128394915253" testListId="8c84fa94-04c1-424b-9868-57a2d4851a1d" />
    <TestEntry testId="e611bd83-a14a-7a54-e802-38193c5477db" executionId="fb5cd2b0-161d-4152-af0d-4d9d60bda928" testListId="8c84fa94-04c1-424b-9868-57a2d4851a1d" />
    <TestEntry testId="4184d3dd-ca69-c1b8-586f-f93c06d5d26b" executionId="30d24ff3-3e63-42e7-aad3-50c4233ee48c" testListId="8c84fa94-04c1-424b-9868-57a2d4851a1d" />
    <TestEntry testId="16fd87ca-abac-693d-a145-e399999aee30" executionId="83933005-eeae-4f8f-a2c8-16177592d8f4" testListId="8c84fa94-04c1-424b-9868-57a2d4851a1d" />
    <TestEntry testId="57bcb7bc-72d9-ad1f-99f2-a076d64fe7fb" executionId="d868b6df-8650-4eb0-bd62-93dfcf7db42e" testListId="8c84fa94-04c1-424b-9868-57a2d4851a1d" />
    <TestEntry testId="0ec4f347-68ff-9ec8-73d0-7812bda10241" executionId="3f77b8b0-2508-473d-9a9d-e29ba370d554" testListId="8c84fa94-04c1-424b-9868-57a2d4851a1d" />
    <TestEntry testId="a6cbf3bf-8536-d3d8-7967-29553bc7bd7d" executionId="be1db7cf-8267-4797-ac99-0ef37f79a7d3" testListId="8c84fa94-04c1-424b-9868-57a2d4851a1d" />
    <TestEntry testId="18908a83-d63a-c717-8a2e-5ac4d4dd7bc5" executionId="27e1c795-735e-4ec2-b884-6351d54a2177" testListId="8c84fa94-04c1-424b-9868-57a2d4851a1d" />
    <TestEntry testId="0bc15a78-ab39-3aa8-3013-acecb5d67602" executionId="6396e217-81f6-40b4-8291-6660965b1dc6" testListId="8c84fa94-04c1-424b-9868-57a2d4851a1d" />
    <TestEntry testId="4d40b394-203e-b193-af93-1107e104b241" executionId="b46ecc7a-b9ad-40da-ae9a-2dff27b0f165" testListId="8c84fa94-04c1-424b-9868-57a2d4851a1d" />
    <TestEntry testId="b418870a-8d2c-3360-5644-60e4db33ab07" executionId="a81aabf0-1da6-48e4-a71b-9d82869f28f1" testListId="8c84fa94-04c1-424b-9868-57a2d4851a1d" />
    <TestEntry testId="98aeb1c6-0311-034b-f3a6-7cfe1ed606b2" executionId="88faa5c9-15ca-4c18-8ca4-fc802be6529c" testListId="8c84fa94-04c1-424b-9868-57a2d4851a1d" />
    <TestEntry testId="8f286339-d7f1-b96a-ccab-ea46d42d5f35" executionId="5f82fad7-9acc-4eda-b2fb-da78ed5eda30" testListId="8c84fa94-04c1-424b-9868-57a2d4851a1d" />
    <TestEntry testId="73037e9b-1fcc-6402-5b2e-26dfd5dbecaa" executionId="9e39fb80-12b6-45c3-8556-13c7b729ac2e" testListId="8c84fa94-04c1-424b-9868-57a2d4851a1d" />
    <TestEntry testId="e12e7acd-2331-13b9-9d8f-f8f7f7f3c03e" executionId="85e50797-0860-4570-92d3-3efb17d01a73" testListId="8c84fa94-04c1-424b-9868-57a2d4851a1d" />
    <TestEntry testId="280f5e98-f3ab-164f-d4c2-e5cd5ad11a0f" executionId="4298632f-724d-46d0-9f07-fba31a6a04de" testListId="8c84fa94-04c1-424b-9868-57a2d4851a1d" />
    <TestEntry testId="12b9a3cc-ed0e-3dca-82a7-a0f790cf139f" executionId="5b363127-b4d1-4d34-af9d-0d1a8a186bb9" testListId="8c84fa94-04c1-424b-9868-57a2d4851a1d" />
    <TestEntry testId="6db6db1d-1177-c8ea-5cf3-de091ac6501f" executionId="7d8047f3-6615-495f-9f7a-b28ff8ec3a78" testListId="8c84fa94-04c1-424b-9868-57a2d4851a1d" />
    <TestEntry testId="5ffbebdf-5e40-5008-341b-badf7d73af51" executionId="4f9d3b91-c2d2-4e07-86cc-cfe6cba75a91" testListId="8c84fa94-04c1-424b-9868-57a2d4851a1d" />
    <TestEntry testId="2e1fa312-8a9c-62d8-e52c-b05292789ed7" executionId="12610757-0e8e-49b2-99df-8248ba9c76e7" testListId="8c84fa94-04c1-424b-9868-57a2d4851a1d" />
    <TestEntry testId="deea7a7e-1fdd-f5a6-e2aa-442a21568894" executionId="4cc6d8eb-7805-4dde-a205-ea98cc1069e9" testListId="8c84fa94-04c1-424b-9868-57a2d4851a1d" />
    <TestEntry testId="de5d3632-269c-15fc-64aa-2fff5984de26" executionId="9e640f59-24ab-4f45-a377-ec939082c5ca" testListId="8c84fa94-04c1-424b-9868-57a2d4851a1d" />
    <TestEntry testId="76271598-d406-2ed7-dae2-3fd4dd5c4009" executionId="02db1482-7934-425a-bcc3-57219f90e031" testListId="8c84fa94-04c1-424b-9868-57a2d4851a1d" />
    <TestEntry testId="406d7e6b-1b2f-ceac-cd05-2ee2f4450951" executionId="8f3bddab-03a8-4aba-8ef3-7bae422dc7a9" testListId="8c84fa94-04c1-424b-9868-57a2d4851a1d" />
    <TestEntry testId="720c460b-8ae4-d002-95bf-b1e81393149f" executionId="826aef6c-dfd3-4e65-9ac2-583e012622c6" testListId="8c84fa94-04c1-424b-9868-57a2d4851a1d" />
    <TestEntry testId="dd755980-a9f7-6ed1-2252-b0148c3d540c" executionId="97f19f68-d261-4f3f-94c1-724ef82b8c40" testListId="8c84fa94-04c1-424b-9868-57a2d4851a1d" />
    <TestEntry testId="4f7ae0b2-8709-4bc2-a4cb-6a78eeb89c6e" executionId="f9a76709-2b60-43ca-a2c0-a9a70672ba19" testListId="8c84fa94-04c1-424b-9868-57a2d4851a1d" />
    <TestEntry testId="d5a44384-7423-bfcb-cbff-38ad79aa2245" executionId="32119cb8-4078-4d7b-a451-05048ad61d2e" testListId="8c84fa94-04c1-424b-9868-57a2d4851a1d" />
    <TestEntry testId="61d97a99-bc30-8f14-515f-5aff50f32230" executionId="03bbc0e6-f244-47e0-aa51-52a8683090ac" testListId="8c84fa94-04c1-424b-9868-57a2d4851a1d" />
    <TestEntry testId="569bfaae-0410-8771-222d-4bb8137ef450" executionId="62ef4fc2-1bd7-45fa-89b7-e6191f563861" testListId="8c84fa94-04c1-424b-9868-57a2d4851a1d" />
    <TestEntry testId="bc0cf908-745b-84bd-9ad4-ff08ec13d089" executionId="985ac0bb-1f3f-40fb-a0b0-26b9c17c531a" testListId="8c84fa94-04c1-424b-9868-57a2d4851a1d" />
    <TestEntry testId="70c8ace6-8f3b-34a2-110c-2a568e443797" executionId="84bff055-90c1-4b1c-8d10-52c1c89a0ed6" testListId="8c84fa94-04c1-424b-9868-57a2d4851a1d" />
    <TestEntry testId="deaa7d6d-5179-48ff-d03d-6b99299e1d96" executionId="95c307f5-4183-40df-aa31-ed996bc4ce98" testListId="8c84fa94-04c1-424b-9868-57a2d4851a1d" />
    <TestEntry testId="4101a95e-40c4-0bc3-2388-01b84243ebee" executionId="b3368ad3-e0e9-4aba-af7d-80f3c849a831" testListId="8c84fa94-04c1-424b-9868-57a2d4851a1d" />
    <TestEntry testId="f80cf9ee-905e-8863-bda8-9d4d9c6015ab" executionId="31c0ec58-3fef-4875-809b-41454b0e924b" testListId="8c84fa94-04c1-424b-9868-57a2d4851a1d" />
    <TestEntry testId="adc90dd8-5ac7-3bbc-809a-8d948e56efe0" executionId="0fe36864-45c4-4844-9592-ed90628be1ec" testListId="8c84fa94-04c1-424b-9868-57a2d4851a1d" />
    <TestEntry testId="5a736385-92f4-596a-42c3-9ac76ed35208" executionId="56c6b0af-c214-45a9-bb0d-96823646b1e5" testListId="8c84fa94-04c1-424b-9868-57a2d4851a1d" />
    <TestEntry testId="d474425b-a25b-fe1c-8f25-d72d04077456" executionId="e91763f3-42ea-489c-b051-8532df3d1fc6" testListId="8c84fa94-04c1-424b-9868-57a2d4851a1d" />
    <TestEntry testId="b490ce64-b61a-562f-990e-1dd9b5014121" executionId="fbfc93fb-532d-40b7-b2ab-f5efad91d721" testListId="8c84fa94-04c1-424b-9868-57a2d4851a1d" />
    <TestEntry testId="2d8ab494-87f3-3eb5-2d44-6b26816709fb" executionId="f8fe6fc6-ff3b-4d60-8cad-42392f23bd3e" testListId="8c84fa94-04c1-424b-9868-57a2d4851a1d" />
    <TestEntry testId="7d593b95-9e68-62ca-7a26-9c22a24ac56d" executionId="81a20302-1e2e-4fa8-95f3-9fcb24973d94" testListId="8c84fa94-04c1-424b-9868-57a2d4851a1d" />
    <TestEntry testId="deae957c-62e2-1d26-6901-48b1e5ced5dc" executionId="7785e3bf-12d5-4caf-a182-b2b9ff38bec1" testListId="8c84fa94-04c1-424b-9868-57a2d4851a1d" />
    <TestEntry testId="8743d94d-d6cd-c718-c5ad-f9c6fd6bc396" executionId="2caae4ce-9bbd-45e5-8ede-3dae873f0bb7" testListId="8c84fa94-04c1-424b-9868-57a2d4851a1d" />
    <TestEntry testId="f88a9eb1-1b2d-6978-811a-00b9776f9a7b" executionId="dc374b72-743c-4033-97cb-fcd0d6c8a14c" testListId="8c84fa94-04c1-424b-9868-57a2d4851a1d" />
    <TestEntry testId="833be0b6-b134-58cc-33d7-b86161f587e4" executionId="f84ccfd6-5cad-4755-8f0b-11f70d5ed943" testListId="8c84fa94-04c1-424b-9868-57a2d4851a1d" />
    <TestEntry testId="d86ded55-5f4c-77c6-f606-ed4d9d7f15d2" executionId="257806b7-7804-4e39-b20b-9c968001a16c" testListId="8c84fa94-04c1-424b-9868-57a2d4851a1d" />
    <TestEntry testId="b04f067e-538f-45ea-ca52-c8528853dc98" executionId="3062251d-40e5-4607-bea9-53f1dcfdcadf" testListId="8c84fa94-04c1-424b-9868-57a2d4851a1d" />
    <TestEntry testId="c12825c8-ae4e-584d-bb7e-d7cd8271538d" executionId="0fdfed77-91fa-445f-86b6-9708e87d2c62" testListId="8c84fa94-04c1-424b-9868-57a2d4851a1d" />
    <TestEntry testId="a7724b9a-291c-c2c0-28d6-ba145c64e34d" executionId="9bf912a6-a37d-4eda-bb79-e0af75e0d1f8" testListId="8c84fa94-04c1-424b-9868-57a2d4851a1d" />
    <TestEntry testId="30d009dc-eac0-b4e6-900a-5292be5377f4" executionId="8e24d617-54de-48ad-b832-548ec10cb856" testListId="8c84fa94-04c1-424b-9868-57a2d4851a1d" />
    <TestEntry testId="c7dd5536-1bf2-3d6d-6f68-304b45ba7805" executionId="5a95c4c1-5796-4560-bb3b-28de7cc56a04" testListId="8c84fa94-04c1-424b-9868-57a2d4851a1d" />
    <TestEntry testId="42a07047-804b-3c03-19b8-b3db03190b07" executionId="5dd5caf4-dd2a-4c8a-a036-c184fcc6a0f1" testListId="8c84fa94-04c1-424b-9868-57a2d4851a1d" />
    <TestEntry testId="6f157339-746a-c5c0-6676-d390c2a907d3" executionId="f7317d25-2bfa-4aba-8417-b820bba8419a" testListId="8c84fa94-04c1-424b-9868-57a2d4851a1d" />
    <TestEntry testId="549f319b-3d3e-04c7-ff45-17f0d1db712c" executionId="fda1916e-2efa-49aa-bb6d-7091004dffdb" testListId="8c84fa94-04c1-424b-9868-57a2d4851a1d" />
    <TestEntry testId="e696dbf6-4b54-8154-003d-09395465f207" executionId="55c00082-c975-401d-a1b3-d3f2ef039407" testListId="8c84fa94-04c1-424b-9868-57a2d4851a1d" />
    <TestEntry testId="062b9029-8b37-6fb7-1cef-0200c21085ad" executionId="0077537f-6d1b-4288-b3c9-30930857f7dc" testListId="8c84fa94-04c1-424b-9868-57a2d4851a1d" />
    <TestEntry testId="a87ff5e5-9b1d-5210-f1d7-074df30d80a7" executionId="83cf03db-6f54-4dec-89ed-efd9c196f3f3" testListId="8c84fa94-04c1-424b-9868-57a2d4851a1d" />
    <TestEntry testId="8dde9b4f-5d4e-aafa-6015-bfdb73c367d3" executionId="e3a39975-a577-43f1-93d7-d61ac416f321" testListId="8c84fa94-04c1-424b-9868-57a2d4851a1d" />
    <TestEntry testId="f6bdcac0-22ed-72e6-9550-717b92896985" executionId="929ec95d-6d30-4826-b4a4-541cee74a73f" testListId="8c84fa94-04c1-424b-9868-57a2d4851a1d" />
    <TestEntry testId="d2da073d-29db-1812-1e61-1eb772d7166b" executionId="75097134-6881-4278-a463-365b71f7b7bd" testListId="8c84fa94-04c1-424b-9868-57a2d4851a1d" />
    <TestEntry testId="f4f05f7e-c1aa-8a7f-f1ec-8bb2f604023d" executionId="a6f3b1b2-657a-4254-ab23-729a08c7d0da" testListId="8c84fa94-04c1-424b-9868-57a2d4851a1d" />
    <TestEntry testId="f877fa82-b666-1ee2-d996-68f2efcc932e" executionId="15e50462-05aa-470c-86c3-a8a49a150fe6" testListId="8c84fa94-04c1-424b-9868-57a2d4851a1d" />
    <TestEntry testId="4407b350-db9d-8c81-7116-88bb98212cd0" executionId="8ff414eb-938e-4221-829a-d84eb5e70b68" testListId="8c84fa94-04c1-424b-9868-57a2d4851a1d" />
    <TestEntry testId="b6f51341-a030-7010-92b4-f1c1a8bc9169" executionId="bf5495c7-37f5-4049-b310-4bbcf794b2c6" testListId="8c84fa94-04c1-424b-9868-57a2d4851a1d" />
    <TestEntry testId="baea752d-54d8-3c83-578e-889160e95153" executionId="180012cb-af47-45cc-a142-b2446e96c28c" testListId="8c84fa94-04c1-424b-9868-57a2d4851a1d" />
    <TestEntry testId="be33725e-bc92-9417-a609-016459ee48cb" executionId="d5658527-2470-431f-a959-0ac4ac4f85a0" testListId="8c84fa94-04c1-424b-9868-57a2d4851a1d" />
    <TestEntry testId="2108bcbe-d0f1-5006-caac-16d5ac26803a" executionId="000d2b09-2cfd-4b70-97d0-2fa1e4d4984e" testListId="8c84fa94-04c1-424b-9868-57a2d4851a1d" />
    <TestEntry testId="4007011b-94e0-985a-1e4f-af1e83cbb54c" executionId="45c0fe17-f576-4572-bcfc-3b05ccda90d5" testListId="8c84fa94-04c1-424b-9868-57a2d4851a1d" />
    <TestEntry testId="a8345ecf-deb0-fe09-c1e4-e6f7f6482ec8" executionId="2b15976a-f279-4612-906f-0745f544468c" testListId="8c84fa94-04c1-424b-9868-57a2d4851a1d" />
    <TestEntry testId="e56ecf4a-2afb-69f6-4624-afbf5ecf4c78" executionId="216f4f77-f125-4c4a-ac5c-42b1680ef29b" testListId="8c84fa94-04c1-424b-9868-57a2d4851a1d" />
    <TestEntry testId="a008fa4d-3311-e7d5-6ba1-8acc7485f062" executionId="86928e49-e06f-4c7d-bb40-a7ed9ceada20" testListId="8c84fa94-04c1-424b-9868-57a2d4851a1d" />
    <TestEntry testId="b832b975-47b0-af8c-06a6-7d2a3cee329b" executionId="7aec01f6-ce16-4da3-9202-eaed3e9d0b1c" testListId="8c84fa94-04c1-424b-9868-57a2d4851a1d" />
    <TestEntry testId="173cddce-20b5-b1cf-f1bb-6e624f03b3b2" executionId="cc97a9df-bb56-46d2-8a8a-19e6fd23424f" testListId="8c84fa94-04c1-424b-9868-57a2d4851a1d" />
    <TestEntry testId="f8636ac7-ebb5-6860-e56f-179c84b09f7e" executionId="36b8626b-0ebe-4459-adfc-50907810e41e" testListId="8c84fa94-04c1-424b-9868-57a2d4851a1d" />
    <TestEntry testId="0cf6b1ac-325e-ac64-fd36-574ae75b25e5" executionId="cb7b8d3b-4a33-4b9d-ae9e-9db9368da3a5" testListId="8c84fa94-04c1-424b-9868-57a2d4851a1d" />
    <TestEntry testId="6628d820-75ad-6955-de7e-b8cd13fb14bf" executionId="7b09cf64-2a56-49ec-b689-4303100cbd58" testListId="8c84fa94-04c1-424b-9868-57a2d4851a1d" />
    <TestEntry testId="2704797e-871f-8d89-561c-7af30a05128f" executionId="fc0e1212-8d32-4de9-ba8c-bc59e7715549" testListId="8c84fa94-04c1-424b-9868-57a2d4851a1d" />
    <TestEntry testId="1e5f29df-ed10-0b1f-d07d-d53b219d368d" executionId="cd78fb93-871e-4855-99e2-e74ecf85405b" testListId="8c84fa94-04c1-424b-9868-57a2d4851a1d" />
    <TestEntry testId="b6f833d8-499e-ed7b-6b41-c89313a68967" executionId="7a884d0a-0a80-403a-9dfe-cf34669021b0" testListId="8c84fa94-04c1-424b-9868-57a2d4851a1d" />
    <TestEntry testId="445820b3-85f7-a45b-0dbb-176036ea27f3" executionId="576551f7-be74-42ed-b8da-cf028708f566" testListId="8c84fa94-04c1-424b-9868-57a2d4851a1d" />
    <TestEntry testId="cc867c7c-0d5c-801d-c7c1-fb77450424f9" executionId="4a229023-bcc9-47d5-bbbd-393a56f2414b" testListId="8c84fa94-04c1-424b-9868-57a2d4851a1d" />
    <TestEntry testId="c3f78f48-a866-b86e-0984-689bef337df5" executionId="92527855-035b-4580-902c-31a9babde983" testListId="8c84fa94-04c1-424b-9868-57a2d4851a1d" />
    <TestEntry testId="d8ab1085-75ed-8e3c-6704-cb239b515cf2" executionId="232f7ce8-93f6-4105-9dbd-72ef7e8d6ea8" testListId="8c84fa94-04c1-424b-9868-57a2d4851a1d" />
    <TestEntry testId="06571b54-322a-973e-41eb-4f39ab7afeba" executionId="1cffb38d-bf68-4778-a419-f07e3aeaf4dc" testListId="8c84fa94-04c1-424b-9868-57a2d4851a1d" />
    <TestEntry testId="7527c8ed-75f7-2f06-edb4-4d6b09bcc381" executionId="cbe48bff-7191-41ca-9f88-c526bed93ce5" testListId="8c84fa94-04c1-424b-9868-57a2d4851a1d" />
    <TestEntry testId="9a676e03-e012-f8a9-7b8b-ab620799d1bd" executionId="b6ce9f0d-3a73-4357-8b1f-cdec96cf488d" testListId="8c84fa94-04c1-424b-9868-57a2d4851a1d" />
    <TestEntry testId="f0cf4632-d6dd-1631-e787-56470f2d346f" executionId="b28b598c-0f82-4819-86b7-2e9bb70b2761" testListId="8c84fa94-04c1-424b-9868-57a2d4851a1d" />
    <TestEntry testId="06216717-90a4-deb6-6c95-20467cbc32ad" executionId="cc4c5947-b237-4fd3-9f9b-be615bedfe05" testListId="8c84fa94-04c1-424b-9868-57a2d4851a1d" />
    <TestEntry testId="e00fbc9e-f7de-c06d-72fe-b42d59595a10" executionId="ad0f723a-fc6d-498f-bbd1-c2d1b2715c8f" testListId="8c84fa94-04c1-424b-9868-57a2d4851a1d" />
    <TestEntry testId="6e8c97ec-e8b9-4664-064c-e2f855880c7c" executionId="1dfc47b6-5ebc-4c0b-84bd-75eb4f8e0c6d" testListId="8c84fa94-04c1-424b-9868-57a2d4851a1d" />
    <TestEntry testId="c8dadf2f-d99b-7fdd-c771-65d4d23b6f2a" executionId="2455b226-59fe-4425-9577-7a563045fb68" testListId="8c84fa94-04c1-424b-9868-57a2d4851a1d" />
    <TestEntry testId="ef4a1808-46d3-657b-d153-6628c14bba3b" executionId="524c0a89-d267-4ccd-bc6b-a3d65f44f65f" testListId="8c84fa94-04c1-424b-9868-57a2d4851a1d" />
    <TestEntry testId="e6daaaea-35c2-a1ec-4efb-e9b209ff48e2" executionId="d0a94355-f171-461d-9878-b71d2c513fdd" testListId="8c84fa94-04c1-424b-9868-57a2d4851a1d" />
    <TestEntry testId="75dcbe08-27fa-c937-8190-beebb93cb48e" executionId="41473df0-9dae-45b4-923d-96d97cac9061" testListId="8c84fa94-04c1-424b-9868-57a2d4851a1d" />
    <TestEntry testId="25c1b683-3a86-c917-ec64-a480a60709bd" executionId="1f549ddc-2028-46f2-b10f-58162e8480a3" testListId="8c84fa94-04c1-424b-9868-57a2d4851a1d" />
    <TestEntry testId="8402c4be-58d2-4373-a7ae-0bcd589f5325" executionId="d8a29496-3aa1-4e91-a9c4-d3f5048efd39" testListId="8c84fa94-04c1-424b-9868-57a2d4851a1d" />
    <TestEntry testId="e0c10e64-da27-8957-c6de-5fbaaed554d3" executionId="4b4880f0-edae-4c40-9d62-a8db86d8cf6a" testListId="8c84fa94-04c1-424b-9868-57a2d4851a1d" />
    <TestEntry testId="69dddec3-7578-2080-835c-667dbf4daafa" executionId="cc537163-dff9-4913-8edd-46f9d7edb645" testListId="8c84fa94-04c1-424b-9868-57a2d4851a1d" />
    <TestEntry testId="443f2da3-b089-a650-7bb5-fbd792906525" executionId="19a07a00-e834-421c-9d41-26ece7d4b000" testListId="8c84fa94-04c1-424b-9868-57a2d4851a1d" />
    <TestEntry testId="d74a0847-3fd5-d904-c7af-363717dfd5a4" executionId="e014a609-ae59-4afa-b98c-8c4640a1e47b" testListId="8c84fa94-04c1-424b-9868-57a2d4851a1d" />
    <TestEntry testId="57bacdbf-a0f3-52a6-bf94-fe17e3e3f642" executionId="92548d5e-7777-4916-be69-05bab1740d74" testListId="8c84fa94-04c1-424b-9868-57a2d4851a1d" />
    <TestEntry testId="40452ac3-133f-485f-97d4-273cd14a475c" executionId="0d19bef5-0a91-4785-bfad-91589b4d4208" testListId="8c84fa94-04c1-424b-9868-57a2d4851a1d" />
    <TestEntry testId="bb11f76c-b72d-ed60-cb62-d44e29999fcc" executionId="87139f3a-1983-4d33-84dc-e5414d682984" testListId="8c84fa94-04c1-424b-9868-57a2d4851a1d" />
    <TestEntry testId="7f534aaf-3d3a-6b6e-7f78-02adb85253d7" executionId="cc53854c-ee09-41e2-b939-d9821a73cf24" testListId="8c84fa94-04c1-424b-9868-57a2d4851a1d" />
    <TestEntry testId="cb3cc0e0-9cb2-567a-9243-195b46400359" executionId="942dffce-4c51-4472-9392-064f00bea042" testListId="8c84fa94-04c1-424b-9868-57a2d4851a1d" />
    <TestEntry testId="20cfcaa7-17a2-21bf-4948-d30e73c0057d" executionId="a0242748-8b49-41e2-8e82-5baa04636005" testListId="8c84fa94-04c1-424b-9868-57a2d4851a1d" />
    <TestEntry testId="ea7264c8-ee1d-7984-e681-677cdab9bc36" executionId="e8786a8f-b499-4faa-bec9-7a86b77e3fe6" testListId="8c84fa94-04c1-424b-9868-57a2d4851a1d" />
    <TestEntry testId="7731c593-e1db-42bb-1b62-8967c0817c49" executionId="cef7e52c-2300-4b7a-a7a9-807d909a90fa" testListId="8c84fa94-04c1-424b-9868-57a2d4851a1d" />
    <TestEntry testId="c773f17e-b775-ef06-613c-7b13dda1c4a3" executionId="cf61d1d3-51f1-4c7c-82f2-907c8b3cfa1d" testListId="8c84fa94-04c1-424b-9868-57a2d4851a1d" />
    <TestEntry testId="fb4162d0-d605-099e-4577-131bcd47079e" executionId="ad1bbedf-4018-432c-b2fd-4514f6dc0a23" testListId="8c84fa94-04c1-424b-9868-57a2d4851a1d" />
    <TestEntry testId="e18052c4-2700-62d1-b690-f3526c7f4366" executionId="8b838321-d483-45df-9298-5873110ae17e" testListId="8c84fa94-04c1-424b-9868-57a2d4851a1d" />
    <TestEntry testId="2fb89daf-6ee3-46a2-c61d-75f4955b9a7b" executionId="80248ef3-0d0b-483c-965b-ea19c9cda807" testListId="8c84fa94-04c1-424b-9868-57a2d4851a1d" />
    <TestEntry testId="c00a10e7-76a8-0ad0-ac0a-20828a92aa3c" executionId="e672d129-7398-4592-9454-cdd0f7ebeeef" testListId="8c84fa94-04c1-424b-9868-57a2d4851a1d" />
    <TestEntry testId="acf704e6-6e76-ec7c-35c3-b31f4421f15c" executionId="74320b6d-e937-474b-b61f-b15c24406f55" testListId="8c84fa94-04c1-424b-9868-57a2d4851a1d" />
    <TestEntry testId="d8f0fca4-15fd-11f8-f3f3-3e1c1e6fda8e" executionId="5504500f-fe7a-4ac7-b311-f0a1266bb212" testListId="8c84fa94-04c1-424b-9868-57a2d4851a1d" />
    <TestEntry testId="1887bee4-57a3-1c27-d962-9d4f275018ab" executionId="b5d862bb-2349-4f47-8f49-4f61be54c8d5" testListId="8c84fa94-04c1-424b-9868-57a2d4851a1d" />
    <TestEntry testId="b0aedc6f-1baf-8832-331d-f35a8e0d267f" executionId="0364f4ee-43be-4289-a0e9-7093bf9f3a65" testListId="8c84fa94-04c1-424b-9868-57a2d4851a1d" />
    <TestEntry testId="5bfd1fe7-ef93-ce38-f006-77697e21739e" executionId="f5b3f49f-a468-4857-818f-4782c10c64c6" testListId="8c84fa94-04c1-424b-9868-57a2d4851a1d" />
    <TestEntry testId="da9a57dd-02b1-7ed0-bb08-dd7075b8d182" executionId="1e17e6d6-af70-407d-b0d0-5f9d81c76a16" testListId="8c84fa94-04c1-424b-9868-57a2d4851a1d" />
    <TestEntry testId="492aa0e3-a375-6bd6-318e-67cf4753a81e" executionId="07985041-aa9c-4143-aa7d-5df6e04b6cf0" testListId="8c84fa94-04c1-424b-9868-57a2d4851a1d" />
    <TestEntry testId="f9588afd-6fe7-8f3d-e924-6a0a0e764359" executionId="0b474a34-6838-49eb-94fd-eb753ccd71bf" testListId="8c84fa94-04c1-424b-9868-57a2d4851a1d" />
    <TestEntry testId="308068ef-e228-299b-8b27-073212400b00" executionId="cfe4ff5a-ac7a-4360-a9ca-c269e1fe9923" testListId="8c84fa94-04c1-424b-9868-57a2d4851a1d" />
    <TestEntry testId="74562e14-cc5c-a9c9-1979-f6ded4eaa05c" executionId="357714ff-3759-4a68-9d1f-84567186ea44" testListId="8c84fa94-04c1-424b-9868-57a2d4851a1d" />
    <TestEntry testId="0c571b32-a1cb-6377-4b96-b1264a79e63a" executionId="94be7fe3-7bb3-4a5e-9ef4-d69c434ea096" testListId="8c84fa94-04c1-424b-9868-57a2d4851a1d" />
    <TestEntry testId="19881caf-b46a-2517-3bbb-94c4b3d38103" executionId="b68d24a6-e813-434b-bcf6-6b1fd2cc3584" testListId="8c84fa94-04c1-424b-9868-57a2d4851a1d" />
    <TestEntry testId="73dfb1c8-1ee0-ba4e-93db-2f57b9c5c6e5" executionId="f57885f3-d3ce-45b2-b732-6df90e9cac48" testListId="8c84fa94-04c1-424b-9868-57a2d4851a1d" />
    <TestEntry testId="fb09f46d-211c-0a0f-4cae-4689d463b1bf" executionId="c2ae9222-ed34-47af-855f-ae451dbcff01" testListId="8c84fa94-04c1-424b-9868-57a2d4851a1d" />
    <TestEntry testId="c7f035c2-1d86-2ff4-146d-6e6c8addec33" executionId="76ddfef6-5f25-4ac5-a6e2-15f90f663df2" testListId="8c84fa94-04c1-424b-9868-57a2d4851a1d" />
    <TestEntry testId="a8c503d8-bf66-6c1b-861c-dc987f306f2c" executionId="c5404bb6-c475-49a0-b69f-f8b9ec907410" testListId="8c84fa94-04c1-424b-9868-57a2d4851a1d" />
    <TestEntry testId="2068bcf3-f1be-2c88-7e58-ec00f3a317b8" executionId="102f40c2-cc97-4877-abb9-46231ecfd0fa" testListId="8c84fa94-04c1-424b-9868-57a2d4851a1d" />
    <TestEntry testId="0be596ed-20ca-13c8-b1d0-4c31b3ab9f75" executionId="310d775f-6eee-4d3b-a9cb-49936208cd29" testListId="8c84fa94-04c1-424b-9868-57a2d4851a1d" />
    <TestEntry testId="9cbcc853-b49d-d7c6-9b93-09a174dcc2da" executionId="070fa4d1-be75-4bdb-8e5d-4bd8226b6dd1" testListId="8c84fa94-04c1-424b-9868-57a2d4851a1d" />
    <TestEntry testId="a07cc75f-2506-89c9-d3be-f2bb7173f859" executionId="5e9bc329-eba0-40b3-ab07-89ead369b2da" testListId="8c84fa94-04c1-424b-9868-57a2d4851a1d" />
    <TestEntry testId="cf9ce434-1940-5b62-89bd-3f210a8de02b" executionId="53c42bd2-e1d9-4cfc-9ce0-efa147080407" testListId="8c84fa94-04c1-424b-9868-57a2d4851a1d" />
    <TestEntry testId="e6784f53-92b9-c672-3ed9-5f40c404e185" executionId="da11d31a-cf20-42d1-867a-b8f93f2c1fde" testListId="8c84fa94-04c1-424b-9868-57a2d4851a1d" />
    <TestEntry testId="d10058ba-da32-5d23-6f62-2ea85d9b8d92" executionId="e923430a-1890-41fa-be17-ff49593e8df8" testListId="8c84fa94-04c1-424b-9868-57a2d4851a1d" />
    <TestEntry testId="1c190a25-dea2-e5d6-075b-6246ded9bc7a" executionId="02bc82db-0f96-4c87-8337-585e7bfd6d75" testListId="8c84fa94-04c1-424b-9868-57a2d4851a1d" />
    <TestEntry testId="0bee123b-d72f-6c3f-9e2d-a066d1934f8b" executionId="e748aa4d-d9d8-47fa-8889-db6e975c35b2" testListId="8c84fa94-04c1-424b-9868-57a2d4851a1d" />
    <TestEntry testId="b9c9e1d8-b3b4-ee70-36b2-55593cbe6424" executionId="fdac0cbe-7715-4a77-a58d-a9a6ad3fcafe" testListId="8c84fa94-04c1-424b-9868-57a2d4851a1d" />
    <TestEntry testId="1112d1dd-eea7-ec92-2073-5e99606250d4" executionId="c31241b3-bfaa-4bd0-9f68-76dd579efa63" testListId="8c84fa94-04c1-424b-9868-57a2d4851a1d" />
    <TestEntry testId="ad4649d3-2edb-0827-e342-e3062ebfff80" executionId="0afefcbb-1987-4870-aec1-68aa0f976bd7" testListId="8c84fa94-04c1-424b-9868-57a2d4851a1d" />
    <TestEntry testId="bcd1ad3f-2517-2515-148e-90fabf13f6fd" executionId="618d28d8-7558-4296-9064-298c52dea319" testListId="8c84fa94-04c1-424b-9868-57a2d4851a1d" />
    <TestEntry testId="03f1ed65-4935-2ba6-c695-507c69645911" executionId="4a60477f-1849-4dc4-b19f-a950f78ac253" testListId="8c84fa94-04c1-424b-9868-57a2d4851a1d" />
    <TestEntry testId="6a94dc11-ffe5-0b60-12c5-19c379bb4b7f" executionId="14e79fa8-4a47-4065-8987-154114cfca9d" testListId="8c84fa94-04c1-424b-9868-57a2d4851a1d" />
    <TestEntry testId="9aebd098-86b0-8135-3828-1a1b18cbdc09" executionId="eeb6a02f-228a-467b-81f3-fbac9e446422" testListId="8c84fa94-04c1-424b-9868-57a2d4851a1d" />
    <TestEntry testId="ca732d3d-af42-ff8b-5506-889b7c7ef73a" executionId="5fcae239-2bb8-4ea0-96ef-abf6d56a3b28" testListId="8c84fa94-04c1-424b-9868-57a2d4851a1d" />
    <TestEntry testId="7d882415-d4c4-16f3-e125-247f5706c127" executionId="d7ed1f6c-65fa-435e-b973-6abeebfd88c5" testListId="8c84fa94-04c1-424b-9868-57a2d4851a1d" />
    <TestEntry testId="09b274a7-e78e-6020-a04b-64c57df859ed" executionId="273be69d-8182-4bdf-b313-3ea3cf07e5c6" testListId="8c84fa94-04c1-424b-9868-57a2d4851a1d" />
    <TestEntry testId="8812ebd6-a94c-fad4-8b2a-125aaec04975" executionId="931947a6-f2b1-49f7-8067-173d3a324bc8" testListId="8c84fa94-04c1-424b-9868-57a2d4851a1d" />
    <TestEntry testId="34f277fa-ec03-1aeb-6403-506e4d378aa6" executionId="b6819118-6945-4e3e-bf43-60882b69b13d" testListId="8c84fa94-04c1-424b-9868-57a2d4851a1d" />
    <TestEntry testId="c6d13717-22a4-e2ba-6fe6-a632c8cb942c" executionId="d1f897b9-4de3-4bff-9178-3344f00cf0f8" testListId="8c84fa94-04c1-424b-9868-57a2d4851a1d" />
    <TestEntry testId="248a1e10-c767-8040-25eb-7fa857fbbbc9" executionId="896a92b8-ad64-45c7-848b-7b902766497f" testListId="8c84fa94-04c1-424b-9868-57a2d4851a1d" />
    <TestEntry testId="292c6286-4615-62d6-6838-a11ada9076a4" executionId="e82b9c38-1dfa-4b69-a9fa-ed142c0277b2" testListId="8c84fa94-04c1-424b-9868-57a2d4851a1d" />
    <TestEntry testId="c8c89718-5cad-690c-8dea-b9e5d88363b5" executionId="412cfb4c-9b24-4578-8fda-ab19e254ca12" testListId="8c84fa94-04c1-424b-9868-57a2d4851a1d" />
    <TestEntry testId="277d3a09-41e9-41a2-8ab6-5a336e9e33fe" executionId="75c450d3-c9b7-4dd4-bcff-5db79ee14732" testListId="8c84fa94-04c1-424b-9868-57a2d4851a1d" />
    <TestEntry testId="89fbf0eb-5aad-f921-b1a0-e4b70f27ce71" executionId="f8c0c9d0-8f35-4646-add6-ba839e450695" testListId="8c84fa94-04c1-424b-9868-57a2d4851a1d" />
    <TestEntry testId="f48b6f9b-b0cd-e131-ab52-256dec0f6231" executionId="18d35955-b1f0-468c-a919-c6d643678be5" testListId="8c84fa94-04c1-424b-9868-57a2d4851a1d" />
    <TestEntry testId="9d43684b-00da-7543-9bc1-a2202605ce82" executionId="3761acd9-747b-414e-b19a-fb8656741804" testListId="8c84fa94-04c1-424b-9868-57a2d4851a1d" />
    <TestEntry testId="abbbd104-459c-2918-03dc-02e01cf46063" executionId="5db87ef5-06ac-4aac-a544-f2775c92161c" testListId="8c84fa94-04c1-424b-9868-57a2d4851a1d" />
    <TestEntry testId="70a4a44a-4353-ff25-d1bc-ca98cbe1a7a0" executionId="4d3c3491-4396-45d9-b505-5748e3377fb7" testListId="8c84fa94-04c1-424b-9868-57a2d4851a1d" />
    <TestEntry testId="48c2b39b-d8a7-63f4-550c-ca6515b05f4e" executionId="cd031346-c832-4e44-9680-9c6f39316595" testListId="8c84fa94-04c1-424b-9868-57a2d4851a1d" />
    <TestEntry testId="57bfda38-b7b9-e365-6c9e-bb2b1772bce8" executionId="41d38053-abcd-47ab-8ff6-63d93599ae61" testListId="8c84fa94-04c1-424b-9868-57a2d4851a1d" />
    <TestEntry testId="f4595b48-ed9f-1dfd-8c5d-cab04899b749" executionId="de442173-410a-4102-bf93-addd72b2c293" testListId="8c84fa94-04c1-424b-9868-57a2d4851a1d" />
    <TestEntry testId="4045d95b-cc29-79d5-a41d-0b1fdbca4123" executionId="9d2e3cd7-fb9b-458e-b3ae-5d1a7811d5c4" testListId="8c84fa94-04c1-424b-9868-57a2d4851a1d" />
    <TestEntry testId="4fb259f6-15ac-2922-8eea-4bc0fff07d04" executionId="29d7ce45-bb94-4c6e-8b3c-a039034d5e11" testListId="8c84fa94-04c1-424b-9868-57a2d4851a1d" />
    <TestEntry testId="62989f9b-f63f-16f7-5285-44ecee7d8fc2" executionId="6c567ee6-37a6-484d-99e2-ebd8d05620ea" testListId="8c84fa94-04c1-424b-9868-57a2d4851a1d" />
    <TestEntry testId="3c27a31f-e076-0d6d-19f1-c3fb8a72001f" executionId="d5dc2f9f-17d8-4e11-a122-e515fcf78e52" testListId="8c84fa94-04c1-424b-9868-57a2d4851a1d" />
    <TestEntry testId="86a9646a-8331-f524-cd39-1cefc26b403c" executionId="0599acec-b600-48f9-af26-243d62bae0c9" testListId="8c84fa94-04c1-424b-9868-57a2d4851a1d" />
    <TestEntry testId="c3a8c95e-a906-3842-0974-bcb69399281c" executionId="3f4216ff-919e-403b-b2b9-28bdece578e0" testListId="8c84fa94-04c1-424b-9868-57a2d4851a1d" />
    <TestEntry testId="f3172ad1-5349-25f4-05c4-524037f2c966" executionId="5c542753-8756-41b7-b3b2-45d4e7b65a3c" testListId="8c84fa94-04c1-424b-9868-57a2d4851a1d" />
    <TestEntry testId="391840f3-e206-976c-b617-454923bcfaa0" executionId="d4dd2efb-b044-4815-8c31-2acc159ef021" testListId="8c84fa94-04c1-424b-9868-57a2d4851a1d" />
    <TestEntry testId="7e1f1d35-e167-a7a3-ef29-ab516cd5247c" executionId="9ccf3261-229e-4d39-8123-9031327691a5" testListId="8c84fa94-04c1-424b-9868-57a2d4851a1d" />
    <TestEntry testId="343f948c-430b-2580-b3de-8dba47621f99" executionId="bc2735aa-a7b8-42bc-a250-ebca8b51ea9e" testListId="8c84fa94-04c1-424b-9868-57a2d4851a1d" />
    <TestEntry testId="40af15f1-3c4b-b585-b45f-69578573be98" executionId="030bcd12-2675-46be-82ae-349006ac1e50" testListId="8c84fa94-04c1-424b-9868-57a2d4851a1d" />
    <TestEntry testId="c93d5876-d848-f407-8531-7119037d719b" executionId="aef9e34f-ad39-4f34-a956-1f21b55e80c1" testListId="8c84fa94-04c1-424b-9868-57a2d4851a1d" />
    <TestEntry testId="a4b5446d-f249-dc53-eabd-f14a5368a5e4" executionId="2652436b-d733-48c5-9cdb-9ecc9f0dfa9f" testListId="8c84fa94-04c1-424b-9868-57a2d4851a1d" />
    <TestEntry testId="feb8a439-8d94-723d-b05b-e68b3f553aaa" executionId="08b03110-4e3d-4f45-bbd6-15a82ef00ef2" testListId="8c84fa94-04c1-424b-9868-57a2d4851a1d" />
    <TestEntry testId="7d06bb65-bc90-8430-d9f8-34b0ee050fa3" executionId="1fe03316-e349-4825-b367-ed016c313f9e" testListId="8c84fa94-04c1-424b-9868-57a2d4851a1d" />
    <TestEntry testId="eae42adf-0600-1fec-8fbc-16e6c5032bcd" executionId="9115b262-8623-4bb9-9a8c-dd25270de603" testListId="8c84fa94-04c1-424b-9868-57a2d4851a1d" />
    <TestEntry testId="1ec5e2d0-3801-1f1b-660e-841b341b6ed8" executionId="41fc208e-2950-4658-999b-452487edf1c8" testListId="8c84fa94-04c1-424b-9868-57a2d4851a1d" />
    <TestEntry testId="c98cbe04-e496-ef3c-3fd0-70796bcf372d" executionId="d5f18a9a-f1ee-4106-904d-7b612de3ea06" testListId="8c84fa94-04c1-424b-9868-57a2d4851a1d" />
    <TestEntry testId="114b0c56-3cd9-6e29-2cb9-d244c016d012" executionId="aae19b9c-31d8-4962-9fae-9b9069b6702b" testListId="8c84fa94-04c1-424b-9868-57a2d4851a1d" />
    <TestEntry testId="bfaf6352-4421-09bc-d915-7b2d2ece56ba" executionId="13f6548d-6548-4ae4-94dd-0524e35520d9" testListId="8c84fa94-04c1-424b-9868-57a2d4851a1d" />
    <TestEntry testId="9dd28c6d-eb99-7c8d-7660-36cc80eff1f3" executionId="de3473dd-2733-4237-9182-1cbe2e660869" testListId="8c84fa94-04c1-424b-9868-57a2d4851a1d" />
    <TestEntry testId="22ba9a81-eee3-dacf-96ca-4ab79d52bbe1" executionId="1f7111cd-cf6e-4eec-ab4f-dcd6a7a7c302" testListId="8c84fa94-04c1-424b-9868-57a2d4851a1d" />
    <TestEntry testId="15b48231-b9af-4e3f-9b78-4f9754c6946b" executionId="9dc6347d-d90f-439a-8f65-149f1e55a3ec" testListId="8c84fa94-04c1-424b-9868-57a2d4851a1d" />
    <TestEntry testId="a148e1d3-c0a7-ab22-6711-ed696844e290" executionId="19093e91-886c-4b24-b9e5-291e00282bd7" testListId="8c84fa94-04c1-424b-9868-57a2d4851a1d" />
    <TestEntry testId="78145ca3-f064-cb2e-ebce-b57ecce4f5f7" executionId="ce2c0e11-a6c5-433f-a56b-f655ed9dc0ca" testListId="8c84fa94-04c1-424b-9868-57a2d4851a1d" />
    <TestEntry testId="1546303a-edc4-61b2-b8a8-c5fe00f4d6c5" executionId="8a9ae077-8019-4c28-8db8-614c4a017536" testListId="8c84fa94-04c1-424b-9868-57a2d4851a1d" />
    <TestEntry testId="b62285e3-710c-7c9a-e1f3-058f7c0cf59e" executionId="cc57c219-6e0e-4ca4-9eb7-9f8941e99e4e" testListId="8c84fa94-04c1-424b-9868-57a2d4851a1d" />
    <TestEntry testId="bc7ee3e4-a635-03d0-967a-f971c4572817" executionId="86ed5c75-e5cb-443a-9682-73023eada0b6" testListId="8c84fa94-04c1-424b-9868-57a2d4851a1d" />
    <TestEntry testId="d364fe51-32f4-0505-0794-50c70ce2f6f1" executionId="593fa0e6-5dc1-47c6-ab7d-160a8476f21c" testListId="8c84fa94-04c1-424b-9868-57a2d4851a1d" />
    <TestEntry testId="66fa857b-e963-0d65-bc03-7e07247eb20e" executionId="f706f95b-1f0e-4546-9619-f7d40e2e322f" testListId="8c84fa94-04c1-424b-9868-57a2d4851a1d" />
    <TestEntry testId="a06ac183-48bd-dba7-97c8-11bc4f040665" executionId="5ada765b-5e44-4b12-bf98-f11b6ccce53d" testListId="8c84fa94-04c1-424b-9868-57a2d4851a1d" />
    <TestEntry testId="6d7735d0-7064-6afa-5a15-3310ca58c375" executionId="c3e4c733-a5ff-4150-bc8a-c2390974681e" testListId="8c84fa94-04c1-424b-9868-57a2d4851a1d" />
    <TestEntry testId="11641888-952c-34d2-e65f-507d355849cc" executionId="2e95051b-387f-411f-911a-72306db7a2db" testListId="8c84fa94-04c1-424b-9868-57a2d4851a1d" />
    <TestEntry testId="d64c8a48-94a6-5d45-b994-65e073b17456" executionId="667458af-73b7-4871-9bd7-13f3e90b3b42" testListId="8c84fa94-04c1-424b-9868-57a2d4851a1d" />
    <TestEntry testId="8d4f003b-e7fd-d6d0-07aa-d85ded595d3d" executionId="72df5314-88c4-4f68-9bf2-03cc8328a0ef" testListId="8c84fa94-04c1-424b-9868-57a2d4851a1d" />
    <TestEntry testId="31a1065a-ac19-32b8-35df-25a464c51606" executionId="e1bf5a12-3694-4931-8e31-f48bcd8acefd" testListId="8c84fa94-04c1-424b-9868-57a2d4851a1d" />
    <TestEntry testId="835da13e-af61-c112-f0d7-c7f33e20a9ab" executionId="80cf91c0-218c-45f5-8c12-41c6d9a66b05" testListId="8c84fa94-04c1-424b-9868-57a2d4851a1d" />
    <TestEntry testId="d454eba3-18de-5a30-a13a-8d69e2b991ba" executionId="0a111cef-7cdf-45a7-bd4c-7eba19d177d4" testListId="8c84fa94-04c1-424b-9868-57a2d4851a1d" />
    <TestEntry testId="ad198581-af12-5320-2df9-9b7a437637c5" executionId="26ba6b21-3f8c-4b1e-8dd2-e3c11e7ef576" testListId="8c84fa94-04c1-424b-9868-57a2d4851a1d" />
    <TestEntry testId="b476c99b-742f-85e5-2038-a681239aadf2" executionId="722fda04-db86-42c7-ab74-3b6039bee4bf" testListId="8c84fa94-04c1-424b-9868-57a2d4851a1d" />
    <TestEntry testId="2a20ee89-4328-4035-843a-0dab3c664c44" executionId="628539fe-8b9e-49ce-85fe-f1d8bab4cca4" testListId="8c84fa94-04c1-424b-9868-57a2d4851a1d" />
    <TestEntry testId="366c9a4c-d373-a66d-1c36-09f56a7219f6" executionId="03853946-00ce-44c2-a76e-83491298b4e2" testListId="8c84fa94-04c1-424b-9868-57a2d4851a1d" />
    <TestEntry testId="7eac7054-5c36-912a-b0a1-7a8b0f2cc93f" executionId="5fe8851b-d075-4de1-9ac1-a6466fa43e09" testListId="8c84fa94-04c1-424b-9868-57a2d4851a1d" />
    <TestEntry testId="50a4b829-9b8c-141f-9af8-de6d13d2fe78" executionId="f57471a6-abbd-458c-bd37-2501095fa4b5" testListId="8c84fa94-04c1-424b-9868-57a2d4851a1d" />
    <TestEntry testId="87f8524a-3471-cf69-59a5-50a063c8cab4" executionId="c0c1786e-bda2-4ece-b97b-19436940d901" testListId="8c84fa94-04c1-424b-9868-57a2d4851a1d" />
    <TestEntry testId="871e8200-84d4-3c3f-f020-c721e2d74775" executionId="bbf419ab-f984-4cb3-a013-d5bd58764b7c" testListId="8c84fa94-04c1-424b-9868-57a2d4851a1d" />
    <TestEntry testId="2ffcb69d-9871-fc53-e266-88fcc7d40f11" executionId="38fca263-8b2b-45a1-a5ff-e93a99b0b9b3" testListId="8c84fa94-04c1-424b-9868-57a2d4851a1d" />
    <TestEntry testId="b736d5ec-8e87-221b-2f8d-32963a4352d8" executionId="50de2976-0921-464d-8b9c-0b642ac5ef56" testListId="8c84fa94-04c1-424b-9868-57a2d4851a1d" />
    <TestEntry testId="80ab7f0e-6cfe-9e83-8315-050a1996c963" executionId="af032613-50cc-4509-909b-3524e7773e62" testListId="8c84fa94-04c1-424b-9868-57a2d4851a1d" />
    <TestEntry testId="d035db6c-0fa8-1fa3-79f9-636ffcf58549" executionId="95fa8aa7-34d0-4712-aeb3-a81704254ace" testListId="8c84fa94-04c1-424b-9868-57a2d4851a1d" />
    <TestEntry testId="66c117ae-675d-18a0-d705-b89499349f67" executionId="b5ed497c-0475-4f85-a3f9-460379a0b720" testListId="8c84fa94-04c1-424b-9868-57a2d4851a1d" />
    <TestEntry testId="84b8ed57-41d6-2128-cf45-76c917cb0395" executionId="28c5d839-7b19-4f4c-9741-e2bf927772cd" testListId="8c84fa94-04c1-424b-9868-57a2d4851a1d" />
    <TestEntry testId="6fe0c3e8-d70e-aa1e-ebb5-3824f2093751" executionId="dddf85bc-80c2-4a2f-93a4-b2dab49bc849" testListId="8c84fa94-04c1-424b-9868-57a2d4851a1d" />
    <TestEntry testId="5b8f60fa-e114-e9c0-8cce-43e48875fa0e" executionId="e04bf978-8d2e-4cb2-9de2-1b26a9482dad" testListId="8c84fa94-04c1-424b-9868-57a2d4851a1d" />
    <TestEntry testId="ca26ab62-0c75-5ed1-f634-c4b65f91d00f" executionId="bce8ac21-4bce-44b2-ac52-7a5e9cf6e662" testListId="8c84fa94-04c1-424b-9868-57a2d4851a1d" />
    <TestEntry testId="1ac77b27-42c1-cff1-ba4f-002fe435aeb7" executionId="3e54de78-e852-432c-95e8-0be3c69c8b3d" testListId="8c84fa94-04c1-424b-9868-57a2d4851a1d" />
    <TestEntry testId="9da7c202-58c3-5fab-0031-2fe16a925c22" executionId="d4ad0880-9997-4291-ad8b-92ae1876197a" testListId="8c84fa94-04c1-424b-9868-57a2d4851a1d" />
    <TestEntry testId="574450ea-f124-3a1f-aa8f-f6c0ff788a71" executionId="51741f15-1652-4a24-9989-ad73f1c8cc29" testListId="8c84fa94-04c1-424b-9868-57a2d4851a1d" />
    <TestEntry testId="a923348b-98da-86ae-cc3f-ba8c703bfc34" executionId="90996320-dc4b-4d62-8d8b-6fdf0454c45e" testListId="8c84fa94-04c1-424b-9868-57a2d4851a1d" />
    <TestEntry testId="8b7b8d8c-4fe1-d6b9-04f4-c83a985cc65c" executionId="40e47e49-a68c-4199-a7dd-bbf0b0f3a67d" testListId="8c84fa94-04c1-424b-9868-57a2d4851a1d" />
    <TestEntry testId="37cf5525-c82f-3c56-5ac8-e74d70210968" executionId="9be281ed-d87f-4d88-8b16-653f08bbf3b5" testListId="8c84fa94-04c1-424b-9868-57a2d4851a1d" />
    <TestEntry testId="ae16afd9-8b81-6199-6082-79ed796c40eb" executionId="b50b255e-8f7b-4985-85f2-8921e18149cd" testListId="8c84fa94-04c1-424b-9868-57a2d4851a1d" />
    <TestEntry testId="bf4bfb6f-14b9-988f-08de-3ea8deb5b1e2" executionId="5064059e-6737-4ce1-99ca-937edd8f2c6c" testListId="8c84fa94-04c1-424b-9868-57a2d4851a1d" />
    <TestEntry testId="e9acc007-17a7-abc1-649b-24da425a2197" executionId="f73a7d01-fd29-4ae3-9b92-1726ea5e6bfc" testListId="8c84fa94-04c1-424b-9868-57a2d4851a1d" />
    <TestEntry testId="9181c853-26cf-b8d7-7024-b477f4cb3cf2" executionId="6dcb72f5-cee7-41f9-a2c0-59ddfe58a3be" testListId="8c84fa94-04c1-424b-9868-57a2d4851a1d" />
    <TestEntry testId="93860a70-03b6-6964-eca6-99f2a40f53bb" executionId="87d2497c-3900-468e-8ab2-3b8ce81bf897" testListId="8c84fa94-04c1-424b-9868-57a2d4851a1d" />
    <TestEntry testId="81657e1a-e641-b3fc-2fbf-b0679b2fc1d1" executionId="20a9dfc8-d509-4dbd-988f-a60352885434" testListId="8c84fa94-04c1-424b-9868-57a2d4851a1d" />
    <TestEntry testId="0c44ebb7-c083-dc33-00c9-98ffd670e1c5" executionId="5b763cc5-7c5d-4f46-af0d-adf95419eea8" testListId="8c84fa94-04c1-424b-9868-57a2d4851a1d" />
    <TestEntry testId="cf3f3ace-3121-9116-97fe-a26d5ed5c48e" executionId="31f8c16c-3b03-44fc-b978-bdf76d63799a" testListId="8c84fa94-04c1-424b-9868-57a2d4851a1d" />
    <TestEntry testId="f4ff0c79-3ea2-68e3-d566-a1db5c61fda0" executionId="cfb1b30e-cebc-49ec-ac3f-5d64d302ea3d" testListId="8c84fa94-04c1-424b-9868-57a2d4851a1d" />
    <TestEntry testId="36a0eb4e-8858-75dc-f8e8-1d56b3da2a13" executionId="e422a08a-0c7f-4647-a3b4-8f600b52543c" testListId="8c84fa94-04c1-424b-9868-57a2d4851a1d" />
    <TestEntry testId="fe82db39-aa79-3bc4-cad5-8a81cc6a37c5" executionId="be967727-7e9d-4241-86b8-4d08a695c459" testListId="8c84fa94-04c1-424b-9868-57a2d4851a1d" />
    <TestEntry testId="f6dfa8db-8634-305b-53fb-afe728588de3" executionId="c58ac85f-7811-4c57-84f0-18b748f67126" testListId="8c84fa94-04c1-424b-9868-57a2d4851a1d" />
    <TestEntry testId="703a1df5-a316-af5a-074a-213eff12ae62" executionId="e0fa5037-6f6b-4fa9-bba9-f2841d920f60" testListId="8c84fa94-04c1-424b-9868-57a2d4851a1d" />
    <TestEntry testId="9405568f-449c-1bbd-189d-d54eb7aa3ec8" executionId="2dc015e4-4c01-45f0-bc73-3722daac2bca" testListId="8c84fa94-04c1-424b-9868-57a2d4851a1d" />
    <TestEntry testId="6f1ad50d-9b4f-0a15-1cc3-ea86e5488bdb" executionId="ef4750cb-bd16-4aca-964a-4828fad54efb" testListId="8c84fa94-04c1-424b-9868-57a2d4851a1d" />
    <TestEntry testId="295e364a-764a-2988-9a20-8be47ed81d51" executionId="8e996f3c-0e74-4e8c-8174-a80e9ee73329" testListId="8c84fa94-04c1-424b-9868-57a2d4851a1d" />
    <TestEntry testId="ae8f0629-548d-85f5-1896-27263638cd5d" executionId="2a4315c2-4066-4e94-980f-68c1a58e4659" testListId="8c84fa94-04c1-424b-9868-57a2d4851a1d" />
    <TestEntry testId="70b712f1-924e-8712-a0fe-8efa050afe1d" executionId="e83950b8-67d1-461a-a3c8-0e4c64d072d4" testListId="8c84fa94-04c1-424b-9868-57a2d4851a1d" />
    <TestEntry testId="99f9eaa0-a090-1f7c-a3f5-4863ab613546" executionId="45b09ad1-0b4e-43d1-b5ca-94660d654aa5" testListId="8c84fa94-04c1-424b-9868-57a2d4851a1d" />
    <TestEntry testId="2e95a326-74b5-4f58-e36a-1771072878b5" executionId="50b34015-3555-473f-9c04-7b8f548a1b5c" testListId="8c84fa94-04c1-424b-9868-57a2d4851a1d" />
    <TestEntry testId="f43d8311-52c5-88a5-eb88-eb05365dad8b" executionId="7ca9750b-c225-4f37-adc6-0f6d5f59d3cd" testListId="8c84fa94-04c1-424b-9868-57a2d4851a1d" />
    <TestEntry testId="d6dc7060-8317-5826-203f-fe37bff9af1d" executionId="0cdc1206-d106-4af6-ba87-ba2628a6ded5" testListId="8c84fa94-04c1-424b-9868-57a2d4851a1d" />
    <TestEntry testId="f302c799-649b-b0ee-3afd-503e7e99c985" executionId="94d455c2-1738-4b34-a4b9-e1a3dee3d506" testListId="8c84fa94-04c1-424b-9868-57a2d4851a1d" />
    <TestEntry testId="3b396c1e-d5f9-0397-57da-c38e0ac367e8" executionId="d1a78c33-61ee-45c1-b89d-be604e7b58c4" testListId="8c84fa94-04c1-424b-9868-57a2d4851a1d" />
    <TestEntry testId="cacfee87-a06a-0e6a-2bd1-b27fa68ce9eb" executionId="613eef9e-68b4-43b5-af68-9000e6ea15e5" testListId="8c84fa94-04c1-424b-9868-57a2d4851a1d" />
    <TestEntry testId="2f5df4c7-efcc-17fd-a190-a85554d096c7" executionId="fd309e1e-547b-4892-91ea-2754109b5a8d" testListId="8c84fa94-04c1-424b-9868-57a2d4851a1d" />
    <TestEntry testId="3cc41e1c-f137-34d9-9951-3176ae70469a" executionId="97489f5d-0622-43b7-899f-ca870b5760c6" testListId="8c84fa94-04c1-424b-9868-57a2d4851a1d" />
    <TestEntry testId="bae66f04-674d-5778-f225-eefd270ffbe9" executionId="8d62f583-b161-431d-9ec9-3dcffad404d2" testListId="8c84fa94-04c1-424b-9868-57a2d4851a1d" />
    <TestEntry testId="7f2545cd-23f8-0aee-870c-ff6019724a7c" executionId="6d098a40-9ad4-4559-a924-032c9e859be9" testListId="8c84fa94-04c1-424b-9868-57a2d4851a1d" />
    <TestEntry testId="9acac3b6-59ed-baed-27c4-81256cf3e2b7" executionId="c39e79da-ad3e-4ce1-8fb3-e2bd8f593f2f" testListId="8c84fa94-04c1-424b-9868-57a2d4851a1d" />
    <TestEntry testId="3dade232-cdca-928f-6336-c86b6cc60ce7" executionId="7626335f-0d65-4d2a-91f6-fced62fbd3c9" testListId="8c84fa94-04c1-424b-9868-57a2d4851a1d" />
    <TestEntry testId="716555af-e165-d95b-b1b2-db5a93b55899" executionId="732e9af3-ae89-4f4d-826a-25de8b688422" testListId="8c84fa94-04c1-424b-9868-57a2d4851a1d" />
    <TestEntry testId="ea9488c9-11bc-5c71-e6cc-7c27d8788554" executionId="c8762ec6-e8db-43e7-b0ec-58eb6ef68d88" testListId="8c84fa94-04c1-424b-9868-57a2d4851a1d" />
    <TestEntry testId="d54acfad-117b-dd2a-e0a9-e4f44eefcede" executionId="052d10e1-2a22-4271-bed0-3b3592f89450" testListId="8c84fa94-04c1-424b-9868-57a2d4851a1d" />
    <TestEntry testId="1db83022-6f26-bfac-dd11-eaf0b6a29704" executionId="0f73554f-c7d2-4ecc-8ba9-958084399a04" testListId="8c84fa94-04c1-424b-9868-57a2d4851a1d" />
    <TestEntry testId="ccf79253-a57c-36f1-e922-c20571fa8b5f" executionId="119d462d-2c58-49fc-8d8e-bdf249f942ad" testListId="8c84fa94-04c1-424b-9868-57a2d4851a1d" />
    <TestEntry testId="65cb382b-a4f2-1d56-687f-d77636e84c28" executionId="3fcec280-20fb-4e37-9cbd-3ccab4ec30c8" testListId="8c84fa94-04c1-424b-9868-57a2d4851a1d" />
    <TestEntry testId="b4439e05-a4aa-b998-a3b8-3b5334aa4ab1" executionId="30eddc77-bbd3-4675-b334-ccf02ba943cf" testListId="8c84fa94-04c1-424b-9868-57a2d4851a1d" />
    <TestEntry testId="84a0fe9e-88a9-b519-abce-44607ed3d60b" executionId="6d522786-db7d-4e80-a131-1058c196cd63" testListId="8c84fa94-04c1-424b-9868-57a2d4851a1d" />
    <TestEntry testId="0a3229f1-ee45-0b1e-b03c-b61586bbf7b1" executionId="9a81ff77-6ac0-41d3-becc-b67ad3dcbafd" testListId="8c84fa94-04c1-424b-9868-57a2d4851a1d" />
    <TestEntry testId="734e0fc6-fbea-71d0-23d0-faf15d6e2fac" executionId="856504a1-1191-4f84-8599-d5b5db557e13" testListId="8c84fa94-04c1-424b-9868-57a2d4851a1d" />
    <TestEntry testId="e014c4e5-e405-d77f-a0c8-5bc189ef8f1a" executionId="6ca75b81-11e8-4130-9bbf-24b3d50a6727" testListId="8c84fa94-04c1-424b-9868-57a2d4851a1d" />
    <TestEntry testId="37b34059-0f65-9a6f-04ed-b65ab163cd9e" executionId="55466ccb-89bf-445a-b603-f984882b8acd" testListId="8c84fa94-04c1-424b-9868-57a2d4851a1d" />
    <TestEntry testId="84062fa8-9f95-3ee2-8d8a-899204450a85" executionId="85b147b0-47fb-4376-b77f-a499b5267e14" testListId="8c84fa94-04c1-424b-9868-57a2d4851a1d" />
    <TestEntry testId="145ef69e-0c68-7865-489b-334a0ea4afb1" executionId="e29d988d-d37d-4006-8ee9-38c73a605a1a" testListId="8c84fa94-04c1-424b-9868-57a2d4851a1d" />
    <TestEntry testId="3223a4af-d51d-dddf-a4c7-507562a03439" executionId="f9b24aad-be0d-44ce-8ebb-fdb52c8279c9" testListId="8c84fa94-04c1-424b-9868-57a2d4851a1d" />
    <TestEntry testId="3adb9e95-bf7d-fce9-582e-4589918c8651" executionId="1a0bc655-ad74-4ec4-abbc-9683f5555eb5" testListId="8c84fa94-04c1-424b-9868-57a2d4851a1d" />
    <TestEntry testId="613be7f4-a7a7-5395-df61-0abb70eb195e" executionId="feff8867-a216-49ce-8116-78775455493c" testListId="8c84fa94-04c1-424b-9868-57a2d4851a1d" />
    <TestEntry testId="d07b686e-9adb-252d-f865-90dbc810765e" executionId="37f3132c-ae79-4155-9e1b-e68a5d84c774" testListId="8c84fa94-04c1-424b-9868-57a2d4851a1d" />
    <TestEntry testId="d1f76e23-8059-620d-d855-759c9dc84cc1" executionId="5fa92fbe-e46c-43bb-bc1c-551cbaee3684" testListId="8c84fa94-04c1-424b-9868-57a2d4851a1d" />
    <TestEntry testId="90fee545-1ff9-6e18-2957-a831277bd463" executionId="c8f094e8-dd99-4fe6-9e8d-7977a00dc654" testListId="8c84fa94-04c1-424b-9868-57a2d4851a1d" />
    <TestEntry testId="54c9c409-338d-3da7-1143-c8338dceb6cf" executionId="afff6f31-3d34-4eef-b7ba-48345e44927c" testListId="8c84fa94-04c1-424b-9868-57a2d4851a1d" />
    <TestEntry testId="f61e67de-82a5-a96b-6915-0c05afd4c5fb" executionId="903eaa68-b43f-4ec5-b1c8-3eef504ec60c" testListId="8c84fa94-04c1-424b-9868-57a2d4851a1d" />
    <TestEntry testId="7b5c7cae-2505-a196-c16b-d8cf3f95f4df" executionId="226f4313-7b9a-471c-9b48-3c64dfd5aae1" testListId="8c84fa94-04c1-424b-9868-57a2d4851a1d" />
    <TestEntry testId="8df66596-2fbf-8e84-1c90-b51fc4118a95" executionId="1c7c7257-d69d-4894-9e70-73e9f3a499d8" testListId="8c84fa94-04c1-424b-9868-57a2d4851a1d" />
    <TestEntry testId="e4cf8b68-6be1-c844-c90f-3cfa2745ffe1" executionId="84e6fffa-50fa-4ed0-9151-a58a4018dad1" testListId="8c84fa94-04c1-424b-9868-57a2d4851a1d" />
    <TestEntry testId="706d4ec4-0adc-57c9-3071-10e90fc0f70f" executionId="07fd46c8-0904-479e-826f-a17167200b80" testListId="8c84fa94-04c1-424b-9868-57a2d4851a1d" />
    <TestEntry testId="455d373c-0768-e4b9-a7a0-973113e32cb6" executionId="ea4ca9b9-d394-41bf-ac88-2b3e2ac8a80f" testListId="8c84fa94-04c1-424b-9868-57a2d4851a1d" />
    <TestEntry testId="88118fa7-58f0-56eb-6e17-4a676b37d466" executionId="1cd1b6e4-f405-4c9c-8452-bffee630e908" testListId="8c84fa94-04c1-424b-9868-57a2d4851a1d" />
    <TestEntry testId="5029c3b5-d588-cd35-ac8d-8e98a6748ee3" executionId="00f0dd0e-6703-4133-a3f6-3dba40c79ab1" testListId="8c84fa94-04c1-424b-9868-57a2d4851a1d" />
    <TestEntry testId="95228d50-b047-35cb-0adc-aa268423bfc6" executionId="268d7145-98d8-4643-a6ce-7b705cba0b08" testListId="8c84fa94-04c1-424b-9868-57a2d4851a1d" />
    <TestEntry testId="42cf65ee-3bf6-187f-b4bd-5ecca3afb806" executionId="b6077754-3b1b-481f-9f54-f715b61d7923" testListId="8c84fa94-04c1-424b-9868-57a2d4851a1d" />
    <TestEntry testId="beacfd38-f6f3-6d05-0ca0-2c0310bf64de" executionId="e5b87f86-3687-43aa-9901-f83138dc8375" testListId="8c84fa94-04c1-424b-9868-57a2d4851a1d" />
    <TestEntry testId="77455564-3a69-726a-b534-8465919fcf2b" executionId="04c8d9ea-3300-49c9-abf7-bf727337d732" testListId="8c84fa94-04c1-424b-9868-57a2d4851a1d" />
    <TestEntry testId="8d925765-e431-d05b-4316-c8628381eee3" executionId="ceb587c7-94c3-4715-9f5b-cb2893cfff99" testListId="8c84fa94-04c1-424b-9868-57a2d4851a1d" />
    <TestEntry testId="111b5745-dc75-6f3d-aaee-96747b4d798f" executionId="6817fcf3-bcf5-4a93-a4a0-0e681cc20dc2" testListId="8c84fa94-04c1-424b-9868-57a2d4851a1d" />
    <TestEntry testId="112fd369-9f78-6ab1-720e-45063c084bcf" executionId="da9712b4-ed05-4c21-89f9-95ce4ef0c011" testListId="8c84fa94-04c1-424b-9868-57a2d4851a1d" />
    <TestEntry testId="759e141d-5006-5154-479b-168738883742" executionId="dfa6e052-def6-4ab7-a106-05c7b02dcd45" testListId="8c84fa94-04c1-424b-9868-57a2d4851a1d" />
    <TestEntry testId="ee2735fc-b087-9fcd-716d-143de6e3f5eb" executionId="8b675a58-89e6-448d-aef4-d3b709a02083" testListId="8c84fa94-04c1-424b-9868-57a2d4851a1d" />
    <TestEntry testId="d994fd6e-80bf-ef91-7713-64a44d290335" executionId="e71d439e-1308-4315-ace9-4e2720f7aca2" testListId="8c84fa94-04c1-424b-9868-57a2d4851a1d" />
    <TestEntry testId="ab45238f-0962-86b9-1aeb-168e6306c508" executionId="64a7dbbd-6bb3-455f-bfa4-c53d6904e82b" testListId="8c84fa94-04c1-424b-9868-57a2d4851a1d" />
    <TestEntry testId="24c60078-9625-8e92-f24a-c8acb4a37b6f" executionId="43bf698e-b4b1-4c97-b3b4-6efcee658cb1" testListId="8c84fa94-04c1-424b-9868-57a2d4851a1d" />
    <TestEntry testId="0ce2e948-cdcf-98e1-8c6c-871c42bca80a" executionId="4242b4b2-b189-4d5e-95c3-225a69cf2147" testListId="8c84fa94-04c1-424b-9868-57a2d4851a1d" />
    <TestEntry testId="8328c1c6-9f57-2aa0-f832-969a9fa1cfee" executionId="11a36a71-9ccb-474e-b5f1-0f9d5018838e" testListId="8c84fa94-04c1-424b-9868-57a2d4851a1d" />
    <TestEntry testId="d4c2b297-8dff-48fc-f568-86d5264bc62f" executionId="3dfb367e-c02f-4b9a-b34c-ec86a2577ac1" testListId="8c84fa94-04c1-424b-9868-57a2d4851a1d" />
    <TestEntry testId="d0d582a8-0c22-e0d2-4278-1deb51f5a180" executionId="d7a6d875-deed-4be9-8224-9c6f0de08b22" testListId="8c84fa94-04c1-424b-9868-57a2d4851a1d" />
    <TestEntry testId="f48eeea0-1628-3a4f-951e-8100079445f9" executionId="01a0aedc-9b17-4c03-8d7f-9a745ac14160" testListId="8c84fa94-04c1-424b-9868-57a2d4851a1d" />
    <TestEntry testId="15827c38-4a1c-e443-5328-13c7405bb0ff" executionId="9a6d2b95-3c1c-45a8-aea1-bd3489ea02e5" testListId="8c84fa94-04c1-424b-9868-57a2d4851a1d" />
    <TestEntry testId="5ed5931b-eddf-c5a7-c428-1293ac7854f3" executionId="5ae5f7b1-ecc3-4574-873e-fb7d62d812b6" testListId="8c84fa94-04c1-424b-9868-57a2d4851a1d" />
    <TestEntry testId="4f9dd123-3126-b5f7-50ee-f21b0750d557" executionId="9518c648-bee0-4e43-8a0c-06af80189522" testListId="8c84fa94-04c1-424b-9868-57a2d4851a1d" />
    <TestEntry testId="897bb1d2-09ef-37c4-bd54-ba1c51cc5c63" executionId="c2c50981-e9c5-45cd-af6a-0d86f93f8f7e" testListId="8c84fa94-04c1-424b-9868-57a2d4851a1d" />
    <TestEntry testId="c7cd6567-938f-c1b9-858f-c5b856d8b3bb" executionId="637f9406-e365-4ae3-8e18-73ee29d9e30c" testListId="8c84fa94-04c1-424b-9868-57a2d4851a1d" />
    <TestEntry testId="99f975e9-90a9-1b95-68e2-bd28016666dc" executionId="babe3c8c-636f-4428-bdbf-0a4484338b1c" testListId="8c84fa94-04c1-424b-9868-57a2d4851a1d" />
    <TestEntry testId="cb2d034b-1aa3-2639-d04b-f94270484348" executionId="9f3dbdba-a299-4508-be4d-9309048a456f" testListId="8c84fa94-04c1-424b-9868-57a2d4851a1d" />
    <TestEntry testId="b4f6f39f-3841-4d5c-7777-c2dcf6f49b62" executionId="188f974e-6357-41bd-a565-c4dae8ad7781" testListId="8c84fa94-04c1-424b-9868-57a2d4851a1d" />
    <TestEntry testId="85698f3a-4e46-7ce5-ae3d-a0eb2be044a8" executionId="ce8df02d-34e7-4219-b758-de89b7fc9d58" testListId="8c84fa94-04c1-424b-9868-57a2d4851a1d" />
    <TestEntry testId="2cb3c672-69bb-9a88-208e-2d87e3e3f79b" executionId="7eb85afb-456a-4328-80a4-0fb486bd2cae" testListId="8c84fa94-04c1-424b-9868-57a2d4851a1d" />
    <TestEntry testId="615ce329-23fb-0e86-56db-8ca3bfc504f4" executionId="06def9ba-35de-446b-8b28-4e07fe20daed" testListId="8c84fa94-04c1-424b-9868-57a2d4851a1d" />
    <TestEntry testId="6bc956e3-e6c8-a454-313a-7c1524cb0c01" executionId="c035499a-953a-4d87-b67b-554369d9954a" testListId="8c84fa94-04c1-424b-9868-57a2d4851a1d" />
    <TestEntry testId="0a2daad4-07c6-5b3d-9ace-c60a0200dbb8" executionId="3ca67a99-5c10-4246-8e48-dd6f39c7228f" testListId="8c84fa94-04c1-424b-9868-57a2d4851a1d" />
    <TestEntry testId="8abaa201-50e1-f647-bec2-b35a68581c38" executionId="16813c46-8472-4838-b155-65074fbe5494" testListId="8c84fa94-04c1-424b-9868-57a2d4851a1d" />
    <TestEntry testId="bbc4faf3-453f-8a73-6d16-fb009635f7df" executionId="5fe2b460-eb97-43b7-b2e4-852f4ce3f3a3" testListId="8c84fa94-04c1-424b-9868-57a2d4851a1d" />
    <TestEntry testId="2c0fff85-7492-bb9b-c2bf-9c38f36f1d11" executionId="a6f15fed-fd3b-4c7c-925d-44b40d4079ba" testListId="8c84fa94-04c1-424b-9868-57a2d4851a1d" />
    <TestEntry testId="12ab63cf-64fa-9d57-fbd4-b033250cc371" executionId="94204518-f6ce-4f74-8833-22577f91bc35" testListId="8c84fa94-04c1-424b-9868-57a2d4851a1d" />
    <TestEntry testId="8f7bacc1-cfc7-b0fe-3fce-f3b6c6e9b7de" executionId="72aa39bc-39db-4488-a928-167e0459d30b" testListId="8c84fa94-04c1-424b-9868-57a2d4851a1d" />
    <TestEntry testId="ae2d07de-feee-fcc6-8805-b90a829fa024" executionId="d45a30da-3f35-43eb-9749-1bf7e89130e3" testListId="8c84fa94-04c1-424b-9868-57a2d4851a1d" />
    <TestEntry testId="3dec75a1-2efb-df48-cb0d-9006d61d86c5" executionId="30afa60b-58af-4f0d-bead-159c9e5b8c61" testListId="8c84fa94-04c1-424b-9868-57a2d4851a1d" />
    <TestEntry testId="f1b6bce5-130d-1faa-5068-6575d8c7b6c8" executionId="bdd0af96-5fa2-42db-87ce-58cc91ee2859" testListId="8c84fa94-04c1-424b-9868-57a2d4851a1d" />
    <TestEntry testId="b97fcd3e-801b-56c2-7c15-be4f6547d4bd" executionId="d5049909-4f8f-4bc4-bcc4-813b56e5004c" testListId="8c84fa94-04c1-424b-9868-57a2d4851a1d" />
    <TestEntry testId="fe82358d-1255-07ca-16e6-994378e6173c" executionId="3bc69cbe-be78-404e-8be8-2e7dfcd2b61e" testListId="8c84fa94-04c1-424b-9868-57a2d4851a1d" />
    <TestEntry testId="76f37285-a0bd-133c-8a9e-2874b7621389" executionId="a671a0d7-fb70-447f-be6d-c9f3be174565" testListId="8c84fa94-04c1-424b-9868-57a2d4851a1d" />
    <TestEntry testId="2416b36e-4cc6-c8d3-7f50-7ce93d30797a" executionId="2074cf68-3c44-4f1e-bb27-3452ab457ce7" testListId="8c84fa94-04c1-424b-9868-57a2d4851a1d" />
    <TestEntry testId="bf10d8c3-c00d-cc29-13e7-658749b7f0ea" executionId="c72e5f53-47cc-4466-b79b-29b27eb70638" testListId="8c84fa94-04c1-424b-9868-57a2d4851a1d" />
    <TestEntry testId="8d83ef78-349f-f2f7-954e-1ccfc00af170" executionId="a3477709-5e04-4e48-a1df-346b7287f85c" testListId="8c84fa94-04c1-424b-9868-57a2d4851a1d" />
    <TestEntry testId="fa070ce3-3c08-42bf-88c4-d169ef6e2c39" executionId="34bed57f-e61b-4581-a4ed-1096e38c5176" testListId="8c84fa94-04c1-424b-9868-57a2d4851a1d" />
    <TestEntry testId="d40b57a6-c538-1a9a-79a2-8126658cdaff" executionId="2c40a773-c45e-4b57-91e4-5f0aefc07b2f" testListId="8c84fa94-04c1-424b-9868-57a2d4851a1d" />
    <TestEntry testId="03fc13e8-59e6-dc26-59a6-54a183532f2d" executionId="41ff0237-e980-4045-a721-5669a64705f8" testListId="8c84fa94-04c1-424b-9868-57a2d4851a1d" />
    <TestEntry testId="1aeced91-2bcf-ca87-1dde-1e82fd8c0772" executionId="68d00106-e20d-4bdc-bda6-3ec012d268cb" testListId="8c84fa94-04c1-424b-9868-57a2d4851a1d" />
    <TestEntry testId="becb7f2a-b219-c2c9-8d5f-f1598f4d5a18" executionId="4d034cc2-a032-41e9-bc05-0f57d8668618" testListId="8c84fa94-04c1-424b-9868-57a2d4851a1d" />
    <TestEntry testId="0e24771a-d278-3b70-2819-b8f07c8eeffc" executionId="cc19f7d4-8753-4f99-af53-91e426ac785e" testListId="8c84fa94-04c1-424b-9868-57a2d4851a1d" />
    <TestEntry testId="e67d5763-5299-d5bc-04ab-8c3e8096df9b" executionId="2554de23-a50d-4241-a73a-d8c0895e992b" testListId="8c84fa94-04c1-424b-9868-57a2d4851a1d" />
    <TestEntry testId="e66f2070-3ec2-0e7c-07bc-31cfe55bc2b3" executionId="eae42238-5434-43d5-8527-b2862afebf19" testListId="8c84fa94-04c1-424b-9868-57a2d4851a1d" />
    <TestEntry testId="3d1ad44f-ad35-093f-1ddc-cdf28838fb0c" executionId="701eba29-d578-4e99-879e-d43a1cf3758d" testListId="8c84fa94-04c1-424b-9868-57a2d4851a1d" />
    <TestEntry testId="743584e0-a240-0ce4-5713-dd93c33b213a" executionId="b9e86c40-e43d-447e-b43e-1171fbdc4100" testListId="8c84fa94-04c1-424b-9868-57a2d4851a1d" />
    <TestEntry testId="ef605509-fe85-323e-6c45-2d4e617f4103" executionId="adabe120-b444-4561-8a64-60866c9d2585" testListId="8c84fa94-04c1-424b-9868-57a2d4851a1d" />
    <TestEntry testId="e3f46882-a63f-659a-a290-fdc403564c9f" executionId="8077f684-e52d-4b3a-a502-de63652608a6" testListId="8c84fa94-04c1-424b-9868-57a2d4851a1d" />
    <TestEntry testId="af0e0e72-bb63-75ce-190c-aa98042ba6b1" executionId="85f8797b-8403-4463-b394-0ce2a58b5c0b" testListId="8c84fa94-04c1-424b-9868-57a2d4851a1d" />
    <TestEntry testId="15deeb6b-5d37-c838-f818-dea1e0f2459c" executionId="b2a7ca75-4111-4acf-bc83-4edfbf5ac62a" testListId="8c84fa94-04c1-424b-9868-57a2d4851a1d" />
    <TestEntry testId="e1ac1f73-3f50-b772-36d3-f1ba06996415" executionId="2a9b69fe-097f-49e1-8b47-cf783acea096" testListId="8c84fa94-04c1-424b-9868-57a2d4851a1d" />
    <TestEntry testId="67bc1776-6315-9a00-3713-6e986aea55e8" executionId="70f28f84-1b75-45fd-9080-f17afb99936e" testListId="8c84fa94-04c1-424b-9868-57a2d4851a1d" />
    <TestEntry testId="9130ff1c-3d20-6dbc-6548-4a4c26907e23" executionId="264b8a6b-9e4c-4f52-8649-20170b214470" testListId="8c84fa94-04c1-424b-9868-57a2d4851a1d" />
    <TestEntry testId="759a64a9-158e-94d9-6d51-ccb2b6db5855" executionId="62918c22-9241-41af-8e3d-4a3c623a5420" testListId="8c84fa94-04c1-424b-9868-57a2d4851a1d" />
    <TestEntry testId="0eff24a5-06f2-da45-55fd-5d93cfe49ac8" executionId="2a68629e-8ad9-4990-b1c3-6886697569fd" testListId="8c84fa94-04c1-424b-9868-57a2d4851a1d" />
    <TestEntry testId="ede22c26-cac5-27e4-85d7-5752263c860e" executionId="8a42dfc3-0e76-4002-a3a2-06e0146933b6" testListId="8c84fa94-04c1-424b-9868-57a2d4851a1d" />
    <TestEntry testId="85184259-d996-ead8-1ad9-399123e3fa94" executionId="b5cc4fcf-2640-488f-a680-4569da432d22" testListId="8c84fa94-04c1-424b-9868-57a2d4851a1d" />
    <TestEntry testId="23d91d77-3949-b723-f379-d2857eb55e79" executionId="e09efedc-d90c-43df-9625-b7adbdf2e77d" testListId="8c84fa94-04c1-424b-9868-57a2d4851a1d" />
    <TestEntry testId="7f29cc1a-1df0-1450-afd8-be1cdd65c1c5" executionId="fff2dec3-66b5-4f97-8ea6-b816efd2011c" testListId="8c84fa94-04c1-424b-9868-57a2d4851a1d" />
    <TestEntry testId="59e33a76-17f7-78d2-1a23-c14a0665f9ea" executionId="4dfbbf18-b1ec-4f35-964a-611d03ff741b" testListId="8c84fa94-04c1-424b-9868-57a2d4851a1d" />
    <TestEntry testId="d4dbc83b-2530-789e-5f5b-4985bc73e6f9" executionId="3bced991-ef4e-4334-bd65-faba55015136" testListId="8c84fa94-04c1-424b-9868-57a2d4851a1d" />
    <TestEntry testId="8cb37b60-2322-a77e-5d01-114ce8ef583d" executionId="f4404ab1-df7e-4af2-b9f9-3c5ec7a8b4b8" testListId="8c84fa94-04c1-424b-9868-57a2d4851a1d" />
    <TestEntry testId="4c9ecf77-59b5-b6a6-528c-23344d04e870" executionId="d5e637e1-928f-4e32-bb19-c9fd1b7d48e3" testListId="8c84fa94-04c1-424b-9868-57a2d4851a1d" />
    <TestEntry testId="c0cfb625-561f-2355-e53a-38b139149b30" executionId="9a2166ae-cf16-460c-8a0a-cb34eaba0ff8" testListId="8c84fa94-04c1-424b-9868-57a2d4851a1d" />
    <TestEntry testId="e1272f41-d93f-7653-ce37-72d07e88427c" executionId="44ebaaa5-1fa5-4d28-83c7-70b1439d03e9" testListId="8c84fa94-04c1-424b-9868-57a2d4851a1d" />
    <TestEntry testId="3ec3d362-7dab-82c9-c789-b46f7915f705" executionId="1d98a65e-465d-41b5-980e-11ab80b79626" testListId="8c84fa94-04c1-424b-9868-57a2d4851a1d" />
    <TestEntry testId="1ddb416b-a245-c9c3-9558-a21c55e29e6a" executionId="613c4f70-ba15-4535-9e27-f0732146804f" testListId="8c84fa94-04c1-424b-9868-57a2d4851a1d" />
    <TestEntry testId="46b65487-d6a5-d890-628a-f9beae9627a1" executionId="9a360878-62d0-48a2-b9ad-528f7f59330c" testListId="8c84fa94-04c1-424b-9868-57a2d4851a1d" />
    <TestEntry testId="50eba22f-250a-1f15-3be5-df167f038182" executionId="f49cd7a3-d963-4d0d-82d4-4f62d6c2da38" testListId="8c84fa94-04c1-424b-9868-57a2d4851a1d" />
    <TestEntry testId="54af56a8-3528-2202-2a3a-47b709b84ddf" executionId="71bbb6e7-d40a-49ac-acdf-c5f449edf6d9" testListId="8c84fa94-04c1-424b-9868-57a2d4851a1d" />
    <TestEntry testId="7719e203-2337-c642-9646-c6f6ea3c2fd5" executionId="76599c68-9a87-4576-b2d7-f53e81055074" testListId="8c84fa94-04c1-424b-9868-57a2d4851a1d" />
    <TestEntry testId="1efc2ef9-44be-85e2-7d31-b1e570c99961" executionId="7489cf9a-5f03-4c8a-a03d-8fbb54dd33b9" testListId="8c84fa94-04c1-424b-9868-57a2d4851a1d" />
    <TestEntry testId="3e9d1a63-eb7d-0da1-8899-9b1a1bb3d3bd" executionId="c70d038d-6441-4f41-8174-6052280e5bd6" testListId="8c84fa94-04c1-424b-9868-57a2d4851a1d" />
    <TestEntry testId="b3e5ae08-2d01-f653-02ff-46c398308333" executionId="4bfe2a9a-ac03-41ff-827b-b9fb428cf854" testListId="8c84fa94-04c1-424b-9868-57a2d4851a1d" />
    <TestEntry testId="0180afdd-c3e5-7768-4cef-4956e2f0279d" executionId="664738b2-e3fc-4130-aa95-c972f34723cb" testListId="8c84fa94-04c1-424b-9868-57a2d4851a1d" />
    <TestEntry testId="93a946a5-103f-9951-c4fb-21add3658490" executionId="34a5680c-a07b-4720-b6df-5c45b6ddb184" testListId="8c84fa94-04c1-424b-9868-57a2d4851a1d" />
    <TestEntry testId="847146fe-1180-6206-469c-a22b64731580" executionId="fac6744c-d2e4-451e-9f62-a74951924011" testListId="8c84fa94-04c1-424b-9868-57a2d4851a1d" />
    <TestEntry testId="ffb609b2-e71e-6830-1f60-49e0153938df" executionId="8eb44c03-5c17-43e5-973f-af06644455a3" testListId="8c84fa94-04c1-424b-9868-57a2d4851a1d" />
    <TestEntry testId="f06b0bee-cd92-4ab3-04ec-051ae09a6a15" executionId="09c0aaaa-10aa-4d2b-879e-c0c788a96259" testListId="8c84fa94-04c1-424b-9868-57a2d4851a1d" />
    <TestEntry testId="5d612f8b-c91c-9d3d-ce0b-ffe53fe5d9a0" executionId="95e4bdd5-5cab-42bf-986d-7434bc98d8da" testListId="8c84fa94-04c1-424b-9868-57a2d4851a1d" />
    <TestEntry testId="1db1cf1a-a89d-63bd-e1eb-b0afa09e2872" executionId="71f16452-16f8-474b-837d-483cec581d3f" testListId="8c84fa94-04c1-424b-9868-57a2d4851a1d" />
    <TestEntry testId="343cb0e1-1417-cf7e-abff-eab562d84b81" executionId="567a12af-5467-41b1-b0f8-55c601afaf5f" testListId="8c84fa94-04c1-424b-9868-57a2d4851a1d" />
    <TestEntry testId="2532a0e0-d26a-c0fc-c5f7-f06b4858b91b" executionId="cc90c4f7-9aed-47b6-b568-b9767a74429c" testListId="8c84fa94-04c1-424b-9868-57a2d4851a1d" />
    <TestEntry testId="c07f3ebe-feeb-0c21-e851-13afcafc278a" executionId="4df66d98-f91b-4f57-82e5-24eb3b9a5864" testListId="8c84fa94-04c1-424b-9868-57a2d4851a1d" />
    <TestEntry testId="5d366c36-141d-ee9f-0e5c-a1ebaf18b891" executionId="3a743349-6f9c-4f61-8362-9a08fb6d377e" testListId="8c84fa94-04c1-424b-9868-57a2d4851a1d" />
    <TestEntry testId="b8d226bc-f3b7-412c-83c2-b72c9c49261b" executionId="35ced410-51a6-44f9-b1b6-26ba1f0ec613" testListId="8c84fa94-04c1-424b-9868-57a2d4851a1d" />
    <TestEntry testId="0bf23eb2-0c49-dfa7-75c5-e1b7bf6065d3" executionId="de7fa70c-7620-4549-af98-45ac8782ad64" testListId="8c84fa94-04c1-424b-9868-57a2d4851a1d" />
    <TestEntry testId="5ec4b980-14a9-daae-341a-f8bfcb17afca" executionId="f8589d0b-a2d3-4424-81ee-cb438005d0a8" testListId="8c84fa94-04c1-424b-9868-57a2d4851a1d" />
    <TestEntry testId="cab1a997-800d-2c3b-4c26-6695fd51d4d2" executionId="2c112398-055c-43e6-9282-b18f1b31fd58" testListId="8c84fa94-04c1-424b-9868-57a2d4851a1d" />
    <TestEntry testId="42da3e86-c4b2-f46d-0f5b-b82a328f739c" executionId="8980022a-f705-4375-b32c-f25e8361b980" testListId="8c84fa94-04c1-424b-9868-57a2d4851a1d" />
    <TestEntry testId="ff8e5368-8586-954c-9206-ce80c08a8e42" executionId="c1792d93-b45f-4494-9fa5-d78db3a6dec3" testListId="8c84fa94-04c1-424b-9868-57a2d4851a1d" />
    <TestEntry testId="7973c737-8468-2c7a-c554-7b746e076293" executionId="0f136c62-0e09-4b74-8c84-996889c88dbb" testListId="8c84fa94-04c1-424b-9868-57a2d4851a1d" />
    <TestEntry testId="d02ae00d-1311-89ab-3fb9-c916f421eba3" executionId="f5990dcd-3f26-46f3-9416-5ad6f6e2cd66" testListId="8c84fa94-04c1-424b-9868-57a2d4851a1d" />
    <TestEntry testId="e6896e68-172c-7d75-7ae6-4d62e7ed6747" executionId="1814e233-8ef0-4891-9049-33f53105f974" testListId="8c84fa94-04c1-424b-9868-57a2d4851a1d" />
    <TestEntry testId="3a5833f7-aba2-d5f8-b201-45f09afa3b5f" executionId="44903bde-80a5-4ac9-a3af-fb89fc72b19f" testListId="8c84fa94-04c1-424b-9868-57a2d4851a1d" />
    <TestEntry testId="bf5b6035-e322-69a8-84b4-c7074fea8038" executionId="bfbe5d82-3ab7-4f55-8db3-e95612b3014c" testListId="8c84fa94-04c1-424b-9868-57a2d4851a1d" />
    <TestEntry testId="7f903fd8-7c94-6024-9ea6-9245d052b5b8" executionId="2ea1d2a4-e0dc-44d6-88ad-c14995b3208a" testListId="8c84fa94-04c1-424b-9868-57a2d4851a1d" />
    <TestEntry testId="381f377e-08c0-a262-2d01-bbb43b81a3fa" executionId="46620836-f4dc-47b2-93c0-5c9f62e4aca8" testListId="8c84fa94-04c1-424b-9868-57a2d4851a1d" />
    <TestEntry testId="b2d4b964-f22a-8748-fa80-0fa6155a715e" executionId="84c68e29-f2a5-4a64-b63b-8522182d02f8" testListId="8c84fa94-04c1-424b-9868-57a2d4851a1d" />
    <TestEntry testId="57026cfb-7399-a346-baa6-26f7f3bcc001" executionId="98846f88-9823-4bf4-ae9e-8d42e9f9bb91" testListId="8c84fa94-04c1-424b-9868-57a2d4851a1d" />
    <TestEntry testId="94f6961b-99ac-3736-ade9-470132a8b137" executionId="a8d7cc42-5753-4857-a6a0-eefdbb7347c8" testListId="8c84fa94-04c1-424b-9868-57a2d4851a1d" />
    <TestEntry testId="f31bace1-8f20-4ff1-a788-959919728bf7" executionId="3121cbdc-a413-41e3-9957-46a33b89950c" testListId="8c84fa94-04c1-424b-9868-57a2d4851a1d" />
    <TestEntry testId="a00ccaed-d422-5174-66fa-c2af3acc6080" executionId="ea860a2a-fa1e-49cd-b602-a9654a036572" testListId="8c84fa94-04c1-424b-9868-57a2d4851a1d" />
    <TestEntry testId="7f3958b9-1f8d-6baf-a1fe-2fb06fcdfede" executionId="6d684087-5565-44ba-b3d4-c2e904ed8f73" testListId="8c84fa94-04c1-424b-9868-57a2d4851a1d" />
    <TestEntry testId="d8e8f656-b222-2cc4-39e9-933e25cf137d" executionId="bfb7be90-fe97-4410-b0ab-01416327691e" testListId="8c84fa94-04c1-424b-9868-57a2d4851a1d" />
    <TestEntry testId="36d06b84-6e04-11a0-210f-b3c13e89dcf3" executionId="502af130-234e-4669-9375-20ba52dd6666" testListId="8c84fa94-04c1-424b-9868-57a2d4851a1d" />
    <TestEntry testId="8088e513-e412-9622-3f7a-f9562ac3bf34" executionId="2413e934-d3d9-4312-8b48-e66df32dbd60" testListId="8c84fa94-04c1-424b-9868-57a2d4851a1d" />
    <TestEntry testId="bbaa2134-d544-d4f3-8422-7acb5b3b93cd" executionId="c4d34b0b-584f-47dc-9f8a-64cb377e0454" testListId="8c84fa94-04c1-424b-9868-57a2d4851a1d" />
    <TestEntry testId="68579825-3ce7-f903-dde4-dce9eb6ac251" executionId="009cc93c-528e-4de5-8717-6a2e6c045ec9" testListId="8c84fa94-04c1-424b-9868-57a2d4851a1d" />
    <TestEntry testId="a3e51ec7-b3af-413f-6ae4-8f1fbff3734c" executionId="fc8f605e-4275-4c32-98cd-553ecb8b3bcc" testListId="8c84fa94-04c1-424b-9868-57a2d4851a1d" />
    <TestEntry testId="ea2246a3-0287-0891-9a82-a77b59c13d14" executionId="b37b370c-230c-4fdb-ae89-5745ad78c953" testListId="8c84fa94-04c1-424b-9868-57a2d4851a1d" />
    <TestEntry testId="dbd63457-4988-d550-ab86-9da65e8ef0c1" executionId="eeae14df-4cb6-442d-9aa9-8e1f31365d1a" testListId="8c84fa94-04c1-424b-9868-57a2d4851a1d" />
    <TestEntry testId="c8272ceb-7748-0664-e2e5-41dcf83b5568" executionId="05b11e92-5a31-49e7-9053-100ed0d3d297" testListId="8c84fa94-04c1-424b-9868-57a2d4851a1d" />
    <TestEntry testId="55b32a28-7140-7866-dfb0-7fc53d5705bd" executionId="a8f58dcb-47d9-48a7-be15-ee2f9fa1e793" testListId="8c84fa94-04c1-424b-9868-57a2d4851a1d" />
    <TestEntry testId="74a6c389-14e7-9d6b-b263-f485828c30bc" executionId="db48d867-4e75-4b00-8f83-01309321e033" testListId="8c84fa94-04c1-424b-9868-57a2d4851a1d" />
    <TestEntry testId="976057f5-1513-1aff-d45f-402de7473011" executionId="4cbbc886-7c09-4169-8715-3fdebd08f021" testListId="8c84fa94-04c1-424b-9868-57a2d4851a1d" />
    <TestEntry testId="c76b7fd5-7ff2-176d-1cad-f31aaca9e9dd" executionId="df5132e3-4c31-46d0-9332-dcf6a1fdca58" testListId="8c84fa94-04c1-424b-9868-57a2d4851a1d" />
    <TestEntry testId="cbc7773d-8c1a-833d-6ca3-5c12e4916814" executionId="72a0331a-40a0-4e1f-99a6-21571fea2017" testListId="8c84fa94-04c1-424b-9868-57a2d4851a1d" />
    <TestEntry testId="cbbfbcf5-4e99-ab8a-4aab-1b6e30b711ff" executionId="c6008b63-3043-4a3a-ba82-50c38ca944de" testListId="8c84fa94-04c1-424b-9868-57a2d4851a1d" />
    <TestEntry testId="754e506c-648d-4410-32f3-1251243899e1" executionId="f3b72c77-6184-4999-857c-9c9370c4781b" testListId="8c84fa94-04c1-424b-9868-57a2d4851a1d" />
    <TestEntry testId="c53f3266-96ab-10cf-e5cd-8a310b3ac046" executionId="b5c905e4-0440-4e1c-961f-9a2a0d79e428" testListId="8c84fa94-04c1-424b-9868-57a2d4851a1d" />
    <TestEntry testId="f8a3be77-6b3e-6488-6197-4edc60313224" executionId="29f95722-a3da-4948-806b-8c53aa536af1" testListId="8c84fa94-04c1-424b-9868-57a2d4851a1d" />
    <TestEntry testId="67f50d33-f9fe-c18c-8531-02094f7b4272" executionId="e55f8327-87b6-467d-b361-aa4b0d1c20a9" testListId="8c84fa94-04c1-424b-9868-57a2d4851a1d" />
    <TestEntry testId="46b3c2ba-8592-31fb-7b9f-4c21bb30a437" executionId="63860acd-7f57-442f-84e7-0e38fbdc1b11" testListId="8c84fa94-04c1-424b-9868-57a2d4851a1d" />
    <TestEntry testId="4fb15a10-7dd6-baa4-3513-dbaf2feafd3d" executionId="2b9ab342-9bfa-46fc-baa6-41612a9d7e5d" testListId="8c84fa94-04c1-424b-9868-57a2d4851a1d" />
    <TestEntry testId="0d429cb4-e725-1d4d-9793-815570156f76" executionId="ff83a443-043e-41fa-bc0e-0ffb791d18ed" testListId="8c84fa94-04c1-424b-9868-57a2d4851a1d" />
    <TestEntry testId="83fa4b30-418d-4d63-8b7e-e52905edc26b" executionId="1a103131-1f41-443f-bc4c-ef79d2723938" testListId="8c84fa94-04c1-424b-9868-57a2d4851a1d" />
    <TestEntry testId="fbd963d5-8fdc-5f98-443c-7fe2f17bd0bf" executionId="be300391-0092-44a5-9b1b-783669671e33" testListId="8c84fa94-04c1-424b-9868-57a2d4851a1d" />
    <TestEntry testId="19627d26-5122-0b52-adb2-09b422d28326" executionId="3f3d773a-60b4-4484-95b3-8bb21f4bd507" testListId="8c84fa94-04c1-424b-9868-57a2d4851a1d" />
    <TestEntry testId="e1d56f19-7b37-5b0e-97d0-17752542f126" executionId="b728532e-9c7a-4f04-a6f7-389d325b14e3" testListId="8c84fa94-04c1-424b-9868-57a2d4851a1d" />
    <TestEntry testId="eefcfbfe-2cc7-633f-f32b-37bc1f1a9241" executionId="e0c504aa-f60d-4b9c-a523-811228d44f49" testListId="8c84fa94-04c1-424b-9868-57a2d4851a1d" />
    <TestEntry testId="23245aba-b4e7-6be0-6324-0c727122f8a0" executionId="f281b540-e032-48fb-a6c9-ee5a8f6f4523" testListId="8c84fa94-04c1-424b-9868-57a2d4851a1d" />
    <TestEntry testId="77ddda33-f5c0-0546-2603-cfcb62b8c11e" executionId="9830fc7b-af87-4d32-b836-aa6501b4d7d5" testListId="8c84fa94-04c1-424b-9868-57a2d4851a1d" />
    <TestEntry testId="6327abf2-47ef-c94a-62f6-39014c1d6551" executionId="91b80874-f1b6-4f11-80ee-15060012a405" testListId="8c84fa94-04c1-424b-9868-57a2d4851a1d" />
    <TestEntry testId="37aeb74d-1afe-d731-1e29-c7cb0e4a1451" executionId="95c8759d-69e6-43eb-bc33-b24c9fc6d17c" testListId="8c84fa94-04c1-424b-9868-57a2d4851a1d" />
    <TestEntry testId="2be44ee8-b70c-9a27-4d16-5b0b81c74ea0" executionId="93535e6b-b715-44e5-bc60-d00b448ab040" testListId="8c84fa94-04c1-424b-9868-57a2d4851a1d" />
    <TestEntry testId="2088a3e1-2a27-b1c6-9758-fcf8e948fdef" executionId="66228249-9f2d-44f5-8303-e810f62c2d7f" testListId="8c84fa94-04c1-424b-9868-57a2d4851a1d" />
    <TestEntry testId="d09196e4-8c5a-dacd-765d-46b96285d752" executionId="e97f782a-75c9-47a5-ae45-bc1ad327f0d2" testListId="8c84fa94-04c1-424b-9868-57a2d4851a1d" />
    <TestEntry testId="fe7ac19d-dd0b-cf43-1f4b-31ffc8d755d1" executionId="474c8c05-efb5-4e5e-8a8f-2899f0113bbe" testListId="8c84fa94-04c1-424b-9868-57a2d4851a1d" />
    <TestEntry testId="04e5087f-2ef0-9da2-f073-772468eea701" executionId="a769a57f-d342-4236-b156-db9f6131e023" testListId="8c84fa94-04c1-424b-9868-57a2d4851a1d" />
    <TestEntry testId="ed95c627-45e9-fe1d-df08-c1d1d5ed2b3c" executionId="e55d6681-90fc-4645-a900-593aafa85381" testListId="8c84fa94-04c1-424b-9868-57a2d4851a1d" />
    <TestEntry testId="57d5351e-89a1-88f5-047f-ba6226dd4f1e" executionId="644028b8-40c0-4b70-81bc-afc01b121c9d" testListId="8c84fa94-04c1-424b-9868-57a2d4851a1d" />
    <TestEntry testId="3a43e3a5-dc7c-a35b-7191-ecd99bb582dd" executionId="3248fb21-fbc9-4722-81f1-4b3153e4252d" testListId="8c84fa94-04c1-424b-9868-57a2d4851a1d" />
    <TestEntry testId="bf05b4b4-c19c-b14e-83f2-8776361847ab" executionId="ba4c5ab2-3ac2-422d-b41e-40d3d25f9baa" testListId="8c84fa94-04c1-424b-9868-57a2d4851a1d" />
    <TestEntry testId="b44a823b-fb1a-dc2e-eaad-b63c00487d51" executionId="43e87b88-8b2c-4cc2-bf83-d31fbd869e49" testListId="8c84fa94-04c1-424b-9868-57a2d4851a1d" />
    <TestEntry testId="ca6333b1-aef7-00b3-7099-87181c2d9eba" executionId="96c90d5e-5bfd-4758-8ce6-9b529fcfdba7" testListId="8c84fa94-04c1-424b-9868-57a2d4851a1d" />
    <TestEntry testId="b59fa0d8-acfb-5e6f-7f65-1cf2b7e27e0c" executionId="6f892545-0486-4ff6-8052-aad95f07ad52" testListId="8c84fa94-04c1-424b-9868-57a2d4851a1d" />
    <TestEntry testId="b2b1ba78-012d-1497-f263-b8a991c11e87" executionId="22313bc7-0e2a-412e-a6e2-6c90c9de1a0e" testListId="8c84fa94-04c1-424b-9868-57a2d4851a1d" />
    <TestEntry testId="34abb1af-94d9-b22a-918b-1feb9ac89d01" executionId="75ef1769-ce02-4e8f-bd59-c77ec4bd2821" testListId="8c84fa94-04c1-424b-9868-57a2d4851a1d" />
    <TestEntry testId="c581f042-8783-656a-7359-34518f36fa24" executionId="53be8e48-0d56-4643-a215-445931858458" testListId="8c84fa94-04c1-424b-9868-57a2d4851a1d" />
    <TestEntry testId="ff154841-f4c4-3ae0-7856-0ff67226c34e" executionId="de7e2df7-3299-4040-83c9-e58ed02c56b4" testListId="8c84fa94-04c1-424b-9868-57a2d4851a1d" />
    <TestEntry testId="8ecb1ccf-0577-96a8-8ef7-6f2811a19468" executionId="7f5a76b3-075e-4957-9a62-99be7f4f882f" testListId="8c84fa94-04c1-424b-9868-57a2d4851a1d" />
    <TestEntry testId="10d3ef1e-8924-2082-95c4-3c39faea2647" executionId="50fed375-5a6b-452e-bc57-fb79384280a0" testListId="8c84fa94-04c1-424b-9868-57a2d4851a1d" />
    <TestEntry testId="7ed2c8a0-7d63-5145-26da-2e020b07f7d6" executionId="ed8d2b3c-6825-47b9-9980-9b0c89d6e860" testListId="8c84fa94-04c1-424b-9868-57a2d4851a1d" />
    <TestEntry testId="ebfd92fd-e95f-c858-6e96-50164aa07333" executionId="c8ac2c43-902e-4bd0-a455-0957582394aa" testListId="8c84fa94-04c1-424b-9868-57a2d4851a1d" />
    <TestEntry testId="b858c712-c485-b294-8c44-8fde7e544397" executionId="aedba2cb-d5c6-4e44-9f83-2a350c1f1a5d" testListId="8c84fa94-04c1-424b-9868-57a2d4851a1d" />
    <TestEntry testId="5779e282-5f15-b356-3ba1-d082a48628f1" executionId="5e89e9d4-46ef-4edd-b89d-1e3ca6703b71" testListId="8c84fa94-04c1-424b-9868-57a2d4851a1d" />
    <TestEntry testId="ef21dcdc-7a4c-1a08-c883-d07825afb5e5" executionId="e2d3b558-6090-4ce8-ba67-a5839020be38" testListId="8c84fa94-04c1-424b-9868-57a2d4851a1d" />
  </TestEntries>
  <TestLists>
    <TestList name="Results Not in a List" id="8c84fa94-04c1-424b-9868-57a2d4851a1d" />
    <TestList name="All Loaded Results" id="19431567-8539-422a-85d7-44ee4e166bda" />
  </TestLists>
  <ResultSummary outcome="Failed">
    <Counters total="835" executed="835" passed="820" failed="15" error="0" timeout="0" aborted="0" inconclusive="0" passedButRunAborted="0" notRunnable="0" notExecuted="0" disconnected="0" warning="0" completed="0" inProgress="0" pending="0" />
    <Output>
      <StdOut>[xUnit.net 00:00:00.00] xUnit.net VSTest Adapter v2.5.4.1+b9eacec401 (64-bit .NET 9.0.6)
[xUnit.net 00:00:00.24]   Discovering: ClickUp.Api.Client.Tests
[xUnit.net 00:00:00.62]   Discovered:  ClickUp.Api.Client.Tests
[xUnit.net 00:00:00.63]   Starting:    ClickUp.Api.Client.Tests
[xUnit.net 00:00:00.98]       System.InvalidOperationException : API returned null or no user for GetAuthorizedUserAsync.
[xUnit.net 00:00:00.98]       Stack Trace:
[xUnit.net 00:00:00.98]         /app/src/ClickUp.Api.Client/Services/AuthorizationService.cs(59,0): at ClickUp.Api.Client.Services.AuthorizationService.GetAuthorizedUserAsync(CancellationToken cancellationToken)
[xUnit.net 00:00:00.98]         /app/src/ClickUp.Api.Client.Tests/ServiceTests/AuthorizationServiceTests.cs(150,0): at ClickUp.Api.Client.Tests.ServiceTests.AuthorizationServiceTests.GetAuthorizedUserAsync_ApiConnectionResponseHasNullUser_ReturnsNull()
[xUnit.net 00:00:00.98]         --- End of stack trace from previous location ---
[xUnit.net 00:00:00.98]       Assert.Throws() Failure: No exception was thrown
[xUnit.net 00:00:00.98]       Expected: typeof(System.InvalidOperationException)
[xUnit.net 00:00:00.98]       Stack Trace:
[xUnit.net 00:00:00.98]         /app/src/ClickUp.Api.Client.Tests/ServiceTests/ViewsServiceTests.cs(210,0): at ClickUp.Api.Client.Tests.ServiceTests.ViewsServiceTests.GetListViewsAsync_ApiReturnsNull_ThrowsInvalidOperationException()
[xUnit.net 00:00:00.98]         --- End of stack trace from previous location ---
[xUnit.net 00:00:00.98]       Assert.Throws() Failure: No exception was thrown
[xUnit.net 00:00:00.98]       Expected: typeof(System.InvalidOperationException)
[xUnit.net 00:00:00.98]       Stack Trace:
[xUnit.net 00:00:00.98]         /app/src/ClickUp.Api.Client.Tests/ServiceTests/ViewsServiceTests.cs(98,0): at ClickUp.Api.Client.Tests.ServiceTests.ViewsServiceTests.GetWorkspaceViewsAsync_ApiReturnsNull_ThrowsInvalidOperationException()
[xUnit.net 00:00:00.98]         --- End of stack trace from previous location ---
[xUnit.net 00:00:00.99]       System.InvalidOperationException : API returned null or no workspaces for GetAuthorizedWorkspacesAsync.
[xUnit.net 00:00:00.99]       Stack Trace:
[xUnit.net 00:00:00.99]         /app/src/ClickUp.Api.Client/Services/AuthorizationService.cs(69,0): at ClickUp.Api.Client.Services.AuthorizationService.GetAuthorizedWorkspacesAsync(CancellationToken cancellationToken)
[xUnit.net 00:00:00.99]         /app/src/ClickUp.Api.Client.Tests/ServiceTests/AuthorizationServiceTests.cs(225,0): at ClickUp.Api.Client.Tests.ServiceTests.AuthorizationServiceTests.GetAuthorizedWorkspacesAsync_ApiConnectionResponseHasNullWorkspaces_ReturnsNull()
[xUnit.net 00:00:00.99]         --- End of stack trace from previous location ---
[xUnit.net 00:00:01.00]       Assert.Throws() Failure: No exception was thrown
[xUnit.net 00:00:01.00]       Expected: typeof(System.InvalidOperationException)
[xUnit.net 00:00:01.00]       Stack Trace:
[xUnit.net 00:00:01.00]         /app/src/ClickUp.Api.Client.Tests/ServiceTests/ViewsServiceTests.cs(183,0): at ClickUp.Api.Client.Tests.ServiceTests.ViewsServiceTests.GetFolderViewsAsync_ApiReturnsNull_ThrowsInvalidOperationException()
[xUnit.net 00:00:01.00]         --- End of stack trace from previous location ---
[xUnit.net 00:00:01.04]       Assert.Throws() Failure: No exception was thrown
[xUnit.net 00:00:01.04]       Expected: typeof(System.InvalidOperationException)
[xUnit.net 00:00:01.04]       Stack Trace:
[xUnit.net 00:00:01.04]         /app/src/ClickUp.Api.Client.Tests/ServiceTests/ViewsServiceTests.cs(125,0): at ClickUp.Api.Client.Tests.ServiceTests.ViewsServiceTests.GetSpaceViewsAsync_ApiReturnsNull_ThrowsInvalidOperationException()
[xUnit.net 00:00:01.04]         --- End of stack trace from previous location ---
[xUnit.net 00:00:01.44]       Assert.NotNull() Failure: Value is null
[xUnit.net 00:00:01.44]       Stack Trace:
[xUnit.net 00:00:01.44]         /app/src/ClickUp.Api.Client.Tests/ServiceTests/ChatServiceTests.cs(226,0): at ClickUp.Api.Client.Tests.ServiceTests.ChatServiceTests.GetChatChannelsAsync_NullDataInResponse_ThrowsInvalidOperationException()
[xUnit.net 00:00:01.44]         --- End of stack trace from previous location ---
[xUnit.net 00:00:01.48]       Moq.MockException :
[xUnit.net 00:00:01.48]       Expected invocation on the mock once, but was 0 times: c =&gt; c.GetAsync&lt;ClickUpV3DataResponse&lt;Doc&gt;&gt;("v3/workspaces/ws_get_doc/docs/doc_get_valid", It.IsAny&lt;CancellationToken&gt;())
[xUnit.net 00:00:01.48]
[xUnit.net 00:00:01.48]       Performed invocations:
[xUnit.net 00:00:01.48]
[xUnit.net 00:00:01.48]          Mock&lt;IApiConnection:324&gt; (c):
[xUnit.net 00:00:01.48]
[xUnit.net 00:00:01.48]             IApiConnection.GetAsync&lt;ClickUpV3DataResponse&lt;Doc&gt;&gt;("/v3/workspaces/ws_get_doc/docs/doc_get_valid", CancellationToken)
[xUnit.net 00:00:01.48]
[xUnit.net 00:00:01.48]       Stack Trace:
[xUnit.net 00:00:01.48]         /_/src/Moq/Mock.cs(331,0): at Moq.Mock.Verify(Mock mock, LambdaExpression expression, Times times, String failMessage)
[xUnit.net 00:00:01.48]         /_/src/Moq/Mock`1.cs(1033,0): at Moq.Mock`1.Verify[TResult](Expression`1 expression, Func`1 times)
[xUnit.net 00:00:01.48]         /app/src/ClickUp.Api.Client.Tests/ServiceTests/DocsServiceTests.cs(160,0): at ClickUp.Api.Client.Tests.ServiceTests.DocsServiceTests.GetDocAsync_ValidRequest_ReturnsDoc()
[xUnit.net 00:00:01.48]         --- End of stack trace from previous location ---
[xUnit.net 00:00:01.64]       Assert.Throws() Failure: No exception was thrown
[xUnit.net 00:00:01.64]       Expected: typeof(System.InvalidOperationException)
[xUnit.net 00:00:01.64]       Stack Trace:
[xUnit.net 00:00:01.64]         /app/src/ClickUp.Api.Client.Tests/ServiceTests/TemplatesServiceTests.cs(102,0): at ClickUp.Api.Client.Tests.ServiceTests.TemplatesServiceTests.GetTaskTemplatesAsync_ApiReturnsNullResponse_ThrowsInvalidOperationException()
[xUnit.net 00:00:01.64]         --- End of stack trace from previous location ---
[xUnit.net 00:00:01.84]       System.InvalidOperationException : ClickUp API PersonalAccessToken not configured for integration tests. Set via User Secrets (e.g., 'ClickUpApi:PersonalAccessToken') or Environment Variables (e.g., 'ClickUpApi__PersonalAccessToken').
[xUnit.net 00:00:01.84]       Stack Trace:
[xUnit.net 00:00:01.84]         /app/src/ClickUp.Api.Client.Tests/Integration/IntegrationTestBase.cs(28,0): at ClickUp.Api.Client.Tests.Integration.IntegrationTestBase..ctor()
[xUnit.net 00:00:01.84]         /app/src/ClickUp.Api.Client.Tests/Integration/AuthorizationServiceIntegrationTests.cs(19,0): at ClickUp.Api.Client.Tests.Integration.AuthorizationServiceIntegrationTests..ctor(ITestOutputHelper output)
[xUnit.net 00:00:01.84]            at System.RuntimeMethodHandle.InvokeMethod(Object target, Void** arguments, Signature sig, Boolean isConstructor)
[xUnit.net 00:00:01.84]            at System.Reflection.MethodBaseInvoker.InvokeDirectByRefWithFewArgs(Object obj, Span`1 copyOfArgs, BindingFlags invokeAttr)
[xUnit.net 00:00:01.85]       System.InvalidOperationException : ClickUp API PersonalAccessToken not configured for integration tests. Set via User Secrets (e.g., 'ClickUpApi:PersonalAccessToken') or Environment Variables (e.g., 'ClickUpApi__PersonalAccessToken').
[xUnit.net 00:00:01.85]       Stack Trace:
[xUnit.net 00:00:01.85]         /app/src/ClickUp.Api.Client.Tests/Integration/IntegrationTestBase.cs(28,0): at ClickUp.Api.Client.Tests.Integration.IntegrationTestBase..ctor()
[xUnit.net 00:00:01.85]         /app/src/ClickUp.Api.Client.Tests/Integration/AuthorizationServiceIntegrationTests.cs(19,0): at ClickUp.Api.Client.Tests.Integration.AuthorizationServiceIntegrationTests..ctor(ITestOutputHelper output)
[xUnit.net 00:00:01.85]            at InvokeStub_AuthorizationServiceIntegrationTests..ctor(Object, Span`1)
[xUnit.net 00:00:01.85]            at System.Reflection.MethodBaseInvoker.InvokeWithOneArg(Object obj, BindingFlags invokeAttr, Binder binder, Object[] parameters, CultureInfo culture)
[xUnit.net 00:00:01.85]       System.InvalidOperationException : ClickUp API PersonalAccessToken not configured for integration tests. Set via User Secrets (e.g., 'ClickUpApi:PersonalAccessToken') or Environment Variables (e.g., 'ClickUpApi__PersonalAccessToken').
[xUnit.net 00:00:01.85]       Stack Trace:
[xUnit.net 00:00:01.85]         /app/src/ClickUp.Api.Client.Tests/Integration/IntegrationTestBase.cs(28,0): at ClickUp.Api.Client.Tests.Integration.IntegrationTestBase..ctor()
[xUnit.net 00:00:01.85]         /app/src/ClickUp.Api.Client.Tests/Integration/AuthorizationServiceIntegrationTests.cs(19,0): at ClickUp.Api.Client.Tests.Integration.AuthorizationServiceIntegrationTests..ctor(ITestOutputHelper output)
[xUnit.net 00:00:01.85]            at InvokeStub_AuthorizationServiceIntegrationTests..ctor(Object, Span`1)
[xUnit.net 00:00:01.85]            at System.Reflection.MethodBaseInvoker.InvokeWithOneArg(Object obj, BindingFlags invokeAttr, Binder binder, Object[] parameters, CultureInfo culture)
[xUnit.net 00:00:02.24]       Assert.Throws() Failure: No exception was thrown
[xUnit.net 00:00:02.24]       Expected: typeof(System.OperationCanceledException)
[xUnit.net 00:00:02.24]       Stack Trace:
[xUnit.net 00:00:02.24]         /app/src/ClickUp.Api.Client.Tests/ServiceTests/ListsServiceTests.cs(1322,0): at ClickUp.Api.Client.Tests.ServiceTests.ListsServiceTests.GetFolderlessListsAsyncEnumerableAsync_HandlesCancellation()
[xUnit.net 00:00:02.24]         --- End of stack trace from previous location ---
[xUnit.net 00:00:02.28]       Assert.Throws() Failure: No exception was thrown
[xUnit.net 00:00:02.28]       Expected: typeof(System.OperationCanceledException)
[xUnit.net 00:00:02.28]       Stack Trace:
[xUnit.net 00:00:02.28]         /app/src/ClickUp.Api.Client.Tests/ServiceTests/TimeTrackingServiceTests.cs(1867,0): at ClickUp.Api.Client.Tests.ServiceTests.TimeTrackingServiceTests.GetTimeEntriesAsyncEnumerableAsync_HandlesCancellation()
[xUnit.net 00:00:02.28]         --- End of stack trace from previous location ---
[xUnit.net 00:00:02.38]       System.NullReferenceException : Object reference not set to an instance of an object.
[xUnit.net 00:00:02.38]       Stack Trace:
[xUnit.net 00:00:02.38]         /app/src/ClickUp.Api.Client/Services/TimeTrackingService.cs(440,0): at ClickUp.Api.Client.Services.TimeTrackingService.GetTimeEntriesAsyncEnumerableAsync(String workspaceId, GetTimeEntriesRequest request, CancellationToken cancellationToken)+MoveNext()
[xUnit.net 00:00:02.38]            at ClickUp.Api.Client.Services.TimeTrackingService.GetTimeEntriesAsyncEnumerableAsync(String workspaceId, GetTimeEntriesRequest request, CancellationToken cancellationToken)+System.Threading.Tasks.Sources.IValueTaskSource&lt;System.Boolean&gt;.GetResult()
[xUnit.net 00:00:02.38]         /app/src/ClickUp.Api.Client.Tests/ServiceTests/TimeTrackingServiceTests.cs(1772,0): at ClickUp.Api.Client.Tests.ServiceTests.TimeTrackingServiceTests.GetTimeEntriesAsyncEnumerableAsync_ReturnsAllEntries_WhenMultiplePages()
[xUnit.net 00:00:02.38]         /app/src/ClickUp.Api.Client.Tests/ServiceTests/TimeTrackingServiceTests.cs(1772,0): at ClickUp.Api.Client.Tests.ServiceTests.TimeTrackingServiceTests.GetTimeEntriesAsyncEnumerableAsync_ReturnsAllEntries_WhenMultiplePages()
[xUnit.net 00:00:02.38]         --- End of stack trace from previous location ---
[xUnit.net 00:00:02.45]   Finished:    ClickUp.Api.Client.Tests
</StdOut>
    </Output>
    <RunInfos>
      <RunInfo computerName="devbox" outcome="Error" timestamp="2025-06-23T16:17:45.2894960+00:00">
        <Text>[xUnit.net 00:00:00.98]     ClickUp.Api.Client.Tests.ServiceTests.AuthorizationServiceTests.GetAuthorizedUserAsync_ApiConnectionResponseHasNullUser_ReturnsNull [FAIL]</Text>
      </RunInfo>
      <RunInfo computerName="devbox" outcome="Error" timestamp="2025-06-23T16:17:45.2911286+00:00">
        <Text>[xUnit.net 00:00:00.98]     ClickUp.Api.Client.Tests.ServiceTests.ViewsServiceTests.GetListViewsAsync_ApiReturnsNull_ThrowsInvalidOperationException [FAIL]</Text>
      </RunInfo>
      <RunInfo computerName="devbox" outcome="Error" timestamp="2025-06-23T16:17:45.2913927+00:00">
        <Text>[xUnit.net 00:00:00.98]     ClickUp.Api.Client.Tests.ServiceTests.ViewsServiceTests.GetWorkspaceViewsAsync_ApiReturnsNull_ThrowsInvalidOperationException [FAIL]</Text>
      </RunInfo>
      <RunInfo computerName="devbox" outcome="Error" timestamp="2025-06-23T16:17:45.2937566+00:00">
        <Text>[xUnit.net 00:00:00.99]     ClickUp.Api.Client.Tests.ServiceTests.AuthorizationServiceTests.GetAuthorizedWorkspacesAsync_ApiConnectionResponseHasNullWorkspaces_ReturnsNull [FAIL]</Text>
      </RunInfo>
      <RunInfo computerName="devbox" outcome="Error" timestamp="2025-06-23T16:17:45.2979871+00:00">
        <Text>[xUnit.net 00:00:01.00]     ClickUp.Api.Client.Tests.ServiceTests.ViewsServiceTests.GetFolderViewsAsync_ApiReturnsNull_ThrowsInvalidOperationException [FAIL]</Text>
      </RunInfo>
      <RunInfo computerName="devbox" outcome="Error" timestamp="2025-06-23T16:17:45.3029293+00:00">
        <Text>[xUnit.net 00:00:01.04]     ClickUp.Api.Client.Tests.ServiceTests.ViewsServiceTests.GetSpaceViewsAsync_ApiReturnsNull_ThrowsInvalidOperationException [FAIL]</Text>
      </RunInfo>
      <RunInfo computerName="devbox" outcome="Error" timestamp="2025-06-23T16:17:45.6997597+00:00">
        <Text>[xUnit.net 00:00:01.44]     ClickUp.Api.Client.Tests.ServiceTests.ChatServiceTests.GetChatChannelsAsync_NullDataInResponse_ThrowsInvalidOperationException [FAIL]</Text>
      </RunInfo>
      <RunInfo computerName="devbox" outcome="Error" timestamp="2025-06-23T16:17:45.7454321+00:00">
        <Text>[xUnit.net 00:00:01.48]     ClickUp.Api.Client.Tests.ServiceTests.DocsServiceTests.GetDocAsync_ValidRequest_ReturnsDoc [FAIL]</Text>
      </RunInfo>
      <RunInfo computerName="devbox" outcome="Error" timestamp="2025-06-23T16:17:45.8969487+00:00">
        <Text>[xUnit.net 00:00:01.64]     ClickUp.Api.Client.Tests.ServiceTests.TemplatesServiceTests.GetTaskTemplatesAsync_ApiReturnsNullResponse_ThrowsInvalidOperationException [FAIL]</Text>
      </RunInfo>
      <RunInfo computerName="devbox" outcome="Error" timestamp="2025-06-23T16:17:46.1269459+00:00">
        <Text>[xUnit.net 00:00:01.84]     ClickUp.Api.Client.Tests.Integration.AuthorizationServiceIntegrationTests.GetAuthorizedWorkspacesAsync_WithValidToken_ReturnsWorkspaces [FAIL]</Text>
      </RunInfo>
      <RunInfo computerName="devbox" outcome="Error" timestamp="2025-06-23T16:17:46.1359977+00:00">
        <Text>[xUnit.net 00:00:01.85]     ClickUp.Api.Client.Tests.Integration.AuthorizationServiceIntegrationTests.GetAuthorizedUserAsync_WithInvalidToken_ThrowsClickUpApiAuthenticationException [FAIL]</Text>
      </RunInfo>
      <RunInfo computerName="devbox" outcome="Error" timestamp="2025-06-23T16:17:46.1361394+00:00">
        <Text>[xUnit.net 00:00:01.85]     ClickUp.Api.Client.Tests.Integration.AuthorizationServiceIntegrationTests.GetAuthorizedUserAsync_WithValidToken_ReturnsUser [FAIL]</Text>
      </RunInfo>
      <RunInfo computerName="devbox" outcome="Error" timestamp="2025-06-23T16:17:46.4973834+00:00">
        <Text>[xUnit.net 00:00:02.24]     ClickUp.Api.Client.Tests.ServiceTests.ListsServiceTests.GetFolderlessListsAsyncEnumerableAsync_HandlesCancellation [FAIL]</Text>
      </RunInfo>
      <RunInfo computerName="devbox" outcome="Error" timestamp="2025-06-23T16:17:46.5369658+00:00">
        <Text>[xUnit.net 00:00:02.28]     ClickUp.Api.Client.Tests.ServiceTests.TimeTrackingServiceTests.GetTimeEntriesAsyncEnumerableAsync_HandlesCancellation [FAIL]</Text>
      </RunInfo>
      <RunInfo computerName="devbox" outcome="Error" timestamp="2025-06-23T16:17:46.6360966+00:00">
        <Text>[xUnit.net 00:00:02.38]     ClickUp.Api.Client.Tests.ServiceTests.TimeTrackingServiceTests.GetTimeEntriesAsyncEnumerableAsync_ReturnsAllEntries_WhenMultiplePages [FAIL]</Text>
      </RunInfo>
    </RunInfos>
  </ResultSummary>
</TestRun>